[2023-04-29T03:48:36.196+0000] {taskinstance.py:1090} INFO - Dependencies all met for dep_context=non-requeueable deps ti=<TaskInstance: spark-example.sql_job scheduled__2023-04-27T00:00:00+00:00 [queued]>
[2023-04-29T03:48:36.207+0000] {taskinstance.py:1090} INFO - Dependencies all met for dep_context=requeueable deps ti=<TaskInstance: spark-example.sql_job scheduled__2023-04-27T00:00:00+00:00 [queued]>
[2023-04-29T03:48:36.207+0000] {taskinstance.py:1288} INFO - 
--------------------------------------------------------------------------------
[2023-04-29T03:48:36.207+0000] {taskinstance.py:1289} INFO - Starting attempt 2 of 2
[2023-04-29T03:48:36.207+0000] {taskinstance.py:1290} INFO - 
--------------------------------------------------------------------------------
[2023-04-29T03:48:36.229+0000] {taskinstance.py:1309} INFO - Executing <Task(SparkSqlOperator): sql_job> on 2023-04-27 00:00:00+00:00
[2023-04-29T03:48:36.235+0000] {standard_task_runner.py:55} INFO - Started process 298 to run task
[2023-04-29T03:48:36.242+0000] {standard_task_runner.py:82} INFO - Running: ['***', 'tasks', 'run', 'spark-example', 'sql_job', 'scheduled__2023-04-27T00:00:00+00:00', '--job-id', '33', '--raw', '--subdir', 'DAGS_FOLDER/spark-example.py', '--cfg-path', '/tmp/tmpj7le_1h1']
[2023-04-29T03:48:36.245+0000] {standard_task_runner.py:83} INFO - Job 33: Subtask sql_job
[2023-04-29T03:48:36.333+0000] {task_command.py:389} INFO - Running <TaskInstance: spark-example.sql_job scheduled__2023-04-27T00:00:00+00:00 [running]> on host e7d036b7a150
[2023-04-29T03:48:36.438+0000] {taskinstance.py:1518} INFO - Exporting the following env vars:
AIRFLOW_CTX_DAG_OWNER=***
AIRFLOW_CTX_DAG_ID=spark-example
AIRFLOW_CTX_TASK_ID=sql_job
AIRFLOW_CTX_EXECUTION_DATE=2023-04-27T00:00:00+00:00
AIRFLOW_CTX_TRY_NUMBER=2
AIRFLOW_CTX_DAG_RUN_ID=scheduled__2023-04-27T00:00:00+00:00
[2023-04-29T03:48:36.647+0000] {spark_sql.py:177} INFO - /home/***/.local/lib/python3.7/site-packages/pyspark/bin/load-spark-env.sh: line 68: ps: command not found

[2023-04-29T03:48:39.854+0000] {spark_sql.py:177} INFO - Using properties file: null

[2023-04-29T03:48:40.190+0000] {spark_sql.py:177} INFO - Parsed arguments:

[2023-04-29T03:48:40.191+0000] {spark_sql.py:177} INFO -   master                  local

[2023-04-29T03:48:40.191+0000] {spark_sql.py:177} INFO -   remote                  null

[2023-04-29T03:48:40.191+0000] {spark_sql.py:177} INFO -   deployMode              null

[2023-04-29T03:48:40.191+0000] {spark_sql.py:177} INFO -   executorMemory          null

[2023-04-29T03:48:40.191+0000] {spark_sql.py:177} INFO -   executorCores           null

[2023-04-29T03:48:40.191+0000] {spark_sql.py:177} INFO -   totalExecutorCores      null

[2023-04-29T03:48:40.191+0000] {spark_sql.py:177} INFO -   propertiesFile          null

[2023-04-29T03:48:40.192+0000] {spark_sql.py:177} INFO -   driverMemory            null

[2023-04-29T03:48:40.192+0000] {spark_sql.py:177} INFO -   driverCores             null

[2023-04-29T03:48:40.192+0000] {spark_sql.py:177} INFO -   driverExtraClassPath    null

[2023-04-29T03:48:40.192+0000] {spark_sql.py:177} INFO -   driverExtraLibraryPath  null

[2023-04-29T03:48:40.192+0000] {spark_sql.py:177} INFO -   driverExtraJavaOptions  null

[2023-04-29T03:48:40.192+0000] {spark_sql.py:177} INFO -   supervise               false

[2023-04-29T03:48:40.192+0000] {spark_sql.py:177} INFO -   queue                   default

[2023-04-29T03:48:40.192+0000] {spark_sql.py:177} INFO -   numExecutors            null

[2023-04-29T03:48:40.192+0000] {spark_sql.py:177} INFO -   files                   null

[2023-04-29T03:48:40.193+0000] {spark_sql.py:177} INFO -   pyFiles                 null

[2023-04-29T03:48:40.193+0000] {spark_sql.py:177} INFO -   archives                null

[2023-04-29T03:48:40.193+0000] {spark_sql.py:177} INFO -   mainClass               org.apache.spark.sql.hive.thriftserver.SparkSQLCLIDriver

[2023-04-29T03:48:40.193+0000] {spark_sql.py:177} INFO -   primaryResource         spark-internal

[2023-04-29T03:48:40.193+0000] {spark_sql.py:177} INFO -   name                    default-name

[2023-04-29T03:48:40.193+0000] {spark_sql.py:177} INFO -   childArgs               [-e select 1+1]

[2023-04-29T03:48:40.193+0000] {spark_sql.py:177} INFO -   jars                    null

[2023-04-29T03:48:40.193+0000] {spark_sql.py:177} INFO -   packages                null

[2023-04-29T03:48:40.194+0000] {spark_sql.py:177} INFO -   packagesExclusions      null

[2023-04-29T03:48:40.194+0000] {spark_sql.py:177} INFO -   repositories            null

[2023-04-29T03:48:40.194+0000] {spark_sql.py:177} INFO -   verbose                 true

[2023-04-29T03:48:40.194+0000] {spark_sql.py:177} INFO - 

[2023-04-29T03:48:40.194+0000] {spark_sql.py:177} INFO - Spark properties used, including those specified through

[2023-04-29T03:48:40.194+0000] {spark_sql.py:177} INFO -  --conf and those from the properties file null:

[2023-04-29T03:48:40.194+0000] {spark_sql.py:177} INFO -   

[2023-04-29T03:48:40.194+0000] {spark_sql.py:177} INFO - 

[2023-04-29T03:48:40.195+0000] {spark_sql.py:177} INFO -     

[2023-04-29T03:48:41.168+0000] {spark_sql.py:177} INFO - Main class:

[2023-04-29T03:48:41.168+0000] {spark_sql.py:177} INFO - org.apache.spark.sql.hive.thriftserver.SparkSQLCLIDriver

[2023-04-29T03:48:41.168+0000] {spark_sql.py:177} INFO - Arguments:

[2023-04-29T03:48:41.168+0000] {spark_sql.py:177} INFO - -e

[2023-04-29T03:48:41.169+0000] {spark_sql.py:177} INFO - select 1+1

[2023-04-29T03:48:41.169+0000] {spark_sql.py:177} INFO - --verbose

[2023-04-29T03:48:41.181+0000] {spark_sql.py:177} INFO - Spark config:

[2023-04-29T03:48:41.181+0000] {spark_sql.py:177} INFO - (spark.app.name,default-name)

[2023-04-29T03:48:41.181+0000] {spark_sql.py:177} INFO - (spark.app.submitTime,1682740121103)

[2023-04-29T03:48:41.182+0000] {spark_sql.py:177} INFO - (spark.jars,)

[2023-04-29T03:48:41.182+0000] {spark_sql.py:177} INFO - (spark.master,local)

[2023-04-29T03:48:41.182+0000] {spark_sql.py:177} INFO - (spark.submit.deployMode,client)

[2023-04-29T03:48:41.182+0000] {spark_sql.py:177} INFO - (spark.submit.pyFiles,)

[2023-04-29T03:48:41.182+0000] {spark_sql.py:177} INFO - Classpath elements:

[2023-04-29T03:48:41.182+0000] {spark_sql.py:177} INFO - 

[2023-04-29T03:48:41.182+0000] {spark_sql.py:177} INFO - 

[2023-04-29T03:48:41.183+0000] {spark_sql.py:177} INFO - 

[2023-04-29T03:48:41.227+0000] {spark_sql.py:177} INFO - Setting default log level to "WARN".

[2023-04-29T03:48:41.227+0000] {spark_sql.py:177} INFO - To adjust logging level use sc.setLogLevel(newLevel). For SparkR, use setLogLevel(newLevel).

[2023-04-29T03:48:41.528+0000] {spark_sql.py:177} INFO - 23/04/29 03:48:41 WARN NativeCodeLoader: Unable to load native-hadoop library for your platform... using builtin-java classes where applicable

[2023-04-29T03:48:51.641+0000] {local_task_job.py:277} WARNING - State of this instance has been externally set to None. Terminating instance.
[2023-04-29T03:48:51.703+0000] {process_utils.py:133} INFO - Sending Signals.SIGTERM to group 298. PIDs of all processes in the group: [303, 298]
[2023-04-29T03:48:51.704+0000] {process_utils.py:84} INFO - Sending the signal Signals.SIGTERM to group 298
[2023-04-29T03:48:51.706+0000] {taskinstance.py:1488} ERROR - Received SIGTERM. Terminating subprocesses.
[2023-04-29T03:48:51.711+0000] {spark_sql.py:190} INFO - Killing the Spark-Sql job
[2023-04-29T03:48:51.927+0000] {taskinstance.py:1776} ERROR - Task failed with exception
Traceback (most recent call last):
  File "/home/airflow/.local/lib/python3.7/site-packages/airflow/providers/apache/spark/operators/spark_sql.py", line 97, in execute
    self._hook.run_query()
  File "/home/airflow/.local/lib/python3.7/site-packages/airflow/providers/apache/spark/hooks/spark_sql.py", line 176, in run_query
    for line in iter(self._sp.stdout):  # type: ignore
  File "/home/airflow/.local/lib/python3.7/site-packages/airflow/models/taskinstance.py", line 1490, in signal_handler
    raise AirflowException("Task received SIGTERM signal")
airflow.exceptions.AirflowException: Task received SIGTERM signal
[2023-04-29T03:48:51.993+0000] {taskinstance.py:1332} INFO - Marking task as FAILED. dag_id=spark-example, task_id=sql_job, execution_date=20230427T000000, start_date=20230429T034836, end_date=20230429T034851
[2023-04-29T03:48:52.104+0000] {standard_task_runner.py:105} ERROR - Failed to execute job 33 for task sql_job ((psycopg2.errors.ForeignKeyViolation) insert or update on table "task_fail" violates foreign key constraint "task_fail_ti_fkey"
DETAIL:  Key (dag_id, task_id, run_id, map_index)=(spark-example, sql_job, scheduled__2023-04-27T00:00:00+00:00, -1) is not present in table "task_instance".

[SQL: INSERT INTO task_fail (task_id, dag_id, run_id, map_index, start_date, end_date, duration) VALUES (%(task_id)s, %(dag_id)s, %(run_id)s, %(map_index)s, %(start_date)s, %(end_date)s, %(duration)s) RETURNING task_fail.id]
[parameters: {'task_id': 'sql_job', 'dag_id': 'spark-example', 'run_id': 'scheduled__2023-04-27T00:00:00+00:00', 'map_index': -1, 'start_date': datetime.datetime(2023, 4, 29, 3, 48, 36, 196789, tzinfo=Timezone('UTC')), 'end_date': datetime.datetime(2023, 4, 29, 3, 48, 51, 991420, tzinfo=Timezone('UTC')), 'duration': 15}]
(Background on this error at: https://sqlalche.me/e/14/gkpj); 298)
[2023-04-29T03:48:52.204+0000] {process_utils.py:79} INFO - Process psutil.Process(pid=303, status='terminated', started='03:48:36') (303) terminated with exit code None
[2023-04-29T03:48:52.205+0000] {process_utils.py:79} INFO - Process psutil.Process(pid=298, status='terminated', exitcode=1, started='03:48:36') (298) terminated with exit code 1
