[2023-04-10T02:07:25.965+0000] {processor.py:153} INFO - Started process (PID=58) to work on /home/airflow/.local/lib/python3.7/site-packages/airflow/example_dags/example_nested_branch_dag.py
[2023-04-10T02:07:25.966+0000] {processor.py:743} INFO - Processing file /home/airflow/.local/lib/python3.7/site-packages/airflow/example_dags/example_nested_branch_dag.py for tasks to queue
[2023-04-10T02:07:25.967+0000] {logging_mixin.py:137} INFO - [2023-04-10T02:07:25.966+0000] {dagbag.py:532} INFO - Filling up the DagBag from /home/airflow/.local/lib/python3.7/site-packages/airflow/example_dags/example_nested_branch_dag.py
[2023-04-10T02:07:26.058+0000] {processor.py:753} INFO - DAG(s) dict_keys(['example_nested_branch_dag']) retrieved from /home/airflow/.local/lib/python3.7/site-packages/airflow/example_dags/example_nested_branch_dag.py
[2023-04-10T02:07:26.194+0000] {logging_mixin.py:137} INFO - [2023-04-10T02:07:26.193+0000] {dag.py:2705} INFO - Sync 1 DAGs
[2023-04-10T02:07:26.313+0000] {logging_mixin.py:137} INFO - [2023-04-10T02:07:26.313+0000] {dag.py:3456} INFO - Setting next_dagrun for example_nested_branch_dag to 2023-04-09T00:00:00+00:00, run_after=2023-04-10T00:00:00+00:00
[2023-04-10T02:07:26.444+0000] {processor.py:175} INFO - Processing /home/airflow/.local/lib/python3.7/site-packages/airflow/example_dags/example_nested_branch_dag.py took 0.489 seconds
[2023-04-10T02:07:56.931+0000] {processor.py:153} INFO - Started process (PID=109) to work on /home/airflow/.local/lib/python3.7/site-packages/airflow/example_dags/example_nested_branch_dag.py
[2023-04-10T02:07:56.938+0000] {processor.py:743} INFO - Processing file /home/airflow/.local/lib/python3.7/site-packages/airflow/example_dags/example_nested_branch_dag.py for tasks to queue
[2023-04-10T02:07:56.939+0000] {logging_mixin.py:137} INFO - [2023-04-10T02:07:56.939+0000] {dagbag.py:532} INFO - Filling up the DagBag from /home/airflow/.local/lib/python3.7/site-packages/airflow/example_dags/example_nested_branch_dag.py
[2023-04-10T02:07:56.988+0000] {processor.py:753} INFO - DAG(s) dict_keys(['example_nested_branch_dag']) retrieved from /home/airflow/.local/lib/python3.7/site-packages/airflow/example_dags/example_nested_branch_dag.py
[2023-04-10T02:07:57.110+0000] {logging_mixin.py:137} INFO - [2023-04-10T02:07:57.109+0000] {dag.py:2705} INFO - Sync 1 DAGs
[2023-04-10T02:07:57.236+0000] {logging_mixin.py:137} INFO - [2023-04-10T02:07:57.236+0000] {dag.py:3456} INFO - Setting next_dagrun for example_nested_branch_dag to 2023-04-09T00:00:00+00:00, run_after=2023-04-10T00:00:00+00:00
[2023-04-10T02:07:57.310+0000] {processor.py:175} INFO - Processing /home/airflow/.local/lib/python3.7/site-packages/airflow/example_dags/example_nested_branch_dag.py took 0.389 seconds
[2023-04-10T02:08:27.345+0000] {processor.py:153} INFO - Started process (PID=159) to work on /home/airflow/.local/lib/python3.7/site-packages/airflow/example_dags/example_nested_branch_dag.py
[2023-04-10T02:08:27.346+0000] {processor.py:743} INFO - Processing file /home/airflow/.local/lib/python3.7/site-packages/airflow/example_dags/example_nested_branch_dag.py for tasks to queue
[2023-04-10T02:08:27.347+0000] {logging_mixin.py:137} INFO - [2023-04-10T02:08:27.347+0000] {dagbag.py:532} INFO - Filling up the DagBag from /home/airflow/.local/lib/python3.7/site-packages/airflow/example_dags/example_nested_branch_dag.py
[2023-04-10T02:08:27.383+0000] {processor.py:753} INFO - DAG(s) dict_keys(['example_nested_branch_dag']) retrieved from /home/airflow/.local/lib/python3.7/site-packages/airflow/example_dags/example_nested_branch_dag.py
[2023-04-10T02:08:27.422+0000] {logging_mixin.py:137} INFO - [2023-04-10T02:08:27.421+0000] {dag.py:2705} INFO - Sync 1 DAGs
[2023-04-10T02:08:27.462+0000] {logging_mixin.py:137} INFO - [2023-04-10T02:08:27.462+0000] {dag.py:3456} INFO - Setting next_dagrun for example_nested_branch_dag to 2023-04-09T00:00:00+00:00, run_after=2023-04-10T00:00:00+00:00
[2023-04-10T02:08:27.487+0000] {processor.py:175} INFO - Processing /home/airflow/.local/lib/python3.7/site-packages/airflow/example_dags/example_nested_branch_dag.py took 0.146 seconds
[2023-04-10T02:08:57.625+0000] {processor.py:153} INFO - Started process (PID=209) to work on /home/airflow/.local/lib/python3.7/site-packages/airflow/example_dags/example_nested_branch_dag.py
[2023-04-10T02:08:57.626+0000] {processor.py:743} INFO - Processing file /home/airflow/.local/lib/python3.7/site-packages/airflow/example_dags/example_nested_branch_dag.py for tasks to queue
[2023-04-10T02:08:57.627+0000] {logging_mixin.py:137} INFO - [2023-04-10T02:08:57.627+0000] {dagbag.py:532} INFO - Filling up the DagBag from /home/airflow/.local/lib/python3.7/site-packages/airflow/example_dags/example_nested_branch_dag.py
[2023-04-10T02:08:57.663+0000] {processor.py:753} INFO - DAG(s) dict_keys(['example_nested_branch_dag']) retrieved from /home/airflow/.local/lib/python3.7/site-packages/airflow/example_dags/example_nested_branch_dag.py
[2023-04-10T02:08:57.701+0000] {logging_mixin.py:137} INFO - [2023-04-10T02:08:57.700+0000] {dag.py:2705} INFO - Sync 1 DAGs
[2023-04-10T02:08:57.744+0000] {logging_mixin.py:137} INFO - [2023-04-10T02:08:57.743+0000] {dag.py:3456} INFO - Setting next_dagrun for example_nested_branch_dag to 2023-04-09T00:00:00+00:00, run_after=2023-04-10T00:00:00+00:00
[2023-04-10T02:08:57.776+0000] {processor.py:175} INFO - Processing /home/airflow/.local/lib/python3.7/site-packages/airflow/example_dags/example_nested_branch_dag.py took 0.156 seconds
[2023-04-10T02:09:27.863+0000] {processor.py:153} INFO - Started process (PID=259) to work on /home/airflow/.local/lib/python3.7/site-packages/airflow/example_dags/example_nested_branch_dag.py
[2023-04-10T02:09:27.865+0000] {processor.py:743} INFO - Processing file /home/airflow/.local/lib/python3.7/site-packages/airflow/example_dags/example_nested_branch_dag.py for tasks to queue
[2023-04-10T02:09:27.866+0000] {logging_mixin.py:137} INFO - [2023-04-10T02:09:27.865+0000] {dagbag.py:532} INFO - Filling up the DagBag from /home/airflow/.local/lib/python3.7/site-packages/airflow/example_dags/example_nested_branch_dag.py
[2023-04-10T02:09:27.902+0000] {processor.py:753} INFO - DAG(s) dict_keys(['example_nested_branch_dag']) retrieved from /home/airflow/.local/lib/python3.7/site-packages/airflow/example_dags/example_nested_branch_dag.py
[2023-04-10T02:09:27.940+0000] {logging_mixin.py:137} INFO - [2023-04-10T02:09:27.940+0000] {dag.py:2705} INFO - Sync 1 DAGs
[2023-04-10T02:09:27.984+0000] {logging_mixin.py:137} INFO - [2023-04-10T02:09:27.984+0000] {dag.py:3456} INFO - Setting next_dagrun for example_nested_branch_dag to 2023-04-09T00:00:00+00:00, run_after=2023-04-10T00:00:00+00:00
[2023-04-10T02:09:28.009+0000] {processor.py:175} INFO - Processing /home/airflow/.local/lib/python3.7/site-packages/airflow/example_dags/example_nested_branch_dag.py took 0.150 seconds
[2023-04-10T02:09:58.304+0000] {processor.py:153} INFO - Started process (PID=310) to work on /home/airflow/.local/lib/python3.7/site-packages/airflow/example_dags/example_nested_branch_dag.py
[2023-04-10T02:09:58.305+0000] {processor.py:743} INFO - Processing file /home/airflow/.local/lib/python3.7/site-packages/airflow/example_dags/example_nested_branch_dag.py for tasks to queue
[2023-04-10T02:09:58.306+0000] {logging_mixin.py:137} INFO - [2023-04-10T02:09:58.306+0000] {dagbag.py:532} INFO - Filling up the DagBag from /home/airflow/.local/lib/python3.7/site-packages/airflow/example_dags/example_nested_branch_dag.py
[2023-04-10T02:09:58.343+0000] {processor.py:753} INFO - DAG(s) dict_keys(['example_nested_branch_dag']) retrieved from /home/airflow/.local/lib/python3.7/site-packages/airflow/example_dags/example_nested_branch_dag.py
[2023-04-10T02:09:58.383+0000] {logging_mixin.py:137} INFO - [2023-04-10T02:09:58.383+0000] {dag.py:2705} INFO - Sync 1 DAGs
[2023-04-10T02:09:58.424+0000] {logging_mixin.py:137} INFO - [2023-04-10T02:09:58.424+0000] {dag.py:3456} INFO - Setting next_dagrun for example_nested_branch_dag to 2023-04-09T00:00:00+00:00, run_after=2023-04-10T00:00:00+00:00
[2023-04-10T02:09:58.450+0000] {processor.py:175} INFO - Processing /home/airflow/.local/lib/python3.7/site-packages/airflow/example_dags/example_nested_branch_dag.py took 0.150 seconds
[2023-04-10T02:10:28.511+0000] {processor.py:153} INFO - Started process (PID=361) to work on /home/airflow/.local/lib/python3.7/site-packages/airflow/example_dags/example_nested_branch_dag.py
[2023-04-10T02:10:28.513+0000] {processor.py:743} INFO - Processing file /home/airflow/.local/lib/python3.7/site-packages/airflow/example_dags/example_nested_branch_dag.py for tasks to queue
[2023-04-10T02:10:28.513+0000] {logging_mixin.py:137} INFO - [2023-04-10T02:10:28.513+0000] {dagbag.py:532} INFO - Filling up the DagBag from /home/airflow/.local/lib/python3.7/site-packages/airflow/example_dags/example_nested_branch_dag.py
[2023-04-10T02:10:28.549+0000] {processor.py:753} INFO - DAG(s) dict_keys(['example_nested_branch_dag']) retrieved from /home/airflow/.local/lib/python3.7/site-packages/airflow/example_dags/example_nested_branch_dag.py
[2023-04-10T02:10:28.589+0000] {logging_mixin.py:137} INFO - [2023-04-10T02:10:28.588+0000] {dag.py:2705} INFO - Sync 1 DAGs
[2023-04-10T02:10:28.630+0000] {logging_mixin.py:137} INFO - [2023-04-10T02:10:28.630+0000] {dag.py:3456} INFO - Setting next_dagrun for example_nested_branch_dag to 2023-04-09T00:00:00+00:00, run_after=2023-04-10T00:00:00+00:00
[2023-04-10T02:10:28.653+0000] {processor.py:175} INFO - Processing /home/airflow/.local/lib/python3.7/site-packages/airflow/example_dags/example_nested_branch_dag.py took 0.146 seconds
[2023-04-10T02:10:58.834+0000] {processor.py:153} INFO - Started process (PID=411) to work on /home/airflow/.local/lib/python3.7/site-packages/airflow/example_dags/example_nested_branch_dag.py
[2023-04-10T02:10:58.835+0000] {processor.py:743} INFO - Processing file /home/airflow/.local/lib/python3.7/site-packages/airflow/example_dags/example_nested_branch_dag.py for tasks to queue
[2023-04-10T02:10:58.837+0000] {logging_mixin.py:137} INFO - [2023-04-10T02:10:58.836+0000] {dagbag.py:532} INFO - Filling up the DagBag from /home/airflow/.local/lib/python3.7/site-packages/airflow/example_dags/example_nested_branch_dag.py
[2023-04-10T02:10:58.873+0000] {processor.py:753} INFO - DAG(s) dict_keys(['example_nested_branch_dag']) retrieved from /home/airflow/.local/lib/python3.7/site-packages/airflow/example_dags/example_nested_branch_dag.py
[2023-04-10T02:10:58.912+0000] {logging_mixin.py:137} INFO - [2023-04-10T02:10:58.912+0000] {dag.py:2705} INFO - Sync 1 DAGs
[2023-04-10T02:10:58.952+0000] {logging_mixin.py:137} INFO - [2023-04-10T02:10:58.952+0000] {dag.py:3456} INFO - Setting next_dagrun for example_nested_branch_dag to 2023-04-09T00:00:00+00:00, run_after=2023-04-10T00:00:00+00:00
[2023-04-10T02:10:58.978+0000] {processor.py:175} INFO - Processing /home/airflow/.local/lib/python3.7/site-packages/airflow/example_dags/example_nested_branch_dag.py took 0.148 seconds
[2023-04-10T02:11:29.364+0000] {processor.py:153} INFO - Started process (PID=461) to work on /home/airflow/.local/lib/python3.7/site-packages/airflow/example_dags/example_nested_branch_dag.py
[2023-04-10T02:11:29.365+0000] {processor.py:743} INFO - Processing file /home/airflow/.local/lib/python3.7/site-packages/airflow/example_dags/example_nested_branch_dag.py for tasks to queue
[2023-04-10T02:11:29.366+0000] {logging_mixin.py:137} INFO - [2023-04-10T02:11:29.366+0000] {dagbag.py:532} INFO - Filling up the DagBag from /home/airflow/.local/lib/python3.7/site-packages/airflow/example_dags/example_nested_branch_dag.py
[2023-04-10T02:11:29.402+0000] {processor.py:753} INFO - DAG(s) dict_keys(['example_nested_branch_dag']) retrieved from /home/airflow/.local/lib/python3.7/site-packages/airflow/example_dags/example_nested_branch_dag.py
[2023-04-10T02:11:29.439+0000] {logging_mixin.py:137} INFO - [2023-04-10T02:11:29.439+0000] {dag.py:2705} INFO - Sync 1 DAGs
[2023-04-10T02:11:29.481+0000] {logging_mixin.py:137} INFO - [2023-04-10T02:11:29.481+0000] {dag.py:3456} INFO - Setting next_dagrun for example_nested_branch_dag to 2023-04-09T00:00:00+00:00, run_after=2023-04-10T00:00:00+00:00
[2023-04-10T02:11:29.505+0000] {processor.py:175} INFO - Processing /home/airflow/.local/lib/python3.7/site-packages/airflow/example_dags/example_nested_branch_dag.py took 0.146 seconds
[2023-04-10T02:12:00.581+0000] {processor.py:153} INFO - Started process (PID=511) to work on /home/airflow/.local/lib/python3.7/site-packages/airflow/example_dags/example_nested_branch_dag.py
[2023-04-10T02:12:00.582+0000] {processor.py:743} INFO - Processing file /home/airflow/.local/lib/python3.7/site-packages/airflow/example_dags/example_nested_branch_dag.py for tasks to queue
[2023-04-10T02:12:00.583+0000] {logging_mixin.py:137} INFO - [2023-04-10T02:12:00.582+0000] {dagbag.py:532} INFO - Filling up the DagBag from /home/airflow/.local/lib/python3.7/site-packages/airflow/example_dags/example_nested_branch_dag.py
[2023-04-10T02:12:00.650+0000] {processor.py:753} INFO - DAG(s) dict_keys(['example_nested_branch_dag']) retrieved from /home/airflow/.local/lib/python3.7/site-packages/airflow/example_dags/example_nested_branch_dag.py
[2023-04-10T02:12:00.701+0000] {logging_mixin.py:137} INFO - [2023-04-10T02:12:00.700+0000] {dag.py:2705} INFO - Sync 1 DAGs
[2023-04-10T02:12:00.744+0000] {logging_mixin.py:137} INFO - [2023-04-10T02:12:00.744+0000] {dag.py:3456} INFO - Setting next_dagrun for example_nested_branch_dag to 2023-04-09T00:00:00+00:00, run_after=2023-04-10T00:00:00+00:00
[2023-04-10T02:12:00.771+0000] {processor.py:175} INFO - Processing /home/airflow/.local/lib/python3.7/site-packages/airflow/example_dags/example_nested_branch_dag.py took 0.196 seconds
