[2023-04-10T02:07:22.613+0000] {processor.py:153} INFO - Started process (PID=50) to work on /home/airflow/.local/lib/python3.7/site-packages/airflow/example_dags/example_subdag_operator.py
[2023-04-10T02:07:22.614+0000] {processor.py:743} INFO - Processing file /home/airflow/.local/lib/python3.7/site-packages/airflow/example_dags/example_subdag_operator.py for tasks to queue
[2023-04-10T02:07:22.615+0000] {logging_mixin.py:137} INFO - [2023-04-10T02:07:22.615+0000] {dagbag.py:532} INFO - Filling up the DagBag from /home/airflow/.local/lib/python3.7/site-packages/airflow/example_dags/example_subdag_operator.py
[2023-04-10T02:07:22.827+0000] {processor.py:753} INFO - DAG(s) dict_keys(['example_subdag_operator.section-1', 'example_subdag_operator.section-2', 'example_subdag_operator']) retrieved from /home/airflow/.local/lib/python3.7/site-packages/airflow/example_dags/example_subdag_operator.py
[2023-04-10T02:07:22.998+0000] {logging_mixin.py:137} INFO - [2023-04-10T02:07:22.998+0000] {dag.py:2705} INFO - Sync 3 DAGs
[2023-04-10T02:07:23.174+0000] {logging_mixin.py:137} INFO - [2023-04-10T02:07:23.174+0000] {dag.py:3456} INFO - Setting next_dagrun for example_subdag_operator to 2022-01-01T00:00:00+00:00, run_after=2022-01-01T00:00:00+00:00
[2023-04-10T02:07:23.198+0000] {logging_mixin.py:137} INFO - [2023-04-10T02:07:23.198+0000] {dag.py:3456} INFO - Setting next_dagrun for example_subdag_operator.section-1 to None, run_after=None
[2023-04-10T02:07:23.202+0000] {logging_mixin.py:137} INFO - [2023-04-10T02:07:23.201+0000] {dag.py:3456} INFO - Setting next_dagrun for example_subdag_operator.section-2 to None, run_after=None
[2023-04-10T02:07:23.232+0000] {logging_mixin.py:137} INFO - [2023-04-10T02:07:23.232+0000] {dag.py:2705} INFO - Sync 2 DAGs
[2023-04-10T02:07:23.278+0000] {logging_mixin.py:137} INFO - [2023-04-10T02:07:23.277+0000] {dag.py:3456} INFO - Setting next_dagrun for example_subdag_operator.section-1 to None, run_after=None
[2023-04-10T02:07:23.278+0000] {logging_mixin.py:137} INFO - [2023-04-10T02:07:23.278+0000] {dag.py:3456} INFO - Setting next_dagrun for example_subdag_operator.section-2 to None, run_after=None
[2023-04-10T02:07:23.341+0000] {processor.py:175} INFO - Processing /home/airflow/.local/lib/python3.7/site-packages/airflow/example_dags/example_subdag_operator.py took 0.764 seconds
[2023-04-10T02:07:54.104+0000] {processor.py:153} INFO - Started process (PID=101) to work on /home/airflow/.local/lib/python3.7/site-packages/airflow/example_dags/example_subdag_operator.py
[2023-04-10T02:07:54.105+0000] {processor.py:743} INFO - Processing file /home/airflow/.local/lib/python3.7/site-packages/airflow/example_dags/example_subdag_operator.py for tasks to queue
[2023-04-10T02:07:54.106+0000] {logging_mixin.py:137} INFO - [2023-04-10T02:07:54.106+0000] {dagbag.py:532} INFO - Filling up the DagBag from /home/airflow/.local/lib/python3.7/site-packages/airflow/example_dags/example_subdag_operator.py
[2023-04-10T02:07:54.150+0000] {processor.py:753} INFO - DAG(s) dict_keys(['example_subdag_operator.section-1', 'example_subdag_operator.section-2', 'example_subdag_operator']) retrieved from /home/airflow/.local/lib/python3.7/site-packages/airflow/example_dags/example_subdag_operator.py
[2023-04-10T02:07:54.180+0000] {logging_mixin.py:137} INFO - [2023-04-10T02:07:54.180+0000] {dag.py:2705} INFO - Sync 3 DAGs
[2023-04-10T02:07:54.227+0000] {logging_mixin.py:137} INFO - [2023-04-10T02:07:54.227+0000] {dag.py:3456} INFO - Setting next_dagrun for example_subdag_operator to 2022-01-01T00:00:00+00:00, run_after=2022-01-01T00:00:00+00:00
[2023-04-10T02:07:54.232+0000] {logging_mixin.py:137} INFO - [2023-04-10T02:07:54.232+0000] {dag.py:3456} INFO - Setting next_dagrun for example_subdag_operator.section-1 to None, run_after=None
[2023-04-10T02:07:54.233+0000] {logging_mixin.py:137} INFO - [2023-04-10T02:07:54.233+0000] {dag.py:3456} INFO - Setting next_dagrun for example_subdag_operator.section-2 to None, run_after=None
[2023-04-10T02:07:54.243+0000] {logging_mixin.py:137} INFO - [2023-04-10T02:07:54.243+0000] {dag.py:2705} INFO - Sync 2 DAGs
[2023-04-10T02:07:54.251+0000] {logging_mixin.py:137} INFO - [2023-04-10T02:07:54.251+0000] {dag.py:3456} INFO - Setting next_dagrun for example_subdag_operator.section-1 to None, run_after=None
[2023-04-10T02:07:54.251+0000] {logging_mixin.py:137} INFO - [2023-04-10T02:07:54.251+0000] {dag.py:3456} INFO - Setting next_dagrun for example_subdag_operator.section-2 to None, run_after=None
[2023-04-10T02:07:54.265+0000] {processor.py:175} INFO - Processing /home/airflow/.local/lib/python3.7/site-packages/airflow/example_dags/example_subdag_operator.py took 0.165 seconds
[2023-04-10T02:08:24.754+0000] {processor.py:153} INFO - Started process (PID=151) to work on /home/airflow/.local/lib/python3.7/site-packages/airflow/example_dags/example_subdag_operator.py
[2023-04-10T02:08:24.755+0000] {processor.py:743} INFO - Processing file /home/airflow/.local/lib/python3.7/site-packages/airflow/example_dags/example_subdag_operator.py for tasks to queue
[2023-04-10T02:08:24.756+0000] {logging_mixin.py:137} INFO - [2023-04-10T02:08:24.756+0000] {dagbag.py:532} INFO - Filling up the DagBag from /home/airflow/.local/lib/python3.7/site-packages/airflow/example_dags/example_subdag_operator.py
[2023-04-10T02:08:24.802+0000] {processor.py:753} INFO - DAG(s) dict_keys(['example_subdag_operator.section-1', 'example_subdag_operator.section-2', 'example_subdag_operator']) retrieved from /home/airflow/.local/lib/python3.7/site-packages/airflow/example_dags/example_subdag_operator.py
[2023-04-10T02:08:24.834+0000] {logging_mixin.py:137} INFO - [2023-04-10T02:08:24.833+0000] {dag.py:2705} INFO - Sync 3 DAGs
[2023-04-10T02:08:24.874+0000] {logging_mixin.py:137} INFO - [2023-04-10T02:08:24.873+0000] {dag.py:3456} INFO - Setting next_dagrun for example_subdag_operator to 2022-01-01T00:00:00+00:00, run_after=2022-01-01T00:00:00+00:00
[2023-04-10T02:08:24.879+0000] {logging_mixin.py:137} INFO - [2023-04-10T02:08:24.878+0000] {dag.py:3456} INFO - Setting next_dagrun for example_subdag_operator.section-1 to None, run_after=None
[2023-04-10T02:08:24.880+0000] {logging_mixin.py:137} INFO - [2023-04-10T02:08:24.880+0000] {dag.py:3456} INFO - Setting next_dagrun for example_subdag_operator.section-2 to None, run_after=None
[2023-04-10T02:08:24.890+0000] {logging_mixin.py:137} INFO - [2023-04-10T02:08:24.890+0000] {dag.py:2705} INFO - Sync 2 DAGs
[2023-04-10T02:08:24.898+0000] {logging_mixin.py:137} INFO - [2023-04-10T02:08:24.898+0000] {dag.py:3456} INFO - Setting next_dagrun for example_subdag_operator.section-1 to None, run_after=None
[2023-04-10T02:08:24.898+0000] {logging_mixin.py:137} INFO - [2023-04-10T02:08:24.898+0000] {dag.py:3456} INFO - Setting next_dagrun for example_subdag_operator.section-2 to None, run_after=None
[2023-04-10T02:08:24.912+0000] {processor.py:175} INFO - Processing /home/airflow/.local/lib/python3.7/site-packages/airflow/example_dags/example_subdag_operator.py took 0.167 seconds
[2023-04-10T02:08:55.016+0000] {processor.py:153} INFO - Started process (PID=201) to work on /home/airflow/.local/lib/python3.7/site-packages/airflow/example_dags/example_subdag_operator.py
[2023-04-10T02:08:55.017+0000] {processor.py:743} INFO - Processing file /home/airflow/.local/lib/python3.7/site-packages/airflow/example_dags/example_subdag_operator.py for tasks to queue
[2023-04-10T02:08:55.018+0000] {logging_mixin.py:137} INFO - [2023-04-10T02:08:55.018+0000] {dagbag.py:532} INFO - Filling up the DagBag from /home/airflow/.local/lib/python3.7/site-packages/airflow/example_dags/example_subdag_operator.py
[2023-04-10T02:08:55.064+0000] {processor.py:753} INFO - DAG(s) dict_keys(['example_subdag_operator.section-1', 'example_subdag_operator.section-2', 'example_subdag_operator']) retrieved from /home/airflow/.local/lib/python3.7/site-packages/airflow/example_dags/example_subdag_operator.py
[2023-04-10T02:08:55.095+0000] {logging_mixin.py:137} INFO - [2023-04-10T02:08:55.095+0000] {dag.py:2705} INFO - Sync 3 DAGs
[2023-04-10T02:08:55.137+0000] {logging_mixin.py:137} INFO - [2023-04-10T02:08:55.137+0000] {dag.py:3456} INFO - Setting next_dagrun for example_subdag_operator to 2022-01-01T00:00:00+00:00, run_after=2022-01-01T00:00:00+00:00
[2023-04-10T02:08:55.142+0000] {logging_mixin.py:137} INFO - [2023-04-10T02:08:55.142+0000] {dag.py:3456} INFO - Setting next_dagrun for example_subdag_operator.section-1 to None, run_after=None
[2023-04-10T02:08:55.152+0000] {logging_mixin.py:137} INFO - [2023-04-10T02:08:55.152+0000] {dag.py:3456} INFO - Setting next_dagrun for example_subdag_operator.section-2 to None, run_after=None
[2023-04-10T02:08:55.167+0000] {logging_mixin.py:137} INFO - [2023-04-10T02:08:55.167+0000] {dag.py:2705} INFO - Sync 2 DAGs
[2023-04-10T02:08:55.175+0000] {logging_mixin.py:137} INFO - [2023-04-10T02:08:55.175+0000] {dag.py:3456} INFO - Setting next_dagrun for example_subdag_operator.section-1 to None, run_after=None
[2023-04-10T02:08:55.176+0000] {logging_mixin.py:137} INFO - [2023-04-10T02:08:55.175+0000] {dag.py:3456} INFO - Setting next_dagrun for example_subdag_operator.section-2 to None, run_after=None
[2023-04-10T02:08:55.189+0000] {processor.py:175} INFO - Processing /home/airflow/.local/lib/python3.7/site-packages/airflow/example_dags/example_subdag_operator.py took 0.178 seconds
[2023-04-10T02:09:25.241+0000] {processor.py:153} INFO - Started process (PID=251) to work on /home/airflow/.local/lib/python3.7/site-packages/airflow/example_dags/example_subdag_operator.py
[2023-04-10T02:09:25.243+0000] {processor.py:743} INFO - Processing file /home/airflow/.local/lib/python3.7/site-packages/airflow/example_dags/example_subdag_operator.py for tasks to queue
[2023-04-10T02:09:25.244+0000] {logging_mixin.py:137} INFO - [2023-04-10T02:09:25.244+0000] {dagbag.py:532} INFO - Filling up the DagBag from /home/airflow/.local/lib/python3.7/site-packages/airflow/example_dags/example_subdag_operator.py
[2023-04-10T02:09:25.288+0000] {processor.py:753} INFO - DAG(s) dict_keys(['example_subdag_operator.section-1', 'example_subdag_operator.section-2', 'example_subdag_operator']) retrieved from /home/airflow/.local/lib/python3.7/site-packages/airflow/example_dags/example_subdag_operator.py
[2023-04-10T02:09:25.343+0000] {logging_mixin.py:137} INFO - [2023-04-10T02:09:25.342+0000] {dag.py:2705} INFO - Sync 3 DAGs
[2023-04-10T02:09:25.404+0000] {logging_mixin.py:137} INFO - [2023-04-10T02:09:25.403+0000] {dag.py:3456} INFO - Setting next_dagrun for example_subdag_operator to 2022-01-01T00:00:00+00:00, run_after=2022-01-01T00:00:00+00:00
[2023-04-10T02:09:25.408+0000] {logging_mixin.py:137} INFO - [2023-04-10T02:09:25.408+0000] {dag.py:3456} INFO - Setting next_dagrun for example_subdag_operator.section-1 to None, run_after=None
[2023-04-10T02:09:25.410+0000] {logging_mixin.py:137} INFO - [2023-04-10T02:09:25.410+0000] {dag.py:3456} INFO - Setting next_dagrun for example_subdag_operator.section-2 to None, run_after=None
[2023-04-10T02:09:25.422+0000] {logging_mixin.py:137} INFO - [2023-04-10T02:09:25.422+0000] {dag.py:2705} INFO - Sync 2 DAGs
[2023-04-10T02:09:25.428+0000] {logging_mixin.py:137} INFO - [2023-04-10T02:09:25.428+0000] {dag.py:3456} INFO - Setting next_dagrun for example_subdag_operator.section-1 to None, run_after=None
[2023-04-10T02:09:25.428+0000] {logging_mixin.py:137} INFO - [2023-04-10T02:09:25.428+0000] {dag.py:3456} INFO - Setting next_dagrun for example_subdag_operator.section-2 to None, run_after=None
[2023-04-10T02:09:25.438+0000] {processor.py:175} INFO - Processing /home/airflow/.local/lib/python3.7/site-packages/airflow/example_dags/example_subdag_operator.py took 0.201 seconds
[2023-04-10T02:09:55.708+0000] {processor.py:153} INFO - Started process (PID=302) to work on /home/airflow/.local/lib/python3.7/site-packages/airflow/example_dags/example_subdag_operator.py
[2023-04-10T02:09:55.709+0000] {processor.py:743} INFO - Processing file /home/airflow/.local/lib/python3.7/site-packages/airflow/example_dags/example_subdag_operator.py for tasks to queue
[2023-04-10T02:09:55.710+0000] {logging_mixin.py:137} INFO - [2023-04-10T02:09:55.710+0000] {dagbag.py:532} INFO - Filling up the DagBag from /home/airflow/.local/lib/python3.7/site-packages/airflow/example_dags/example_subdag_operator.py
[2023-04-10T02:09:55.757+0000] {processor.py:753} INFO - DAG(s) dict_keys(['example_subdag_operator.section-1', 'example_subdag_operator.section-2', 'example_subdag_operator']) retrieved from /home/airflow/.local/lib/python3.7/site-packages/airflow/example_dags/example_subdag_operator.py
[2023-04-10T02:09:55.787+0000] {logging_mixin.py:137} INFO - [2023-04-10T02:09:55.787+0000] {dag.py:2705} INFO - Sync 3 DAGs
[2023-04-10T02:09:55.829+0000] {logging_mixin.py:137} INFO - [2023-04-10T02:09:55.829+0000] {dag.py:3456} INFO - Setting next_dagrun for example_subdag_operator to 2022-01-01T00:00:00+00:00, run_after=2022-01-01T00:00:00+00:00
[2023-04-10T02:09:55.833+0000] {logging_mixin.py:137} INFO - [2023-04-10T02:09:55.833+0000] {dag.py:3456} INFO - Setting next_dagrun for example_subdag_operator.section-1 to None, run_after=None
[2023-04-10T02:09:55.835+0000] {logging_mixin.py:137} INFO - [2023-04-10T02:09:55.835+0000] {dag.py:3456} INFO - Setting next_dagrun for example_subdag_operator.section-2 to None, run_after=None
[2023-04-10T02:09:55.845+0000] {logging_mixin.py:137} INFO - [2023-04-10T02:09:55.845+0000] {dag.py:2705} INFO - Sync 2 DAGs
[2023-04-10T02:09:55.853+0000] {logging_mixin.py:137} INFO - [2023-04-10T02:09:55.852+0000] {dag.py:3456} INFO - Setting next_dagrun for example_subdag_operator.section-1 to None, run_after=None
[2023-04-10T02:09:55.853+0000] {logging_mixin.py:137} INFO - [2023-04-10T02:09:55.853+0000] {dag.py:3456} INFO - Setting next_dagrun for example_subdag_operator.section-2 to None, run_after=None
[2023-04-10T02:09:55.867+0000] {processor.py:175} INFO - Processing /home/airflow/.local/lib/python3.7/site-packages/airflow/example_dags/example_subdag_operator.py took 0.163 seconds
[2023-04-10T02:10:25.916+0000] {processor.py:153} INFO - Started process (PID=353) to work on /home/airflow/.local/lib/python3.7/site-packages/airflow/example_dags/example_subdag_operator.py
[2023-04-10T02:10:25.919+0000] {processor.py:743} INFO - Processing file /home/airflow/.local/lib/python3.7/site-packages/airflow/example_dags/example_subdag_operator.py for tasks to queue
[2023-04-10T02:10:25.919+0000] {logging_mixin.py:137} INFO - [2023-04-10T02:10:25.919+0000] {dagbag.py:532} INFO - Filling up the DagBag from /home/airflow/.local/lib/python3.7/site-packages/airflow/example_dags/example_subdag_operator.py
[2023-04-10T02:10:25.975+0000] {processor.py:753} INFO - DAG(s) dict_keys(['example_subdag_operator.section-1', 'example_subdag_operator.section-2', 'example_subdag_operator']) retrieved from /home/airflow/.local/lib/python3.7/site-packages/airflow/example_dags/example_subdag_operator.py
[2023-04-10T02:10:26.012+0000] {logging_mixin.py:137} INFO - [2023-04-10T02:10:26.012+0000] {dag.py:2705} INFO - Sync 3 DAGs
[2023-04-10T02:10:26.052+0000] {logging_mixin.py:137} INFO - [2023-04-10T02:10:26.052+0000] {dag.py:3456} INFO - Setting next_dagrun for example_subdag_operator to 2022-01-01T00:00:00+00:00, run_after=2022-01-01T00:00:00+00:00
[2023-04-10T02:10:26.057+0000] {logging_mixin.py:137} INFO - [2023-04-10T02:10:26.057+0000] {dag.py:3456} INFO - Setting next_dagrun for example_subdag_operator.section-1 to None, run_after=None
[2023-04-10T02:10:26.058+0000] {logging_mixin.py:137} INFO - [2023-04-10T02:10:26.058+0000] {dag.py:3456} INFO - Setting next_dagrun for example_subdag_operator.section-2 to None, run_after=None
[2023-04-10T02:10:26.068+0000] {logging_mixin.py:137} INFO - [2023-04-10T02:10:26.068+0000] {dag.py:2705} INFO - Sync 2 DAGs
[2023-04-10T02:10:26.076+0000] {logging_mixin.py:137} INFO - [2023-04-10T02:10:26.076+0000] {dag.py:3456} INFO - Setting next_dagrun for example_subdag_operator.section-1 to None, run_after=None
[2023-04-10T02:10:26.077+0000] {logging_mixin.py:137} INFO - [2023-04-10T02:10:26.076+0000] {dag.py:3456} INFO - Setting next_dagrun for example_subdag_operator.section-2 to None, run_after=None
[2023-04-10T02:10:26.090+0000] {processor.py:175} INFO - Processing /home/airflow/.local/lib/python3.7/site-packages/airflow/example_dags/example_subdag_operator.py took 0.179 seconds
[2023-04-10T02:10:56.238+0000] {processor.py:153} INFO - Started process (PID=403) to work on /home/airflow/.local/lib/python3.7/site-packages/airflow/example_dags/example_subdag_operator.py
[2023-04-10T02:10:56.239+0000] {processor.py:743} INFO - Processing file /home/airflow/.local/lib/python3.7/site-packages/airflow/example_dags/example_subdag_operator.py for tasks to queue
[2023-04-10T02:10:56.240+0000] {logging_mixin.py:137} INFO - [2023-04-10T02:10:56.239+0000] {dagbag.py:532} INFO - Filling up the DagBag from /home/airflow/.local/lib/python3.7/site-packages/airflow/example_dags/example_subdag_operator.py
[2023-04-10T02:10:56.286+0000] {processor.py:753} INFO - DAG(s) dict_keys(['example_subdag_operator.section-1', 'example_subdag_operator.section-2', 'example_subdag_operator']) retrieved from /home/airflow/.local/lib/python3.7/site-packages/airflow/example_dags/example_subdag_operator.py
[2023-04-10T02:10:56.316+0000] {logging_mixin.py:137} INFO - [2023-04-10T02:10:56.316+0000] {dag.py:2705} INFO - Sync 3 DAGs
[2023-04-10T02:10:56.357+0000] {logging_mixin.py:137} INFO - [2023-04-10T02:10:56.356+0000] {dag.py:3456} INFO - Setting next_dagrun for example_subdag_operator to 2022-01-01T00:00:00+00:00, run_after=2022-01-01T00:00:00+00:00
[2023-04-10T02:10:56.362+0000] {logging_mixin.py:137} INFO - [2023-04-10T02:10:56.362+0000] {dag.py:3456} INFO - Setting next_dagrun for example_subdag_operator.section-1 to None, run_after=None
[2023-04-10T02:10:56.363+0000] {logging_mixin.py:137} INFO - [2023-04-10T02:10:56.363+0000] {dag.py:3456} INFO - Setting next_dagrun for example_subdag_operator.section-2 to None, run_after=None
[2023-04-10T02:10:56.373+0000] {logging_mixin.py:137} INFO - [2023-04-10T02:10:56.373+0000] {dag.py:2705} INFO - Sync 2 DAGs
[2023-04-10T02:10:56.381+0000] {logging_mixin.py:137} INFO - [2023-04-10T02:10:56.381+0000] {dag.py:3456} INFO - Setting next_dagrun for example_subdag_operator.section-1 to None, run_after=None
[2023-04-10T02:10:56.381+0000] {logging_mixin.py:137} INFO - [2023-04-10T02:10:56.381+0000] {dag.py:3456} INFO - Setting next_dagrun for example_subdag_operator.section-2 to None, run_after=None
[2023-04-10T02:10:56.395+0000] {processor.py:175} INFO - Processing /home/airflow/.local/lib/python3.7/site-packages/airflow/example_dags/example_subdag_operator.py took 0.161 seconds
[2023-04-10T02:11:26.780+0000] {processor.py:153} INFO - Started process (PID=453) to work on /home/airflow/.local/lib/python3.7/site-packages/airflow/example_dags/example_subdag_operator.py
[2023-04-10T02:11:26.782+0000] {processor.py:743} INFO - Processing file /home/airflow/.local/lib/python3.7/site-packages/airflow/example_dags/example_subdag_operator.py for tasks to queue
[2023-04-10T02:11:26.783+0000] {logging_mixin.py:137} INFO - [2023-04-10T02:11:26.783+0000] {dagbag.py:532} INFO - Filling up the DagBag from /home/airflow/.local/lib/python3.7/site-packages/airflow/example_dags/example_subdag_operator.py
[2023-04-10T02:11:26.828+0000] {processor.py:753} INFO - DAG(s) dict_keys(['example_subdag_operator.section-1', 'example_subdag_operator.section-2', 'example_subdag_operator']) retrieved from /home/airflow/.local/lib/python3.7/site-packages/airflow/example_dags/example_subdag_operator.py
[2023-04-10T02:11:26.859+0000] {logging_mixin.py:137} INFO - [2023-04-10T02:11:26.859+0000] {dag.py:2705} INFO - Sync 3 DAGs
[2023-04-10T02:11:26.899+0000] {logging_mixin.py:137} INFO - [2023-04-10T02:11:26.898+0000] {dag.py:3456} INFO - Setting next_dagrun for example_subdag_operator to 2022-01-01T00:00:00+00:00, run_after=2022-01-01T00:00:00+00:00
[2023-04-10T02:11:26.905+0000] {logging_mixin.py:137} INFO - [2023-04-10T02:11:26.904+0000] {dag.py:3456} INFO - Setting next_dagrun for example_subdag_operator.section-1 to None, run_after=None
[2023-04-10T02:11:26.906+0000] {logging_mixin.py:137} INFO - [2023-04-10T02:11:26.906+0000] {dag.py:3456} INFO - Setting next_dagrun for example_subdag_operator.section-2 to None, run_after=None
[2023-04-10T02:11:26.916+0000] {logging_mixin.py:137} INFO - [2023-04-10T02:11:26.916+0000] {dag.py:2705} INFO - Sync 2 DAGs
[2023-04-10T02:11:26.924+0000] {logging_mixin.py:137} INFO - [2023-04-10T02:11:26.924+0000] {dag.py:3456} INFO - Setting next_dagrun for example_subdag_operator.section-1 to None, run_after=None
[2023-04-10T02:11:26.924+0000] {logging_mixin.py:137} INFO - [2023-04-10T02:11:26.924+0000] {dag.py:3456} INFO - Setting next_dagrun for example_subdag_operator.section-2 to None, run_after=None
[2023-04-10T02:11:26.937+0000] {processor.py:175} INFO - Processing /home/airflow/.local/lib/python3.7/site-packages/airflow/example_dags/example_subdag_operator.py took 0.161 seconds
[2023-04-10T02:11:57.727+0000] {processor.py:153} INFO - Started process (PID=503) to work on /home/airflow/.local/lib/python3.7/site-packages/airflow/example_dags/example_subdag_operator.py
[2023-04-10T02:11:57.733+0000] {processor.py:743} INFO - Processing file /home/airflow/.local/lib/python3.7/site-packages/airflow/example_dags/example_subdag_operator.py for tasks to queue
[2023-04-10T02:11:57.734+0000] {logging_mixin.py:137} INFO - [2023-04-10T02:11:57.734+0000] {dagbag.py:532} INFO - Filling up the DagBag from /home/airflow/.local/lib/python3.7/site-packages/airflow/example_dags/example_subdag_operator.py
[2023-04-10T02:11:57.931+0000] {processor.py:753} INFO - DAG(s) dict_keys(['example_subdag_operator.section-1', 'example_subdag_operator.section-2', 'example_subdag_operator']) retrieved from /home/airflow/.local/lib/python3.7/site-packages/airflow/example_dags/example_subdag_operator.py
[2023-04-10T02:11:58.058+0000] {logging_mixin.py:137} INFO - [2023-04-10T02:11:58.058+0000] {dag.py:2705} INFO - Sync 3 DAGs
[2023-04-10T02:11:58.174+0000] {logging_mixin.py:137} INFO - [2023-04-10T02:11:58.173+0000] {dag.py:3456} INFO - Setting next_dagrun for example_subdag_operator to 2022-01-01T00:00:00+00:00, run_after=2022-01-01T00:00:00+00:00
[2023-04-10T02:11:58.191+0000] {logging_mixin.py:137} INFO - [2023-04-10T02:11:58.190+0000] {dag.py:3456} INFO - Setting next_dagrun for example_subdag_operator.section-1 to None, run_after=None
[2023-04-10T02:11:58.192+0000] {logging_mixin.py:137} INFO - [2023-04-10T02:11:58.192+0000] {dag.py:3456} INFO - Setting next_dagrun for example_subdag_operator.section-2 to None, run_after=None
[2023-04-10T02:11:58.219+0000] {logging_mixin.py:137} INFO - [2023-04-10T02:11:58.218+0000] {dag.py:2705} INFO - Sync 2 DAGs
[2023-04-10T02:11:58.242+0000] {logging_mixin.py:137} INFO - [2023-04-10T02:11:58.241+0000] {dag.py:3456} INFO - Setting next_dagrun for example_subdag_operator.section-1 to None, run_after=None
[2023-04-10T02:11:58.242+0000] {logging_mixin.py:137} INFO - [2023-04-10T02:11:58.242+0000] {dag.py:3456} INFO - Setting next_dagrun for example_subdag_operator.section-2 to None, run_after=None
[2023-04-10T02:11:58.280+0000] {processor.py:175} INFO - Processing /home/airflow/.local/lib/python3.7/site-packages/airflow/example_dags/example_subdag_operator.py took 0.561 seconds
