[2023-04-10T02:07:24.817+0000] {processor.py:153} INFO - Started process (PID=55) to work on /home/airflow/.local/lib/python3.7/site-packages/airflow/example_dags/example_external_task_marker_dag.py
[2023-04-10T02:07:24.820+0000] {processor.py:743} INFO - Processing file /home/airflow/.local/lib/python3.7/site-packages/airflow/example_dags/example_external_task_marker_dag.py for tasks to queue
[2023-04-10T02:07:24.826+0000] {logging_mixin.py:137} INFO - [2023-04-10T02:07:24.825+0000] {dagbag.py:532} INFO - Filling up the DagBag from /home/airflow/.local/lib/python3.7/site-packages/airflow/example_dags/example_external_task_marker_dag.py
[2023-04-10T02:07:24.928+0000] {processor.py:753} INFO - DAG(s) dict_keys(['example_external_task_marker_parent', 'example_external_task_marker_child']) retrieved from /home/airflow/.local/lib/python3.7/site-packages/airflow/example_dags/example_external_task_marker_dag.py
[2023-04-10T02:07:25.402+0000] {logging_mixin.py:137} INFO - [2023-04-10T02:07:25.401+0000] {dag.py:2705} INFO - Sync 2 DAGs
[2023-04-10T02:07:25.574+0000] {logging_mixin.py:137} INFO - [2023-04-10T02:07:25.574+0000] {dag.py:3456} INFO - Setting next_dagrun for example_external_task_marker_child to None, run_after=None
[2023-04-10T02:07:25.582+0000] {logging_mixin.py:137} INFO - [2023-04-10T02:07:25.580+0000] {dag.py:3456} INFO - Setting next_dagrun for example_external_task_marker_parent to None, run_after=None
[2023-04-10T02:07:25.671+0000] {processor.py:175} INFO - Processing /home/airflow/.local/lib/python3.7/site-packages/airflow/example_dags/example_external_task_marker_dag.py took 0.877 seconds
[2023-04-10T02:07:56.520+0000] {processor.py:153} INFO - Started process (PID=106) to work on /home/airflow/.local/lib/python3.7/site-packages/airflow/example_dags/example_external_task_marker_dag.py
[2023-04-10T02:07:56.529+0000] {processor.py:743} INFO - Processing file /home/airflow/.local/lib/python3.7/site-packages/airflow/example_dags/example_external_task_marker_dag.py for tasks to queue
[2023-04-10T02:07:56.530+0000] {logging_mixin.py:137} INFO - [2023-04-10T02:07:56.530+0000] {dagbag.py:532} INFO - Filling up the DagBag from /home/airflow/.local/lib/python3.7/site-packages/airflow/example_dags/example_external_task_marker_dag.py
[2023-04-10T02:07:56.573+0000] {processor.py:753} INFO - DAG(s) dict_keys(['example_external_task_marker_parent', 'example_external_task_marker_child']) retrieved from /home/airflow/.local/lib/python3.7/site-packages/airflow/example_dags/example_external_task_marker_dag.py
[2023-04-10T02:07:56.640+0000] {logging_mixin.py:137} INFO - [2023-04-10T02:07:56.640+0000] {dag.py:2705} INFO - Sync 2 DAGs
[2023-04-10T02:07:56.723+0000] {logging_mixin.py:137} INFO - [2023-04-10T02:07:56.723+0000] {dag.py:3456} INFO - Setting next_dagrun for example_external_task_marker_child to None, run_after=None
[2023-04-10T02:07:56.733+0000] {logging_mixin.py:137} INFO - [2023-04-10T02:07:56.733+0000] {dag.py:3456} INFO - Setting next_dagrun for example_external_task_marker_parent to None, run_after=None
[2023-04-10T02:07:56.767+0000] {processor.py:175} INFO - Processing /home/airflow/.local/lib/python3.7/site-packages/airflow/example_dags/example_external_task_marker_dag.py took 0.251 seconds
[2023-04-10T02:08:27.158+0000] {processor.py:153} INFO - Started process (PID=156) to work on /home/airflow/.local/lib/python3.7/site-packages/airflow/example_dags/example_external_task_marker_dag.py
[2023-04-10T02:08:27.159+0000] {processor.py:743} INFO - Processing file /home/airflow/.local/lib/python3.7/site-packages/airflow/example_dags/example_external_task_marker_dag.py for tasks to queue
[2023-04-10T02:08:27.160+0000] {logging_mixin.py:137} INFO - [2023-04-10T02:08:27.160+0000] {dagbag.py:532} INFO - Filling up the DagBag from /home/airflow/.local/lib/python3.7/site-packages/airflow/example_dags/example_external_task_marker_dag.py
[2023-04-10T02:08:27.180+0000] {processor.py:753} INFO - DAG(s) dict_keys(['example_external_task_marker_child', 'example_external_task_marker_parent']) retrieved from /home/airflow/.local/lib/python3.7/site-packages/airflow/example_dags/example_external_task_marker_dag.py
[2023-04-10T02:08:27.220+0000] {logging_mixin.py:137} INFO - [2023-04-10T02:08:27.220+0000] {dag.py:2705} INFO - Sync 2 DAGs
[2023-04-10T02:08:27.261+0000] {logging_mixin.py:137} INFO - [2023-04-10T02:08:27.260+0000] {dag.py:3456} INFO - Setting next_dagrun for example_external_task_marker_child to None, run_after=None
[2023-04-10T02:08:27.265+0000] {logging_mixin.py:137} INFO - [2023-04-10T02:08:27.265+0000] {dag.py:3456} INFO - Setting next_dagrun for example_external_task_marker_parent to None, run_after=None
[2023-04-10T02:08:27.287+0000] {processor.py:175} INFO - Processing /home/airflow/.local/lib/python3.7/site-packages/airflow/example_dags/example_external_task_marker_dag.py took 0.133 seconds
[2023-04-10T02:08:57.434+0000] {processor.py:153} INFO - Started process (PID=206) to work on /home/airflow/.local/lib/python3.7/site-packages/airflow/example_dags/example_external_task_marker_dag.py
[2023-04-10T02:08:57.435+0000] {processor.py:743} INFO - Processing file /home/airflow/.local/lib/python3.7/site-packages/airflow/example_dags/example_external_task_marker_dag.py for tasks to queue
[2023-04-10T02:08:57.436+0000] {logging_mixin.py:137} INFO - [2023-04-10T02:08:57.436+0000] {dagbag.py:532} INFO - Filling up the DagBag from /home/airflow/.local/lib/python3.7/site-packages/airflow/example_dags/example_external_task_marker_dag.py
[2023-04-10T02:08:57.456+0000] {processor.py:753} INFO - DAG(s) dict_keys(['example_external_task_marker_child', 'example_external_task_marker_parent']) retrieved from /home/airflow/.local/lib/python3.7/site-packages/airflow/example_dags/example_external_task_marker_dag.py
[2023-04-10T02:08:57.495+0000] {logging_mixin.py:137} INFO - [2023-04-10T02:08:57.495+0000] {dag.py:2705} INFO - Sync 2 DAGs
[2023-04-10T02:08:57.536+0000] {logging_mixin.py:137} INFO - [2023-04-10T02:08:57.536+0000] {dag.py:3456} INFO - Setting next_dagrun for example_external_task_marker_child to None, run_after=None
[2023-04-10T02:08:57.541+0000] {logging_mixin.py:137} INFO - [2023-04-10T02:08:57.540+0000] {dag.py:3456} INFO - Setting next_dagrun for example_external_task_marker_parent to None, run_after=None
[2023-04-10T02:08:57.562+0000] {processor.py:175} INFO - Processing /home/airflow/.local/lib/python3.7/site-packages/airflow/example_dags/example_external_task_marker_dag.py took 0.132 seconds
[2023-04-10T02:09:27.663+0000] {processor.py:153} INFO - Started process (PID=256) to work on /home/airflow/.local/lib/python3.7/site-packages/airflow/example_dags/example_external_task_marker_dag.py
[2023-04-10T02:09:27.664+0000] {processor.py:743} INFO - Processing file /home/airflow/.local/lib/python3.7/site-packages/airflow/example_dags/example_external_task_marker_dag.py for tasks to queue
[2023-04-10T02:09:27.665+0000] {logging_mixin.py:137} INFO - [2023-04-10T02:09:27.665+0000] {dagbag.py:532} INFO - Filling up the DagBag from /home/airflow/.local/lib/python3.7/site-packages/airflow/example_dags/example_external_task_marker_dag.py
[2023-04-10T02:09:27.686+0000] {processor.py:753} INFO - DAG(s) dict_keys(['example_external_task_marker_child', 'example_external_task_marker_parent']) retrieved from /home/airflow/.local/lib/python3.7/site-packages/airflow/example_dags/example_external_task_marker_dag.py
[2023-04-10T02:09:27.731+0000] {logging_mixin.py:137} INFO - [2023-04-10T02:09:27.730+0000] {dag.py:2705} INFO - Sync 2 DAGs
[2023-04-10T02:09:27.771+0000] {logging_mixin.py:137} INFO - [2023-04-10T02:09:27.771+0000] {dag.py:3456} INFO - Setting next_dagrun for example_external_task_marker_child to None, run_after=None
[2023-04-10T02:09:27.776+0000] {logging_mixin.py:137} INFO - [2023-04-10T02:09:27.776+0000] {dag.py:3456} INFO - Setting next_dagrun for example_external_task_marker_parent to None, run_after=None
[2023-04-10T02:09:27.799+0000] {processor.py:175} INFO - Processing /home/airflow/.local/lib/python3.7/site-packages/airflow/example_dags/example_external_task_marker_dag.py took 0.140 seconds
[2023-04-10T02:09:58.118+0000] {processor.py:153} INFO - Started process (PID=307) to work on /home/airflow/.local/lib/python3.7/site-packages/airflow/example_dags/example_external_task_marker_dag.py
[2023-04-10T02:09:58.119+0000] {processor.py:743} INFO - Processing file /home/airflow/.local/lib/python3.7/site-packages/airflow/example_dags/example_external_task_marker_dag.py for tasks to queue
[2023-04-10T02:09:58.120+0000] {logging_mixin.py:137} INFO - [2023-04-10T02:09:58.120+0000] {dagbag.py:532} INFO - Filling up the DagBag from /home/airflow/.local/lib/python3.7/site-packages/airflow/example_dags/example_external_task_marker_dag.py
[2023-04-10T02:09:58.140+0000] {processor.py:753} INFO - DAG(s) dict_keys(['example_external_task_marker_child', 'example_external_task_marker_parent']) retrieved from /home/airflow/.local/lib/python3.7/site-packages/airflow/example_dags/example_external_task_marker_dag.py
[2023-04-10T02:09:58.193+0000] {logging_mixin.py:137} INFO - [2023-04-10T02:09:58.193+0000] {dag.py:2705} INFO - Sync 2 DAGs
[2023-04-10T02:09:58.235+0000] {logging_mixin.py:137} INFO - [2023-04-10T02:09:58.235+0000] {dag.py:3456} INFO - Setting next_dagrun for example_external_task_marker_child to None, run_after=None
[2023-04-10T02:09:58.240+0000] {logging_mixin.py:137} INFO - [2023-04-10T02:09:58.239+0000] {dag.py:3456} INFO - Setting next_dagrun for example_external_task_marker_parent to None, run_after=None
[2023-04-10T02:09:58.261+0000] {processor.py:175} INFO - Processing /home/airflow/.local/lib/python3.7/site-packages/airflow/example_dags/example_external_task_marker_dag.py took 0.147 seconds
[2023-04-10T02:10:28.331+0000] {processor.py:153} INFO - Started process (PID=358) to work on /home/airflow/.local/lib/python3.7/site-packages/airflow/example_dags/example_external_task_marker_dag.py
[2023-04-10T02:10:28.332+0000] {processor.py:743} INFO - Processing file /home/airflow/.local/lib/python3.7/site-packages/airflow/example_dags/example_external_task_marker_dag.py for tasks to queue
[2023-04-10T02:10:28.333+0000] {logging_mixin.py:137} INFO - [2023-04-10T02:10:28.333+0000] {dagbag.py:532} INFO - Filling up the DagBag from /home/airflow/.local/lib/python3.7/site-packages/airflow/example_dags/example_external_task_marker_dag.py
[2023-04-10T02:10:28.352+0000] {processor.py:753} INFO - DAG(s) dict_keys(['example_external_task_marker_child', 'example_external_task_marker_parent']) retrieved from /home/airflow/.local/lib/python3.7/site-packages/airflow/example_dags/example_external_task_marker_dag.py
[2023-04-10T02:10:28.399+0000] {logging_mixin.py:137} INFO - [2023-04-10T02:10:28.399+0000] {dag.py:2705} INFO - Sync 2 DAGs
[2023-04-10T02:10:28.440+0000] {logging_mixin.py:137} INFO - [2023-04-10T02:10:28.440+0000] {dag.py:3456} INFO - Setting next_dagrun for example_external_task_marker_child to None, run_after=None
[2023-04-10T02:10:28.445+0000] {logging_mixin.py:137} INFO - [2023-04-10T02:10:28.445+0000] {dag.py:3456} INFO - Setting next_dagrun for example_external_task_marker_parent to None, run_after=None
[2023-04-10T02:10:28.466+0000] {processor.py:175} INFO - Processing /home/airflow/.local/lib/python3.7/site-packages/airflow/example_dags/example_external_task_marker_dag.py took 0.139 seconds
[2023-04-10T02:10:58.645+0000] {processor.py:153} INFO - Started process (PID=408) to work on /home/airflow/.local/lib/python3.7/site-packages/airflow/example_dags/example_external_task_marker_dag.py
[2023-04-10T02:10:58.646+0000] {processor.py:743} INFO - Processing file /home/airflow/.local/lib/python3.7/site-packages/airflow/example_dags/example_external_task_marker_dag.py for tasks to queue
[2023-04-10T02:10:58.647+0000] {logging_mixin.py:137} INFO - [2023-04-10T02:10:58.647+0000] {dagbag.py:532} INFO - Filling up the DagBag from /home/airflow/.local/lib/python3.7/site-packages/airflow/example_dags/example_external_task_marker_dag.py
[2023-04-10T02:10:58.666+0000] {processor.py:753} INFO - DAG(s) dict_keys(['example_external_task_marker_child', 'example_external_task_marker_parent']) retrieved from /home/airflow/.local/lib/python3.7/site-packages/airflow/example_dags/example_external_task_marker_dag.py
[2023-04-10T02:10:58.706+0000] {logging_mixin.py:137} INFO - [2023-04-10T02:10:58.705+0000] {dag.py:2705} INFO - Sync 2 DAGs
[2023-04-10T02:10:58.747+0000] {logging_mixin.py:137} INFO - [2023-04-10T02:10:58.746+0000] {dag.py:3456} INFO - Setting next_dagrun for example_external_task_marker_child to None, run_after=None
[2023-04-10T02:10:58.751+0000] {logging_mixin.py:137} INFO - [2023-04-10T02:10:58.751+0000] {dag.py:3456} INFO - Setting next_dagrun for example_external_task_marker_parent to None, run_after=None
[2023-04-10T02:10:58.772+0000] {processor.py:175} INFO - Processing /home/airflow/.local/lib/python3.7/site-packages/airflow/example_dags/example_external_task_marker_dag.py took 0.132 seconds
[2023-04-10T02:11:29.183+0000] {processor.py:153} INFO - Started process (PID=458) to work on /home/airflow/.local/lib/python3.7/site-packages/airflow/example_dags/example_external_task_marker_dag.py
[2023-04-10T02:11:29.184+0000] {processor.py:743} INFO - Processing file /home/airflow/.local/lib/python3.7/site-packages/airflow/example_dags/example_external_task_marker_dag.py for tasks to queue
[2023-04-10T02:11:29.185+0000] {logging_mixin.py:137} INFO - [2023-04-10T02:11:29.185+0000] {dagbag.py:532} INFO - Filling up the DagBag from /home/airflow/.local/lib/python3.7/site-packages/airflow/example_dags/example_external_task_marker_dag.py
[2023-04-10T02:11:29.204+0000] {processor.py:753} INFO - DAG(s) dict_keys(['example_external_task_marker_parent', 'example_external_task_marker_child']) retrieved from /home/airflow/.local/lib/python3.7/site-packages/airflow/example_dags/example_external_task_marker_dag.py
[2023-04-10T02:11:29.248+0000] {logging_mixin.py:137} INFO - [2023-04-10T02:11:29.248+0000] {dag.py:2705} INFO - Sync 2 DAGs
[2023-04-10T02:11:29.289+0000] {logging_mixin.py:137} INFO - [2023-04-10T02:11:29.288+0000] {dag.py:3456} INFO - Setting next_dagrun for example_external_task_marker_child to None, run_after=None
[2023-04-10T02:11:29.295+0000] {logging_mixin.py:137} INFO - [2023-04-10T02:11:29.295+0000] {dag.py:3456} INFO - Setting next_dagrun for example_external_task_marker_parent to None, run_after=None
[2023-04-10T02:11:29.316+0000] {processor.py:175} INFO - Processing /home/airflow/.local/lib/python3.7/site-packages/airflow/example_dags/example_external_task_marker_dag.py took 0.137 seconds
[2023-04-10T02:12:00.232+0000] {processor.py:153} INFO - Started process (PID=508) to work on /home/airflow/.local/lib/python3.7/site-packages/airflow/example_dags/example_external_task_marker_dag.py
[2023-04-10T02:12:00.237+0000] {processor.py:743} INFO - Processing file /home/airflow/.local/lib/python3.7/site-packages/airflow/example_dags/example_external_task_marker_dag.py for tasks to queue
[2023-04-10T02:12:00.237+0000] {logging_mixin.py:137} INFO - [2023-04-10T02:12:00.237+0000] {dagbag.py:532} INFO - Filling up the DagBag from /home/airflow/.local/lib/python3.7/site-packages/airflow/example_dags/example_external_task_marker_dag.py
[2023-04-10T02:12:00.280+0000] {processor.py:753} INFO - DAG(s) dict_keys(['example_external_task_marker_child', 'example_external_task_marker_parent']) retrieved from /home/airflow/.local/lib/python3.7/site-packages/airflow/example_dags/example_external_task_marker_dag.py
[2023-04-10T02:12:00.347+0000] {logging_mixin.py:137} INFO - [2023-04-10T02:12:00.347+0000] {dag.py:2705} INFO - Sync 2 DAGs
[2023-04-10T02:12:00.423+0000] {logging_mixin.py:137} INFO - [2023-04-10T02:12:00.423+0000] {dag.py:3456} INFO - Setting next_dagrun for example_external_task_marker_child to None, run_after=None
[2023-04-10T02:12:00.435+0000] {logging_mixin.py:137} INFO - [2023-04-10T02:12:00.435+0000] {dag.py:3456} INFO - Setting next_dagrun for example_external_task_marker_parent to None, run_after=None
[2023-04-10T02:12:00.479+0000] {processor.py:175} INFO - Processing /home/airflow/.local/lib/python3.7/site-packages/airflow/example_dags/example_external_task_marker_dag.py took 0.251 seconds
