[2023-04-10T02:07:23.066+0000] {processor.py:153} INFO - Started process (PID=51) to work on /home/airflow/.local/lib/python3.7/site-packages/airflow/example_dags/example_bash_operator.py
[2023-04-10T02:07:23.070+0000] {processor.py:743} INFO - Processing file /home/airflow/.local/lib/python3.7/site-packages/airflow/example_dags/example_bash_operator.py for tasks to queue
[2023-04-10T02:07:23.077+0000] {logging_mixin.py:137} INFO - [2023-04-10T02:07:23.076+0000] {dagbag.py:532} INFO - Filling up the DagBag from /home/airflow/.local/lib/python3.7/site-packages/airflow/example_dags/example_bash_operator.py
[2023-04-10T02:07:23.233+0000] {processor.py:753} INFO - DAG(s) dict_keys(['example_bash_operator']) retrieved from /home/airflow/.local/lib/python3.7/site-packages/airflow/example_dags/example_bash_operator.py
[2023-04-10T02:07:23.486+0000] {logging_mixin.py:137} INFO - [2023-04-10T02:07:23.485+0000] {dag.py:2705} INFO - Sync 1 DAGs
[2023-04-10T02:07:23.647+0000] {logging_mixin.py:137} INFO - [2023-04-10T02:07:23.647+0000] {dag.py:3456} INFO - Setting next_dagrun for example_bash_operator to 2023-04-09T00:00:00+00:00, run_after=2023-04-10T00:00:00+00:00
[2023-04-10T02:07:23.713+0000] {processor.py:175} INFO - Processing /home/airflow/.local/lib/python3.7/site-packages/airflow/example_dags/example_bash_operator.py took 0.666 seconds
[2023-04-10T02:07:54.111+0000] {processor.py:153} INFO - Started process (PID=102) to work on /home/airflow/.local/lib/python3.7/site-packages/airflow/example_dags/example_bash_operator.py
[2023-04-10T02:07:54.112+0000] {processor.py:743} INFO - Processing file /home/airflow/.local/lib/python3.7/site-packages/airflow/example_dags/example_bash_operator.py for tasks to queue
[2023-04-10T02:07:54.113+0000] {logging_mixin.py:137} INFO - [2023-04-10T02:07:54.113+0000] {dagbag.py:532} INFO - Filling up the DagBag from /home/airflow/.local/lib/python3.7/site-packages/airflow/example_dags/example_bash_operator.py
[2023-04-10T02:07:54.144+0000] {processor.py:753} INFO - DAG(s) dict_keys(['example_bash_operator']) retrieved from /home/airflow/.local/lib/python3.7/site-packages/airflow/example_dags/example_bash_operator.py
[2023-04-10T02:07:54.218+0000] {logging_mixin.py:137} INFO - [2023-04-10T02:07:54.218+0000] {dag.py:2705} INFO - Sync 1 DAGs
[2023-04-10T02:07:54.261+0000] {logging_mixin.py:137} INFO - [2023-04-10T02:07:54.261+0000] {dag.py:3456} INFO - Setting next_dagrun for example_bash_operator to 2023-04-09T00:00:00+00:00, run_after=2023-04-10T00:00:00+00:00
[2023-04-10T02:07:54.282+0000] {processor.py:175} INFO - Processing /home/airflow/.local/lib/python3.7/site-packages/airflow/example_dags/example_bash_operator.py took 0.175 seconds
[2023-04-10T02:08:24.759+0000] {processor.py:153} INFO - Started process (PID=152) to work on /home/airflow/.local/lib/python3.7/site-packages/airflow/example_dags/example_bash_operator.py
[2023-04-10T02:08:24.760+0000] {processor.py:743} INFO - Processing file /home/airflow/.local/lib/python3.7/site-packages/airflow/example_dags/example_bash_operator.py for tasks to queue
[2023-04-10T02:08:24.760+0000] {logging_mixin.py:137} INFO - [2023-04-10T02:08:24.760+0000] {dagbag.py:532} INFO - Filling up the DagBag from /home/airflow/.local/lib/python3.7/site-packages/airflow/example_dags/example_bash_operator.py
[2023-04-10T02:08:24.799+0000] {processor.py:753} INFO - DAG(s) dict_keys(['example_bash_operator']) retrieved from /home/airflow/.local/lib/python3.7/site-packages/airflow/example_dags/example_bash_operator.py
[2023-04-10T02:08:24.862+0000] {logging_mixin.py:137} INFO - [2023-04-10T02:08:24.862+0000] {dag.py:2705} INFO - Sync 1 DAGs
[2023-04-10T02:08:24.904+0000] {logging_mixin.py:137} INFO - [2023-04-10T02:08:24.904+0000] {dag.py:3456} INFO - Setting next_dagrun for example_bash_operator to 2023-04-09T00:00:00+00:00, run_after=2023-04-10T00:00:00+00:00
[2023-04-10T02:08:24.927+0000] {processor.py:175} INFO - Processing /home/airflow/.local/lib/python3.7/site-packages/airflow/example_dags/example_bash_operator.py took 0.176 seconds
[2023-04-10T02:08:55.030+0000] {processor.py:153} INFO - Started process (PID=202) to work on /home/airflow/.local/lib/python3.7/site-packages/airflow/example_dags/example_bash_operator.py
[2023-04-10T02:08:55.031+0000] {processor.py:743} INFO - Processing file /home/airflow/.local/lib/python3.7/site-packages/airflow/example_dags/example_bash_operator.py for tasks to queue
[2023-04-10T02:08:55.032+0000] {logging_mixin.py:137} INFO - [2023-04-10T02:08:55.031+0000] {dagbag.py:532} INFO - Filling up the DagBag from /home/airflow/.local/lib/python3.7/site-packages/airflow/example_dags/example_bash_operator.py
[2023-04-10T02:08:55.096+0000] {processor.py:753} INFO - DAG(s) dict_keys(['example_bash_operator']) retrieved from /home/airflow/.local/lib/python3.7/site-packages/airflow/example_dags/example_bash_operator.py
[2023-04-10T02:08:55.164+0000] {logging_mixin.py:137} INFO - [2023-04-10T02:08:55.164+0000] {dag.py:2705} INFO - Sync 1 DAGs
[2023-04-10T02:08:55.204+0000] {logging_mixin.py:137} INFO - [2023-04-10T02:08:55.204+0000] {dag.py:3456} INFO - Setting next_dagrun for example_bash_operator to 2023-04-09T00:00:00+00:00, run_after=2023-04-10T00:00:00+00:00
[2023-04-10T02:08:55.221+0000] {processor.py:175} INFO - Processing /home/airflow/.local/lib/python3.7/site-packages/airflow/example_dags/example_bash_operator.py took 0.198 seconds
[2023-04-10T02:09:25.248+0000] {processor.py:153} INFO - Started process (PID=252) to work on /home/airflow/.local/lib/python3.7/site-packages/airflow/example_dags/example_bash_operator.py
[2023-04-10T02:09:25.250+0000] {processor.py:743} INFO - Processing file /home/airflow/.local/lib/python3.7/site-packages/airflow/example_dags/example_bash_operator.py for tasks to queue
[2023-04-10T02:09:25.251+0000] {logging_mixin.py:137} INFO - [2023-04-10T02:09:25.251+0000] {dagbag.py:532} INFO - Filling up the DagBag from /home/airflow/.local/lib/python3.7/site-packages/airflow/example_dags/example_bash_operator.py
[2023-04-10T02:09:25.282+0000] {processor.py:753} INFO - DAG(s) dict_keys(['example_bash_operator']) retrieved from /home/airflow/.local/lib/python3.7/site-packages/airflow/example_dags/example_bash_operator.py
[2023-04-10T02:09:25.342+0000] {logging_mixin.py:137} INFO - [2023-04-10T02:09:25.342+0000] {dag.py:2705} INFO - Sync 1 DAGs
[2023-04-10T02:09:25.386+0000] {logging_mixin.py:137} INFO - [2023-04-10T02:09:25.385+0000] {dag.py:3456} INFO - Setting next_dagrun for example_bash_operator to 2023-04-09T00:00:00+00:00, run_after=2023-04-10T00:00:00+00:00
[2023-04-10T02:09:25.410+0000] {processor.py:175} INFO - Processing /home/airflow/.local/lib/python3.7/site-packages/airflow/example_dags/example_bash_operator.py took 0.167 seconds
[2023-04-10T02:09:55.716+0000] {processor.py:153} INFO - Started process (PID=303) to work on /home/airflow/.local/lib/python3.7/site-packages/airflow/example_dags/example_bash_operator.py
[2023-04-10T02:09:55.716+0000] {processor.py:743} INFO - Processing file /home/airflow/.local/lib/python3.7/site-packages/airflow/example_dags/example_bash_operator.py for tasks to queue
[2023-04-10T02:09:55.717+0000] {logging_mixin.py:137} INFO - [2023-04-10T02:09:55.717+0000] {dagbag.py:532} INFO - Filling up the DagBag from /home/airflow/.local/lib/python3.7/site-packages/airflow/example_dags/example_bash_operator.py
[2023-04-10T02:09:55.749+0000] {processor.py:753} INFO - DAG(s) dict_keys(['example_bash_operator']) retrieved from /home/airflow/.local/lib/python3.7/site-packages/airflow/example_dags/example_bash_operator.py
[2023-04-10T02:09:55.809+0000] {logging_mixin.py:137} INFO - [2023-04-10T02:09:55.809+0000] {dag.py:2705} INFO - Sync 1 DAGs
[2023-04-10T02:09:55.858+0000] {logging_mixin.py:137} INFO - [2023-04-10T02:09:55.857+0000] {dag.py:3456} INFO - Setting next_dagrun for example_bash_operator to 2023-04-09T00:00:00+00:00, run_after=2023-04-10T00:00:00+00:00
[2023-04-10T02:09:55.881+0000] {processor.py:175} INFO - Processing /home/airflow/.local/lib/python3.7/site-packages/airflow/example_dags/example_bash_operator.py took 0.170 seconds
[2023-04-10T02:10:25.925+0000] {processor.py:153} INFO - Started process (PID=354) to work on /home/airflow/.local/lib/python3.7/site-packages/airflow/example_dags/example_bash_operator.py
[2023-04-10T02:10:25.926+0000] {processor.py:743} INFO - Processing file /home/airflow/.local/lib/python3.7/site-packages/airflow/example_dags/example_bash_operator.py for tasks to queue
[2023-04-10T02:10:25.927+0000] {logging_mixin.py:137} INFO - [2023-04-10T02:10:25.926+0000] {dagbag.py:532} INFO - Filling up the DagBag from /home/airflow/.local/lib/python3.7/site-packages/airflow/example_dags/example_bash_operator.py
[2023-04-10T02:10:25.959+0000] {processor.py:753} INFO - DAG(s) dict_keys(['example_bash_operator']) retrieved from /home/airflow/.local/lib/python3.7/site-packages/airflow/example_dags/example_bash_operator.py
[2023-04-10T02:10:26.020+0000] {logging_mixin.py:137} INFO - [2023-04-10T02:10:26.020+0000] {dag.py:2705} INFO - Sync 1 DAGs
[2023-04-10T02:10:26.062+0000] {logging_mixin.py:137} INFO - [2023-04-10T02:10:26.062+0000] {dag.py:3456} INFO - Setting next_dagrun for example_bash_operator to 2023-04-09T00:00:00+00:00, run_after=2023-04-10T00:00:00+00:00
[2023-04-10T02:10:26.086+0000] {processor.py:175} INFO - Processing /home/airflow/.local/lib/python3.7/site-packages/airflow/example_dags/example_bash_operator.py took 0.166 seconds
[2023-04-10T02:10:56.245+0000] {processor.py:153} INFO - Started process (PID=404) to work on /home/airflow/.local/lib/python3.7/site-packages/airflow/example_dags/example_bash_operator.py
[2023-04-10T02:10:56.246+0000] {processor.py:743} INFO - Processing file /home/airflow/.local/lib/python3.7/site-packages/airflow/example_dags/example_bash_operator.py for tasks to queue
[2023-04-10T02:10:56.247+0000] {logging_mixin.py:137} INFO - [2023-04-10T02:10:56.247+0000] {dagbag.py:532} INFO - Filling up the DagBag from /home/airflow/.local/lib/python3.7/site-packages/airflow/example_dags/example_bash_operator.py
[2023-04-10T02:10:56.279+0000] {processor.py:753} INFO - DAG(s) dict_keys(['example_bash_operator']) retrieved from /home/airflow/.local/lib/python3.7/site-packages/airflow/example_dags/example_bash_operator.py
[2023-04-10T02:10:56.338+0000] {logging_mixin.py:137} INFO - [2023-04-10T02:10:56.338+0000] {dag.py:2705} INFO - Sync 1 DAGs
[2023-04-10T02:10:56.386+0000] {logging_mixin.py:137} INFO - [2023-04-10T02:10:56.386+0000] {dag.py:3456} INFO - Setting next_dagrun for example_bash_operator to 2023-04-09T00:00:00+00:00, run_after=2023-04-10T00:00:00+00:00
[2023-04-10T02:10:56.409+0000] {processor.py:175} INFO - Processing /home/airflow/.local/lib/python3.7/site-packages/airflow/example_dags/example_bash_operator.py took 0.168 seconds
[2023-04-10T02:11:26.788+0000] {processor.py:153} INFO - Started process (PID=454) to work on /home/airflow/.local/lib/python3.7/site-packages/airflow/example_dags/example_bash_operator.py
[2023-04-10T02:11:26.789+0000] {processor.py:743} INFO - Processing file /home/airflow/.local/lib/python3.7/site-packages/airflow/example_dags/example_bash_operator.py for tasks to queue
[2023-04-10T02:11:26.790+0000] {logging_mixin.py:137} INFO - [2023-04-10T02:11:26.789+0000] {dagbag.py:532} INFO - Filling up the DagBag from /home/airflow/.local/lib/python3.7/site-packages/airflow/example_dags/example_bash_operator.py
[2023-04-10T02:11:26.821+0000] {processor.py:753} INFO - DAG(s) dict_keys(['example_bash_operator']) retrieved from /home/airflow/.local/lib/python3.7/site-packages/airflow/example_dags/example_bash_operator.py
[2023-04-10T02:11:26.886+0000] {logging_mixin.py:137} INFO - [2023-04-10T02:11:26.886+0000] {dag.py:2705} INFO - Sync 1 DAGs
[2023-04-10T02:11:26.929+0000] {logging_mixin.py:137} INFO - [2023-04-10T02:11:26.929+0000] {dag.py:3456} INFO - Setting next_dagrun for example_bash_operator to 2023-04-09T00:00:00+00:00, run_after=2023-04-10T00:00:00+00:00
[2023-04-10T02:11:26.953+0000] {processor.py:175} INFO - Processing /home/airflow/.local/lib/python3.7/site-packages/airflow/example_dags/example_bash_operator.py took 0.170 seconds
[2023-04-10T02:11:57.758+0000] {processor.py:153} INFO - Started process (PID=504) to work on /home/airflow/.local/lib/python3.7/site-packages/airflow/example_dags/example_bash_operator.py
[2023-04-10T02:11:57.775+0000] {processor.py:743} INFO - Processing file /home/airflow/.local/lib/python3.7/site-packages/airflow/example_dags/example_bash_operator.py for tasks to queue
[2023-04-10T02:11:57.776+0000] {logging_mixin.py:137} INFO - [2023-04-10T02:11:57.776+0000] {dagbag.py:532} INFO - Filling up the DagBag from /home/airflow/.local/lib/python3.7/site-packages/airflow/example_dags/example_bash_operator.py
[2023-04-10T02:11:57.887+0000] {processor.py:753} INFO - DAG(s) dict_keys(['example_bash_operator']) retrieved from /home/airflow/.local/lib/python3.7/site-packages/airflow/example_dags/example_bash_operator.py
[2023-04-10T02:11:58.110+0000] {logging_mixin.py:137} INFO - [2023-04-10T02:11:58.109+0000] {dag.py:2705} INFO - Sync 1 DAGs
[2023-04-10T02:11:58.225+0000] {logging_mixin.py:137} INFO - [2023-04-10T02:11:58.224+0000] {dag.py:3456} INFO - Setting next_dagrun for example_bash_operator to 2023-04-09T00:00:00+00:00, run_after=2023-04-10T00:00:00+00:00
[2023-04-10T02:11:58.298+0000] {processor.py:175} INFO - Processing /home/airflow/.local/lib/python3.7/site-packages/airflow/example_dags/example_bash_operator.py took 0.553 seconds
