[2023-04-10T02:07:22.014+0000] {processor.py:153} INFO - Started process (PID=48) to work on /home/airflow/.local/lib/python3.7/site-packages/airflow/example_dags/example_skip_dag.py
[2023-04-10T02:07:22.015+0000] {processor.py:743} INFO - Processing file /home/airflow/.local/lib/python3.7/site-packages/airflow/example_dags/example_skip_dag.py for tasks to queue
[2023-04-10T02:07:22.015+0000] {logging_mixin.py:137} INFO - [2023-04-10T02:07:22.015+0000] {dagbag.py:532} INFO - Filling up the DagBag from /home/airflow/.local/lib/python3.7/site-packages/airflow/example_dags/example_skip_dag.py
[2023-04-10T02:07:22.111+0000] {processor.py:753} INFO - DAG(s) dict_keys(['example_skip_dag']) retrieved from /home/airflow/.local/lib/python3.7/site-packages/airflow/example_dags/example_skip_dag.py
[2023-04-10T02:07:22.219+0000] {logging_mixin.py:137} INFO - [2023-04-10T02:07:22.219+0000] {dag.py:2705} INFO - Sync 1 DAGs
[2023-04-10T02:07:22.395+0000] {logging_mixin.py:137} INFO - [2023-04-10T02:07:22.395+0000] {dag.py:3456} INFO - Setting next_dagrun for example_skip_dag to 2023-04-09T02:07:22.395262+00:00, run_after=2023-04-10T02:07:22.395262+00:00
[2023-04-10T02:07:22.489+0000] {processor.py:175} INFO - Processing /home/airflow/.local/lib/python3.7/site-packages/airflow/example_dags/example_skip_dag.py took 0.480 seconds
[2023-04-10T02:07:52.993+0000] {processor.py:153} INFO - Started process (PID=99) to work on /home/airflow/.local/lib/python3.7/site-packages/airflow/example_dags/example_skip_dag.py
[2023-04-10T02:07:52.994+0000] {processor.py:743} INFO - Processing file /home/airflow/.local/lib/python3.7/site-packages/airflow/example_dags/example_skip_dag.py for tasks to queue
[2023-04-10T02:07:52.994+0000] {logging_mixin.py:137} INFO - [2023-04-10T02:07:52.994+0000] {dagbag.py:532} INFO - Filling up the DagBag from /home/airflow/.local/lib/python3.7/site-packages/airflow/example_dags/example_skip_dag.py
[2023-04-10T02:07:53.007+0000] {processor.py:753} INFO - DAG(s) dict_keys(['example_skip_dag']) retrieved from /home/airflow/.local/lib/python3.7/site-packages/airflow/example_dags/example_skip_dag.py
[2023-04-10T02:07:53.032+0000] {logging_mixin.py:137} INFO - [2023-04-10T02:07:53.031+0000] {dag.py:2705} INFO - Sync 1 DAGs
[2023-04-10T02:07:53.057+0000] {logging_mixin.py:137} INFO - [2023-04-10T02:07:53.057+0000] {dag.py:3456} INFO - Setting next_dagrun for example_skip_dag to 2023-04-09T02:07:53.057604+00:00, run_after=2023-04-10T02:07:53.057604+00:00
[2023-04-10T02:07:53.074+0000] {processor.py:175} INFO - Processing /home/airflow/.local/lib/python3.7/site-packages/airflow/example_dags/example_skip_dag.py took 0.084 seconds
[2023-04-10T02:08:23.574+0000] {processor.py:153} INFO - Started process (PID=149) to work on /home/airflow/.local/lib/python3.7/site-packages/airflow/example_dags/example_skip_dag.py
[2023-04-10T02:08:23.575+0000] {processor.py:743} INFO - Processing file /home/airflow/.local/lib/python3.7/site-packages/airflow/example_dags/example_skip_dag.py for tasks to queue
[2023-04-10T02:08:23.576+0000] {logging_mixin.py:137} INFO - [2023-04-10T02:08:23.576+0000] {dagbag.py:532} INFO - Filling up the DagBag from /home/airflow/.local/lib/python3.7/site-packages/airflow/example_dags/example_skip_dag.py
[2023-04-10T02:08:23.596+0000] {processor.py:753} INFO - DAG(s) dict_keys(['example_skip_dag']) retrieved from /home/airflow/.local/lib/python3.7/site-packages/airflow/example_dags/example_skip_dag.py
[2023-04-10T02:08:23.634+0000] {logging_mixin.py:137} INFO - [2023-04-10T02:08:23.634+0000] {dag.py:2705} INFO - Sync 1 DAGs
[2023-04-10T02:08:23.687+0000] {logging_mixin.py:137} INFO - [2023-04-10T02:08:23.687+0000] {dag.py:3456} INFO - Setting next_dagrun for example_skip_dag to 2023-04-09T02:08:23.687172+00:00, run_after=2023-04-10T02:08:23.687172+00:00
[2023-04-10T02:08:23.712+0000] {processor.py:175} INFO - Processing /home/airflow/.local/lib/python3.7/site-packages/airflow/example_dags/example_skip_dag.py took 0.142 seconds
[2023-04-10T02:08:53.856+0000] {processor.py:153} INFO - Started process (PID=199) to work on /home/airflow/.local/lib/python3.7/site-packages/airflow/example_dags/example_skip_dag.py
[2023-04-10T02:08:53.857+0000] {processor.py:743} INFO - Processing file /home/airflow/.local/lib/python3.7/site-packages/airflow/example_dags/example_skip_dag.py for tasks to queue
[2023-04-10T02:08:53.858+0000] {logging_mixin.py:137} INFO - [2023-04-10T02:08:53.858+0000] {dagbag.py:532} INFO - Filling up the DagBag from /home/airflow/.local/lib/python3.7/site-packages/airflow/example_dags/example_skip_dag.py
[2023-04-10T02:08:53.878+0000] {processor.py:753} INFO - DAG(s) dict_keys(['example_skip_dag']) retrieved from /home/airflow/.local/lib/python3.7/site-packages/airflow/example_dags/example_skip_dag.py
[2023-04-10T02:08:53.919+0000] {logging_mixin.py:137} INFO - [2023-04-10T02:08:53.918+0000] {dag.py:2705} INFO - Sync 1 DAGs
[2023-04-10T02:08:53.959+0000] {logging_mixin.py:137} INFO - [2023-04-10T02:08:53.959+0000] {dag.py:3456} INFO - Setting next_dagrun for example_skip_dag to 2023-04-09T02:08:53.959135+00:00, run_after=2023-04-10T02:08:53.959135+00:00
[2023-04-10T02:08:53.986+0000] {processor.py:175} INFO - Processing /home/airflow/.local/lib/python3.7/site-packages/airflow/example_dags/example_skip_dag.py took 0.135 seconds
[2023-04-10T02:09:24.130+0000] {processor.py:153} INFO - Started process (PID=249) to work on /home/airflow/.local/lib/python3.7/site-packages/airflow/example_dags/example_skip_dag.py
[2023-04-10T02:09:24.131+0000] {processor.py:743} INFO - Processing file /home/airflow/.local/lib/python3.7/site-packages/airflow/example_dags/example_skip_dag.py for tasks to queue
[2023-04-10T02:09:24.131+0000] {logging_mixin.py:137} INFO - [2023-04-10T02:09:24.131+0000] {dagbag.py:532} INFO - Filling up the DagBag from /home/airflow/.local/lib/python3.7/site-packages/airflow/example_dags/example_skip_dag.py
[2023-04-10T02:09:24.145+0000] {processor.py:753} INFO - DAG(s) dict_keys(['example_skip_dag']) retrieved from /home/airflow/.local/lib/python3.7/site-packages/airflow/example_dags/example_skip_dag.py
[2023-04-10T02:09:24.169+0000] {logging_mixin.py:137} INFO - [2023-04-10T02:09:24.169+0000] {dag.py:2705} INFO - Sync 1 DAGs
[2023-04-10T02:09:24.194+0000] {logging_mixin.py:137} INFO - [2023-04-10T02:09:24.194+0000] {dag.py:3456} INFO - Setting next_dagrun for example_skip_dag to 2023-04-09T02:09:24.193813+00:00, run_after=2023-04-10T02:09:24.193813+00:00
[2023-04-10T02:09:24.212+0000] {processor.py:175} INFO - Processing /home/airflow/.local/lib/python3.7/site-packages/airflow/example_dags/example_skip_dag.py took 0.085 seconds
[2023-04-10T02:09:54.595+0000] {processor.py:153} INFO - Started process (PID=300) to work on /home/airflow/.local/lib/python3.7/site-packages/airflow/example_dags/example_skip_dag.py
[2023-04-10T02:09:54.596+0000] {processor.py:743} INFO - Processing file /home/airflow/.local/lib/python3.7/site-packages/airflow/example_dags/example_skip_dag.py for tasks to queue
[2023-04-10T02:09:54.596+0000] {logging_mixin.py:137} INFO - [2023-04-10T02:09:54.596+0000] {dagbag.py:532} INFO - Filling up the DagBag from /home/airflow/.local/lib/python3.7/site-packages/airflow/example_dags/example_skip_dag.py
[2023-04-10T02:09:54.612+0000] {processor.py:753} INFO - DAG(s) dict_keys(['example_skip_dag']) retrieved from /home/airflow/.local/lib/python3.7/site-packages/airflow/example_dags/example_skip_dag.py
[2023-04-10T02:09:54.637+0000] {logging_mixin.py:137} INFO - [2023-04-10T02:09:54.636+0000] {dag.py:2705} INFO - Sync 1 DAGs
[2023-04-10T02:09:54.663+0000] {logging_mixin.py:137} INFO - [2023-04-10T02:09:54.662+0000] {dag.py:3456} INFO - Setting next_dagrun for example_skip_dag to 2023-04-09T02:09:54.662638+00:00, run_after=2023-04-10T02:09:54.662638+00:00
[2023-04-10T02:09:54.680+0000] {processor.py:175} INFO - Processing /home/airflow/.local/lib/python3.7/site-packages/airflow/example_dags/example_skip_dag.py took 0.088 seconds
[2023-04-10T02:10:24.796+0000] {processor.py:153} INFO - Started process (PID=351) to work on /home/airflow/.local/lib/python3.7/site-packages/airflow/example_dags/example_skip_dag.py
[2023-04-10T02:10:24.796+0000] {processor.py:743} INFO - Processing file /home/airflow/.local/lib/python3.7/site-packages/airflow/example_dags/example_skip_dag.py for tasks to queue
[2023-04-10T02:10:24.797+0000] {logging_mixin.py:137} INFO - [2023-04-10T02:10:24.797+0000] {dagbag.py:532} INFO - Filling up the DagBag from /home/airflow/.local/lib/python3.7/site-packages/airflow/example_dags/example_skip_dag.py
[2023-04-10T02:10:24.811+0000] {processor.py:753} INFO - DAG(s) dict_keys(['example_skip_dag']) retrieved from /home/airflow/.local/lib/python3.7/site-packages/airflow/example_dags/example_skip_dag.py
[2023-04-10T02:10:24.836+0000] {logging_mixin.py:137} INFO - [2023-04-10T02:10:24.836+0000] {dag.py:2705} INFO - Sync 1 DAGs
[2023-04-10T02:10:24.861+0000] {logging_mixin.py:137} INFO - [2023-04-10T02:10:24.860+0000] {dag.py:3456} INFO - Setting next_dagrun for example_skip_dag to 2023-04-09T02:10:24.860704+00:00, run_after=2023-04-10T02:10:24.860704+00:00
[2023-04-10T02:10:24.878+0000] {processor.py:175} INFO - Processing /home/airflow/.local/lib/python3.7/site-packages/airflow/example_dags/example_skip_dag.py took 0.085 seconds
[2023-04-10T02:10:55.127+0000] {processor.py:153} INFO - Started process (PID=401) to work on /home/airflow/.local/lib/python3.7/site-packages/airflow/example_dags/example_skip_dag.py
[2023-04-10T02:10:55.128+0000] {processor.py:743} INFO - Processing file /home/airflow/.local/lib/python3.7/site-packages/airflow/example_dags/example_skip_dag.py for tasks to queue
[2023-04-10T02:10:55.129+0000] {logging_mixin.py:137} INFO - [2023-04-10T02:10:55.129+0000] {dagbag.py:532} INFO - Filling up the DagBag from /home/airflow/.local/lib/python3.7/site-packages/airflow/example_dags/example_skip_dag.py
[2023-04-10T02:10:55.142+0000] {processor.py:753} INFO - DAG(s) dict_keys(['example_skip_dag']) retrieved from /home/airflow/.local/lib/python3.7/site-packages/airflow/example_dags/example_skip_dag.py
[2023-04-10T02:10:55.166+0000] {logging_mixin.py:137} INFO - [2023-04-10T02:10:55.166+0000] {dag.py:2705} INFO - Sync 1 DAGs
[2023-04-10T02:10:55.191+0000] {logging_mixin.py:137} INFO - [2023-04-10T02:10:55.191+0000] {dag.py:3456} INFO - Setting next_dagrun for example_skip_dag to 2023-04-09T02:10:55.191364+00:00, run_after=2023-04-10T02:10:55.191364+00:00
[2023-04-10T02:10:55.208+0000] {processor.py:175} INFO - Processing /home/airflow/.local/lib/python3.7/site-packages/airflow/example_dags/example_skip_dag.py took 0.085 seconds
[2023-04-10T02:11:25.520+0000] {processor.py:153} INFO - Started process (PID=451) to work on /home/airflow/.local/lib/python3.7/site-packages/airflow/example_dags/example_skip_dag.py
[2023-04-10T02:11:25.521+0000] {processor.py:743} INFO - Processing file /home/airflow/.local/lib/python3.7/site-packages/airflow/example_dags/example_skip_dag.py for tasks to queue
[2023-04-10T02:11:25.521+0000] {logging_mixin.py:137} INFO - [2023-04-10T02:11:25.521+0000] {dagbag.py:532} INFO - Filling up the DagBag from /home/airflow/.local/lib/python3.7/site-packages/airflow/example_dags/example_skip_dag.py
[2023-04-10T02:11:25.557+0000] {processor.py:753} INFO - DAG(s) dict_keys(['example_skip_dag']) retrieved from /home/airflow/.local/lib/python3.7/site-packages/airflow/example_dags/example_skip_dag.py
[2023-04-10T02:11:25.620+0000] {logging_mixin.py:137} INFO - [2023-04-10T02:11:25.620+0000] {dag.py:2705} INFO - Sync 1 DAGs
[2023-04-10T02:11:25.692+0000] {logging_mixin.py:137} INFO - [2023-04-10T02:11:25.692+0000] {dag.py:3456} INFO - Setting next_dagrun for example_skip_dag to 2023-04-09T02:11:25.692320+00:00, run_after=2023-04-10T02:11:25.692320+00:00
[2023-04-10T02:11:25.745+0000] {processor.py:175} INFO - Processing /home/airflow/.local/lib/python3.7/site-packages/airflow/example_dags/example_skip_dag.py took 0.240 seconds
[2023-04-10T02:11:56.434+0000] {processor.py:153} INFO - Started process (PID=501) to work on /home/airflow/.local/lib/python3.7/site-packages/airflow/example_dags/example_skip_dag.py
[2023-04-10T02:11:56.440+0000] {processor.py:743} INFO - Processing file /home/airflow/.local/lib/python3.7/site-packages/airflow/example_dags/example_skip_dag.py for tasks to queue
[2023-04-10T02:11:56.445+0000] {logging_mixin.py:137} INFO - [2023-04-10T02:11:56.445+0000] {dagbag.py:532} INFO - Filling up the DagBag from /home/airflow/.local/lib/python3.7/site-packages/airflow/example_dags/example_skip_dag.py
[2023-04-10T02:11:56.486+0000] {processor.py:753} INFO - DAG(s) dict_keys(['example_skip_dag']) retrieved from /home/airflow/.local/lib/python3.7/site-packages/airflow/example_dags/example_skip_dag.py
[2023-04-10T02:11:56.554+0000] {logging_mixin.py:137} INFO - [2023-04-10T02:11:56.554+0000] {dag.py:2705} INFO - Sync 1 DAGs
[2023-04-10T02:11:56.634+0000] {logging_mixin.py:137} INFO - [2023-04-10T02:11:56.634+0000] {dag.py:3456} INFO - Setting next_dagrun for example_skip_dag to 2023-04-09T02:11:56.633985+00:00, run_after=2023-04-10T02:11:56.633985+00:00
[2023-04-10T02:11:56.680+0000] {processor.py:175} INFO - Processing /home/airflow/.local/lib/python3.7/site-packages/airflow/example_dags/example_skip_dag.py took 0.258 seconds
