[2023-04-10T02:07:26.242+0000] {processor.py:153} INFO - Started process (PID=59) to work on /home/airflow/.local/lib/python3.7/site-packages/airflow/example_dags/example_branch_day_of_week_operator.py
[2023-04-10T02:07:26.243+0000] {processor.py:743} INFO - Processing file /home/airflow/.local/lib/python3.7/site-packages/airflow/example_dags/example_branch_day_of_week_operator.py for tasks to queue
[2023-04-10T02:07:26.245+0000] {logging_mixin.py:137} INFO - [2023-04-10T02:07:26.245+0000] {dagbag.py:532} INFO - Filling up the DagBag from /home/airflow/.local/lib/python3.7/site-packages/airflow/example_dags/example_branch_day_of_week_operator.py
[2023-04-10T02:07:26.342+0000] {processor.py:753} INFO - DAG(s) dict_keys(['example_weekday_branch_operator']) retrieved from /home/airflow/.local/lib/python3.7/site-packages/airflow/example_dags/example_branch_day_of_week_operator.py
[2023-04-10T02:07:26.453+0000] {logging_mixin.py:137} INFO - [2023-04-10T02:07:26.453+0000] {dag.py:2705} INFO - Sync 1 DAGs
[2023-04-10T02:07:26.584+0000] {logging_mixin.py:137} INFO - [2023-04-10T02:07:26.583+0000] {dag.py:3456} INFO - Setting next_dagrun for example_weekday_branch_operator to 2023-04-09T00:00:00+00:00, run_after=2023-04-10T00:00:00+00:00
[2023-04-10T02:07:26.633+0000] {processor.py:175} INFO - Processing /home/airflow/.local/lib/python3.7/site-packages/airflow/example_dags/example_branch_day_of_week_operator.py took 0.399 seconds
[2023-04-10T02:07:57.000+0000] {processor.py:153} INFO - Started process (PID=110) to work on /home/airflow/.local/lib/python3.7/site-packages/airflow/example_dags/example_branch_day_of_week_operator.py
[2023-04-10T02:07:57.004+0000] {processor.py:743} INFO - Processing file /home/airflow/.local/lib/python3.7/site-packages/airflow/example_dags/example_branch_day_of_week_operator.py for tasks to queue
[2023-04-10T02:07:57.005+0000] {logging_mixin.py:137} INFO - [2023-04-10T02:07:57.005+0000] {dagbag.py:532} INFO - Filling up the DagBag from /home/airflow/.local/lib/python3.7/site-packages/airflow/example_dags/example_branch_day_of_week_operator.py
[2023-04-10T02:07:57.029+0000] {processor.py:753} INFO - DAG(s) dict_keys(['example_weekday_branch_operator']) retrieved from /home/airflow/.local/lib/python3.7/site-packages/airflow/example_dags/example_branch_day_of_week_operator.py
[2023-04-10T02:07:57.067+0000] {logging_mixin.py:137} INFO - [2023-04-10T02:07:57.067+0000] {dag.py:2705} INFO - Sync 1 DAGs
[2023-04-10T02:07:57.131+0000] {logging_mixin.py:137} INFO - [2023-04-10T02:07:57.131+0000] {dag.py:3456} INFO - Setting next_dagrun for example_weekday_branch_operator to 2023-04-09T00:00:00+00:00, run_after=2023-04-10T00:00:00+00:00
[2023-04-10T02:07:57.177+0000] {processor.py:175} INFO - Processing /home/airflow/.local/lib/python3.7/site-packages/airflow/example_dags/example_branch_day_of_week_operator.py took 0.182 seconds
[2023-04-10T02:08:27.471+0000] {processor.py:153} INFO - Started process (PID=160) to work on /home/airflow/.local/lib/python3.7/site-packages/airflow/example_dags/example_branch_day_of_week_operator.py
[2023-04-10T02:08:27.472+0000] {processor.py:743} INFO - Processing file /home/airflow/.local/lib/python3.7/site-packages/airflow/example_dags/example_branch_day_of_week_operator.py for tasks to queue
[2023-04-10T02:08:27.473+0000] {logging_mixin.py:137} INFO - [2023-04-10T02:08:27.473+0000] {dagbag.py:532} INFO - Filling up the DagBag from /home/airflow/.local/lib/python3.7/site-packages/airflow/example_dags/example_branch_day_of_week_operator.py
[2023-04-10T02:08:27.494+0000] {processor.py:753} INFO - DAG(s) dict_keys(['example_weekday_branch_operator']) retrieved from /home/airflow/.local/lib/python3.7/site-packages/airflow/example_dags/example_branch_day_of_week_operator.py
[2023-04-10T02:08:27.522+0000] {logging_mixin.py:137} INFO - [2023-04-10T02:08:27.522+0000] {dag.py:2705} INFO - Sync 1 DAGs
[2023-04-10T02:08:27.548+0000] {logging_mixin.py:137} INFO - [2023-04-10T02:08:27.548+0000] {dag.py:3456} INFO - Setting next_dagrun for example_weekday_branch_operator to 2023-04-09T00:00:00+00:00, run_after=2023-04-10T00:00:00+00:00
[2023-04-10T02:08:27.565+0000] {processor.py:175} INFO - Processing /home/airflow/.local/lib/python3.7/site-packages/airflow/example_dags/example_branch_day_of_week_operator.py took 0.098 seconds
[2023-04-10T02:08:57.743+0000] {processor.py:153} INFO - Started process (PID=210) to work on /home/airflow/.local/lib/python3.7/site-packages/airflow/example_dags/example_branch_day_of_week_operator.py
[2023-04-10T02:08:57.744+0000] {processor.py:743} INFO - Processing file /home/airflow/.local/lib/python3.7/site-packages/airflow/example_dags/example_branch_day_of_week_operator.py for tasks to queue
[2023-04-10T02:08:57.745+0000] {logging_mixin.py:137} INFO - [2023-04-10T02:08:57.745+0000] {dagbag.py:532} INFO - Filling up the DagBag from /home/airflow/.local/lib/python3.7/site-packages/airflow/example_dags/example_branch_day_of_week_operator.py
[2023-04-10T02:08:57.764+0000] {processor.py:753} INFO - DAG(s) dict_keys(['example_weekday_branch_operator']) retrieved from /home/airflow/.local/lib/python3.7/site-packages/airflow/example_dags/example_branch_day_of_week_operator.py
[2023-04-10T02:08:57.797+0000] {logging_mixin.py:137} INFO - [2023-04-10T02:08:57.797+0000] {dag.py:2705} INFO - Sync 1 DAGs
[2023-04-10T02:08:57.824+0000] {logging_mixin.py:137} INFO - [2023-04-10T02:08:57.824+0000] {dag.py:3456} INFO - Setting next_dagrun for example_weekday_branch_operator to 2023-04-09T00:00:00+00:00, run_after=2023-04-10T00:00:00+00:00
[2023-04-10T02:08:57.841+0000] {processor.py:175} INFO - Processing /home/airflow/.local/lib/python3.7/site-packages/airflow/example_dags/example_branch_day_of_week_operator.py took 0.102 seconds
[2023-04-10T02:09:27.983+0000] {processor.py:153} INFO - Started process (PID=260) to work on /home/airflow/.local/lib/python3.7/site-packages/airflow/example_dags/example_branch_day_of_week_operator.py
[2023-04-10T02:09:27.985+0000] {processor.py:743} INFO - Processing file /home/airflow/.local/lib/python3.7/site-packages/airflow/example_dags/example_branch_day_of_week_operator.py for tasks to queue
[2023-04-10T02:09:27.986+0000] {logging_mixin.py:137} INFO - [2023-04-10T02:09:27.985+0000] {dagbag.py:532} INFO - Filling up the DagBag from /home/airflow/.local/lib/python3.7/site-packages/airflow/example_dags/example_branch_day_of_week_operator.py
[2023-04-10T02:09:28.007+0000] {processor.py:753} INFO - DAG(s) dict_keys(['example_weekday_branch_operator']) retrieved from /home/airflow/.local/lib/python3.7/site-packages/airflow/example_dags/example_branch_day_of_week_operator.py
[2023-04-10T02:09:28.037+0000] {logging_mixin.py:137} INFO - [2023-04-10T02:09:28.037+0000] {dag.py:2705} INFO - Sync 1 DAGs
[2023-04-10T02:09:28.063+0000] {logging_mixin.py:137} INFO - [2023-04-10T02:09:28.063+0000] {dag.py:3456} INFO - Setting next_dagrun for example_weekday_branch_operator to 2023-04-09T00:00:00+00:00, run_after=2023-04-10T00:00:00+00:00
[2023-04-10T02:09:28.080+0000] {processor.py:175} INFO - Processing /home/airflow/.local/lib/python3.7/site-packages/airflow/example_dags/example_branch_day_of_week_operator.py took 0.101 seconds
[2023-04-10T02:09:58.448+0000] {processor.py:153} INFO - Started process (PID=311) to work on /home/airflow/.local/lib/python3.7/site-packages/airflow/example_dags/example_branch_day_of_week_operator.py
[2023-04-10T02:09:58.449+0000] {processor.py:743} INFO - Processing file /home/airflow/.local/lib/python3.7/site-packages/airflow/example_dags/example_branch_day_of_week_operator.py for tasks to queue
[2023-04-10T02:09:58.450+0000] {logging_mixin.py:137} INFO - [2023-04-10T02:09:58.450+0000] {dagbag.py:532} INFO - Filling up the DagBag from /home/airflow/.local/lib/python3.7/site-packages/airflow/example_dags/example_branch_day_of_week_operator.py
[2023-04-10T02:09:58.470+0000] {processor.py:753} INFO - DAG(s) dict_keys(['example_weekday_branch_operator']) retrieved from /home/airflow/.local/lib/python3.7/site-packages/airflow/example_dags/example_branch_day_of_week_operator.py
[2023-04-10T02:09:58.494+0000] {logging_mixin.py:137} INFO - [2023-04-10T02:09:58.494+0000] {dag.py:2705} INFO - Sync 1 DAGs
[2023-04-10T02:09:58.521+0000] {logging_mixin.py:137} INFO - [2023-04-10T02:09:58.521+0000] {dag.py:3456} INFO - Setting next_dagrun for example_weekday_branch_operator to 2023-04-09T00:00:00+00:00, run_after=2023-04-10T00:00:00+00:00
[2023-04-10T02:09:58.538+0000] {processor.py:175} INFO - Processing /home/airflow/.local/lib/python3.7/site-packages/airflow/example_dags/example_branch_day_of_week_operator.py took 0.095 seconds
[2023-04-10T02:10:28.663+0000] {processor.py:153} INFO - Started process (PID=362) to work on /home/airflow/.local/lib/python3.7/site-packages/airflow/example_dags/example_branch_day_of_week_operator.py
[2023-04-10T02:10:28.664+0000] {processor.py:743} INFO - Processing file /home/airflow/.local/lib/python3.7/site-packages/airflow/example_dags/example_branch_day_of_week_operator.py for tasks to queue
[2023-04-10T02:10:28.665+0000] {logging_mixin.py:137} INFO - [2023-04-10T02:10:28.665+0000] {dagbag.py:532} INFO - Filling up the DagBag from /home/airflow/.local/lib/python3.7/site-packages/airflow/example_dags/example_branch_day_of_week_operator.py
[2023-04-10T02:10:28.681+0000] {processor.py:753} INFO - DAG(s) dict_keys(['example_weekday_branch_operator']) retrieved from /home/airflow/.local/lib/python3.7/site-packages/airflow/example_dags/example_branch_day_of_week_operator.py
[2023-04-10T02:10:28.705+0000] {logging_mixin.py:137} INFO - [2023-04-10T02:10:28.705+0000] {dag.py:2705} INFO - Sync 1 DAGs
[2023-04-10T02:10:28.731+0000] {logging_mixin.py:137} INFO - [2023-04-10T02:10:28.731+0000] {dag.py:3456} INFO - Setting next_dagrun for example_weekday_branch_operator to 2023-04-09T00:00:00+00:00, run_after=2023-04-10T00:00:00+00:00
[2023-04-10T02:10:28.747+0000] {processor.py:175} INFO - Processing /home/airflow/.local/lib/python3.7/site-packages/airflow/example_dags/example_branch_day_of_week_operator.py took 0.089 seconds
[2023-04-10T02:10:58.958+0000] {processor.py:153} INFO - Started process (PID=412) to work on /home/airflow/.local/lib/python3.7/site-packages/airflow/example_dags/example_branch_day_of_week_operator.py
[2023-04-10T02:10:58.959+0000] {processor.py:743} INFO - Processing file /home/airflow/.local/lib/python3.7/site-packages/airflow/example_dags/example_branch_day_of_week_operator.py for tasks to queue
[2023-04-10T02:10:58.959+0000] {logging_mixin.py:137} INFO - [2023-04-10T02:10:58.959+0000] {dagbag.py:532} INFO - Filling up the DagBag from /home/airflow/.local/lib/python3.7/site-packages/airflow/example_dags/example_branch_day_of_week_operator.py
[2023-04-10T02:10:58.981+0000] {processor.py:753} INFO - DAG(s) dict_keys(['example_weekday_branch_operator']) retrieved from /home/airflow/.local/lib/python3.7/site-packages/airflow/example_dags/example_branch_day_of_week_operator.py
[2023-04-10T02:10:59.009+0000] {logging_mixin.py:137} INFO - [2023-04-10T02:10:59.009+0000] {dag.py:2705} INFO - Sync 1 DAGs
[2023-04-10T02:10:59.035+0000] {logging_mixin.py:137} INFO - [2023-04-10T02:10:59.035+0000] {dag.py:3456} INFO - Setting next_dagrun for example_weekday_branch_operator to 2023-04-09T00:00:00+00:00, run_after=2023-04-10T00:00:00+00:00
[2023-04-10T02:10:59.051+0000] {processor.py:175} INFO - Processing /home/airflow/.local/lib/python3.7/site-packages/airflow/example_dags/example_branch_day_of_week_operator.py took 0.098 seconds
[2023-04-10T02:11:29.501+0000] {processor.py:153} INFO - Started process (PID=462) to work on /home/airflow/.local/lib/python3.7/site-packages/airflow/example_dags/example_branch_day_of_week_operator.py
[2023-04-10T02:11:29.502+0000] {processor.py:743} INFO - Processing file /home/airflow/.local/lib/python3.7/site-packages/airflow/example_dags/example_branch_day_of_week_operator.py for tasks to queue
[2023-04-10T02:11:29.502+0000] {logging_mixin.py:137} INFO - [2023-04-10T02:11:29.502+0000] {dagbag.py:532} INFO - Filling up the DagBag from /home/airflow/.local/lib/python3.7/site-packages/airflow/example_dags/example_branch_day_of_week_operator.py
[2023-04-10T02:11:29.523+0000] {processor.py:753} INFO - DAG(s) dict_keys(['example_weekday_branch_operator']) retrieved from /home/airflow/.local/lib/python3.7/site-packages/airflow/example_dags/example_branch_day_of_week_operator.py
[2023-04-10T02:11:29.547+0000] {logging_mixin.py:137} INFO - [2023-04-10T02:11:29.547+0000] {dag.py:2705} INFO - Sync 1 DAGs
[2023-04-10T02:11:29.585+0000] {logging_mixin.py:137} INFO - [2023-04-10T02:11:29.585+0000] {dag.py:3456} INFO - Setting next_dagrun for example_weekday_branch_operator to 2023-04-09T00:00:00+00:00, run_after=2023-04-10T00:00:00+00:00
[2023-04-10T02:11:29.606+0000] {processor.py:175} INFO - Processing /home/airflow/.local/lib/python3.7/site-packages/airflow/example_dags/example_branch_day_of_week_operator.py took 0.110 seconds
[2023-04-10T02:12:00.801+0000] {processor.py:153} INFO - Started process (PID=512) to work on /home/airflow/.local/lib/python3.7/site-packages/airflow/example_dags/example_branch_day_of_week_operator.py
[2023-04-10T02:12:00.802+0000] {processor.py:743} INFO - Processing file /home/airflow/.local/lib/python3.7/site-packages/airflow/example_dags/example_branch_day_of_week_operator.py for tasks to queue
[2023-04-10T02:12:00.803+0000] {logging_mixin.py:137} INFO - [2023-04-10T02:12:00.802+0000] {dagbag.py:532} INFO - Filling up the DagBag from /home/airflow/.local/lib/python3.7/site-packages/airflow/example_dags/example_branch_day_of_week_operator.py
[2023-04-10T02:12:00.823+0000] {processor.py:753} INFO - DAG(s) dict_keys(['example_weekday_branch_operator']) retrieved from /home/airflow/.local/lib/python3.7/site-packages/airflow/example_dags/example_branch_day_of_week_operator.py
[2023-04-10T02:12:00.868+0000] {logging_mixin.py:137} INFO - [2023-04-10T02:12:00.868+0000] {dag.py:2705} INFO - Sync 1 DAGs
[2023-04-10T02:12:00.910+0000] {logging_mixin.py:137} INFO - [2023-04-10T02:12:00.910+0000] {dag.py:3456} INFO - Setting next_dagrun for example_weekday_branch_operator to 2023-04-09T00:00:00+00:00, run_after=2023-04-10T00:00:00+00:00
[2023-04-10T02:12:00.950+0000] {processor.py:175} INFO - Processing /home/airflow/.local/lib/python3.7/site-packages/airflow/example_dags/example_branch_day_of_week_operator.py took 0.153 seconds
