[2023-04-10T02:07:18.992+0000] {processor.py:153} INFO - Started process (PID=40) to work on /home/airflow/.local/lib/python3.7/site-packages/airflow/example_dags/example_dag_decorator.py
[2023-04-10T02:07:19.000+0000] {processor.py:743} INFO - Processing file /home/airflow/.local/lib/python3.7/site-packages/airflow/example_dags/example_dag_decorator.py for tasks to queue
[2023-04-10T02:07:19.004+0000] {logging_mixin.py:137} INFO - [2023-04-10T02:07:19.004+0000] {dagbag.py:532} INFO - Filling up the DagBag from /home/airflow/.local/lib/python3.7/site-packages/airflow/example_dags/example_dag_decorator.py
[2023-04-10T02:07:19.232+0000] {logging_mixin.py:137} INFO - [2023-04-10T02:07:19.231+0000] {taskmixin.py:211} WARNING - Dependency <Task(_PythonDecoratedOperator): prepare_email>, send_email already registered for DAG: example_dag_decorator
[2023-04-10T02:07:19.232+0000] {logging_mixin.py:137} INFO - [2023-04-10T02:07:19.232+0000] {taskmixin.py:211} WARNING - Dependency <Task(EmailOperator): send_email>, prepare_email already registered for DAG: example_dag_decorator
[2023-04-10T02:07:19.367+0000] {processor.py:753} INFO - DAG(s) dict_keys(['example_dag_decorator']) retrieved from /home/airflow/.local/lib/python3.7/site-packages/airflow/example_dags/example_dag_decorator.py
[2023-04-10T02:07:19.881+0000] {logging_mixin.py:137} INFO - [2023-04-10T02:07:19.880+0000] {dag.py:2705} INFO - Sync 1 DAGs
[2023-04-10T02:07:20.011+0000] {logging_mixin.py:137} INFO - [2023-04-10T02:07:20.011+0000] {dag.py:3456} INFO - Setting next_dagrun for example_dag_decorator to None, run_after=None
[2023-04-10T02:07:20.118+0000] {processor.py:175} INFO - Processing /home/airflow/.local/lib/python3.7/site-packages/airflow/example_dags/example_dag_decorator.py took 1.185 seconds
[2023-04-10T02:07:50.274+0000] {processor.py:153} INFO - Started process (PID=91) to work on /home/airflow/.local/lib/python3.7/site-packages/airflow/example_dags/example_dag_decorator.py
[2023-04-10T02:07:50.275+0000] {processor.py:743} INFO - Processing file /home/airflow/.local/lib/python3.7/site-packages/airflow/example_dags/example_dag_decorator.py for tasks to queue
[2023-04-10T02:07:50.275+0000] {logging_mixin.py:137} INFO - [2023-04-10T02:07:50.275+0000] {dagbag.py:532} INFO - Filling up the DagBag from /home/airflow/.local/lib/python3.7/site-packages/airflow/example_dags/example_dag_decorator.py
[2023-04-10T02:07:50.299+0000] {logging_mixin.py:137} INFO - [2023-04-10T02:07:50.299+0000] {taskmixin.py:211} WARNING - Dependency <Task(_PythonDecoratedOperator): prepare_email>, send_email already registered for DAG: example_dag_decorator
[2023-04-10T02:07:50.299+0000] {logging_mixin.py:137} INFO - [2023-04-10T02:07:50.299+0000] {taskmixin.py:211} WARNING - Dependency <Task(EmailOperator): send_email>, prepare_email already registered for DAG: example_dag_decorator
[2023-04-10T02:07:50.316+0000] {processor.py:753} INFO - DAG(s) dict_keys(['example_dag_decorator']) retrieved from /home/airflow/.local/lib/python3.7/site-packages/airflow/example_dags/example_dag_decorator.py
[2023-04-10T02:07:50.457+0000] {logging_mixin.py:137} INFO - [2023-04-10T02:07:50.457+0000] {dag.py:2705} INFO - Sync 1 DAGs
[2023-04-10T02:07:50.495+0000] {logging_mixin.py:137} INFO - [2023-04-10T02:07:50.495+0000] {dag.py:3456} INFO - Setting next_dagrun for example_dag_decorator to None, run_after=None
[2023-04-10T02:07:50.521+0000] {processor.py:175} INFO - Processing /home/airflow/.local/lib/python3.7/site-packages/airflow/example_dags/example_dag_decorator.py took 0.253 seconds
[2023-04-10T02:08:20.986+0000] {processor.py:153} INFO - Started process (PID=141) to work on /home/airflow/.local/lib/python3.7/site-packages/airflow/example_dags/example_dag_decorator.py
[2023-04-10T02:08:20.987+0000] {processor.py:743} INFO - Processing file /home/airflow/.local/lib/python3.7/site-packages/airflow/example_dags/example_dag_decorator.py for tasks to queue
[2023-04-10T02:08:20.988+0000] {logging_mixin.py:137} INFO - [2023-04-10T02:08:20.988+0000] {dagbag.py:532} INFO - Filling up the DagBag from /home/airflow/.local/lib/python3.7/site-packages/airflow/example_dags/example_dag_decorator.py
[2023-04-10T02:08:21.012+0000] {logging_mixin.py:137} INFO - [2023-04-10T02:08:21.012+0000] {taskmixin.py:211} WARNING - Dependency <Task(_PythonDecoratedOperator): prepare_email>, send_email already registered for DAG: example_dag_decorator
[2023-04-10T02:08:21.012+0000] {logging_mixin.py:137} INFO - [2023-04-10T02:08:21.012+0000] {taskmixin.py:211} WARNING - Dependency <Task(EmailOperator): send_email>, prepare_email already registered for DAG: example_dag_decorator
[2023-04-10T02:08:21.030+0000] {processor.py:753} INFO - DAG(s) dict_keys(['example_dag_decorator']) retrieved from /home/airflow/.local/lib/python3.7/site-packages/airflow/example_dags/example_dag_decorator.py
[2023-04-10T02:08:21.142+0000] {logging_mixin.py:137} INFO - [2023-04-10T02:08:21.142+0000] {dag.py:2705} INFO - Sync 1 DAGs
[2023-04-10T02:08:21.181+0000] {logging_mixin.py:137} INFO - [2023-04-10T02:08:21.181+0000] {dag.py:3456} INFO - Setting next_dagrun for example_dag_decorator to None, run_after=None
[2023-04-10T02:08:21.207+0000] {processor.py:175} INFO - Processing /home/airflow/.local/lib/python3.7/site-packages/airflow/example_dags/example_dag_decorator.py took 0.226 seconds
[2023-04-10T02:08:51.263+0000] {processor.py:153} INFO - Started process (PID=191) to work on /home/airflow/.local/lib/python3.7/site-packages/airflow/example_dags/example_dag_decorator.py
[2023-04-10T02:08:51.264+0000] {processor.py:743} INFO - Processing file /home/airflow/.local/lib/python3.7/site-packages/airflow/example_dags/example_dag_decorator.py for tasks to queue
[2023-04-10T02:08:51.265+0000] {logging_mixin.py:137} INFO - [2023-04-10T02:08:51.264+0000] {dagbag.py:532} INFO - Filling up the DagBag from /home/airflow/.local/lib/python3.7/site-packages/airflow/example_dags/example_dag_decorator.py
[2023-04-10T02:08:51.296+0000] {logging_mixin.py:137} INFO - [2023-04-10T02:08:51.296+0000] {taskmixin.py:211} WARNING - Dependency <Task(_PythonDecoratedOperator): prepare_email>, send_email already registered for DAG: example_dag_decorator
[2023-04-10T02:08:51.296+0000] {logging_mixin.py:137} INFO - [2023-04-10T02:08:51.296+0000] {taskmixin.py:211} WARNING - Dependency <Task(EmailOperator): send_email>, prepare_email already registered for DAG: example_dag_decorator
[2023-04-10T02:08:51.314+0000] {processor.py:753} INFO - DAG(s) dict_keys(['example_dag_decorator']) retrieved from /home/airflow/.local/lib/python3.7/site-packages/airflow/example_dags/example_dag_decorator.py
[2023-04-10T02:08:51.422+0000] {logging_mixin.py:137} INFO - [2023-04-10T02:08:51.422+0000] {dag.py:2705} INFO - Sync 1 DAGs
[2023-04-10T02:08:51.462+0000] {logging_mixin.py:137} INFO - [2023-04-10T02:08:51.462+0000] {dag.py:3456} INFO - Setting next_dagrun for example_dag_decorator to None, run_after=None
[2023-04-10T02:08:51.489+0000] {processor.py:175} INFO - Processing /home/airflow/.local/lib/python3.7/site-packages/airflow/example_dags/example_dag_decorator.py took 0.230 seconds
[2023-04-10T02:09:21.530+0000] {processor.py:153} INFO - Started process (PID=241) to work on /home/airflow/.local/lib/python3.7/site-packages/airflow/example_dags/example_dag_decorator.py
[2023-04-10T02:09:21.532+0000] {processor.py:743} INFO - Processing file /home/airflow/.local/lib/python3.7/site-packages/airflow/example_dags/example_dag_decorator.py for tasks to queue
[2023-04-10T02:09:21.533+0000] {logging_mixin.py:137} INFO - [2023-04-10T02:09:21.532+0000] {dagbag.py:532} INFO - Filling up the DagBag from /home/airflow/.local/lib/python3.7/site-packages/airflow/example_dags/example_dag_decorator.py
[2023-04-10T02:09:21.557+0000] {logging_mixin.py:137} INFO - [2023-04-10T02:09:21.557+0000] {taskmixin.py:211} WARNING - Dependency <Task(_PythonDecoratedOperator): prepare_email>, send_email already registered for DAG: example_dag_decorator
[2023-04-10T02:09:21.557+0000] {logging_mixin.py:137} INFO - [2023-04-10T02:09:21.557+0000] {taskmixin.py:211} WARNING - Dependency <Task(EmailOperator): send_email>, prepare_email already registered for DAG: example_dag_decorator
[2023-04-10T02:09:21.574+0000] {processor.py:753} INFO - DAG(s) dict_keys(['example_dag_decorator']) retrieved from /home/airflow/.local/lib/python3.7/site-packages/airflow/example_dags/example_dag_decorator.py
[2023-04-10T02:09:21.702+0000] {logging_mixin.py:137} INFO - [2023-04-10T02:09:21.702+0000] {dag.py:2705} INFO - Sync 1 DAGs
[2023-04-10T02:09:21.740+0000] {logging_mixin.py:137} INFO - [2023-04-10T02:09:21.740+0000] {dag.py:3456} INFO - Setting next_dagrun for example_dag_decorator to None, run_after=None
[2023-04-10T02:09:21.766+0000] {processor.py:175} INFO - Processing /home/airflow/.local/lib/python3.7/site-packages/airflow/example_dags/example_dag_decorator.py took 0.240 seconds
[2023-04-10T02:09:51.886+0000] {processor.py:153} INFO - Started process (PID=292) to work on /home/airflow/.local/lib/python3.7/site-packages/airflow/example_dags/example_dag_decorator.py
[2023-04-10T02:09:51.887+0000] {processor.py:743} INFO - Processing file /home/airflow/.local/lib/python3.7/site-packages/airflow/example_dags/example_dag_decorator.py for tasks to queue
[2023-04-10T02:09:51.888+0000] {logging_mixin.py:137} INFO - [2023-04-10T02:09:51.888+0000] {dagbag.py:532} INFO - Filling up the DagBag from /home/airflow/.local/lib/python3.7/site-packages/airflow/example_dags/example_dag_decorator.py
[2023-04-10T02:09:51.912+0000] {logging_mixin.py:137} INFO - [2023-04-10T02:09:51.911+0000] {taskmixin.py:211} WARNING - Dependency <Task(_PythonDecoratedOperator): prepare_email>, send_email already registered for DAG: example_dag_decorator
[2023-04-10T02:09:51.912+0000] {logging_mixin.py:137} INFO - [2023-04-10T02:09:51.912+0000] {taskmixin.py:211} WARNING - Dependency <Task(EmailOperator): send_email>, prepare_email already registered for DAG: example_dag_decorator
[2023-04-10T02:09:51.929+0000] {processor.py:753} INFO - DAG(s) dict_keys(['example_dag_decorator']) retrieved from /home/airflow/.local/lib/python3.7/site-packages/airflow/example_dags/example_dag_decorator.py
[2023-04-10T02:09:52.038+0000] {logging_mixin.py:137} INFO - [2023-04-10T02:09:52.038+0000] {dag.py:2705} INFO - Sync 1 DAGs
[2023-04-10T02:09:52.092+0000] {logging_mixin.py:137} INFO - [2023-04-10T02:09:52.092+0000] {dag.py:3456} INFO - Setting next_dagrun for example_dag_decorator to None, run_after=None
[2023-04-10T02:09:52.119+0000] {processor.py:175} INFO - Processing /home/airflow/.local/lib/python3.7/site-packages/airflow/example_dags/example_dag_decorator.py took 0.238 seconds
[2023-04-10T02:10:22.209+0000] {processor.py:153} INFO - Started process (PID=343) to work on /home/airflow/.local/lib/python3.7/site-packages/airflow/example_dags/example_dag_decorator.py
[2023-04-10T02:10:22.210+0000] {processor.py:743} INFO - Processing file /home/airflow/.local/lib/python3.7/site-packages/airflow/example_dags/example_dag_decorator.py for tasks to queue
[2023-04-10T02:10:22.211+0000] {logging_mixin.py:137} INFO - [2023-04-10T02:10:22.211+0000] {dagbag.py:532} INFO - Filling up the DagBag from /home/airflow/.local/lib/python3.7/site-packages/airflow/example_dags/example_dag_decorator.py
[2023-04-10T02:10:22.236+0000] {logging_mixin.py:137} INFO - [2023-04-10T02:10:22.235+0000] {taskmixin.py:211} WARNING - Dependency <Task(_PythonDecoratedOperator): prepare_email>, send_email already registered for DAG: example_dag_decorator
[2023-04-10T02:10:22.236+0000] {logging_mixin.py:137} INFO - [2023-04-10T02:10:22.236+0000] {taskmixin.py:211} WARNING - Dependency <Task(EmailOperator): send_email>, prepare_email already registered for DAG: example_dag_decorator
[2023-04-10T02:10:22.255+0000] {processor.py:753} INFO - DAG(s) dict_keys(['example_dag_decorator']) retrieved from /home/airflow/.local/lib/python3.7/site-packages/airflow/example_dags/example_dag_decorator.py
[2023-04-10T02:10:22.363+0000] {logging_mixin.py:137} INFO - [2023-04-10T02:10:22.363+0000] {dag.py:2705} INFO - Sync 1 DAGs
[2023-04-10T02:10:22.402+0000] {logging_mixin.py:137} INFO - [2023-04-10T02:10:22.402+0000] {dag.py:3456} INFO - Setting next_dagrun for example_dag_decorator to None, run_after=None
[2023-04-10T02:10:22.429+0000] {processor.py:175} INFO - Processing /home/airflow/.local/lib/python3.7/site-packages/airflow/example_dags/example_dag_decorator.py took 0.224 seconds
[2023-04-10T02:10:52.523+0000] {processor.py:153} INFO - Started process (PID=393) to work on /home/airflow/.local/lib/python3.7/site-packages/airflow/example_dags/example_dag_decorator.py
[2023-04-10T02:10:52.524+0000] {processor.py:743} INFO - Processing file /home/airflow/.local/lib/python3.7/site-packages/airflow/example_dags/example_dag_decorator.py for tasks to queue
[2023-04-10T02:10:52.525+0000] {logging_mixin.py:137} INFO - [2023-04-10T02:10:52.525+0000] {dagbag.py:532} INFO - Filling up the DagBag from /home/airflow/.local/lib/python3.7/site-packages/airflow/example_dags/example_dag_decorator.py
[2023-04-10T02:10:52.550+0000] {logging_mixin.py:137} INFO - [2023-04-10T02:10:52.550+0000] {taskmixin.py:211} WARNING - Dependency <Task(_PythonDecoratedOperator): prepare_email>, send_email already registered for DAG: example_dag_decorator
[2023-04-10T02:10:52.551+0000] {logging_mixin.py:137} INFO - [2023-04-10T02:10:52.551+0000] {taskmixin.py:211} WARNING - Dependency <Task(EmailOperator): send_email>, prepare_email already registered for DAG: example_dag_decorator
[2023-04-10T02:10:52.568+0000] {processor.py:753} INFO - DAG(s) dict_keys(['example_dag_decorator']) retrieved from /home/airflow/.local/lib/python3.7/site-packages/airflow/example_dags/example_dag_decorator.py
[2023-04-10T02:10:52.672+0000] {logging_mixin.py:137} INFO - [2023-04-10T02:10:52.672+0000] {dag.py:2705} INFO - Sync 1 DAGs
[2023-04-10T02:10:52.696+0000] {logging_mixin.py:137} INFO - [2023-04-10T02:10:52.696+0000] {dag.py:3456} INFO - Setting next_dagrun for example_dag_decorator to None, run_after=None
[2023-04-10T02:10:52.713+0000] {processor.py:175} INFO - Processing /home/airflow/.local/lib/python3.7/site-packages/airflow/example_dags/example_dag_decorator.py took 0.195 seconds
[2023-04-10T02:11:23.171+0000] {processor.py:153} INFO - Started process (PID=444) to work on /home/airflow/.local/lib/python3.7/site-packages/airflow/example_dags/example_dag_decorator.py
[2023-04-10T02:11:23.182+0000] {processor.py:743} INFO - Processing file /home/airflow/.local/lib/python3.7/site-packages/airflow/example_dags/example_dag_decorator.py for tasks to queue
[2023-04-10T02:11:23.183+0000] {logging_mixin.py:137} INFO - [2023-04-10T02:11:23.182+0000] {dagbag.py:532} INFO - Filling up the DagBag from /home/airflow/.local/lib/python3.7/site-packages/airflow/example_dags/example_dag_decorator.py
[2023-04-10T02:11:23.252+0000] {logging_mixin.py:137} INFO - [2023-04-10T02:11:23.252+0000] {taskmixin.py:211} WARNING - Dependency <Task(_PythonDecoratedOperator): prepare_email>, send_email already registered for DAG: example_dag_decorator
[2023-04-10T02:11:23.252+0000] {logging_mixin.py:137} INFO - [2023-04-10T02:11:23.252+0000] {taskmixin.py:211} WARNING - Dependency <Task(EmailOperator): send_email>, prepare_email already registered for DAG: example_dag_decorator
[2023-04-10T02:11:23.290+0000] {processor.py:753} INFO - DAG(s) dict_keys(['example_dag_decorator']) retrieved from /home/airflow/.local/lib/python3.7/site-packages/airflow/example_dags/example_dag_decorator.py
[2023-04-10T02:11:23.504+0000] {logging_mixin.py:137} INFO - [2023-04-10T02:11:23.503+0000] {dag.py:2705} INFO - Sync 1 DAGs
[2023-04-10T02:11:23.586+0000] {logging_mixin.py:137} INFO - [2023-04-10T02:11:23.586+0000] {dag.py:3456} INFO - Setting next_dagrun for example_dag_decorator to None, run_after=None
[2023-04-10T02:11:23.649+0000] {processor.py:175} INFO - Processing /home/airflow/.local/lib/python3.7/site-packages/airflow/example_dags/example_dag_decorator.py took 0.488 seconds
[2023-04-10T02:11:54.436+0000] {processor.py:153} INFO - Started process (PID=494) to work on /home/airflow/.local/lib/python3.7/site-packages/airflow/example_dags/example_dag_decorator.py
[2023-04-10T02:11:54.436+0000] {processor.py:743} INFO - Processing file /home/airflow/.local/lib/python3.7/site-packages/airflow/example_dags/example_dag_decorator.py for tasks to queue
[2023-04-10T02:11:54.437+0000] {logging_mixin.py:137} INFO - [2023-04-10T02:11:54.437+0000] {dagbag.py:532} INFO - Filling up the DagBag from /home/airflow/.local/lib/python3.7/site-packages/airflow/example_dags/example_dag_decorator.py
[2023-04-10T02:11:54.456+0000] {logging_mixin.py:137} INFO - [2023-04-10T02:11:54.456+0000] {taskmixin.py:211} WARNING - Dependency <Task(_PythonDecoratedOperator): prepare_email>, send_email already registered for DAG: example_dag_decorator
[2023-04-10T02:11:54.456+0000] {logging_mixin.py:137} INFO - [2023-04-10T02:11:54.456+0000] {taskmixin.py:211} WARNING - Dependency <Task(EmailOperator): send_email>, prepare_email already registered for DAG: example_dag_decorator
[2023-04-10T02:11:54.468+0000] {processor.py:753} INFO - DAG(s) dict_keys(['example_dag_decorator']) retrieved from /home/airflow/.local/lib/python3.7/site-packages/airflow/example_dags/example_dag_decorator.py
[2023-04-10T02:11:54.536+0000] {logging_mixin.py:137} INFO - [2023-04-10T02:11:54.536+0000] {dag.py:2705} INFO - Sync 1 DAGs
[2023-04-10T02:11:54.559+0000] {logging_mixin.py:137} INFO - [2023-04-10T02:11:54.558+0000] {dag.py:3456} INFO - Setting next_dagrun for example_dag_decorator to None, run_after=None
[2023-04-10T02:11:54.578+0000] {processor.py:175} INFO - Processing /home/airflow/.local/lib/python3.7/site-packages/airflow/example_dags/example_dag_decorator.py took 0.146 seconds
