[2023-04-10T02:07:20.486+0000] {processor.py:153} INFO - Started process (PID=43) to work on /home/airflow/.local/lib/python3.7/site-packages/airflow/example_dags/example_task_group.py
[2023-04-10T02:07:20.486+0000] {processor.py:743} INFO - Processing file /home/airflow/.local/lib/python3.7/site-packages/airflow/example_dags/example_task_group.py for tasks to queue
[2023-04-10T02:07:20.487+0000] {logging_mixin.py:137} INFO - [2023-04-10T02:07:20.487+0000] {dagbag.py:532} INFO - Filling up the DagBag from /home/airflow/.local/lib/python3.7/site-packages/airflow/example_dags/example_task_group.py
[2023-04-10T02:07:20.590+0000] {processor.py:753} INFO - DAG(s) dict_keys(['example_task_group']) retrieved from /home/airflow/.local/lib/python3.7/site-packages/airflow/example_dags/example_task_group.py
[2023-04-10T02:07:20.713+0000] {logging_mixin.py:137} INFO - [2023-04-10T02:07:20.713+0000] {dag.py:2705} INFO - Sync 1 DAGs
[2023-04-10T02:07:20.863+0000] {logging_mixin.py:137} INFO - [2023-04-10T02:07:20.863+0000] {dag.py:3456} INFO - Setting next_dagrun for example_task_group to 2023-04-09T02:07:20.863136+00:00, run_after=2023-04-10T02:07:20.863136+00:00
[2023-04-10T02:07:20.956+0000] {processor.py:175} INFO - Processing /home/airflow/.local/lib/python3.7/site-packages/airflow/example_dags/example_task_group.py took 0.512 seconds
[2023-04-10T02:07:51.560+0000] {processor.py:153} INFO - Started process (PID=94) to work on /home/airflow/.local/lib/python3.7/site-packages/airflow/example_dags/example_task_group.py
[2023-04-10T02:07:51.561+0000] {processor.py:743} INFO - Processing file /home/airflow/.local/lib/python3.7/site-packages/airflow/example_dags/example_task_group.py for tasks to queue
[2023-04-10T02:07:51.562+0000] {logging_mixin.py:137} INFO - [2023-04-10T02:07:51.562+0000] {dagbag.py:532} INFO - Filling up the DagBag from /home/airflow/.local/lib/python3.7/site-packages/airflow/example_dags/example_task_group.py
[2023-04-10T02:07:51.591+0000] {processor.py:753} INFO - DAG(s) dict_keys(['example_task_group']) retrieved from /home/airflow/.local/lib/python3.7/site-packages/airflow/example_dags/example_task_group.py
[2023-04-10T02:07:51.627+0000] {logging_mixin.py:137} INFO - [2023-04-10T02:07:51.627+0000] {dag.py:2705} INFO - Sync 1 DAGs
[2023-04-10T02:07:51.667+0000] {logging_mixin.py:137} INFO - [2023-04-10T02:07:51.667+0000] {dag.py:3456} INFO - Setting next_dagrun for example_task_group to 2023-04-09T02:07:51.667283+00:00, run_after=2023-04-10T02:07:51.667283+00:00
[2023-04-10T02:07:51.691+0000] {processor.py:175} INFO - Processing /home/airflow/.local/lib/python3.7/site-packages/airflow/example_dags/example_task_group.py took 0.135 seconds
[2023-04-10T02:08:22.246+0000] {processor.py:153} INFO - Started process (PID=144) to work on /home/airflow/.local/lib/python3.7/site-packages/airflow/example_dags/example_task_group.py
[2023-04-10T02:08:22.247+0000] {processor.py:743} INFO - Processing file /home/airflow/.local/lib/python3.7/site-packages/airflow/example_dags/example_task_group.py for tasks to queue
[2023-04-10T02:08:22.248+0000] {logging_mixin.py:137} INFO - [2023-04-10T02:08:22.248+0000] {dagbag.py:532} INFO - Filling up the DagBag from /home/airflow/.local/lib/python3.7/site-packages/airflow/example_dags/example_task_group.py
[2023-04-10T02:08:22.276+0000] {processor.py:753} INFO - DAG(s) dict_keys(['example_task_group']) retrieved from /home/airflow/.local/lib/python3.7/site-packages/airflow/example_dags/example_task_group.py
[2023-04-10T02:08:22.313+0000] {logging_mixin.py:137} INFO - [2023-04-10T02:08:22.312+0000] {dag.py:2705} INFO - Sync 1 DAGs
[2023-04-10T02:08:22.353+0000] {logging_mixin.py:137} INFO - [2023-04-10T02:08:22.353+0000] {dag.py:3456} INFO - Setting next_dagrun for example_task_group to 2023-04-09T02:08:22.352897+00:00, run_after=2023-04-10T02:08:22.352897+00:00
[2023-04-10T02:08:22.379+0000] {processor.py:175} INFO - Processing /home/airflow/.local/lib/python3.7/site-packages/airflow/example_dags/example_task_group.py took 0.137 seconds
[2023-04-10T02:08:52.529+0000] {processor.py:153} INFO - Started process (PID=194) to work on /home/airflow/.local/lib/python3.7/site-packages/airflow/example_dags/example_task_group.py
[2023-04-10T02:08:52.530+0000] {processor.py:743} INFO - Processing file /home/airflow/.local/lib/python3.7/site-packages/airflow/example_dags/example_task_group.py for tasks to queue
[2023-04-10T02:08:52.531+0000] {logging_mixin.py:137} INFO - [2023-04-10T02:08:52.530+0000] {dagbag.py:532} INFO - Filling up the DagBag from /home/airflow/.local/lib/python3.7/site-packages/airflow/example_dags/example_task_group.py
[2023-04-10T02:08:52.558+0000] {processor.py:753} INFO - DAG(s) dict_keys(['example_task_group']) retrieved from /home/airflow/.local/lib/python3.7/site-packages/airflow/example_dags/example_task_group.py
[2023-04-10T02:08:52.596+0000] {logging_mixin.py:137} INFO - [2023-04-10T02:08:52.596+0000] {dag.py:2705} INFO - Sync 1 DAGs
[2023-04-10T02:08:52.636+0000] {logging_mixin.py:137} INFO - [2023-04-10T02:08:52.636+0000] {dag.py:3456} INFO - Setting next_dagrun for example_task_group to 2023-04-09T02:08:52.636368+00:00, run_after=2023-04-10T02:08:52.636368+00:00
[2023-04-10T02:08:52.662+0000] {processor.py:175} INFO - Processing /home/airflow/.local/lib/python3.7/site-packages/airflow/example_dags/example_task_group.py took 0.138 seconds
[2023-04-10T02:09:22.807+0000] {processor.py:153} INFO - Started process (PID=244) to work on /home/airflow/.local/lib/python3.7/site-packages/airflow/example_dags/example_task_group.py
[2023-04-10T02:09:22.808+0000] {processor.py:743} INFO - Processing file /home/airflow/.local/lib/python3.7/site-packages/airflow/example_dags/example_task_group.py for tasks to queue
[2023-04-10T02:09:22.808+0000] {logging_mixin.py:137} INFO - [2023-04-10T02:09:22.808+0000] {dagbag.py:532} INFO - Filling up the DagBag from /home/airflow/.local/lib/python3.7/site-packages/airflow/example_dags/example_task_group.py
[2023-04-10T02:09:22.837+0000] {processor.py:753} INFO - DAG(s) dict_keys(['example_task_group']) retrieved from /home/airflow/.local/lib/python3.7/site-packages/airflow/example_dags/example_task_group.py
[2023-04-10T02:09:22.873+0000] {logging_mixin.py:137} INFO - [2023-04-10T02:09:22.872+0000] {dag.py:2705} INFO - Sync 1 DAGs
[2023-04-10T02:09:22.912+0000] {logging_mixin.py:137} INFO - [2023-04-10T02:09:22.912+0000] {dag.py:3456} INFO - Setting next_dagrun for example_task_group to 2023-04-09T02:09:22.912029+00:00, run_after=2023-04-10T02:09:22.912029+00:00
[2023-04-10T02:09:22.938+0000] {processor.py:175} INFO - Processing /home/airflow/.local/lib/python3.7/site-packages/airflow/example_dags/example_task_group.py took 0.137 seconds
[2023-04-10T02:09:53.158+0000] {processor.py:153} INFO - Started process (PID=295) to work on /home/airflow/.local/lib/python3.7/site-packages/airflow/example_dags/example_task_group.py
[2023-04-10T02:09:53.159+0000] {processor.py:743} INFO - Processing file /home/airflow/.local/lib/python3.7/site-packages/airflow/example_dags/example_task_group.py for tasks to queue
[2023-04-10T02:09:53.159+0000] {logging_mixin.py:137} INFO - [2023-04-10T02:09:53.159+0000] {dagbag.py:532} INFO - Filling up the DagBag from /home/airflow/.local/lib/python3.7/site-packages/airflow/example_dags/example_task_group.py
[2023-04-10T02:09:53.183+0000] {processor.py:753} INFO - DAG(s) dict_keys(['example_task_group']) retrieved from /home/airflow/.local/lib/python3.7/site-packages/airflow/example_dags/example_task_group.py
[2023-04-10T02:09:53.219+0000] {logging_mixin.py:137} INFO - [2023-04-10T02:09:53.219+0000] {dag.py:2705} INFO - Sync 1 DAGs
[2023-04-10T02:09:53.259+0000] {logging_mixin.py:137} INFO - [2023-04-10T02:09:53.259+0000] {dag.py:3456} INFO - Setting next_dagrun for example_task_group to 2023-04-09T02:09:53.259180+00:00, run_after=2023-04-10T02:09:53.259180+00:00
[2023-04-10T02:09:53.283+0000] {processor.py:175} INFO - Processing /home/airflow/.local/lib/python3.7/site-packages/airflow/example_dags/example_task_group.py took 0.130 seconds
[2023-04-10T02:10:23.469+0000] {processor.py:153} INFO - Started process (PID=346) to work on /home/airflow/.local/lib/python3.7/site-packages/airflow/example_dags/example_task_group.py
[2023-04-10T02:10:23.470+0000] {processor.py:743} INFO - Processing file /home/airflow/.local/lib/python3.7/site-packages/airflow/example_dags/example_task_group.py for tasks to queue
[2023-04-10T02:10:23.471+0000] {logging_mixin.py:137} INFO - [2023-04-10T02:10:23.471+0000] {dagbag.py:532} INFO - Filling up the DagBag from /home/airflow/.local/lib/python3.7/site-packages/airflow/example_dags/example_task_group.py
[2023-04-10T02:10:23.494+0000] {processor.py:753} INFO - DAG(s) dict_keys(['example_task_group']) retrieved from /home/airflow/.local/lib/python3.7/site-packages/airflow/example_dags/example_task_group.py
[2023-04-10T02:10:23.542+0000] {logging_mixin.py:137} INFO - [2023-04-10T02:10:23.542+0000] {dag.py:2705} INFO - Sync 1 DAGs
[2023-04-10T02:10:23.581+0000] {logging_mixin.py:137} INFO - [2023-04-10T02:10:23.581+0000] {dag.py:3456} INFO - Setting next_dagrun for example_task_group to 2023-04-09T02:10:23.581256+00:00, run_after=2023-04-10T02:10:23.581256+00:00
[2023-04-10T02:10:23.605+0000] {processor.py:175} INFO - Processing /home/airflow/.local/lib/python3.7/site-packages/airflow/example_dags/example_task_group.py took 0.140 seconds
[2023-04-10T02:10:53.685+0000] {processor.py:153} INFO - Started process (PID=396) to work on /home/airflow/.local/lib/python3.7/site-packages/airflow/example_dags/example_task_group.py
[2023-04-10T02:10:53.686+0000] {processor.py:743} INFO - Processing file /home/airflow/.local/lib/python3.7/site-packages/airflow/example_dags/example_task_group.py for tasks to queue
[2023-04-10T02:10:53.687+0000] {logging_mixin.py:137} INFO - [2023-04-10T02:10:53.686+0000] {dagbag.py:532} INFO - Filling up the DagBag from /home/airflow/.local/lib/python3.7/site-packages/airflow/example_dags/example_task_group.py
[2023-04-10T02:10:53.710+0000] {processor.py:753} INFO - DAG(s) dict_keys(['example_task_group']) retrieved from /home/airflow/.local/lib/python3.7/site-packages/airflow/example_dags/example_task_group.py
[2023-04-10T02:10:53.747+0000] {logging_mixin.py:137} INFO - [2023-04-10T02:10:53.747+0000] {dag.py:2705} INFO - Sync 1 DAGs
[2023-04-10T02:10:53.787+0000] {logging_mixin.py:137} INFO - [2023-04-10T02:10:53.786+0000] {dag.py:3456} INFO - Setting next_dagrun for example_task_group to 2023-04-09T02:10:53.786607+00:00, run_after=2023-04-10T02:10:53.786607+00:00
[2023-04-10T02:10:53.811+0000] {processor.py:175} INFO - Processing /home/airflow/.local/lib/python3.7/site-packages/airflow/example_dags/example_task_group.py took 0.130 seconds
[2023-04-10T02:11:24.293+0000] {processor.py:153} INFO - Started process (PID=446) to work on /home/airflow/.local/lib/python3.7/site-packages/airflow/example_dags/example_task_group.py
[2023-04-10T02:11:24.294+0000] {processor.py:743} INFO - Processing file /home/airflow/.local/lib/python3.7/site-packages/airflow/example_dags/example_task_group.py for tasks to queue
[2023-04-10T02:11:24.295+0000] {logging_mixin.py:137} INFO - [2023-04-10T02:11:24.295+0000] {dagbag.py:532} INFO - Filling up the DagBag from /home/airflow/.local/lib/python3.7/site-packages/airflow/example_dags/example_task_group.py
[2023-04-10T02:11:24.365+0000] {processor.py:753} INFO - DAG(s) dict_keys(['example_task_group']) retrieved from /home/airflow/.local/lib/python3.7/site-packages/airflow/example_dags/example_task_group.py
[2023-04-10T02:11:24.486+0000] {logging_mixin.py:137} INFO - [2023-04-10T02:11:24.485+0000] {dag.py:2705} INFO - Sync 1 DAGs
[2023-04-10T02:11:24.574+0000] {logging_mixin.py:137} INFO - [2023-04-10T02:11:24.574+0000] {dag.py:3456} INFO - Setting next_dagrun for example_task_group to 2023-04-09T02:11:24.574027+00:00, run_after=2023-04-10T02:11:24.574027+00:00
[2023-04-10T02:11:24.720+0000] {processor.py:175} INFO - Processing /home/airflow/.local/lib/python3.7/site-packages/airflow/example_dags/example_task_group.py took 0.445 seconds
[2023-04-10T02:11:55.489+0000] {processor.py:153} INFO - Started process (PID=496) to work on /home/airflow/.local/lib/python3.7/site-packages/airflow/example_dags/example_task_group.py
[2023-04-10T02:11:55.490+0000] {processor.py:743} INFO - Processing file /home/airflow/.local/lib/python3.7/site-packages/airflow/example_dags/example_task_group.py for tasks to queue
[2023-04-10T02:11:55.491+0000] {logging_mixin.py:137} INFO - [2023-04-10T02:11:55.490+0000] {dagbag.py:532} INFO - Filling up the DagBag from /home/airflow/.local/lib/python3.7/site-packages/airflow/example_dags/example_task_group.py
[2023-04-10T02:11:55.529+0000] {processor.py:753} INFO - DAG(s) dict_keys(['example_task_group']) retrieved from /home/airflow/.local/lib/python3.7/site-packages/airflow/example_dags/example_task_group.py
[2023-04-10T02:11:55.607+0000] {logging_mixin.py:137} INFO - [2023-04-10T02:11:55.607+0000] {dag.py:2705} INFO - Sync 1 DAGs
[2023-04-10T02:11:55.685+0000] {logging_mixin.py:137} INFO - [2023-04-10T02:11:55.685+0000] {dag.py:3456} INFO - Setting next_dagrun for example_task_group to 2023-04-09T02:11:55.684729+00:00, run_after=2023-04-10T02:11:55.684729+00:00
[2023-04-10T02:11:55.729+0000] {processor.py:175} INFO - Processing /home/airflow/.local/lib/python3.7/site-packages/airflow/example_dags/example_task_group.py took 0.252 seconds
