[2023-04-10T02:07:29.399+0000] {processor.py:153} INFO - Started process (PID=71) to work on /home/airflow/.local/lib/python3.7/site-packages/airflow/example_dags/example_short_circuit_decorator.py
[2023-04-10T02:07:29.400+0000] {processor.py:743} INFO - Processing file /home/airflow/.local/lib/python3.7/site-packages/airflow/example_dags/example_short_circuit_decorator.py for tasks to queue
[2023-04-10T02:07:29.413+0000] {logging_mixin.py:137} INFO - [2023-04-10T02:07:29.401+0000] {dagbag.py:532} INFO - Filling up the DagBag from /home/airflow/.local/lib/python3.7/site-packages/airflow/example_dags/example_short_circuit_decorator.py
[2023-04-10T02:07:29.517+0000] {processor.py:753} INFO - DAG(s) dict_keys(['example_short_circuit_decorator']) retrieved from /home/airflow/.local/lib/python3.7/site-packages/airflow/example_dags/example_short_circuit_decorator.py
[2023-04-10T02:07:29.631+0000] {logging_mixin.py:137} INFO - [2023-04-10T02:07:29.631+0000] {dag.py:2705} INFO - Sync 1 DAGs
[2023-04-10T02:07:29.756+0000] {logging_mixin.py:137} INFO - [2023-04-10T02:07:29.756+0000] {dag.py:3456} INFO - Setting next_dagrun for example_short_circuit_decorator to 2023-04-09T02:07:29.756148+00:00, run_after=2023-04-10T02:07:29.756148+00:00
[2023-04-10T02:07:29.822+0000] {processor.py:175} INFO - Processing /home/airflow/.local/lib/python3.7/site-packages/airflow/example_dags/example_short_circuit_decorator.py took 0.441 seconds
[2023-04-10T02:08:00.202+0000] {processor.py:153} INFO - Started process (PID=122) to work on /home/airflow/.local/lib/python3.7/site-packages/airflow/example_dags/example_short_circuit_decorator.py
[2023-04-10T02:08:00.203+0000] {processor.py:743} INFO - Processing file /home/airflow/.local/lib/python3.7/site-packages/airflow/example_dags/example_short_circuit_decorator.py for tasks to queue
[2023-04-10T02:08:00.204+0000] {logging_mixin.py:137} INFO - [2023-04-10T02:08:00.203+0000] {dagbag.py:532} INFO - Filling up the DagBag from /home/airflow/.local/lib/python3.7/site-packages/airflow/example_dags/example_short_circuit_decorator.py
[2023-04-10T02:08:00.309+0000] {processor.py:753} INFO - DAG(s) dict_keys(['example_short_circuit_decorator']) retrieved from /home/airflow/.local/lib/python3.7/site-packages/airflow/example_dags/example_short_circuit_decorator.py
[2023-04-10T02:08:00.423+0000] {logging_mixin.py:137} INFO - [2023-04-10T02:08:00.422+0000] {dag.py:2705} INFO - Sync 1 DAGs
[2023-04-10T02:08:00.541+0000] {logging_mixin.py:137} INFO - [2023-04-10T02:08:00.541+0000] {dag.py:3456} INFO - Setting next_dagrun for example_short_circuit_decorator to 2023-04-09T02:08:00.540754+00:00, run_after=2023-04-10T02:08:00.540754+00:00
[2023-04-10T02:08:00.684+0000] {processor.py:175} INFO - Processing /home/airflow/.local/lib/python3.7/site-packages/airflow/example_dags/example_short_circuit_decorator.py took 0.503 seconds
[2023-04-10T02:08:31.444+0000] {processor.py:153} INFO - Started process (PID=172) to work on /home/airflow/.local/lib/python3.7/site-packages/airflow/example_dags/example_short_circuit_decorator.py
[2023-04-10T02:08:31.453+0000] {processor.py:743} INFO - Processing file /home/airflow/.local/lib/python3.7/site-packages/airflow/example_dags/example_short_circuit_decorator.py for tasks to queue
[2023-04-10T02:08:31.454+0000] {logging_mixin.py:137} INFO - [2023-04-10T02:08:31.454+0000] {dagbag.py:532} INFO - Filling up the DagBag from /home/airflow/.local/lib/python3.7/site-packages/airflow/example_dags/example_short_circuit_decorator.py
[2023-04-10T02:08:31.521+0000] {processor.py:753} INFO - DAG(s) dict_keys(['example_short_circuit_decorator']) retrieved from /home/airflow/.local/lib/python3.7/site-packages/airflow/example_dags/example_short_circuit_decorator.py
[2023-04-10T02:08:31.614+0000] {logging_mixin.py:137} INFO - [2023-04-10T02:08:31.613+0000] {dag.py:2705} INFO - Sync 1 DAGs
[2023-04-10T02:08:31.682+0000] {logging_mixin.py:137} INFO - [2023-04-10T02:08:31.682+0000] {dag.py:3456} INFO - Setting next_dagrun for example_short_circuit_decorator to 2023-04-09T02:08:31.682364+00:00, run_after=2023-04-10T02:08:31.682364+00:00
[2023-04-10T02:08:31.750+0000] {processor.py:175} INFO - Processing /home/airflow/.local/lib/python3.7/site-packages/airflow/example_dags/example_short_circuit_decorator.py took 0.318 seconds
[2023-04-10T02:09:02.671+0000] {processor.py:153} INFO - Started process (PID=222) to work on /home/airflow/.local/lib/python3.7/site-packages/airflow/example_dags/example_short_circuit_decorator.py
[2023-04-10T02:09:02.671+0000] {processor.py:743} INFO - Processing file /home/airflow/.local/lib/python3.7/site-packages/airflow/example_dags/example_short_circuit_decorator.py for tasks to queue
[2023-04-10T02:09:02.672+0000] {logging_mixin.py:137} INFO - [2023-04-10T02:09:02.672+0000] {dagbag.py:532} INFO - Filling up the DagBag from /home/airflow/.local/lib/python3.7/site-packages/airflow/example_dags/example_short_circuit_decorator.py
[2023-04-10T02:09:02.709+0000] {processor.py:753} INFO - DAG(s) dict_keys(['example_short_circuit_decorator']) retrieved from /home/airflow/.local/lib/python3.7/site-packages/airflow/example_dags/example_short_circuit_decorator.py
[2023-04-10T02:09:02.748+0000] {logging_mixin.py:137} INFO - [2023-04-10T02:09:02.748+0000] {dag.py:2705} INFO - Sync 1 DAGs
[2023-04-10T02:09:02.789+0000] {logging_mixin.py:137} INFO - [2023-04-10T02:09:02.789+0000] {dag.py:3456} INFO - Setting next_dagrun for example_short_circuit_decorator to 2023-04-09T02:09:02.789044+00:00, run_after=2023-04-10T02:09:02.789044+00:00
[2023-04-10T02:09:02.822+0000] {processor.py:175} INFO - Processing /home/airflow/.local/lib/python3.7/site-packages/airflow/example_dags/example_short_circuit_decorator.py took 0.157 seconds
[2023-04-10T02:09:32.869+0000] {processor.py:153} INFO - Started process (PID=272) to work on /home/airflow/.local/lib/python3.7/site-packages/airflow/example_dags/example_short_circuit_decorator.py
[2023-04-10T02:09:32.871+0000] {processor.py:743} INFO - Processing file /home/airflow/.local/lib/python3.7/site-packages/airflow/example_dags/example_short_circuit_decorator.py for tasks to queue
[2023-04-10T02:09:32.871+0000] {logging_mixin.py:137} INFO - [2023-04-10T02:09:32.871+0000] {dagbag.py:532} INFO - Filling up the DagBag from /home/airflow/.local/lib/python3.7/site-packages/airflow/example_dags/example_short_circuit_decorator.py
[2023-04-10T02:09:32.911+0000] {processor.py:753} INFO - DAG(s) dict_keys(['example_short_circuit_decorator']) retrieved from /home/airflow/.local/lib/python3.7/site-packages/airflow/example_dags/example_short_circuit_decorator.py
[2023-04-10T02:09:32.950+0000] {logging_mixin.py:137} INFO - [2023-04-10T02:09:32.950+0000] {dag.py:2705} INFO - Sync 1 DAGs
[2023-04-10T02:09:32.991+0000] {logging_mixin.py:137} INFO - [2023-04-10T02:09:32.990+0000] {dag.py:3456} INFO - Setting next_dagrun for example_short_circuit_decorator to 2023-04-09T02:09:32.990666+00:00, run_after=2023-04-10T02:09:32.990666+00:00
[2023-04-10T02:09:33.015+0000] {processor.py:175} INFO - Processing /home/airflow/.local/lib/python3.7/site-packages/airflow/example_dags/example_short_circuit_decorator.py took 0.149 seconds
[2023-04-10T02:10:03.217+0000] {processor.py:153} INFO - Started process (PID=323) to work on /home/airflow/.local/lib/python3.7/site-packages/airflow/example_dags/example_short_circuit_decorator.py
[2023-04-10T02:10:03.217+0000] {processor.py:743} INFO - Processing file /home/airflow/.local/lib/python3.7/site-packages/airflow/example_dags/example_short_circuit_decorator.py for tasks to queue
[2023-04-10T02:10:03.218+0000] {logging_mixin.py:137} INFO - [2023-04-10T02:10:03.218+0000] {dagbag.py:532} INFO - Filling up the DagBag from /home/airflow/.local/lib/python3.7/site-packages/airflow/example_dags/example_short_circuit_decorator.py
[2023-04-10T02:10:03.260+0000] {processor.py:753} INFO - DAG(s) dict_keys(['example_short_circuit_decorator']) retrieved from /home/airflow/.local/lib/python3.7/site-packages/airflow/example_dags/example_short_circuit_decorator.py
[2023-04-10T02:10:03.301+0000] {logging_mixin.py:137} INFO - [2023-04-10T02:10:03.301+0000] {dag.py:2705} INFO - Sync 1 DAGs
[2023-04-10T02:10:03.343+0000] {logging_mixin.py:137} INFO - [2023-04-10T02:10:03.343+0000] {dag.py:3456} INFO - Setting next_dagrun for example_short_circuit_decorator to 2023-04-09T02:10:03.342841+00:00, run_after=2023-04-10T02:10:03.342841+00:00
[2023-04-10T02:10:03.370+0000] {processor.py:175} INFO - Processing /home/airflow/.local/lib/python3.7/site-packages/airflow/example_dags/example_short_circuit_decorator.py took 0.159 seconds
[2023-04-10T02:10:33.577+0000] {processor.py:153} INFO - Started process (PID=374) to work on /home/airflow/.local/lib/python3.7/site-packages/airflow/example_dags/example_short_circuit_decorator.py
[2023-04-10T02:10:33.578+0000] {processor.py:743} INFO - Processing file /home/airflow/.local/lib/python3.7/site-packages/airflow/example_dags/example_short_circuit_decorator.py for tasks to queue
[2023-04-10T02:10:33.579+0000] {logging_mixin.py:137} INFO - [2023-04-10T02:10:33.579+0000] {dagbag.py:532} INFO - Filling up the DagBag from /home/airflow/.local/lib/python3.7/site-packages/airflow/example_dags/example_short_circuit_decorator.py
[2023-04-10T02:10:33.616+0000] {processor.py:753} INFO - DAG(s) dict_keys(['example_short_circuit_decorator']) retrieved from /home/airflow/.local/lib/python3.7/site-packages/airflow/example_dags/example_short_circuit_decorator.py
[2023-04-10T02:10:33.654+0000] {logging_mixin.py:137} INFO - [2023-04-10T02:10:33.654+0000] {dag.py:2705} INFO - Sync 1 DAGs
[2023-04-10T02:10:33.696+0000] {logging_mixin.py:137} INFO - [2023-04-10T02:10:33.696+0000] {dag.py:3456} INFO - Setting next_dagrun for example_short_circuit_decorator to 2023-04-09T02:10:33.696212+00:00, run_after=2023-04-10T02:10:33.696212+00:00
[2023-04-10T02:10:33.720+0000] {processor.py:175} INFO - Processing /home/airflow/.local/lib/python3.7/site-packages/airflow/example_dags/example_short_circuit_decorator.py took 0.147 seconds
[2023-04-10T02:11:03.832+0000] {processor.py:153} INFO - Started process (PID=424) to work on /home/airflow/.local/lib/python3.7/site-packages/airflow/example_dags/example_short_circuit_decorator.py
[2023-04-10T02:11:03.833+0000] {processor.py:743} INFO - Processing file /home/airflow/.local/lib/python3.7/site-packages/airflow/example_dags/example_short_circuit_decorator.py for tasks to queue
[2023-04-10T02:11:03.837+0000] {logging_mixin.py:137} INFO - [2023-04-10T02:11:03.837+0000] {dagbag.py:532} INFO - Filling up the DagBag from /home/airflow/.local/lib/python3.7/site-packages/airflow/example_dags/example_short_circuit_decorator.py
[2023-04-10T02:11:03.875+0000] {processor.py:753} INFO - DAG(s) dict_keys(['example_short_circuit_decorator']) retrieved from /home/airflow/.local/lib/python3.7/site-packages/airflow/example_dags/example_short_circuit_decorator.py
[2023-04-10T02:11:03.913+0000] {logging_mixin.py:137} INFO - [2023-04-10T02:11:03.913+0000] {dag.py:2705} INFO - Sync 1 DAGs
[2023-04-10T02:11:03.953+0000] {logging_mixin.py:137} INFO - [2023-04-10T02:11:03.953+0000] {dag.py:3456} INFO - Setting next_dagrun for example_short_circuit_decorator to 2023-04-09T02:11:03.952802+00:00, run_after=2023-04-10T02:11:03.952802+00:00
[2023-04-10T02:11:03.978+0000] {processor.py:175} INFO - Processing /home/airflow/.local/lib/python3.7/site-packages/airflow/example_dags/example_short_circuit_decorator.py took 0.150 seconds
[2023-04-10T02:11:34.254+0000] {processor.py:153} INFO - Started process (PID=474) to work on /home/airflow/.local/lib/python3.7/site-packages/airflow/example_dags/example_short_circuit_decorator.py
[2023-04-10T02:11:34.255+0000] {processor.py:743} INFO - Processing file /home/airflow/.local/lib/python3.7/site-packages/airflow/example_dags/example_short_circuit_decorator.py for tasks to queue
[2023-04-10T02:11:34.256+0000] {logging_mixin.py:137} INFO - [2023-04-10T02:11:34.256+0000] {dagbag.py:532} INFO - Filling up the DagBag from /home/airflow/.local/lib/python3.7/site-packages/airflow/example_dags/example_short_circuit_decorator.py
[2023-04-10T02:11:34.293+0000] {processor.py:753} INFO - DAG(s) dict_keys(['example_short_circuit_decorator']) retrieved from /home/airflow/.local/lib/python3.7/site-packages/airflow/example_dags/example_short_circuit_decorator.py
[2023-04-10T02:11:34.331+0000] {logging_mixin.py:137} INFO - [2023-04-10T02:11:34.331+0000] {dag.py:2705} INFO - Sync 1 DAGs
[2023-04-10T02:11:34.372+0000] {logging_mixin.py:137} INFO - [2023-04-10T02:11:34.372+0000] {dag.py:3456} INFO - Setting next_dagrun for example_short_circuit_decorator to 2023-04-09T02:11:34.371709+00:00, run_after=2023-04-10T02:11:34.371709+00:00
[2023-04-10T02:11:34.397+0000] {processor.py:175} INFO - Processing /home/airflow/.local/lib/python3.7/site-packages/airflow/example_dags/example_short_circuit_decorator.py took 0.147 seconds
[2023-04-10T02:12:04.983+0000] {processor.py:153} INFO - Started process (PID=524) to work on /home/airflow/.local/lib/python3.7/site-packages/airflow/example_dags/example_short_circuit_decorator.py
[2023-04-10T02:12:04.984+0000] {processor.py:743} INFO - Processing file /home/airflow/.local/lib/python3.7/site-packages/airflow/example_dags/example_short_circuit_decorator.py for tasks to queue
[2023-04-10T02:12:04.985+0000] {logging_mixin.py:137} INFO - [2023-04-10T02:12:04.984+0000] {dagbag.py:532} INFO - Filling up the DagBag from /home/airflow/.local/lib/python3.7/site-packages/airflow/example_dags/example_short_circuit_decorator.py
[2023-04-10T02:12:05.028+0000] {processor.py:753} INFO - DAG(s) dict_keys(['example_short_circuit_decorator']) retrieved from /home/airflow/.local/lib/python3.7/site-packages/airflow/example_dags/example_short_circuit_decorator.py
[2023-04-10T02:12:05.069+0000] {logging_mixin.py:137} INFO - [2023-04-10T02:12:05.069+0000] {dag.py:2705} INFO - Sync 1 DAGs
[2023-04-10T02:12:05.109+0000] {logging_mixin.py:137} INFO - [2023-04-10T02:12:05.109+0000] {dag.py:3456} INFO - Setting next_dagrun for example_short_circuit_decorator to 2023-04-09T02:12:05.109071+00:00, run_after=2023-04-10T02:12:05.109071+00:00
[2023-04-10T02:12:05.135+0000] {processor.py:175} INFO - Processing /home/airflow/.local/lib/python3.7/site-packages/airflow/example_dags/example_short_circuit_decorator.py took 0.157 seconds
