[2023-04-10T02:07:23.446+0000] {processor.py:153} INFO - Started process (PID=52) to work on /home/airflow/.local/lib/python3.7/site-packages/airflow/example_dags/example_datasets.py
[2023-04-10T02:07:23.447+0000] {processor.py:743} INFO - Processing file /home/airflow/.local/lib/python3.7/site-packages/airflow/example_dags/example_datasets.py for tasks to queue
[2023-04-10T02:07:23.447+0000] {logging_mixin.py:137} INFO - [2023-04-10T02:07:23.447+0000] {dagbag.py:532} INFO - Filling up the DagBag from /home/airflow/.local/lib/python3.7/site-packages/airflow/example_dags/example_datasets.py
[2023-04-10T02:07:23.555+0000] {processor.py:753} INFO - DAG(s) dict_keys(['dataset_consumes_1', 'dataset_produces_2', 'dataset_produces_1', 'dataset_consumes_unknown_never_scheduled', 'dataset_consumes_1_never_scheduled', 'dataset_consumes_1_and_2']) retrieved from /home/airflow/.local/lib/python3.7/site-packages/airflow/example_dags/example_datasets.py
[2023-04-10T02:07:24.206+0000] {logging_mixin.py:137} INFO - [2023-04-10T02:07:24.200+0000] {dag.py:2705} INFO - Sync 6 DAGs
[2023-04-10T02:07:24.391+0000] {logging_mixin.py:137} INFO - [2023-04-10T02:07:24.391+0000] {dag.py:3456} INFO - Setting next_dagrun for dataset_consumes_1 to None, run_after=None
[2023-04-10T02:07:24.430+0000] {logging_mixin.py:137} INFO - [2023-04-10T02:07:24.429+0000] {dag.py:3456} INFO - Setting next_dagrun for dataset_consumes_1_and_2 to None, run_after=None
[2023-04-10T02:07:24.434+0000] {logging_mixin.py:137} INFO - [2023-04-10T02:07:24.432+0000] {dag.py:3456} INFO - Setting next_dagrun for dataset_consumes_1_never_scheduled to None, run_after=None
[2023-04-10T02:07:24.442+0000] {logging_mixin.py:137} INFO - [2023-04-10T02:07:24.440+0000] {dag.py:3456} INFO - Setting next_dagrun for dataset_consumes_unknown_never_scheduled to None, run_after=None
[2023-04-10T02:07:24.467+0000] {logging_mixin.py:137} INFO - [2023-04-10T02:07:24.465+0000] {dag.py:3456} INFO - Setting next_dagrun for dataset_produces_1 to 2023-04-09T00:00:00+00:00, run_after=2023-04-10T00:00:00+00:00
[2023-04-10T02:07:24.474+0000] {logging_mixin.py:137} INFO - [2023-04-10T02:07:24.474+0000] {dag.py:3456} INFO - Setting next_dagrun for dataset_produces_2 to None, run_after=None
[2023-04-10T02:07:24.720+0000] {processor.py:175} INFO - Processing /home/airflow/.local/lib/python3.7/site-packages/airflow/example_dags/example_datasets.py took 1.302 seconds
[2023-04-10T02:07:55.294+0000] {processor.py:153} INFO - Started process (PID=103) to work on /home/airflow/.local/lib/python3.7/site-packages/airflow/example_dags/example_datasets.py
[2023-04-10T02:07:55.295+0000] {processor.py:743} INFO - Processing file /home/airflow/.local/lib/python3.7/site-packages/airflow/example_dags/example_datasets.py for tasks to queue
[2023-04-10T02:07:55.296+0000] {logging_mixin.py:137} INFO - [2023-04-10T02:07:55.295+0000] {dagbag.py:532} INFO - Filling up the DagBag from /home/airflow/.local/lib/python3.7/site-packages/airflow/example_dags/example_datasets.py
[2023-04-10T02:07:55.320+0000] {processor.py:753} INFO - DAG(s) dict_keys(['dataset_produces_2', 'dataset_consumes_1', 'dataset_consumes_1_never_scheduled', 'dataset_produces_1', 'dataset_consumes_unknown_never_scheduled', 'dataset_consumes_1_and_2']) retrieved from /home/airflow/.local/lib/python3.7/site-packages/airflow/example_dags/example_datasets.py
[2023-04-10T02:07:55.381+0000] {logging_mixin.py:137} INFO - [2023-04-10T02:07:55.381+0000] {dag.py:2705} INFO - Sync 6 DAGs
[2023-04-10T02:07:55.424+0000] {logging_mixin.py:137} INFO - [2023-04-10T02:07:55.423+0000] {dag.py:3456} INFO - Setting next_dagrun for dataset_consumes_1 to None, run_after=None
[2023-04-10T02:07:55.428+0000] {logging_mixin.py:137} INFO - [2023-04-10T02:07:55.428+0000] {dag.py:3456} INFO - Setting next_dagrun for dataset_consumes_1_and_2 to None, run_after=None
[2023-04-10T02:07:55.430+0000] {logging_mixin.py:137} INFO - [2023-04-10T02:07:55.430+0000] {dag.py:3456} INFO - Setting next_dagrun for dataset_consumes_1_never_scheduled to None, run_after=None
[2023-04-10T02:07:55.431+0000] {logging_mixin.py:137} INFO - [2023-04-10T02:07:55.431+0000] {dag.py:3456} INFO - Setting next_dagrun for dataset_consumes_unknown_never_scheduled to None, run_after=None
[2023-04-10T02:07:55.436+0000] {logging_mixin.py:137} INFO - [2023-04-10T02:07:55.435+0000] {dag.py:3456} INFO - Setting next_dagrun for dataset_produces_1 to 2023-04-09T00:00:00+00:00, run_after=2023-04-10T00:00:00+00:00
[2023-04-10T02:07:55.437+0000] {logging_mixin.py:137} INFO - [2023-04-10T02:07:55.437+0000] {dag.py:3456} INFO - Setting next_dagrun for dataset_produces_2 to None, run_after=None
[2023-04-10T02:07:55.480+0000] {processor.py:175} INFO - Processing /home/airflow/.local/lib/python3.7/site-packages/airflow/example_dags/example_datasets.py took 0.191 seconds
[2023-04-10T02:08:25.941+0000] {processor.py:153} INFO - Started process (PID=153) to work on /home/airflow/.local/lib/python3.7/site-packages/airflow/example_dags/example_datasets.py
[2023-04-10T02:08:25.942+0000] {processor.py:743} INFO - Processing file /home/airflow/.local/lib/python3.7/site-packages/airflow/example_dags/example_datasets.py for tasks to queue
[2023-04-10T02:08:25.943+0000] {logging_mixin.py:137} INFO - [2023-04-10T02:08:25.943+0000] {dagbag.py:532} INFO - Filling up the DagBag from /home/airflow/.local/lib/python3.7/site-packages/airflow/example_dags/example_datasets.py
[2023-04-10T02:08:25.968+0000] {processor.py:753} INFO - DAG(s) dict_keys(['dataset_consumes_1', 'dataset_consumes_unknown_never_scheduled', 'dataset_consumes_1_and_2', 'dataset_produces_1', 'dataset_produces_2', 'dataset_consumes_1_never_scheduled']) retrieved from /home/airflow/.local/lib/python3.7/site-packages/airflow/example_dags/example_datasets.py
[2023-04-10T02:08:26.028+0000] {logging_mixin.py:137} INFO - [2023-04-10T02:08:26.028+0000] {dag.py:2705} INFO - Sync 6 DAGs
[2023-04-10T02:08:26.070+0000] {logging_mixin.py:137} INFO - [2023-04-10T02:08:26.070+0000] {dag.py:3456} INFO - Setting next_dagrun for dataset_consumes_1 to None, run_after=None
[2023-04-10T02:08:26.075+0000] {logging_mixin.py:137} INFO - [2023-04-10T02:08:26.074+0000] {dag.py:3456} INFO - Setting next_dagrun for dataset_consumes_1_and_2 to None, run_after=None
[2023-04-10T02:08:26.076+0000] {logging_mixin.py:137} INFO - [2023-04-10T02:08:26.076+0000] {dag.py:3456} INFO - Setting next_dagrun for dataset_consumes_1_never_scheduled to None, run_after=None
[2023-04-10T02:08:26.077+0000] {logging_mixin.py:137} INFO - [2023-04-10T02:08:26.077+0000] {dag.py:3456} INFO - Setting next_dagrun for dataset_consumes_unknown_never_scheduled to None, run_after=None
[2023-04-10T02:08:26.082+0000] {logging_mixin.py:137} INFO - [2023-04-10T02:08:26.081+0000] {dag.py:3456} INFO - Setting next_dagrun for dataset_produces_1 to 2023-04-09T00:00:00+00:00, run_after=2023-04-10T00:00:00+00:00
[2023-04-10T02:08:26.083+0000] {logging_mixin.py:137} INFO - [2023-04-10T02:08:26.083+0000] {dag.py:3456} INFO - Setting next_dagrun for dataset_produces_2 to None, run_after=None
[2023-04-10T02:08:26.128+0000] {processor.py:175} INFO - Processing /home/airflow/.local/lib/python3.7/site-packages/airflow/example_dags/example_datasets.py took 0.191 seconds
[2023-04-10T02:08:56.219+0000] {processor.py:153} INFO - Started process (PID=203) to work on /home/airflow/.local/lib/python3.7/site-packages/airflow/example_dags/example_datasets.py
[2023-04-10T02:08:56.219+0000] {processor.py:743} INFO - Processing file /home/airflow/.local/lib/python3.7/site-packages/airflow/example_dags/example_datasets.py for tasks to queue
[2023-04-10T02:08:56.220+0000] {logging_mixin.py:137} INFO - [2023-04-10T02:08:56.220+0000] {dagbag.py:532} INFO - Filling up the DagBag from /home/airflow/.local/lib/python3.7/site-packages/airflow/example_dags/example_datasets.py
[2023-04-10T02:08:56.245+0000] {processor.py:753} INFO - DAG(s) dict_keys(['dataset_consumes_unknown_never_scheduled', 'dataset_consumes_1_never_scheduled', 'dataset_produces_2', 'dataset_consumes_1_and_2', 'dataset_consumes_1', 'dataset_produces_1']) retrieved from /home/airflow/.local/lib/python3.7/site-packages/airflow/example_dags/example_datasets.py
[2023-04-10T02:08:56.304+0000] {logging_mixin.py:137} INFO - [2023-04-10T02:08:56.304+0000] {dag.py:2705} INFO - Sync 6 DAGs
[2023-04-10T02:08:56.346+0000] {logging_mixin.py:137} INFO - [2023-04-10T02:08:56.346+0000] {dag.py:3456} INFO - Setting next_dagrun for dataset_consumes_1 to None, run_after=None
[2023-04-10T02:08:56.351+0000] {logging_mixin.py:137} INFO - [2023-04-10T02:08:56.351+0000] {dag.py:3456} INFO - Setting next_dagrun for dataset_consumes_1_and_2 to None, run_after=None
[2023-04-10T02:08:56.352+0000] {logging_mixin.py:137} INFO - [2023-04-10T02:08:56.352+0000] {dag.py:3456} INFO - Setting next_dagrun for dataset_consumes_1_never_scheduled to None, run_after=None
[2023-04-10T02:08:56.354+0000] {logging_mixin.py:137} INFO - [2023-04-10T02:08:56.353+0000] {dag.py:3456} INFO - Setting next_dagrun for dataset_consumes_unknown_never_scheduled to None, run_after=None
[2023-04-10T02:08:56.358+0000] {logging_mixin.py:137} INFO - [2023-04-10T02:08:56.358+0000] {dag.py:3456} INFO - Setting next_dagrun for dataset_produces_1 to 2023-04-09T00:00:00+00:00, run_after=2023-04-10T00:00:00+00:00
[2023-04-10T02:08:56.359+0000] {logging_mixin.py:137} INFO - [2023-04-10T02:08:56.359+0000] {dag.py:3456} INFO - Setting next_dagrun for dataset_produces_2 to None, run_after=None
[2023-04-10T02:08:56.403+0000] {processor.py:175} INFO - Processing /home/airflow/.local/lib/python3.7/site-packages/airflow/example_dags/example_datasets.py took 0.189 seconds
[2023-04-10T02:09:26.437+0000] {processor.py:153} INFO - Started process (PID=253) to work on /home/airflow/.local/lib/python3.7/site-packages/airflow/example_dags/example_datasets.py
[2023-04-10T02:09:26.439+0000] {processor.py:743} INFO - Processing file /home/airflow/.local/lib/python3.7/site-packages/airflow/example_dags/example_datasets.py for tasks to queue
[2023-04-10T02:09:26.440+0000] {logging_mixin.py:137} INFO - [2023-04-10T02:09:26.440+0000] {dagbag.py:532} INFO - Filling up the DagBag from /home/airflow/.local/lib/python3.7/site-packages/airflow/example_dags/example_datasets.py
[2023-04-10T02:09:26.464+0000] {processor.py:753} INFO - DAG(s) dict_keys(['dataset_consumes_unknown_never_scheduled', 'dataset_consumes_1', 'dataset_produces_1', 'dataset_produces_2', 'dataset_consumes_1_never_scheduled', 'dataset_consumes_1_and_2']) retrieved from /home/airflow/.local/lib/python3.7/site-packages/airflow/example_dags/example_datasets.py
[2023-04-10T02:09:26.523+0000] {logging_mixin.py:137} INFO - [2023-04-10T02:09:26.523+0000] {dag.py:2705} INFO - Sync 6 DAGs
[2023-04-10T02:09:26.564+0000] {logging_mixin.py:137} INFO - [2023-04-10T02:09:26.564+0000] {dag.py:3456} INFO - Setting next_dagrun for dataset_consumes_1 to None, run_after=None
[2023-04-10T02:09:26.570+0000] {logging_mixin.py:137} INFO - [2023-04-10T02:09:26.570+0000] {dag.py:3456} INFO - Setting next_dagrun for dataset_consumes_1_and_2 to None, run_after=None
[2023-04-10T02:09:26.572+0000] {logging_mixin.py:137} INFO - [2023-04-10T02:09:26.572+0000] {dag.py:3456} INFO - Setting next_dagrun for dataset_consumes_1_never_scheduled to None, run_after=None
[2023-04-10T02:09:26.573+0000] {logging_mixin.py:137} INFO - [2023-04-10T02:09:26.573+0000] {dag.py:3456} INFO - Setting next_dagrun for dataset_consumes_unknown_never_scheduled to None, run_after=None
[2023-04-10T02:09:26.577+0000] {logging_mixin.py:137} INFO - [2023-04-10T02:09:26.577+0000] {dag.py:3456} INFO - Setting next_dagrun for dataset_produces_1 to 2023-04-09T00:00:00+00:00, run_after=2023-04-10T00:00:00+00:00
[2023-04-10T02:09:26.578+0000] {logging_mixin.py:137} INFO - [2023-04-10T02:09:26.578+0000] {dag.py:3456} INFO - Setting next_dagrun for dataset_produces_2 to None, run_after=None
[2023-04-10T02:09:26.630+0000] {processor.py:175} INFO - Processing /home/airflow/.local/lib/python3.7/site-packages/airflow/example_dags/example_datasets.py took 0.197 seconds
[2023-04-10T02:09:56.897+0000] {processor.py:153} INFO - Started process (PID=304) to work on /home/airflow/.local/lib/python3.7/site-packages/airflow/example_dags/example_datasets.py
[2023-04-10T02:09:56.898+0000] {processor.py:743} INFO - Processing file /home/airflow/.local/lib/python3.7/site-packages/airflow/example_dags/example_datasets.py for tasks to queue
[2023-04-10T02:09:56.899+0000] {logging_mixin.py:137} INFO - [2023-04-10T02:09:56.898+0000] {dagbag.py:532} INFO - Filling up the DagBag from /home/airflow/.local/lib/python3.7/site-packages/airflow/example_dags/example_datasets.py
[2023-04-10T02:09:56.923+0000] {processor.py:753} INFO - DAG(s) dict_keys(['dataset_consumes_1', 'dataset_produces_2', 'dataset_consumes_unknown_never_scheduled', 'dataset_produces_1', 'dataset_consumes_1_never_scheduled', 'dataset_consumes_1_and_2']) retrieved from /home/airflow/.local/lib/python3.7/site-packages/airflow/example_dags/example_datasets.py
[2023-04-10T02:09:56.984+0000] {logging_mixin.py:137} INFO - [2023-04-10T02:09:56.984+0000] {dag.py:2705} INFO - Sync 6 DAGs
[2023-04-10T02:09:57.027+0000] {logging_mixin.py:137} INFO - [2023-04-10T02:09:57.027+0000] {dag.py:3456} INFO - Setting next_dagrun for dataset_consumes_1 to None, run_after=None
[2023-04-10T02:09:57.032+0000] {logging_mixin.py:137} INFO - [2023-04-10T02:09:57.031+0000] {dag.py:3456} INFO - Setting next_dagrun for dataset_consumes_1_and_2 to None, run_after=None
[2023-04-10T02:09:57.033+0000] {logging_mixin.py:137} INFO - [2023-04-10T02:09:57.033+0000] {dag.py:3456} INFO - Setting next_dagrun for dataset_consumes_1_never_scheduled to None, run_after=None
[2023-04-10T02:09:57.035+0000] {logging_mixin.py:137} INFO - [2023-04-10T02:09:57.034+0000] {dag.py:3456} INFO - Setting next_dagrun for dataset_consumes_unknown_never_scheduled to None, run_after=None
[2023-04-10T02:09:57.039+0000] {logging_mixin.py:137} INFO - [2023-04-10T02:09:57.039+0000] {dag.py:3456} INFO - Setting next_dagrun for dataset_produces_1 to 2023-04-09T00:00:00+00:00, run_after=2023-04-10T00:00:00+00:00
[2023-04-10T02:09:57.040+0000] {logging_mixin.py:137} INFO - [2023-04-10T02:09:57.040+0000] {dag.py:3456} INFO - Setting next_dagrun for dataset_produces_2 to None, run_after=None
[2023-04-10T02:09:57.085+0000] {processor.py:175} INFO - Processing /home/airflow/.local/lib/python3.7/site-packages/airflow/example_dags/example_datasets.py took 0.193 seconds
[2023-04-10T02:10:27.114+0000] {processor.py:153} INFO - Started process (PID=355) to work on /home/airflow/.local/lib/python3.7/site-packages/airflow/example_dags/example_datasets.py
[2023-04-10T02:10:27.115+0000] {processor.py:743} INFO - Processing file /home/airflow/.local/lib/python3.7/site-packages/airflow/example_dags/example_datasets.py for tasks to queue
[2023-04-10T02:10:27.116+0000] {logging_mixin.py:137} INFO - [2023-04-10T02:10:27.116+0000] {dagbag.py:532} INFO - Filling up the DagBag from /home/airflow/.local/lib/python3.7/site-packages/airflow/example_dags/example_datasets.py
[2023-04-10T02:10:27.140+0000] {processor.py:753} INFO - DAG(s) dict_keys(['dataset_consumes_unknown_never_scheduled', 'dataset_consumes_1_and_2', 'dataset_consumes_1_never_scheduled', 'dataset_produces_1', 'dataset_produces_2', 'dataset_consumes_1']) retrieved from /home/airflow/.local/lib/python3.7/site-packages/airflow/example_dags/example_datasets.py
[2023-04-10T02:10:27.200+0000] {logging_mixin.py:137} INFO - [2023-04-10T02:10:27.200+0000] {dag.py:2705} INFO - Sync 6 DAGs
[2023-04-10T02:10:27.242+0000] {logging_mixin.py:137} INFO - [2023-04-10T02:10:27.242+0000] {dag.py:3456} INFO - Setting next_dagrun for dataset_consumes_1 to None, run_after=None
[2023-04-10T02:10:27.246+0000] {logging_mixin.py:137} INFO - [2023-04-10T02:10:27.246+0000] {dag.py:3456} INFO - Setting next_dagrun for dataset_consumes_1_and_2 to None, run_after=None
[2023-04-10T02:10:27.248+0000] {logging_mixin.py:137} INFO - [2023-04-10T02:10:27.248+0000] {dag.py:3456} INFO - Setting next_dagrun for dataset_consumes_1_never_scheduled to None, run_after=None
[2023-04-10T02:10:27.249+0000] {logging_mixin.py:137} INFO - [2023-04-10T02:10:27.249+0000] {dag.py:3456} INFO - Setting next_dagrun for dataset_consumes_unknown_never_scheduled to None, run_after=None
[2023-04-10T02:10:27.253+0000] {logging_mixin.py:137} INFO - [2023-04-10T02:10:27.253+0000] {dag.py:3456} INFO - Setting next_dagrun for dataset_produces_1 to 2023-04-09T00:00:00+00:00, run_after=2023-04-10T00:00:00+00:00
[2023-04-10T02:10:27.255+0000] {logging_mixin.py:137} INFO - [2023-04-10T02:10:27.255+0000] {dag.py:3456} INFO - Setting next_dagrun for dataset_produces_2 to None, run_after=None
[2023-04-10T02:10:27.299+0000] {processor.py:175} INFO - Processing /home/airflow/.local/lib/python3.7/site-packages/airflow/example_dags/example_datasets.py took 0.190 seconds
[2023-04-10T02:10:57.424+0000] {processor.py:153} INFO - Started process (PID=405) to work on /home/airflow/.local/lib/python3.7/site-packages/airflow/example_dags/example_datasets.py
[2023-04-10T02:10:57.425+0000] {processor.py:743} INFO - Processing file /home/airflow/.local/lib/python3.7/site-packages/airflow/example_dags/example_datasets.py for tasks to queue
[2023-04-10T02:10:57.426+0000] {logging_mixin.py:137} INFO - [2023-04-10T02:10:57.426+0000] {dagbag.py:532} INFO - Filling up the DagBag from /home/airflow/.local/lib/python3.7/site-packages/airflow/example_dags/example_datasets.py
[2023-04-10T02:10:57.451+0000] {processor.py:753} INFO - DAG(s) dict_keys(['dataset_produces_2', 'dataset_consumes_1_never_scheduled', 'dataset_consumes_1_and_2', 'dataset_consumes_unknown_never_scheduled', 'dataset_consumes_1', 'dataset_produces_1']) retrieved from /home/airflow/.local/lib/python3.7/site-packages/airflow/example_dags/example_datasets.py
[2023-04-10T02:10:57.511+0000] {logging_mixin.py:137} INFO - [2023-04-10T02:10:57.511+0000] {dag.py:2705} INFO - Sync 6 DAGs
[2023-04-10T02:10:57.552+0000] {logging_mixin.py:137} INFO - [2023-04-10T02:10:57.552+0000] {dag.py:3456} INFO - Setting next_dagrun for dataset_consumes_1 to None, run_after=None
[2023-04-10T02:10:57.557+0000] {logging_mixin.py:137} INFO - [2023-04-10T02:10:57.556+0000] {dag.py:3456} INFO - Setting next_dagrun for dataset_consumes_1_and_2 to None, run_after=None
[2023-04-10T02:10:57.558+0000] {logging_mixin.py:137} INFO - [2023-04-10T02:10:57.558+0000] {dag.py:3456} INFO - Setting next_dagrun for dataset_consumes_1_never_scheduled to None, run_after=None
[2023-04-10T02:10:57.560+0000] {logging_mixin.py:137} INFO - [2023-04-10T02:10:57.559+0000] {dag.py:3456} INFO - Setting next_dagrun for dataset_consumes_unknown_never_scheduled to None, run_after=None
[2023-04-10T02:10:57.564+0000] {logging_mixin.py:137} INFO - [2023-04-10T02:10:57.563+0000] {dag.py:3456} INFO - Setting next_dagrun for dataset_produces_1 to 2023-04-09T00:00:00+00:00, run_after=2023-04-10T00:00:00+00:00
[2023-04-10T02:10:57.565+0000] {logging_mixin.py:137} INFO - [2023-04-10T02:10:57.565+0000] {dag.py:3456} INFO - Setting next_dagrun for dataset_produces_2 to None, run_after=None
[2023-04-10T02:10:57.611+0000] {processor.py:175} INFO - Processing /home/airflow/.local/lib/python3.7/site-packages/airflow/example_dags/example_datasets.py took 0.192 seconds
[2023-04-10T02:11:27.966+0000] {processor.py:153} INFO - Started process (PID=455) to work on /home/airflow/.local/lib/python3.7/site-packages/airflow/example_dags/example_datasets.py
[2023-04-10T02:11:27.968+0000] {processor.py:743} INFO - Processing file /home/airflow/.local/lib/python3.7/site-packages/airflow/example_dags/example_datasets.py for tasks to queue
[2023-04-10T02:11:27.969+0000] {logging_mixin.py:137} INFO - [2023-04-10T02:11:27.968+0000] {dagbag.py:532} INFO - Filling up the DagBag from /home/airflow/.local/lib/python3.7/site-packages/airflow/example_dags/example_datasets.py
[2023-04-10T02:11:27.992+0000] {processor.py:753} INFO - DAG(s) dict_keys(['dataset_consumes_1_never_scheduled', 'dataset_consumes_1_and_2', 'dataset_consumes_1', 'dataset_consumes_unknown_never_scheduled', 'dataset_produces_2', 'dataset_produces_1']) retrieved from /home/airflow/.local/lib/python3.7/site-packages/airflow/example_dags/example_datasets.py
[2023-04-10T02:11:28.051+0000] {logging_mixin.py:137} INFO - [2023-04-10T02:11:28.051+0000] {dag.py:2705} INFO - Sync 6 DAGs
[2023-04-10T02:11:28.094+0000] {logging_mixin.py:137} INFO - [2023-04-10T02:11:28.094+0000] {dag.py:3456} INFO - Setting next_dagrun for dataset_consumes_1 to None, run_after=None
[2023-04-10T02:11:28.099+0000] {logging_mixin.py:137} INFO - [2023-04-10T02:11:28.099+0000] {dag.py:3456} INFO - Setting next_dagrun for dataset_consumes_1_and_2 to None, run_after=None
[2023-04-10T02:11:28.101+0000] {logging_mixin.py:137} INFO - [2023-04-10T02:11:28.101+0000] {dag.py:3456} INFO - Setting next_dagrun for dataset_consumes_1_never_scheduled to None, run_after=None
[2023-04-10T02:11:28.102+0000] {logging_mixin.py:137} INFO - [2023-04-10T02:11:28.102+0000] {dag.py:3456} INFO - Setting next_dagrun for dataset_consumes_unknown_never_scheduled to None, run_after=None
[2023-04-10T02:11:28.106+0000] {logging_mixin.py:137} INFO - [2023-04-10T02:11:28.106+0000] {dag.py:3456} INFO - Setting next_dagrun for dataset_produces_1 to 2023-04-09T00:00:00+00:00, run_after=2023-04-10T00:00:00+00:00
[2023-04-10T02:11:28.108+0000] {logging_mixin.py:137} INFO - [2023-04-10T02:11:28.108+0000] {dag.py:3456} INFO - Setting next_dagrun for dataset_produces_2 to None, run_after=None
[2023-04-10T02:11:28.152+0000] {processor.py:175} INFO - Processing /home/airflow/.local/lib/python3.7/site-packages/airflow/example_dags/example_datasets.py took 0.190 seconds
[2023-04-10T02:11:58.343+0000] {processor.py:153} INFO - Started process (PID=505) to work on /home/airflow/.local/lib/python3.7/site-packages/airflow/example_dags/example_datasets.py
[2023-04-10T02:11:58.344+0000] {processor.py:743} INFO - Processing file /home/airflow/.local/lib/python3.7/site-packages/airflow/example_dags/example_datasets.py for tasks to queue
[2023-04-10T02:11:58.345+0000] {logging_mixin.py:137} INFO - [2023-04-10T02:11:58.345+0000] {dagbag.py:532} INFO - Filling up the DagBag from /home/airflow/.local/lib/python3.7/site-packages/airflow/example_dags/example_datasets.py
[2023-04-10T02:11:58.391+0000] {processor.py:753} INFO - DAG(s) dict_keys(['dataset_consumes_1_never_scheduled', 'dataset_produces_2', 'dataset_consumes_1', 'dataset_consumes_1_and_2', 'dataset_consumes_unknown_never_scheduled', 'dataset_produces_1']) retrieved from /home/airflow/.local/lib/python3.7/site-packages/airflow/example_dags/example_datasets.py
[2023-04-10T02:11:58.513+0000] {logging_mixin.py:137} INFO - [2023-04-10T02:11:58.513+0000] {dag.py:2705} INFO - Sync 6 DAGs
[2023-04-10T02:11:58.586+0000] {logging_mixin.py:137} INFO - [2023-04-10T02:11:58.586+0000] {dag.py:3456} INFO - Setting next_dagrun for dataset_consumes_1 to None, run_after=None
[2023-04-10T02:11:58.591+0000] {logging_mixin.py:137} INFO - [2023-04-10T02:11:58.591+0000] {dag.py:3456} INFO - Setting next_dagrun for dataset_consumes_1_and_2 to None, run_after=None
[2023-04-10T02:11:58.598+0000] {logging_mixin.py:137} INFO - [2023-04-10T02:11:58.597+0000] {dag.py:3456} INFO - Setting next_dagrun for dataset_consumes_1_never_scheduled to None, run_after=None
[2023-04-10T02:11:58.599+0000] {logging_mixin.py:137} INFO - [2023-04-10T02:11:58.599+0000] {dag.py:3456} INFO - Setting next_dagrun for dataset_consumes_unknown_never_scheduled to None, run_after=None
[2023-04-10T02:11:58.603+0000] {logging_mixin.py:137} INFO - [2023-04-10T02:11:58.603+0000] {dag.py:3456} INFO - Setting next_dagrun for dataset_produces_1 to 2023-04-09T00:00:00+00:00, run_after=2023-04-10T00:00:00+00:00
[2023-04-10T02:11:58.613+0000] {logging_mixin.py:137} INFO - [2023-04-10T02:11:58.613+0000] {dag.py:3456} INFO - Setting next_dagrun for dataset_produces_2 to None, run_after=None
[2023-04-10T02:11:58.689+0000] {processor.py:175} INFO - Processing /home/airflow/.local/lib/python3.7/site-packages/airflow/example_dags/example_datasets.py took 0.359 seconds
