[2023-04-10T02:07:25.746+0000] {processor.py:153} INFO - Started process (PID=57) to work on /home/airflow/.local/lib/python3.7/site-packages/airflow/example_dags/example_sensor_decorator.py
[2023-04-10T02:07:25.747+0000] {processor.py:743} INFO - Processing file /home/airflow/.local/lib/python3.7/site-packages/airflow/example_dags/example_sensor_decorator.py for tasks to queue
[2023-04-10T02:07:25.748+0000] {logging_mixin.py:137} INFO - [2023-04-10T02:07:25.748+0000] {dagbag.py:532} INFO - Filling up the DagBag from /home/airflow/.local/lib/python3.7/site-packages/airflow/example_dags/example_sensor_decorator.py
[2023-04-10T02:07:25.862+0000] {processor.py:753} INFO - DAG(s) dict_keys(['example_sensor_decorator']) retrieved from /home/airflow/.local/lib/python3.7/site-packages/airflow/example_dags/example_sensor_decorator.py
[2023-04-10T02:07:25.943+0000] {logging_mixin.py:137} INFO - [2023-04-10T02:07:25.943+0000] {dag.py:2705} INFO - Sync 1 DAGs
[2023-04-10T02:07:26.097+0000] {logging_mixin.py:137} INFO - [2023-04-10T02:07:26.097+0000] {dag.py:3456} INFO - Setting next_dagrun for example_sensor_decorator to None, run_after=None
[2023-04-10T02:07:26.180+0000] {processor.py:175} INFO - Processing /home/airflow/.local/lib/python3.7/site-packages/airflow/example_dags/example_sensor_decorator.py took 0.447 seconds
[2023-04-10T02:07:56.801+0000] {processor.py:153} INFO - Started process (PID=108) to work on /home/airflow/.local/lib/python3.7/site-packages/airflow/example_dags/example_sensor_decorator.py
[2023-04-10T02:07:56.805+0000] {processor.py:743} INFO - Processing file /home/airflow/.local/lib/python3.7/site-packages/airflow/example_dags/example_sensor_decorator.py for tasks to queue
[2023-04-10T02:07:56.806+0000] {logging_mixin.py:137} INFO - [2023-04-10T02:07:56.805+0000] {dagbag.py:532} INFO - Filling up the DagBag from /home/airflow/.local/lib/python3.7/site-packages/airflow/example_dags/example_sensor_decorator.py
[2023-04-10T02:07:56.837+0000] {processor.py:753} INFO - DAG(s) dict_keys(['example_sensor_decorator']) retrieved from /home/airflow/.local/lib/python3.7/site-packages/airflow/example_dags/example_sensor_decorator.py
[2023-04-10T02:07:56.873+0000] {logging_mixin.py:137} INFO - [2023-04-10T02:07:56.870+0000] {dag.py:2705} INFO - Sync 1 DAGs
[2023-04-10T02:07:56.912+0000] {logging_mixin.py:137} INFO - [2023-04-10T02:07:56.912+0000] {dag.py:3456} INFO - Setting next_dagrun for example_sensor_decorator to None, run_after=None
[2023-04-10T02:07:56.949+0000] {processor.py:175} INFO - Processing /home/airflow/.local/lib/python3.7/site-packages/airflow/example_dags/example_sensor_decorator.py took 0.153 seconds
[2023-04-10T02:08:27.312+0000] {processor.py:153} INFO - Started process (PID=158) to work on /home/airflow/.local/lib/python3.7/site-packages/airflow/example_dags/example_sensor_decorator.py
[2023-04-10T02:08:27.313+0000] {processor.py:743} INFO - Processing file /home/airflow/.local/lib/python3.7/site-packages/airflow/example_dags/example_sensor_decorator.py for tasks to queue
[2023-04-10T02:08:27.314+0000] {logging_mixin.py:137} INFO - [2023-04-10T02:08:27.314+0000] {dagbag.py:532} INFO - Filling up the DagBag from /home/airflow/.local/lib/python3.7/site-packages/airflow/example_dags/example_sensor_decorator.py
[2023-04-10T02:08:27.346+0000] {processor.py:753} INFO - DAG(s) dict_keys(['example_sensor_decorator']) retrieved from /home/airflow/.local/lib/python3.7/site-packages/airflow/example_dags/example_sensor_decorator.py
[2023-04-10T02:08:27.379+0000] {logging_mixin.py:137} INFO - [2023-04-10T02:08:27.379+0000] {dag.py:2705} INFO - Sync 1 DAGs
[2023-04-10T02:08:27.420+0000] {logging_mixin.py:137} INFO - [2023-04-10T02:08:27.419+0000] {dag.py:3456} INFO - Setting next_dagrun for example_sensor_decorator to None, run_after=None
[2023-04-10T02:08:27.444+0000] {processor.py:175} INFO - Processing /home/airflow/.local/lib/python3.7/site-packages/airflow/example_dags/example_sensor_decorator.py took 0.136 seconds
[2023-04-10T02:08:57.587+0000] {processor.py:153} INFO - Started process (PID=208) to work on /home/airflow/.local/lib/python3.7/site-packages/airflow/example_dags/example_sensor_decorator.py
[2023-04-10T02:08:57.588+0000] {processor.py:743} INFO - Processing file /home/airflow/.local/lib/python3.7/site-packages/airflow/example_dags/example_sensor_decorator.py for tasks to queue
[2023-04-10T02:08:57.589+0000] {logging_mixin.py:137} INFO - [2023-04-10T02:08:57.589+0000] {dagbag.py:532} INFO - Filling up the DagBag from /home/airflow/.local/lib/python3.7/site-packages/airflow/example_dags/example_sensor_decorator.py
[2023-04-10T02:08:57.620+0000] {processor.py:753} INFO - DAG(s) dict_keys(['example_sensor_decorator']) retrieved from /home/airflow/.local/lib/python3.7/site-packages/airflow/example_dags/example_sensor_decorator.py
[2023-04-10T02:08:57.653+0000] {logging_mixin.py:137} INFO - [2023-04-10T02:08:57.652+0000] {dag.py:2705} INFO - Sync 1 DAGs
[2023-04-10T02:08:57.692+0000] {logging_mixin.py:137} INFO - [2023-04-10T02:08:57.692+0000] {dag.py:3456} INFO - Setting next_dagrun for example_sensor_decorator to None, run_after=None
[2023-04-10T02:08:57.716+0000] {processor.py:175} INFO - Processing /home/airflow/.local/lib/python3.7/site-packages/airflow/example_dags/example_sensor_decorator.py took 0.133 seconds
[2023-04-10T02:09:27.825+0000] {processor.py:153} INFO - Started process (PID=258) to work on /home/airflow/.local/lib/python3.7/site-packages/airflow/example_dags/example_sensor_decorator.py
[2023-04-10T02:09:27.827+0000] {processor.py:743} INFO - Processing file /home/airflow/.local/lib/python3.7/site-packages/airflow/example_dags/example_sensor_decorator.py for tasks to queue
[2023-04-10T02:09:27.828+0000] {logging_mixin.py:137} INFO - [2023-04-10T02:09:27.827+0000] {dagbag.py:532} INFO - Filling up the DagBag from /home/airflow/.local/lib/python3.7/site-packages/airflow/example_dags/example_sensor_decorator.py
[2023-04-10T02:09:27.858+0000] {processor.py:753} INFO - DAG(s) dict_keys(['example_sensor_decorator']) retrieved from /home/airflow/.local/lib/python3.7/site-packages/airflow/example_dags/example_sensor_decorator.py
[2023-04-10T02:09:27.891+0000] {logging_mixin.py:137} INFO - [2023-04-10T02:09:27.891+0000] {dag.py:2705} INFO - Sync 1 DAGs
[2023-04-10T02:09:27.932+0000] {logging_mixin.py:137} INFO - [2023-04-10T02:09:27.932+0000] {dag.py:3456} INFO - Setting next_dagrun for example_sensor_decorator to None, run_after=None
[2023-04-10T02:09:27.956+0000] {processor.py:175} INFO - Processing /home/airflow/.local/lib/python3.7/site-packages/airflow/example_dags/example_sensor_decorator.py took 0.135 seconds
[2023-04-10T02:09:58.287+0000] {processor.py:153} INFO - Started process (PID=309) to work on /home/airflow/.local/lib/python3.7/site-packages/airflow/example_dags/example_sensor_decorator.py
[2023-04-10T02:09:58.288+0000] {processor.py:743} INFO - Processing file /home/airflow/.local/lib/python3.7/site-packages/airflow/example_dags/example_sensor_decorator.py for tasks to queue
[2023-04-10T02:09:58.288+0000] {logging_mixin.py:137} INFO - [2023-04-10T02:09:58.288+0000] {dagbag.py:532} INFO - Filling up the DagBag from /home/airflow/.local/lib/python3.7/site-packages/airflow/example_dags/example_sensor_decorator.py
[2023-04-10T02:09:58.320+0000] {processor.py:753} INFO - DAG(s) dict_keys(['example_sensor_decorator']) retrieved from /home/airflow/.local/lib/python3.7/site-packages/airflow/example_dags/example_sensor_decorator.py
[2023-04-10T02:09:58.354+0000] {logging_mixin.py:137} INFO - [2023-04-10T02:09:58.354+0000] {dag.py:2705} INFO - Sync 1 DAGs
[2023-04-10T02:09:58.395+0000] {logging_mixin.py:137} INFO - [2023-04-10T02:09:58.395+0000] {dag.py:3456} INFO - Setting next_dagrun for example_sensor_decorator to None, run_after=None
[2023-04-10T02:09:58.419+0000] {processor.py:175} INFO - Processing /home/airflow/.local/lib/python3.7/site-packages/airflow/example_dags/example_sensor_decorator.py took 0.137 seconds
[2023-04-10T02:10:28.491+0000] {processor.py:153} INFO - Started process (PID=360) to work on /home/airflow/.local/lib/python3.7/site-packages/airflow/example_dags/example_sensor_decorator.py
[2023-04-10T02:10:28.492+0000] {processor.py:743} INFO - Processing file /home/airflow/.local/lib/python3.7/site-packages/airflow/example_dags/example_sensor_decorator.py for tasks to queue
[2023-04-10T02:10:28.493+0000] {logging_mixin.py:137} INFO - [2023-04-10T02:10:28.493+0000] {dagbag.py:532} INFO - Filling up the DagBag from /home/airflow/.local/lib/python3.7/site-packages/airflow/example_dags/example_sensor_decorator.py
[2023-04-10T02:10:28.525+0000] {processor.py:753} INFO - DAG(s) dict_keys(['example_sensor_decorator']) retrieved from /home/airflow/.local/lib/python3.7/site-packages/airflow/example_dags/example_sensor_decorator.py
[2023-04-10T02:10:28.559+0000] {logging_mixin.py:137} INFO - [2023-04-10T02:10:28.558+0000] {dag.py:2705} INFO - Sync 1 DAGs
[2023-04-10T02:10:28.611+0000] {logging_mixin.py:137} INFO - [2023-04-10T02:10:28.611+0000] {dag.py:3456} INFO - Setting next_dagrun for example_sensor_decorator to None, run_after=None
[2023-04-10T02:10:28.635+0000] {processor.py:175} INFO - Processing /home/airflow/.local/lib/python3.7/site-packages/airflow/example_dags/example_sensor_decorator.py took 0.147 seconds
[2023-04-10T02:10:58.798+0000] {processor.py:153} INFO - Started process (PID=410) to work on /home/airflow/.local/lib/python3.7/site-packages/airflow/example_dags/example_sensor_decorator.py
[2023-04-10T02:10:58.799+0000] {processor.py:743} INFO - Processing file /home/airflow/.local/lib/python3.7/site-packages/airflow/example_dags/example_sensor_decorator.py for tasks to queue
[2023-04-10T02:10:58.800+0000] {logging_mixin.py:137} INFO - [2023-04-10T02:10:58.800+0000] {dagbag.py:532} INFO - Filling up the DagBag from /home/airflow/.local/lib/python3.7/site-packages/airflow/example_dags/example_sensor_decorator.py
[2023-04-10T02:10:58.831+0000] {processor.py:753} INFO - DAG(s) dict_keys(['example_sensor_decorator']) retrieved from /home/airflow/.local/lib/python3.7/site-packages/airflow/example_dags/example_sensor_decorator.py
[2023-04-10T02:10:58.863+0000] {logging_mixin.py:137} INFO - [2023-04-10T02:10:58.863+0000] {dag.py:2705} INFO - Sync 1 DAGs
[2023-04-10T02:10:58.904+0000] {logging_mixin.py:137} INFO - [2023-04-10T02:10:58.904+0000] {dag.py:3456} INFO - Setting next_dagrun for example_sensor_decorator to None, run_after=None
[2023-04-10T02:10:58.929+0000] {processor.py:175} INFO - Processing /home/airflow/.local/lib/python3.7/site-packages/airflow/example_dags/example_sensor_decorator.py took 0.135 seconds
[2023-04-10T02:11:29.341+0000] {processor.py:153} INFO - Started process (PID=460) to work on /home/airflow/.local/lib/python3.7/site-packages/airflow/example_dags/example_sensor_decorator.py
[2023-04-10T02:11:29.342+0000] {processor.py:743} INFO - Processing file /home/airflow/.local/lib/python3.7/site-packages/airflow/example_dags/example_sensor_decorator.py for tasks to queue
[2023-04-10T02:11:29.343+0000] {logging_mixin.py:137} INFO - [2023-04-10T02:11:29.343+0000] {dagbag.py:532} INFO - Filling up the DagBag from /home/airflow/.local/lib/python3.7/site-packages/airflow/example_dags/example_sensor_decorator.py
[2023-04-10T02:11:29.375+0000] {processor.py:753} INFO - DAG(s) dict_keys(['example_sensor_decorator']) retrieved from /home/airflow/.local/lib/python3.7/site-packages/airflow/example_dags/example_sensor_decorator.py
[2023-04-10T02:11:29.408+0000] {logging_mixin.py:137} INFO - [2023-04-10T02:11:29.408+0000] {dag.py:2705} INFO - Sync 1 DAGs
[2023-04-10T02:11:29.449+0000] {logging_mixin.py:137} INFO - [2023-04-10T02:11:29.449+0000] {dag.py:3456} INFO - Setting next_dagrun for example_sensor_decorator to None, run_after=None
[2023-04-10T02:11:29.473+0000] {processor.py:175} INFO - Processing /home/airflow/.local/lib/python3.7/site-packages/airflow/example_dags/example_sensor_decorator.py took 0.136 seconds
[2023-04-10T02:12:00.508+0000] {processor.py:153} INFO - Started process (PID=510) to work on /home/airflow/.local/lib/python3.7/site-packages/airflow/example_dags/example_sensor_decorator.py
[2023-04-10T02:12:00.513+0000] {processor.py:743} INFO - Processing file /home/airflow/.local/lib/python3.7/site-packages/airflow/example_dags/example_sensor_decorator.py for tasks to queue
[2023-04-10T02:12:00.514+0000] {logging_mixin.py:137} INFO - [2023-04-10T02:12:00.513+0000] {dagbag.py:532} INFO - Filling up the DagBag from /home/airflow/.local/lib/python3.7/site-packages/airflow/example_dags/example_sensor_decorator.py
[2023-04-10T02:12:00.572+0000] {processor.py:753} INFO - DAG(s) dict_keys(['example_sensor_decorator']) retrieved from /home/airflow/.local/lib/python3.7/site-packages/airflow/example_dags/example_sensor_decorator.py
[2023-04-10T02:12:00.638+0000] {logging_mixin.py:137} INFO - [2023-04-10T02:12:00.637+0000] {dag.py:2705} INFO - Sync 1 DAGs
[2023-04-10T02:12:00.737+0000] {logging_mixin.py:137} INFO - [2023-04-10T02:12:00.736+0000] {dag.py:3456} INFO - Setting next_dagrun for example_sensor_decorator to None, run_after=None
[2023-04-10T02:12:00.810+0000] {processor.py:175} INFO - Processing /home/airflow/.local/lib/python3.7/site-packages/airflow/example_dags/example_sensor_decorator.py took 0.310 seconds
