[2023-04-10T02:07:27.418+0000] {processor.py:153} INFO - Started process (PID=64) to work on /home/airflow/.local/lib/python3.7/site-packages/airflow/example_dags/example_sla_dag.py
[2023-04-10T02:07:27.418+0000] {processor.py:743} INFO - Processing file /home/airflow/.local/lib/python3.7/site-packages/airflow/example_dags/example_sla_dag.py for tasks to queue
[2023-04-10T02:07:27.419+0000] {logging_mixin.py:137} INFO - [2023-04-10T02:07:27.419+0000] {dagbag.py:532} INFO - Filling up the DagBag from /home/airflow/.local/lib/python3.7/site-packages/airflow/example_dags/example_sla_dag.py
[2023-04-10T02:07:27.574+0000] {processor.py:753} INFO - DAG(s) dict_keys(['example_sla_dag']) retrieved from /home/airflow/.local/lib/python3.7/site-packages/airflow/example_dags/example_sla_dag.py
[2023-04-10T02:07:27.730+0000] {logging_mixin.py:137} INFO - [2023-04-10T02:07:27.730+0000] {dag.py:2705} INFO - Sync 1 DAGs
[2023-04-10T02:07:27.828+0000] {logging_mixin.py:137} INFO - [2023-04-10T02:07:27.828+0000] {dag.py:3456} INFO - Setting next_dagrun for example_sla_dag to 2023-04-10T02:04:00+00:00, run_after=2023-04-10T02:06:00+00:00
[2023-04-10T02:07:27.933+0000] {processor.py:175} INFO - Processing /home/airflow/.local/lib/python3.7/site-packages/airflow/example_dags/example_sla_dag.py took 0.532 seconds
[2023-04-10T02:07:58.248+0000] {processor.py:153} INFO - Started process (PID=115) to work on /home/airflow/.local/lib/python3.7/site-packages/airflow/example_dags/example_sla_dag.py
[2023-04-10T02:07:58.249+0000] {processor.py:743} INFO - Processing file /home/airflow/.local/lib/python3.7/site-packages/airflow/example_dags/example_sla_dag.py for tasks to queue
[2023-04-10T02:07:58.254+0000] {logging_mixin.py:137} INFO - [2023-04-10T02:07:58.253+0000] {dagbag.py:532} INFO - Filling up the DagBag from /home/airflow/.local/lib/python3.7/site-packages/airflow/example_dags/example_sla_dag.py
[2023-04-10T02:07:58.398+0000] {processor.py:753} INFO - DAG(s) dict_keys(['example_sla_dag']) retrieved from /home/airflow/.local/lib/python3.7/site-packages/airflow/example_dags/example_sla_dag.py
[2023-04-10T02:07:58.530+0000] {logging_mixin.py:137} INFO - [2023-04-10T02:07:58.529+0000] {dag.py:2705} INFO - Sync 1 DAGs
[2023-04-10T02:07:58.749+0000] {logging_mixin.py:137} INFO - [2023-04-10T02:07:58.749+0000] {dag.py:3456} INFO - Setting next_dagrun for example_sla_dag to 2023-04-10T02:04:00+00:00, run_after=2023-04-10T02:06:00+00:00
[2023-04-10T02:07:58.857+0000] {processor.py:175} INFO - Processing /home/airflow/.local/lib/python3.7/site-packages/airflow/example_dags/example_sla_dag.py took 0.625 seconds
[2023-04-10T02:08:28.964+0000] {processor.py:153} INFO - Started process (PID=165) to work on /home/airflow/.local/lib/python3.7/site-packages/airflow/example_dags/example_sla_dag.py
[2023-04-10T02:08:28.965+0000] {processor.py:743} INFO - Processing file /home/airflow/.local/lib/python3.7/site-packages/airflow/example_dags/example_sla_dag.py for tasks to queue
[2023-04-10T02:08:28.966+0000] {logging_mixin.py:137} INFO - [2023-04-10T02:08:28.965+0000] {dagbag.py:532} INFO - Filling up the DagBag from /home/airflow/.local/lib/python3.7/site-packages/airflow/example_dags/example_sla_dag.py
[2023-04-10T02:08:28.988+0000] {processor.py:753} INFO - DAG(s) dict_keys(['example_sla_dag']) retrieved from /home/airflow/.local/lib/python3.7/site-packages/airflow/example_dags/example_sla_dag.py
[2023-04-10T02:08:29.012+0000] {logging_mixin.py:137} INFO - [2023-04-10T02:08:29.012+0000] {dag.py:2705} INFO - Sync 1 DAGs
[2023-04-10T02:08:29.040+0000] {logging_mixin.py:137} INFO - [2023-04-10T02:08:29.040+0000] {dag.py:3456} INFO - Setting next_dagrun for example_sla_dag to 2023-04-10T02:06:00+00:00, run_after=2023-04-10T02:08:00+00:00
[2023-04-10T02:08:29.057+0000] {processor.py:175} INFO - Processing /home/airflow/.local/lib/python3.7/site-packages/airflow/example_dags/example_sla_dag.py took 0.096 seconds
[2023-04-10T02:08:59.087+0000] {processor.py:153} INFO - Started process (PID=215) to work on /home/airflow/.local/lib/python3.7/site-packages/airflow/example_dags/example_sla_dag.py
[2023-04-10T02:08:59.088+0000] {processor.py:743} INFO - Processing file /home/airflow/.local/lib/python3.7/site-packages/airflow/example_dags/example_sla_dag.py for tasks to queue
[2023-04-10T02:08:59.089+0000] {logging_mixin.py:137} INFO - [2023-04-10T02:08:59.089+0000] {dagbag.py:532} INFO - Filling up the DagBag from /home/airflow/.local/lib/python3.7/site-packages/airflow/example_dags/example_sla_dag.py
[2023-04-10T02:08:59.123+0000] {processor.py:753} INFO - DAG(s) dict_keys(['example_sla_dag']) retrieved from /home/airflow/.local/lib/python3.7/site-packages/airflow/example_dags/example_sla_dag.py
[2023-04-10T02:08:59.158+0000] {logging_mixin.py:137} INFO - [2023-04-10T02:08:59.158+0000] {dag.py:2705} INFO - Sync 1 DAGs
[2023-04-10T02:08:59.234+0000] {logging_mixin.py:137} INFO - [2023-04-10T02:08:59.234+0000] {dag.py:3456} INFO - Setting next_dagrun for example_sla_dag to 2023-04-10T02:06:00+00:00, run_after=2023-04-10T02:08:00+00:00
[2023-04-10T02:08:59.271+0000] {processor.py:175} INFO - Processing /home/airflow/.local/lib/python3.7/site-packages/airflow/example_dags/example_sla_dag.py took 0.188 seconds
[2023-04-10T02:09:29.329+0000] {processor.py:153} INFO - Started process (PID=265) to work on /home/airflow/.local/lib/python3.7/site-packages/airflow/example_dags/example_sla_dag.py
[2023-04-10T02:09:29.331+0000] {processor.py:743} INFO - Processing file /home/airflow/.local/lib/python3.7/site-packages/airflow/example_dags/example_sla_dag.py for tasks to queue
[2023-04-10T02:09:29.331+0000] {logging_mixin.py:137} INFO - [2023-04-10T02:09:29.331+0000] {dagbag.py:532} INFO - Filling up the DagBag from /home/airflow/.local/lib/python3.7/site-packages/airflow/example_dags/example_sla_dag.py
[2023-04-10T02:09:29.363+0000] {processor.py:753} INFO - DAG(s) dict_keys(['example_sla_dag']) retrieved from /home/airflow/.local/lib/python3.7/site-packages/airflow/example_dags/example_sla_dag.py
[2023-04-10T02:09:29.397+0000] {logging_mixin.py:137} INFO - [2023-04-10T02:09:29.397+0000] {dag.py:2705} INFO - Sync 1 DAGs
[2023-04-10T02:09:29.444+0000] {logging_mixin.py:137} INFO - [2023-04-10T02:09:29.444+0000] {dag.py:3456} INFO - Setting next_dagrun for example_sla_dag to 2023-04-10T02:06:00+00:00, run_after=2023-04-10T02:08:00+00:00
[2023-04-10T02:09:29.466+0000] {processor.py:175} INFO - Processing /home/airflow/.local/lib/python3.7/site-packages/airflow/example_dags/example_sla_dag.py took 0.142 seconds
[2023-04-10T02:09:59.835+0000] {processor.py:153} INFO - Started process (PID=316) to work on /home/airflow/.local/lib/python3.7/site-packages/airflow/example_dags/example_sla_dag.py
[2023-04-10T02:09:59.836+0000] {processor.py:743} INFO - Processing file /home/airflow/.local/lib/python3.7/site-packages/airflow/example_dags/example_sla_dag.py for tasks to queue
[2023-04-10T02:09:59.837+0000] {logging_mixin.py:137} INFO - [2023-04-10T02:09:59.837+0000] {dagbag.py:532} INFO - Filling up the DagBag from /home/airflow/.local/lib/python3.7/site-packages/airflow/example_dags/example_sla_dag.py
[2023-04-10T02:09:59.871+0000] {processor.py:753} INFO - DAG(s) dict_keys(['example_sla_dag']) retrieved from /home/airflow/.local/lib/python3.7/site-packages/airflow/example_dags/example_sla_dag.py
[2023-04-10T02:09:59.907+0000] {logging_mixin.py:137} INFO - [2023-04-10T02:09:59.906+0000] {dag.py:2705} INFO - Sync 1 DAGs
[2023-04-10T02:09:59.952+0000] {logging_mixin.py:137} INFO - [2023-04-10T02:09:59.952+0000] {dag.py:3456} INFO - Setting next_dagrun for example_sla_dag to 2023-04-10T02:06:00+00:00, run_after=2023-04-10T02:08:00+00:00
[2023-04-10T02:09:59.978+0000] {processor.py:175} INFO - Processing /home/airflow/.local/lib/python3.7/site-packages/airflow/example_dags/example_sla_dag.py took 0.147 seconds
[2023-04-10T02:10:30.068+0000] {processor.py:153} INFO - Started process (PID=367) to work on /home/airflow/.local/lib/python3.7/site-packages/airflow/example_dags/example_sla_dag.py
[2023-04-10T02:10:30.069+0000] {processor.py:743} INFO - Processing file /home/airflow/.local/lib/python3.7/site-packages/airflow/example_dags/example_sla_dag.py for tasks to queue
[2023-04-10T02:10:30.070+0000] {logging_mixin.py:137} INFO - [2023-04-10T02:10:30.070+0000] {dagbag.py:532} INFO - Filling up the DagBag from /home/airflow/.local/lib/python3.7/site-packages/airflow/example_dags/example_sla_dag.py
[2023-04-10T02:10:30.104+0000] {processor.py:753} INFO - DAG(s) dict_keys(['example_sla_dag']) retrieved from /home/airflow/.local/lib/python3.7/site-packages/airflow/example_dags/example_sla_dag.py
[2023-04-10T02:10:30.138+0000] {logging_mixin.py:137} INFO - [2023-04-10T02:10:30.138+0000] {dag.py:2705} INFO - Sync 1 DAGs
[2023-04-10T02:10:30.183+0000] {logging_mixin.py:137} INFO - [2023-04-10T02:10:30.183+0000] {dag.py:3456} INFO - Setting next_dagrun for example_sla_dag to 2023-04-10T02:08:00+00:00, run_after=2023-04-10T02:10:00+00:00
[2023-04-10T02:10:30.208+0000] {processor.py:175} INFO - Processing /home/airflow/.local/lib/python3.7/site-packages/airflow/example_dags/example_sla_dag.py took 0.144 seconds
[2023-04-10T02:11:00.297+0000] {processor.py:153} INFO - Started process (PID=417) to work on /home/airflow/.local/lib/python3.7/site-packages/airflow/example_dags/example_sla_dag.py
[2023-04-10T02:11:00.298+0000] {processor.py:743} INFO - Processing file /home/airflow/.local/lib/python3.7/site-packages/airflow/example_dags/example_sla_dag.py for tasks to queue
[2023-04-10T02:11:00.299+0000] {logging_mixin.py:137} INFO - [2023-04-10T02:11:00.299+0000] {dagbag.py:532} INFO - Filling up the DagBag from /home/airflow/.local/lib/python3.7/site-packages/airflow/example_dags/example_sla_dag.py
[2023-04-10T02:11:00.332+0000] {processor.py:753} INFO - DAG(s) dict_keys(['example_sla_dag']) retrieved from /home/airflow/.local/lib/python3.7/site-packages/airflow/example_dags/example_sla_dag.py
[2023-04-10T02:11:00.366+0000] {logging_mixin.py:137} INFO - [2023-04-10T02:11:00.365+0000] {dag.py:2705} INFO - Sync 1 DAGs
[2023-04-10T02:11:00.411+0000] {logging_mixin.py:137} INFO - [2023-04-10T02:11:00.411+0000] {dag.py:3456} INFO - Setting next_dagrun for example_sla_dag to 2023-04-10T02:08:00+00:00, run_after=2023-04-10T02:10:00+00:00
[2023-04-10T02:11:00.435+0000] {processor.py:175} INFO - Processing /home/airflow/.local/lib/python3.7/site-packages/airflow/example_dags/example_sla_dag.py took 0.142 seconds
[2023-04-10T02:11:30.867+0000] {processor.py:153} INFO - Started process (PID=467) to work on /home/airflow/.local/lib/python3.7/site-packages/airflow/example_dags/example_sla_dag.py
[2023-04-10T02:11:30.868+0000] {processor.py:743} INFO - Processing file /home/airflow/.local/lib/python3.7/site-packages/airflow/example_dags/example_sla_dag.py for tasks to queue
[2023-04-10T02:11:30.869+0000] {logging_mixin.py:137} INFO - [2023-04-10T02:11:30.869+0000] {dagbag.py:532} INFO - Filling up the DagBag from /home/airflow/.local/lib/python3.7/site-packages/airflow/example_dags/example_sla_dag.py
[2023-04-10T02:11:30.903+0000] {processor.py:753} INFO - DAG(s) dict_keys(['example_sla_dag']) retrieved from /home/airflow/.local/lib/python3.7/site-packages/airflow/example_dags/example_sla_dag.py
[2023-04-10T02:11:30.939+0000] {logging_mixin.py:137} INFO - [2023-04-10T02:11:30.939+0000] {dag.py:2705} INFO - Sync 1 DAGs
[2023-04-10T02:11:30.988+0000] {logging_mixin.py:137} INFO - [2023-04-10T02:11:30.987+0000] {dag.py:3456} INFO - Setting next_dagrun for example_sla_dag to 2023-04-10T02:08:00+00:00, run_after=2023-04-10T02:10:00+00:00
[2023-04-10T02:11:31.010+0000] {processor.py:175} INFO - Processing /home/airflow/.local/lib/python3.7/site-packages/airflow/example_dags/example_sla_dag.py took 0.147 seconds
[2023-04-10T02:12:01.430+0000] {processor.py:153} INFO - Started process (PID=517) to work on /home/airflow/.local/lib/python3.7/site-packages/airflow/example_dags/example_sla_dag.py
[2023-04-10T02:12:01.431+0000] {processor.py:743} INFO - Processing file /home/airflow/.local/lib/python3.7/site-packages/airflow/example_dags/example_sla_dag.py for tasks to queue
[2023-04-10T02:12:01.432+0000] {logging_mixin.py:137} INFO - [2023-04-10T02:12:01.432+0000] {dagbag.py:532} INFO - Filling up the DagBag from /home/airflow/.local/lib/python3.7/site-packages/airflow/example_dags/example_sla_dag.py
[2023-04-10T02:12:01.465+0000] {processor.py:753} INFO - DAG(s) dict_keys(['example_sla_dag']) retrieved from /home/airflow/.local/lib/python3.7/site-packages/airflow/example_dags/example_sla_dag.py
[2023-04-10T02:12:01.501+0000] {logging_mixin.py:137} INFO - [2023-04-10T02:12:01.501+0000] {dag.py:2705} INFO - Sync 1 DAGs
[2023-04-10T02:12:01.556+0000] {logging_mixin.py:137} INFO - [2023-04-10T02:12:01.556+0000] {dag.py:3456} INFO - Setting next_dagrun for example_sla_dag to 2023-04-10T02:10:00+00:00, run_after=2023-04-10T02:12:00+00:00
[2023-04-10T02:12:01.587+0000] {processor.py:175} INFO - Processing /home/airflow/.local/lib/python3.7/site-packages/airflow/example_dags/example_sla_dag.py took 0.162 seconds
