[2023-04-10T02:07:28.288+0000] {processor.py:153} INFO - Started process (PID=67) to work on /home/airflow/.local/lib/python3.7/site-packages/airflow/example_dags/example_branch_python_dop_operator_3.py
[2023-04-10T02:07:28.289+0000] {processor.py:743} INFO - Processing file /home/airflow/.local/lib/python3.7/site-packages/airflow/example_dags/example_branch_python_dop_operator_3.py for tasks to queue
[2023-04-10T02:07:28.290+0000] {logging_mixin.py:137} INFO - [2023-04-10T02:07:28.289+0000] {dagbag.py:532} INFO - Filling up the DagBag from /home/airflow/.local/lib/python3.7/site-packages/airflow/example_dags/example_branch_python_dop_operator_3.py
[2023-04-10T02:07:28.405+0000] {processor.py:753} INFO - DAG(s) dict_keys(['example_branch_dop_operator_v3']) retrieved from /home/airflow/.local/lib/python3.7/site-packages/airflow/example_dags/example_branch_python_dop_operator_3.py
[2023-04-10T02:07:28.519+0000] {logging_mixin.py:137} INFO - [2023-04-10T02:07:28.519+0000] {dag.py:2705} INFO - Sync 1 DAGs
[2023-04-10T02:07:28.666+0000] {logging_mixin.py:137} INFO - [2023-04-10T02:07:28.666+0000] {dag.py:3456} INFO - Setting next_dagrun for example_branch_dop_operator_v3 to 2023-04-10T02:06:00+00:00, run_after=2023-04-10T02:07:00+00:00
[2023-04-10T02:07:28.754+0000] {processor.py:175} INFO - Processing /home/airflow/.local/lib/python3.7/site-packages/airflow/example_dags/example_branch_python_dop_operator_3.py took 0.482 seconds
[2023-04-10T02:07:59.068+0000] {processor.py:153} INFO - Started process (PID=118) to work on /home/airflow/.local/lib/python3.7/site-packages/airflow/example_dags/example_branch_python_dop_operator_3.py
[2023-04-10T02:07:59.081+0000] {processor.py:743} INFO - Processing file /home/airflow/.local/lib/python3.7/site-packages/airflow/example_dags/example_branch_python_dop_operator_3.py for tasks to queue
[2023-04-10T02:07:59.082+0000] {logging_mixin.py:137} INFO - [2023-04-10T02:07:59.082+0000] {dagbag.py:532} INFO - Filling up the DagBag from /home/airflow/.local/lib/python3.7/site-packages/airflow/example_dags/example_branch_python_dop_operator_3.py
[2023-04-10T02:07:59.212+0000] {processor.py:753} INFO - DAG(s) dict_keys(['example_branch_dop_operator_v3']) retrieved from /home/airflow/.local/lib/python3.7/site-packages/airflow/example_dags/example_branch_python_dop_operator_3.py
[2023-04-10T02:07:59.318+0000] {logging_mixin.py:137} INFO - [2023-04-10T02:07:59.318+0000] {dag.py:2705} INFO - Sync 1 DAGs
[2023-04-10T02:07:59.474+0000] {logging_mixin.py:137} INFO - [2023-04-10T02:07:59.474+0000] {dag.py:3456} INFO - Setting next_dagrun for example_branch_dop_operator_v3 to 2023-04-10T02:06:00+00:00, run_after=2023-04-10T02:07:00+00:00
[2023-04-10T02:07:59.579+0000] {processor.py:175} INFO - Processing /home/airflow/.local/lib/python3.7/site-packages/airflow/example_dags/example_branch_python_dop_operator_3.py took 0.535 seconds
[2023-04-10T02:08:30.094+0000] {processor.py:153} INFO - Started process (PID=168) to work on /home/airflow/.local/lib/python3.7/site-packages/airflow/example_dags/example_branch_python_dop_operator_3.py
[2023-04-10T02:08:30.095+0000] {processor.py:743} INFO - Processing file /home/airflow/.local/lib/python3.7/site-packages/airflow/example_dags/example_branch_python_dop_operator_3.py for tasks to queue
[2023-04-10T02:08:30.096+0000] {logging_mixin.py:137} INFO - [2023-04-10T02:08:30.095+0000] {dagbag.py:532} INFO - Filling up the DagBag from /home/airflow/.local/lib/python3.7/site-packages/airflow/example_dags/example_branch_python_dop_operator_3.py
[2023-04-10T02:08:30.130+0000] {processor.py:753} INFO - DAG(s) dict_keys(['example_branch_dop_operator_v3']) retrieved from /home/airflow/.local/lib/python3.7/site-packages/airflow/example_dags/example_branch_python_dop_operator_3.py
[2023-04-10T02:08:30.165+0000] {logging_mixin.py:137} INFO - [2023-04-10T02:08:30.165+0000] {dag.py:2705} INFO - Sync 1 DAGs
[2023-04-10T02:08:30.217+0000] {logging_mixin.py:137} INFO - [2023-04-10T02:08:30.216+0000] {dag.py:3456} INFO - Setting next_dagrun for example_branch_dop_operator_v3 to 2023-04-10T02:07:00+00:00, run_after=2023-04-10T02:08:00+00:00
[2023-04-10T02:08:30.241+0000] {processor.py:175} INFO - Processing /home/airflow/.local/lib/python3.7/site-packages/airflow/example_dags/example_branch_python_dop_operator_3.py took 0.152 seconds
[2023-04-10T02:09:00.327+0000] {processor.py:153} INFO - Started process (PID=218) to work on /home/airflow/.local/lib/python3.7/site-packages/airflow/example_dags/example_branch_python_dop_operator_3.py
[2023-04-10T02:09:00.328+0000] {processor.py:743} INFO - Processing file /home/airflow/.local/lib/python3.7/site-packages/airflow/example_dags/example_branch_python_dop_operator_3.py for tasks to queue
[2023-04-10T02:09:00.328+0000] {logging_mixin.py:137} INFO - [2023-04-10T02:09:00.328+0000] {dagbag.py:532} INFO - Filling up the DagBag from /home/airflow/.local/lib/python3.7/site-packages/airflow/example_dags/example_branch_python_dop_operator_3.py
[2023-04-10T02:09:00.363+0000] {processor.py:753} INFO - DAG(s) dict_keys(['example_branch_dop_operator_v3']) retrieved from /home/airflow/.local/lib/python3.7/site-packages/airflow/example_dags/example_branch_python_dop_operator_3.py
[2023-04-10T02:09:00.398+0000] {logging_mixin.py:137} INFO - [2023-04-10T02:09:00.397+0000] {dag.py:2705} INFO - Sync 1 DAGs
[2023-04-10T02:09:00.450+0000] {logging_mixin.py:137} INFO - [2023-04-10T02:09:00.450+0000] {dag.py:3456} INFO - Setting next_dagrun for example_branch_dop_operator_v3 to 2023-04-10T02:08:00+00:00, run_after=2023-04-10T02:09:00+00:00
[2023-04-10T02:09:00.476+0000] {processor.py:175} INFO - Processing /home/airflow/.local/lib/python3.7/site-packages/airflow/example_dags/example_branch_python_dop_operator_3.py took 0.154 seconds
[2023-04-10T02:09:30.507+0000] {processor.py:153} INFO - Started process (PID=268) to work on /home/airflow/.local/lib/python3.7/site-packages/airflow/example_dags/example_branch_python_dop_operator_3.py
[2023-04-10T02:09:30.509+0000] {processor.py:743} INFO - Processing file /home/airflow/.local/lib/python3.7/site-packages/airflow/example_dags/example_branch_python_dop_operator_3.py for tasks to queue
[2023-04-10T02:09:30.509+0000] {logging_mixin.py:137} INFO - [2023-04-10T02:09:30.509+0000] {dagbag.py:532} INFO - Filling up the DagBag from /home/airflow/.local/lib/python3.7/site-packages/airflow/example_dags/example_branch_python_dop_operator_3.py
[2023-04-10T02:09:30.544+0000] {processor.py:753} INFO - DAG(s) dict_keys(['example_branch_dop_operator_v3']) retrieved from /home/airflow/.local/lib/python3.7/site-packages/airflow/example_dags/example_branch_python_dop_operator_3.py
[2023-04-10T02:09:30.578+0000] {logging_mixin.py:137} INFO - [2023-04-10T02:09:30.578+0000] {dag.py:2705} INFO - Sync 1 DAGs
[2023-04-10T02:09:30.633+0000] {logging_mixin.py:137} INFO - [2023-04-10T02:09:30.633+0000] {dag.py:3456} INFO - Setting next_dagrun for example_branch_dop_operator_v3 to 2023-04-10T02:08:00+00:00, run_after=2023-04-10T02:09:00+00:00
[2023-04-10T02:09:30.658+0000] {processor.py:175} INFO - Processing /home/airflow/.local/lib/python3.7/site-packages/airflow/example_dags/example_branch_python_dop_operator_3.py took 0.155 seconds
[2023-04-10T02:10:00.866+0000] {processor.py:153} INFO - Started process (PID=319) to work on /home/airflow/.local/lib/python3.7/site-packages/airflow/example_dags/example_branch_python_dop_operator_3.py
[2023-04-10T02:10:00.867+0000] {processor.py:743} INFO - Processing file /home/airflow/.local/lib/python3.7/site-packages/airflow/example_dags/example_branch_python_dop_operator_3.py for tasks to queue
[2023-04-10T02:10:00.868+0000] {logging_mixin.py:137} INFO - [2023-04-10T02:10:00.868+0000] {dagbag.py:532} INFO - Filling up the DagBag from /home/airflow/.local/lib/python3.7/site-packages/airflow/example_dags/example_branch_python_dop_operator_3.py
[2023-04-10T02:10:00.903+0000] {processor.py:753} INFO - DAG(s) dict_keys(['example_branch_dop_operator_v3']) retrieved from /home/airflow/.local/lib/python3.7/site-packages/airflow/example_dags/example_branch_python_dop_operator_3.py
[2023-04-10T02:10:00.941+0000] {logging_mixin.py:137} INFO - [2023-04-10T02:10:00.941+0000] {dag.py:2705} INFO - Sync 1 DAGs
[2023-04-10T02:10:00.993+0000] {logging_mixin.py:137} INFO - [2023-04-10T02:10:00.993+0000] {dag.py:3456} INFO - Setting next_dagrun for example_branch_dop_operator_v3 to 2023-04-10T02:09:00+00:00, run_after=2023-04-10T02:10:00+00:00
[2023-04-10T02:10:01.019+0000] {processor.py:175} INFO - Processing /home/airflow/.local/lib/python3.7/site-packages/airflow/example_dags/example_branch_python_dop_operator_3.py took 0.157 seconds
[2023-04-10T02:10:31.236+0000] {processor.py:153} INFO - Started process (PID=370) to work on /home/airflow/.local/lib/python3.7/site-packages/airflow/example_dags/example_branch_python_dop_operator_3.py
[2023-04-10T02:10:31.238+0000] {processor.py:743} INFO - Processing file /home/airflow/.local/lib/python3.7/site-packages/airflow/example_dags/example_branch_python_dop_operator_3.py for tasks to queue
[2023-04-10T02:10:31.240+0000] {logging_mixin.py:137} INFO - [2023-04-10T02:10:31.239+0000] {dagbag.py:532} INFO - Filling up the DagBag from /home/airflow/.local/lib/python3.7/site-packages/airflow/example_dags/example_branch_python_dop_operator_3.py
[2023-04-10T02:10:31.275+0000] {processor.py:753} INFO - DAG(s) dict_keys(['example_branch_dop_operator_v3']) retrieved from /home/airflow/.local/lib/python3.7/site-packages/airflow/example_dags/example_branch_python_dop_operator_3.py
[2023-04-10T02:10:31.309+0000] {logging_mixin.py:137} INFO - [2023-04-10T02:10:31.309+0000] {dag.py:2705} INFO - Sync 1 DAGs
[2023-04-10T02:10:31.356+0000] {logging_mixin.py:137} INFO - [2023-04-10T02:10:31.355+0000] {dag.py:3456} INFO - Setting next_dagrun for example_branch_dop_operator_v3 to 2023-04-10T02:09:00+00:00, run_after=2023-04-10T02:10:00+00:00
[2023-04-10T02:10:31.379+0000] {processor.py:175} INFO - Processing /home/airflow/.local/lib/python3.7/site-packages/airflow/example_dags/example_branch_python_dop_operator_3.py took 0.147 seconds
[2023-04-10T02:11:01.475+0000] {processor.py:153} INFO - Started process (PID=420) to work on /home/airflow/.local/lib/python3.7/site-packages/airflow/example_dags/example_branch_python_dop_operator_3.py
[2023-04-10T02:11:01.476+0000] {processor.py:743} INFO - Processing file /home/airflow/.local/lib/python3.7/site-packages/airflow/example_dags/example_branch_python_dop_operator_3.py for tasks to queue
[2023-04-10T02:11:01.477+0000] {logging_mixin.py:137} INFO - [2023-04-10T02:11:01.476+0000] {dagbag.py:532} INFO - Filling up the DagBag from /home/airflow/.local/lib/python3.7/site-packages/airflow/example_dags/example_branch_python_dop_operator_3.py
[2023-04-10T02:11:01.513+0000] {processor.py:753} INFO - DAG(s) dict_keys(['example_branch_dop_operator_v3']) retrieved from /home/airflow/.local/lib/python3.7/site-packages/airflow/example_dags/example_branch_python_dop_operator_3.py
[2023-04-10T02:11:01.549+0000] {logging_mixin.py:137} INFO - [2023-04-10T02:11:01.549+0000] {dag.py:2705} INFO - Sync 1 DAGs
[2023-04-10T02:11:01.598+0000] {logging_mixin.py:137} INFO - [2023-04-10T02:11:01.597+0000] {dag.py:3456} INFO - Setting next_dagrun for example_branch_dop_operator_v3 to 2023-04-10T02:10:00+00:00, run_after=2023-04-10T02:11:00+00:00
[2023-04-10T02:11:01.626+0000] {processor.py:175} INFO - Processing /home/airflow/.local/lib/python3.7/site-packages/airflow/example_dags/example_branch_python_dop_operator_3.py took 0.156 seconds
[2023-04-10T02:11:31.901+0000] {processor.py:153} INFO - Started process (PID=470) to work on /home/airflow/.local/lib/python3.7/site-packages/airflow/example_dags/example_branch_python_dop_operator_3.py
[2023-04-10T02:11:31.902+0000] {processor.py:743} INFO - Processing file /home/airflow/.local/lib/python3.7/site-packages/airflow/example_dags/example_branch_python_dop_operator_3.py for tasks to queue
[2023-04-10T02:11:31.903+0000] {logging_mixin.py:137} INFO - [2023-04-10T02:11:31.903+0000] {dagbag.py:532} INFO - Filling up the DagBag from /home/airflow/.local/lib/python3.7/site-packages/airflow/example_dags/example_branch_python_dop_operator_3.py
[2023-04-10T02:11:31.938+0000] {processor.py:753} INFO - DAG(s) dict_keys(['example_branch_dop_operator_v3']) retrieved from /home/airflow/.local/lib/python3.7/site-packages/airflow/example_dags/example_branch_python_dop_operator_3.py
[2023-04-10T02:11:31.972+0000] {logging_mixin.py:137} INFO - [2023-04-10T02:11:31.972+0000] {dag.py:2705} INFO - Sync 1 DAGs
[2023-04-10T02:11:32.022+0000] {logging_mixin.py:137} INFO - [2023-04-10T02:11:32.021+0000] {dag.py:3456} INFO - Setting next_dagrun for example_branch_dop_operator_v3 to 2023-04-10T02:10:00+00:00, run_after=2023-04-10T02:11:00+00:00
[2023-04-10T02:11:32.046+0000] {processor.py:175} INFO - Processing /home/airflow/.local/lib/python3.7/site-packages/airflow/example_dags/example_branch_python_dop_operator_3.py took 0.150 seconds
[2023-04-10T02:12:02.638+0000] {processor.py:153} INFO - Started process (PID=520) to work on /home/airflow/.local/lib/python3.7/site-packages/airflow/example_dags/example_branch_python_dop_operator_3.py
[2023-04-10T02:12:02.639+0000] {processor.py:743} INFO - Processing file /home/airflow/.local/lib/python3.7/site-packages/airflow/example_dags/example_branch_python_dop_operator_3.py for tasks to queue
[2023-04-10T02:12:02.640+0000] {logging_mixin.py:137} INFO - [2023-04-10T02:12:02.640+0000] {dagbag.py:532} INFO - Filling up the DagBag from /home/airflow/.local/lib/python3.7/site-packages/airflow/example_dags/example_branch_python_dop_operator_3.py
[2023-04-10T02:12:02.678+0000] {processor.py:753} INFO - DAG(s) dict_keys(['example_branch_dop_operator_v3']) retrieved from /home/airflow/.local/lib/python3.7/site-packages/airflow/example_dags/example_branch_python_dop_operator_3.py
[2023-04-10T02:12:02.714+0000] {logging_mixin.py:137} INFO - [2023-04-10T02:12:02.714+0000] {dag.py:2705} INFO - Sync 1 DAGs
[2023-04-10T02:12:02.763+0000] {logging_mixin.py:137} INFO - [2023-04-10T02:12:02.762+0000] {dag.py:3456} INFO - Setting next_dagrun for example_branch_dop_operator_v3 to 2023-04-10T02:11:00+00:00, run_after=2023-04-10T02:12:00+00:00
[2023-04-10T02:12:02.789+0000] {processor.py:175} INFO - Processing /home/airflow/.local/lib/python3.7/site-packages/airflow/example_dags/example_branch_python_dop_operator_3.py took 0.160 seconds
