[2023-04-10T02:07:21.049+0000] {processor.py:153} INFO - Started process (PID=45) to work on /home/airflow/.local/lib/python3.7/site-packages/airflow/example_dags/example_sensors.py
[2023-04-10T02:07:21.050+0000] {processor.py:743} INFO - Processing file /home/airflow/.local/lib/python3.7/site-packages/airflow/example_dags/example_sensors.py for tasks to queue
[2023-04-10T02:07:21.051+0000] {logging_mixin.py:137} INFO - [2023-04-10T02:07:21.051+0000] {dagbag.py:532} INFO - Filling up the DagBag from /home/airflow/.local/lib/python3.7/site-packages/airflow/example_dags/example_sensors.py
[2023-04-10T02:07:21.168+0000] {processor.py:753} INFO - DAG(s) dict_keys(['example_sensors']) retrieved from /home/airflow/.local/lib/python3.7/site-packages/airflow/example_dags/example_sensors.py
[2023-04-10T02:07:21.331+0000] {logging_mixin.py:137} INFO - [2023-04-10T02:07:21.331+0000] {dag.py:2705} INFO - Sync 1 DAGs
[2023-04-10T02:07:21.506+0000] {logging_mixin.py:137} INFO - [2023-04-10T02:07:21.506+0000] {dag.py:3456} INFO - Setting next_dagrun for example_sensors to None, run_after=None
[2023-04-10T02:07:21.612+0000] {processor.py:175} INFO - Processing /home/airflow/.local/lib/python3.7/site-packages/airflow/example_dags/example_sensors.py took 0.599 seconds
[2023-04-10T02:07:51.826+0000] {processor.py:153} INFO - Started process (PID=96) to work on /home/airflow/.local/lib/python3.7/site-packages/airflow/example_dags/example_sensors.py
[2023-04-10T02:07:51.827+0000] {processor.py:743} INFO - Processing file /home/airflow/.local/lib/python3.7/site-packages/airflow/example_dags/example_sensors.py for tasks to queue
[2023-04-10T02:07:51.827+0000] {logging_mixin.py:137} INFO - [2023-04-10T02:07:51.827+0000] {dagbag.py:532} INFO - Filling up the DagBag from /home/airflow/.local/lib/python3.7/site-packages/airflow/example_dags/example_sensors.py
[2023-04-10T02:07:51.847+0000] {processor.py:753} INFO - DAG(s) dict_keys(['example_sensors']) retrieved from /home/airflow/.local/lib/python3.7/site-packages/airflow/example_dags/example_sensors.py
[2023-04-10T02:07:51.875+0000] {logging_mixin.py:137} INFO - [2023-04-10T02:07:51.875+0000] {dag.py:2705} INFO - Sync 1 DAGs
[2023-04-10T02:07:51.901+0000] {logging_mixin.py:137} INFO - [2023-04-10T02:07:51.900+0000] {dag.py:3456} INFO - Setting next_dagrun for example_sensors to None, run_after=None
[2023-04-10T02:07:51.918+0000] {processor.py:175} INFO - Processing /home/airflow/.local/lib/python3.7/site-packages/airflow/example_dags/example_sensors.py took 0.095 seconds
[2023-04-10T02:08:22.406+0000] {processor.py:153} INFO - Started process (PID=146) to work on /home/airflow/.local/lib/python3.7/site-packages/airflow/example_dags/example_sensors.py
[2023-04-10T02:08:22.407+0000] {processor.py:743} INFO - Processing file /home/airflow/.local/lib/python3.7/site-packages/airflow/example_dags/example_sensors.py for tasks to queue
[2023-04-10T02:08:22.408+0000] {logging_mixin.py:137} INFO - [2023-04-10T02:08:22.407+0000] {dagbag.py:532} INFO - Filling up the DagBag from /home/airflow/.local/lib/python3.7/site-packages/airflow/example_dags/example_sensors.py
[2023-04-10T02:08:22.436+0000] {processor.py:753} INFO - DAG(s) dict_keys(['example_sensors']) retrieved from /home/airflow/.local/lib/python3.7/site-packages/airflow/example_dags/example_sensors.py
[2023-04-10T02:08:22.479+0000] {logging_mixin.py:137} INFO - [2023-04-10T02:08:22.478+0000] {dag.py:2705} INFO - Sync 1 DAGs
[2023-04-10T02:08:22.517+0000] {logging_mixin.py:137} INFO - [2023-04-10T02:08:22.517+0000] {dag.py:3456} INFO - Setting next_dagrun for example_sensors to None, run_after=None
[2023-04-10T02:08:22.541+0000] {processor.py:175} INFO - Processing /home/airflow/.local/lib/python3.7/site-packages/airflow/example_dags/example_sensors.py took 0.140 seconds
[2023-04-10T02:08:52.691+0000] {processor.py:153} INFO - Started process (PID=196) to work on /home/airflow/.local/lib/python3.7/site-packages/airflow/example_dags/example_sensors.py
[2023-04-10T02:08:52.692+0000] {processor.py:743} INFO - Processing file /home/airflow/.local/lib/python3.7/site-packages/airflow/example_dags/example_sensors.py for tasks to queue
[2023-04-10T02:08:52.692+0000] {logging_mixin.py:137} INFO - [2023-04-10T02:08:52.692+0000] {dagbag.py:532} INFO - Filling up the DagBag from /home/airflow/.local/lib/python3.7/site-packages/airflow/example_dags/example_sensors.py
[2023-04-10T02:08:52.721+0000] {processor.py:753} INFO - DAG(s) dict_keys(['example_sensors']) retrieved from /home/airflow/.local/lib/python3.7/site-packages/airflow/example_dags/example_sensors.py
[2023-04-10T02:08:52.764+0000] {logging_mixin.py:137} INFO - [2023-04-10T02:08:52.764+0000] {dag.py:2705} INFO - Sync 1 DAGs
[2023-04-10T02:08:52.804+0000] {logging_mixin.py:137} INFO - [2023-04-10T02:08:52.804+0000] {dag.py:3456} INFO - Setting next_dagrun for example_sensors to None, run_after=None
[2023-04-10T02:08:52.828+0000] {processor.py:175} INFO - Processing /home/airflow/.local/lib/python3.7/site-packages/airflow/example_dags/example_sensors.py took 0.141 seconds
[2023-04-10T02:09:22.966+0000] {processor.py:153} INFO - Started process (PID=246) to work on /home/airflow/.local/lib/python3.7/site-packages/airflow/example_dags/example_sensors.py
[2023-04-10T02:09:22.967+0000] {processor.py:743} INFO - Processing file /home/airflow/.local/lib/python3.7/site-packages/airflow/example_dags/example_sensors.py for tasks to queue
[2023-04-10T02:09:22.968+0000] {logging_mixin.py:137} INFO - [2023-04-10T02:09:22.968+0000] {dagbag.py:532} INFO - Filling up the DagBag from /home/airflow/.local/lib/python3.7/site-packages/airflow/example_dags/example_sensors.py
[2023-04-10T02:09:22.996+0000] {processor.py:753} INFO - DAG(s) dict_keys(['example_sensors']) retrieved from /home/airflow/.local/lib/python3.7/site-packages/airflow/example_dags/example_sensors.py
[2023-04-10T02:09:23.040+0000] {logging_mixin.py:137} INFO - [2023-04-10T02:09:23.040+0000] {dag.py:2705} INFO - Sync 1 DAGs
[2023-04-10T02:09:23.081+0000] {logging_mixin.py:137} INFO - [2023-04-10T02:09:23.080+0000] {dag.py:3456} INFO - Setting next_dagrun for example_sensors to None, run_after=None
[2023-04-10T02:09:23.105+0000] {processor.py:175} INFO - Processing /home/airflow/.local/lib/python3.7/site-packages/airflow/example_dags/example_sensors.py took 0.143 seconds
[2023-04-10T02:09:53.424+0000] {processor.py:153} INFO - Started process (PID=297) to work on /home/airflow/.local/lib/python3.7/site-packages/airflow/example_dags/example_sensors.py
[2023-04-10T02:09:53.425+0000] {processor.py:743} INFO - Processing file /home/airflow/.local/lib/python3.7/site-packages/airflow/example_dags/example_sensors.py for tasks to queue
[2023-04-10T02:09:53.426+0000] {logging_mixin.py:137} INFO - [2023-04-10T02:09:53.426+0000] {dagbag.py:532} INFO - Filling up the DagBag from /home/airflow/.local/lib/python3.7/site-packages/airflow/example_dags/example_sensors.py
[2023-04-10T02:09:53.445+0000] {processor.py:753} INFO - DAG(s) dict_keys(['example_sensors']) retrieved from /home/airflow/.local/lib/python3.7/site-packages/airflow/example_dags/example_sensors.py
[2023-04-10T02:09:53.474+0000] {logging_mixin.py:137} INFO - [2023-04-10T02:09:53.474+0000] {dag.py:2705} INFO - Sync 1 DAGs
[2023-04-10T02:09:53.500+0000] {logging_mixin.py:137} INFO - [2023-04-10T02:09:53.500+0000] {dag.py:3456} INFO - Setting next_dagrun for example_sensors to None, run_after=None
[2023-04-10T02:09:53.517+0000] {processor.py:175} INFO - Processing /home/airflow/.local/lib/python3.7/site-packages/airflow/example_dags/example_sensors.py took 0.096 seconds
[2023-04-10T02:10:23.633+0000] {processor.py:153} INFO - Started process (PID=348) to work on /home/airflow/.local/lib/python3.7/site-packages/airflow/example_dags/example_sensors.py
[2023-04-10T02:10:23.634+0000] {processor.py:743} INFO - Processing file /home/airflow/.local/lib/python3.7/site-packages/airflow/example_dags/example_sensors.py for tasks to queue
[2023-04-10T02:10:23.635+0000] {logging_mixin.py:137} INFO - [2023-04-10T02:10:23.635+0000] {dagbag.py:532} INFO - Filling up the DagBag from /home/airflow/.local/lib/python3.7/site-packages/airflow/example_dags/example_sensors.py
[2023-04-10T02:10:23.663+0000] {processor.py:753} INFO - DAG(s) dict_keys(['example_sensors']) retrieved from /home/airflow/.local/lib/python3.7/site-packages/airflow/example_dags/example_sensors.py
[2023-04-10T02:10:23.707+0000] {logging_mixin.py:137} INFO - [2023-04-10T02:10:23.707+0000] {dag.py:2705} INFO - Sync 1 DAGs
[2023-04-10T02:10:23.746+0000] {logging_mixin.py:137} INFO - [2023-04-10T02:10:23.746+0000] {dag.py:3456} INFO - Setting next_dagrun for example_sensors to None, run_after=None
[2023-04-10T02:10:23.770+0000] {processor.py:175} INFO - Processing /home/airflow/.local/lib/python3.7/site-packages/airflow/example_dags/example_sensors.py took 0.141 seconds
[2023-04-10T02:10:53.951+0000] {processor.py:153} INFO - Started process (PID=398) to work on /home/airflow/.local/lib/python3.7/site-packages/airflow/example_dags/example_sensors.py
[2023-04-10T02:10:53.952+0000] {processor.py:743} INFO - Processing file /home/airflow/.local/lib/python3.7/site-packages/airflow/example_dags/example_sensors.py for tasks to queue
[2023-04-10T02:10:53.952+0000] {logging_mixin.py:137} INFO - [2023-04-10T02:10:53.952+0000] {dagbag.py:532} INFO - Filling up the DagBag from /home/airflow/.local/lib/python3.7/site-packages/airflow/example_dags/example_sensors.py
[2023-04-10T02:10:53.972+0000] {processor.py:753} INFO - DAG(s) dict_keys(['example_sensors']) retrieved from /home/airflow/.local/lib/python3.7/site-packages/airflow/example_dags/example_sensors.py
[2023-04-10T02:10:54.000+0000] {logging_mixin.py:137} INFO - [2023-04-10T02:10:54.000+0000] {dag.py:2705} INFO - Sync 1 DAGs
[2023-04-10T02:10:54.029+0000] {logging_mixin.py:137} INFO - [2023-04-10T02:10:54.029+0000] {dag.py:3456} INFO - Setting next_dagrun for example_sensors to None, run_after=None
[2023-04-10T02:10:54.046+0000] {processor.py:175} INFO - Processing /home/airflow/.local/lib/python3.7/site-packages/airflow/example_dags/example_sensors.py took 0.098 seconds
[2023-04-10T02:11:24.776+0000] {processor.py:153} INFO - Started process (PID=448) to work on /home/airflow/.local/lib/python3.7/site-packages/airflow/example_dags/example_sensors.py
[2023-04-10T02:11:24.781+0000] {processor.py:743} INFO - Processing file /home/airflow/.local/lib/python3.7/site-packages/airflow/example_dags/example_sensors.py for tasks to queue
[2023-04-10T02:11:24.782+0000] {logging_mixin.py:137} INFO - [2023-04-10T02:11:24.782+0000] {dagbag.py:532} INFO - Filling up the DagBag from /home/airflow/.local/lib/python3.7/site-packages/airflow/example_dags/example_sensors.py
[2023-04-10T02:11:24.844+0000] {processor.py:753} INFO - DAG(s) dict_keys(['example_sensors']) retrieved from /home/airflow/.local/lib/python3.7/site-packages/airflow/example_dags/example_sensors.py
[2023-04-10T02:11:24.946+0000] {logging_mixin.py:137} INFO - [2023-04-10T02:11:24.945+0000] {dag.py:2705} INFO - Sync 1 DAGs
[2023-04-10T02:11:25.022+0000] {logging_mixin.py:137} INFO - [2023-04-10T02:11:25.022+0000] {dag.py:3456} INFO - Setting next_dagrun for example_sensors to None, run_after=None
[2023-04-10T02:11:25.090+0000] {processor.py:175} INFO - Processing /home/airflow/.local/lib/python3.7/site-packages/airflow/example_dags/example_sensors.py took 0.327 seconds
[2023-04-10T02:11:55.959+0000] {processor.py:153} INFO - Started process (PID=498) to work on /home/airflow/.local/lib/python3.7/site-packages/airflow/example_dags/example_sensors.py
[2023-04-10T02:11:55.960+0000] {processor.py:743} INFO - Processing file /home/airflow/.local/lib/python3.7/site-packages/airflow/example_dags/example_sensors.py for tasks to queue
[2023-04-10T02:11:55.961+0000] {logging_mixin.py:137} INFO - [2023-04-10T02:11:55.961+0000] {dagbag.py:532} INFO - Filling up the DagBag from /home/airflow/.local/lib/python3.7/site-packages/airflow/example_dags/example_sensors.py
[2023-04-10T02:11:55.991+0000] {processor.py:753} INFO - DAG(s) dict_keys(['example_sensors']) retrieved from /home/airflow/.local/lib/python3.7/site-packages/airflow/example_dags/example_sensors.py
[2023-04-10T02:11:56.035+0000] {logging_mixin.py:137} INFO - [2023-04-10T02:11:56.035+0000] {dag.py:2705} INFO - Sync 1 DAGs
[2023-04-10T02:11:56.075+0000] {logging_mixin.py:137} INFO - [2023-04-10T02:11:56.075+0000] {dag.py:3456} INFO - Setting next_dagrun for example_sensors to None, run_after=None
[2023-04-10T02:11:56.099+0000] {processor.py:175} INFO - Processing /home/airflow/.local/lib/python3.7/site-packages/airflow/example_dags/example_sensors.py took 0.144 seconds
