[2023-04-10T02:07:21.756+0000] {processor.py:153} INFO - Started process (PID=47) to work on /home/airflow/.local/lib/python3.7/site-packages/airflow/example_dags/example_short_circuit_operator.py
[2023-04-10T02:07:21.763+0000] {processor.py:743} INFO - Processing file /home/airflow/.local/lib/python3.7/site-packages/airflow/example_dags/example_short_circuit_operator.py for tasks to queue
[2023-04-10T02:07:21.764+0000] {logging_mixin.py:137} INFO - [2023-04-10T02:07:21.763+0000] {dagbag.py:532} INFO - Filling up the DagBag from /home/airflow/.local/lib/python3.7/site-packages/airflow/example_dags/example_short_circuit_operator.py
[2023-04-10T02:07:21.897+0000] {processor.py:753} INFO - DAG(s) dict_keys(['example_short_circuit_operator']) retrieved from /home/airflow/.local/lib/python3.7/site-packages/airflow/example_dags/example_short_circuit_operator.py
[2023-04-10T02:07:22.045+0000] {logging_mixin.py:137} INFO - [2023-04-10T02:07:22.045+0000] {dag.py:2705} INFO - Sync 1 DAGs
[2023-04-10T02:07:22.182+0000] {logging_mixin.py:137} INFO - [2023-04-10T02:07:22.182+0000] {dag.py:3456} INFO - Setting next_dagrun for example_short_circuit_operator to 2023-04-09T02:07:22.182036+00:00, run_after=2023-04-10T02:07:22.182036+00:00
[2023-04-10T02:07:22.254+0000] {processor.py:175} INFO - Processing /home/airflow/.local/lib/python3.7/site-packages/airflow/example_dags/example_short_circuit_operator.py took 0.532 seconds
[2023-04-10T02:07:52.843+0000] {processor.py:153} INFO - Started process (PID=98) to work on /home/airflow/.local/lib/python3.7/site-packages/airflow/example_dags/example_short_circuit_operator.py
[2023-04-10T02:07:52.844+0000] {processor.py:743} INFO - Processing file /home/airflow/.local/lib/python3.7/site-packages/airflow/example_dags/example_short_circuit_operator.py for tasks to queue
[2023-04-10T02:07:52.845+0000] {logging_mixin.py:137} INFO - [2023-04-10T02:07:52.845+0000] {dagbag.py:532} INFO - Filling up the DagBag from /home/airflow/.local/lib/python3.7/site-packages/airflow/example_dags/example_short_circuit_operator.py
[2023-04-10T02:07:52.868+0000] {processor.py:753} INFO - DAG(s) dict_keys(['example_short_circuit_operator']) retrieved from /home/airflow/.local/lib/python3.7/site-packages/airflow/example_dags/example_short_circuit_operator.py
[2023-04-10T02:07:52.907+0000] {logging_mixin.py:137} INFO - [2023-04-10T02:07:52.907+0000] {dag.py:2705} INFO - Sync 1 DAGs
[2023-04-10T02:07:52.948+0000] {logging_mixin.py:137} INFO - [2023-04-10T02:07:52.948+0000] {dag.py:3456} INFO - Setting next_dagrun for example_short_circuit_operator to 2023-04-09T02:07:52.948271+00:00, run_after=2023-04-10T02:07:52.948271+00:00
[2023-04-10T02:07:52.973+0000] {processor.py:175} INFO - Processing /home/airflow/.local/lib/python3.7/site-packages/airflow/example_dags/example_short_circuit_operator.py took 0.134 seconds
[2023-04-10T02:08:23.421+0000] {processor.py:153} INFO - Started process (PID=148) to work on /home/airflow/.local/lib/python3.7/site-packages/airflow/example_dags/example_short_circuit_operator.py
[2023-04-10T02:08:23.422+0000] {processor.py:743} INFO - Processing file /home/airflow/.local/lib/python3.7/site-packages/airflow/example_dags/example_short_circuit_operator.py for tasks to queue
[2023-04-10T02:08:23.423+0000] {logging_mixin.py:137} INFO - [2023-04-10T02:08:23.423+0000] {dagbag.py:532} INFO - Filling up the DagBag from /home/airflow/.local/lib/python3.7/site-packages/airflow/example_dags/example_short_circuit_operator.py
[2023-04-10T02:08:23.446+0000] {processor.py:753} INFO - DAG(s) dict_keys(['example_short_circuit_operator']) retrieved from /home/airflow/.local/lib/python3.7/site-packages/airflow/example_dags/example_short_circuit_operator.py
[2023-04-10T02:08:23.487+0000] {logging_mixin.py:137} INFO - [2023-04-10T02:08:23.487+0000] {dag.py:2705} INFO - Sync 1 DAGs
[2023-04-10T02:08:23.526+0000] {logging_mixin.py:137} INFO - [2023-04-10T02:08:23.526+0000] {dag.py:3456} INFO - Setting next_dagrun for example_short_circuit_operator to 2023-04-09T02:08:23.526279+00:00, run_after=2023-04-10T02:08:23.526279+00:00
[2023-04-10T02:08:23.551+0000] {processor.py:175} INFO - Processing /home/airflow/.local/lib/python3.7/site-packages/airflow/example_dags/example_short_circuit_operator.py took 0.135 seconds
[2023-04-10T02:08:53.705+0000] {processor.py:153} INFO - Started process (PID=198) to work on /home/airflow/.local/lib/python3.7/site-packages/airflow/example_dags/example_short_circuit_operator.py
[2023-04-10T02:08:53.706+0000] {processor.py:743} INFO - Processing file /home/airflow/.local/lib/python3.7/site-packages/airflow/example_dags/example_short_circuit_operator.py for tasks to queue
[2023-04-10T02:08:53.707+0000] {logging_mixin.py:137} INFO - [2023-04-10T02:08:53.706+0000] {dagbag.py:532} INFO - Filling up the DagBag from /home/airflow/.local/lib/python3.7/site-packages/airflow/example_dags/example_short_circuit_operator.py
[2023-04-10T02:08:53.731+0000] {processor.py:753} INFO - DAG(s) dict_keys(['example_short_circuit_operator']) retrieved from /home/airflow/.local/lib/python3.7/site-packages/airflow/example_dags/example_short_circuit_operator.py
[2023-04-10T02:08:53.772+0000] {logging_mixin.py:137} INFO - [2023-04-10T02:08:53.771+0000] {dag.py:2705} INFO - Sync 1 DAGs
[2023-04-10T02:08:53.811+0000] {logging_mixin.py:137} INFO - [2023-04-10T02:08:53.811+0000] {dag.py:3456} INFO - Setting next_dagrun for example_short_circuit_operator to 2023-04-09T02:08:53.811152+00:00, run_after=2023-04-10T02:08:53.811152+00:00
[2023-04-10T02:08:53.840+0000] {processor.py:175} INFO - Processing /home/airflow/.local/lib/python3.7/site-packages/airflow/example_dags/example_short_circuit_operator.py took 0.140 seconds
[2023-04-10T02:09:23.981+0000] {processor.py:153} INFO - Started process (PID=248) to work on /home/airflow/.local/lib/python3.7/site-packages/airflow/example_dags/example_short_circuit_operator.py
[2023-04-10T02:09:23.983+0000] {processor.py:743} INFO - Processing file /home/airflow/.local/lib/python3.7/site-packages/airflow/example_dags/example_short_circuit_operator.py for tasks to queue
[2023-04-10T02:09:23.983+0000] {logging_mixin.py:137} INFO - [2023-04-10T02:09:23.983+0000] {dagbag.py:532} INFO - Filling up the DagBag from /home/airflow/.local/lib/python3.7/site-packages/airflow/example_dags/example_short_circuit_operator.py
[2023-04-10T02:09:24.006+0000] {processor.py:753} INFO - DAG(s) dict_keys(['example_short_circuit_operator']) retrieved from /home/airflow/.local/lib/python3.7/site-packages/airflow/example_dags/example_short_circuit_operator.py
[2023-04-10T02:09:24.047+0000] {logging_mixin.py:137} INFO - [2023-04-10T02:09:24.046+0000] {dag.py:2705} INFO - Sync 1 DAGs
[2023-04-10T02:09:24.086+0000] {logging_mixin.py:137} INFO - [2023-04-10T02:09:24.086+0000] {dag.py:3456} INFO - Setting next_dagrun for example_short_circuit_operator to 2023-04-09T02:09:24.086251+00:00, run_after=2023-04-10T02:09:24.086251+00:00
[2023-04-10T02:09:24.112+0000] {processor.py:175} INFO - Processing /home/airflow/.local/lib/python3.7/site-packages/airflow/example_dags/example_short_circuit_operator.py took 0.135 seconds
[2023-04-10T02:09:54.442+0000] {processor.py:153} INFO - Started process (PID=299) to work on /home/airflow/.local/lib/python3.7/site-packages/airflow/example_dags/example_short_circuit_operator.py
[2023-04-10T02:09:54.443+0000] {processor.py:743} INFO - Processing file /home/airflow/.local/lib/python3.7/site-packages/airflow/example_dags/example_short_circuit_operator.py for tasks to queue
[2023-04-10T02:09:54.444+0000] {logging_mixin.py:137} INFO - [2023-04-10T02:09:54.444+0000] {dagbag.py:532} INFO - Filling up the DagBag from /home/airflow/.local/lib/python3.7/site-packages/airflow/example_dags/example_short_circuit_operator.py
[2023-04-10T02:09:54.467+0000] {processor.py:753} INFO - DAG(s) dict_keys(['example_short_circuit_operator']) retrieved from /home/airflow/.local/lib/python3.7/site-packages/airflow/example_dags/example_short_circuit_operator.py
[2023-04-10T02:09:54.509+0000] {logging_mixin.py:137} INFO - [2023-04-10T02:09:54.508+0000] {dag.py:2705} INFO - Sync 1 DAGs
[2023-04-10T02:09:54.550+0000] {logging_mixin.py:137} INFO - [2023-04-10T02:09:54.550+0000] {dag.py:3456} INFO - Setting next_dagrun for example_short_circuit_operator to 2023-04-09T02:09:54.549772+00:00, run_after=2023-04-10T02:09:54.549772+00:00
[2023-04-10T02:09:54.574+0000] {processor.py:175} INFO - Processing /home/airflow/.local/lib/python3.7/site-packages/airflow/example_dags/example_short_circuit_operator.py took 0.137 seconds
[2023-04-10T02:10:24.648+0000] {processor.py:153} INFO - Started process (PID=350) to work on /home/airflow/.local/lib/python3.7/site-packages/airflow/example_dags/example_short_circuit_operator.py
[2023-04-10T02:10:24.648+0000] {processor.py:743} INFO - Processing file /home/airflow/.local/lib/python3.7/site-packages/airflow/example_dags/example_short_circuit_operator.py for tasks to queue
[2023-04-10T02:10:24.649+0000] {logging_mixin.py:137} INFO - [2023-04-10T02:10:24.649+0000] {dagbag.py:532} INFO - Filling up the DagBag from /home/airflow/.local/lib/python3.7/site-packages/airflow/example_dags/example_short_circuit_operator.py
[2023-04-10T02:10:24.673+0000] {processor.py:753} INFO - DAG(s) dict_keys(['example_short_circuit_operator']) retrieved from /home/airflow/.local/lib/python3.7/site-packages/airflow/example_dags/example_short_circuit_operator.py
[2023-04-10T02:10:24.714+0000] {logging_mixin.py:137} INFO - [2023-04-10T02:10:24.714+0000] {dag.py:2705} INFO - Sync 1 DAGs
[2023-04-10T02:10:24.753+0000] {logging_mixin.py:137} INFO - [2023-04-10T02:10:24.753+0000] {dag.py:3456} INFO - Setting next_dagrun for example_short_circuit_operator to 2023-04-09T02:10:24.752740+00:00, run_after=2023-04-10T02:10:24.752740+00:00
[2023-04-10T02:10:24.776+0000] {processor.py:175} INFO - Processing /home/airflow/.local/lib/python3.7/site-packages/airflow/example_dags/example_short_circuit_operator.py took 0.133 seconds
[2023-04-10T02:10:54.969+0000] {processor.py:153} INFO - Started process (PID=400) to work on /home/airflow/.local/lib/python3.7/site-packages/airflow/example_dags/example_short_circuit_operator.py
[2023-04-10T02:10:54.971+0000] {processor.py:743} INFO - Processing file /home/airflow/.local/lib/python3.7/site-packages/airflow/example_dags/example_short_circuit_operator.py for tasks to queue
[2023-04-10T02:10:54.971+0000] {logging_mixin.py:137} INFO - [2023-04-10T02:10:54.971+0000] {dagbag.py:532} INFO - Filling up the DagBag from /home/airflow/.local/lib/python3.7/site-packages/airflow/example_dags/example_short_circuit_operator.py
[2023-04-10T02:10:54.997+0000] {processor.py:753} INFO - DAG(s) dict_keys(['example_short_circuit_operator']) retrieved from /home/airflow/.local/lib/python3.7/site-packages/airflow/example_dags/example_short_circuit_operator.py
[2023-04-10T02:10:55.037+0000] {logging_mixin.py:137} INFO - [2023-04-10T02:10:55.036+0000] {dag.py:2705} INFO - Sync 1 DAGs
[2023-04-10T02:10:55.081+0000] {logging_mixin.py:137} INFO - [2023-04-10T02:10:55.081+0000] {dag.py:3456} INFO - Setting next_dagrun for example_short_circuit_operator to 2023-04-09T02:10:55.081280+00:00, run_after=2023-04-10T02:10:55.081280+00:00
[2023-04-10T02:10:55.106+0000] {processor.py:175} INFO - Processing /home/airflow/.local/lib/python3.7/site-packages/airflow/example_dags/example_short_circuit_operator.py took 0.141 seconds
[2023-04-10T02:11:25.246+0000] {processor.py:153} INFO - Started process (PID=450) to work on /home/airflow/.local/lib/python3.7/site-packages/airflow/example_dags/example_short_circuit_operator.py
[2023-04-10T02:11:25.246+0000] {processor.py:743} INFO - Processing file /home/airflow/.local/lib/python3.7/site-packages/airflow/example_dags/example_short_circuit_operator.py for tasks to queue
[2023-04-10T02:11:25.247+0000] {logging_mixin.py:137} INFO - [2023-04-10T02:11:25.247+0000] {dagbag.py:532} INFO - Filling up the DagBag from /home/airflow/.local/lib/python3.7/site-packages/airflow/example_dags/example_short_circuit_operator.py
[2023-04-10T02:11:25.321+0000] {processor.py:753} INFO - DAG(s) dict_keys(['example_short_circuit_operator']) retrieved from /home/airflow/.local/lib/python3.7/site-packages/airflow/example_dags/example_short_circuit_operator.py
[2023-04-10T02:11:25.410+0000] {logging_mixin.py:137} INFO - [2023-04-10T02:11:25.410+0000] {dag.py:2705} INFO - Sync 1 DAGs
[2023-04-10T02:11:25.484+0000] {logging_mixin.py:137} INFO - [2023-04-10T02:11:25.482+0000] {dag.py:3456} INFO - Setting next_dagrun for example_short_circuit_operator to 2023-04-09T02:11:25.482006+00:00, run_after=2023-04-10T02:11:25.482006+00:00
[2023-04-10T02:11:25.541+0000] {processor.py:175} INFO - Processing /home/airflow/.local/lib/python3.7/site-packages/airflow/example_dags/example_short_circuit_operator.py took 0.300 seconds
[2023-04-10T02:11:56.146+0000] {processor.py:153} INFO - Started process (PID=500) to work on /home/airflow/.local/lib/python3.7/site-packages/airflow/example_dags/example_short_circuit_operator.py
[2023-04-10T02:11:56.147+0000] {processor.py:743} INFO - Processing file /home/airflow/.local/lib/python3.7/site-packages/airflow/example_dags/example_short_circuit_operator.py for tasks to queue
[2023-04-10T02:11:56.148+0000] {logging_mixin.py:137} INFO - [2023-04-10T02:11:56.148+0000] {dagbag.py:532} INFO - Filling up the DagBag from /home/airflow/.local/lib/python3.7/site-packages/airflow/example_dags/example_short_circuit_operator.py
[2023-04-10T02:11:56.196+0000] {processor.py:753} INFO - DAG(s) dict_keys(['example_short_circuit_operator']) retrieved from /home/airflow/.local/lib/python3.7/site-packages/airflow/example_dags/example_short_circuit_operator.py
[2023-04-10T02:11:56.270+0000] {logging_mixin.py:137} INFO - [2023-04-10T02:11:56.269+0000] {dag.py:2705} INFO - Sync 1 DAGs
[2023-04-10T02:11:56.353+0000] {logging_mixin.py:137} INFO - [2023-04-10T02:11:56.353+0000] {dag.py:3456} INFO - Setting next_dagrun for example_short_circuit_operator to 2023-04-09T02:11:56.353060+00:00, run_after=2023-04-10T02:11:56.353060+00:00
[2023-04-10T02:11:56.407+0000] {processor.py:175} INFO - Processing /home/airflow/.local/lib/python3.7/site-packages/airflow/example_dags/example_short_circuit_operator.py took 0.271 seconds
