[2023-04-10T02:07:28.501+0000] {processor.py:153} INFO - Started process (PID=68) to work on /home/airflow/.local/lib/python3.7/site-packages/airflow/example_dags/example_complex.py
[2023-04-10T02:07:28.502+0000] {processor.py:743} INFO - Processing file /home/airflow/.local/lib/python3.7/site-packages/airflow/example_dags/example_complex.py for tasks to queue
[2023-04-10T02:07:28.503+0000] {logging_mixin.py:137} INFO - [2023-04-10T02:07:28.503+0000] {dagbag.py:532} INFO - Filling up the DagBag from /home/airflow/.local/lib/python3.7/site-packages/airflow/example_dags/example_complex.py
[2023-04-10T02:07:28.552+0000] {logging_mixin.py:137} INFO - [2023-04-10T02:07:28.552+0000] {taskmixin.py:211} WARNING - Dependency <Task(BashOperator): create_entry_group>, delete_entry_group already registered for DAG: example_complex
[2023-04-10T02:07:28.552+0000] {logging_mixin.py:137} INFO - [2023-04-10T02:07:28.552+0000] {taskmixin.py:211} WARNING - Dependency <Task(BashOperator): delete_entry_group>, create_entry_group already registered for DAG: example_complex
[2023-04-10T02:07:28.553+0000] {logging_mixin.py:137} INFO - [2023-04-10T02:07:28.553+0000] {taskmixin.py:211} WARNING - Dependency <Task(BashOperator): create_entry_gcs>, delete_entry already registered for DAG: example_complex
[2023-04-10T02:07:28.553+0000] {logging_mixin.py:137} INFO - [2023-04-10T02:07:28.553+0000] {taskmixin.py:211} WARNING - Dependency <Task(BashOperator): delete_entry>, create_entry_gcs already registered for DAG: example_complex
[2023-04-10T02:07:28.562+0000] {logging_mixin.py:137} INFO - [2023-04-10T02:07:28.562+0000] {taskmixin.py:211} WARNING - Dependency <Task(BashOperator): create_tag>, delete_tag already registered for DAG: example_complex
[2023-04-10T02:07:28.562+0000] {logging_mixin.py:137} INFO - [2023-04-10T02:07:28.562+0000] {taskmixin.py:211} WARNING - Dependency <Task(BashOperator): delete_tag>, create_tag already registered for DAG: example_complex
[2023-04-10T02:07:28.596+0000] {processor.py:753} INFO - DAG(s) dict_keys(['example_complex']) retrieved from /home/airflow/.local/lib/python3.7/site-packages/airflow/example_dags/example_complex.py
[2023-04-10T02:07:28.771+0000] {logging_mixin.py:137} INFO - [2023-04-10T02:07:28.770+0000] {dag.py:2705} INFO - Sync 1 DAGs
[2023-04-10T02:07:28.943+0000] {logging_mixin.py:137} INFO - [2023-04-10T02:07:28.943+0000] {dag.py:3456} INFO - Setting next_dagrun for example_complex to None, run_after=None
[2023-04-10T02:07:29.034+0000] {processor.py:175} INFO - Processing /home/airflow/.local/lib/python3.7/site-packages/airflow/example_dags/example_complex.py took 0.545 seconds
[2023-04-10T02:07:59.461+0000] {processor.py:153} INFO - Started process (PID=119) to work on /home/airflow/.local/lib/python3.7/site-packages/airflow/example_dags/example_complex.py
[2023-04-10T02:07:59.462+0000] {processor.py:743} INFO - Processing file /home/airflow/.local/lib/python3.7/site-packages/airflow/example_dags/example_complex.py for tasks to queue
[2023-04-10T02:07:59.463+0000] {logging_mixin.py:137} INFO - [2023-04-10T02:07:59.463+0000] {dagbag.py:532} INFO - Filling up the DagBag from /home/airflow/.local/lib/python3.7/site-packages/airflow/example_dags/example_complex.py
[2023-04-10T02:07:59.533+0000] {logging_mixin.py:137} INFO - [2023-04-10T02:07:59.525+0000] {taskmixin.py:211} WARNING - Dependency <Task(BashOperator): create_entry_group>, delete_entry_group already registered for DAG: example_complex
[2023-04-10T02:07:59.533+0000] {logging_mixin.py:137} INFO - [2023-04-10T02:07:59.533+0000] {taskmixin.py:211} WARNING - Dependency <Task(BashOperator): delete_entry_group>, create_entry_group already registered for DAG: example_complex
[2023-04-10T02:07:59.534+0000] {logging_mixin.py:137} INFO - [2023-04-10T02:07:59.534+0000] {taskmixin.py:211} WARNING - Dependency <Task(BashOperator): create_entry_gcs>, delete_entry already registered for DAG: example_complex
[2023-04-10T02:07:59.534+0000] {logging_mixin.py:137} INFO - [2023-04-10T02:07:59.534+0000] {taskmixin.py:211} WARNING - Dependency <Task(BashOperator): delete_entry>, create_entry_gcs already registered for DAG: example_complex
[2023-04-10T02:07:59.535+0000] {logging_mixin.py:137} INFO - [2023-04-10T02:07:59.535+0000] {taskmixin.py:211} WARNING - Dependency <Task(BashOperator): create_tag>, delete_tag already registered for DAG: example_complex
[2023-04-10T02:07:59.535+0000] {logging_mixin.py:137} INFO - [2023-04-10T02:07:59.535+0000] {taskmixin.py:211} WARNING - Dependency <Task(BashOperator): delete_tag>, create_tag already registered for DAG: example_complex
[2023-04-10T02:07:59.601+0000] {processor.py:753} INFO - DAG(s) dict_keys(['example_complex']) retrieved from /home/airflow/.local/lib/python3.7/site-packages/airflow/example_dags/example_complex.py
[2023-04-10T02:07:59.766+0000] {logging_mixin.py:137} INFO - [2023-04-10T02:07:59.765+0000] {dag.py:2705} INFO - Sync 1 DAGs
[2023-04-10T02:07:59.886+0000] {logging_mixin.py:137} INFO - [2023-04-10T02:07:59.886+0000] {dag.py:3456} INFO - Setting next_dagrun for example_complex to None, run_after=None
[2023-04-10T02:07:59.974+0000] {processor.py:175} INFO - Processing /home/airflow/.local/lib/python3.7/site-packages/airflow/example_dags/example_complex.py took 0.553 seconds
[2023-04-10T02:08:30.237+0000] {processor.py:153} INFO - Started process (PID=169) to work on /home/airflow/.local/lib/python3.7/site-packages/airflow/example_dags/example_complex.py
[2023-04-10T02:08:30.239+0000] {processor.py:743} INFO - Processing file /home/airflow/.local/lib/python3.7/site-packages/airflow/example_dags/example_complex.py for tasks to queue
[2023-04-10T02:08:30.240+0000] {logging_mixin.py:137} INFO - [2023-04-10T02:08:30.239+0000] {dagbag.py:532} INFO - Filling up the DagBag from /home/airflow/.local/lib/python3.7/site-packages/airflow/example_dags/example_complex.py
[2023-04-10T02:08:30.258+0000] {logging_mixin.py:137} INFO - [2023-04-10T02:08:30.257+0000] {taskmixin.py:211} WARNING - Dependency <Task(BashOperator): create_entry_group>, delete_entry_group already registered for DAG: example_complex
[2023-04-10T02:08:30.258+0000] {logging_mixin.py:137} INFO - [2023-04-10T02:08:30.258+0000] {taskmixin.py:211} WARNING - Dependency <Task(BashOperator): delete_entry_group>, create_entry_group already registered for DAG: example_complex
[2023-04-10T02:08:30.258+0000] {logging_mixin.py:137} INFO - [2023-04-10T02:08:30.258+0000] {taskmixin.py:211} WARNING - Dependency <Task(BashOperator): create_entry_gcs>, delete_entry already registered for DAG: example_complex
[2023-04-10T02:08:30.259+0000] {logging_mixin.py:137} INFO - [2023-04-10T02:08:30.258+0000] {taskmixin.py:211} WARNING - Dependency <Task(BashOperator): delete_entry>, create_entry_gcs already registered for DAG: example_complex
[2023-04-10T02:08:30.259+0000] {logging_mixin.py:137} INFO - [2023-04-10T02:08:30.259+0000] {taskmixin.py:211} WARNING - Dependency <Task(BashOperator): create_tag>, delete_tag already registered for DAG: example_complex
[2023-04-10T02:08:30.259+0000] {logging_mixin.py:137} INFO - [2023-04-10T02:08:30.259+0000] {taskmixin.py:211} WARNING - Dependency <Task(BashOperator): delete_tag>, create_tag already registered for DAG: example_complex
[2023-04-10T02:08:30.270+0000] {processor.py:753} INFO - DAG(s) dict_keys(['example_complex']) retrieved from /home/airflow/.local/lib/python3.7/site-packages/airflow/example_dags/example_complex.py
[2023-04-10T02:08:30.325+0000] {logging_mixin.py:137} INFO - [2023-04-10T02:08:30.325+0000] {dag.py:2705} INFO - Sync 1 DAGs
[2023-04-10T02:08:30.365+0000] {logging_mixin.py:137} INFO - [2023-04-10T02:08:30.365+0000] {dag.py:3456} INFO - Setting next_dagrun for example_complex to None, run_after=None
[2023-04-10T02:08:30.389+0000] {processor.py:175} INFO - Processing /home/airflow/.local/lib/python3.7/site-packages/airflow/example_dags/example_complex.py took 0.156 seconds
[2023-04-10T02:09:00.468+0000] {processor.py:153} INFO - Started process (PID=219) to work on /home/airflow/.local/lib/python3.7/site-packages/airflow/example_dags/example_complex.py
[2023-04-10T02:09:00.468+0000] {processor.py:743} INFO - Processing file /home/airflow/.local/lib/python3.7/site-packages/airflow/example_dags/example_complex.py for tasks to queue
[2023-04-10T02:09:00.469+0000] {logging_mixin.py:137} INFO - [2023-04-10T02:09:00.469+0000] {dagbag.py:532} INFO - Filling up the DagBag from /home/airflow/.local/lib/python3.7/site-packages/airflow/example_dags/example_complex.py
[2023-04-10T02:09:00.486+0000] {logging_mixin.py:137} INFO - [2023-04-10T02:09:00.486+0000] {taskmixin.py:211} WARNING - Dependency <Task(BashOperator): create_entry_group>, delete_entry_group already registered for DAG: example_complex
[2023-04-10T02:09:00.487+0000] {logging_mixin.py:137} INFO - [2023-04-10T02:09:00.486+0000] {taskmixin.py:211} WARNING - Dependency <Task(BashOperator): delete_entry_group>, create_entry_group already registered for DAG: example_complex
[2023-04-10T02:09:00.487+0000] {logging_mixin.py:137} INFO - [2023-04-10T02:09:00.487+0000] {taskmixin.py:211} WARNING - Dependency <Task(BashOperator): create_entry_gcs>, delete_entry already registered for DAG: example_complex
[2023-04-10T02:09:00.487+0000] {logging_mixin.py:137} INFO - [2023-04-10T02:09:00.487+0000] {taskmixin.py:211} WARNING - Dependency <Task(BashOperator): delete_entry>, create_entry_gcs already registered for DAG: example_complex
[2023-04-10T02:09:00.488+0000] {logging_mixin.py:137} INFO - [2023-04-10T02:09:00.488+0000] {taskmixin.py:211} WARNING - Dependency <Task(BashOperator): create_tag>, delete_tag already registered for DAG: example_complex
[2023-04-10T02:09:00.488+0000] {logging_mixin.py:137} INFO - [2023-04-10T02:09:00.488+0000] {taskmixin.py:211} WARNING - Dependency <Task(BashOperator): delete_tag>, create_tag already registered for DAG: example_complex
[2023-04-10T02:09:00.499+0000] {processor.py:753} INFO - DAG(s) dict_keys(['example_complex']) retrieved from /home/airflow/.local/lib/python3.7/site-packages/airflow/example_dags/example_complex.py
[2023-04-10T02:09:00.554+0000] {logging_mixin.py:137} INFO - [2023-04-10T02:09:00.554+0000] {dag.py:2705} INFO - Sync 1 DAGs
[2023-04-10T02:09:00.594+0000] {logging_mixin.py:137} INFO - [2023-04-10T02:09:00.594+0000] {dag.py:3456} INFO - Setting next_dagrun for example_complex to None, run_after=None
[2023-04-10T02:09:00.620+0000] {processor.py:175} INFO - Processing /home/airflow/.local/lib/python3.7/site-packages/airflow/example_dags/example_complex.py took 0.158 seconds
[2023-04-10T02:09:30.654+0000] {processor.py:153} INFO - Started process (PID=269) to work on /home/airflow/.local/lib/python3.7/site-packages/airflow/example_dags/example_complex.py
[2023-04-10T02:09:30.656+0000] {processor.py:743} INFO - Processing file /home/airflow/.local/lib/python3.7/site-packages/airflow/example_dags/example_complex.py for tasks to queue
[2023-04-10T02:09:30.656+0000] {logging_mixin.py:137} INFO - [2023-04-10T02:09:30.656+0000] {dagbag.py:532} INFO - Filling up the DagBag from /home/airflow/.local/lib/python3.7/site-packages/airflow/example_dags/example_complex.py
[2023-04-10T02:09:30.674+0000] {logging_mixin.py:137} INFO - [2023-04-10T02:09:30.674+0000] {taskmixin.py:211} WARNING - Dependency <Task(BashOperator): create_entry_group>, delete_entry_group already registered for DAG: example_complex
[2023-04-10T02:09:30.675+0000] {logging_mixin.py:137} INFO - [2023-04-10T02:09:30.674+0000] {taskmixin.py:211} WARNING - Dependency <Task(BashOperator): delete_entry_group>, create_entry_group already registered for DAG: example_complex
[2023-04-10T02:09:30.675+0000] {logging_mixin.py:137} INFO - [2023-04-10T02:09:30.675+0000] {taskmixin.py:211} WARNING - Dependency <Task(BashOperator): create_entry_gcs>, delete_entry already registered for DAG: example_complex
[2023-04-10T02:09:30.675+0000] {logging_mixin.py:137} INFO - [2023-04-10T02:09:30.675+0000] {taskmixin.py:211} WARNING - Dependency <Task(BashOperator): delete_entry>, create_entry_gcs already registered for DAG: example_complex
[2023-04-10T02:09:30.676+0000] {logging_mixin.py:137} INFO - [2023-04-10T02:09:30.676+0000] {taskmixin.py:211} WARNING - Dependency <Task(BashOperator): create_tag>, delete_tag already registered for DAG: example_complex
[2023-04-10T02:09:30.676+0000] {logging_mixin.py:137} INFO - [2023-04-10T02:09:30.676+0000] {taskmixin.py:211} WARNING - Dependency <Task(BashOperator): delete_tag>, create_tag already registered for DAG: example_complex
[2023-04-10T02:09:30.687+0000] {processor.py:753} INFO - DAG(s) dict_keys(['example_complex']) retrieved from /home/airflow/.local/lib/python3.7/site-packages/airflow/example_dags/example_complex.py
[2023-04-10T02:09:30.754+0000] {logging_mixin.py:137} INFO - [2023-04-10T02:09:30.753+0000] {dag.py:2705} INFO - Sync 1 DAGs
[2023-04-10T02:09:30.795+0000] {logging_mixin.py:137} INFO - [2023-04-10T02:09:30.795+0000] {dag.py:3456} INFO - Setting next_dagrun for example_complex to None, run_after=None
[2023-04-10T02:09:30.819+0000] {processor.py:175} INFO - Processing /home/airflow/.local/lib/python3.7/site-packages/airflow/example_dags/example_complex.py took 0.169 seconds
[2023-04-10T02:10:01.012+0000] {processor.py:153} INFO - Started process (PID=320) to work on /home/airflow/.local/lib/python3.7/site-packages/airflow/example_dags/example_complex.py
[2023-04-10T02:10:01.013+0000] {processor.py:743} INFO - Processing file /home/airflow/.local/lib/python3.7/site-packages/airflow/example_dags/example_complex.py for tasks to queue
[2023-04-10T02:10:01.014+0000] {logging_mixin.py:137} INFO - [2023-04-10T02:10:01.013+0000] {dagbag.py:532} INFO - Filling up the DagBag from /home/airflow/.local/lib/python3.7/site-packages/airflow/example_dags/example_complex.py
[2023-04-10T02:10:01.031+0000] {logging_mixin.py:137} INFO - [2023-04-10T02:10:01.031+0000] {taskmixin.py:211} WARNING - Dependency <Task(BashOperator): create_entry_group>, delete_entry_group already registered for DAG: example_complex
[2023-04-10T02:10:01.031+0000] {logging_mixin.py:137} INFO - [2023-04-10T02:10:01.031+0000] {taskmixin.py:211} WARNING - Dependency <Task(BashOperator): delete_entry_group>, create_entry_group already registered for DAG: example_complex
[2023-04-10T02:10:01.032+0000] {logging_mixin.py:137} INFO - [2023-04-10T02:10:01.032+0000] {taskmixin.py:211} WARNING - Dependency <Task(BashOperator): create_entry_gcs>, delete_entry already registered for DAG: example_complex
[2023-04-10T02:10:01.032+0000] {logging_mixin.py:137} INFO - [2023-04-10T02:10:01.032+0000] {taskmixin.py:211} WARNING - Dependency <Task(BashOperator): delete_entry>, create_entry_gcs already registered for DAG: example_complex
[2023-04-10T02:10:01.033+0000] {logging_mixin.py:137} INFO - [2023-04-10T02:10:01.033+0000] {taskmixin.py:211} WARNING - Dependency <Task(BashOperator): create_tag>, delete_tag already registered for DAG: example_complex
[2023-04-10T02:10:01.033+0000] {logging_mixin.py:137} INFO - [2023-04-10T02:10:01.033+0000] {taskmixin.py:211} WARNING - Dependency <Task(BashOperator): delete_tag>, create_tag already registered for DAG: example_complex
[2023-04-10T02:10:01.044+0000] {processor.py:753} INFO - DAG(s) dict_keys(['example_complex']) retrieved from /home/airflow/.local/lib/python3.7/site-packages/airflow/example_dags/example_complex.py
[2023-04-10T02:10:01.099+0000] {logging_mixin.py:137} INFO - [2023-04-10T02:10:01.099+0000] {dag.py:2705} INFO - Sync 1 DAGs
[2023-04-10T02:10:01.141+0000] {logging_mixin.py:137} INFO - [2023-04-10T02:10:01.140+0000] {dag.py:3456} INFO - Setting next_dagrun for example_complex to None, run_after=None
[2023-04-10T02:10:01.165+0000] {processor.py:175} INFO - Processing /home/airflow/.local/lib/python3.7/site-packages/airflow/example_dags/example_complex.py took 0.158 seconds
[2023-04-10T02:10:31.375+0000] {processor.py:153} INFO - Started process (PID=371) to work on /home/airflow/.local/lib/python3.7/site-packages/airflow/example_dags/example_complex.py
[2023-04-10T02:10:31.376+0000] {processor.py:743} INFO - Processing file /home/airflow/.local/lib/python3.7/site-packages/airflow/example_dags/example_complex.py for tasks to queue
[2023-04-10T02:10:31.377+0000] {logging_mixin.py:137} INFO - [2023-04-10T02:10:31.377+0000] {dagbag.py:532} INFO - Filling up the DagBag from /home/airflow/.local/lib/python3.7/site-packages/airflow/example_dags/example_complex.py
[2023-04-10T02:10:31.395+0000] {logging_mixin.py:137} INFO - [2023-04-10T02:10:31.395+0000] {taskmixin.py:211} WARNING - Dependency <Task(BashOperator): create_entry_group>, delete_entry_group already registered for DAG: example_complex
[2023-04-10T02:10:31.395+0000] {logging_mixin.py:137} INFO - [2023-04-10T02:10:31.395+0000] {taskmixin.py:211} WARNING - Dependency <Task(BashOperator): delete_entry_group>, create_entry_group already registered for DAG: example_complex
[2023-04-10T02:10:31.396+0000] {logging_mixin.py:137} INFO - [2023-04-10T02:10:31.395+0000] {taskmixin.py:211} WARNING - Dependency <Task(BashOperator): create_entry_gcs>, delete_entry already registered for DAG: example_complex
[2023-04-10T02:10:31.396+0000] {logging_mixin.py:137} INFO - [2023-04-10T02:10:31.396+0000] {taskmixin.py:211} WARNING - Dependency <Task(BashOperator): delete_entry>, create_entry_gcs already registered for DAG: example_complex
[2023-04-10T02:10:31.396+0000] {logging_mixin.py:137} INFO - [2023-04-10T02:10:31.396+0000] {taskmixin.py:211} WARNING - Dependency <Task(BashOperator): create_tag>, delete_tag already registered for DAG: example_complex
[2023-04-10T02:10:31.396+0000] {logging_mixin.py:137} INFO - [2023-04-10T02:10:31.396+0000] {taskmixin.py:211} WARNING - Dependency <Task(BashOperator): delete_tag>, create_tag already registered for DAG: example_complex
[2023-04-10T02:10:31.408+0000] {processor.py:753} INFO - DAG(s) dict_keys(['example_complex']) retrieved from /home/airflow/.local/lib/python3.7/site-packages/airflow/example_dags/example_complex.py
[2023-04-10T02:10:31.465+0000] {logging_mixin.py:137} INFO - [2023-04-10T02:10:31.465+0000] {dag.py:2705} INFO - Sync 1 DAGs
[2023-04-10T02:10:31.505+0000] {logging_mixin.py:137} INFO - [2023-04-10T02:10:31.505+0000] {dag.py:3456} INFO - Setting next_dagrun for example_complex to None, run_after=None
[2023-04-10T02:10:31.529+0000] {processor.py:175} INFO - Processing /home/airflow/.local/lib/python3.7/site-packages/airflow/example_dags/example_complex.py took 0.159 seconds
[2023-04-10T02:11:01.628+0000] {processor.py:153} INFO - Started process (PID=421) to work on /home/airflow/.local/lib/python3.7/site-packages/airflow/example_dags/example_complex.py
[2023-04-10T02:11:01.629+0000] {processor.py:743} INFO - Processing file /home/airflow/.local/lib/python3.7/site-packages/airflow/example_dags/example_complex.py for tasks to queue
[2023-04-10T02:11:01.629+0000] {logging_mixin.py:137} INFO - [2023-04-10T02:11:01.629+0000] {dagbag.py:532} INFO - Filling up the DagBag from /home/airflow/.local/lib/python3.7/site-packages/airflow/example_dags/example_complex.py
[2023-04-10T02:11:01.647+0000] {logging_mixin.py:137} INFO - [2023-04-10T02:11:01.647+0000] {taskmixin.py:211} WARNING - Dependency <Task(BashOperator): create_entry_group>, delete_entry_group already registered for DAG: example_complex
[2023-04-10T02:11:01.647+0000] {logging_mixin.py:137} INFO - [2023-04-10T02:11:01.647+0000] {taskmixin.py:211} WARNING - Dependency <Task(BashOperator): delete_entry_group>, create_entry_group already registered for DAG: example_complex
[2023-04-10T02:11:01.647+0000] {logging_mixin.py:137} INFO - [2023-04-10T02:11:01.647+0000] {taskmixin.py:211} WARNING - Dependency <Task(BashOperator): create_entry_gcs>, delete_entry already registered for DAG: example_complex
[2023-04-10T02:11:01.648+0000] {logging_mixin.py:137} INFO - [2023-04-10T02:11:01.648+0000] {taskmixin.py:211} WARNING - Dependency <Task(BashOperator): delete_entry>, create_entry_gcs already registered for DAG: example_complex
[2023-04-10T02:11:01.648+0000] {logging_mixin.py:137} INFO - [2023-04-10T02:11:01.648+0000] {taskmixin.py:211} WARNING - Dependency <Task(BashOperator): create_tag>, delete_tag already registered for DAG: example_complex
[2023-04-10T02:11:01.649+0000] {logging_mixin.py:137} INFO - [2023-04-10T02:11:01.649+0000] {taskmixin.py:211} WARNING - Dependency <Task(BashOperator): delete_tag>, create_tag already registered for DAG: example_complex
[2023-04-10T02:11:01.660+0000] {processor.py:753} INFO - DAG(s) dict_keys(['example_complex']) retrieved from /home/airflow/.local/lib/python3.7/site-packages/airflow/example_dags/example_complex.py
[2023-04-10T02:11:01.718+0000] {logging_mixin.py:137} INFO - [2023-04-10T02:11:01.718+0000] {dag.py:2705} INFO - Sync 1 DAGs
[2023-04-10T02:11:01.760+0000] {logging_mixin.py:137} INFO - [2023-04-10T02:11:01.760+0000] {dag.py:3456} INFO - Setting next_dagrun for example_complex to None, run_after=None
[2023-04-10T02:11:01.785+0000] {processor.py:175} INFO - Processing /home/airflow/.local/lib/python3.7/site-packages/airflow/example_dags/example_complex.py took 0.162 seconds
[2023-04-10T02:11:32.050+0000] {processor.py:153} INFO - Started process (PID=471) to work on /home/airflow/.local/lib/python3.7/site-packages/airflow/example_dags/example_complex.py
[2023-04-10T02:11:32.051+0000] {processor.py:743} INFO - Processing file /home/airflow/.local/lib/python3.7/site-packages/airflow/example_dags/example_complex.py for tasks to queue
[2023-04-10T02:11:32.052+0000] {logging_mixin.py:137} INFO - [2023-04-10T02:11:32.052+0000] {dagbag.py:532} INFO - Filling up the DagBag from /home/airflow/.local/lib/python3.7/site-packages/airflow/example_dags/example_complex.py
[2023-04-10T02:11:32.070+0000] {logging_mixin.py:137} INFO - [2023-04-10T02:11:32.070+0000] {taskmixin.py:211} WARNING - Dependency <Task(BashOperator): create_entry_group>, delete_entry_group already registered for DAG: example_complex
[2023-04-10T02:11:32.071+0000] {logging_mixin.py:137} INFO - [2023-04-10T02:11:32.070+0000] {taskmixin.py:211} WARNING - Dependency <Task(BashOperator): delete_entry_group>, create_entry_group already registered for DAG: example_complex
[2023-04-10T02:11:32.071+0000] {logging_mixin.py:137} INFO - [2023-04-10T02:11:32.071+0000] {taskmixin.py:211} WARNING - Dependency <Task(BashOperator): create_entry_gcs>, delete_entry already registered for DAG: example_complex
[2023-04-10T02:11:32.071+0000] {logging_mixin.py:137} INFO - [2023-04-10T02:11:32.071+0000] {taskmixin.py:211} WARNING - Dependency <Task(BashOperator): delete_entry>, create_entry_gcs already registered for DAG: example_complex
[2023-04-10T02:11:32.072+0000] {logging_mixin.py:137} INFO - [2023-04-10T02:11:32.072+0000] {taskmixin.py:211} WARNING - Dependency <Task(BashOperator): create_tag>, delete_tag already registered for DAG: example_complex
[2023-04-10T02:11:32.072+0000] {logging_mixin.py:137} INFO - [2023-04-10T02:11:32.072+0000] {taskmixin.py:211} WARNING - Dependency <Task(BashOperator): delete_tag>, create_tag already registered for DAG: example_complex
[2023-04-10T02:11:32.083+0000] {processor.py:753} INFO - DAG(s) dict_keys(['example_complex']) retrieved from /home/airflow/.local/lib/python3.7/site-packages/airflow/example_dags/example_complex.py
[2023-04-10T02:11:32.138+0000] {logging_mixin.py:137} INFO - [2023-04-10T02:11:32.138+0000] {dag.py:2705} INFO - Sync 1 DAGs
[2023-04-10T02:11:32.179+0000] {logging_mixin.py:137} INFO - [2023-04-10T02:11:32.179+0000] {dag.py:3456} INFO - Setting next_dagrun for example_complex to None, run_after=None
[2023-04-10T02:11:32.205+0000] {processor.py:175} INFO - Processing /home/airflow/.local/lib/python3.7/site-packages/airflow/example_dags/example_complex.py took 0.160 seconds
[2023-04-10T02:12:02.782+0000] {processor.py:153} INFO - Started process (PID=521) to work on /home/airflow/.local/lib/python3.7/site-packages/airflow/example_dags/example_complex.py
[2023-04-10T02:12:02.783+0000] {processor.py:743} INFO - Processing file /home/airflow/.local/lib/python3.7/site-packages/airflow/example_dags/example_complex.py for tasks to queue
[2023-04-10T02:12:02.784+0000] {logging_mixin.py:137} INFO - [2023-04-10T02:12:02.784+0000] {dagbag.py:532} INFO - Filling up the DagBag from /home/airflow/.local/lib/python3.7/site-packages/airflow/example_dags/example_complex.py
[2023-04-10T02:12:02.802+0000] {logging_mixin.py:137} INFO - [2023-04-10T02:12:02.802+0000] {taskmixin.py:211} WARNING - Dependency <Task(BashOperator): create_entry_group>, delete_entry_group already registered for DAG: example_complex
[2023-04-10T02:12:02.802+0000] {logging_mixin.py:137} INFO - [2023-04-10T02:12:02.802+0000] {taskmixin.py:211} WARNING - Dependency <Task(BashOperator): delete_entry_group>, create_entry_group already registered for DAG: example_complex
[2023-04-10T02:12:02.803+0000] {logging_mixin.py:137} INFO - [2023-04-10T02:12:02.803+0000] {taskmixin.py:211} WARNING - Dependency <Task(BashOperator): create_entry_gcs>, delete_entry already registered for DAG: example_complex
[2023-04-10T02:12:02.803+0000] {logging_mixin.py:137} INFO - [2023-04-10T02:12:02.803+0000] {taskmixin.py:211} WARNING - Dependency <Task(BashOperator): delete_entry>, create_entry_gcs already registered for DAG: example_complex
[2023-04-10T02:12:02.804+0000] {logging_mixin.py:137} INFO - [2023-04-10T02:12:02.803+0000] {taskmixin.py:211} WARNING - Dependency <Task(BashOperator): create_tag>, delete_tag already registered for DAG: example_complex
[2023-04-10T02:12:02.804+0000] {logging_mixin.py:137} INFO - [2023-04-10T02:12:02.804+0000] {taskmixin.py:211} WARNING - Dependency <Task(BashOperator): delete_tag>, create_tag already registered for DAG: example_complex
[2023-04-10T02:12:02.815+0000] {processor.py:753} INFO - DAG(s) dict_keys(['example_complex']) retrieved from /home/airflow/.local/lib/python3.7/site-packages/airflow/example_dags/example_complex.py
[2023-04-10T02:12:02.872+0000] {logging_mixin.py:137} INFO - [2023-04-10T02:12:02.872+0000] {dag.py:2705} INFO - Sync 1 DAGs
[2023-04-10T02:12:02.913+0000] {logging_mixin.py:137} INFO - [2023-04-10T02:12:02.913+0000] {dag.py:3456} INFO - Setting next_dagrun for example_complex to None, run_after=None
[2023-04-10T02:12:02.938+0000] {processor.py:175} INFO - Processing /home/airflow/.local/lib/python3.7/site-packages/airflow/example_dags/example_complex.py took 0.161 seconds
