[2023-04-10T02:07:20.783+0000] {processor.py:153} INFO - Started process (PID=44) to work on /home/airflow/.local/lib/python3.7/site-packages/airflow/example_dags/example_task_group_decorator.py
[2023-04-10T02:07:20.784+0000] {processor.py:743} INFO - Processing file /home/airflow/.local/lib/python3.7/site-packages/airflow/example_dags/example_task_group_decorator.py for tasks to queue
[2023-04-10T02:07:20.784+0000] {logging_mixin.py:137} INFO - [2023-04-10T02:07:20.784+0000] {dagbag.py:532} INFO - Filling up the DagBag from /home/airflow/.local/lib/python3.7/site-packages/airflow/example_dags/example_task_group_decorator.py
[2023-04-10T02:07:20.976+0000] {processor.py:753} INFO - DAG(s) dict_keys(['example_task_group_decorator']) retrieved from /home/airflow/.local/lib/python3.7/site-packages/airflow/example_dags/example_task_group_decorator.py
[2023-04-10T02:07:21.115+0000] {logging_mixin.py:137} INFO - [2023-04-10T02:07:21.115+0000] {dag.py:2705} INFO - Sync 1 DAGs
[2023-04-10T02:07:21.263+0000] {logging_mixin.py:137} INFO - [2023-04-10T02:07:21.263+0000] {dag.py:3456} INFO - Setting next_dagrun for example_task_group_decorator to 2023-04-09T02:07:21.263181+00:00, run_after=2023-04-10T02:07:21.263181+00:00
[2023-04-10T02:07:21.370+0000] {processor.py:175} INFO - Processing /home/airflow/.local/lib/python3.7/site-packages/airflow/example_dags/example_task_group_decorator.py took 0.612 seconds
[2023-04-10T02:07:51.705+0000] {processor.py:153} INFO - Started process (PID=95) to work on /home/airflow/.local/lib/python3.7/site-packages/airflow/example_dags/example_task_group_decorator.py
[2023-04-10T02:07:51.706+0000] {processor.py:743} INFO - Processing file /home/airflow/.local/lib/python3.7/site-packages/airflow/example_dags/example_task_group_decorator.py for tasks to queue
[2023-04-10T02:07:51.707+0000] {logging_mixin.py:137} INFO - [2023-04-10T02:07:51.707+0000] {dagbag.py:532} INFO - Filling up the DagBag from /home/airflow/.local/lib/python3.7/site-packages/airflow/example_dags/example_task_group_decorator.py
[2023-04-10T02:07:51.735+0000] {processor.py:753} INFO - DAG(s) dict_keys(['example_task_group_decorator']) retrieved from /home/airflow/.local/lib/python3.7/site-packages/airflow/example_dags/example_task_group_decorator.py
[2023-04-10T02:07:51.763+0000] {logging_mixin.py:137} INFO - [2023-04-10T02:07:51.763+0000] {dag.py:2705} INFO - Sync 1 DAGs
[2023-04-10T02:07:51.790+0000] {logging_mixin.py:137} INFO - [2023-04-10T02:07:51.790+0000] {dag.py:3456} INFO - Setting next_dagrun for example_task_group_decorator to 2023-04-09T02:07:51.789956+00:00, run_after=2023-04-10T02:07:51.789956+00:00
[2023-04-10T02:07:51.807+0000] {processor.py:175} INFO - Processing /home/airflow/.local/lib/python3.7/site-packages/airflow/example_dags/example_task_group_decorator.py took 0.105 seconds
[2023-04-10T02:08:22.388+0000] {processor.py:153} INFO - Started process (PID=145) to work on /home/airflow/.local/lib/python3.7/site-packages/airflow/example_dags/example_task_group_decorator.py
[2023-04-10T02:08:22.389+0000] {processor.py:743} INFO - Processing file /home/airflow/.local/lib/python3.7/site-packages/airflow/example_dags/example_task_group_decorator.py for tasks to queue
[2023-04-10T02:08:22.390+0000] {logging_mixin.py:137} INFO - [2023-04-10T02:08:22.390+0000] {dagbag.py:532} INFO - Filling up the DagBag from /home/airflow/.local/lib/python3.7/site-packages/airflow/example_dags/example_task_group_decorator.py
[2023-04-10T02:08:22.434+0000] {processor.py:753} INFO - DAG(s) dict_keys(['example_task_group_decorator']) retrieved from /home/airflow/.local/lib/python3.7/site-packages/airflow/example_dags/example_task_group_decorator.py
[2023-04-10T02:08:22.478+0000] {logging_mixin.py:137} INFO - [2023-04-10T02:08:22.478+0000] {dag.py:2705} INFO - Sync 1 DAGs
[2023-04-10T02:08:22.517+0000] {logging_mixin.py:137} INFO - [2023-04-10T02:08:22.517+0000] {dag.py:3456} INFO - Setting next_dagrun for example_task_group_decorator to 2023-04-09T02:08:22.517392+00:00, run_after=2023-04-10T02:08:22.517392+00:00
[2023-04-10T02:08:22.546+0000] {processor.py:175} INFO - Processing /home/airflow/.local/lib/python3.7/site-packages/airflow/example_dags/example_task_group_decorator.py took 0.161 seconds
[2023-04-10T02:08:52.676+0000] {processor.py:153} INFO - Started process (PID=195) to work on /home/airflow/.local/lib/python3.7/site-packages/airflow/example_dags/example_task_group_decorator.py
[2023-04-10T02:08:52.677+0000] {processor.py:743} INFO - Processing file /home/airflow/.local/lib/python3.7/site-packages/airflow/example_dags/example_task_group_decorator.py for tasks to queue
[2023-04-10T02:08:52.678+0000] {logging_mixin.py:137} INFO - [2023-04-10T02:08:52.678+0000] {dagbag.py:532} INFO - Filling up the DagBag from /home/airflow/.local/lib/python3.7/site-packages/airflow/example_dags/example_task_group_decorator.py
[2023-04-10T02:08:52.722+0000] {processor.py:753} INFO - DAG(s) dict_keys(['example_task_group_decorator']) retrieved from /home/airflow/.local/lib/python3.7/site-packages/airflow/example_dags/example_task_group_decorator.py
[2023-04-10T02:08:52.765+0000] {logging_mixin.py:137} INFO - [2023-04-10T02:08:52.764+0000] {dag.py:2705} INFO - Sync 1 DAGs
[2023-04-10T02:08:52.804+0000] {logging_mixin.py:137} INFO - [2023-04-10T02:08:52.804+0000] {dag.py:3456} INFO - Setting next_dagrun for example_task_group_decorator to 2023-04-09T02:08:52.803950+00:00, run_after=2023-04-10T02:08:52.803950+00:00
[2023-04-10T02:08:52.828+0000] {processor.py:175} INFO - Processing /home/airflow/.local/lib/python3.7/site-packages/airflow/example_dags/example_task_group_decorator.py took 0.156 seconds
[2023-04-10T02:09:22.955+0000] {processor.py:153} INFO - Started process (PID=245) to work on /home/airflow/.local/lib/python3.7/site-packages/airflow/example_dags/example_task_group_decorator.py
[2023-04-10T02:09:22.956+0000] {processor.py:743} INFO - Processing file /home/airflow/.local/lib/python3.7/site-packages/airflow/example_dags/example_task_group_decorator.py for tasks to queue
[2023-04-10T02:09:22.956+0000] {logging_mixin.py:137} INFO - [2023-04-10T02:09:22.956+0000] {dagbag.py:532} INFO - Filling up the DagBag from /home/airflow/.local/lib/python3.7/site-packages/airflow/example_dags/example_task_group_decorator.py
[2023-04-10T02:09:23.000+0000] {processor.py:753} INFO - DAG(s) dict_keys(['example_task_group_decorator']) retrieved from /home/airflow/.local/lib/python3.7/site-packages/airflow/example_dags/example_task_group_decorator.py
[2023-04-10T02:09:23.041+0000] {logging_mixin.py:137} INFO - [2023-04-10T02:09:23.040+0000] {dag.py:2705} INFO - Sync 1 DAGs
[2023-04-10T02:09:23.081+0000] {logging_mixin.py:137} INFO - [2023-04-10T02:09:23.081+0000] {dag.py:3456} INFO - Setting next_dagrun for example_task_group_decorator to 2023-04-09T02:09:23.080831+00:00, run_after=2023-04-10T02:09:23.080831+00:00
[2023-04-10T02:09:23.106+0000] {processor.py:175} INFO - Processing /home/airflow/.local/lib/python3.7/site-packages/airflow/example_dags/example_task_group_decorator.py took 0.155 seconds
[2023-04-10T02:09:53.303+0000] {processor.py:153} INFO - Started process (PID=296) to work on /home/airflow/.local/lib/python3.7/site-packages/airflow/example_dags/example_task_group_decorator.py
[2023-04-10T02:09:53.304+0000] {processor.py:743} INFO - Processing file /home/airflow/.local/lib/python3.7/site-packages/airflow/example_dags/example_task_group_decorator.py for tasks to queue
[2023-04-10T02:09:53.305+0000] {logging_mixin.py:137} INFO - [2023-04-10T02:09:53.304+0000] {dagbag.py:532} INFO - Filling up the DagBag from /home/airflow/.local/lib/python3.7/site-packages/airflow/example_dags/example_task_group_decorator.py
[2023-04-10T02:09:53.333+0000] {processor.py:753} INFO - DAG(s) dict_keys(['example_task_group_decorator']) retrieved from /home/airflow/.local/lib/python3.7/site-packages/airflow/example_dags/example_task_group_decorator.py
[2023-04-10T02:09:53.362+0000] {logging_mixin.py:137} INFO - [2023-04-10T02:09:53.361+0000] {dag.py:2705} INFO - Sync 1 DAGs
[2023-04-10T02:09:53.388+0000] {logging_mixin.py:137} INFO - [2023-04-10T02:09:53.388+0000] {dag.py:3456} INFO - Setting next_dagrun for example_task_group_decorator to 2023-04-09T02:09:53.388174+00:00, run_after=2023-04-10T02:09:53.388174+00:00
[2023-04-10T02:09:53.406+0000] {processor.py:175} INFO - Processing /home/airflow/.local/lib/python3.7/site-packages/airflow/example_dags/example_task_group_decorator.py took 0.106 seconds
[2023-04-10T02:10:23.621+0000] {processor.py:153} INFO - Started process (PID=347) to work on /home/airflow/.local/lib/python3.7/site-packages/airflow/example_dags/example_task_group_decorator.py
[2023-04-10T02:10:23.622+0000] {processor.py:743} INFO - Processing file /home/airflow/.local/lib/python3.7/site-packages/airflow/example_dags/example_task_group_decorator.py for tasks to queue
[2023-04-10T02:10:23.623+0000] {logging_mixin.py:137} INFO - [2023-04-10T02:10:23.622+0000] {dagbag.py:532} INFO - Filling up the DagBag from /home/airflow/.local/lib/python3.7/site-packages/airflow/example_dags/example_task_group_decorator.py
[2023-04-10T02:10:23.666+0000] {processor.py:753} INFO - DAG(s) dict_keys(['example_task_group_decorator']) retrieved from /home/airflow/.local/lib/python3.7/site-packages/airflow/example_dags/example_task_group_decorator.py
[2023-04-10T02:10:23.708+0000] {logging_mixin.py:137} INFO - [2023-04-10T02:10:23.708+0000] {dag.py:2705} INFO - Sync 1 DAGs
[2023-04-10T02:10:23.747+0000] {logging_mixin.py:137} INFO - [2023-04-10T02:10:23.746+0000] {dag.py:3456} INFO - Setting next_dagrun for example_task_group_decorator to 2023-04-09T02:10:23.746693+00:00, run_after=2023-04-10T02:10:23.746693+00:00
[2023-04-10T02:10:23.771+0000] {processor.py:175} INFO - Processing /home/airflow/.local/lib/python3.7/site-packages/airflow/example_dags/example_task_group_decorator.py took 0.154 seconds
[2023-04-10T02:10:53.831+0000] {processor.py:153} INFO - Started process (PID=397) to work on /home/airflow/.local/lib/python3.7/site-packages/airflow/example_dags/example_task_group_decorator.py
[2023-04-10T02:10:53.831+0000] {processor.py:743} INFO - Processing file /home/airflow/.local/lib/python3.7/site-packages/airflow/example_dags/example_task_group_decorator.py for tasks to queue
[2023-04-10T02:10:53.832+0000] {logging_mixin.py:137} INFO - [2023-04-10T02:10:53.832+0000] {dagbag.py:532} INFO - Filling up the DagBag from /home/airflow/.local/lib/python3.7/site-packages/airflow/example_dags/example_task_group_decorator.py
[2023-04-10T02:10:53.860+0000] {processor.py:753} INFO - DAG(s) dict_keys(['example_task_group_decorator']) retrieved from /home/airflow/.local/lib/python3.7/site-packages/airflow/example_dags/example_task_group_decorator.py
[2023-04-10T02:10:53.890+0000] {logging_mixin.py:137} INFO - [2023-04-10T02:10:53.890+0000] {dag.py:2705} INFO - Sync 1 DAGs
[2023-04-10T02:10:53.915+0000] {logging_mixin.py:137} INFO - [2023-04-10T02:10:53.915+0000] {dag.py:3456} INFO - Setting next_dagrun for example_task_group_decorator to 2023-04-09T02:10:53.914850+00:00, run_after=2023-04-10T02:10:53.914850+00:00
[2023-04-10T02:10:53.933+0000] {processor.py:175} INFO - Processing /home/airflow/.local/lib/python3.7/site-packages/airflow/example_dags/example_task_group_decorator.py took 0.105 seconds
[2023-04-10T02:11:24.754+0000] {processor.py:153} INFO - Started process (PID=447) to work on /home/airflow/.local/lib/python3.7/site-packages/airflow/example_dags/example_task_group_decorator.py
[2023-04-10T02:11:24.764+0000] {processor.py:743} INFO - Processing file /home/airflow/.local/lib/python3.7/site-packages/airflow/example_dags/example_task_group_decorator.py for tasks to queue
[2023-04-10T02:11:24.765+0000] {logging_mixin.py:137} INFO - [2023-04-10T02:11:24.765+0000] {dagbag.py:532} INFO - Filling up the DagBag from /home/airflow/.local/lib/python3.7/site-packages/airflow/example_dags/example_task_group_decorator.py
[2023-04-10T02:11:24.907+0000] {processor.py:753} INFO - DAG(s) dict_keys(['example_task_group_decorator']) retrieved from /home/airflow/.local/lib/python3.7/site-packages/airflow/example_dags/example_task_group_decorator.py
[2023-04-10T02:11:24.994+0000] {logging_mixin.py:137} INFO - [2023-04-10T02:11:24.994+0000] {dag.py:2705} INFO - Sync 1 DAGs
[2023-04-10T02:11:25.093+0000] {logging_mixin.py:137} INFO - [2023-04-10T02:11:25.090+0000] {dag.py:3456} INFO - Setting next_dagrun for example_task_group_decorator to 2023-04-09T02:11:25.090407+00:00, run_after=2023-04-10T02:11:25.090407+00:00
[2023-04-10T02:11:25.168+0000] {processor.py:175} INFO - Processing /home/airflow/.local/lib/python3.7/site-packages/airflow/example_dags/example_task_group_decorator.py took 0.440 seconds
[2023-04-10T02:11:55.759+0000] {processor.py:153} INFO - Started process (PID=497) to work on /home/airflow/.local/lib/python3.7/site-packages/airflow/example_dags/example_task_group_decorator.py
[2023-04-10T02:11:55.760+0000] {processor.py:743} INFO - Processing file /home/airflow/.local/lib/python3.7/site-packages/airflow/example_dags/example_task_group_decorator.py for tasks to queue
[2023-04-10T02:11:55.761+0000] {logging_mixin.py:137} INFO - [2023-04-10T02:11:55.760+0000] {dagbag.py:532} INFO - Filling up the DagBag from /home/airflow/.local/lib/python3.7/site-packages/airflow/example_dags/example_task_group_decorator.py
[2023-04-10T02:11:55.804+0000] {processor.py:753} INFO - DAG(s) dict_keys(['example_task_group_decorator']) retrieved from /home/airflow/.local/lib/python3.7/site-packages/airflow/example_dags/example_task_group_decorator.py
[2023-04-10T02:11:55.852+0000] {logging_mixin.py:137} INFO - [2023-04-10T02:11:55.851+0000] {dag.py:2705} INFO - Sync 1 DAGs
[2023-04-10T02:11:55.895+0000] {logging_mixin.py:137} INFO - [2023-04-10T02:11:55.895+0000] {dag.py:3456} INFO - Setting next_dagrun for example_task_group_decorator to 2023-04-09T02:11:55.894936+00:00, run_after=2023-04-10T02:11:55.894936+00:00
[2023-04-10T02:11:55.932+0000] {processor.py:175} INFO - Processing /home/airflow/.local/lib/python3.7/site-packages/airflow/example_dags/example_task_group_decorator.py took 0.177 seconds
