[2023-04-10T02:07:18.964+0000] {processor.py:153} INFO - Started process (PID=39) to work on /home/airflow/.local/lib/python3.7/site-packages/airflow/example_dags/example_kubernetes_executor.py
[2023-04-10T02:07:18.964+0000] {processor.py:743} INFO - Processing file /home/airflow/.local/lib/python3.7/site-packages/airflow/example_dags/example_kubernetes_executor.py for tasks to queue
[2023-04-10T02:07:18.989+0000] {logging_mixin.py:137} INFO - [2023-04-10T02:07:18.989+0000] {dagbag.py:532} INFO - Filling up the DagBag from /home/airflow/.local/lib/python3.7/site-packages/airflow/example_dags/example_kubernetes_executor.py
[2023-04-10T02:07:19.340+0000] {processor.py:753} INFO - DAG(s) dict_keys(['example_kubernetes_executor']) retrieved from /home/airflow/.local/lib/python3.7/site-packages/airflow/example_dags/example_kubernetes_executor.py
[2023-04-10T02:07:19.601+0000] {logging_mixin.py:137} INFO - [2023-04-10T02:07:19.600+0000] {dag.py:2705} INFO - Sync 1 DAGs
[2023-04-10T02:07:19.751+0000] {logging_mixin.py:137} INFO - [2023-04-10T02:07:19.751+0000] {dag.py:3456} INFO - Setting next_dagrun for example_kubernetes_executor to None, run_after=None
[2023-04-10T02:07:19.858+0000] {processor.py:175} INFO - Processing /home/airflow/.local/lib/python3.7/site-packages/airflow/example_dags/example_kubernetes_executor.py took 0.923 seconds
[2023-04-10T02:07:50.266+0000] {processor.py:153} INFO - Started process (PID=90) to work on /home/airflow/.local/lib/python3.7/site-packages/airflow/example_dags/example_kubernetes_executor.py
[2023-04-10T02:07:50.267+0000] {processor.py:743} INFO - Processing file /home/airflow/.local/lib/python3.7/site-packages/airflow/example_dags/example_kubernetes_executor.py for tasks to queue
[2023-04-10T02:07:50.268+0000] {logging_mixin.py:137} INFO - [2023-04-10T02:07:50.268+0000] {dagbag.py:532} INFO - Filling up the DagBag from /home/airflow/.local/lib/python3.7/site-packages/airflow/example_dags/example_kubernetes_executor.py
[2023-04-10T02:07:50.311+0000] {processor.py:753} INFO - DAG(s) dict_keys(['example_kubernetes_executor']) retrieved from /home/airflow/.local/lib/python3.7/site-packages/airflow/example_dags/example_kubernetes_executor.py
[2023-04-10T02:07:50.358+0000] {logging_mixin.py:137} INFO - [2023-04-10T02:07:50.358+0000] {dag.py:2705} INFO - Sync 1 DAGs
[2023-04-10T02:07:50.397+0000] {logging_mixin.py:137} INFO - [2023-04-10T02:07:50.397+0000] {dag.py:3456} INFO - Setting next_dagrun for example_kubernetes_executor to None, run_after=None
[2023-04-10T02:07:50.421+0000] {processor.py:175} INFO - Processing /home/airflow/.local/lib/python3.7/site-packages/airflow/example_dags/example_kubernetes_executor.py took 0.160 seconds
[2023-04-10T02:08:20.978+0000] {processor.py:153} INFO - Started process (PID=140) to work on /home/airflow/.local/lib/python3.7/site-packages/airflow/example_dags/example_kubernetes_executor.py
[2023-04-10T02:08:20.979+0000] {processor.py:743} INFO - Processing file /home/airflow/.local/lib/python3.7/site-packages/airflow/example_dags/example_kubernetes_executor.py for tasks to queue
[2023-04-10T02:08:20.980+0000] {logging_mixin.py:137} INFO - [2023-04-10T02:08:20.980+0000] {dagbag.py:532} INFO - Filling up the DagBag from /home/airflow/.local/lib/python3.7/site-packages/airflow/example_dags/example_kubernetes_executor.py
[2023-04-10T02:08:21.023+0000] {processor.py:753} INFO - DAG(s) dict_keys(['example_kubernetes_executor']) retrieved from /home/airflow/.local/lib/python3.7/site-packages/airflow/example_dags/example_kubernetes_executor.py
[2023-04-10T02:08:21.070+0000] {logging_mixin.py:137} INFO - [2023-04-10T02:08:21.070+0000] {dag.py:2705} INFO - Sync 1 DAGs
[2023-04-10T02:08:21.110+0000] {logging_mixin.py:137} INFO - [2023-04-10T02:08:21.110+0000] {dag.py:3456} INFO - Setting next_dagrun for example_kubernetes_executor to None, run_after=None
[2023-04-10T02:08:21.134+0000] {processor.py:175} INFO - Processing /home/airflow/.local/lib/python3.7/site-packages/airflow/example_dags/example_kubernetes_executor.py took 0.160 seconds
[2023-04-10T02:08:51.255+0000] {processor.py:153} INFO - Started process (PID=190) to work on /home/airflow/.local/lib/python3.7/site-packages/airflow/example_dags/example_kubernetes_executor.py
[2023-04-10T02:08:51.256+0000] {processor.py:743} INFO - Processing file /home/airflow/.local/lib/python3.7/site-packages/airflow/example_dags/example_kubernetes_executor.py for tasks to queue
[2023-04-10T02:08:51.257+0000] {logging_mixin.py:137} INFO - [2023-04-10T02:08:51.257+0000] {dagbag.py:532} INFO - Filling up the DagBag from /home/airflow/.local/lib/python3.7/site-packages/airflow/example_dags/example_kubernetes_executor.py
[2023-04-10T02:08:51.302+0000] {processor.py:753} INFO - DAG(s) dict_keys(['example_kubernetes_executor']) retrieved from /home/airflow/.local/lib/python3.7/site-packages/airflow/example_dags/example_kubernetes_executor.py
[2023-04-10T02:08:51.348+0000] {logging_mixin.py:137} INFO - [2023-04-10T02:08:51.348+0000] {dag.py:2705} INFO - Sync 1 DAGs
[2023-04-10T02:08:51.388+0000] {logging_mixin.py:137} INFO - [2023-04-10T02:08:51.388+0000] {dag.py:3456} INFO - Setting next_dagrun for example_kubernetes_executor to None, run_after=None
[2023-04-10T02:08:51.413+0000] {processor.py:175} INFO - Processing /home/airflow/.local/lib/python3.7/site-packages/airflow/example_dags/example_kubernetes_executor.py took 0.163 seconds
[2023-04-10T02:09:21.523+0000] {processor.py:153} INFO - Started process (PID=240) to work on /home/airflow/.local/lib/python3.7/site-packages/airflow/example_dags/example_kubernetes_executor.py
[2023-04-10T02:09:21.524+0000] {processor.py:743} INFO - Processing file /home/airflow/.local/lib/python3.7/site-packages/airflow/example_dags/example_kubernetes_executor.py for tasks to queue
[2023-04-10T02:09:21.525+0000] {logging_mixin.py:137} INFO - [2023-04-10T02:09:21.525+0000] {dagbag.py:532} INFO - Filling up the DagBag from /home/airflow/.local/lib/python3.7/site-packages/airflow/example_dags/example_kubernetes_executor.py
[2023-04-10T02:09:21.569+0000] {processor.py:753} INFO - DAG(s) dict_keys(['example_kubernetes_executor']) retrieved from /home/airflow/.local/lib/python3.7/site-packages/airflow/example_dags/example_kubernetes_executor.py
[2023-04-10T02:09:21.616+0000] {logging_mixin.py:137} INFO - [2023-04-10T02:09:21.616+0000] {dag.py:2705} INFO - Sync 1 DAGs
[2023-04-10T02:09:21.657+0000] {logging_mixin.py:137} INFO - [2023-04-10T02:09:21.657+0000] {dag.py:3456} INFO - Setting next_dagrun for example_kubernetes_executor to None, run_after=None
[2023-04-10T02:09:21.681+0000] {processor.py:175} INFO - Processing /home/airflow/.local/lib/python3.7/site-packages/airflow/example_dags/example_kubernetes_executor.py took 0.162 seconds
[2023-04-10T02:09:51.879+0000] {processor.py:153} INFO - Started process (PID=291) to work on /home/airflow/.local/lib/python3.7/site-packages/airflow/example_dags/example_kubernetes_executor.py
[2023-04-10T02:09:51.880+0000] {processor.py:743} INFO - Processing file /home/airflow/.local/lib/python3.7/site-packages/airflow/example_dags/example_kubernetes_executor.py for tasks to queue
[2023-04-10T02:09:51.880+0000] {logging_mixin.py:137} INFO - [2023-04-10T02:09:51.880+0000] {dagbag.py:532} INFO - Filling up the DagBag from /home/airflow/.local/lib/python3.7/site-packages/airflow/example_dags/example_kubernetes_executor.py
[2023-04-10T02:09:51.924+0000] {processor.py:753} INFO - DAG(s) dict_keys(['example_kubernetes_executor']) retrieved from /home/airflow/.local/lib/python3.7/site-packages/airflow/example_dags/example_kubernetes_executor.py
[2023-04-10T02:09:51.971+0000] {logging_mixin.py:137} INFO - [2023-04-10T02:09:51.970+0000] {dag.py:2705} INFO - Sync 1 DAGs
[2023-04-10T02:09:52.010+0000] {logging_mixin.py:137} INFO - [2023-04-10T02:09:52.010+0000] {dag.py:3456} INFO - Setting next_dagrun for example_kubernetes_executor to None, run_after=None
[2023-04-10T02:09:52.035+0000] {processor.py:175} INFO - Processing /home/airflow/.local/lib/python3.7/site-packages/airflow/example_dags/example_kubernetes_executor.py took 0.161 seconds
[2023-04-10T02:10:22.202+0000] {processor.py:153} INFO - Started process (PID=342) to work on /home/airflow/.local/lib/python3.7/site-packages/airflow/example_dags/example_kubernetes_executor.py
[2023-04-10T02:10:22.203+0000] {processor.py:743} INFO - Processing file /home/airflow/.local/lib/python3.7/site-packages/airflow/example_dags/example_kubernetes_executor.py for tasks to queue
[2023-04-10T02:10:22.204+0000] {logging_mixin.py:137} INFO - [2023-04-10T02:10:22.204+0000] {dagbag.py:532} INFO - Filling up the DagBag from /home/airflow/.local/lib/python3.7/site-packages/airflow/example_dags/example_kubernetes_executor.py
[2023-04-10T02:10:22.248+0000] {processor.py:753} INFO - DAG(s) dict_keys(['example_kubernetes_executor']) retrieved from /home/airflow/.local/lib/python3.7/site-packages/airflow/example_dags/example_kubernetes_executor.py
[2023-04-10T02:10:22.293+0000] {logging_mixin.py:137} INFO - [2023-04-10T02:10:22.292+0000] {dag.py:2705} INFO - Sync 1 DAGs
[2023-04-10T02:10:22.332+0000] {logging_mixin.py:137} INFO - [2023-04-10T02:10:22.332+0000] {dag.py:3456} INFO - Setting next_dagrun for example_kubernetes_executor to None, run_after=None
[2023-04-10T02:10:22.356+0000] {processor.py:175} INFO - Processing /home/airflow/.local/lib/python3.7/site-packages/airflow/example_dags/example_kubernetes_executor.py took 0.159 seconds
[2023-04-10T02:10:52.402+0000] {processor.py:153} INFO - Started process (PID=392) to work on /home/airflow/.local/lib/python3.7/site-packages/airflow/example_dags/example_kubernetes_executor.py
[2023-04-10T02:10:52.402+0000] {processor.py:743} INFO - Processing file /home/airflow/.local/lib/python3.7/site-packages/airflow/example_dags/example_kubernetes_executor.py for tasks to queue
[2023-04-10T02:10:52.403+0000] {logging_mixin.py:137} INFO - [2023-04-10T02:10:52.403+0000] {dagbag.py:532} INFO - Filling up the DagBag from /home/airflow/.local/lib/python3.7/site-packages/airflow/example_dags/example_kubernetes_executor.py
[2023-04-10T02:10:52.431+0000] {processor.py:753} INFO - DAG(s) dict_keys(['example_kubernetes_executor']) retrieved from /home/airflow/.local/lib/python3.7/site-packages/airflow/example_dags/example_kubernetes_executor.py
[2023-04-10T02:10:52.460+0000] {logging_mixin.py:137} INFO - [2023-04-10T02:10:52.460+0000] {dag.py:2705} INFO - Sync 1 DAGs
[2023-04-10T02:10:52.485+0000] {logging_mixin.py:137} INFO - [2023-04-10T02:10:52.484+0000] {dag.py:3456} INFO - Setting next_dagrun for example_kubernetes_executor to None, run_after=None
[2023-04-10T02:10:52.502+0000] {processor.py:175} INFO - Processing /home/airflow/.local/lib/python3.7/site-packages/airflow/example_dags/example_kubernetes_executor.py took 0.104 seconds
[2023-04-10T02:11:22.718+0000] {processor.py:153} INFO - Started process (PID=442) to work on /home/airflow/.local/lib/python3.7/site-packages/airflow/example_dags/example_kubernetes_executor.py
[2023-04-10T02:11:22.725+0000] {processor.py:743} INFO - Processing file /home/airflow/.local/lib/python3.7/site-packages/airflow/example_dags/example_kubernetes_executor.py for tasks to queue
[2023-04-10T02:11:22.726+0000] {logging_mixin.py:137} INFO - [2023-04-10T02:11:22.726+0000] {dagbag.py:532} INFO - Filling up the DagBag from /home/airflow/.local/lib/python3.7/site-packages/airflow/example_dags/example_kubernetes_executor.py
[2023-04-10T02:11:22.875+0000] {processor.py:753} INFO - DAG(s) dict_keys(['example_kubernetes_executor']) retrieved from /home/airflow/.local/lib/python3.7/site-packages/airflow/example_dags/example_kubernetes_executor.py
[2023-04-10T02:11:23.002+0000] {logging_mixin.py:137} INFO - [2023-04-10T02:11:23.001+0000] {dag.py:2705} INFO - Sync 1 DAGs
[2023-04-10T02:11:23.130+0000] {logging_mixin.py:137} INFO - [2023-04-10T02:11:23.130+0000] {dag.py:3456} INFO - Setting next_dagrun for example_kubernetes_executor to None, run_after=None
[2023-04-10T02:11:23.208+0000] {processor.py:175} INFO - Processing /home/airflow/.local/lib/python3.7/site-packages/airflow/example_dags/example_kubernetes_executor.py took 0.498 seconds
[2023-04-10T02:11:53.282+0000] {processor.py:153} INFO - Started process (PID=492) to work on /home/airflow/.local/lib/python3.7/site-packages/airflow/example_dags/example_kubernetes_executor.py
[2023-04-10T02:11:53.283+0000] {processor.py:743} INFO - Processing file /home/airflow/.local/lib/python3.7/site-packages/airflow/example_dags/example_kubernetes_executor.py for tasks to queue
[2023-04-10T02:11:53.284+0000] {logging_mixin.py:137} INFO - [2023-04-10T02:11:53.284+0000] {dagbag.py:532} INFO - Filling up the DagBag from /home/airflow/.local/lib/python3.7/site-packages/airflow/example_dags/example_kubernetes_executor.py
[2023-04-10T02:11:53.329+0000] {processor.py:753} INFO - DAG(s) dict_keys(['example_kubernetes_executor']) retrieved from /home/airflow/.local/lib/python3.7/site-packages/airflow/example_dags/example_kubernetes_executor.py
[2023-04-10T02:11:53.372+0000] {logging_mixin.py:137} INFO - [2023-04-10T02:11:53.372+0000] {dag.py:2705} INFO - Sync 1 DAGs
[2023-04-10T02:11:53.411+0000] {logging_mixin.py:137} INFO - [2023-04-10T02:11:53.411+0000] {dag.py:3456} INFO - Setting next_dagrun for example_kubernetes_executor to None, run_after=None
[2023-04-10T02:11:53.431+0000] {processor.py:175} INFO - Processing /home/airflow/.local/lib/python3.7/site-packages/airflow/example_dags/example_kubernetes_executor.py took 0.153 seconds
