[2023-04-10T02:07:27.786+0000] {processor.py:153} INFO - Started process (PID=65) to work on /home/airflow/.local/lib/python3.7/site-packages/airflow/example_dags/example_latest_only.py
[2023-04-10T02:07:27.787+0000] {processor.py:743} INFO - Processing file /home/airflow/.local/lib/python3.7/site-packages/airflow/example_dags/example_latest_only.py for tasks to queue
[2023-04-10T02:07:27.808+0000] {logging_mixin.py:137} INFO - [2023-04-10T02:07:27.788+0000] {dagbag.py:532} INFO - Filling up the DagBag from /home/airflow/.local/lib/python3.7/site-packages/airflow/example_dags/example_latest_only.py
[2023-04-10T02:07:27.883+0000] {processor.py:753} INFO - DAG(s) dict_keys(['latest_only']) retrieved from /home/airflow/.local/lib/python3.7/site-packages/airflow/example_dags/example_latest_only.py
[2023-04-10T02:07:28.010+0000] {logging_mixin.py:137} INFO - [2023-04-10T02:07:28.009+0000] {dag.py:2705} INFO - Sync 1 DAGs
[2023-04-10T02:07:28.117+0000] {logging_mixin.py:137} INFO - [2023-04-10T02:07:28.116+0000] {dag.py:3456} INFO - Setting next_dagrun for latest_only to 2023-04-09T22:07:28.116501+00:00, run_after=2023-04-10T02:07:28.116501+00:00
[2023-04-10T02:07:28.210+0000] {processor.py:175} INFO - Processing /home/airflow/.local/lib/python3.7/site-packages/airflow/example_dags/example_latest_only.py took 0.440 seconds
[2023-04-10T02:07:58.514+0000] {processor.py:153} INFO - Started process (PID=116) to work on /home/airflow/.local/lib/python3.7/site-packages/airflow/example_dags/example_latest_only.py
[2023-04-10T02:07:58.516+0000] {processor.py:743} INFO - Processing file /home/airflow/.local/lib/python3.7/site-packages/airflow/example_dags/example_latest_only.py for tasks to queue
[2023-04-10T02:07:58.516+0000] {logging_mixin.py:137} INFO - [2023-04-10T02:07:58.516+0000] {dagbag.py:532} INFO - Filling up the DagBag from /home/airflow/.local/lib/python3.7/site-packages/airflow/example_dags/example_latest_only.py
[2023-04-10T02:07:58.586+0000] {processor.py:753} INFO - DAG(s) dict_keys(['latest_only']) retrieved from /home/airflow/.local/lib/python3.7/site-packages/airflow/example_dags/example_latest_only.py
[2023-04-10T02:07:58.758+0000] {logging_mixin.py:137} INFO - [2023-04-10T02:07:58.758+0000] {dag.py:2705} INFO - Sync 1 DAGs
[2023-04-10T02:07:58.866+0000] {logging_mixin.py:137} INFO - [2023-04-10T02:07:58.866+0000] {dag.py:3456} INFO - Setting next_dagrun for latest_only to 2023-04-09T22:07:58.866021+00:00, run_after=2023-04-10T02:07:58.866021+00:00
[2023-04-10T02:07:58.978+0000] {processor.py:175} INFO - Processing /home/airflow/.local/lib/python3.7/site-packages/airflow/example_dags/example_latest_only.py took 0.484 seconds
[2023-04-10T02:08:29.075+0000] {processor.py:153} INFO - Started process (PID=166) to work on /home/airflow/.local/lib/python3.7/site-packages/airflow/example_dags/example_latest_only.py
[2023-04-10T02:08:29.076+0000] {processor.py:743} INFO - Processing file /home/airflow/.local/lib/python3.7/site-packages/airflow/example_dags/example_latest_only.py for tasks to queue
[2023-04-10T02:08:29.077+0000] {logging_mixin.py:137} INFO - [2023-04-10T02:08:29.077+0000] {dagbag.py:532} INFO - Filling up the DagBag from /home/airflow/.local/lib/python3.7/site-packages/airflow/example_dags/example_latest_only.py
[2023-04-10T02:08:29.090+0000] {processor.py:753} INFO - DAG(s) dict_keys(['latest_only']) retrieved from /home/airflow/.local/lib/python3.7/site-packages/airflow/example_dags/example_latest_only.py
[2023-04-10T02:08:29.113+0000] {logging_mixin.py:137} INFO - [2023-04-10T02:08:29.113+0000] {dag.py:2705} INFO - Sync 1 DAGs
[2023-04-10T02:08:29.138+0000] {logging_mixin.py:137} INFO - [2023-04-10T02:08:29.138+0000] {dag.py:3456} INFO - Setting next_dagrun for latest_only to 2023-04-09T22:08:29.138128+00:00, run_after=2023-04-10T02:08:29.138128+00:00
[2023-04-10T02:08:29.155+0000] {processor.py:175} INFO - Processing /home/airflow/.local/lib/python3.7/site-packages/airflow/example_dags/example_latest_only.py took 0.083 seconds
[2023-04-10T02:08:59.309+0000] {processor.py:153} INFO - Started process (PID=216) to work on /home/airflow/.local/lib/python3.7/site-packages/airflow/example_dags/example_latest_only.py
[2023-04-10T02:08:59.310+0000] {processor.py:743} INFO - Processing file /home/airflow/.local/lib/python3.7/site-packages/airflow/example_dags/example_latest_only.py for tasks to queue
[2023-04-10T02:08:59.311+0000] {logging_mixin.py:137} INFO - [2023-04-10T02:08:59.311+0000] {dagbag.py:532} INFO - Filling up the DagBag from /home/airflow/.local/lib/python3.7/site-packages/airflow/example_dags/example_latest_only.py
[2023-04-10T02:08:59.330+0000] {processor.py:753} INFO - DAG(s) dict_keys(['latest_only']) retrieved from /home/airflow/.local/lib/python3.7/site-packages/airflow/example_dags/example_latest_only.py
[2023-04-10T02:08:59.355+0000] {logging_mixin.py:137} INFO - [2023-04-10T02:08:59.355+0000] {dag.py:2705} INFO - Sync 1 DAGs
[2023-04-10T02:08:59.382+0000] {logging_mixin.py:137} INFO - [2023-04-10T02:08:59.381+0000] {dag.py:3456} INFO - Setting next_dagrun for latest_only to 2023-04-09T22:08:59.381553+00:00, run_after=2023-04-10T02:08:59.381553+00:00
[2023-04-10T02:08:59.405+0000] {processor.py:175} INFO - Processing /home/airflow/.local/lib/python3.7/site-packages/airflow/example_dags/example_latest_only.py took 0.100 seconds
[2023-04-10T02:09:29.476+0000] {processor.py:153} INFO - Started process (PID=266) to work on /home/airflow/.local/lib/python3.7/site-packages/airflow/example_dags/example_latest_only.py
[2023-04-10T02:09:29.477+0000] {processor.py:743} INFO - Processing file /home/airflow/.local/lib/python3.7/site-packages/airflow/example_dags/example_latest_only.py for tasks to queue
[2023-04-10T02:09:29.478+0000] {logging_mixin.py:137} INFO - [2023-04-10T02:09:29.478+0000] {dagbag.py:532} INFO - Filling up the DagBag from /home/airflow/.local/lib/python3.7/site-packages/airflow/example_dags/example_latest_only.py
[2023-04-10T02:09:29.493+0000] {processor.py:753} INFO - DAG(s) dict_keys(['latest_only']) retrieved from /home/airflow/.local/lib/python3.7/site-packages/airflow/example_dags/example_latest_only.py
[2023-04-10T02:09:29.526+0000] {logging_mixin.py:137} INFO - [2023-04-10T02:09:29.526+0000] {dag.py:2705} INFO - Sync 1 DAGs
[2023-04-10T02:09:29.553+0000] {logging_mixin.py:137} INFO - [2023-04-10T02:09:29.553+0000] {dag.py:3456} INFO - Setting next_dagrun for latest_only to 2023-04-09T22:09:29.553200+00:00, run_after=2023-04-10T02:09:29.553200+00:00
[2023-04-10T02:09:29.571+0000] {processor.py:175} INFO - Processing /home/airflow/.local/lib/python3.7/site-packages/airflow/example_dags/example_latest_only.py took 0.099 seconds
[2023-04-10T02:09:59.851+0000] {processor.py:153} INFO - Started process (PID=317) to work on /home/airflow/.local/lib/python3.7/site-packages/airflow/example_dags/example_latest_only.py
[2023-04-10T02:09:59.852+0000] {processor.py:743} INFO - Processing file /home/airflow/.local/lib/python3.7/site-packages/airflow/example_dags/example_latest_only.py for tasks to queue
[2023-04-10T02:09:59.853+0000] {logging_mixin.py:137} INFO - [2023-04-10T02:09:59.853+0000] {dagbag.py:532} INFO - Filling up the DagBag from /home/airflow/.local/lib/python3.7/site-packages/airflow/example_dags/example_latest_only.py
[2023-04-10T02:09:59.872+0000] {processor.py:753} INFO - DAG(s) dict_keys(['latest_only']) retrieved from /home/airflow/.local/lib/python3.7/site-packages/airflow/example_dags/example_latest_only.py
[2023-04-10T02:09:59.905+0000] {logging_mixin.py:137} INFO - [2023-04-10T02:09:59.905+0000] {dag.py:2705} INFO - Sync 1 DAGs
[2023-04-10T02:09:59.946+0000] {logging_mixin.py:137} INFO - [2023-04-10T02:09:59.946+0000] {dag.py:3456} INFO - Setting next_dagrun for latest_only to 2023-04-09T22:09:59.946052+00:00, run_after=2023-04-10T02:09:59.946052+00:00
[2023-04-10T02:09:59.972+0000] {processor.py:175} INFO - Processing /home/airflow/.local/lib/python3.7/site-packages/airflow/example_dags/example_latest_only.py took 0.125 seconds
[2023-04-10T02:10:30.075+0000] {processor.py:153} INFO - Started process (PID=368) to work on /home/airflow/.local/lib/python3.7/site-packages/airflow/example_dags/example_latest_only.py
[2023-04-10T02:10:30.076+0000] {processor.py:743} INFO - Processing file /home/airflow/.local/lib/python3.7/site-packages/airflow/example_dags/example_latest_only.py for tasks to queue
[2023-04-10T02:10:30.077+0000] {logging_mixin.py:137} INFO - [2023-04-10T02:10:30.077+0000] {dagbag.py:532} INFO - Filling up the DagBag from /home/airflow/.local/lib/python3.7/site-packages/airflow/example_dags/example_latest_only.py
[2023-04-10T02:10:30.095+0000] {processor.py:753} INFO - DAG(s) dict_keys(['latest_only']) retrieved from /home/airflow/.local/lib/python3.7/site-packages/airflow/example_dags/example_latest_only.py
[2023-04-10T02:10:30.132+0000] {logging_mixin.py:137} INFO - [2023-04-10T02:10:30.132+0000] {dag.py:2705} INFO - Sync 1 DAGs
[2023-04-10T02:10:30.172+0000] {logging_mixin.py:137} INFO - [2023-04-10T02:10:30.171+0000] {dag.py:3456} INFO - Setting next_dagrun for latest_only to 2023-04-09T22:10:30.171638+00:00, run_after=2023-04-10T02:10:30.171638+00:00
[2023-04-10T02:10:30.196+0000] {processor.py:175} INFO - Processing /home/airflow/.local/lib/python3.7/site-packages/airflow/example_dags/example_latest_only.py took 0.125 seconds
[2023-04-10T02:11:00.442+0000] {processor.py:153} INFO - Started process (PID=418) to work on /home/airflow/.local/lib/python3.7/site-packages/airflow/example_dags/example_latest_only.py
[2023-04-10T02:11:00.443+0000] {processor.py:743} INFO - Processing file /home/airflow/.local/lib/python3.7/site-packages/airflow/example_dags/example_latest_only.py for tasks to queue
[2023-04-10T02:11:00.444+0000] {logging_mixin.py:137} INFO - [2023-04-10T02:11:00.443+0000] {dagbag.py:532} INFO - Filling up the DagBag from /home/airflow/.local/lib/python3.7/site-packages/airflow/example_dags/example_latest_only.py
[2023-04-10T02:11:00.458+0000] {processor.py:753} INFO - DAG(s) dict_keys(['latest_only']) retrieved from /home/airflow/.local/lib/python3.7/site-packages/airflow/example_dags/example_latest_only.py
[2023-04-10T02:11:00.480+0000] {logging_mixin.py:137} INFO - [2023-04-10T02:11:00.480+0000] {dag.py:2705} INFO - Sync 1 DAGs
[2023-04-10T02:11:00.505+0000] {logging_mixin.py:137} INFO - [2023-04-10T02:11:00.505+0000] {dag.py:3456} INFO - Setting next_dagrun for latest_only to 2023-04-09T22:11:00.505286+00:00, run_after=2023-04-10T02:11:00.505286+00:00
[2023-04-10T02:11:00.522+0000] {processor.py:175} INFO - Processing /home/airflow/.local/lib/python3.7/site-packages/airflow/example_dags/example_latest_only.py took 0.084 seconds
[2023-04-10T02:11:30.886+0000] {processor.py:153} INFO - Started process (PID=468) to work on /home/airflow/.local/lib/python3.7/site-packages/airflow/example_dags/example_latest_only.py
[2023-04-10T02:11:30.887+0000] {processor.py:743} INFO - Processing file /home/airflow/.local/lib/python3.7/site-packages/airflow/example_dags/example_latest_only.py for tasks to queue
[2023-04-10T02:11:30.888+0000] {logging_mixin.py:137} INFO - [2023-04-10T02:11:30.888+0000] {dagbag.py:532} INFO - Filling up the DagBag from /home/airflow/.local/lib/python3.7/site-packages/airflow/example_dags/example_latest_only.py
[2023-04-10T02:11:30.906+0000] {processor.py:753} INFO - DAG(s) dict_keys(['latest_only']) retrieved from /home/airflow/.local/lib/python3.7/site-packages/airflow/example_dags/example_latest_only.py
[2023-04-10T02:11:30.939+0000] {logging_mixin.py:137} INFO - [2023-04-10T02:11:30.939+0000] {dag.py:2705} INFO - Sync 1 DAGs
[2023-04-10T02:11:30.981+0000] {logging_mixin.py:137} INFO - [2023-04-10T02:11:30.980+0000] {dag.py:3456} INFO - Setting next_dagrun for latest_only to 2023-04-09T22:11:30.980588+00:00, run_after=2023-04-10T02:11:30.980588+00:00
[2023-04-10T02:11:31.006+0000] {processor.py:175} INFO - Processing /home/airflow/.local/lib/python3.7/site-packages/airflow/example_dags/example_latest_only.py took 0.124 seconds
[2023-04-10T02:12:01.473+0000] {processor.py:153} INFO - Started process (PID=518) to work on /home/airflow/.local/lib/python3.7/site-packages/airflow/example_dags/example_latest_only.py
[2023-04-10T02:12:01.474+0000] {processor.py:743} INFO - Processing file /home/airflow/.local/lib/python3.7/site-packages/airflow/example_dags/example_latest_only.py for tasks to queue
[2023-04-10T02:12:01.475+0000] {logging_mixin.py:137} INFO - [2023-04-10T02:12:01.475+0000] {dagbag.py:532} INFO - Filling up the DagBag from /home/airflow/.local/lib/python3.7/site-packages/airflow/example_dags/example_latest_only.py
[2023-04-10T02:12:01.494+0000] {processor.py:753} INFO - DAG(s) dict_keys(['latest_only']) retrieved from /home/airflow/.local/lib/python3.7/site-packages/airflow/example_dags/example_latest_only.py
[2023-04-10T02:12:01.527+0000] {logging_mixin.py:137} INFO - [2023-04-10T02:12:01.527+0000] {dag.py:2705} INFO - Sync 1 DAGs
[2023-04-10T02:12:01.576+0000] {logging_mixin.py:137} INFO - [2023-04-10T02:12:01.573+0000] {dag.py:3456} INFO - Setting next_dagrun for latest_only to 2023-04-09T22:12:01.572875+00:00, run_after=2023-04-10T02:12:01.572875+00:00
[2023-04-10T02:12:01.614+0000] {processor.py:175} INFO - Processing /home/airflow/.local/lib/python3.7/site-packages/airflow/example_dags/example_latest_only.py took 0.146 seconds
