[2023-04-10T02:07:20.196+0000] {processor.py:153} INFO - Started process (PID=42) to work on /home/airflow/.local/lib/python3.7/site-packages/airflow/example_dags/example_branch_labels.py
[2023-04-10T02:07:20.197+0000] {processor.py:743} INFO - Processing file /home/airflow/.local/lib/python3.7/site-packages/airflow/example_dags/example_branch_labels.py for tasks to queue
[2023-04-10T02:07:20.202+0000] {logging_mixin.py:137} INFO - [2023-04-10T02:07:20.202+0000] {dagbag.py:532} INFO - Filling up the DagBag from /home/airflow/.local/lib/python3.7/site-packages/airflow/example_dags/example_branch_labels.py
[2023-04-10T02:07:20.294+0000] {processor.py:753} INFO - DAG(s) dict_keys(['example_branch_labels']) retrieved from /home/airflow/.local/lib/python3.7/site-packages/airflow/example_dags/example_branch_labels.py
[2023-04-10T02:07:20.427+0000] {logging_mixin.py:137} INFO - [2023-04-10T02:07:20.427+0000] {dag.py:2705} INFO - Sync 1 DAGs
[2023-04-10T02:07:20.609+0000] {logging_mixin.py:137} INFO - [2023-04-10T02:07:20.608+0000] {dag.py:3456} INFO - Setting next_dagrun for example_branch_labels to 2023-04-09T00:00:00+00:00, run_after=2023-04-10T00:00:00+00:00
[2023-04-10T02:07:20.698+0000] {processor.py:175} INFO - Processing /home/airflow/.local/lib/python3.7/site-packages/airflow/example_dags/example_branch_labels.py took 0.528 seconds
[2023-04-10T02:07:51.553+0000] {processor.py:153} INFO - Started process (PID=93) to work on /home/airflow/.local/lib/python3.7/site-packages/airflow/example_dags/example_branch_labels.py
[2023-04-10T02:07:51.554+0000] {processor.py:743} INFO - Processing file /home/airflow/.local/lib/python3.7/site-packages/airflow/example_dags/example_branch_labels.py for tasks to queue
[2023-04-10T02:07:51.555+0000] {logging_mixin.py:137} INFO - [2023-04-10T02:07:51.555+0000] {dagbag.py:532} INFO - Filling up the DagBag from /home/airflow/.local/lib/python3.7/site-packages/airflow/example_dags/example_branch_labels.py
[2023-04-10T02:07:51.577+0000] {processor.py:753} INFO - DAG(s) dict_keys(['example_branch_labels']) retrieved from /home/airflow/.local/lib/python3.7/site-packages/airflow/example_dags/example_branch_labels.py
[2023-04-10T02:07:51.615+0000] {logging_mixin.py:137} INFO - [2023-04-10T02:07:51.615+0000] {dag.py:2705} INFO - Sync 1 DAGs
[2023-04-10T02:07:51.659+0000] {logging_mixin.py:137} INFO - [2023-04-10T02:07:51.659+0000] {dag.py:3456} INFO - Setting next_dagrun for example_branch_labels to 2023-04-09T00:00:00+00:00, run_after=2023-04-10T00:00:00+00:00
[2023-04-10T02:07:51.682+0000] {processor.py:175} INFO - Processing /home/airflow/.local/lib/python3.7/site-packages/airflow/example_dags/example_branch_labels.py took 0.133 seconds
[2023-04-10T02:08:22.239+0000] {processor.py:153} INFO - Started process (PID=143) to work on /home/airflow/.local/lib/python3.7/site-packages/airflow/example_dags/example_branch_labels.py
[2023-04-10T02:08:22.240+0000] {processor.py:743} INFO - Processing file /home/airflow/.local/lib/python3.7/site-packages/airflow/example_dags/example_branch_labels.py for tasks to queue
[2023-04-10T02:08:22.241+0000] {logging_mixin.py:137} INFO - [2023-04-10T02:08:22.241+0000] {dagbag.py:532} INFO - Filling up the DagBag from /home/airflow/.local/lib/python3.7/site-packages/airflow/example_dags/example_branch_labels.py
[2023-04-10T02:08:22.263+0000] {processor.py:753} INFO - DAG(s) dict_keys(['example_branch_labels']) retrieved from /home/airflow/.local/lib/python3.7/site-packages/airflow/example_dags/example_branch_labels.py
[2023-04-10T02:08:22.300+0000] {logging_mixin.py:137} INFO - [2023-04-10T02:08:22.300+0000] {dag.py:2705} INFO - Sync 1 DAGs
[2023-04-10T02:08:22.343+0000] {logging_mixin.py:137} INFO - [2023-04-10T02:08:22.343+0000] {dag.py:3456} INFO - Setting next_dagrun for example_branch_labels to 2023-04-09T00:00:00+00:00, run_after=2023-04-10T00:00:00+00:00
[2023-04-10T02:08:22.366+0000] {processor.py:175} INFO - Processing /home/airflow/.local/lib/python3.7/site-packages/airflow/example_dags/example_branch_labels.py took 0.131 seconds
[2023-04-10T02:08:52.521+0000] {processor.py:153} INFO - Started process (PID=193) to work on /home/airflow/.local/lib/python3.7/site-packages/airflow/example_dags/example_branch_labels.py
[2023-04-10T02:08:52.522+0000] {processor.py:743} INFO - Processing file /home/airflow/.local/lib/python3.7/site-packages/airflow/example_dags/example_branch_labels.py for tasks to queue
[2023-04-10T02:08:52.523+0000] {logging_mixin.py:137} INFO - [2023-04-10T02:08:52.523+0000] {dagbag.py:532} INFO - Filling up the DagBag from /home/airflow/.local/lib/python3.7/site-packages/airflow/example_dags/example_branch_labels.py
[2023-04-10T02:08:52.545+0000] {processor.py:753} INFO - DAG(s) dict_keys(['example_branch_labels']) retrieved from /home/airflow/.local/lib/python3.7/site-packages/airflow/example_dags/example_branch_labels.py
[2023-04-10T02:08:52.584+0000] {logging_mixin.py:137} INFO - [2023-04-10T02:08:52.584+0000] {dag.py:2705} INFO - Sync 1 DAGs
[2023-04-10T02:08:52.629+0000] {logging_mixin.py:137} INFO - [2023-04-10T02:08:52.629+0000] {dag.py:3456} INFO - Setting next_dagrun for example_branch_labels to 2023-04-09T00:00:00+00:00, run_after=2023-04-10T00:00:00+00:00
[2023-04-10T02:08:52.653+0000] {processor.py:175} INFO - Processing /home/airflow/.local/lib/python3.7/site-packages/airflow/example_dags/example_branch_labels.py took 0.136 seconds
[2023-04-10T02:09:22.799+0000] {processor.py:153} INFO - Started process (PID=243) to work on /home/airflow/.local/lib/python3.7/site-packages/airflow/example_dags/example_branch_labels.py
[2023-04-10T02:09:22.801+0000] {processor.py:743} INFO - Processing file /home/airflow/.local/lib/python3.7/site-packages/airflow/example_dags/example_branch_labels.py for tasks to queue
[2023-04-10T02:09:22.801+0000] {logging_mixin.py:137} INFO - [2023-04-10T02:09:22.801+0000] {dagbag.py:532} INFO - Filling up the DagBag from /home/airflow/.local/lib/python3.7/site-packages/airflow/example_dags/example_branch_labels.py
[2023-04-10T02:09:22.822+0000] {processor.py:753} INFO - DAG(s) dict_keys(['example_branch_labels']) retrieved from /home/airflow/.local/lib/python3.7/site-packages/airflow/example_dags/example_branch_labels.py
[2023-04-10T02:09:22.861+0000] {logging_mixin.py:137} INFO - [2023-04-10T02:09:22.861+0000] {dag.py:2705} INFO - Sync 1 DAGs
[2023-04-10T02:09:22.905+0000] {logging_mixin.py:137} INFO - [2023-04-10T02:09:22.905+0000] {dag.py:3456} INFO - Setting next_dagrun for example_branch_labels to 2023-04-09T00:00:00+00:00, run_after=2023-04-10T00:00:00+00:00
[2023-04-10T02:09:22.928+0000] {processor.py:175} INFO - Processing /home/airflow/.local/lib/python3.7/site-packages/airflow/example_dags/example_branch_labels.py took 0.134 seconds
[2023-04-10T02:09:53.150+0000] {processor.py:153} INFO - Started process (PID=294) to work on /home/airflow/.local/lib/python3.7/site-packages/airflow/example_dags/example_branch_labels.py
[2023-04-10T02:09:53.151+0000] {processor.py:743} INFO - Processing file /home/airflow/.local/lib/python3.7/site-packages/airflow/example_dags/example_branch_labels.py for tasks to queue
[2023-04-10T02:09:53.152+0000] {logging_mixin.py:137} INFO - [2023-04-10T02:09:53.152+0000] {dagbag.py:532} INFO - Filling up the DagBag from /home/airflow/.local/lib/python3.7/site-packages/airflow/example_dags/example_branch_labels.py
[2023-04-10T02:09:53.173+0000] {processor.py:753} INFO - DAG(s) dict_keys(['example_branch_labels']) retrieved from /home/airflow/.local/lib/python3.7/site-packages/airflow/example_dags/example_branch_labels.py
[2023-04-10T02:09:53.216+0000] {logging_mixin.py:137} INFO - [2023-04-10T02:09:53.216+0000] {dag.py:2705} INFO - Sync 1 DAGs
[2023-04-10T02:09:53.259+0000] {logging_mixin.py:137} INFO - [2023-04-10T02:09:53.259+0000] {dag.py:3456} INFO - Setting next_dagrun for example_branch_labels to 2023-04-09T00:00:00+00:00, run_after=2023-04-10T00:00:00+00:00
[2023-04-10T02:09:53.282+0000] {processor.py:175} INFO - Processing /home/airflow/.local/lib/python3.7/site-packages/airflow/example_dags/example_branch_labels.py took 0.136 seconds
[2023-04-10T02:10:23.462+0000] {processor.py:153} INFO - Started process (PID=345) to work on /home/airflow/.local/lib/python3.7/site-packages/airflow/example_dags/example_branch_labels.py
[2023-04-10T02:10:23.463+0000] {processor.py:743} INFO - Processing file /home/airflow/.local/lib/python3.7/site-packages/airflow/example_dags/example_branch_labels.py for tasks to queue
[2023-04-10T02:10:23.464+0000] {logging_mixin.py:137} INFO - [2023-04-10T02:10:23.464+0000] {dagbag.py:532} INFO - Filling up the DagBag from /home/airflow/.local/lib/python3.7/site-packages/airflow/example_dags/example_branch_labels.py
[2023-04-10T02:10:23.485+0000] {processor.py:753} INFO - DAG(s) dict_keys(['example_branch_labels']) retrieved from /home/airflow/.local/lib/python3.7/site-packages/airflow/example_dags/example_branch_labels.py
[2023-04-10T02:10:23.530+0000] {logging_mixin.py:137} INFO - [2023-04-10T02:10:23.530+0000] {dag.py:2705} INFO - Sync 1 DAGs
[2023-04-10T02:10:23.573+0000] {logging_mixin.py:137} INFO - [2023-04-10T02:10:23.573+0000] {dag.py:3456} INFO - Setting next_dagrun for example_branch_labels to 2023-04-09T00:00:00+00:00, run_after=2023-04-10T00:00:00+00:00
[2023-04-10T02:10:23.596+0000] {processor.py:175} INFO - Processing /home/airflow/.local/lib/python3.7/site-packages/airflow/example_dags/example_branch_labels.py took 0.139 seconds
[2023-04-10T02:10:53.678+0000] {processor.py:153} INFO - Started process (PID=395) to work on /home/airflow/.local/lib/python3.7/site-packages/airflow/example_dags/example_branch_labels.py
[2023-04-10T02:10:53.678+0000] {processor.py:743} INFO - Processing file /home/airflow/.local/lib/python3.7/site-packages/airflow/example_dags/example_branch_labels.py for tasks to queue
[2023-04-10T02:10:53.679+0000] {logging_mixin.py:137} INFO - [2023-04-10T02:10:53.679+0000] {dagbag.py:532} INFO - Filling up the DagBag from /home/airflow/.local/lib/python3.7/site-packages/airflow/example_dags/example_branch_labels.py
[2023-04-10T02:10:53.701+0000] {processor.py:753} INFO - DAG(s) dict_keys(['example_branch_labels']) retrieved from /home/airflow/.local/lib/python3.7/site-packages/airflow/example_dags/example_branch_labels.py
[2023-04-10T02:10:53.744+0000] {logging_mixin.py:137} INFO - [2023-04-10T02:10:53.744+0000] {dag.py:2705} INFO - Sync 1 DAGs
[2023-04-10T02:10:53.787+0000] {logging_mixin.py:137} INFO - [2023-04-10T02:10:53.787+0000] {dag.py:3456} INFO - Setting next_dagrun for example_branch_labels to 2023-04-09T00:00:00+00:00, run_after=2023-04-10T00:00:00+00:00
[2023-04-10T02:10:53.810+0000] {processor.py:175} INFO - Processing /home/airflow/.local/lib/python3.7/site-packages/airflow/example_dags/example_branch_labels.py took 0.136 seconds
[2023-04-10T02:11:24.267+0000] {processor.py:153} INFO - Started process (PID=445) to work on /home/airflow/.local/lib/python3.7/site-packages/airflow/example_dags/example_branch_labels.py
[2023-04-10T02:11:24.277+0000] {processor.py:743} INFO - Processing file /home/airflow/.local/lib/python3.7/site-packages/airflow/example_dags/example_branch_labels.py for tasks to queue
[2023-04-10T02:11:24.278+0000] {logging_mixin.py:137} INFO - [2023-04-10T02:11:24.278+0000] {dagbag.py:532} INFO - Filling up the DagBag from /home/airflow/.local/lib/python3.7/site-packages/airflow/example_dags/example_branch_labels.py
[2023-04-10T02:11:24.340+0000] {processor.py:753} INFO - DAG(s) dict_keys(['example_branch_labels']) retrieved from /home/airflow/.local/lib/python3.7/site-packages/airflow/example_dags/example_branch_labels.py
[2023-04-10T02:11:24.438+0000] {logging_mixin.py:137} INFO - [2023-04-10T02:11:24.437+0000] {dag.py:2705} INFO - Sync 1 DAGs
[2023-04-10T02:11:24.563+0000] {logging_mixin.py:137} INFO - [2023-04-10T02:11:24.563+0000] {dag.py:3456} INFO - Setting next_dagrun for example_branch_labels to 2023-04-09T00:00:00+00:00, run_after=2023-04-10T00:00:00+00:00
[2023-04-10T02:11:24.657+0000] {processor.py:175} INFO - Processing /home/airflow/.local/lib/python3.7/site-packages/airflow/example_dags/example_branch_labels.py took 0.403 seconds
[2023-04-10T02:11:55.470+0000] {processor.py:153} INFO - Started process (PID=495) to work on /home/airflow/.local/lib/python3.7/site-packages/airflow/example_dags/example_branch_labels.py
[2023-04-10T02:11:55.471+0000] {processor.py:743} INFO - Processing file /home/airflow/.local/lib/python3.7/site-packages/airflow/example_dags/example_branch_labels.py for tasks to queue
[2023-04-10T02:11:55.472+0000] {logging_mixin.py:137} INFO - [2023-04-10T02:11:55.472+0000] {dagbag.py:532} INFO - Filling up the DagBag from /home/airflow/.local/lib/python3.7/site-packages/airflow/example_dags/example_branch_labels.py
[2023-04-10T02:11:55.517+0000] {processor.py:753} INFO - DAG(s) dict_keys(['example_branch_labels']) retrieved from /home/airflow/.local/lib/python3.7/site-packages/airflow/example_dags/example_branch_labels.py
[2023-04-10T02:11:55.598+0000] {logging_mixin.py:137} INFO - [2023-04-10T02:11:55.597+0000] {dag.py:2705} INFO - Sync 1 DAGs
[2023-04-10T02:11:55.680+0000] {logging_mixin.py:137} INFO - [2023-04-10T02:11:55.680+0000] {dag.py:3456} INFO - Setting next_dagrun for example_branch_labels to 2023-04-09T00:00:00+00:00, run_after=2023-04-10T00:00:00+00:00
[2023-04-10T02:11:55.725+0000] {processor.py:175} INFO - Processing /home/airflow/.local/lib/python3.7/site-packages/airflow/example_dags/example_branch_labels.py took 0.259 seconds
