[2023-04-10T02:07:25.093+0000] {processor.py:153} INFO - Started process (PID=56) to work on /home/airflow/.local/lib/python3.7/site-packages/airflow/example_dags/example_python_operator.py
[2023-04-10T02:07:25.094+0000] {processor.py:743} INFO - Processing file /home/airflow/.local/lib/python3.7/site-packages/airflow/example_dags/example_python_operator.py for tasks to queue
[2023-04-10T02:07:25.095+0000] {logging_mixin.py:137} INFO - [2023-04-10T02:07:25.094+0000] {dagbag.py:532} INFO - Filling up the DagBag from /home/airflow/.local/lib/python3.7/site-packages/airflow/example_dags/example_python_operator.py
[2023-04-10T02:07:25.251+0000] {logging_mixin.py:137} INFO - [2023-04-10T02:07:25.251+0000] {taskmixin.py:211} WARNING - Dependency <Task(_PythonDecoratedOperator): print_the_context>, log_sql_query already registered for DAG: example_python_operator
[2023-04-10T02:07:25.251+0000] {logging_mixin.py:137} INFO - [2023-04-10T02:07:25.251+0000] {taskmixin.py:211} WARNING - Dependency <Task(_PythonDecoratedOperator): log_sql_query>, print_the_context already registered for DAG: example_python_operator
[2023-04-10T02:07:25.252+0000] {logging_mixin.py:137} INFO - [2023-04-10T02:07:25.252+0000] {taskmixin.py:211} WARNING - Dependency <Task(_PythonDecoratedOperator): print_the_context>, log_sql_query already registered for DAG: example_python_operator
[2023-04-10T02:07:25.253+0000] {logging_mixin.py:137} INFO - [2023-04-10T02:07:25.253+0000] {taskmixin.py:211} WARNING - Dependency <Task(_PythonDecoratedOperator): log_sql_query>, print_the_context already registered for DAG: example_python_operator
[2023-04-10T02:07:25.266+0000] {logging_mixin.py:137} INFO - [2023-04-10T02:07:25.266+0000] {taskmixin.py:211} WARNING - Dependency <Task(_PythonDecoratedOperator): print_the_context>, log_sql_query already registered for DAG: example_python_operator
[2023-04-10T02:07:25.266+0000] {logging_mixin.py:137} INFO - [2023-04-10T02:07:25.266+0000] {taskmixin.py:211} WARNING - Dependency <Task(_PythonDecoratedOperator): log_sql_query>, print_the_context already registered for DAG: example_python_operator
[2023-04-10T02:07:25.267+0000] {logging_mixin.py:137} INFO - [2023-04-10T02:07:25.267+0000] {taskmixin.py:211} WARNING - Dependency <Task(_PythonDecoratedOperator): print_the_context>, log_sql_query already registered for DAG: example_python_operator
[2023-04-10T02:07:25.267+0000] {logging_mixin.py:137} INFO - [2023-04-10T02:07:25.267+0000] {taskmixin.py:211} WARNING - Dependency <Task(_PythonDecoratedOperator): log_sql_query>, print_the_context already registered for DAG: example_python_operator
[2023-04-10T02:07:25.334+0000] {processor.py:753} INFO - DAG(s) dict_keys(['example_python_operator']) retrieved from /home/airflow/.local/lib/python3.7/site-packages/airflow/example_dags/example_python_operator.py
[2023-04-10T02:07:25.719+0000] {logging_mixin.py:137} INFO - [2023-04-10T02:07:25.719+0000] {dag.py:2705} INFO - Sync 1 DAGs
[2023-04-10T02:07:25.830+0000] {logging_mixin.py:137} INFO - [2023-04-10T02:07:25.830+0000] {dag.py:3456} INFO - Setting next_dagrun for example_python_operator to None, run_after=None
[2023-04-10T02:07:25.906+0000] {processor.py:175} INFO - Processing /home/airflow/.local/lib/python3.7/site-packages/airflow/example_dags/example_python_operator.py took 0.833 seconds
[2023-04-10T02:07:56.537+0000] {processor.py:153} INFO - Started process (PID=107) to work on /home/airflow/.local/lib/python3.7/site-packages/airflow/example_dags/example_python_operator.py
[2023-04-10T02:07:56.538+0000] {processor.py:743} INFO - Processing file /home/airflow/.local/lib/python3.7/site-packages/airflow/example_dags/example_python_operator.py for tasks to queue
[2023-04-10T02:07:56.539+0000] {logging_mixin.py:137} INFO - [2023-04-10T02:07:56.538+0000] {dagbag.py:532} INFO - Filling up the DagBag from /home/airflow/.local/lib/python3.7/site-packages/airflow/example_dags/example_python_operator.py
[2023-04-10T02:07:56.591+0000] {logging_mixin.py:137} INFO - [2023-04-10T02:07:56.590+0000] {taskmixin.py:211} WARNING - Dependency <Task(_PythonDecoratedOperator): print_the_context>, log_sql_query already registered for DAG: example_python_operator
[2023-04-10T02:07:56.595+0000] {logging_mixin.py:137} INFO - [2023-04-10T02:07:56.595+0000] {taskmixin.py:211} WARNING - Dependency <Task(_PythonDecoratedOperator): log_sql_query>, print_the_context already registered for DAG: example_python_operator
[2023-04-10T02:07:56.596+0000] {logging_mixin.py:137} INFO - [2023-04-10T02:07:56.596+0000] {taskmixin.py:211} WARNING - Dependency <Task(_PythonDecoratedOperator): print_the_context>, log_sql_query already registered for DAG: example_python_operator
[2023-04-10T02:07:56.596+0000] {logging_mixin.py:137} INFO - [2023-04-10T02:07:56.596+0000] {taskmixin.py:211} WARNING - Dependency <Task(_PythonDecoratedOperator): log_sql_query>, print_the_context already registered for DAG: example_python_operator
[2023-04-10T02:07:56.598+0000] {logging_mixin.py:137} INFO - [2023-04-10T02:07:56.597+0000] {taskmixin.py:211} WARNING - Dependency <Task(_PythonDecoratedOperator): print_the_context>, log_sql_query already registered for DAG: example_python_operator
[2023-04-10T02:07:56.598+0000] {logging_mixin.py:137} INFO - [2023-04-10T02:07:56.598+0000] {taskmixin.py:211} WARNING - Dependency <Task(_PythonDecoratedOperator): log_sql_query>, print_the_context already registered for DAG: example_python_operator
[2023-04-10T02:07:56.599+0000] {logging_mixin.py:137} INFO - [2023-04-10T02:07:56.599+0000] {taskmixin.py:211} WARNING - Dependency <Task(_PythonDecoratedOperator): print_the_context>, log_sql_query already registered for DAG: example_python_operator
[2023-04-10T02:07:56.599+0000] {logging_mixin.py:137} INFO - [2023-04-10T02:07:56.599+0000] {taskmixin.py:211} WARNING - Dependency <Task(_PythonDecoratedOperator): log_sql_query>, print_the_context already registered for DAG: example_python_operator
[2023-04-10T02:07:56.622+0000] {processor.py:753} INFO - DAG(s) dict_keys(['example_python_operator']) retrieved from /home/airflow/.local/lib/python3.7/site-packages/airflow/example_dags/example_python_operator.py
[2023-04-10T02:07:56.701+0000] {logging_mixin.py:137} INFO - [2023-04-10T02:07:56.701+0000] {dag.py:2705} INFO - Sync 1 DAGs
[2023-04-10T02:07:56.788+0000] {logging_mixin.py:137} INFO - [2023-04-10T02:07:56.788+0000] {dag.py:3456} INFO - Setting next_dagrun for example_python_operator to None, run_after=None
[2023-04-10T02:07:56.870+0000] {processor.py:175} INFO - Processing /home/airflow/.local/lib/python3.7/site-packages/airflow/example_dags/example_python_operator.py took 0.345 seconds
[2023-04-10T02:08:27.166+0000] {processor.py:153} INFO - Started process (PID=157) to work on /home/airflow/.local/lib/python3.7/site-packages/airflow/example_dags/example_python_operator.py
[2023-04-10T02:08:27.167+0000] {processor.py:743} INFO - Processing file /home/airflow/.local/lib/python3.7/site-packages/airflow/example_dags/example_python_operator.py for tasks to queue
[2023-04-10T02:08:27.168+0000] {logging_mixin.py:137} INFO - [2023-04-10T02:08:27.167+0000] {dagbag.py:532} INFO - Filling up the DagBag from /home/airflow/.local/lib/python3.7/site-packages/airflow/example_dags/example_python_operator.py
[2023-04-10T02:08:27.193+0000] {logging_mixin.py:137} INFO - [2023-04-10T02:08:27.193+0000] {taskmixin.py:211} WARNING - Dependency <Task(_PythonDecoratedOperator): print_the_context>, log_sql_query already registered for DAG: example_python_operator
[2023-04-10T02:08:27.193+0000] {logging_mixin.py:137} INFO - [2023-04-10T02:08:27.193+0000] {taskmixin.py:211} WARNING - Dependency <Task(_PythonDecoratedOperator): log_sql_query>, print_the_context already registered for DAG: example_python_operator
[2023-04-10T02:08:27.194+0000] {logging_mixin.py:137} INFO - [2023-04-10T02:08:27.194+0000] {taskmixin.py:211} WARNING - Dependency <Task(_PythonDecoratedOperator): print_the_context>, log_sql_query already registered for DAG: example_python_operator
[2023-04-10T02:08:27.195+0000] {logging_mixin.py:137} INFO - [2023-04-10T02:08:27.194+0000] {taskmixin.py:211} WARNING - Dependency <Task(_PythonDecoratedOperator): log_sql_query>, print_the_context already registered for DAG: example_python_operator
[2023-04-10T02:08:27.196+0000] {logging_mixin.py:137} INFO - [2023-04-10T02:08:27.195+0000] {taskmixin.py:211} WARNING - Dependency <Task(_PythonDecoratedOperator): print_the_context>, log_sql_query already registered for DAG: example_python_operator
[2023-04-10T02:08:27.196+0000] {logging_mixin.py:137} INFO - [2023-04-10T02:08:27.196+0000] {taskmixin.py:211} WARNING - Dependency <Task(_PythonDecoratedOperator): log_sql_query>, print_the_context already registered for DAG: example_python_operator
[2023-04-10T02:08:27.197+0000] {logging_mixin.py:137} INFO - [2023-04-10T02:08:27.197+0000] {taskmixin.py:211} WARNING - Dependency <Task(_PythonDecoratedOperator): print_the_context>, log_sql_query already registered for DAG: example_python_operator
[2023-04-10T02:08:27.197+0000] {logging_mixin.py:137} INFO - [2023-04-10T02:08:27.197+0000] {taskmixin.py:211} WARNING - Dependency <Task(_PythonDecoratedOperator): log_sql_query>, print_the_context already registered for DAG: example_python_operator
[2023-04-10T02:08:27.207+0000] {processor.py:753} INFO - DAG(s) dict_keys(['example_python_operator']) retrieved from /home/airflow/.local/lib/python3.7/site-packages/airflow/example_dags/example_python_operator.py
[2023-04-10T02:08:27.253+0000] {logging_mixin.py:137} INFO - [2023-04-10T02:08:27.253+0000] {dag.py:2705} INFO - Sync 1 DAGs
[2023-04-10T02:08:27.292+0000] {logging_mixin.py:137} INFO - [2023-04-10T02:08:27.292+0000] {dag.py:3456} INFO - Setting next_dagrun for example_python_operator to None, run_after=None
[2023-04-10T02:08:27.316+0000] {processor.py:175} INFO - Processing /home/airflow/.local/lib/python3.7/site-packages/airflow/example_dags/example_python_operator.py took 0.154 seconds
[2023-04-10T02:08:57.441+0000] {processor.py:153} INFO - Started process (PID=207) to work on /home/airflow/.local/lib/python3.7/site-packages/airflow/example_dags/example_python_operator.py
[2023-04-10T02:08:57.442+0000] {processor.py:743} INFO - Processing file /home/airflow/.local/lib/python3.7/site-packages/airflow/example_dags/example_python_operator.py for tasks to queue
[2023-04-10T02:08:57.443+0000] {logging_mixin.py:137} INFO - [2023-04-10T02:08:57.443+0000] {dagbag.py:532} INFO - Filling up the DagBag from /home/airflow/.local/lib/python3.7/site-packages/airflow/example_dags/example_python_operator.py
[2023-04-10T02:08:57.469+0000] {logging_mixin.py:137} INFO - [2023-04-10T02:08:57.469+0000] {taskmixin.py:211} WARNING - Dependency <Task(_PythonDecoratedOperator): print_the_context>, log_sql_query already registered for DAG: example_python_operator
[2023-04-10T02:08:57.469+0000] {logging_mixin.py:137} INFO - [2023-04-10T02:08:57.469+0000] {taskmixin.py:211} WARNING - Dependency <Task(_PythonDecoratedOperator): log_sql_query>, print_the_context already registered for DAG: example_python_operator
[2023-04-10T02:08:57.470+0000] {logging_mixin.py:137} INFO - [2023-04-10T02:08:57.470+0000] {taskmixin.py:211} WARNING - Dependency <Task(_PythonDecoratedOperator): print_the_context>, log_sql_query already registered for DAG: example_python_operator
[2023-04-10T02:08:57.470+0000] {logging_mixin.py:137} INFO - [2023-04-10T02:08:57.470+0000] {taskmixin.py:211} WARNING - Dependency <Task(_PythonDecoratedOperator): log_sql_query>, print_the_context already registered for DAG: example_python_operator
[2023-04-10T02:08:57.472+0000] {logging_mixin.py:137} INFO - [2023-04-10T02:08:57.471+0000] {taskmixin.py:211} WARNING - Dependency <Task(_PythonDecoratedOperator): print_the_context>, log_sql_query already registered for DAG: example_python_operator
[2023-04-10T02:08:57.472+0000] {logging_mixin.py:137} INFO - [2023-04-10T02:08:57.472+0000] {taskmixin.py:211} WARNING - Dependency <Task(_PythonDecoratedOperator): log_sql_query>, print_the_context already registered for DAG: example_python_operator
[2023-04-10T02:08:57.473+0000] {logging_mixin.py:137} INFO - [2023-04-10T02:08:57.473+0000] {taskmixin.py:211} WARNING - Dependency <Task(_PythonDecoratedOperator): print_the_context>, log_sql_query already registered for DAG: example_python_operator
[2023-04-10T02:08:57.473+0000] {logging_mixin.py:137} INFO - [2023-04-10T02:08:57.473+0000] {taskmixin.py:211} WARNING - Dependency <Task(_PythonDecoratedOperator): log_sql_query>, print_the_context already registered for DAG: example_python_operator
[2023-04-10T02:08:57.483+0000] {processor.py:753} INFO - DAG(s) dict_keys(['example_python_operator']) retrieved from /home/airflow/.local/lib/python3.7/site-packages/airflow/example_dags/example_python_operator.py
[2023-04-10T02:08:57.530+0000] {logging_mixin.py:137} INFO - [2023-04-10T02:08:57.530+0000] {dag.py:2705} INFO - Sync 1 DAGs
[2023-04-10T02:08:57.568+0000] {logging_mixin.py:137} INFO - [2023-04-10T02:08:57.568+0000] {dag.py:3456} INFO - Setting next_dagrun for example_python_operator to None, run_after=None
[2023-04-10T02:08:57.594+0000] {processor.py:175} INFO - Processing /home/airflow/.local/lib/python3.7/site-packages/airflow/example_dags/example_python_operator.py took 0.157 seconds
[2023-04-10T02:09:27.671+0000] {processor.py:153} INFO - Started process (PID=257) to work on /home/airflow/.local/lib/python3.7/site-packages/airflow/example_dags/example_python_operator.py
[2023-04-10T02:09:27.672+0000] {processor.py:743} INFO - Processing file /home/airflow/.local/lib/python3.7/site-packages/airflow/example_dags/example_python_operator.py for tasks to queue
[2023-04-10T02:09:27.672+0000] {logging_mixin.py:137} INFO - [2023-04-10T02:09:27.672+0000] {dagbag.py:532} INFO - Filling up the DagBag from /home/airflow/.local/lib/python3.7/site-packages/airflow/example_dags/example_python_operator.py
[2023-04-10T02:09:27.707+0000] {logging_mixin.py:137} INFO - [2023-04-10T02:09:27.707+0000] {taskmixin.py:211} WARNING - Dependency <Task(_PythonDecoratedOperator): print_the_context>, log_sql_query already registered for DAG: example_python_operator
[2023-04-10T02:09:27.708+0000] {logging_mixin.py:137} INFO - [2023-04-10T02:09:27.708+0000] {taskmixin.py:211} WARNING - Dependency <Task(_PythonDecoratedOperator): log_sql_query>, print_the_context already registered for DAG: example_python_operator
[2023-04-10T02:09:27.709+0000] {logging_mixin.py:137} INFO - [2023-04-10T02:09:27.709+0000] {taskmixin.py:211} WARNING - Dependency <Task(_PythonDecoratedOperator): print_the_context>, log_sql_query already registered for DAG: example_python_operator
[2023-04-10T02:09:27.709+0000] {logging_mixin.py:137} INFO - [2023-04-10T02:09:27.709+0000] {taskmixin.py:211} WARNING - Dependency <Task(_PythonDecoratedOperator): log_sql_query>, print_the_context already registered for DAG: example_python_operator
[2023-04-10T02:09:27.710+0000] {logging_mixin.py:137} INFO - [2023-04-10T02:09:27.710+0000] {taskmixin.py:211} WARNING - Dependency <Task(_PythonDecoratedOperator): print_the_context>, log_sql_query already registered for DAG: example_python_operator
[2023-04-10T02:09:27.710+0000] {logging_mixin.py:137} INFO - [2023-04-10T02:09:27.710+0000] {taskmixin.py:211} WARNING - Dependency <Task(_PythonDecoratedOperator): log_sql_query>, print_the_context already registered for DAG: example_python_operator
[2023-04-10T02:09:27.712+0000] {logging_mixin.py:137} INFO - [2023-04-10T02:09:27.711+0000] {taskmixin.py:211} WARNING - Dependency <Task(_PythonDecoratedOperator): print_the_context>, log_sql_query already registered for DAG: example_python_operator
[2023-04-10T02:09:27.712+0000] {logging_mixin.py:137} INFO - [2023-04-10T02:09:27.712+0000] {taskmixin.py:211} WARNING - Dependency <Task(_PythonDecoratedOperator): log_sql_query>, print_the_context already registered for DAG: example_python_operator
[2023-04-10T02:09:27.729+0000] {processor.py:753} INFO - DAG(s) dict_keys(['example_python_operator']) retrieved from /home/airflow/.local/lib/python3.7/site-packages/airflow/example_dags/example_python_operator.py
[2023-04-10T02:09:27.769+0000] {logging_mixin.py:137} INFO - [2023-04-10T02:09:27.769+0000] {dag.py:2705} INFO - Sync 1 DAGs
[2023-04-10T02:09:27.809+0000] {logging_mixin.py:137} INFO - [2023-04-10T02:09:27.809+0000] {dag.py:3456} INFO - Setting next_dagrun for example_python_operator to None, run_after=None
[2023-04-10T02:09:27.834+0000] {processor.py:175} INFO - Processing /home/airflow/.local/lib/python3.7/site-packages/airflow/example_dags/example_python_operator.py took 0.167 seconds
[2023-04-10T02:09:58.125+0000] {processor.py:153} INFO - Started process (PID=308) to work on /home/airflow/.local/lib/python3.7/site-packages/airflow/example_dags/example_python_operator.py
[2023-04-10T02:09:58.126+0000] {processor.py:743} INFO - Processing file /home/airflow/.local/lib/python3.7/site-packages/airflow/example_dags/example_python_operator.py for tasks to queue
[2023-04-10T02:09:58.127+0000] {logging_mixin.py:137} INFO - [2023-04-10T02:09:58.127+0000] {dagbag.py:532} INFO - Filling up the DagBag from /home/airflow/.local/lib/python3.7/site-packages/airflow/example_dags/example_python_operator.py
[2023-04-10T02:09:58.153+0000] {logging_mixin.py:137} INFO - [2023-04-10T02:09:58.153+0000] {taskmixin.py:211} WARNING - Dependency <Task(_PythonDecoratedOperator): print_the_context>, log_sql_query already registered for DAG: example_python_operator
[2023-04-10T02:09:58.153+0000] {logging_mixin.py:137} INFO - [2023-04-10T02:09:58.153+0000] {taskmixin.py:211} WARNING - Dependency <Task(_PythonDecoratedOperator): log_sql_query>, print_the_context already registered for DAG: example_python_operator
[2023-04-10T02:09:58.154+0000] {logging_mixin.py:137} INFO - [2023-04-10T02:09:58.154+0000] {taskmixin.py:211} WARNING - Dependency <Task(_PythonDecoratedOperator): print_the_context>, log_sql_query already registered for DAG: example_python_operator
[2023-04-10T02:09:58.154+0000] {logging_mixin.py:137} INFO - [2023-04-10T02:09:58.154+0000] {taskmixin.py:211} WARNING - Dependency <Task(_PythonDecoratedOperator): log_sql_query>, print_the_context already registered for DAG: example_python_operator
[2023-04-10T02:09:58.155+0000] {logging_mixin.py:137} INFO - [2023-04-10T02:09:58.155+0000] {taskmixin.py:211} WARNING - Dependency <Task(_PythonDecoratedOperator): print_the_context>, log_sql_query already registered for DAG: example_python_operator
[2023-04-10T02:09:58.156+0000] {logging_mixin.py:137} INFO - [2023-04-10T02:09:58.156+0000] {taskmixin.py:211} WARNING - Dependency <Task(_PythonDecoratedOperator): log_sql_query>, print_the_context already registered for DAG: example_python_operator
[2023-04-10T02:09:58.157+0000] {logging_mixin.py:137} INFO - [2023-04-10T02:09:58.157+0000] {taskmixin.py:211} WARNING - Dependency <Task(_PythonDecoratedOperator): print_the_context>, log_sql_query already registered for DAG: example_python_operator
[2023-04-10T02:09:58.157+0000] {logging_mixin.py:137} INFO - [2023-04-10T02:09:58.157+0000] {taskmixin.py:211} WARNING - Dependency <Task(_PythonDecoratedOperator): log_sql_query>, print_the_context already registered for DAG: example_python_operator
[2023-04-10T02:09:58.167+0000] {processor.py:753} INFO - DAG(s) dict_keys(['example_python_operator']) retrieved from /home/airflow/.local/lib/python3.7/site-packages/airflow/example_dags/example_python_operator.py
[2023-04-10T02:09:58.213+0000] {logging_mixin.py:137} INFO - [2023-04-10T02:09:58.213+0000] {dag.py:2705} INFO - Sync 1 DAGs
[2023-04-10T02:09:58.252+0000] {logging_mixin.py:137} INFO - [2023-04-10T02:09:58.252+0000] {dag.py:3456} INFO - Setting next_dagrun for example_python_operator to None, run_after=None
[2023-04-10T02:09:58.275+0000] {processor.py:175} INFO - Processing /home/airflow/.local/lib/python3.7/site-packages/airflow/example_dags/example_python_operator.py took 0.154 seconds
[2023-04-10T02:10:28.338+0000] {processor.py:153} INFO - Started process (PID=359) to work on /home/airflow/.local/lib/python3.7/site-packages/airflow/example_dags/example_python_operator.py
[2023-04-10T02:10:28.339+0000] {processor.py:743} INFO - Processing file /home/airflow/.local/lib/python3.7/site-packages/airflow/example_dags/example_python_operator.py for tasks to queue
[2023-04-10T02:10:28.340+0000] {logging_mixin.py:137} INFO - [2023-04-10T02:10:28.340+0000] {dagbag.py:532} INFO - Filling up the DagBag from /home/airflow/.local/lib/python3.7/site-packages/airflow/example_dags/example_python_operator.py
[2023-04-10T02:10:28.367+0000] {logging_mixin.py:137} INFO - [2023-04-10T02:10:28.366+0000] {taskmixin.py:211} WARNING - Dependency <Task(_PythonDecoratedOperator): print_the_context>, log_sql_query already registered for DAG: example_python_operator
[2023-04-10T02:10:28.367+0000] {logging_mixin.py:137} INFO - [2023-04-10T02:10:28.367+0000] {taskmixin.py:211} WARNING - Dependency <Task(_PythonDecoratedOperator): log_sql_query>, print_the_context already registered for DAG: example_python_operator
[2023-04-10T02:10:28.368+0000] {logging_mixin.py:137} INFO - [2023-04-10T02:10:28.368+0000] {taskmixin.py:211} WARNING - Dependency <Task(_PythonDecoratedOperator): print_the_context>, log_sql_query already registered for DAG: example_python_operator
[2023-04-10T02:10:28.368+0000] {logging_mixin.py:137} INFO - [2023-04-10T02:10:28.368+0000] {taskmixin.py:211} WARNING - Dependency <Task(_PythonDecoratedOperator): log_sql_query>, print_the_context already registered for DAG: example_python_operator
[2023-04-10T02:10:28.369+0000] {logging_mixin.py:137} INFO - [2023-04-10T02:10:28.369+0000] {taskmixin.py:211} WARNING - Dependency <Task(_PythonDecoratedOperator): print_the_context>, log_sql_query already registered for DAG: example_python_operator
[2023-04-10T02:10:28.370+0000] {logging_mixin.py:137} INFO - [2023-04-10T02:10:28.370+0000] {taskmixin.py:211} WARNING - Dependency <Task(_PythonDecoratedOperator): log_sql_query>, print_the_context already registered for DAG: example_python_operator
[2023-04-10T02:10:28.371+0000] {logging_mixin.py:137} INFO - [2023-04-10T02:10:28.371+0000] {taskmixin.py:211} WARNING - Dependency <Task(_PythonDecoratedOperator): print_the_context>, log_sql_query already registered for DAG: example_python_operator
[2023-04-10T02:10:28.371+0000] {logging_mixin.py:137} INFO - [2023-04-10T02:10:28.371+0000] {taskmixin.py:211} WARNING - Dependency <Task(_PythonDecoratedOperator): log_sql_query>, print_the_context already registered for DAG: example_python_operator
[2023-04-10T02:10:28.381+0000] {processor.py:753} INFO - DAG(s) dict_keys(['example_python_operator']) retrieved from /home/airflow/.local/lib/python3.7/site-packages/airflow/example_dags/example_python_operator.py
[2023-04-10T02:10:28.423+0000] {logging_mixin.py:137} INFO - [2023-04-10T02:10:28.423+0000] {dag.py:2705} INFO - Sync 1 DAGs
[2023-04-10T02:10:28.461+0000] {logging_mixin.py:137} INFO - [2023-04-10T02:10:28.461+0000] {dag.py:3456} INFO - Setting next_dagrun for example_python_operator to None, run_after=None
[2023-04-10T02:10:28.484+0000] {processor.py:175} INFO - Processing /home/airflow/.local/lib/python3.7/site-packages/airflow/example_dags/example_python_operator.py took 0.150 seconds
[2023-04-10T02:10:58.652+0000] {processor.py:153} INFO - Started process (PID=409) to work on /home/airflow/.local/lib/python3.7/site-packages/airflow/example_dags/example_python_operator.py
[2023-04-10T02:10:58.653+0000] {processor.py:743} INFO - Processing file /home/airflow/.local/lib/python3.7/site-packages/airflow/example_dags/example_python_operator.py for tasks to queue
[2023-04-10T02:10:58.654+0000] {logging_mixin.py:137} INFO - [2023-04-10T02:10:58.654+0000] {dagbag.py:532} INFO - Filling up the DagBag from /home/airflow/.local/lib/python3.7/site-packages/airflow/example_dags/example_python_operator.py
[2023-04-10T02:10:58.680+0000] {logging_mixin.py:137} INFO - [2023-04-10T02:10:58.680+0000] {taskmixin.py:211} WARNING - Dependency <Task(_PythonDecoratedOperator): print_the_context>, log_sql_query already registered for DAG: example_python_operator
[2023-04-10T02:10:58.680+0000] {logging_mixin.py:137} INFO - [2023-04-10T02:10:58.680+0000] {taskmixin.py:211} WARNING - Dependency <Task(_PythonDecoratedOperator): log_sql_query>, print_the_context already registered for DAG: example_python_operator
[2023-04-10T02:10:58.681+0000] {logging_mixin.py:137} INFO - [2023-04-10T02:10:58.681+0000] {taskmixin.py:211} WARNING - Dependency <Task(_PythonDecoratedOperator): print_the_context>, log_sql_query already registered for DAG: example_python_operator
[2023-04-10T02:10:58.681+0000] {logging_mixin.py:137} INFO - [2023-04-10T02:10:58.681+0000] {taskmixin.py:211} WARNING - Dependency <Task(_PythonDecoratedOperator): log_sql_query>, print_the_context already registered for DAG: example_python_operator
[2023-04-10T02:10:58.683+0000] {logging_mixin.py:137} INFO - [2023-04-10T02:10:58.682+0000] {taskmixin.py:211} WARNING - Dependency <Task(_PythonDecoratedOperator): print_the_context>, log_sql_query already registered for DAG: example_python_operator
[2023-04-10T02:10:58.683+0000] {logging_mixin.py:137} INFO - [2023-04-10T02:10:58.683+0000] {taskmixin.py:211} WARNING - Dependency <Task(_PythonDecoratedOperator): log_sql_query>, print_the_context already registered for DAG: example_python_operator
[2023-04-10T02:10:58.684+0000] {logging_mixin.py:137} INFO - [2023-04-10T02:10:58.684+0000] {taskmixin.py:211} WARNING - Dependency <Task(_PythonDecoratedOperator): print_the_context>, log_sql_query already registered for DAG: example_python_operator
[2023-04-10T02:10:58.684+0000] {logging_mixin.py:137} INFO - [2023-04-10T02:10:58.684+0000] {taskmixin.py:211} WARNING - Dependency <Task(_PythonDecoratedOperator): log_sql_query>, print_the_context already registered for DAG: example_python_operator
[2023-04-10T02:10:58.702+0000] {processor.py:753} INFO - DAG(s) dict_keys(['example_python_operator']) retrieved from /home/airflow/.local/lib/python3.7/site-packages/airflow/example_dags/example_python_operator.py
[2023-04-10T02:10:58.741+0000] {logging_mixin.py:137} INFO - [2023-04-10T02:10:58.741+0000] {dag.py:2705} INFO - Sync 1 DAGs
[2023-04-10T02:10:58.779+0000] {logging_mixin.py:137} INFO - [2023-04-10T02:10:58.779+0000] {dag.py:3456} INFO - Setting next_dagrun for example_python_operator to None, run_after=None
[2023-04-10T02:10:58.805+0000] {processor.py:175} INFO - Processing /home/airflow/.local/lib/python3.7/site-packages/airflow/example_dags/example_python_operator.py took 0.158 seconds
[2023-04-10T02:11:29.190+0000] {processor.py:153} INFO - Started process (PID=459) to work on /home/airflow/.local/lib/python3.7/site-packages/airflow/example_dags/example_python_operator.py
[2023-04-10T02:11:29.191+0000] {processor.py:743} INFO - Processing file /home/airflow/.local/lib/python3.7/site-packages/airflow/example_dags/example_python_operator.py for tasks to queue
[2023-04-10T02:11:29.192+0000] {logging_mixin.py:137} INFO - [2023-04-10T02:11:29.192+0000] {dagbag.py:532} INFO - Filling up the DagBag from /home/airflow/.local/lib/python3.7/site-packages/airflow/example_dags/example_python_operator.py
[2023-04-10T02:11:29.219+0000] {logging_mixin.py:137} INFO - [2023-04-10T02:11:29.219+0000] {taskmixin.py:211} WARNING - Dependency <Task(_PythonDecoratedOperator): print_the_context>, log_sql_query already registered for DAG: example_python_operator
[2023-04-10T02:11:29.219+0000] {logging_mixin.py:137} INFO - [2023-04-10T02:11:29.219+0000] {taskmixin.py:211} WARNING - Dependency <Task(_PythonDecoratedOperator): log_sql_query>, print_the_context already registered for DAG: example_python_operator
[2023-04-10T02:11:29.220+0000] {logging_mixin.py:137} INFO - [2023-04-10T02:11:29.220+0000] {taskmixin.py:211} WARNING - Dependency <Task(_PythonDecoratedOperator): print_the_context>, log_sql_query already registered for DAG: example_python_operator
[2023-04-10T02:11:29.221+0000] {logging_mixin.py:137} INFO - [2023-04-10T02:11:29.220+0000] {taskmixin.py:211} WARNING - Dependency <Task(_PythonDecoratedOperator): log_sql_query>, print_the_context already registered for DAG: example_python_operator
[2023-04-10T02:11:29.222+0000] {logging_mixin.py:137} INFO - [2023-04-10T02:11:29.221+0000] {taskmixin.py:211} WARNING - Dependency <Task(_PythonDecoratedOperator): print_the_context>, log_sql_query already registered for DAG: example_python_operator
[2023-04-10T02:11:29.222+0000] {logging_mixin.py:137} INFO - [2023-04-10T02:11:29.222+0000] {taskmixin.py:211} WARNING - Dependency <Task(_PythonDecoratedOperator): log_sql_query>, print_the_context already registered for DAG: example_python_operator
[2023-04-10T02:11:29.223+0000] {logging_mixin.py:137} INFO - [2023-04-10T02:11:29.223+0000] {taskmixin.py:211} WARNING - Dependency <Task(_PythonDecoratedOperator): print_the_context>, log_sql_query already registered for DAG: example_python_operator
[2023-04-10T02:11:29.223+0000] {logging_mixin.py:137} INFO - [2023-04-10T02:11:29.223+0000] {taskmixin.py:211} WARNING - Dependency <Task(_PythonDecoratedOperator): log_sql_query>, print_the_context already registered for DAG: example_python_operator
[2023-04-10T02:11:29.233+0000] {processor.py:753} INFO - DAG(s) dict_keys(['example_python_operator']) retrieved from /home/airflow/.local/lib/python3.7/site-packages/airflow/example_dags/example_python_operator.py
[2023-04-10T02:11:29.273+0000] {logging_mixin.py:137} INFO - [2023-04-10T02:11:29.273+0000] {dag.py:2705} INFO - Sync 1 DAGs
[2023-04-10T02:11:29.313+0000] {logging_mixin.py:137} INFO - [2023-04-10T02:11:29.313+0000] {dag.py:3456} INFO - Setting next_dagrun for example_python_operator to None, run_after=None
[2023-04-10T02:11:29.336+0000] {processor.py:175} INFO - Processing /home/airflow/.local/lib/python3.7/site-packages/airflow/example_dags/example_python_operator.py took 0.150 seconds
[2023-04-10T02:12:00.236+0000] {processor.py:153} INFO - Started process (PID=509) to work on /home/airflow/.local/lib/python3.7/site-packages/airflow/example_dags/example_python_operator.py
[2023-04-10T02:12:00.241+0000] {processor.py:743} INFO - Processing file /home/airflow/.local/lib/python3.7/site-packages/airflow/example_dags/example_python_operator.py for tasks to queue
[2023-04-10T02:12:00.242+0000] {logging_mixin.py:137} INFO - [2023-04-10T02:12:00.242+0000] {dagbag.py:532} INFO - Filling up the DagBag from /home/airflow/.local/lib/python3.7/site-packages/airflow/example_dags/example_python_operator.py
[2023-04-10T02:12:00.293+0000] {logging_mixin.py:137} INFO - [2023-04-10T02:12:00.293+0000] {taskmixin.py:211} WARNING - Dependency <Task(_PythonDecoratedOperator): print_the_context>, log_sql_query already registered for DAG: example_python_operator
[2023-04-10T02:12:00.293+0000] {logging_mixin.py:137} INFO - [2023-04-10T02:12:00.293+0000] {taskmixin.py:211} WARNING - Dependency <Task(_PythonDecoratedOperator): log_sql_query>, print_the_context already registered for DAG: example_python_operator
[2023-04-10T02:12:00.299+0000] {logging_mixin.py:137} INFO - [2023-04-10T02:12:00.299+0000] {taskmixin.py:211} WARNING - Dependency <Task(_PythonDecoratedOperator): print_the_context>, log_sql_query already registered for DAG: example_python_operator
[2023-04-10T02:12:00.299+0000] {logging_mixin.py:137} INFO - [2023-04-10T02:12:00.299+0000] {taskmixin.py:211} WARNING - Dependency <Task(_PythonDecoratedOperator): log_sql_query>, print_the_context already registered for DAG: example_python_operator
[2023-04-10T02:12:00.301+0000] {logging_mixin.py:137} INFO - [2023-04-10T02:12:00.300+0000] {taskmixin.py:211} WARNING - Dependency <Task(_PythonDecoratedOperator): print_the_context>, log_sql_query already registered for DAG: example_python_operator
[2023-04-10T02:12:00.301+0000] {logging_mixin.py:137} INFO - [2023-04-10T02:12:00.301+0000] {taskmixin.py:211} WARNING - Dependency <Task(_PythonDecoratedOperator): log_sql_query>, print_the_context already registered for DAG: example_python_operator
[2023-04-10T02:12:00.302+0000] {logging_mixin.py:137} INFO - [2023-04-10T02:12:00.302+0000] {taskmixin.py:211} WARNING - Dependency <Task(_PythonDecoratedOperator): print_the_context>, log_sql_query already registered for DAG: example_python_operator
[2023-04-10T02:12:00.302+0000] {logging_mixin.py:137} INFO - [2023-04-10T02:12:00.302+0000] {taskmixin.py:211} WARNING - Dependency <Task(_PythonDecoratedOperator): log_sql_query>, print_the_context already registered for DAG: example_python_operator
[2023-04-10T02:12:00.323+0000] {processor.py:753} INFO - DAG(s) dict_keys(['example_python_operator']) retrieved from /home/airflow/.local/lib/python3.7/site-packages/airflow/example_dags/example_python_operator.py
[2023-04-10T02:12:00.401+0000] {logging_mixin.py:137} INFO - [2023-04-10T02:12:00.401+0000] {dag.py:2705} INFO - Sync 1 DAGs
[2023-04-10T02:12:00.474+0000] {logging_mixin.py:137} INFO - [2023-04-10T02:12:00.473+0000] {dag.py:3456} INFO - Setting next_dagrun for example_python_operator to None, run_after=None
[2023-04-10T02:12:00.526+0000] {processor.py:175} INFO - Processing /home/airflow/.local/lib/python3.7/site-packages/airflow/example_dags/example_python_operator.py took 0.299 seconds
