[2023-04-10T02:07:28.029+0000] {processor.py:153} INFO - Started process (PID=66) to work on /home/airflow/.local/lib/python3.7/site-packages/airflow/example_dags/example_latest_only_with_trigger.py
[2023-04-10T02:07:28.030+0000] {processor.py:743} INFO - Processing file /home/airflow/.local/lib/python3.7/site-packages/airflow/example_dags/example_latest_only_with_trigger.py for tasks to queue
[2023-04-10T02:07:28.031+0000] {logging_mixin.py:137} INFO - [2023-04-10T02:07:28.030+0000] {dagbag.py:532} INFO - Filling up the DagBag from /home/airflow/.local/lib/python3.7/site-packages/airflow/example_dags/example_latest_only_with_trigger.py
[2023-04-10T02:07:28.092+0000] {processor.py:753} INFO - DAG(s) dict_keys(['latest_only_with_trigger']) retrieved from /home/airflow/.local/lib/python3.7/site-packages/airflow/example_dags/example_latest_only_with_trigger.py
[2023-04-10T02:07:28.218+0000] {logging_mixin.py:137} INFO - [2023-04-10T02:07:28.217+0000] {dag.py:2705} INFO - Sync 1 DAGs
[2023-04-10T02:07:28.326+0000] {logging_mixin.py:137} INFO - [2023-04-10T02:07:28.326+0000] {dag.py:3456} INFO - Setting next_dagrun for latest_only_with_trigger to 2023-04-09T22:07:28.326153+00:00, run_after=2023-04-10T02:07:28.326153+00:00
[2023-04-10T02:07:28.418+0000] {processor.py:175} INFO - Processing /home/airflow/.local/lib/python3.7/site-packages/airflow/example_dags/example_latest_only_with_trigger.py took 0.421 seconds
[2023-04-10T02:07:58.926+0000] {processor.py:153} INFO - Started process (PID=117) to work on /home/airflow/.local/lib/python3.7/site-packages/airflow/example_dags/example_latest_only_with_trigger.py
[2023-04-10T02:07:58.927+0000] {processor.py:743} INFO - Processing file /home/airflow/.local/lib/python3.7/site-packages/airflow/example_dags/example_latest_only_with_trigger.py for tasks to queue
[2023-04-10T02:07:58.928+0000] {logging_mixin.py:137} INFO - [2023-04-10T02:07:58.928+0000] {dagbag.py:532} INFO - Filling up the DagBag from /home/airflow/.local/lib/python3.7/site-packages/airflow/example_dags/example_latest_only_with_trigger.py
[2023-04-10T02:07:58.998+0000] {processor.py:753} INFO - DAG(s) dict_keys(['latest_only_with_trigger']) retrieved from /home/airflow/.local/lib/python3.7/site-packages/airflow/example_dags/example_latest_only_with_trigger.py
[2023-04-10T02:07:59.126+0000] {logging_mixin.py:137} INFO - [2023-04-10T02:07:59.125+0000] {dag.py:2705} INFO - Sync 1 DAGs
[2023-04-10T02:07:59.258+0000] {logging_mixin.py:137} INFO - [2023-04-10T02:07:59.258+0000] {dag.py:3456} INFO - Setting next_dagrun for latest_only_with_trigger to 2023-04-09T22:07:59.258037+00:00, run_after=2023-04-10T02:07:59.258037+00:00
[2023-04-10T02:07:59.333+0000] {processor.py:175} INFO - Processing /home/airflow/.local/lib/python3.7/site-packages/airflow/example_dags/example_latest_only_with_trigger.py took 0.430 seconds
[2023-04-10T02:08:30.086+0000] {processor.py:153} INFO - Started process (PID=167) to work on /home/airflow/.local/lib/python3.7/site-packages/airflow/example_dags/example_latest_only_with_trigger.py
[2023-04-10T02:08:30.088+0000] {processor.py:743} INFO - Processing file /home/airflow/.local/lib/python3.7/site-packages/airflow/example_dags/example_latest_only_with_trigger.py for tasks to queue
[2023-04-10T02:08:30.088+0000] {logging_mixin.py:137} INFO - [2023-04-10T02:08:30.088+0000] {dagbag.py:532} INFO - Filling up the DagBag from /home/airflow/.local/lib/python3.7/site-packages/airflow/example_dags/example_latest_only_with_trigger.py
[2023-04-10T02:08:30.108+0000] {processor.py:753} INFO - DAG(s) dict_keys(['latest_only_with_trigger']) retrieved from /home/airflow/.local/lib/python3.7/site-packages/airflow/example_dags/example_latest_only_with_trigger.py
[2023-04-10T02:08:30.146+0000] {logging_mixin.py:137} INFO - [2023-04-10T02:08:30.146+0000] {dag.py:2705} INFO - Sync 1 DAGs
[2023-04-10T02:08:30.188+0000] {logging_mixin.py:137} INFO - [2023-04-10T02:08:30.187+0000] {dag.py:3456} INFO - Setting next_dagrun for latest_only_with_trigger to 2023-04-09T22:08:30.187538+00:00, run_after=2023-04-10T02:08:30.187538+00:00
[2023-04-10T02:08:30.212+0000] {processor.py:175} INFO - Processing /home/airflow/.local/lib/python3.7/site-packages/airflow/example_dags/example_latest_only_with_trigger.py took 0.130 seconds
[2023-04-10T02:09:00.318+0000] {processor.py:153} INFO - Started process (PID=217) to work on /home/airflow/.local/lib/python3.7/site-packages/airflow/example_dags/example_latest_only_with_trigger.py
[2023-04-10T02:09:00.319+0000] {processor.py:743} INFO - Processing file /home/airflow/.local/lib/python3.7/site-packages/airflow/example_dags/example_latest_only_with_trigger.py for tasks to queue
[2023-04-10T02:09:00.320+0000] {logging_mixin.py:137} INFO - [2023-04-10T02:09:00.320+0000] {dagbag.py:532} INFO - Filling up the DagBag from /home/airflow/.local/lib/python3.7/site-packages/airflow/example_dags/example_latest_only_with_trigger.py
[2023-04-10T02:09:00.341+0000] {processor.py:753} INFO - DAG(s) dict_keys(['latest_only_with_trigger']) retrieved from /home/airflow/.local/lib/python3.7/site-packages/airflow/example_dags/example_latest_only_with_trigger.py
[2023-04-10T02:09:00.378+0000] {logging_mixin.py:137} INFO - [2023-04-10T02:09:00.377+0000] {dag.py:2705} INFO - Sync 1 DAGs
[2023-04-10T02:09:00.418+0000] {logging_mixin.py:137} INFO - [2023-04-10T02:09:00.418+0000] {dag.py:3456} INFO - Setting next_dagrun for latest_only_with_trigger to 2023-04-09T22:09:00.417757+00:00, run_after=2023-04-10T02:09:00.417757+00:00
[2023-04-10T02:09:00.443+0000] {processor.py:175} INFO - Processing /home/airflow/.local/lib/python3.7/site-packages/airflow/example_dags/example_latest_only_with_trigger.py took 0.129 seconds
[2023-04-10T02:09:30.500+0000] {processor.py:153} INFO - Started process (PID=267) to work on /home/airflow/.local/lib/python3.7/site-packages/airflow/example_dags/example_latest_only_with_trigger.py
[2023-04-10T02:09:30.501+0000] {processor.py:743} INFO - Processing file /home/airflow/.local/lib/python3.7/site-packages/airflow/example_dags/example_latest_only_with_trigger.py for tasks to queue
[2023-04-10T02:09:30.502+0000] {logging_mixin.py:137} INFO - [2023-04-10T02:09:30.502+0000] {dagbag.py:532} INFO - Filling up the DagBag from /home/airflow/.local/lib/python3.7/site-packages/airflow/example_dags/example_latest_only_with_trigger.py
[2023-04-10T02:09:30.522+0000] {processor.py:753} INFO - DAG(s) dict_keys(['latest_only_with_trigger']) retrieved from /home/airflow/.local/lib/python3.7/site-packages/airflow/example_dags/example_latest_only_with_trigger.py
[2023-04-10T02:09:30.559+0000] {logging_mixin.py:137} INFO - [2023-04-10T02:09:30.559+0000] {dag.py:2705} INFO - Sync 1 DAGs
[2023-04-10T02:09:30.601+0000] {logging_mixin.py:137} INFO - [2023-04-10T02:09:30.600+0000] {dag.py:3456} INFO - Setting next_dagrun for latest_only_with_trigger to 2023-04-09T22:09:30.600497+00:00, run_after=2023-04-10T02:09:30.600497+00:00
[2023-04-10T02:09:30.627+0000] {processor.py:175} INFO - Processing /home/airflow/.local/lib/python3.7/site-packages/airflow/example_dags/example_latest_only_with_trigger.py took 0.132 seconds
[2023-04-10T02:10:00.859+0000] {processor.py:153} INFO - Started process (PID=318) to work on /home/airflow/.local/lib/python3.7/site-packages/airflow/example_dags/example_latest_only_with_trigger.py
[2023-04-10T02:10:00.860+0000] {processor.py:743} INFO - Processing file /home/airflow/.local/lib/python3.7/site-packages/airflow/example_dags/example_latest_only_with_trigger.py for tasks to queue
[2023-04-10T02:10:00.860+0000] {logging_mixin.py:137} INFO - [2023-04-10T02:10:00.860+0000] {dagbag.py:532} INFO - Filling up the DagBag from /home/airflow/.local/lib/python3.7/site-packages/airflow/example_dags/example_latest_only_with_trigger.py
[2023-04-10T02:10:00.881+0000] {processor.py:753} INFO - DAG(s) dict_keys(['latest_only_with_trigger']) retrieved from /home/airflow/.local/lib/python3.7/site-packages/airflow/example_dags/example_latest_only_with_trigger.py
[2023-04-10T02:10:00.919+0000] {logging_mixin.py:137} INFO - [2023-04-10T02:10:00.919+0000] {dag.py:2705} INFO - Sync 1 DAGs
[2023-04-10T02:10:00.961+0000] {logging_mixin.py:137} INFO - [2023-04-10T02:10:00.961+0000] {dag.py:3456} INFO - Setting next_dagrun for latest_only_with_trigger to 2023-04-09T22:10:00.961276+00:00, run_after=2023-04-10T02:10:00.961276+00:00
[2023-04-10T02:10:00.986+0000] {processor.py:175} INFO - Processing /home/airflow/.local/lib/python3.7/site-packages/airflow/example_dags/example_latest_only_with_trigger.py took 0.132 seconds
[2023-04-10T02:10:31.225+0000] {processor.py:153} INFO - Started process (PID=369) to work on /home/airflow/.local/lib/python3.7/site-packages/airflow/example_dags/example_latest_only_with_trigger.py
[2023-04-10T02:10:31.227+0000] {processor.py:743} INFO - Processing file /home/airflow/.local/lib/python3.7/site-packages/airflow/example_dags/example_latest_only_with_trigger.py for tasks to queue
[2023-04-10T02:10:31.227+0000] {logging_mixin.py:137} INFO - [2023-04-10T02:10:31.227+0000] {dagbag.py:532} INFO - Filling up the DagBag from /home/airflow/.local/lib/python3.7/site-packages/airflow/example_dags/example_latest_only_with_trigger.py
[2023-04-10T02:10:31.248+0000] {processor.py:753} INFO - DAG(s) dict_keys(['latest_only_with_trigger']) retrieved from /home/airflow/.local/lib/python3.7/site-packages/airflow/example_dags/example_latest_only_with_trigger.py
[2023-04-10T02:10:31.285+0000] {logging_mixin.py:137} INFO - [2023-04-10T02:10:31.284+0000] {dag.py:2705} INFO - Sync 1 DAGs
[2023-04-10T02:10:31.325+0000] {logging_mixin.py:137} INFO - [2023-04-10T02:10:31.325+0000] {dag.py:3456} INFO - Setting next_dagrun for latest_only_with_trigger to 2023-04-09T22:10:31.324892+00:00, run_after=2023-04-10T02:10:31.324892+00:00
[2023-04-10T02:10:31.349+0000] {processor.py:175} INFO - Processing /home/airflow/.local/lib/python3.7/site-packages/airflow/example_dags/example_latest_only_with_trigger.py took 0.129 seconds
[2023-04-10T02:11:01.466+0000] {processor.py:153} INFO - Started process (PID=419) to work on /home/airflow/.local/lib/python3.7/site-packages/airflow/example_dags/example_latest_only_with_trigger.py
[2023-04-10T02:11:01.467+0000] {processor.py:743} INFO - Processing file /home/airflow/.local/lib/python3.7/site-packages/airflow/example_dags/example_latest_only_with_trigger.py for tasks to queue
[2023-04-10T02:11:01.468+0000] {logging_mixin.py:137} INFO - [2023-04-10T02:11:01.468+0000] {dagbag.py:532} INFO - Filling up the DagBag from /home/airflow/.local/lib/python3.7/site-packages/airflow/example_dags/example_latest_only_with_trigger.py
[2023-04-10T02:11:01.489+0000] {processor.py:753} INFO - DAG(s) dict_keys(['latest_only_with_trigger']) retrieved from /home/airflow/.local/lib/python3.7/site-packages/airflow/example_dags/example_latest_only_with_trigger.py
[2023-04-10T02:11:01.526+0000] {logging_mixin.py:137} INFO - [2023-04-10T02:11:01.526+0000] {dag.py:2705} INFO - Sync 1 DAGs
[2023-04-10T02:11:01.574+0000] {logging_mixin.py:137} INFO - [2023-04-10T02:11:01.574+0000] {dag.py:3456} INFO - Setting next_dagrun for latest_only_with_trigger to 2023-04-09T22:11:01.573747+00:00, run_after=2023-04-10T02:11:01.573747+00:00
[2023-04-10T02:11:01.600+0000] {processor.py:175} INFO - Processing /home/airflow/.local/lib/python3.7/site-packages/airflow/example_dags/example_latest_only_with_trigger.py took 0.138 seconds
[2023-04-10T02:11:31.893+0000] {processor.py:153} INFO - Started process (PID=469) to work on /home/airflow/.local/lib/python3.7/site-packages/airflow/example_dags/example_latest_only_with_trigger.py
[2023-04-10T02:11:31.895+0000] {processor.py:743} INFO - Processing file /home/airflow/.local/lib/python3.7/site-packages/airflow/example_dags/example_latest_only_with_trigger.py for tasks to queue
[2023-04-10T02:11:31.895+0000] {logging_mixin.py:137} INFO - [2023-04-10T02:11:31.895+0000] {dagbag.py:532} INFO - Filling up the DagBag from /home/airflow/.local/lib/python3.7/site-packages/airflow/example_dags/example_latest_only_with_trigger.py
[2023-04-10T02:11:31.915+0000] {processor.py:753} INFO - DAG(s) dict_keys(['latest_only_with_trigger']) retrieved from /home/airflow/.local/lib/python3.7/site-packages/airflow/example_dags/example_latest_only_with_trigger.py
[2023-04-10T02:11:31.952+0000] {logging_mixin.py:137} INFO - [2023-04-10T02:11:31.952+0000] {dag.py:2705} INFO - Sync 1 DAGs
[2023-04-10T02:11:31.996+0000] {logging_mixin.py:137} INFO - [2023-04-10T02:11:31.995+0000] {dag.py:3456} INFO - Setting next_dagrun for latest_only_with_trigger to 2023-04-09T22:11:31.995621+00:00, run_after=2023-04-10T02:11:31.995621+00:00
[2023-04-10T02:11:32.021+0000] {processor.py:175} INFO - Processing /home/airflow/.local/lib/python3.7/site-packages/airflow/example_dags/example_latest_only_with_trigger.py took 0.132 seconds
[2023-04-10T02:12:02.626+0000] {processor.py:153} INFO - Started process (PID=519) to work on /home/airflow/.local/lib/python3.7/site-packages/airflow/example_dags/example_latest_only_with_trigger.py
[2023-04-10T02:12:02.627+0000] {processor.py:743} INFO - Processing file /home/airflow/.local/lib/python3.7/site-packages/airflow/example_dags/example_latest_only_with_trigger.py for tasks to queue
[2023-04-10T02:12:02.628+0000] {logging_mixin.py:137} INFO - [2023-04-10T02:12:02.627+0000] {dagbag.py:532} INFO - Filling up the DagBag from /home/airflow/.local/lib/python3.7/site-packages/airflow/example_dags/example_latest_only_with_trigger.py
[2023-04-10T02:12:02.650+0000] {processor.py:753} INFO - DAG(s) dict_keys(['latest_only_with_trigger']) retrieved from /home/airflow/.local/lib/python3.7/site-packages/airflow/example_dags/example_latest_only_with_trigger.py
[2023-04-10T02:12:02.687+0000] {logging_mixin.py:137} INFO - [2023-04-10T02:12:02.687+0000] {dag.py:2705} INFO - Sync 1 DAGs
[2023-04-10T02:12:02.730+0000] {logging_mixin.py:137} INFO - [2023-04-10T02:12:02.730+0000] {dag.py:3456} INFO - Setting next_dagrun for latest_only_with_trigger to 2023-04-09T22:12:02.730379+00:00, run_after=2023-04-10T02:12:02.730379+00:00
[2023-04-10T02:12:02.756+0000] {processor.py:175} INFO - Processing /home/airflow/.local/lib/python3.7/site-packages/airflow/example_dags/example_latest_only_with_trigger.py took 0.135 seconds
