[2023-04-28T00:42:59.533+0000] {processor.py:153} INFO - Started process (PID=80) to work on /opt/airflow/dags/example-spark-dag.py
[2023-04-28T00:42:59.534+0000] {processor.py:743} INFO - Processing file /opt/airflow/dags/example-spark-dag.py for tasks to queue
[2023-04-28T00:42:59.535+0000] {logging_mixin.py:137} INFO - [2023-04-28T00:42:59.535+0000] {dagbag.py:532} INFO - Filling up the DagBag from /opt/airflow/dags/example-spark-dag.py
[2023-04-28T00:42:59.913+0000] {processor.py:753} INFO - DAG(s) dict_keys(['example_spark_operator']) retrieved from /opt/airflow/dags/example-spark-dag.py
[2023-04-28T00:43:00.530+0000] {logging_mixin.py:137} INFO - [2023-04-28T00:43:00.529+0000] {dag.py:2705} INFO - Sync 1 DAGs
[2023-04-28T00:43:00.716+0000] {logging_mixin.py:137} INFO - [2023-04-28T00:43:00.716+0000] {dag.py:3456} INFO - Setting next_dagrun for example_spark_operator to None, run_after=None
[2023-04-28T00:43:00.847+0000] {processor.py:175} INFO - Processing /opt/airflow/dags/example-spark-dag.py took 1.338 seconds
[2023-04-28T00:43:30.988+0000] {processor.py:153} INFO - Started process (PID=133) to work on /opt/airflow/dags/example-spark-dag.py
[2023-04-28T00:43:30.988+0000] {processor.py:743} INFO - Processing file /opt/airflow/dags/example-spark-dag.py for tasks to queue
[2023-04-28T00:43:30.989+0000] {logging_mixin.py:137} INFO - [2023-04-28T00:43:30.989+0000] {dagbag.py:532} INFO - Filling up the DagBag from /opt/airflow/dags/example-spark-dag.py
[2023-04-28T00:43:31.012+0000] {processor.py:753} INFO - DAG(s) dict_keys(['example_spark_operator']) retrieved from /opt/airflow/dags/example-spark-dag.py
[2023-04-28T00:43:31.050+0000] {logging_mixin.py:137} INFO - [2023-04-28T00:43:31.050+0000] {dag.py:2705} INFO - Sync 1 DAGs
[2023-04-28T00:43:31.091+0000] {logging_mixin.py:137} INFO - [2023-04-28T00:43:31.091+0000] {dag.py:3456} INFO - Setting next_dagrun for example_spark_operator to None, run_after=None
[2023-04-28T00:43:31.115+0000] {processor.py:175} INFO - Processing /opt/airflow/dags/example-spark-dag.py took 0.132 seconds
[2023-04-28T00:44:01.258+0000] {processor.py:153} INFO - Started process (PID=186) to work on /opt/airflow/dags/example-spark-dag.py
[2023-04-28T00:44:01.259+0000] {processor.py:743} INFO - Processing file /opt/airflow/dags/example-spark-dag.py for tasks to queue
[2023-04-28T00:44:01.259+0000] {logging_mixin.py:137} INFO - [2023-04-28T00:44:01.259+0000] {dagbag.py:532} INFO - Filling up the DagBag from /opt/airflow/dags/example-spark-dag.py
[2023-04-28T00:44:01.281+0000] {processor.py:753} INFO - DAG(s) dict_keys(['example_spark_operator']) retrieved from /opt/airflow/dags/example-spark-dag.py
[2023-04-28T00:44:01.317+0000] {logging_mixin.py:137} INFO - [2023-04-28T00:44:01.317+0000] {dag.py:2705} INFO - Sync 1 DAGs
[2023-04-28T00:44:01.356+0000] {logging_mixin.py:137} INFO - [2023-04-28T00:44:01.356+0000] {dag.py:3456} INFO - Setting next_dagrun for example_spark_operator to None, run_after=None
[2023-04-28T00:44:01.380+0000] {processor.py:175} INFO - Processing /opt/airflow/dags/example-spark-dag.py took 0.127 seconds
[2023-04-28T00:44:31.822+0000] {processor.py:153} INFO - Started process (PID=239) to work on /opt/airflow/dags/example-spark-dag.py
[2023-04-28T00:44:31.823+0000] {processor.py:743} INFO - Processing file /opt/airflow/dags/example-spark-dag.py for tasks to queue
[2023-04-28T00:44:31.823+0000] {logging_mixin.py:137} INFO - [2023-04-28T00:44:31.823+0000] {dagbag.py:532} INFO - Filling up the DagBag from /opt/airflow/dags/example-spark-dag.py
[2023-04-28T00:44:31.845+0000] {processor.py:753} INFO - DAG(s) dict_keys(['example_spark_operator']) retrieved from /opt/airflow/dags/example-spark-dag.py
[2023-04-28T00:44:31.882+0000] {logging_mixin.py:137} INFO - [2023-04-28T00:44:31.882+0000] {dag.py:2705} INFO - Sync 1 DAGs
[2023-04-28T00:44:31.921+0000] {logging_mixin.py:137} INFO - [2023-04-28T00:44:31.921+0000] {dag.py:3456} INFO - Setting next_dagrun for example_spark_operator to None, run_after=None
[2023-04-28T00:44:31.945+0000] {processor.py:175} INFO - Processing /opt/airflow/dags/example-spark-dag.py took 0.128 seconds
[2023-04-28T00:45:02.290+0000] {processor.py:153} INFO - Started process (PID=292) to work on /opt/airflow/dags/example-spark-dag.py
[2023-04-28T00:45:02.291+0000] {processor.py:743} INFO - Processing file /opt/airflow/dags/example-spark-dag.py for tasks to queue
[2023-04-28T00:45:02.292+0000] {logging_mixin.py:137} INFO - [2023-04-28T00:45:02.292+0000] {dagbag.py:532} INFO - Filling up the DagBag from /opt/airflow/dags/example-spark-dag.py
[2023-04-28T00:45:02.315+0000] {processor.py:753} INFO - DAG(s) dict_keys(['example_spark_operator']) retrieved from /opt/airflow/dags/example-spark-dag.py
[2023-04-28T00:45:02.351+0000] {logging_mixin.py:137} INFO - [2023-04-28T00:45:02.351+0000] {dag.py:2705} INFO - Sync 1 DAGs
[2023-04-28T00:45:02.390+0000] {logging_mixin.py:137} INFO - [2023-04-28T00:45:02.390+0000] {dag.py:3456} INFO - Setting next_dagrun for example_spark_operator to None, run_after=None
[2023-04-28T00:45:02.419+0000] {processor.py:175} INFO - Processing /opt/airflow/dags/example-spark-dag.py took 0.133 seconds
[2023-04-28T00:45:32.643+0000] {processor.py:153} INFO - Started process (PID=345) to work on /opt/airflow/dags/example-spark-dag.py
[2023-04-28T00:45:32.644+0000] {processor.py:743} INFO - Processing file /opt/airflow/dags/example-spark-dag.py for tasks to queue
[2023-04-28T00:45:32.645+0000] {logging_mixin.py:137} INFO - [2023-04-28T00:45:32.645+0000] {dagbag.py:532} INFO - Filling up the DagBag from /opt/airflow/dags/example-spark-dag.py
[2023-04-28T00:45:32.668+0000] {processor.py:753} INFO - DAG(s) dict_keys(['example_spark_operator']) retrieved from /opt/airflow/dags/example-spark-dag.py
[2023-04-28T00:45:32.705+0000] {logging_mixin.py:137} INFO - [2023-04-28T00:45:32.705+0000] {dag.py:2705} INFO - Sync 1 DAGs
[2023-04-28T00:45:32.747+0000] {logging_mixin.py:137} INFO - [2023-04-28T00:45:32.747+0000] {dag.py:3456} INFO - Setting next_dagrun for example_spark_operator to None, run_after=None
[2023-04-28T00:45:32.772+0000] {processor.py:175} INFO - Processing /opt/airflow/dags/example-spark-dag.py took 0.134 seconds
[2023-04-28T00:46:03.342+0000] {processor.py:153} INFO - Started process (PID=398) to work on /opt/airflow/dags/example-spark-dag.py
[2023-04-28T00:46:03.343+0000] {processor.py:743} INFO - Processing file /opt/airflow/dags/example-spark-dag.py for tasks to queue
[2023-04-28T00:46:03.344+0000] {logging_mixin.py:137} INFO - [2023-04-28T00:46:03.344+0000] {dagbag.py:532} INFO - Filling up the DagBag from /opt/airflow/dags/example-spark-dag.py
[2023-04-28T00:46:03.366+0000] {processor.py:753} INFO - DAG(s) dict_keys(['example_spark_operator']) retrieved from /opt/airflow/dags/example-spark-dag.py
[2023-04-28T00:46:03.404+0000] {logging_mixin.py:137} INFO - [2023-04-28T00:46:03.404+0000] {dag.py:2705} INFO - Sync 1 DAGs
[2023-04-28T00:46:03.445+0000] {logging_mixin.py:137} INFO - [2023-04-28T00:46:03.444+0000] {dag.py:3456} INFO - Setting next_dagrun for example_spark_operator to None, run_after=None
[2023-04-28T00:46:03.470+0000] {processor.py:175} INFO - Processing /opt/airflow/dags/example-spark-dag.py took 0.132 seconds
[2023-04-28T00:46:34.210+0000] {processor.py:153} INFO - Started process (PID=451) to work on /opt/airflow/dags/example-spark-dag.py
[2023-04-28T00:46:34.211+0000] {processor.py:743} INFO - Processing file /opt/airflow/dags/example-spark-dag.py for tasks to queue
[2023-04-28T00:46:34.212+0000] {logging_mixin.py:137} INFO - [2023-04-28T00:46:34.212+0000] {dagbag.py:532} INFO - Filling up the DagBag from /opt/airflow/dags/example-spark-dag.py
[2023-04-28T00:46:34.235+0000] {processor.py:753} INFO - DAG(s) dict_keys(['example_spark_operator']) retrieved from /opt/airflow/dags/example-spark-dag.py
[2023-04-28T00:46:34.273+0000] {logging_mixin.py:137} INFO - [2023-04-28T00:46:34.272+0000] {dag.py:2705} INFO - Sync 1 DAGs
[2023-04-28T00:46:34.313+0000] {logging_mixin.py:137} INFO - [2023-04-28T00:46:34.313+0000] {dag.py:3456} INFO - Setting next_dagrun for example_spark_operator to None, run_after=None
[2023-04-28T00:46:34.338+0000] {processor.py:175} INFO - Processing /opt/airflow/dags/example-spark-dag.py took 0.132 seconds
[2023-04-28T00:47:04.981+0000] {processor.py:153} INFO - Started process (PID=504) to work on /opt/airflow/dags/example-spark-dag.py
[2023-04-28T00:47:04.982+0000] {processor.py:743} INFO - Processing file /opt/airflow/dags/example-spark-dag.py for tasks to queue
[2023-04-28T00:47:04.984+0000] {logging_mixin.py:137} INFO - [2023-04-28T00:47:04.983+0000] {dagbag.py:532} INFO - Filling up the DagBag from /opt/airflow/dags/example-spark-dag.py
[2023-04-28T00:47:05.005+0000] {processor.py:753} INFO - DAG(s) dict_keys(['example_spark_operator']) retrieved from /opt/airflow/dags/example-spark-dag.py
[2023-04-28T00:47:05.042+0000] {logging_mixin.py:137} INFO - [2023-04-28T00:47:05.042+0000] {dag.py:2705} INFO - Sync 1 DAGs
[2023-04-28T00:47:05.082+0000] {logging_mixin.py:137} INFO - [2023-04-28T00:47:05.081+0000] {dag.py:3456} INFO - Setting next_dagrun for example_spark_operator to None, run_after=None
[2023-04-28T00:47:05.107+0000] {processor.py:175} INFO - Processing /opt/airflow/dags/example-spark-dag.py took 0.131 seconds
[2023-04-28T00:47:35.311+0000] {processor.py:153} INFO - Started process (PID=556) to work on /opt/airflow/dags/example-spark-dag.py
[2023-04-28T00:47:35.313+0000] {processor.py:743} INFO - Processing file /opt/airflow/dags/example-spark-dag.py for tasks to queue
[2023-04-28T00:47:35.314+0000] {logging_mixin.py:137} INFO - [2023-04-28T00:47:35.314+0000] {dagbag.py:532} INFO - Filling up the DagBag from /opt/airflow/dags/example-spark-dag.py
[2023-04-28T00:47:35.352+0000] {processor.py:753} INFO - DAG(s) dict_keys(['example_spark_operator']) retrieved from /opt/airflow/dags/example-spark-dag.py
[2023-04-28T00:47:35.438+0000] {logging_mixin.py:137} INFO - [2023-04-28T00:47:35.437+0000] {dag.py:2705} INFO - Sync 1 DAGs
[2023-04-28T00:47:35.515+0000] {logging_mixin.py:137} INFO - [2023-04-28T00:47:35.514+0000] {dag.py:3456} INFO - Setting next_dagrun for example_spark_operator to None, run_after=None
[2023-04-28T00:47:35.568+0000] {processor.py:175} INFO - Processing /opt/airflow/dags/example-spark-dag.py took 0.262 seconds
[2023-04-28T00:48:05.949+0000] {processor.py:153} INFO - Started process (PID=610) to work on /opt/airflow/dags/example-spark-dag.py
[2023-04-28T00:48:05.950+0000] {processor.py:743} INFO - Processing file /opt/airflow/dags/example-spark-dag.py for tasks to queue
[2023-04-28T00:48:05.951+0000] {logging_mixin.py:137} INFO - [2023-04-28T00:48:05.951+0000] {dagbag.py:532} INFO - Filling up the DagBag from /opt/airflow/dags/example-spark-dag.py
[2023-04-28T00:48:05.993+0000] {processor.py:753} INFO - DAG(s) dict_keys(['example_spark_operator']) retrieved from /opt/airflow/dags/example-spark-dag.py
[2023-04-28T00:48:06.066+0000] {logging_mixin.py:137} INFO - [2023-04-28T00:48:06.066+0000] {dag.py:2705} INFO - Sync 1 DAGs
[2023-04-28T00:48:06.138+0000] {logging_mixin.py:137} INFO - [2023-04-28T00:48:06.137+0000] {dag.py:3456} INFO - Setting next_dagrun for example_spark_operator to None, run_after=None
[2023-04-28T00:48:06.185+0000] {processor.py:175} INFO - Processing /opt/airflow/dags/example-spark-dag.py took 0.248 seconds
[2023-04-28T00:48:36.473+0000] {processor.py:153} INFO - Started process (PID=663) to work on /opt/airflow/dags/example-spark-dag.py
[2023-04-28T00:48:36.474+0000] {processor.py:743} INFO - Processing file /opt/airflow/dags/example-spark-dag.py for tasks to queue
[2023-04-28T00:48:36.475+0000] {logging_mixin.py:137} INFO - [2023-04-28T00:48:36.475+0000] {dagbag.py:532} INFO - Filling up the DagBag from /opt/airflow/dags/example-spark-dag.py
[2023-04-28T00:48:36.511+0000] {processor.py:753} INFO - DAG(s) dict_keys(['example_spark_operator']) retrieved from /opt/airflow/dags/example-spark-dag.py
[2023-04-28T00:48:36.551+0000] {logging_mixin.py:137} INFO - [2023-04-28T00:48:36.551+0000] {dag.py:2705} INFO - Sync 1 DAGs
[2023-04-28T00:48:36.591+0000] {logging_mixin.py:137} INFO - [2023-04-28T00:48:36.591+0000] {dag.py:3456} INFO - Setting next_dagrun for example_spark_operator to None, run_after=None
[2023-04-28T00:48:36.625+0000] {processor.py:175} INFO - Processing /opt/airflow/dags/example-spark-dag.py took 0.165 seconds
[2023-04-28T00:49:06.832+0000] {processor.py:153} INFO - Started process (PID=716) to work on /opt/airflow/dags/example-spark-dag.py
[2023-04-28T00:49:06.837+0000] {processor.py:743} INFO - Processing file /opt/airflow/dags/example-spark-dag.py for tasks to queue
[2023-04-28T00:49:06.838+0000] {logging_mixin.py:137} INFO - [2023-04-28T00:49:06.838+0000] {dagbag.py:532} INFO - Filling up the DagBag from /opt/airflow/dags/example-spark-dag.py
[2023-04-28T00:49:06.888+0000] {processor.py:753} INFO - DAG(s) dict_keys(['example_spark_operator']) retrieved from /opt/airflow/dags/example-spark-dag.py
[2023-04-28T00:49:06.982+0000] {logging_mixin.py:137} INFO - [2023-04-28T00:49:06.982+0000] {dag.py:2705} INFO - Sync 1 DAGs
[2023-04-28T00:49:07.024+0000] {logging_mixin.py:137} INFO - [2023-04-28T00:49:07.024+0000] {dag.py:3456} INFO - Setting next_dagrun for example_spark_operator to None, run_after=None
[2023-04-28T00:49:07.061+0000] {processor.py:175} INFO - Processing /opt/airflow/dags/example-spark-dag.py took 0.233 seconds
[2023-04-28T00:49:37.648+0000] {processor.py:153} INFO - Started process (PID=769) to work on /opt/airflow/dags/example-spark-dag.py
[2023-04-28T00:49:37.649+0000] {processor.py:743} INFO - Processing file /opt/airflow/dags/example-spark-dag.py for tasks to queue
[2023-04-28T00:49:37.650+0000] {logging_mixin.py:137} INFO - [2023-04-28T00:49:37.649+0000] {dagbag.py:532} INFO - Filling up the DagBag from /opt/airflow/dags/example-spark-dag.py
[2023-04-28T00:49:37.672+0000] {processor.py:753} INFO - DAG(s) dict_keys(['example_spark_operator']) retrieved from /opt/airflow/dags/example-spark-dag.py
[2023-04-28T00:49:37.711+0000] {logging_mixin.py:137} INFO - [2023-04-28T00:49:37.710+0000] {dag.py:2705} INFO - Sync 1 DAGs
[2023-04-28T00:49:37.750+0000] {logging_mixin.py:137} INFO - [2023-04-28T00:49:37.750+0000] {dag.py:3456} INFO - Setting next_dagrun for example_spark_operator to None, run_after=None
[2023-04-28T00:49:37.774+0000] {processor.py:175} INFO - Processing /opt/airflow/dags/example-spark-dag.py took 0.130 seconds
[2023-04-28T00:50:07.897+0000] {processor.py:153} INFO - Started process (PID=821) to work on /opt/airflow/dags/example-spark-dag.py
[2023-04-28T00:50:07.898+0000] {processor.py:743} INFO - Processing file /opt/airflow/dags/example-spark-dag.py for tasks to queue
[2023-04-28T00:50:07.898+0000] {logging_mixin.py:137} INFO - [2023-04-28T00:50:07.898+0000] {dagbag.py:532} INFO - Filling up the DagBag from /opt/airflow/dags/example-spark-dag.py
[2023-04-28T00:50:07.920+0000] {processor.py:753} INFO - DAG(s) dict_keys(['example_spark_operator']) retrieved from /opt/airflow/dags/example-spark-dag.py
[2023-04-28T00:50:07.959+0000] {logging_mixin.py:137} INFO - [2023-04-28T00:50:07.958+0000] {dag.py:2705} INFO - Sync 1 DAGs
[2023-04-28T00:50:07.997+0000] {logging_mixin.py:137} INFO - [2023-04-28T00:50:07.997+0000] {dag.py:3456} INFO - Setting next_dagrun for example_spark_operator to None, run_after=None
[2023-04-28T00:50:08.020+0000] {processor.py:175} INFO - Processing /opt/airflow/dags/example-spark-dag.py took 0.128 seconds
[2023-04-28T00:50:38.223+0000] {processor.py:153} INFO - Started process (PID=875) to work on /opt/airflow/dags/example-spark-dag.py
[2023-04-28T00:50:38.223+0000] {processor.py:743} INFO - Processing file /opt/airflow/dags/example-spark-dag.py for tasks to queue
[2023-04-28T00:50:38.224+0000] {logging_mixin.py:137} INFO - [2023-04-28T00:50:38.224+0000] {dagbag.py:532} INFO - Filling up the DagBag from /opt/airflow/dags/example-spark-dag.py
[2023-04-28T00:50:38.246+0000] {processor.py:753} INFO - DAG(s) dict_keys(['example_spark_operator']) retrieved from /opt/airflow/dags/example-spark-dag.py
[2023-04-28T00:50:38.296+0000] {logging_mixin.py:137} INFO - [2023-04-28T00:50:38.296+0000] {dag.py:2705} INFO - Sync 1 DAGs
[2023-04-28T00:50:38.335+0000] {logging_mixin.py:137} INFO - [2023-04-28T00:50:38.335+0000] {dag.py:3456} INFO - Setting next_dagrun for example_spark_operator to None, run_after=None
[2023-04-28T00:50:38.360+0000] {processor.py:175} INFO - Processing /opt/airflow/dags/example-spark-dag.py took 0.142 seconds
[2023-04-28T00:51:08.447+0000] {processor.py:153} INFO - Started process (PID=928) to work on /opt/airflow/dags/example-spark-dag.py
[2023-04-28T00:51:08.448+0000] {processor.py:743} INFO - Processing file /opt/airflow/dags/example-spark-dag.py for tasks to queue
[2023-04-28T00:51:08.449+0000] {logging_mixin.py:137} INFO - [2023-04-28T00:51:08.449+0000] {dagbag.py:532} INFO - Filling up the DagBag from /opt/airflow/dags/example-spark-dag.py
[2023-04-28T00:51:08.472+0000] {processor.py:753} INFO - DAG(s) dict_keys(['example_spark_operator']) retrieved from /opt/airflow/dags/example-spark-dag.py
[2023-04-28T00:51:08.509+0000] {logging_mixin.py:137} INFO - [2023-04-28T00:51:08.508+0000] {dag.py:2705} INFO - Sync 1 DAGs
[2023-04-28T00:51:08.548+0000] {logging_mixin.py:137} INFO - [2023-04-28T00:51:08.548+0000] {dag.py:3456} INFO - Setting next_dagrun for example_spark_operator to None, run_after=None
[2023-04-28T00:51:08.572+0000] {processor.py:175} INFO - Processing /opt/airflow/dags/example-spark-dag.py took 0.130 seconds
[2023-04-28T00:51:39.043+0000] {processor.py:153} INFO - Started process (PID=979) to work on /opt/airflow/dags/example-spark-dag.py
[2023-04-28T00:51:39.044+0000] {processor.py:743} INFO - Processing file /opt/airflow/dags/example-spark-dag.py for tasks to queue
[2023-04-28T00:51:39.045+0000] {logging_mixin.py:137} INFO - [2023-04-28T00:51:39.044+0000] {dagbag.py:532} INFO - Filling up the DagBag from /opt/airflow/dags/example-spark-dag.py
[2023-04-28T00:51:39.068+0000] {processor.py:753} INFO - DAG(s) dict_keys(['example_spark_operator']) retrieved from /opt/airflow/dags/example-spark-dag.py
[2023-04-28T00:51:39.107+0000] {logging_mixin.py:137} INFO - [2023-04-28T00:51:39.106+0000] {dag.py:2705} INFO - Sync 1 DAGs
[2023-04-28T00:51:39.150+0000] {logging_mixin.py:137} INFO - [2023-04-28T00:51:39.150+0000] {dag.py:3456} INFO - Setting next_dagrun for example_spark_operator to None, run_after=None
[2023-04-28T00:51:39.175+0000] {processor.py:175} INFO - Processing /opt/airflow/dags/example-spark-dag.py took 0.140 seconds
[2023-04-28T00:52:09.444+0000] {processor.py:153} INFO - Started process (PID=1032) to work on /opt/airflow/dags/example-spark-dag.py
[2023-04-28T00:52:09.445+0000] {processor.py:743} INFO - Processing file /opt/airflow/dags/example-spark-dag.py for tasks to queue
[2023-04-28T00:52:09.446+0000] {logging_mixin.py:137} INFO - [2023-04-28T00:52:09.445+0000] {dagbag.py:532} INFO - Filling up the DagBag from /opt/airflow/dags/example-spark-dag.py
[2023-04-28T00:52:09.475+0000] {processor.py:753} INFO - DAG(s) dict_keys(['example_spark_operator']) retrieved from /opt/airflow/dags/example-spark-dag.py
[2023-04-28T00:52:09.510+0000] {logging_mixin.py:137} INFO - [2023-04-28T00:52:09.510+0000] {dag.py:2705} INFO - Sync 1 DAGs
[2023-04-28T00:52:09.549+0000] {logging_mixin.py:137} INFO - [2023-04-28T00:52:09.549+0000] {dag.py:3456} INFO - Setting next_dagrun for example_spark_operator to None, run_after=None
[2023-04-28T00:52:09.582+0000] {processor.py:175} INFO - Processing /opt/airflow/dags/example-spark-dag.py took 0.143 seconds
[2023-04-28T00:52:39.713+0000] {processor.py:153} INFO - Started process (PID=1085) to work on /opt/airflow/dags/example-spark-dag.py
[2023-04-28T00:52:39.714+0000] {processor.py:743} INFO - Processing file /opt/airflow/dags/example-spark-dag.py for tasks to queue
[2023-04-28T00:52:39.715+0000] {logging_mixin.py:137} INFO - [2023-04-28T00:52:39.715+0000] {dagbag.py:532} INFO - Filling up the DagBag from /opt/airflow/dags/example-spark-dag.py
[2023-04-28T00:52:39.764+0000] {processor.py:753} INFO - DAG(s) dict_keys(['example_spark_operator']) retrieved from /opt/airflow/dags/example-spark-dag.py
[2023-04-28T00:52:39.833+0000] {logging_mixin.py:137} INFO - [2023-04-28T00:52:39.833+0000] {dag.py:2705} INFO - Sync 1 DAGs
[2023-04-28T00:52:39.946+0000] {logging_mixin.py:137} INFO - [2023-04-28T00:52:39.945+0000] {dag.py:3456} INFO - Setting next_dagrun for example_spark_operator to None, run_after=None
[2023-04-28T00:52:39.997+0000] {processor.py:175} INFO - Processing /opt/airflow/dags/example-spark-dag.py took 0.296 seconds
[2023-04-28T00:53:10.188+0000] {processor.py:153} INFO - Started process (PID=1138) to work on /opt/airflow/dags/example-spark-dag.py
[2023-04-28T00:53:10.189+0000] {processor.py:743} INFO - Processing file /opt/airflow/dags/example-spark-dag.py for tasks to queue
[2023-04-28T00:53:10.190+0000] {logging_mixin.py:137} INFO - [2023-04-28T00:53:10.190+0000] {dagbag.py:532} INFO - Filling up the DagBag from /opt/airflow/dags/example-spark-dag.py
[2023-04-28T00:53:10.211+0000] {processor.py:753} INFO - DAG(s) dict_keys(['example_spark_operator']) retrieved from /opt/airflow/dags/example-spark-dag.py
[2023-04-28T00:53:10.246+0000] {logging_mixin.py:137} INFO - [2023-04-28T00:53:10.246+0000] {dag.py:2705} INFO - Sync 1 DAGs
[2023-04-28T00:53:10.286+0000] {logging_mixin.py:137} INFO - [2023-04-28T00:53:10.286+0000] {dag.py:3456} INFO - Setting next_dagrun for example_spark_operator to None, run_after=None
[2023-04-28T00:53:10.309+0000] {processor.py:175} INFO - Processing /opt/airflow/dags/example-spark-dag.py took 0.125 seconds
[2023-04-28T00:53:40.924+0000] {processor.py:153} INFO - Started process (PID=1191) to work on /opt/airflow/dags/example-spark-dag.py
[2023-04-28T00:53:40.925+0000] {processor.py:743} INFO - Processing file /opt/airflow/dags/example-spark-dag.py for tasks to queue
[2023-04-28T00:53:40.926+0000] {logging_mixin.py:137} INFO - [2023-04-28T00:53:40.926+0000] {dagbag.py:532} INFO - Filling up the DagBag from /opt/airflow/dags/example-spark-dag.py
[2023-04-28T00:53:40.948+0000] {processor.py:753} INFO - DAG(s) dict_keys(['example_spark_operator']) retrieved from /opt/airflow/dags/example-spark-dag.py
[2023-04-28T00:53:40.984+0000] {logging_mixin.py:137} INFO - [2023-04-28T00:53:40.984+0000] {dag.py:2705} INFO - Sync 1 DAGs
[2023-04-28T00:53:41.023+0000] {logging_mixin.py:137} INFO - [2023-04-28T00:53:41.023+0000] {dag.py:3456} INFO - Setting next_dagrun for example_spark_operator to None, run_after=None
[2023-04-28T00:53:41.046+0000] {processor.py:175} INFO - Processing /opt/airflow/dags/example-spark-dag.py took 0.126 seconds
[2023-04-28T00:54:11.181+0000] {processor.py:153} INFO - Started process (PID=1245) to work on /opt/airflow/dags/example-spark-dag.py
[2023-04-28T00:54:11.182+0000] {processor.py:743} INFO - Processing file /opt/airflow/dags/example-spark-dag.py for tasks to queue
[2023-04-28T00:54:11.184+0000] {logging_mixin.py:137} INFO - [2023-04-28T00:54:11.183+0000] {dagbag.py:532} INFO - Filling up the DagBag from /opt/airflow/dags/example-spark-dag.py
[2023-04-28T00:54:11.227+0000] {processor.py:753} INFO - DAG(s) dict_keys(['example_spark_operator']) retrieved from /opt/airflow/dags/example-spark-dag.py
[2023-04-28T00:54:11.341+0000] {logging_mixin.py:137} INFO - [2023-04-28T00:54:11.341+0000] {dag.py:2705} INFO - Sync 1 DAGs
[2023-04-28T00:54:11.401+0000] {logging_mixin.py:137} INFO - [2023-04-28T00:54:11.401+0000] {dag.py:3456} INFO - Setting next_dagrun for example_spark_operator to None, run_after=None
[2023-04-28T00:54:11.428+0000] {processor.py:175} INFO - Processing /opt/airflow/dags/example-spark-dag.py took 0.255 seconds
[2023-04-28T00:54:41.933+0000] {processor.py:153} INFO - Started process (PID=1297) to work on /opt/airflow/dags/example-spark-dag.py
[2023-04-28T00:54:41.937+0000] {processor.py:743} INFO - Processing file /opt/airflow/dags/example-spark-dag.py for tasks to queue
[2023-04-28T00:54:41.938+0000] {logging_mixin.py:137} INFO - [2023-04-28T00:54:41.937+0000] {dagbag.py:532} INFO - Filling up the DagBag from /opt/airflow/dags/example-spark-dag.py
[2023-04-28T00:54:41.960+0000] {processor.py:753} INFO - DAG(s) dict_keys(['example_spark_operator']) retrieved from /opt/airflow/dags/example-spark-dag.py
[2023-04-28T00:54:41.996+0000] {logging_mixin.py:137} INFO - [2023-04-28T00:54:41.996+0000] {dag.py:2705} INFO - Sync 1 DAGs
[2023-04-28T00:54:42.036+0000] {logging_mixin.py:137} INFO - [2023-04-28T00:54:42.036+0000] {dag.py:3456} INFO - Setting next_dagrun for example_spark_operator to None, run_after=None
[2023-04-28T00:54:42.058+0000] {processor.py:175} INFO - Processing /opt/airflow/dags/example-spark-dag.py took 0.134 seconds
[2023-04-28T00:55:12.107+0000] {processor.py:153} INFO - Started process (PID=1350) to work on /opt/airflow/dags/example-spark-dag.py
[2023-04-28T00:55:12.108+0000] {processor.py:743} INFO - Processing file /opt/airflow/dags/example-spark-dag.py for tasks to queue
[2023-04-28T00:55:12.109+0000] {logging_mixin.py:137} INFO - [2023-04-28T00:55:12.109+0000] {dagbag.py:532} INFO - Filling up the DagBag from /opt/airflow/dags/example-spark-dag.py
[2023-04-28T00:55:12.131+0000] {processor.py:753} INFO - DAG(s) dict_keys(['example_spark_operator']) retrieved from /opt/airflow/dags/example-spark-dag.py
[2023-04-28T00:55:12.180+0000] {logging_mixin.py:137} INFO - [2023-04-28T00:55:12.180+0000] {dag.py:2705} INFO - Sync 1 DAGs
[2023-04-28T00:55:12.219+0000] {logging_mixin.py:137} INFO - [2023-04-28T00:55:12.219+0000] {dag.py:3456} INFO - Setting next_dagrun for example_spark_operator to None, run_after=None
[2023-04-28T00:55:12.242+0000] {processor.py:175} INFO - Processing /opt/airflow/dags/example-spark-dag.py took 0.139 seconds
[2023-04-28T00:55:42.375+0000] {processor.py:153} INFO - Started process (PID=1403) to work on /opt/airflow/dags/example-spark-dag.py
[2023-04-28T00:55:42.377+0000] {processor.py:743} INFO - Processing file /opt/airflow/dags/example-spark-dag.py for tasks to queue
[2023-04-28T00:55:42.377+0000] {logging_mixin.py:137} INFO - [2023-04-28T00:55:42.377+0000] {dagbag.py:532} INFO - Filling up the DagBag from /opt/airflow/dags/example-spark-dag.py
[2023-04-28T00:55:42.400+0000] {processor.py:753} INFO - DAG(s) dict_keys(['example_spark_operator']) retrieved from /opt/airflow/dags/example-spark-dag.py
[2023-04-28T00:55:42.439+0000] {logging_mixin.py:137} INFO - [2023-04-28T00:55:42.439+0000] {dag.py:2705} INFO - Sync 1 DAGs
[2023-04-28T00:55:42.478+0000] {logging_mixin.py:137} INFO - [2023-04-28T00:55:42.478+0000] {dag.py:3456} INFO - Setting next_dagrun for example_spark_operator to None, run_after=None
[2023-04-28T00:55:42.502+0000] {processor.py:175} INFO - Processing /opt/airflow/dags/example-spark-dag.py took 0.131 seconds
[2023-04-28T00:56:12.684+0000] {processor.py:153} INFO - Started process (PID=1456) to work on /opt/airflow/dags/example-spark-dag.py
[2023-04-28T00:56:12.685+0000] {processor.py:743} INFO - Processing file /opt/airflow/dags/example-spark-dag.py for tasks to queue
[2023-04-28T00:56:12.686+0000] {logging_mixin.py:137} INFO - [2023-04-28T00:56:12.686+0000] {dagbag.py:532} INFO - Filling up the DagBag from /opt/airflow/dags/example-spark-dag.py
[2023-04-28T00:56:12.708+0000] {processor.py:753} INFO - DAG(s) dict_keys(['example_spark_operator']) retrieved from /opt/airflow/dags/example-spark-dag.py
[2023-04-28T00:56:12.746+0000] {logging_mixin.py:137} INFO - [2023-04-28T00:56:12.746+0000] {dag.py:2705} INFO - Sync 1 DAGs
[2023-04-28T00:56:12.784+0000] {logging_mixin.py:137} INFO - [2023-04-28T00:56:12.784+0000] {dag.py:3456} INFO - Setting next_dagrun for example_spark_operator to None, run_after=None
[2023-04-28T00:56:12.809+0000] {processor.py:175} INFO - Processing /opt/airflow/dags/example-spark-dag.py took 0.131 seconds
[2023-04-28T00:56:43.314+0000] {processor.py:153} INFO - Started process (PID=1509) to work on /opt/airflow/dags/example-spark-dag.py
[2023-04-28T00:56:43.320+0000] {processor.py:743} INFO - Processing file /opt/airflow/dags/example-spark-dag.py for tasks to queue
[2023-04-28T00:56:43.320+0000] {logging_mixin.py:137} INFO - [2023-04-28T00:56:43.320+0000] {dagbag.py:532} INFO - Filling up the DagBag from /opt/airflow/dags/example-spark-dag.py
[2023-04-28T00:56:43.347+0000] {processor.py:753} INFO - DAG(s) dict_keys(['example_spark_operator']) retrieved from /opt/airflow/dags/example-spark-dag.py
[2023-04-28T00:56:43.404+0000] {logging_mixin.py:137} INFO - [2023-04-28T00:56:43.404+0000] {dag.py:2705} INFO - Sync 1 DAGs
[2023-04-28T00:56:43.456+0000] {logging_mixin.py:137} INFO - [2023-04-28T00:56:43.455+0000] {dag.py:3456} INFO - Setting next_dagrun for example_spark_operator to None, run_after=None
[2023-04-28T00:56:43.489+0000] {processor.py:175} INFO - Processing /opt/airflow/dags/example-spark-dag.py took 0.180 seconds
[2023-04-28T00:57:14.208+0000] {processor.py:153} INFO - Started process (PID=1562) to work on /opt/airflow/dags/example-spark-dag.py
[2023-04-28T00:57:14.208+0000] {processor.py:743} INFO - Processing file /opt/airflow/dags/example-spark-dag.py for tasks to queue
[2023-04-28T00:57:14.209+0000] {logging_mixin.py:137} INFO - [2023-04-28T00:57:14.209+0000] {dagbag.py:532} INFO - Filling up the DagBag from /opt/airflow/dags/example-spark-dag.py
[2023-04-28T00:57:14.231+0000] {processor.py:753} INFO - DAG(s) dict_keys(['example_spark_operator']) retrieved from /opt/airflow/dags/example-spark-dag.py
[2023-04-28T00:57:14.267+0000] {logging_mixin.py:137} INFO - [2023-04-28T00:57:14.267+0000] {dag.py:2705} INFO - Sync 1 DAGs
[2023-04-28T00:57:14.306+0000] {logging_mixin.py:137} INFO - [2023-04-28T00:57:14.306+0000] {dag.py:3456} INFO - Setting next_dagrun for example_spark_operator to None, run_after=None
[2023-04-28T00:57:14.329+0000] {processor.py:175} INFO - Processing /opt/airflow/dags/example-spark-dag.py took 0.130 seconds
[2023-04-28T00:57:44.453+0000] {processor.py:153} INFO - Started process (PID=1615) to work on /opt/airflow/dags/example-spark-dag.py
[2023-04-28T00:57:44.454+0000] {processor.py:743} INFO - Processing file /opt/airflow/dags/example-spark-dag.py for tasks to queue
[2023-04-28T00:57:44.455+0000] {logging_mixin.py:137} INFO - [2023-04-28T00:57:44.455+0000] {dagbag.py:532} INFO - Filling up the DagBag from /opt/airflow/dags/example-spark-dag.py
[2023-04-28T00:57:44.477+0000] {processor.py:753} INFO - DAG(s) dict_keys(['example_spark_operator']) retrieved from /opt/airflow/dags/example-spark-dag.py
[2023-04-28T00:57:44.514+0000] {logging_mixin.py:137} INFO - [2023-04-28T00:57:44.514+0000] {dag.py:2705} INFO - Sync 1 DAGs
[2023-04-28T00:57:44.553+0000] {logging_mixin.py:137} INFO - [2023-04-28T00:57:44.553+0000] {dag.py:3456} INFO - Setting next_dagrun for example_spark_operator to None, run_after=None
[2023-04-28T00:57:44.576+0000] {processor.py:175} INFO - Processing /opt/airflow/dags/example-spark-dag.py took 0.128 seconds
[2023-04-28T00:58:14.876+0000] {processor.py:153} INFO - Started process (PID=1668) to work on /opt/airflow/dags/example-spark-dag.py
[2023-04-28T00:58:14.877+0000] {processor.py:743} INFO - Processing file /opt/airflow/dags/example-spark-dag.py for tasks to queue
[2023-04-28T00:58:14.880+0000] {logging_mixin.py:137} INFO - [2023-04-28T00:58:14.880+0000] {dagbag.py:532} INFO - Filling up the DagBag from /opt/airflow/dags/example-spark-dag.py
[2023-04-28T00:58:14.902+0000] {processor.py:753} INFO - DAG(s) dict_keys(['example_spark_operator']) retrieved from /opt/airflow/dags/example-spark-dag.py
[2023-04-28T00:58:14.938+0000] {logging_mixin.py:137} INFO - [2023-04-28T00:58:14.938+0000] {dag.py:2705} INFO - Sync 1 DAGs
[2023-04-28T00:58:14.978+0000] {logging_mixin.py:137} INFO - [2023-04-28T00:58:14.978+0000] {dag.py:3456} INFO - Setting next_dagrun for example_spark_operator to None, run_after=None
[2023-04-28T00:58:15.001+0000] {processor.py:175} INFO - Processing /opt/airflow/dags/example-spark-dag.py took 0.129 seconds
[2023-04-28T00:58:45.287+0000] {processor.py:153} INFO - Started process (PID=1721) to work on /opt/airflow/dags/example-spark-dag.py
[2023-04-28T00:58:45.288+0000] {processor.py:743} INFO - Processing file /opt/airflow/dags/example-spark-dag.py for tasks to queue
[2023-04-28T00:58:45.289+0000] {logging_mixin.py:137} INFO - [2023-04-28T00:58:45.289+0000] {dagbag.py:532} INFO - Filling up the DagBag from /opt/airflow/dags/example-spark-dag.py
[2023-04-28T00:58:45.311+0000] {processor.py:753} INFO - DAG(s) dict_keys(['example_spark_operator']) retrieved from /opt/airflow/dags/example-spark-dag.py
[2023-04-28T00:58:45.348+0000] {logging_mixin.py:137} INFO - [2023-04-28T00:58:45.348+0000] {dag.py:2705} INFO - Sync 1 DAGs
[2023-04-28T00:58:45.386+0000] {logging_mixin.py:137} INFO - [2023-04-28T00:58:45.386+0000] {dag.py:3456} INFO - Setting next_dagrun for example_spark_operator to None, run_after=None
[2023-04-28T00:58:45.413+0000] {processor.py:175} INFO - Processing /opt/airflow/dags/example-spark-dag.py took 0.129 seconds
[2023-04-28T00:59:16.273+0000] {processor.py:153} INFO - Started process (PID=1774) to work on /opt/airflow/dags/example-spark-dag.py
[2023-04-28T00:59:16.274+0000] {processor.py:743} INFO - Processing file /opt/airflow/dags/example-spark-dag.py for tasks to queue
[2023-04-28T00:59:16.275+0000] {logging_mixin.py:137} INFO - [2023-04-28T00:59:16.274+0000] {dagbag.py:532} INFO - Filling up the DagBag from /opt/airflow/dags/example-spark-dag.py
[2023-04-28T00:59:16.331+0000] {processor.py:753} INFO - DAG(s) dict_keys(['example_spark_operator']) retrieved from /opt/airflow/dags/example-spark-dag.py
[2023-04-28T00:59:16.375+0000] {logging_mixin.py:137} INFO - [2023-04-28T00:59:16.374+0000] {dag.py:2705} INFO - Sync 1 DAGs
[2023-04-28T00:59:16.436+0000] {logging_mixin.py:137} INFO - [2023-04-28T00:59:16.436+0000] {dag.py:3456} INFO - Setting next_dagrun for example_spark_operator to None, run_after=None
[2023-04-28T00:59:16.491+0000] {processor.py:175} INFO - Processing /opt/airflow/dags/example-spark-dag.py took 0.222 seconds
[2023-04-28T00:59:47.127+0000] {processor.py:153} INFO - Started process (PID=1827) to work on /opt/airflow/dags/example-spark-dag.py
[2023-04-28T00:59:47.137+0000] {processor.py:743} INFO - Processing file /opt/airflow/dags/example-spark-dag.py for tasks to queue
[2023-04-28T00:59:47.138+0000] {logging_mixin.py:137} INFO - [2023-04-28T00:59:47.137+0000] {dagbag.py:532} INFO - Filling up the DagBag from /opt/airflow/dags/example-spark-dag.py
[2023-04-28T00:59:47.176+0000] {processor.py:753} INFO - DAG(s) dict_keys(['example_spark_operator']) retrieved from /opt/airflow/dags/example-spark-dag.py
[2023-04-28T00:59:47.249+0000] {logging_mixin.py:137} INFO - [2023-04-28T00:59:47.249+0000] {dag.py:2705} INFO - Sync 1 DAGs
[2023-04-28T00:59:47.330+0000] {logging_mixin.py:137} INFO - [2023-04-28T00:59:47.329+0000] {dag.py:3456} INFO - Setting next_dagrun for example_spark_operator to None, run_after=None
[2023-04-28T00:59:47.376+0000] {processor.py:175} INFO - Processing /opt/airflow/dags/example-spark-dag.py took 0.252 seconds
[2023-04-28T01:00:17.891+0000] {processor.py:153} INFO - Started process (PID=1880) to work on /opt/airflow/dags/example-spark-dag.py
[2023-04-28T01:00:17.892+0000] {processor.py:743} INFO - Processing file /opt/airflow/dags/example-spark-dag.py for tasks to queue
[2023-04-28T01:00:17.894+0000] {logging_mixin.py:137} INFO - [2023-04-28T01:00:17.893+0000] {dagbag.py:532} INFO - Filling up the DagBag from /opt/airflow/dags/example-spark-dag.py
[2023-04-28T01:00:17.919+0000] {processor.py:753} INFO - DAG(s) dict_keys(['example_spark_operator']) retrieved from /opt/airflow/dags/example-spark-dag.py
[2023-04-28T01:00:17.954+0000] {logging_mixin.py:137} INFO - [2023-04-28T01:00:17.954+0000] {dag.py:2705} INFO - Sync 1 DAGs
[2023-04-28T01:00:17.994+0000] {logging_mixin.py:137} INFO - [2023-04-28T01:00:17.994+0000] {dag.py:3456} INFO - Setting next_dagrun for example_spark_operator to None, run_after=None
[2023-04-28T01:00:18.017+0000] {processor.py:175} INFO - Processing /opt/airflow/dags/example-spark-dag.py took 0.129 seconds
[2023-04-28T01:00:48.330+0000] {processor.py:153} INFO - Started process (PID=1934) to work on /opt/airflow/dags/example-spark-dag.py
[2023-04-28T01:00:48.331+0000] {processor.py:743} INFO - Processing file /opt/airflow/dags/example-spark-dag.py for tasks to queue
[2023-04-28T01:00:48.332+0000] {logging_mixin.py:137} INFO - [2023-04-28T01:00:48.331+0000] {dagbag.py:532} INFO - Filling up the DagBag from /opt/airflow/dags/example-spark-dag.py
[2023-04-28T01:00:48.355+0000] {processor.py:753} INFO - DAG(s) dict_keys(['example_spark_operator']) retrieved from /opt/airflow/dags/example-spark-dag.py
[2023-04-28T01:00:48.393+0000] {logging_mixin.py:137} INFO - [2023-04-28T01:00:48.393+0000] {dag.py:2705} INFO - Sync 1 DAGs
[2023-04-28T01:00:48.432+0000] {logging_mixin.py:137} INFO - [2023-04-28T01:00:48.432+0000] {dag.py:3456} INFO - Setting next_dagrun for example_spark_operator to None, run_after=None
[2023-04-28T01:00:48.457+0000] {processor.py:175} INFO - Processing /opt/airflow/dags/example-spark-dag.py took 0.135 seconds
[2023-04-28T01:01:18.632+0000] {processor.py:153} INFO - Started process (PID=1987) to work on /opt/airflow/dags/example-spark-dag.py
[2023-04-28T01:01:18.632+0000] {processor.py:743} INFO - Processing file /opt/airflow/dags/example-spark-dag.py for tasks to queue
[2023-04-28T01:01:18.633+0000] {logging_mixin.py:137} INFO - [2023-04-28T01:01:18.633+0000] {dagbag.py:532} INFO - Filling up the DagBag from /opt/airflow/dags/example-spark-dag.py
[2023-04-28T01:01:18.655+0000] {processor.py:753} INFO - DAG(s) dict_keys(['example_spark_operator']) retrieved from /opt/airflow/dags/example-spark-dag.py
[2023-04-28T01:01:18.692+0000] {logging_mixin.py:137} INFO - [2023-04-28T01:01:18.692+0000] {dag.py:2705} INFO - Sync 1 DAGs
[2023-04-28T01:01:18.731+0000] {logging_mixin.py:137} INFO - [2023-04-28T01:01:18.731+0000] {dag.py:3456} INFO - Setting next_dagrun for example_spark_operator to None, run_after=None
[2023-04-28T01:01:18.755+0000] {processor.py:175} INFO - Processing /opt/airflow/dags/example-spark-dag.py took 0.131 seconds
[2023-04-28T01:01:48.860+0000] {processor.py:153} INFO - Started process (PID=2040) to work on /opt/airflow/dags/example-spark-dag.py
[2023-04-28T01:01:48.869+0000] {processor.py:743} INFO - Processing file /opt/airflow/dags/example-spark-dag.py for tasks to queue
[2023-04-28T01:01:48.870+0000] {logging_mixin.py:137} INFO - [2023-04-28T01:01:48.870+0000] {dagbag.py:532} INFO - Filling up the DagBag from /opt/airflow/dags/example-spark-dag.py
[2023-04-28T01:01:48.908+0000] {processor.py:753} INFO - DAG(s) dict_keys(['example_spark_operator']) retrieved from /opt/airflow/dags/example-spark-dag.py
[2023-04-28T01:01:48.959+0000] {logging_mixin.py:137} INFO - [2023-04-28T01:01:48.959+0000] {dag.py:2705} INFO - Sync 1 DAGs
[2023-04-28T01:01:49.038+0000] {logging_mixin.py:137} INFO - [2023-04-28T01:01:49.037+0000] {dag.py:3456} INFO - Setting next_dagrun for example_spark_operator to None, run_after=None
[2023-04-28T01:01:49.065+0000] {processor.py:175} INFO - Processing /opt/airflow/dags/example-spark-dag.py took 0.209 seconds
[2023-04-28T01:02:19.301+0000] {processor.py:153} INFO - Started process (PID=2093) to work on /opt/airflow/dags/example-spark-dag.py
[2023-04-28T01:02:19.302+0000] {processor.py:743} INFO - Processing file /opt/airflow/dags/example-spark-dag.py for tasks to queue
[2023-04-28T01:02:19.303+0000] {logging_mixin.py:137} INFO - [2023-04-28T01:02:19.303+0000] {dagbag.py:532} INFO - Filling up the DagBag from /opt/airflow/dags/example-spark-dag.py
[2023-04-28T01:02:19.326+0000] {processor.py:753} INFO - DAG(s) dict_keys(['example_spark_operator']) retrieved from /opt/airflow/dags/example-spark-dag.py
[2023-04-28T01:02:19.376+0000] {logging_mixin.py:137} INFO - [2023-04-28T01:02:19.375+0000] {dag.py:2705} INFO - Sync 1 DAGs
[2023-04-28T01:02:19.414+0000] {logging_mixin.py:137} INFO - [2023-04-28T01:02:19.414+0000] {dag.py:3456} INFO - Setting next_dagrun for example_spark_operator to None, run_after=None
[2023-04-28T01:02:19.436+0000] {processor.py:175} INFO - Processing /opt/airflow/dags/example-spark-dag.py took 0.142 seconds
[2023-04-28T01:02:50.329+0000] {processor.py:153} INFO - Started process (PID=2146) to work on /opt/airflow/dags/example-spark-dag.py
[2023-04-28T01:02:50.330+0000] {processor.py:743} INFO - Processing file /opt/airflow/dags/example-spark-dag.py for tasks to queue
[2023-04-28T01:02:50.331+0000] {logging_mixin.py:137} INFO - [2023-04-28T01:02:50.330+0000] {dagbag.py:532} INFO - Filling up the DagBag from /opt/airflow/dags/example-spark-dag.py
[2023-04-28T01:02:50.353+0000] {processor.py:753} INFO - DAG(s) dict_keys(['example_spark_operator']) retrieved from /opt/airflow/dags/example-spark-dag.py
[2023-04-28T01:02:50.389+0000] {logging_mixin.py:137} INFO - [2023-04-28T01:02:50.389+0000] {dag.py:2705} INFO - Sync 1 DAGs
[2023-04-28T01:02:50.428+0000] {logging_mixin.py:137} INFO - [2023-04-28T01:02:50.428+0000] {dag.py:3456} INFO - Setting next_dagrun for example_spark_operator to None, run_after=None
[2023-04-28T01:02:50.454+0000] {processor.py:175} INFO - Processing /opt/airflow/dags/example-spark-dag.py took 0.130 seconds
[2023-04-28T01:03:20.879+0000] {processor.py:153} INFO - Started process (PID=2198) to work on /opt/airflow/dags/example-spark-dag.py
[2023-04-28T01:03:20.880+0000] {processor.py:743} INFO - Processing file /opt/airflow/dags/example-spark-dag.py for tasks to queue
[2023-04-28T01:03:20.881+0000] {logging_mixin.py:137} INFO - [2023-04-28T01:03:20.880+0000] {dagbag.py:532} INFO - Filling up the DagBag from /opt/airflow/dags/example-spark-dag.py
[2023-04-28T01:03:20.907+0000] {processor.py:753} INFO - DAG(s) dict_keys(['example_spark_operator']) retrieved from /opt/airflow/dags/example-spark-dag.py
[2023-04-28T01:03:20.944+0000] {logging_mixin.py:137} INFO - [2023-04-28T01:03:20.943+0000] {dag.py:2705} INFO - Sync 1 DAGs
[2023-04-28T01:03:20.983+0000] {logging_mixin.py:137} INFO - [2023-04-28T01:03:20.982+0000] {dag.py:3456} INFO - Setting next_dagrun for example_spark_operator to None, run_after=None
[2023-04-28T01:03:21.009+0000] {processor.py:175} INFO - Processing /opt/airflow/dags/example-spark-dag.py took 0.134 seconds
[2023-04-28T01:03:51.757+0000] {processor.py:153} INFO - Started process (PID=2252) to work on /opt/airflow/dags/example-spark-dag.py
[2023-04-28T01:03:51.758+0000] {processor.py:743} INFO - Processing file /opt/airflow/dags/example-spark-dag.py for tasks to queue
[2023-04-28T01:03:51.758+0000] {logging_mixin.py:137} INFO - [2023-04-28T01:03:51.758+0000] {dagbag.py:532} INFO - Filling up the DagBag from /opt/airflow/dags/example-spark-dag.py
[2023-04-28T01:03:51.789+0000] {processor.py:753} INFO - DAG(s) dict_keys(['example_spark_operator']) retrieved from /opt/airflow/dags/example-spark-dag.py
[2023-04-28T01:03:51.856+0000] {logging_mixin.py:137} INFO - [2023-04-28T01:03:51.855+0000] {dag.py:2705} INFO - Sync 1 DAGs
[2023-04-28T01:03:51.897+0000] {logging_mixin.py:137} INFO - [2023-04-28T01:03:51.897+0000] {dag.py:3456} INFO - Setting next_dagrun for example_spark_operator to None, run_after=None
[2023-04-28T01:03:51.916+0000] {processor.py:175} INFO - Processing /opt/airflow/dags/example-spark-dag.py took 0.164 seconds
[2023-04-28T01:04:22.064+0000] {processor.py:153} INFO - Started process (PID=2305) to work on /opt/airflow/dags/example-spark-dag.py
[2023-04-28T01:04:22.065+0000] {processor.py:743} INFO - Processing file /opt/airflow/dags/example-spark-dag.py for tasks to queue
[2023-04-28T01:04:22.066+0000] {logging_mixin.py:137} INFO - [2023-04-28T01:04:22.066+0000] {dagbag.py:532} INFO - Filling up the DagBag from /opt/airflow/dags/example-spark-dag.py
[2023-04-28T01:04:22.087+0000] {processor.py:753} INFO - DAG(s) dict_keys(['example_spark_operator']) retrieved from /opt/airflow/dags/example-spark-dag.py
[2023-04-28T01:04:22.124+0000] {logging_mixin.py:137} INFO - [2023-04-28T01:04:22.124+0000] {dag.py:2705} INFO - Sync 1 DAGs
[2023-04-28T01:04:22.171+0000] {logging_mixin.py:137} INFO - [2023-04-28T01:04:22.170+0000] {dag.py:3456} INFO - Setting next_dagrun for example_spark_operator to None, run_after=None
[2023-04-28T01:04:22.201+0000] {processor.py:175} INFO - Processing /opt/airflow/dags/example-spark-dag.py took 0.142 seconds
[2023-04-28T01:04:53.047+0000] {processor.py:153} INFO - Started process (PID=2358) to work on /opt/airflow/dags/example-spark-dag.py
[2023-04-28T01:04:53.048+0000] {processor.py:743} INFO - Processing file /opt/airflow/dags/example-spark-dag.py for tasks to queue
[2023-04-28T01:04:53.049+0000] {logging_mixin.py:137} INFO - [2023-04-28T01:04:53.048+0000] {dagbag.py:532} INFO - Filling up the DagBag from /opt/airflow/dags/example-spark-dag.py
[2023-04-28T01:04:53.071+0000] {processor.py:753} INFO - DAG(s) dict_keys(['example_spark_operator']) retrieved from /opt/airflow/dags/example-spark-dag.py
[2023-04-28T01:04:53.109+0000] {logging_mixin.py:137} INFO - [2023-04-28T01:04:53.108+0000] {dag.py:2705} INFO - Sync 1 DAGs
[2023-04-28T01:04:53.148+0000] {logging_mixin.py:137} INFO - [2023-04-28T01:04:53.148+0000] {dag.py:3456} INFO - Setting next_dagrun for example_spark_operator to None, run_after=None
[2023-04-28T01:04:53.195+0000] {processor.py:175} INFO - Processing /opt/airflow/dags/example-spark-dag.py took 0.153 seconds
[2023-04-28T01:05:23.641+0000] {processor.py:153} INFO - Started process (PID=2411) to work on /opt/airflow/dags/example-spark-dag.py
[2023-04-28T01:05:23.642+0000] {processor.py:743} INFO - Processing file /opt/airflow/dags/example-spark-dag.py for tasks to queue
[2023-04-28T01:05:23.642+0000] {logging_mixin.py:137} INFO - [2023-04-28T01:05:23.642+0000] {dagbag.py:532} INFO - Filling up the DagBag from /opt/airflow/dags/example-spark-dag.py
[2023-04-28T01:05:23.666+0000] {processor.py:753} INFO - DAG(s) dict_keys(['example_spark_operator']) retrieved from /opt/airflow/dags/example-spark-dag.py
[2023-04-28T01:05:23.701+0000] {logging_mixin.py:137} INFO - [2023-04-28T01:05:23.701+0000] {dag.py:2705} INFO - Sync 1 DAGs
[2023-04-28T01:05:23.741+0000] {logging_mixin.py:137} INFO - [2023-04-28T01:05:23.741+0000] {dag.py:3456} INFO - Setting next_dagrun for example_spark_operator to None, run_after=None
[2023-04-28T01:05:23.764+0000] {processor.py:175} INFO - Processing /opt/airflow/dags/example-spark-dag.py took 0.127 seconds
[2023-04-28T01:05:54.307+0000] {processor.py:153} INFO - Started process (PID=2464) to work on /opt/airflow/dags/example-spark-dag.py
[2023-04-28T01:05:54.309+0000] {processor.py:743} INFO - Processing file /opt/airflow/dags/example-spark-dag.py for tasks to queue
[2023-04-28T01:05:54.310+0000] {logging_mixin.py:137} INFO - [2023-04-28T01:05:54.309+0000] {dagbag.py:532} INFO - Filling up the DagBag from /opt/airflow/dags/example-spark-dag.py
[2023-04-28T01:05:54.331+0000] {processor.py:753} INFO - DAG(s) dict_keys(['example_spark_operator']) retrieved from /opt/airflow/dags/example-spark-dag.py
[2023-04-28T01:05:54.369+0000] {logging_mixin.py:137} INFO - [2023-04-28T01:05:54.369+0000] {dag.py:2705} INFO - Sync 1 DAGs
[2023-04-28T01:05:54.408+0000] {logging_mixin.py:137} INFO - [2023-04-28T01:05:54.408+0000] {dag.py:3456} INFO - Setting next_dagrun for example_spark_operator to None, run_after=None
[2023-04-28T01:05:54.432+0000] {processor.py:175} INFO - Processing /opt/airflow/dags/example-spark-dag.py took 0.130 seconds
[2023-04-28T01:06:25.174+0000] {processor.py:153} INFO - Started process (PID=2517) to work on /opt/airflow/dags/example-spark-dag.py
[2023-04-28T01:06:25.175+0000] {processor.py:743} INFO - Processing file /opt/airflow/dags/example-spark-dag.py for tasks to queue
[2023-04-28T01:06:25.175+0000] {logging_mixin.py:137} INFO - [2023-04-28T01:06:25.175+0000] {dagbag.py:532} INFO - Filling up the DagBag from /opt/airflow/dags/example-spark-dag.py
[2023-04-28T01:06:25.227+0000] {processor.py:753} INFO - DAG(s) dict_keys(['example_spark_operator']) retrieved from /opt/airflow/dags/example-spark-dag.py
[2023-04-28T01:06:25.322+0000] {logging_mixin.py:137} INFO - [2023-04-28T01:06:25.322+0000] {dag.py:2705} INFO - Sync 1 DAGs
[2023-04-28T01:06:25.363+0000] {logging_mixin.py:137} INFO - [2023-04-28T01:06:25.363+0000] {dag.py:3456} INFO - Setting next_dagrun for example_spark_operator to None, run_after=None
[2023-04-28T01:06:25.388+0000] {processor.py:175} INFO - Processing /opt/airflow/dags/example-spark-dag.py took 0.228 seconds
[2023-04-28T01:06:55.476+0000] {processor.py:153} INFO - Started process (PID=2570) to work on /opt/airflow/dags/example-spark-dag.py
[2023-04-28T01:06:55.477+0000] {processor.py:743} INFO - Processing file /opt/airflow/dags/example-spark-dag.py for tasks to queue
[2023-04-28T01:06:55.478+0000] {logging_mixin.py:137} INFO - [2023-04-28T01:06:55.478+0000] {dagbag.py:532} INFO - Filling up the DagBag from /opt/airflow/dags/example-spark-dag.py
[2023-04-28T01:06:55.494+0000] {processor.py:753} INFO - DAG(s) dict_keys(['example_spark_operator']) retrieved from /opt/airflow/dags/example-spark-dag.py
[2023-04-28T01:06:55.520+0000] {logging_mixin.py:137} INFO - [2023-04-28T01:06:55.520+0000] {dag.py:2705} INFO - Sync 1 DAGs
[2023-04-28T01:06:55.546+0000] {logging_mixin.py:137} INFO - [2023-04-28T01:06:55.545+0000] {dag.py:3456} INFO - Setting next_dagrun for example_spark_operator to None, run_after=None
[2023-04-28T01:06:55.564+0000] {processor.py:175} INFO - Processing /opt/airflow/dags/example-spark-dag.py took 0.091 seconds
[2023-04-28T01:07:25.647+0000] {processor.py:153} INFO - Started process (PID=2624) to work on /opt/airflow/dags/example-spark-dag.py
[2023-04-28T01:07:25.648+0000] {processor.py:743} INFO - Processing file /opt/airflow/dags/example-spark-dag.py for tasks to queue
[2023-04-28T01:07:25.648+0000] {logging_mixin.py:137} INFO - [2023-04-28T01:07:25.648+0000] {dagbag.py:532} INFO - Filling up the DagBag from /opt/airflow/dags/example-spark-dag.py
[2023-04-28T01:07:25.663+0000] {processor.py:753} INFO - DAG(s) dict_keys(['example_spark_operator']) retrieved from /opt/airflow/dags/example-spark-dag.py
[2023-04-28T01:07:25.689+0000] {logging_mixin.py:137} INFO - [2023-04-28T01:07:25.689+0000] {dag.py:2705} INFO - Sync 1 DAGs
[2023-04-28T01:07:25.714+0000] {logging_mixin.py:137} INFO - [2023-04-28T01:07:25.714+0000] {dag.py:3456} INFO - Setting next_dagrun for example_spark_operator to None, run_after=None
[2023-04-28T01:07:25.731+0000] {processor.py:175} INFO - Processing /opt/airflow/dags/example-spark-dag.py took 0.088 seconds
[2023-04-28T01:07:55.914+0000] {processor.py:153} INFO - Started process (PID=2677) to work on /opt/airflow/dags/example-spark-dag.py
[2023-04-28T01:07:55.915+0000] {processor.py:743} INFO - Processing file /opt/airflow/dags/example-spark-dag.py for tasks to queue
[2023-04-28T01:07:55.916+0000] {logging_mixin.py:137} INFO - [2023-04-28T01:07:55.916+0000] {dagbag.py:532} INFO - Filling up the DagBag from /opt/airflow/dags/example-spark-dag.py
[2023-04-28T01:07:55.938+0000] {processor.py:753} INFO - DAG(s) dict_keys(['example_spark_operator']) retrieved from /opt/airflow/dags/example-spark-dag.py
[2023-04-28T01:07:55.976+0000] {logging_mixin.py:137} INFO - [2023-04-28T01:07:55.976+0000] {dag.py:2705} INFO - Sync 1 DAGs
[2023-04-28T01:07:56.021+0000] {logging_mixin.py:137} INFO - [2023-04-28T01:07:56.020+0000] {dag.py:3456} INFO - Setting next_dagrun for example_spark_operator to None, run_after=None
[2023-04-28T01:07:56.046+0000] {processor.py:175} INFO - Processing /opt/airflow/dags/example-spark-dag.py took 0.136 seconds
[2023-04-28T01:08:26.133+0000] {processor.py:153} INFO - Started process (PID=2730) to work on /opt/airflow/dags/example-spark-dag.py
[2023-04-28T01:08:26.134+0000] {processor.py:743} INFO - Processing file /opt/airflow/dags/example-spark-dag.py for tasks to queue
[2023-04-28T01:08:26.136+0000] {logging_mixin.py:137} INFO - [2023-04-28T01:08:26.136+0000] {dagbag.py:532} INFO - Filling up the DagBag from /opt/airflow/dags/example-spark-dag.py
[2023-04-28T01:08:26.158+0000] {processor.py:753} INFO - DAG(s) dict_keys(['example_spark_operator']) retrieved from /opt/airflow/dags/example-spark-dag.py
[2023-04-28T01:08:26.195+0000] {logging_mixin.py:137} INFO - [2023-04-28T01:08:26.195+0000] {dag.py:2705} INFO - Sync 1 DAGs
[2023-04-28T01:08:26.235+0000] {logging_mixin.py:137} INFO - [2023-04-28T01:08:26.235+0000] {dag.py:3456} INFO - Setting next_dagrun for example_spark_operator to None, run_after=None
[2023-04-28T01:08:26.261+0000] {processor.py:175} INFO - Processing /opt/airflow/dags/example-spark-dag.py took 0.132 seconds
[2023-04-28T01:08:56.430+0000] {processor.py:153} INFO - Started process (PID=2783) to work on /opt/airflow/dags/example-spark-dag.py
[2023-04-28T01:08:56.431+0000] {processor.py:743} INFO - Processing file /opt/airflow/dags/example-spark-dag.py for tasks to queue
[2023-04-28T01:08:56.432+0000] {logging_mixin.py:137} INFO - [2023-04-28T01:08:56.432+0000] {dagbag.py:532} INFO - Filling up the DagBag from /opt/airflow/dags/example-spark-dag.py
[2023-04-28T01:08:56.479+0000] {processor.py:753} INFO - DAG(s) dict_keys(['example_spark_operator']) retrieved from /opt/airflow/dags/example-spark-dag.py
[2023-04-28T01:08:56.618+0000] {logging_mixin.py:137} INFO - [2023-04-28T01:08:56.618+0000] {dag.py:2705} INFO - Sync 1 DAGs
[2023-04-28T01:08:56.701+0000] {logging_mixin.py:137} INFO - [2023-04-28T01:08:56.701+0000] {dag.py:3456} INFO - Setting next_dagrun for example_spark_operator to None, run_after=None
[2023-04-28T01:08:56.726+0000] {processor.py:175} INFO - Processing /opt/airflow/dags/example-spark-dag.py took 0.314 seconds
[2023-04-28T01:09:27.210+0000] {processor.py:153} INFO - Started process (PID=2836) to work on /opt/airflow/dags/example-spark-dag.py
[2023-04-28T01:09:27.210+0000] {processor.py:743} INFO - Processing file /opt/airflow/dags/example-spark-dag.py for tasks to queue
[2023-04-28T01:09:27.211+0000] {logging_mixin.py:137} INFO - [2023-04-28T01:09:27.211+0000] {dagbag.py:532} INFO - Filling up the DagBag from /opt/airflow/dags/example-spark-dag.py
[2023-04-28T01:09:27.261+0000] {processor.py:753} INFO - DAG(s) dict_keys(['example_spark_operator']) retrieved from /opt/airflow/dags/example-spark-dag.py
[2023-04-28T01:09:27.336+0000] {logging_mixin.py:137} INFO - [2023-04-28T01:09:27.336+0000] {dag.py:2705} INFO - Sync 1 DAGs
[2023-04-28T01:09:27.409+0000] {logging_mixin.py:137} INFO - [2023-04-28T01:09:27.409+0000] {dag.py:3456} INFO - Setting next_dagrun for example_spark_operator to None, run_after=None
[2023-04-28T01:09:27.446+0000] {processor.py:175} INFO - Processing /opt/airflow/dags/example-spark-dag.py took 0.243 seconds
[2023-04-28T01:09:57.574+0000] {processor.py:153} INFO - Started process (PID=2889) to work on /opt/airflow/dags/example-spark-dag.py
[2023-04-28T01:09:57.576+0000] {processor.py:743} INFO - Processing file /opt/airflow/dags/example-spark-dag.py for tasks to queue
[2023-04-28T01:09:57.577+0000] {logging_mixin.py:137} INFO - [2023-04-28T01:09:57.577+0000] {dagbag.py:532} INFO - Filling up the DagBag from /opt/airflow/dags/example-spark-dag.py
[2023-04-28T01:09:57.600+0000] {processor.py:753} INFO - DAG(s) dict_keys(['example_spark_operator']) retrieved from /opt/airflow/dags/example-spark-dag.py
[2023-04-28T01:09:57.637+0000] {logging_mixin.py:137} INFO - [2023-04-28T01:09:57.637+0000] {dag.py:2705} INFO - Sync 1 DAGs
[2023-04-28T01:09:57.676+0000] {logging_mixin.py:137} INFO - [2023-04-28T01:09:57.676+0000] {dag.py:3456} INFO - Setting next_dagrun for example_spark_operator to None, run_after=None
[2023-04-28T01:09:57.700+0000] {processor.py:175} INFO - Processing /opt/airflow/dags/example-spark-dag.py took 0.130 seconds
[2023-04-28T01:10:28.222+0000] {processor.py:153} INFO - Started process (PID=2942) to work on /opt/airflow/dags/example-spark-dag.py
[2023-04-28T01:10:28.223+0000] {processor.py:743} INFO - Processing file /opt/airflow/dags/example-spark-dag.py for tasks to queue
[2023-04-28T01:10:28.224+0000] {logging_mixin.py:137} INFO - [2023-04-28T01:10:28.223+0000] {dagbag.py:532} INFO - Filling up the DagBag from /opt/airflow/dags/example-spark-dag.py
[2023-04-28T01:10:28.246+0000] {processor.py:753} INFO - DAG(s) dict_keys(['example_spark_operator']) retrieved from /opt/airflow/dags/example-spark-dag.py
[2023-04-28T01:10:28.284+0000] {logging_mixin.py:137} INFO - [2023-04-28T01:10:28.284+0000] {dag.py:2705} INFO - Sync 1 DAGs
[2023-04-28T01:10:28.324+0000] {logging_mixin.py:137} INFO - [2023-04-28T01:10:28.324+0000] {dag.py:3456} INFO - Setting next_dagrun for example_spark_operator to None, run_after=None
[2023-04-28T01:10:28.350+0000] {processor.py:175} INFO - Processing /opt/airflow/dags/example-spark-dag.py took 0.134 seconds
[2023-04-28T01:10:59.079+0000] {processor.py:153} INFO - Started process (PID=2995) to work on /opt/airflow/dags/example-spark-dag.py
[2023-04-28T01:10:59.080+0000] {processor.py:743} INFO - Processing file /opt/airflow/dags/example-spark-dag.py for tasks to queue
[2023-04-28T01:10:59.081+0000] {logging_mixin.py:137} INFO - [2023-04-28T01:10:59.081+0000] {dagbag.py:532} INFO - Filling up the DagBag from /opt/airflow/dags/example-spark-dag.py
[2023-04-28T01:10:59.103+0000] {processor.py:753} INFO - DAG(s) dict_keys(['example_spark_operator']) retrieved from /opt/airflow/dags/example-spark-dag.py
[2023-04-28T01:10:59.141+0000] {logging_mixin.py:137} INFO - [2023-04-28T01:10:59.141+0000] {dag.py:2705} INFO - Sync 1 DAGs
[2023-04-28T01:10:59.181+0000] {logging_mixin.py:137} INFO - [2023-04-28T01:10:59.181+0000] {dag.py:3456} INFO - Setting next_dagrun for example_spark_operator to None, run_after=None
[2023-04-28T01:10:59.205+0000] {processor.py:175} INFO - Processing /opt/airflow/dags/example-spark-dag.py took 0.131 seconds
[2023-04-28T01:11:29.357+0000] {processor.py:153} INFO - Started process (PID=3048) to work on /opt/airflow/dags/example-spark-dag.py
[2023-04-28T01:11:29.358+0000] {processor.py:743} INFO - Processing file /opt/airflow/dags/example-spark-dag.py for tasks to queue
[2023-04-28T01:11:29.359+0000] {logging_mixin.py:137} INFO - [2023-04-28T01:11:29.358+0000] {dagbag.py:532} INFO - Filling up the DagBag from /opt/airflow/dags/example-spark-dag.py
[2023-04-28T01:11:29.381+0000] {processor.py:753} INFO - DAG(s) dict_keys(['example_spark_operator']) retrieved from /opt/airflow/dags/example-spark-dag.py
[2023-04-28T01:11:29.420+0000] {logging_mixin.py:137} INFO - [2023-04-28T01:11:29.420+0000] {dag.py:2705} INFO - Sync 1 DAGs
[2023-04-28T01:11:29.460+0000] {logging_mixin.py:137} INFO - [2023-04-28T01:11:29.460+0000] {dag.py:3456} INFO - Setting next_dagrun for example_spark_operator to None, run_after=None
[2023-04-28T01:11:29.486+0000] {processor.py:175} INFO - Processing /opt/airflow/dags/example-spark-dag.py took 0.134 seconds
[2023-04-28T01:11:59.565+0000] {processor.py:153} INFO - Started process (PID=3101) to work on /opt/airflow/dags/example-spark-dag.py
[2023-04-28T01:11:59.577+0000] {processor.py:743} INFO - Processing file /opt/airflow/dags/example-spark-dag.py for tasks to queue
[2023-04-28T01:11:59.578+0000] {logging_mixin.py:137} INFO - [2023-04-28T01:11:59.578+0000] {dagbag.py:532} INFO - Filling up the DagBag from /opt/airflow/dags/example-spark-dag.py
[2023-04-28T01:11:59.621+0000] {processor.py:753} INFO - DAG(s) dict_keys(['example_spark_operator']) retrieved from /opt/airflow/dags/example-spark-dag.py
[2023-04-28T01:11:59.728+0000] {logging_mixin.py:137} INFO - [2023-04-28T01:11:59.727+0000] {dag.py:2705} INFO - Sync 1 DAGs
[2023-04-28T01:11:59.803+0000] {logging_mixin.py:137} INFO - [2023-04-28T01:11:59.801+0000] {dag.py:3456} INFO - Setting next_dagrun for example_spark_operator to None, run_after=None
[2023-04-28T01:11:59.854+0000] {processor.py:175} INFO - Processing /opt/airflow/dags/example-spark-dag.py took 0.294 seconds
[2023-04-28T01:12:30.343+0000] {processor.py:153} INFO - Started process (PID=3154) to work on /opt/airflow/dags/example-spark-dag.py
[2023-04-28T01:12:30.344+0000] {processor.py:743} INFO - Processing file /opt/airflow/dags/example-spark-dag.py for tasks to queue
[2023-04-28T01:12:30.345+0000] {logging_mixin.py:137} INFO - [2023-04-28T01:12:30.345+0000] {dagbag.py:532} INFO - Filling up the DagBag from /opt/airflow/dags/example-spark-dag.py
[2023-04-28T01:12:30.369+0000] {processor.py:753} INFO - DAG(s) dict_keys(['example_spark_operator']) retrieved from /opt/airflow/dags/example-spark-dag.py
[2023-04-28T01:12:30.420+0000] {logging_mixin.py:137} INFO - [2023-04-28T01:12:30.419+0000] {dag.py:2705} INFO - Sync 1 DAGs
[2023-04-28T01:12:30.461+0000] {logging_mixin.py:137} INFO - [2023-04-28T01:12:30.461+0000] {dag.py:3456} INFO - Setting next_dagrun for example_spark_operator to None, run_after=None
[2023-04-28T01:12:30.485+0000] {processor.py:175} INFO - Processing /opt/airflow/dags/example-spark-dag.py took 0.146 seconds
[2023-04-28T01:13:00.604+0000] {processor.py:153} INFO - Started process (PID=3208) to work on /opt/airflow/dags/example-spark-dag.py
[2023-04-28T01:13:00.605+0000] {processor.py:743} INFO - Processing file /opt/airflow/dags/example-spark-dag.py for tasks to queue
[2023-04-28T01:13:00.606+0000] {logging_mixin.py:137} INFO - [2023-04-28T01:13:00.606+0000] {dagbag.py:532} INFO - Filling up the DagBag from /opt/airflow/dags/example-spark-dag.py
[2023-04-28T01:13:00.628+0000] {processor.py:753} INFO - DAG(s) dict_keys(['example_spark_operator']) retrieved from /opt/airflow/dags/example-spark-dag.py
[2023-04-28T01:13:00.665+0000] {logging_mixin.py:137} INFO - [2023-04-28T01:13:00.665+0000] {dag.py:2705} INFO - Sync 1 DAGs
[2023-04-28T01:13:00.705+0000] {logging_mixin.py:137} INFO - [2023-04-28T01:13:00.705+0000] {dag.py:3456} INFO - Setting next_dagrun for example_spark_operator to None, run_after=None
[2023-04-28T01:13:00.730+0000] {processor.py:175} INFO - Processing /opt/airflow/dags/example-spark-dag.py took 0.131 seconds
[2023-04-28T01:13:30.773+0000] {processor.py:153} INFO - Started process (PID=3262) to work on /opt/airflow/dags/example-spark-dag.py
[2023-04-28T01:13:30.774+0000] {processor.py:743} INFO - Processing file /opt/airflow/dags/example-spark-dag.py for tasks to queue
[2023-04-28T01:13:30.775+0000] {logging_mixin.py:137} INFO - [2023-04-28T01:13:30.775+0000] {dagbag.py:532} INFO - Filling up the DagBag from /opt/airflow/dags/example-spark-dag.py
[2023-04-28T01:13:30.798+0000] {processor.py:753} INFO - DAG(s) dict_keys(['example_spark_operator']) retrieved from /opt/airflow/dags/example-spark-dag.py
[2023-04-28T01:13:30.834+0000] {logging_mixin.py:137} INFO - [2023-04-28T01:13:30.834+0000] {dag.py:2705} INFO - Sync 1 DAGs
[2023-04-28T01:13:30.873+0000] {logging_mixin.py:137} INFO - [2023-04-28T01:13:30.873+0000] {dag.py:3456} INFO - Setting next_dagrun for example_spark_operator to None, run_after=None
[2023-04-28T01:13:30.897+0000] {processor.py:175} INFO - Processing /opt/airflow/dags/example-spark-dag.py took 0.128 seconds
[2023-04-28T01:14:01.550+0000] {processor.py:153} INFO - Started process (PID=3315) to work on /opt/airflow/dags/example-spark-dag.py
[2023-04-28T01:14:01.551+0000] {processor.py:743} INFO - Processing file /opt/airflow/dags/example-spark-dag.py for tasks to queue
[2023-04-28T01:14:01.552+0000] {logging_mixin.py:137} INFO - [2023-04-28T01:14:01.552+0000] {dagbag.py:532} INFO - Filling up the DagBag from /opt/airflow/dags/example-spark-dag.py
[2023-04-28T01:14:01.574+0000] {processor.py:753} INFO - DAG(s) dict_keys(['example_spark_operator']) retrieved from /opt/airflow/dags/example-spark-dag.py
[2023-04-28T01:14:01.614+0000] {logging_mixin.py:137} INFO - [2023-04-28T01:14:01.614+0000] {dag.py:2705} INFO - Sync 1 DAGs
[2023-04-28T01:14:01.654+0000] {logging_mixin.py:137} INFO - [2023-04-28T01:14:01.653+0000] {dag.py:3456} INFO - Setting next_dagrun for example_spark_operator to None, run_after=None
[2023-04-28T01:14:01.694+0000] {processor.py:175} INFO - Processing /opt/airflow/dags/example-spark-dag.py took 0.149 seconds
[2023-04-28T01:14:32.572+0000] {processor.py:153} INFO - Started process (PID=3368) to work on /opt/airflow/dags/example-spark-dag.py
[2023-04-28T01:14:32.572+0000] {processor.py:743} INFO - Processing file /opt/airflow/dags/example-spark-dag.py for tasks to queue
[2023-04-28T01:14:32.573+0000] {logging_mixin.py:137} INFO - [2023-04-28T01:14:32.573+0000] {dagbag.py:532} INFO - Filling up the DagBag from /opt/airflow/dags/example-spark-dag.py
[2023-04-28T01:14:32.596+0000] {processor.py:753} INFO - DAG(s) dict_keys(['example_spark_operator']) retrieved from /opt/airflow/dags/example-spark-dag.py
[2023-04-28T01:14:32.634+0000] {logging_mixin.py:137} INFO - [2023-04-28T01:14:32.634+0000] {dag.py:2705} INFO - Sync 1 DAGs
[2023-04-28T01:14:32.675+0000] {logging_mixin.py:137} INFO - [2023-04-28T01:14:32.675+0000] {dag.py:3456} INFO - Setting next_dagrun for example_spark_operator to None, run_after=None
[2023-04-28T01:14:32.699+0000] {processor.py:175} INFO - Processing /opt/airflow/dags/example-spark-dag.py took 0.132 seconds
[2023-04-28T01:15:03.275+0000] {processor.py:153} INFO - Started process (PID=3420) to work on /opt/airflow/dags/example-spark-dag.py
[2023-04-28T01:15:03.276+0000] {processor.py:743} INFO - Processing file /opt/airflow/dags/example-spark-dag.py for tasks to queue
[2023-04-28T01:15:03.277+0000] {logging_mixin.py:137} INFO - [2023-04-28T01:15:03.277+0000] {dagbag.py:532} INFO - Filling up the DagBag from /opt/airflow/dags/example-spark-dag.py
[2023-04-28T01:15:03.300+0000] {processor.py:753} INFO - DAG(s) dict_keys(['example_spark_operator']) retrieved from /opt/airflow/dags/example-spark-dag.py
[2023-04-28T01:15:03.336+0000] {logging_mixin.py:137} INFO - [2023-04-28T01:15:03.336+0000] {dag.py:2705} INFO - Sync 1 DAGs
[2023-04-28T01:15:03.375+0000] {logging_mixin.py:137} INFO - [2023-04-28T01:15:03.374+0000] {dag.py:3456} INFO - Setting next_dagrun for example_spark_operator to None, run_after=None
[2023-04-28T01:15:03.399+0000] {processor.py:175} INFO - Processing /opt/airflow/dags/example-spark-dag.py took 0.128 seconds
[2023-04-28T01:15:33.437+0000] {processor.py:153} INFO - Started process (PID=3473) to work on /opt/airflow/dags/example-spark-dag.py
[2023-04-28T01:15:33.438+0000] {processor.py:743} INFO - Processing file /opt/airflow/dags/example-spark-dag.py for tasks to queue
[2023-04-28T01:15:33.439+0000] {logging_mixin.py:137} INFO - [2023-04-28T01:15:33.439+0000] {dagbag.py:532} INFO - Filling up the DagBag from /opt/airflow/dags/example-spark-dag.py
[2023-04-28T01:15:33.461+0000] {processor.py:753} INFO - DAG(s) dict_keys(['example_spark_operator']) retrieved from /opt/airflow/dags/example-spark-dag.py
[2023-04-28T01:15:33.498+0000] {logging_mixin.py:137} INFO - [2023-04-28T01:15:33.498+0000] {dag.py:2705} INFO - Sync 1 DAGs
[2023-04-28T01:15:33.538+0000] {logging_mixin.py:137} INFO - [2023-04-28T01:15:33.538+0000] {dag.py:3456} INFO - Setting next_dagrun for example_spark_operator to None, run_after=None
[2023-04-28T01:15:33.562+0000] {processor.py:175} INFO - Processing /opt/airflow/dags/example-spark-dag.py took 0.130 seconds
[2023-04-28T01:16:03.780+0000] {processor.py:153} INFO - Started process (PID=3525) to work on /opt/airflow/dags/example-spark-dag.py
[2023-04-28T01:16:03.782+0000] {processor.py:743} INFO - Processing file /opt/airflow/dags/example-spark-dag.py for tasks to queue
[2023-04-28T01:16:03.789+0000] {logging_mixin.py:137} INFO - [2023-04-28T01:16:03.789+0000] {dagbag.py:532} INFO - Filling up the DagBag from /opt/airflow/dags/example-spark-dag.py
[2023-04-28T01:16:03.847+0000] {processor.py:753} INFO - DAG(s) dict_keys(['example_spark_operator']) retrieved from /opt/airflow/dags/example-spark-dag.py
[2023-04-28T01:16:03.980+0000] {logging_mixin.py:137} INFO - [2023-04-28T01:16:03.980+0000] {dag.py:2705} INFO - Sync 1 DAGs
[2023-04-28T01:16:04.150+0000] {logging_mixin.py:137} INFO - [2023-04-28T01:16:04.149+0000] {dag.py:3456} INFO - Setting next_dagrun for example_spark_operator to None, run_after=None
[2023-04-28T01:16:04.193+0000] {processor.py:175} INFO - Processing /opt/airflow/dags/example-spark-dag.py took 0.417 seconds
[2023-04-28T01:16:34.618+0000] {processor.py:153} INFO - Started process (PID=3585) to work on /opt/airflow/dags/example-spark-dag.py
[2023-04-28T01:16:34.619+0000] {processor.py:743} INFO - Processing file /opt/airflow/dags/example-spark-dag.py for tasks to queue
[2023-04-28T01:16:34.620+0000] {logging_mixin.py:137} INFO - [2023-04-28T01:16:34.620+0000] {dagbag.py:532} INFO - Filling up the DagBag from /opt/airflow/dags/example-spark-dag.py
[2023-04-28T01:16:34.644+0000] {processor.py:753} INFO - DAG(s) dict_keys(['example_spark_operator']) retrieved from /opt/airflow/dags/example-spark-dag.py
[2023-04-28T01:16:34.684+0000] {logging_mixin.py:137} INFO - [2023-04-28T01:16:34.684+0000] {dag.py:2705} INFO - Sync 1 DAGs
[2023-04-28T01:16:34.723+0000] {logging_mixin.py:137} INFO - [2023-04-28T01:16:34.723+0000] {dag.py:3456} INFO - Setting next_dagrun for example_spark_operator to None, run_after=None
[2023-04-28T01:16:34.746+0000] {processor.py:175} INFO - Processing /opt/airflow/dags/example-spark-dag.py took 0.133 seconds
[2023-04-28T01:17:05.430+0000] {processor.py:153} INFO - Started process (PID=3638) to work on /opt/airflow/dags/example-spark-dag.py
[2023-04-28T01:17:05.431+0000] {processor.py:743} INFO - Processing file /opt/airflow/dags/example-spark-dag.py for tasks to queue
[2023-04-28T01:17:05.432+0000] {logging_mixin.py:137} INFO - [2023-04-28T01:17:05.432+0000] {dagbag.py:532} INFO - Filling up the DagBag from /opt/airflow/dags/example-spark-dag.py
[2023-04-28T01:17:05.454+0000] {processor.py:753} INFO - DAG(s) dict_keys(['example_spark_operator']) retrieved from /opt/airflow/dags/example-spark-dag.py
[2023-04-28T01:17:05.492+0000] {logging_mixin.py:137} INFO - [2023-04-28T01:17:05.492+0000] {dag.py:2705} INFO - Sync 1 DAGs
[2023-04-28T01:17:05.532+0000] {logging_mixin.py:137} INFO - [2023-04-28T01:17:05.532+0000] {dag.py:3456} INFO - Setting next_dagrun for example_spark_operator to None, run_after=None
[2023-04-28T01:17:05.585+0000] {processor.py:175} INFO - Processing /opt/airflow/dags/example-spark-dag.py took 0.159 seconds
[2023-04-28T01:17:35.771+0000] {processor.py:153} INFO - Started process (PID=3691) to work on /opt/airflow/dags/example-spark-dag.py
[2023-04-28T01:17:35.772+0000] {processor.py:743} INFO - Processing file /opt/airflow/dags/example-spark-dag.py for tasks to queue
[2023-04-28T01:17:35.773+0000] {logging_mixin.py:137} INFO - [2023-04-28T01:17:35.773+0000] {dagbag.py:532} INFO - Filling up the DagBag from /opt/airflow/dags/example-spark-dag.py
[2023-04-28T01:17:35.795+0000] {processor.py:753} INFO - DAG(s) dict_keys(['example_spark_operator']) retrieved from /opt/airflow/dags/example-spark-dag.py
[2023-04-28T01:17:35.832+0000] {logging_mixin.py:137} INFO - [2023-04-28T01:17:35.831+0000] {dag.py:2705} INFO - Sync 1 DAGs
[2023-04-28T01:17:35.870+0000] {logging_mixin.py:137} INFO - [2023-04-28T01:17:35.870+0000] {dag.py:3456} INFO - Setting next_dagrun for example_spark_operator to None, run_after=None
[2023-04-28T01:17:35.905+0000] {processor.py:175} INFO - Processing /opt/airflow/dags/example-spark-dag.py took 0.138 seconds
[2023-04-28T01:18:06.463+0000] {processor.py:153} INFO - Started process (PID=3744) to work on /opt/airflow/dags/example-spark-dag.py
[2023-04-28T01:18:06.468+0000] {processor.py:743} INFO - Processing file /opt/airflow/dags/example-spark-dag.py for tasks to queue
[2023-04-28T01:18:06.469+0000] {logging_mixin.py:137} INFO - [2023-04-28T01:18:06.469+0000] {dagbag.py:532} INFO - Filling up the DagBag from /opt/airflow/dags/example-spark-dag.py
[2023-04-28T01:18:06.559+0000] {processor.py:753} INFO - DAG(s) dict_keys(['example_spark_operator']) retrieved from /opt/airflow/dags/example-spark-dag.py
[2023-04-28T01:18:06.677+0000] {logging_mixin.py:137} INFO - [2023-04-28T01:18:06.677+0000] {dag.py:2705} INFO - Sync 1 DAGs
[2023-04-28T01:18:06.815+0000] {logging_mixin.py:137} INFO - [2023-04-28T01:18:06.815+0000] {dag.py:3456} INFO - Setting next_dagrun for example_spark_operator to None, run_after=None
[2023-04-28T01:18:06.868+0000] {processor.py:175} INFO - Processing /opt/airflow/dags/example-spark-dag.py took 0.428 seconds
[2023-04-28T01:18:37.016+0000] {processor.py:153} INFO - Started process (PID=3796) to work on /opt/airflow/dags/example-spark-dag.py
[2023-04-28T01:18:37.018+0000] {processor.py:743} INFO - Processing file /opt/airflow/dags/example-spark-dag.py for tasks to queue
[2023-04-28T01:18:37.018+0000] {logging_mixin.py:137} INFO - [2023-04-28T01:18:37.018+0000] {dagbag.py:532} INFO - Filling up the DagBag from /opt/airflow/dags/example-spark-dag.py
[2023-04-28T01:18:37.033+0000] {processor.py:753} INFO - DAG(s) dict_keys(['example_spark_operator']) retrieved from /opt/airflow/dags/example-spark-dag.py
[2023-04-28T01:18:37.061+0000] {logging_mixin.py:137} INFO - [2023-04-28T01:18:37.060+0000] {dag.py:2705} INFO - Sync 1 DAGs
[2023-04-28T01:18:37.086+0000] {logging_mixin.py:137} INFO - [2023-04-28T01:18:37.086+0000] {dag.py:3456} INFO - Setting next_dagrun for example_spark_operator to None, run_after=None
[2023-04-28T01:18:37.103+0000] {processor.py:175} INFO - Processing /opt/airflow/dags/example-spark-dag.py took 0.091 seconds
[2023-04-28T01:19:07.681+0000] {processor.py:153} INFO - Started process (PID=3849) to work on /opt/airflow/dags/example-spark-dag.py
[2023-04-28T01:19:07.682+0000] {processor.py:743} INFO - Processing file /opt/airflow/dags/example-spark-dag.py for tasks to queue
[2023-04-28T01:19:07.682+0000] {logging_mixin.py:137} INFO - [2023-04-28T01:19:07.682+0000] {dagbag.py:532} INFO - Filling up the DagBag from /opt/airflow/dags/example-spark-dag.py
[2023-04-28T01:19:07.705+0000] {processor.py:753} INFO - DAG(s) dict_keys(['example_spark_operator']) retrieved from /opt/airflow/dags/example-spark-dag.py
[2023-04-28T01:19:07.756+0000] {logging_mixin.py:137} INFO - [2023-04-28T01:19:07.756+0000] {dag.py:2705} INFO - Sync 1 DAGs
[2023-04-28T01:19:07.826+0000] {logging_mixin.py:137} INFO - [2023-04-28T01:19:07.826+0000] {dag.py:3456} INFO - Setting next_dagrun for example_spark_operator to None, run_after=None
[2023-04-28T01:19:07.843+0000] {processor.py:175} INFO - Processing /opt/airflow/dags/example-spark-dag.py took 0.167 seconds
[2023-04-28T01:19:38.071+0000] {processor.py:153} INFO - Started process (PID=3902) to work on /opt/airflow/dags/example-spark-dag.py
[2023-04-28T01:19:38.072+0000] {processor.py:743} INFO - Processing file /opt/airflow/dags/example-spark-dag.py for tasks to queue
[2023-04-28T01:19:38.073+0000] {logging_mixin.py:137} INFO - [2023-04-28T01:19:38.073+0000] {dagbag.py:532} INFO - Filling up the DagBag from /opt/airflow/dags/example-spark-dag.py
[2023-04-28T01:19:38.096+0000] {processor.py:753} INFO - DAG(s) dict_keys(['example_spark_operator']) retrieved from /opt/airflow/dags/example-spark-dag.py
[2023-04-28T01:19:38.138+0000] {logging_mixin.py:137} INFO - [2023-04-28T01:19:38.137+0000] {dag.py:2705} INFO - Sync 1 DAGs
[2023-04-28T01:19:38.179+0000] {logging_mixin.py:137} INFO - [2023-04-28T01:19:38.179+0000] {dag.py:3456} INFO - Setting next_dagrun for example_spark_operator to None, run_after=None
[2023-04-28T01:19:38.206+0000] {processor.py:175} INFO - Processing /opt/airflow/dags/example-spark-dag.py took 0.140 seconds
[2023-04-28T01:20:08.303+0000] {processor.py:153} INFO - Started process (PID=3954) to work on /opt/airflow/dags/example-spark-dag.py
[2023-04-28T01:20:08.304+0000] {processor.py:743} INFO - Processing file /opt/airflow/dags/example-spark-dag.py for tasks to queue
[2023-04-28T01:20:08.305+0000] {logging_mixin.py:137} INFO - [2023-04-28T01:20:08.305+0000] {dagbag.py:532} INFO - Filling up the DagBag from /opt/airflow/dags/example-spark-dag.py
[2023-04-28T01:20:08.339+0000] {processor.py:753} INFO - DAG(s) dict_keys(['example_spark_operator']) retrieved from /opt/airflow/dags/example-spark-dag.py
[2023-04-28T01:20:08.434+0000] {logging_mixin.py:137} INFO - [2023-04-28T01:20:08.434+0000] {dag.py:2705} INFO - Sync 1 DAGs
[2023-04-28T01:20:08.507+0000] {logging_mixin.py:137} INFO - [2023-04-28T01:20:08.506+0000] {dag.py:3456} INFO - Setting next_dagrun for example_spark_operator to None, run_after=None
[2023-04-28T01:20:08.531+0000] {processor.py:175} INFO - Processing /opt/airflow/dags/example-spark-dag.py took 0.232 seconds
[2023-04-28T01:20:39.040+0000] {processor.py:153} INFO - Started process (PID=4006) to work on /opt/airflow/dags/example-spark-dag.py
[2023-04-28T01:20:39.042+0000] {processor.py:743} INFO - Processing file /opt/airflow/dags/example-spark-dag.py for tasks to queue
[2023-04-28T01:20:39.042+0000] {logging_mixin.py:137} INFO - [2023-04-28T01:20:39.042+0000] {dagbag.py:532} INFO - Filling up the DagBag from /opt/airflow/dags/example-spark-dag.py
[2023-04-28T01:20:39.066+0000] {processor.py:753} INFO - DAG(s) dict_keys(['example_spark_operator']) retrieved from /opt/airflow/dags/example-spark-dag.py
[2023-04-28T01:20:39.106+0000] {logging_mixin.py:137} INFO - [2023-04-28T01:20:39.105+0000] {dag.py:2705} INFO - Sync 1 DAGs
[2023-04-28T01:20:39.150+0000] {logging_mixin.py:137} INFO - [2023-04-28T01:20:39.150+0000] {dag.py:3456} INFO - Setting next_dagrun for example_spark_operator to None, run_after=None
[2023-04-28T01:20:39.174+0000] {processor.py:175} INFO - Processing /opt/airflow/dags/example-spark-dag.py took 0.139 seconds
[2023-04-28T01:21:09.711+0000] {processor.py:153} INFO - Started process (PID=4059) to work on /opt/airflow/dags/example-spark-dag.py
[2023-04-28T01:21:09.711+0000] {processor.py:743} INFO - Processing file /opt/airflow/dags/example-spark-dag.py for tasks to queue
[2023-04-28T01:21:09.712+0000] {logging_mixin.py:137} INFO - [2023-04-28T01:21:09.712+0000] {dagbag.py:532} INFO - Filling up the DagBag from /opt/airflow/dags/example-spark-dag.py
[2023-04-28T01:21:09.735+0000] {processor.py:753} INFO - DAG(s) dict_keys(['example_spark_operator']) retrieved from /opt/airflow/dags/example-spark-dag.py
[2023-04-28T01:21:09.772+0000] {logging_mixin.py:137} INFO - [2023-04-28T01:21:09.772+0000] {dag.py:2705} INFO - Sync 1 DAGs
[2023-04-28T01:21:09.811+0000] {logging_mixin.py:137} INFO - [2023-04-28T01:21:09.811+0000] {dag.py:3456} INFO - Setting next_dagrun for example_spark_operator to None, run_after=None
[2023-04-28T01:21:09.841+0000] {processor.py:175} INFO - Processing /opt/airflow/dags/example-spark-dag.py took 0.135 seconds
[2023-04-28T01:21:39.969+0000] {processor.py:153} INFO - Started process (PID=4111) to work on /opt/airflow/dags/example-spark-dag.py
[2023-04-28T01:21:39.970+0000] {processor.py:743} INFO - Processing file /opt/airflow/dags/example-spark-dag.py for tasks to queue
[2023-04-28T01:21:39.971+0000] {logging_mixin.py:137} INFO - [2023-04-28T01:21:39.970+0000] {dagbag.py:532} INFO - Filling up the DagBag from /opt/airflow/dags/example-spark-dag.py
[2023-04-28T01:21:39.993+0000] {processor.py:753} INFO - DAG(s) dict_keys(['example_spark_operator']) retrieved from /opt/airflow/dags/example-spark-dag.py
[2023-04-28T01:21:40.030+0000] {logging_mixin.py:137} INFO - [2023-04-28T01:21:40.029+0000] {dag.py:2705} INFO - Sync 1 DAGs
[2023-04-28T01:21:40.069+0000] {logging_mixin.py:137} INFO - [2023-04-28T01:21:40.069+0000] {dag.py:3456} INFO - Setting next_dagrun for example_spark_operator to None, run_after=None
[2023-04-28T01:21:40.093+0000] {processor.py:175} INFO - Processing /opt/airflow/dags/example-spark-dag.py took 0.129 seconds
[2023-04-28T01:22:10.237+0000] {processor.py:153} INFO - Started process (PID=4164) to work on /opt/airflow/dags/example-spark-dag.py
[2023-04-28T01:22:10.238+0000] {processor.py:743} INFO - Processing file /opt/airflow/dags/example-spark-dag.py for tasks to queue
[2023-04-28T01:22:10.239+0000] {logging_mixin.py:137} INFO - [2023-04-28T01:22:10.239+0000] {dagbag.py:532} INFO - Filling up the DagBag from /opt/airflow/dags/example-spark-dag.py
[2023-04-28T01:22:10.261+0000] {processor.py:753} INFO - DAG(s) dict_keys(['example_spark_operator']) retrieved from /opt/airflow/dags/example-spark-dag.py
[2023-04-28T01:22:10.300+0000] {logging_mixin.py:137} INFO - [2023-04-28T01:22:10.300+0000] {dag.py:2705} INFO - Sync 1 DAGs
[2023-04-28T01:22:10.338+0000] {logging_mixin.py:137} INFO - [2023-04-28T01:22:10.338+0000] {dag.py:3456} INFO - Setting next_dagrun for example_spark_operator to None, run_after=None
[2023-04-28T01:22:10.362+0000] {processor.py:175} INFO - Processing /opt/airflow/dags/example-spark-dag.py took 0.129 seconds
[2023-04-28T01:22:40.918+0000] {processor.py:153} INFO - Started process (PID=4217) to work on /opt/airflow/dags/example-spark-dag.py
[2023-04-28T01:22:40.919+0000] {processor.py:743} INFO - Processing file /opt/airflow/dags/example-spark-dag.py for tasks to queue
[2023-04-28T01:22:40.921+0000] {logging_mixin.py:137} INFO - [2023-04-28T01:22:40.920+0000] {dagbag.py:532} INFO - Filling up the DagBag from /opt/airflow/dags/example-spark-dag.py
[2023-04-28T01:22:40.943+0000] {processor.py:753} INFO - DAG(s) dict_keys(['example_spark_operator']) retrieved from /opt/airflow/dags/example-spark-dag.py
[2023-04-28T01:22:40.980+0000] {logging_mixin.py:137} INFO - [2023-04-28T01:22:40.980+0000] {dag.py:2705} INFO - Sync 1 DAGs
[2023-04-28T01:22:41.020+0000] {logging_mixin.py:137} INFO - [2023-04-28T01:22:41.019+0000] {dag.py:3456} INFO - Setting next_dagrun for example_spark_operator to None, run_after=None
[2023-04-28T01:22:41.044+0000] {processor.py:175} INFO - Processing /opt/airflow/dags/example-spark-dag.py took 0.130 seconds
[2023-04-28T01:23:11.456+0000] {processor.py:153} INFO - Started process (PID=4270) to work on /opt/airflow/dags/example-spark-dag.py
[2023-04-28T01:23:11.469+0000] {processor.py:743} INFO - Processing file /opt/airflow/dags/example-spark-dag.py for tasks to queue
[2023-04-28T01:23:11.470+0000] {logging_mixin.py:137} INFO - [2023-04-28T01:23:11.470+0000] {dagbag.py:532} INFO - Filling up the DagBag from /opt/airflow/dags/example-spark-dag.py
[2023-04-28T01:23:11.513+0000] {processor.py:753} INFO - DAG(s) dict_keys(['example_spark_operator']) retrieved from /opt/airflow/dags/example-spark-dag.py
[2023-04-28T01:23:11.594+0000] {logging_mixin.py:137} INFO - [2023-04-28T01:23:11.594+0000] {dag.py:2705} INFO - Sync 1 DAGs
[2023-04-28T01:23:11.675+0000] {logging_mixin.py:137} INFO - [2023-04-28T01:23:11.675+0000] {dag.py:3456} INFO - Setting next_dagrun for example_spark_operator to None, run_after=None
[2023-04-28T01:23:11.713+0000] {processor.py:175} INFO - Processing /opt/airflow/dags/example-spark-dag.py took 0.263 seconds
[2023-04-28T01:23:42.183+0000] {processor.py:153} INFO - Started process (PID=4322) to work on /opt/airflow/dags/example-spark-dag.py
[2023-04-28T01:23:42.184+0000] {processor.py:743} INFO - Processing file /opt/airflow/dags/example-spark-dag.py for tasks to queue
[2023-04-28T01:23:42.185+0000] {logging_mixin.py:137} INFO - [2023-04-28T01:23:42.185+0000] {dagbag.py:532} INFO - Filling up the DagBag from /opt/airflow/dags/example-spark-dag.py
[2023-04-28T01:23:42.208+0000] {processor.py:753} INFO - DAG(s) dict_keys(['example_spark_operator']) retrieved from /opt/airflow/dags/example-spark-dag.py
[2023-04-28T01:23:42.247+0000] {logging_mixin.py:137} INFO - [2023-04-28T01:23:42.246+0000] {dag.py:2705} INFO - Sync 1 DAGs
[2023-04-28T01:23:42.303+0000] {logging_mixin.py:137} INFO - [2023-04-28T01:23:42.302+0000] {dag.py:3456} INFO - Setting next_dagrun for example_spark_operator to None, run_after=None
[2023-04-28T01:23:42.326+0000] {processor.py:175} INFO - Processing /opt/airflow/dags/example-spark-dag.py took 0.148 seconds
[2023-04-28T01:24:12.793+0000] {processor.py:153} INFO - Started process (PID=4376) to work on /opt/airflow/dags/example-spark-dag.py
[2023-04-28T01:24:12.794+0000] {processor.py:743} INFO - Processing file /opt/airflow/dags/example-spark-dag.py for tasks to queue
[2023-04-28T01:24:12.795+0000] {logging_mixin.py:137} INFO - [2023-04-28T01:24:12.795+0000] {dagbag.py:532} INFO - Filling up the DagBag from /opt/airflow/dags/example-spark-dag.py
[2023-04-28T01:24:12.818+0000] {processor.py:753} INFO - DAG(s) dict_keys(['example_spark_operator']) retrieved from /opt/airflow/dags/example-spark-dag.py
[2023-04-28T01:24:12.857+0000] {logging_mixin.py:137} INFO - [2023-04-28T01:24:12.856+0000] {dag.py:2705} INFO - Sync 1 DAGs
[2023-04-28T01:24:12.896+0000] {logging_mixin.py:137} INFO - [2023-04-28T01:24:12.896+0000] {dag.py:3456} INFO - Setting next_dagrun for example_spark_operator to None, run_after=None
[2023-04-28T01:24:12.920+0000] {processor.py:175} INFO - Processing /opt/airflow/dags/example-spark-dag.py took 0.133 seconds
[2023-04-28T01:24:43.215+0000] {processor.py:153} INFO - Started process (PID=4430) to work on /opt/airflow/dags/example-spark-dag.py
[2023-04-28T01:24:43.225+0000] {processor.py:743} INFO - Processing file /opt/airflow/dags/example-spark-dag.py for tasks to queue
[2023-04-28T01:24:43.226+0000] {logging_mixin.py:137} INFO - [2023-04-28T01:24:43.226+0000] {dagbag.py:532} INFO - Filling up the DagBag from /opt/airflow/dags/example-spark-dag.py
[2023-04-28T01:24:43.268+0000] {processor.py:753} INFO - DAG(s) dict_keys(['example_spark_operator']) retrieved from /opt/airflow/dags/example-spark-dag.py
[2023-04-28T01:24:43.320+0000] {logging_mixin.py:137} INFO - [2023-04-28T01:24:43.319+0000] {dag.py:2705} INFO - Sync 1 DAGs
[2023-04-28T01:24:43.388+0000] {logging_mixin.py:137} INFO - [2023-04-28T01:24:43.388+0000] {dag.py:3456} INFO - Setting next_dagrun for example_spark_operator to None, run_after=None
[2023-04-28T01:24:43.440+0000] {processor.py:175} INFO - Processing /opt/airflow/dags/example-spark-dag.py took 0.230 seconds
