[2023-04-28T00:42:59.494+0000] {processor.py:153} INFO - Started process (PID=79) to work on /opt/airflow/dags/spark-example.py
[2023-04-28T00:42:59.494+0000] {processor.py:743} INFO - Processing file /opt/airflow/dags/spark-example.py for tasks to queue
[2023-04-28T00:42:59.495+0000] {logging_mixin.py:137} INFO - [2023-04-28T00:42:59.495+0000] {dagbag.py:532} INFO - Filling up the DagBag from /opt/airflow/dags/spark-example.py
[2023-04-28T00:42:59.918+0000] {processor.py:753} INFO - DAG(s) dict_keys(['spark-example']) retrieved from /opt/airflow/dags/spark-example.py
[2023-04-28T00:43:00.527+0000] {logging_mixin.py:137} INFO - [2023-04-28T00:43:00.527+0000] {dag.py:2705} INFO - Sync 1 DAGs
[2023-04-28T00:43:00.723+0000] {logging_mixin.py:137} INFO - [2023-04-28T00:43:00.723+0000] {dag.py:3456} INFO - Setting next_dagrun for spark-example to 2023-04-27T00:00:00+00:00, run_after=2023-04-28T00:00:00+00:00
[2023-04-28T00:43:00.854+0000] {processor.py:175} INFO - Processing /opt/airflow/dags/spark-example.py took 1.409 seconds
[2023-04-28T00:43:30.979+0000] {processor.py:153} INFO - Started process (PID=132) to work on /opt/airflow/dags/spark-example.py
[2023-04-28T00:43:30.980+0000] {processor.py:743} INFO - Processing file /opt/airflow/dags/spark-example.py for tasks to queue
[2023-04-28T00:43:30.981+0000] {logging_mixin.py:137} INFO - [2023-04-28T00:43:30.981+0000] {dagbag.py:532} INFO - Filling up the DagBag from /opt/airflow/dags/spark-example.py
[2023-04-28T00:43:31.008+0000] {processor.py:753} INFO - DAG(s) dict_keys(['spark-example']) retrieved from /opt/airflow/dags/spark-example.py
[2023-04-28T00:43:31.043+0000] {logging_mixin.py:137} INFO - [2023-04-28T00:43:31.042+0000] {dag.py:2705} INFO - Sync 1 DAGs
[2023-04-28T00:43:31.091+0000] {logging_mixin.py:137} INFO - [2023-04-28T00:43:31.090+0000] {dag.py:3456} INFO - Setting next_dagrun for spark-example to 2023-04-28T00:00:00+00:00, run_after=2023-04-29T00:00:00+00:00
[2023-04-28T00:43:31.115+0000] {processor.py:175} INFO - Processing /opt/airflow/dags/spark-example.py took 0.140 seconds
[2023-04-28T00:44:01.250+0000] {processor.py:153} INFO - Started process (PID=185) to work on /opt/airflow/dags/spark-example.py
[2023-04-28T00:44:01.251+0000] {processor.py:743} INFO - Processing file /opt/airflow/dags/spark-example.py for tasks to queue
[2023-04-28T00:44:01.252+0000] {logging_mixin.py:137} INFO - [2023-04-28T00:44:01.252+0000] {dagbag.py:532} INFO - Filling up the DagBag from /opt/airflow/dags/spark-example.py
[2023-04-28T00:44:01.278+0000] {processor.py:753} INFO - DAG(s) dict_keys(['spark-example']) retrieved from /opt/airflow/dags/spark-example.py
[2023-04-28T00:44:01.313+0000] {logging_mixin.py:137} INFO - [2023-04-28T00:44:01.313+0000] {dag.py:2705} INFO - Sync 1 DAGs
[2023-04-28T00:44:01.357+0000] {logging_mixin.py:137} INFO - [2023-04-28T00:44:01.357+0000] {dag.py:3456} INFO - Setting next_dagrun for spark-example to 2023-04-28T00:00:00+00:00, run_after=2023-04-29T00:00:00+00:00
[2023-04-28T00:44:01.384+0000] {processor.py:175} INFO - Processing /opt/airflow/dags/spark-example.py took 0.139 seconds
[2023-04-28T00:44:31.813+0000] {processor.py:153} INFO - Started process (PID=238) to work on /opt/airflow/dags/spark-example.py
[2023-04-28T00:44:31.814+0000] {processor.py:743} INFO - Processing file /opt/airflow/dags/spark-example.py for tasks to queue
[2023-04-28T00:44:31.815+0000] {logging_mixin.py:137} INFO - [2023-04-28T00:44:31.815+0000] {dagbag.py:532} INFO - Filling up the DagBag from /opt/airflow/dags/spark-example.py
[2023-04-28T00:44:31.842+0000] {processor.py:753} INFO - DAG(s) dict_keys(['spark-example']) retrieved from /opt/airflow/dags/spark-example.py
[2023-04-28T00:44:31.877+0000] {logging_mixin.py:137} INFO - [2023-04-28T00:44:31.877+0000] {dag.py:2705} INFO - Sync 1 DAGs
[2023-04-28T00:44:31.921+0000] {logging_mixin.py:137} INFO - [2023-04-28T00:44:31.921+0000] {dag.py:3456} INFO - Setting next_dagrun for spark-example to 2023-04-28T00:00:00+00:00, run_after=2023-04-29T00:00:00+00:00
[2023-04-28T00:44:31.945+0000] {processor.py:175} INFO - Processing /opt/airflow/dags/spark-example.py took 0.136 seconds
[2023-04-28T00:45:02.282+0000] {processor.py:153} INFO - Started process (PID=291) to work on /opt/airflow/dags/spark-example.py
[2023-04-28T00:45:02.283+0000] {processor.py:743} INFO - Processing file /opt/airflow/dags/spark-example.py for tasks to queue
[2023-04-28T00:45:02.284+0000] {logging_mixin.py:137} INFO - [2023-04-28T00:45:02.284+0000] {dagbag.py:532} INFO - Filling up the DagBag from /opt/airflow/dags/spark-example.py
[2023-04-28T00:45:02.311+0000] {processor.py:753} INFO - DAG(s) dict_keys(['spark-example']) retrieved from /opt/airflow/dags/spark-example.py
[2023-04-28T00:45:02.346+0000] {logging_mixin.py:137} INFO - [2023-04-28T00:45:02.346+0000] {dag.py:2705} INFO - Sync 1 DAGs
[2023-04-28T00:45:02.390+0000] {logging_mixin.py:137} INFO - [2023-04-28T00:45:02.390+0000] {dag.py:3456} INFO - Setting next_dagrun for spark-example to 2023-04-28T00:00:00+00:00, run_after=2023-04-29T00:00:00+00:00
[2023-04-28T00:45:02.414+0000] {processor.py:175} INFO - Processing /opt/airflow/dags/spark-example.py took 0.137 seconds
[2023-04-28T00:45:32.634+0000] {processor.py:153} INFO - Started process (PID=344) to work on /opt/airflow/dags/spark-example.py
[2023-04-28T00:45:32.635+0000] {processor.py:743} INFO - Processing file /opt/airflow/dags/spark-example.py for tasks to queue
[2023-04-28T00:45:32.636+0000] {logging_mixin.py:137} INFO - [2023-04-28T00:45:32.636+0000] {dagbag.py:532} INFO - Filling up the DagBag from /opt/airflow/dags/spark-example.py
[2023-04-28T00:45:32.664+0000] {processor.py:753} INFO - DAG(s) dict_keys(['spark-example']) retrieved from /opt/airflow/dags/spark-example.py
[2023-04-28T00:45:32.700+0000] {logging_mixin.py:137} INFO - [2023-04-28T00:45:32.700+0000] {dag.py:2705} INFO - Sync 1 DAGs
[2023-04-28T00:45:32.747+0000] {logging_mixin.py:137} INFO - [2023-04-28T00:45:32.746+0000] {dag.py:3456} INFO - Setting next_dagrun for spark-example to 2023-04-28T00:00:00+00:00, run_after=2023-04-29T00:00:00+00:00
[2023-04-28T00:45:32.772+0000] {processor.py:175} INFO - Processing /opt/airflow/dags/spark-example.py took 0.142 seconds
[2023-04-28T00:46:03.333+0000] {processor.py:153} INFO - Started process (PID=397) to work on /opt/airflow/dags/spark-example.py
[2023-04-28T00:46:03.335+0000] {processor.py:743} INFO - Processing file /opt/airflow/dags/spark-example.py for tasks to queue
[2023-04-28T00:46:03.335+0000] {logging_mixin.py:137} INFO - [2023-04-28T00:46:03.335+0000] {dagbag.py:532} INFO - Filling up the DagBag from /opt/airflow/dags/spark-example.py
[2023-04-28T00:46:03.362+0000] {processor.py:753} INFO - DAG(s) dict_keys(['spark-example']) retrieved from /opt/airflow/dags/spark-example.py
[2023-04-28T00:46:03.398+0000] {logging_mixin.py:137} INFO - [2023-04-28T00:46:03.397+0000] {dag.py:2705} INFO - Sync 1 DAGs
[2023-04-28T00:46:03.445+0000] {logging_mixin.py:137} INFO - [2023-04-28T00:46:03.444+0000] {dag.py:3456} INFO - Setting next_dagrun for spark-example to 2023-04-28T00:00:00+00:00, run_after=2023-04-29T00:00:00+00:00
[2023-04-28T00:46:03.470+0000] {processor.py:175} INFO - Processing /opt/airflow/dags/spark-example.py took 0.141 seconds
[2023-04-28T00:46:34.202+0000] {processor.py:153} INFO - Started process (PID=450) to work on /opt/airflow/dags/spark-example.py
[2023-04-28T00:46:34.203+0000] {processor.py:743} INFO - Processing file /opt/airflow/dags/spark-example.py for tasks to queue
[2023-04-28T00:46:34.204+0000] {logging_mixin.py:137} INFO - [2023-04-28T00:46:34.204+0000] {dagbag.py:532} INFO - Filling up the DagBag from /opt/airflow/dags/spark-example.py
[2023-04-28T00:46:34.232+0000] {processor.py:753} INFO - DAG(s) dict_keys(['spark-example']) retrieved from /opt/airflow/dags/spark-example.py
[2023-04-28T00:46:34.265+0000] {logging_mixin.py:137} INFO - [2023-04-28T00:46:34.265+0000] {dag.py:2705} INFO - Sync 1 DAGs
[2023-04-28T00:46:34.320+0000] {logging_mixin.py:137} INFO - [2023-04-28T00:46:34.320+0000] {dag.py:3456} INFO - Setting next_dagrun for spark-example to 2023-04-28T00:00:00+00:00, run_after=2023-04-29T00:00:00+00:00
[2023-04-28T00:46:34.344+0000] {processor.py:175} INFO - Processing /opt/airflow/dags/spark-example.py took 0.146 seconds
[2023-04-28T00:47:04.972+0000] {processor.py:153} INFO - Started process (PID=503) to work on /opt/airflow/dags/spark-example.py
[2023-04-28T00:47:04.974+0000] {processor.py:743} INFO - Processing file /opt/airflow/dags/spark-example.py for tasks to queue
[2023-04-28T00:47:04.974+0000] {logging_mixin.py:137} INFO - [2023-04-28T00:47:04.974+0000] {dagbag.py:532} INFO - Filling up the DagBag from /opt/airflow/dags/spark-example.py
[2023-04-28T00:47:05.002+0000] {processor.py:753} INFO - DAG(s) dict_keys(['spark-example']) retrieved from /opt/airflow/dags/spark-example.py
[2023-04-28T00:47:05.036+0000] {logging_mixin.py:137} INFO - [2023-04-28T00:47:05.036+0000] {dag.py:2705} INFO - Sync 1 DAGs
[2023-04-28T00:47:05.080+0000] {logging_mixin.py:137} INFO - [2023-04-28T00:47:05.079+0000] {dag.py:3456} INFO - Setting next_dagrun for spark-example to 2023-04-28T00:00:00+00:00, run_after=2023-04-29T00:00:00+00:00
[2023-04-28T00:47:05.105+0000] {processor.py:175} INFO - Processing /opt/airflow/dags/spark-example.py took 0.137 seconds
[2023-04-28T00:47:35.279+0000] {processor.py:153} INFO - Started process (PID=555) to work on /opt/airflow/dags/spark-example.py
[2023-04-28T00:47:35.285+0000] {processor.py:743} INFO - Processing file /opt/airflow/dags/spark-example.py for tasks to queue
[2023-04-28T00:47:35.285+0000] {logging_mixin.py:137} INFO - [2023-04-28T00:47:35.285+0000] {dagbag.py:532} INFO - Filling up the DagBag from /opt/airflow/dags/spark-example.py
[2023-04-28T00:47:35.353+0000] {processor.py:753} INFO - DAG(s) dict_keys(['spark-example']) retrieved from /opt/airflow/dags/spark-example.py
[2023-04-28T00:47:35.409+0000] {logging_mixin.py:137} INFO - [2023-04-28T00:47:35.409+0000] {dag.py:2705} INFO - Sync 1 DAGs
[2023-04-28T00:47:35.490+0000] {logging_mixin.py:137} INFO - [2023-04-28T00:47:35.490+0000] {dag.py:3456} INFO - Setting next_dagrun for spark-example to 2023-04-28T00:00:00+00:00, run_after=2023-04-29T00:00:00+00:00
[2023-04-28T00:47:35.543+0000] {processor.py:175} INFO - Processing /opt/airflow/dags/spark-example.py took 0.276 seconds
[2023-04-28T00:48:05.933+0000] {processor.py:153} INFO - Started process (PID=609) to work on /opt/airflow/dags/spark-example.py
[2023-04-28T00:48:05.942+0000] {processor.py:743} INFO - Processing file /opt/airflow/dags/spark-example.py for tasks to queue
[2023-04-28T00:48:05.942+0000] {logging_mixin.py:137} INFO - [2023-04-28T00:48:05.942+0000] {dagbag.py:532} INFO - Filling up the DagBag from /opt/airflow/dags/spark-example.py
[2023-04-28T00:48:05.997+0000] {processor.py:753} INFO - DAG(s) dict_keys(['spark-example']) retrieved from /opt/airflow/dags/spark-example.py
[2023-04-28T00:48:06.057+0000] {logging_mixin.py:137} INFO - [2023-04-28T00:48:06.057+0000] {dag.py:2705} INFO - Sync 1 DAGs
[2023-04-28T00:48:06.142+0000] {logging_mixin.py:137} INFO - [2023-04-28T00:48:06.137+0000] {dag.py:3456} INFO - Setting next_dagrun for spark-example to 2023-04-28T00:00:00+00:00, run_after=2023-04-29T00:00:00+00:00
[2023-04-28T00:48:06.189+0000] {processor.py:175} INFO - Processing /opt/airflow/dags/spark-example.py took 0.261 seconds
[2023-04-28T00:48:36.467+0000] {processor.py:153} INFO - Started process (PID=662) to work on /opt/airflow/dags/spark-example.py
[2023-04-28T00:48:36.468+0000] {processor.py:743} INFO - Processing file /opt/airflow/dags/spark-example.py for tasks to queue
[2023-04-28T00:48:36.469+0000] {logging_mixin.py:137} INFO - [2023-04-28T00:48:36.468+0000] {dagbag.py:532} INFO - Filling up the DagBag from /opt/airflow/dags/spark-example.py
[2023-04-28T00:48:36.515+0000] {processor.py:753} INFO - DAG(s) dict_keys(['spark-example']) retrieved from /opt/airflow/dags/spark-example.py
[2023-04-28T00:48:36.628+0000] {logging_mixin.py:137} INFO - [2023-04-28T00:48:36.628+0000] {dag.py:2705} INFO - Sync 1 DAGs
[2023-04-28T00:48:36.677+0000] {logging_mixin.py:137} INFO - [2023-04-28T00:48:36.677+0000] {dag.py:3456} INFO - Setting next_dagrun for spark-example to 2023-04-28T00:00:00+00:00, run_after=2023-04-29T00:00:00+00:00
[2023-04-28T00:48:36.702+0000] {processor.py:175} INFO - Processing /opt/airflow/dags/spark-example.py took 0.247 seconds
[2023-04-28T00:49:06.826+0000] {processor.py:153} INFO - Started process (PID=715) to work on /opt/airflow/dags/spark-example.py
[2023-04-28T00:49:06.833+0000] {processor.py:743} INFO - Processing file /opt/airflow/dags/spark-example.py for tasks to queue
[2023-04-28T00:49:06.834+0000] {logging_mixin.py:137} INFO - [2023-04-28T00:49:06.834+0000] {dagbag.py:532} INFO - Filling up the DagBag from /opt/airflow/dags/spark-example.py
[2023-04-28T00:49:06.891+0000] {processor.py:753} INFO - DAG(s) dict_keys(['spark-example']) retrieved from /opt/airflow/dags/spark-example.py
[2023-04-28T00:49:06.958+0000] {logging_mixin.py:137} INFO - [2023-04-28T00:49:06.958+0000] {dag.py:2705} INFO - Sync 1 DAGs
[2023-04-28T00:49:07.030+0000] {logging_mixin.py:137} INFO - [2023-04-28T00:49:07.030+0000] {dag.py:3456} INFO - Setting next_dagrun for spark-example to 2023-04-28T00:00:00+00:00, run_after=2023-04-29T00:00:00+00:00
[2023-04-28T00:49:07.091+0000] {processor.py:175} INFO - Processing /opt/airflow/dags/spark-example.py took 0.269 seconds
[2023-04-28T00:49:37.639+0000] {processor.py:153} INFO - Started process (PID=768) to work on /opt/airflow/dags/spark-example.py
[2023-04-28T00:49:37.640+0000] {processor.py:743} INFO - Processing file /opt/airflow/dags/spark-example.py for tasks to queue
[2023-04-28T00:49:37.641+0000] {logging_mixin.py:137} INFO - [2023-04-28T00:49:37.640+0000] {dagbag.py:532} INFO - Filling up the DagBag from /opt/airflow/dags/spark-example.py
[2023-04-28T00:49:37.668+0000] {processor.py:753} INFO - DAG(s) dict_keys(['spark-example']) retrieved from /opt/airflow/dags/spark-example.py
[2023-04-28T00:49:37.704+0000] {logging_mixin.py:137} INFO - [2023-04-28T00:49:37.703+0000] {dag.py:2705} INFO - Sync 1 DAGs
[2023-04-28T00:49:37.748+0000] {logging_mixin.py:137} INFO - [2023-04-28T00:49:37.747+0000] {dag.py:3456} INFO - Setting next_dagrun for spark-example to 2023-04-28T00:00:00+00:00, run_after=2023-04-29T00:00:00+00:00
[2023-04-28T00:49:37.771+0000] {processor.py:175} INFO - Processing /opt/airflow/dags/spark-example.py took 0.137 seconds
[2023-04-28T00:50:07.888+0000] {processor.py:153} INFO - Started process (PID=820) to work on /opt/airflow/dags/spark-example.py
[2023-04-28T00:50:07.889+0000] {processor.py:743} INFO - Processing file /opt/airflow/dags/spark-example.py for tasks to queue
[2023-04-28T00:50:07.890+0000] {logging_mixin.py:137} INFO - [2023-04-28T00:50:07.890+0000] {dagbag.py:532} INFO - Filling up the DagBag from /opt/airflow/dags/spark-example.py
[2023-04-28T00:50:07.917+0000] {processor.py:753} INFO - DAG(s) dict_keys(['spark-example']) retrieved from /opt/airflow/dags/spark-example.py
[2023-04-28T00:50:07.951+0000] {logging_mixin.py:137} INFO - [2023-04-28T00:50:07.951+0000] {dag.py:2705} INFO - Sync 1 DAGs
[2023-04-28T00:50:07.994+0000] {logging_mixin.py:137} INFO - [2023-04-28T00:50:07.994+0000] {dag.py:3456} INFO - Setting next_dagrun for spark-example to 2023-04-28T00:00:00+00:00, run_after=2023-04-29T00:00:00+00:00
[2023-04-28T00:50:08.020+0000] {processor.py:175} INFO - Processing /opt/airflow/dags/spark-example.py took 0.136 seconds
[2023-04-28T00:50:38.214+0000] {processor.py:153} INFO - Started process (PID=874) to work on /opt/airflow/dags/spark-example.py
[2023-04-28T00:50:38.215+0000] {processor.py:743} INFO - Processing file /opt/airflow/dags/spark-example.py for tasks to queue
[2023-04-28T00:50:38.216+0000] {logging_mixin.py:137} INFO - [2023-04-28T00:50:38.215+0000] {dagbag.py:532} INFO - Filling up the DagBag from /opt/airflow/dags/spark-example.py
[2023-04-28T00:50:38.243+0000] {processor.py:753} INFO - DAG(s) dict_keys(['spark-example']) retrieved from /opt/airflow/dags/spark-example.py
[2023-04-28T00:50:38.278+0000] {logging_mixin.py:137} INFO - [2023-04-28T00:50:38.278+0000] {dag.py:2705} INFO - Sync 1 DAGs
[2023-04-28T00:50:38.323+0000] {logging_mixin.py:137} INFO - [2023-04-28T00:50:38.323+0000] {dag.py:3456} INFO - Setting next_dagrun for spark-example to 2023-04-28T00:00:00+00:00, run_after=2023-04-29T00:00:00+00:00
[2023-04-28T00:50:38.350+0000] {processor.py:175} INFO - Processing /opt/airflow/dags/spark-example.py took 0.140 seconds
[2023-04-28T00:51:08.438+0000] {processor.py:153} INFO - Started process (PID=927) to work on /opt/airflow/dags/spark-example.py
[2023-04-28T00:51:08.440+0000] {processor.py:743} INFO - Processing file /opt/airflow/dags/spark-example.py for tasks to queue
[2023-04-28T00:51:08.440+0000] {logging_mixin.py:137} INFO - [2023-04-28T00:51:08.440+0000] {dagbag.py:532} INFO - Filling up the DagBag from /opt/airflow/dags/spark-example.py
[2023-04-28T00:51:08.468+0000] {processor.py:753} INFO - DAG(s) dict_keys(['spark-example']) retrieved from /opt/airflow/dags/spark-example.py
[2023-04-28T00:51:08.503+0000] {logging_mixin.py:137} INFO - [2023-04-28T00:51:08.503+0000] {dag.py:2705} INFO - Sync 1 DAGs
[2023-04-28T00:51:08.547+0000] {logging_mixin.py:137} INFO - [2023-04-28T00:51:08.547+0000] {dag.py:3456} INFO - Setting next_dagrun for spark-example to 2023-04-28T00:00:00+00:00, run_after=2023-04-29T00:00:00+00:00
[2023-04-28T00:51:08.572+0000] {processor.py:175} INFO - Processing /opt/airflow/dags/spark-example.py took 0.138 seconds
[2023-04-28T00:51:39.027+0000] {processor.py:153} INFO - Started process (PID=978) to work on /opt/airflow/dags/spark-example.py
[2023-04-28T00:51:39.028+0000] {processor.py:743} INFO - Processing file /opt/airflow/dags/spark-example.py for tasks to queue
[2023-04-28T00:51:39.028+0000] {logging_mixin.py:137} INFO - [2023-04-28T00:51:39.028+0000] {dagbag.py:532} INFO - Filling up the DagBag from /opt/airflow/dags/spark-example.py
[2023-04-28T00:51:39.056+0000] {processor.py:753} INFO - DAG(s) dict_keys(['spark-example']) retrieved from /opt/airflow/dags/spark-example.py
[2023-04-28T00:51:39.094+0000] {logging_mixin.py:137} INFO - [2023-04-28T00:51:39.093+0000] {dag.py:2705} INFO - Sync 1 DAGs
[2023-04-28T00:51:39.152+0000] {logging_mixin.py:137} INFO - [2023-04-28T00:51:39.151+0000] {dag.py:3456} INFO - Setting next_dagrun for spark-example to 2023-04-28T00:00:00+00:00, run_after=2023-04-29T00:00:00+00:00
[2023-04-28T00:51:39.176+0000] {processor.py:175} INFO - Processing /opt/airflow/dags/spark-example.py took 0.154 seconds
[2023-04-28T00:52:09.435+0000] {processor.py:153} INFO - Started process (PID=1031) to work on /opt/airflow/dags/spark-example.py
[2023-04-28T00:52:09.437+0000] {processor.py:743} INFO - Processing file /opt/airflow/dags/spark-example.py for tasks to queue
[2023-04-28T00:52:09.438+0000] {logging_mixin.py:137} INFO - [2023-04-28T00:52:09.437+0000] {dagbag.py:532} INFO - Filling up the DagBag from /opt/airflow/dags/spark-example.py
[2023-04-28T00:52:09.464+0000] {processor.py:753} INFO - DAG(s) dict_keys(['spark-example']) retrieved from /opt/airflow/dags/spark-example.py
[2023-04-28T00:52:09.499+0000] {logging_mixin.py:137} INFO - [2023-04-28T00:52:09.499+0000] {dag.py:2705} INFO - Sync 1 DAGs
[2023-04-28T00:52:09.543+0000] {logging_mixin.py:137} INFO - [2023-04-28T00:52:09.542+0000] {dag.py:3456} INFO - Setting next_dagrun for spark-example to 2023-04-28T00:00:00+00:00, run_after=2023-04-29T00:00:00+00:00
[2023-04-28T00:52:09.570+0000] {processor.py:175} INFO - Processing /opt/airflow/dags/spark-example.py took 0.138 seconds
[2023-04-28T00:52:39.707+0000] {processor.py:153} INFO - Started process (PID=1084) to work on /opt/airflow/dags/spark-example.py
[2023-04-28T00:52:39.708+0000] {processor.py:743} INFO - Processing file /opt/airflow/dags/spark-example.py for tasks to queue
[2023-04-28T00:52:39.708+0000] {logging_mixin.py:137} INFO - [2023-04-28T00:52:39.708+0000] {dagbag.py:532} INFO - Filling up the DagBag from /opt/airflow/dags/spark-example.py
[2023-04-28T00:52:39.759+0000] {processor.py:753} INFO - DAG(s) dict_keys(['spark-example']) retrieved from /opt/airflow/dags/spark-example.py
[2023-04-28T00:52:39.824+0000] {logging_mixin.py:137} INFO - [2023-04-28T00:52:39.824+0000] {dag.py:2705} INFO - Sync 1 DAGs
[2023-04-28T00:52:39.942+0000] {logging_mixin.py:137} INFO - [2023-04-28T00:52:39.942+0000] {dag.py:3456} INFO - Setting next_dagrun for spark-example to 2023-04-28T00:00:00+00:00, run_after=2023-04-29T00:00:00+00:00
[2023-04-28T00:52:40.010+0000] {processor.py:175} INFO - Processing /opt/airflow/dags/spark-example.py took 0.316 seconds
[2023-04-28T00:53:10.172+0000] {processor.py:153} INFO - Started process (PID=1137) to work on /opt/airflow/dags/spark-example.py
[2023-04-28T00:53:10.174+0000] {processor.py:743} INFO - Processing file /opt/airflow/dags/spark-example.py for tasks to queue
[2023-04-28T00:53:10.174+0000] {logging_mixin.py:137} INFO - [2023-04-28T00:53:10.174+0000] {dagbag.py:532} INFO - Filling up the DagBag from /opt/airflow/dags/spark-example.py
[2023-04-28T00:53:10.201+0000] {processor.py:753} INFO - DAG(s) dict_keys(['spark-example']) retrieved from /opt/airflow/dags/spark-example.py
[2023-04-28T00:53:10.235+0000] {logging_mixin.py:137} INFO - [2023-04-28T00:53:10.235+0000] {dag.py:2705} INFO - Sync 1 DAGs
[2023-04-28T00:53:10.279+0000] {logging_mixin.py:137} INFO - [2023-04-28T00:53:10.278+0000] {dag.py:3456} INFO - Setting next_dagrun for spark-example to 2023-04-28T00:00:00+00:00, run_after=2023-04-29T00:00:00+00:00
[2023-04-28T00:53:10.303+0000] {processor.py:175} INFO - Processing /opt/airflow/dags/spark-example.py took 0.135 seconds
[2023-04-28T00:53:40.912+0000] {processor.py:153} INFO - Started process (PID=1190) to work on /opt/airflow/dags/spark-example.py
[2023-04-28T00:53:40.913+0000] {processor.py:743} INFO - Processing file /opt/airflow/dags/spark-example.py for tasks to queue
[2023-04-28T00:53:40.914+0000] {logging_mixin.py:137} INFO - [2023-04-28T00:53:40.914+0000] {dagbag.py:532} INFO - Filling up the DagBag from /opt/airflow/dags/spark-example.py
[2023-04-28T00:53:40.945+0000] {processor.py:753} INFO - DAG(s) dict_keys(['spark-example']) retrieved from /opt/airflow/dags/spark-example.py
[2023-04-28T00:53:40.977+0000] {logging_mixin.py:137} INFO - [2023-04-28T00:53:40.977+0000] {dag.py:2705} INFO - Sync 1 DAGs
[2023-04-28T00:53:41.020+0000] {logging_mixin.py:137} INFO - [2023-04-28T00:53:41.019+0000] {dag.py:3456} INFO - Setting next_dagrun for spark-example to 2023-04-28T00:00:00+00:00, run_after=2023-04-29T00:00:00+00:00
[2023-04-28T00:53:41.043+0000] {processor.py:175} INFO - Processing /opt/airflow/dags/spark-example.py took 0.136 seconds
[2023-04-28T00:54:11.167+0000] {processor.py:153} INFO - Started process (PID=1244) to work on /opt/airflow/dags/spark-example.py
[2023-04-28T00:54:11.168+0000] {processor.py:743} INFO - Processing file /opt/airflow/dags/spark-example.py for tasks to queue
[2023-04-28T00:54:11.169+0000] {logging_mixin.py:137} INFO - [2023-04-28T00:54:11.168+0000] {dagbag.py:532} INFO - Filling up the DagBag from /opt/airflow/dags/spark-example.py
[2023-04-28T00:54:11.237+0000] {processor.py:753} INFO - DAG(s) dict_keys(['spark-example']) retrieved from /opt/airflow/dags/spark-example.py
[2023-04-28T00:54:11.276+0000] {logging_mixin.py:137} INFO - [2023-04-28T00:54:11.276+0000] {dag.py:2705} INFO - Sync 1 DAGs
[2023-04-28T00:54:11.320+0000] {logging_mixin.py:137} INFO - [2023-04-28T00:54:11.320+0000] {dag.py:3456} INFO - Setting next_dagrun for spark-example to 2023-04-28T00:00:00+00:00, run_after=2023-04-29T00:00:00+00:00
[2023-04-28T00:54:11.358+0000] {processor.py:175} INFO - Processing /opt/airflow/dags/spark-example.py took 0.195 seconds
[2023-04-28T00:54:41.919+0000] {processor.py:153} INFO - Started process (PID=1296) to work on /opt/airflow/dags/spark-example.py
[2023-04-28T00:54:41.921+0000] {processor.py:743} INFO - Processing file /opt/airflow/dags/spark-example.py for tasks to queue
[2023-04-28T00:54:41.922+0000] {logging_mixin.py:137} INFO - [2023-04-28T00:54:41.921+0000] {dagbag.py:532} INFO - Filling up the DagBag from /opt/airflow/dags/spark-example.py
[2023-04-28T00:54:41.949+0000] {processor.py:753} INFO - DAG(s) dict_keys(['spark-example']) retrieved from /opt/airflow/dags/spark-example.py
[2023-04-28T00:54:41.984+0000] {logging_mixin.py:137} INFO - [2023-04-28T00:54:41.984+0000] {dag.py:2705} INFO - Sync 1 DAGs
[2023-04-28T00:54:42.028+0000] {logging_mixin.py:137} INFO - [2023-04-28T00:54:42.028+0000] {dag.py:3456} INFO - Setting next_dagrun for spark-example to 2023-04-28T00:00:00+00:00, run_after=2023-04-29T00:00:00+00:00
[2023-04-28T00:54:42.052+0000] {processor.py:175} INFO - Processing /opt/airflow/dags/spark-example.py took 0.137 seconds
[2023-04-28T00:55:12.099+0000] {processor.py:153} INFO - Started process (PID=1349) to work on /opt/airflow/dags/spark-example.py
[2023-04-28T00:55:12.100+0000] {processor.py:743} INFO - Processing file /opt/airflow/dags/spark-example.py for tasks to queue
[2023-04-28T00:55:12.101+0000] {logging_mixin.py:137} INFO - [2023-04-28T00:55:12.100+0000] {dagbag.py:532} INFO - Filling up the DagBag from /opt/airflow/dags/spark-example.py
[2023-04-28T00:55:12.127+0000] {processor.py:753} INFO - DAG(s) dict_keys(['spark-example']) retrieved from /opt/airflow/dags/spark-example.py
[2023-04-28T00:55:12.164+0000] {logging_mixin.py:137} INFO - [2023-04-28T00:55:12.163+0000] {dag.py:2705} INFO - Sync 1 DAGs
[2023-04-28T00:55:12.206+0000] {logging_mixin.py:137} INFO - [2023-04-28T00:55:12.206+0000] {dag.py:3456} INFO - Setting next_dagrun for spark-example to 2023-04-28T00:00:00+00:00, run_after=2023-04-29T00:00:00+00:00
[2023-04-28T00:55:12.235+0000] {processor.py:175} INFO - Processing /opt/airflow/dags/spark-example.py took 0.141 seconds
[2023-04-28T00:55:42.367+0000] {processor.py:153} INFO - Started process (PID=1402) to work on /opt/airflow/dags/spark-example.py
[2023-04-28T00:55:42.368+0000] {processor.py:743} INFO - Processing file /opt/airflow/dags/spark-example.py for tasks to queue
[2023-04-28T00:55:42.369+0000] {logging_mixin.py:137} INFO - [2023-04-28T00:55:42.369+0000] {dagbag.py:532} INFO - Filling up the DagBag from /opt/airflow/dags/spark-example.py
[2023-04-28T00:55:42.396+0000] {processor.py:753} INFO - DAG(s) dict_keys(['spark-example']) retrieved from /opt/airflow/dags/spark-example.py
[2023-04-28T00:55:42.430+0000] {logging_mixin.py:137} INFO - [2023-04-28T00:55:42.430+0000] {dag.py:2705} INFO - Sync 1 DAGs
[2023-04-28T00:55:42.474+0000] {logging_mixin.py:137} INFO - [2023-04-28T00:55:42.474+0000] {dag.py:3456} INFO - Setting next_dagrun for spark-example to 2023-04-28T00:00:00+00:00, run_after=2023-04-29T00:00:00+00:00
[2023-04-28T00:55:42.498+0000] {processor.py:175} INFO - Processing /opt/airflow/dags/spark-example.py took 0.136 seconds
[2023-04-28T00:56:12.675+0000] {processor.py:153} INFO - Started process (PID=1455) to work on /opt/airflow/dags/spark-example.py
[2023-04-28T00:56:12.676+0000] {processor.py:743} INFO - Processing file /opt/airflow/dags/spark-example.py for tasks to queue
[2023-04-28T00:56:12.677+0000] {logging_mixin.py:137} INFO - [2023-04-28T00:56:12.676+0000] {dagbag.py:532} INFO - Filling up the DagBag from /opt/airflow/dags/spark-example.py
[2023-04-28T00:56:12.703+0000] {processor.py:753} INFO - DAG(s) dict_keys(['spark-example']) retrieved from /opt/airflow/dags/spark-example.py
[2023-04-28T00:56:12.738+0000] {logging_mixin.py:137} INFO - [2023-04-28T00:56:12.737+0000] {dag.py:2705} INFO - Sync 1 DAGs
[2023-04-28T00:56:12.782+0000] {logging_mixin.py:137} INFO - [2023-04-28T00:56:12.782+0000] {dag.py:3456} INFO - Setting next_dagrun for spark-example to 2023-04-28T00:00:00+00:00, run_after=2023-04-29T00:00:00+00:00
[2023-04-28T00:56:12.806+0000] {processor.py:175} INFO - Processing /opt/airflow/dags/spark-example.py took 0.136 seconds
[2023-04-28T00:56:43.308+0000] {processor.py:153} INFO - Started process (PID=1508) to work on /opt/airflow/dags/spark-example.py
[2023-04-28T00:56:43.310+0000] {processor.py:743} INFO - Processing file /opt/airflow/dags/spark-example.py for tasks to queue
[2023-04-28T00:56:43.311+0000] {logging_mixin.py:137} INFO - [2023-04-28T00:56:43.310+0000] {dagbag.py:532} INFO - Filling up the DagBag from /opt/airflow/dags/spark-example.py
[2023-04-28T00:56:43.340+0000] {processor.py:753} INFO - DAG(s) dict_keys(['spark-example']) retrieved from /opt/airflow/dags/spark-example.py
[2023-04-28T00:56:43.396+0000] {logging_mixin.py:137} INFO - [2023-04-28T00:56:43.396+0000] {dag.py:2705} INFO - Sync 1 DAGs
[2023-04-28T00:56:43.481+0000] {logging_mixin.py:137} INFO - [2023-04-28T00:56:43.481+0000] {dag.py:3456} INFO - Setting next_dagrun for spark-example to 2023-04-28T00:00:00+00:00, run_after=2023-04-29T00:00:00+00:00
[2023-04-28T00:56:43.513+0000] {processor.py:175} INFO - Processing /opt/airflow/dags/spark-example.py took 0.209 seconds
[2023-04-28T00:57:14.192+0000] {processor.py:153} INFO - Started process (PID=1561) to work on /opt/airflow/dags/spark-example.py
[2023-04-28T00:57:14.193+0000] {processor.py:743} INFO - Processing file /opt/airflow/dags/spark-example.py for tasks to queue
[2023-04-28T00:57:14.194+0000] {logging_mixin.py:137} INFO - [2023-04-28T00:57:14.193+0000] {dagbag.py:532} INFO - Filling up the DagBag from /opt/airflow/dags/spark-example.py
[2023-04-28T00:57:14.222+0000] {processor.py:753} INFO - DAG(s) dict_keys(['spark-example']) retrieved from /opt/airflow/dags/spark-example.py
[2023-04-28T00:57:14.257+0000] {logging_mixin.py:137} INFO - [2023-04-28T00:57:14.257+0000] {dag.py:2705} INFO - Sync 1 DAGs
[2023-04-28T00:57:14.300+0000] {logging_mixin.py:137} INFO - [2023-04-28T00:57:14.300+0000] {dag.py:3456} INFO - Setting next_dagrun for spark-example to 2023-04-28T00:00:00+00:00, run_after=2023-04-29T00:00:00+00:00
[2023-04-28T00:57:14.324+0000] {processor.py:175} INFO - Processing /opt/airflow/dags/spark-example.py took 0.137 seconds
[2023-04-28T00:57:44.445+0000] {processor.py:153} INFO - Started process (PID=1614) to work on /opt/airflow/dags/spark-example.py
[2023-04-28T00:57:44.446+0000] {processor.py:743} INFO - Processing file /opt/airflow/dags/spark-example.py for tasks to queue
[2023-04-28T00:57:44.447+0000] {logging_mixin.py:137} INFO - [2023-04-28T00:57:44.447+0000] {dagbag.py:532} INFO - Filling up the DagBag from /opt/airflow/dags/spark-example.py
[2023-04-28T00:57:44.474+0000] {processor.py:753} INFO - DAG(s) dict_keys(['spark-example']) retrieved from /opt/airflow/dags/spark-example.py
[2023-04-28T00:57:44.508+0000] {logging_mixin.py:137} INFO - [2023-04-28T00:57:44.508+0000] {dag.py:2705} INFO - Sync 1 DAGs
[2023-04-28T00:57:44.552+0000] {logging_mixin.py:137} INFO - [2023-04-28T00:57:44.551+0000] {dag.py:3456} INFO - Setting next_dagrun for spark-example to 2023-04-28T00:00:00+00:00, run_after=2023-04-29T00:00:00+00:00
[2023-04-28T00:57:44.575+0000] {processor.py:175} INFO - Processing /opt/airflow/dags/spark-example.py took 0.135 seconds
[2023-04-28T00:58:14.863+0000] {processor.py:153} INFO - Started process (PID=1667) to work on /opt/airflow/dags/spark-example.py
[2023-04-28T00:58:14.864+0000] {processor.py:743} INFO - Processing file /opt/airflow/dags/spark-example.py for tasks to queue
[2023-04-28T00:58:14.865+0000] {logging_mixin.py:137} INFO - [2023-04-28T00:58:14.865+0000] {dagbag.py:532} INFO - Filling up the DagBag from /opt/airflow/dags/spark-example.py
[2023-04-28T00:58:14.892+0000] {processor.py:753} INFO - DAG(s) dict_keys(['spark-example']) retrieved from /opt/airflow/dags/spark-example.py
[2023-04-28T00:58:14.926+0000] {logging_mixin.py:137} INFO - [2023-04-28T00:58:14.926+0000] {dag.py:2705} INFO - Sync 1 DAGs
[2023-04-28T00:58:14.970+0000] {logging_mixin.py:137} INFO - [2023-04-28T00:58:14.970+0000] {dag.py:3456} INFO - Setting next_dagrun for spark-example to 2023-04-28T00:00:00+00:00, run_after=2023-04-29T00:00:00+00:00
[2023-04-28T00:58:14.994+0000] {processor.py:175} INFO - Processing /opt/airflow/dags/spark-example.py took 0.136 seconds
[2023-04-28T00:58:45.274+0000] {processor.py:153} INFO - Started process (PID=1720) to work on /opt/airflow/dags/spark-example.py
[2023-04-28T00:58:45.276+0000] {processor.py:743} INFO - Processing file /opt/airflow/dags/spark-example.py for tasks to queue
[2023-04-28T00:58:45.277+0000] {logging_mixin.py:137} INFO - [2023-04-28T00:58:45.277+0000] {dagbag.py:532} INFO - Filling up the DagBag from /opt/airflow/dags/spark-example.py
[2023-04-28T00:58:45.305+0000] {processor.py:753} INFO - DAG(s) dict_keys(['spark-example']) retrieved from /opt/airflow/dags/spark-example.py
[2023-04-28T00:58:45.339+0000] {logging_mixin.py:137} INFO - [2023-04-28T00:58:45.339+0000] {dag.py:2705} INFO - Sync 1 DAGs
[2023-04-28T00:58:45.382+0000] {logging_mixin.py:137} INFO - [2023-04-28T00:58:45.382+0000] {dag.py:3456} INFO - Setting next_dagrun for spark-example to 2023-04-28T00:00:00+00:00, run_after=2023-04-29T00:00:00+00:00
[2023-04-28T00:58:45.426+0000] {processor.py:175} INFO - Processing /opt/airflow/dags/spark-example.py took 0.157 seconds
[2023-04-28T00:59:16.277+0000] {processor.py:153} INFO - Started process (PID=1773) to work on /opt/airflow/dags/spark-example.py
[2023-04-28T00:59:16.278+0000] {processor.py:743} INFO - Processing file /opt/airflow/dags/spark-example.py for tasks to queue
[2023-04-28T00:59:16.279+0000] {logging_mixin.py:137} INFO - [2023-04-28T00:59:16.279+0000] {dagbag.py:532} INFO - Filling up the DagBag from /opt/airflow/dags/spark-example.py
[2023-04-28T00:59:16.325+0000] {processor.py:753} INFO - DAG(s) dict_keys(['spark-example']) retrieved from /opt/airflow/dags/spark-example.py
[2023-04-28T00:59:16.409+0000] {logging_mixin.py:137} INFO - [2023-04-28T00:59:16.409+0000] {dag.py:2705} INFO - Sync 1 DAGs
[2023-04-28T00:59:16.472+0000] {logging_mixin.py:137} INFO - [2023-04-28T00:59:16.472+0000] {dag.py:3456} INFO - Setting next_dagrun for spark-example to 2023-04-28T00:00:00+00:00, run_after=2023-04-29T00:00:00+00:00
[2023-04-28T00:59:16.513+0000] {processor.py:175} INFO - Processing /opt/airflow/dags/spark-example.py took 0.256 seconds
[2023-04-28T00:59:47.131+0000] {processor.py:153} INFO - Started process (PID=1826) to work on /opt/airflow/dags/spark-example.py
[2023-04-28T00:59:47.132+0000] {processor.py:743} INFO - Processing file /opt/airflow/dags/spark-example.py for tasks to queue
[2023-04-28T00:59:47.133+0000] {logging_mixin.py:137} INFO - [2023-04-28T00:59:47.133+0000] {dagbag.py:532} INFO - Filling up the DagBag from /opt/airflow/dags/spark-example.py
[2023-04-28T00:59:47.183+0000] {processor.py:753} INFO - DAG(s) dict_keys(['spark-example']) retrieved from /opt/airflow/dags/spark-example.py
[2023-04-28T00:59:47.245+0000] {logging_mixin.py:137} INFO - [2023-04-28T00:59:47.245+0000] {dag.py:2705} INFO - Sync 1 DAGs
[2023-04-28T00:59:47.326+0000] {logging_mixin.py:137} INFO - [2023-04-28T00:59:47.326+0000] {dag.py:3456} INFO - Setting next_dagrun for spark-example to 2023-04-28T00:00:00+00:00, run_after=2023-04-29T00:00:00+00:00
[2023-04-28T00:59:47.386+0000] {processor.py:175} INFO - Processing /opt/airflow/dags/spark-example.py took 0.273 seconds
[2023-04-28T01:00:17.880+0000] {processor.py:153} INFO - Started process (PID=1879) to work on /opt/airflow/dags/spark-example.py
[2023-04-28T01:00:17.880+0000] {processor.py:743} INFO - Processing file /opt/airflow/dags/spark-example.py for tasks to queue
[2023-04-28T01:00:17.881+0000] {logging_mixin.py:137} INFO - [2023-04-28T01:00:17.881+0000] {dagbag.py:532} INFO - Filling up the DagBag from /opt/airflow/dags/spark-example.py
[2023-04-28T01:00:17.909+0000] {processor.py:753} INFO - DAG(s) dict_keys(['spark-example']) retrieved from /opt/airflow/dags/spark-example.py
[2023-04-28T01:00:17.942+0000] {logging_mixin.py:137} INFO - [2023-04-28T01:00:17.942+0000] {dag.py:2705} INFO - Sync 1 DAGs
[2023-04-28T01:00:17.986+0000] {logging_mixin.py:137} INFO - [2023-04-28T01:00:17.985+0000] {dag.py:3456} INFO - Setting next_dagrun for spark-example to 2023-04-28T00:00:00+00:00, run_after=2023-04-29T00:00:00+00:00
[2023-04-28T01:00:18.010+0000] {processor.py:175} INFO - Processing /opt/airflow/dags/spark-example.py took 0.134 seconds
[2023-04-28T01:00:48.314+0000] {processor.py:153} INFO - Started process (PID=1933) to work on /opt/airflow/dags/spark-example.py
[2023-04-28T01:00:48.315+0000] {processor.py:743} INFO - Processing file /opt/airflow/dags/spark-example.py for tasks to queue
[2023-04-28T01:00:48.316+0000] {logging_mixin.py:137} INFO - [2023-04-28T01:00:48.316+0000] {dagbag.py:532} INFO - Filling up the DagBag from /opt/airflow/dags/spark-example.py
[2023-04-28T01:00:48.344+0000] {processor.py:753} INFO - DAG(s) dict_keys(['spark-example']) retrieved from /opt/airflow/dags/spark-example.py
[2023-04-28T01:00:48.378+0000] {logging_mixin.py:137} INFO - [2023-04-28T01:00:48.378+0000] {dag.py:2705} INFO - Sync 1 DAGs
[2023-04-28T01:00:48.422+0000] {logging_mixin.py:137} INFO - [2023-04-28T01:00:48.422+0000] {dag.py:3456} INFO - Setting next_dagrun for spark-example to 2023-04-28T00:00:00+00:00, run_after=2023-04-29T00:00:00+00:00
[2023-04-28T01:00:48.446+0000] {processor.py:175} INFO - Processing /opt/airflow/dags/spark-example.py took 0.137 seconds
[2023-04-28T01:01:18.616+0000] {processor.py:153} INFO - Started process (PID=1986) to work on /opt/airflow/dags/spark-example.py
[2023-04-28T01:01:18.617+0000] {processor.py:743} INFO - Processing file /opt/airflow/dags/spark-example.py for tasks to queue
[2023-04-28T01:01:18.618+0000] {logging_mixin.py:137} INFO - [2023-04-28T01:01:18.618+0000] {dagbag.py:532} INFO - Filling up the DagBag from /opt/airflow/dags/spark-example.py
[2023-04-28T01:01:18.646+0000] {processor.py:753} INFO - DAG(s) dict_keys(['spark-example']) retrieved from /opt/airflow/dags/spark-example.py
[2023-04-28T01:01:18.681+0000] {logging_mixin.py:137} INFO - [2023-04-28T01:01:18.681+0000] {dag.py:2705} INFO - Sync 1 DAGs
[2023-04-28T01:01:18.725+0000] {logging_mixin.py:137} INFO - [2023-04-28T01:01:18.725+0000] {dag.py:3456} INFO - Setting next_dagrun for spark-example to 2023-04-28T00:00:00+00:00, run_after=2023-04-29T00:00:00+00:00
[2023-04-28T01:01:18.750+0000] {processor.py:175} INFO - Processing /opt/airflow/dags/spark-example.py took 0.139 seconds
[2023-04-28T01:01:48.861+0000] {processor.py:153} INFO - Started process (PID=2039) to work on /opt/airflow/dags/spark-example.py
[2023-04-28T01:01:48.862+0000] {processor.py:743} INFO - Processing file /opt/airflow/dags/spark-example.py for tasks to queue
[2023-04-28T01:01:48.863+0000] {logging_mixin.py:137} INFO - [2023-04-28T01:01:48.863+0000] {dagbag.py:532} INFO - Filling up the DagBag from /opt/airflow/dags/spark-example.py
[2023-04-28T01:01:48.914+0000] {processor.py:753} INFO - DAG(s) dict_keys(['spark-example']) retrieved from /opt/airflow/dags/spark-example.py
[2023-04-28T01:01:48.986+0000] {logging_mixin.py:137} INFO - [2023-04-28T01:01:48.986+0000] {dag.py:2705} INFO - Sync 1 DAGs
[2023-04-28T01:01:49.080+0000] {logging_mixin.py:137} INFO - [2023-04-28T01:01:49.080+0000] {dag.py:3456} INFO - Setting next_dagrun for spark-example to 2023-04-28T00:00:00+00:00, run_after=2023-04-29T00:00:00+00:00
[2023-04-28T01:01:49.105+0000] {processor.py:175} INFO - Processing /opt/airflow/dags/spark-example.py took 0.266 seconds
[2023-04-28T01:02:19.286+0000] {processor.py:153} INFO - Started process (PID=2092) to work on /opt/airflow/dags/spark-example.py
[2023-04-28T01:02:19.287+0000] {processor.py:743} INFO - Processing file /opt/airflow/dags/spark-example.py for tasks to queue
[2023-04-28T01:02:19.288+0000] {logging_mixin.py:137} INFO - [2023-04-28T01:02:19.288+0000] {dagbag.py:532} INFO - Filling up the DagBag from /opt/airflow/dags/spark-example.py
[2023-04-28T01:02:19.316+0000] {processor.py:753} INFO - DAG(s) dict_keys(['spark-example']) retrieved from /opt/airflow/dags/spark-example.py
[2023-04-28T01:02:19.351+0000] {logging_mixin.py:137} INFO - [2023-04-28T01:02:19.351+0000] {dag.py:2705} INFO - Sync 1 DAGs
[2023-04-28T01:02:19.394+0000] {logging_mixin.py:137} INFO - [2023-04-28T01:02:19.394+0000] {dag.py:3456} INFO - Setting next_dagrun for spark-example to 2023-04-28T00:00:00+00:00, run_after=2023-04-29T00:00:00+00:00
[2023-04-28T01:02:19.418+0000] {processor.py:175} INFO - Processing /opt/airflow/dags/spark-example.py took 0.137 seconds
[2023-04-28T01:02:50.313+0000] {processor.py:153} INFO - Started process (PID=2145) to work on /opt/airflow/dags/spark-example.py
[2023-04-28T01:02:50.315+0000] {processor.py:743} INFO - Processing file /opt/airflow/dags/spark-example.py for tasks to queue
[2023-04-28T01:02:50.316+0000] {logging_mixin.py:137} INFO - [2023-04-28T01:02:50.316+0000] {dagbag.py:532} INFO - Filling up the DagBag from /opt/airflow/dags/spark-example.py
[2023-04-28T01:02:50.343+0000] {processor.py:753} INFO - DAG(s) dict_keys(['spark-example']) retrieved from /opt/airflow/dags/spark-example.py
[2023-04-28T01:02:50.376+0000] {logging_mixin.py:137} INFO - [2023-04-28T01:02:50.376+0000] {dag.py:2705} INFO - Sync 1 DAGs
[2023-04-28T01:02:50.419+0000] {logging_mixin.py:137} INFO - [2023-04-28T01:02:50.419+0000] {dag.py:3456} INFO - Setting next_dagrun for spark-example to 2023-04-28T00:00:00+00:00, run_after=2023-04-29T00:00:00+00:00
[2023-04-28T01:02:50.442+0000] {processor.py:175} INFO - Processing /opt/airflow/dags/spark-example.py took 0.133 seconds
[2023-04-28T01:03:20.868+0000] {processor.py:153} INFO - Started process (PID=2197) to work on /opt/airflow/dags/spark-example.py
[2023-04-28T01:03:20.868+0000] {processor.py:743} INFO - Processing file /opt/airflow/dags/spark-example.py for tasks to queue
[2023-04-28T01:03:20.869+0000] {logging_mixin.py:137} INFO - [2023-04-28T01:03:20.869+0000] {dagbag.py:532} INFO - Filling up the DagBag from /opt/airflow/dags/spark-example.py
[2023-04-28T01:03:20.897+0000] {processor.py:753} INFO - DAG(s) dict_keys(['spark-example']) retrieved from /opt/airflow/dags/spark-example.py
[2023-04-28T01:03:20.929+0000] {logging_mixin.py:137} INFO - [2023-04-28T01:03:20.929+0000] {dag.py:2705} INFO - Sync 1 DAGs
[2023-04-28T01:03:20.974+0000] {logging_mixin.py:137} INFO - [2023-04-28T01:03:20.974+0000] {dag.py:3456} INFO - Setting next_dagrun for spark-example to 2023-04-28T00:00:00+00:00, run_after=2023-04-29T00:00:00+00:00
[2023-04-28T01:03:20.998+0000] {processor.py:175} INFO - Processing /opt/airflow/dags/spark-example.py took 0.135 seconds
[2023-04-28T01:03:51.737+0000] {processor.py:153} INFO - Started process (PID=2251) to work on /opt/airflow/dags/spark-example.py
[2023-04-28T01:03:51.738+0000] {processor.py:743} INFO - Processing file /opt/airflow/dags/spark-example.py for tasks to queue
[2023-04-28T01:03:51.739+0000] {logging_mixin.py:137} INFO - [2023-04-28T01:03:51.739+0000] {dagbag.py:532} INFO - Filling up the DagBag from /opt/airflow/dags/spark-example.py
[2023-04-28T01:03:51.765+0000] {processor.py:753} INFO - DAG(s) dict_keys(['spark-example']) retrieved from /opt/airflow/dags/spark-example.py
[2023-04-28T01:03:51.802+0000] {logging_mixin.py:137} INFO - [2023-04-28T01:03:51.802+0000] {dag.py:2705} INFO - Sync 1 DAGs
[2023-04-28T01:03:51.859+0000] {logging_mixin.py:137} INFO - [2023-04-28T01:03:51.859+0000] {dag.py:3456} INFO - Setting next_dagrun for spark-example to 2023-04-28T00:00:00+00:00, run_after=2023-04-29T00:00:00+00:00
[2023-04-28T01:03:51.888+0000] {processor.py:175} INFO - Processing /opt/airflow/dags/spark-example.py took 0.156 seconds
[2023-04-28T01:04:22.056+0000] {processor.py:153} INFO - Started process (PID=2304) to work on /opt/airflow/dags/spark-example.py
[2023-04-28T01:04:22.057+0000] {processor.py:743} INFO - Processing file /opt/airflow/dags/spark-example.py for tasks to queue
[2023-04-28T01:04:22.057+0000] {logging_mixin.py:137} INFO - [2023-04-28T01:04:22.057+0000] {dagbag.py:532} INFO - Filling up the DagBag from /opt/airflow/dags/spark-example.py
[2023-04-28T01:04:22.084+0000] {processor.py:753} INFO - DAG(s) dict_keys(['spark-example']) retrieved from /opt/airflow/dags/spark-example.py
[2023-04-28T01:04:22.124+0000] {logging_mixin.py:137} INFO - [2023-04-28T01:04:22.124+0000] {dag.py:2705} INFO - Sync 1 DAGs
[2023-04-28T01:04:22.178+0000] {logging_mixin.py:137} INFO - [2023-04-28T01:04:22.178+0000] {dag.py:3456} INFO - Setting next_dagrun for spark-example to 2023-04-28T00:00:00+00:00, run_after=2023-04-29T00:00:00+00:00
[2023-04-28T01:04:22.202+0000] {processor.py:175} INFO - Processing /opt/airflow/dags/spark-example.py took 0.151 seconds
[2023-04-28T01:04:53.038+0000] {processor.py:153} INFO - Started process (PID=2357) to work on /opt/airflow/dags/spark-example.py
[2023-04-28T01:04:53.040+0000] {processor.py:743} INFO - Processing file /opt/airflow/dags/spark-example.py for tasks to queue
[2023-04-28T01:04:53.041+0000] {logging_mixin.py:137} INFO - [2023-04-28T01:04:53.040+0000] {dagbag.py:532} INFO - Filling up the DagBag from /opt/airflow/dags/spark-example.py
[2023-04-28T01:04:53.068+0000] {processor.py:753} INFO - DAG(s) dict_keys(['spark-example']) retrieved from /opt/airflow/dags/spark-example.py
[2023-04-28T01:04:53.101+0000] {logging_mixin.py:137} INFO - [2023-04-28T01:04:53.101+0000] {dag.py:2705} INFO - Sync 1 DAGs
[2023-04-28T01:04:53.150+0000] {logging_mixin.py:137} INFO - [2023-04-28T01:04:53.150+0000] {dag.py:3456} INFO - Setting next_dagrun for spark-example to 2023-04-28T00:00:00+00:00, run_after=2023-04-29T00:00:00+00:00
[2023-04-28T01:04:53.183+0000] {processor.py:175} INFO - Processing /opt/airflow/dags/spark-example.py took 0.150 seconds
[2023-04-28T01:05:23.625+0000] {processor.py:153} INFO - Started process (PID=2410) to work on /opt/airflow/dags/spark-example.py
[2023-04-28T01:05:23.626+0000] {processor.py:743} INFO - Processing file /opt/airflow/dags/spark-example.py for tasks to queue
[2023-04-28T01:05:23.626+0000] {logging_mixin.py:137} INFO - [2023-04-28T01:05:23.626+0000] {dagbag.py:532} INFO - Filling up the DagBag from /opt/airflow/dags/spark-example.py
[2023-04-28T01:05:23.655+0000] {processor.py:753} INFO - DAG(s) dict_keys(['spark-example']) retrieved from /opt/airflow/dags/spark-example.py
[2023-04-28T01:05:23.688+0000] {logging_mixin.py:137} INFO - [2023-04-28T01:05:23.688+0000] {dag.py:2705} INFO - Sync 1 DAGs
[2023-04-28T01:05:23.732+0000] {logging_mixin.py:137} INFO - [2023-04-28T01:05:23.732+0000] {dag.py:3456} INFO - Setting next_dagrun for spark-example to 2023-04-28T00:00:00+00:00, run_after=2023-04-29T00:00:00+00:00
[2023-04-28T01:05:23.757+0000] {processor.py:175} INFO - Processing /opt/airflow/dags/spark-example.py took 0.137 seconds
[2023-04-28T01:05:54.298+0000] {processor.py:153} INFO - Started process (PID=2463) to work on /opt/airflow/dags/spark-example.py
[2023-04-28T01:05:54.300+0000] {processor.py:743} INFO - Processing file /opt/airflow/dags/spark-example.py for tasks to queue
[2023-04-28T01:05:54.301+0000] {logging_mixin.py:137} INFO - [2023-04-28T01:05:54.301+0000] {dagbag.py:532} INFO - Filling up the DagBag from /opt/airflow/dags/spark-example.py
[2023-04-28T01:05:54.327+0000] {processor.py:753} INFO - DAG(s) dict_keys(['spark-example']) retrieved from /opt/airflow/dags/spark-example.py
[2023-04-28T01:05:54.362+0000] {logging_mixin.py:137} INFO - [2023-04-28T01:05:54.362+0000] {dag.py:2705} INFO - Sync 1 DAGs
[2023-04-28T01:05:54.412+0000] {logging_mixin.py:137} INFO - [2023-04-28T01:05:54.411+0000] {dag.py:3456} INFO - Setting next_dagrun for spark-example to 2023-04-28T00:00:00+00:00, run_after=2023-04-29T00:00:00+00:00
[2023-04-28T01:05:54.435+0000] {processor.py:175} INFO - Processing /opt/airflow/dags/spark-example.py took 0.141 seconds
[2023-04-28T01:06:25.151+0000] {processor.py:153} INFO - Started process (PID=2516) to work on /opt/airflow/dags/spark-example.py
[2023-04-28T01:06:25.152+0000] {processor.py:743} INFO - Processing file /opt/airflow/dags/spark-example.py for tasks to queue
[2023-04-28T01:06:25.152+0000] {logging_mixin.py:137} INFO - [2023-04-28T01:06:25.152+0000] {dagbag.py:532} INFO - Filling up the DagBag from /opt/airflow/dags/spark-example.py
[2023-04-28T01:06:25.193+0000] {processor.py:753} INFO - DAG(s) dict_keys(['spark-example']) retrieved from /opt/airflow/dags/spark-example.py
[2023-04-28T01:06:25.225+0000] {logging_mixin.py:137} INFO - [2023-04-28T01:06:25.225+0000] {dag.py:2705} INFO - Sync 1 DAGs
[2023-04-28T01:06:25.273+0000] {logging_mixin.py:137} INFO - [2023-04-28T01:06:25.272+0000] {dag.py:3456} INFO - Setting next_dagrun for spark-example to 2023-04-28T00:00:00+00:00, run_after=2023-04-29T00:00:00+00:00
[2023-04-28T01:06:25.311+0000] {processor.py:175} INFO - Processing /opt/airflow/dags/spark-example.py took 0.165 seconds
[2023-04-28T01:06:55.364+0000] {processor.py:153} INFO - Started process (PID=2569) to work on /opt/airflow/dags/spark-example.py
[2023-04-28T01:06:55.365+0000] {processor.py:743} INFO - Processing file /opt/airflow/dags/spark-example.py for tasks to queue
[2023-04-28T01:06:55.366+0000] {logging_mixin.py:137} INFO - [2023-04-28T01:06:55.365+0000] {dagbag.py:532} INFO - Filling up the DagBag from /opt/airflow/dags/spark-example.py
[2023-04-28T01:06:55.384+0000] {processor.py:753} INFO - DAG(s) dict_keys(['spark-example']) retrieved from /opt/airflow/dags/spark-example.py
[2023-04-28T01:06:55.408+0000] {logging_mixin.py:137} INFO - [2023-04-28T01:06:55.408+0000] {dag.py:2705} INFO - Sync 1 DAGs
[2023-04-28T01:06:55.436+0000] {logging_mixin.py:137} INFO - [2023-04-28T01:06:55.435+0000] {dag.py:3456} INFO - Setting next_dagrun for spark-example to 2023-04-28T00:00:00+00:00, run_after=2023-04-29T00:00:00+00:00
[2023-04-28T01:06:55.455+0000] {processor.py:175} INFO - Processing /opt/airflow/dags/spark-example.py took 0.094 seconds
[2023-04-28T01:07:25.538+0000] {processor.py:153} INFO - Started process (PID=2623) to work on /opt/airflow/dags/spark-example.py
[2023-04-28T01:07:25.538+0000] {processor.py:743} INFO - Processing file /opt/airflow/dags/spark-example.py for tasks to queue
[2023-04-28T01:07:25.539+0000] {logging_mixin.py:137} INFO - [2023-04-28T01:07:25.539+0000] {dagbag.py:532} INFO - Filling up the DagBag from /opt/airflow/dags/spark-example.py
[2023-04-28T01:07:25.560+0000] {processor.py:753} INFO - DAG(s) dict_keys(['spark-example']) retrieved from /opt/airflow/dags/spark-example.py
[2023-04-28T01:07:25.582+0000] {logging_mixin.py:137} INFO - [2023-04-28T01:07:25.582+0000] {dag.py:2705} INFO - Sync 1 DAGs
[2023-04-28T01:07:25.610+0000] {logging_mixin.py:137} INFO - [2023-04-28T01:07:25.609+0000] {dag.py:3456} INFO - Setting next_dagrun for spark-example to 2023-04-28T00:00:00+00:00, run_after=2023-04-29T00:00:00+00:00
[2023-04-28T01:07:25.626+0000] {processor.py:175} INFO - Processing /opt/airflow/dags/spark-example.py took 0.092 seconds
[2023-04-28T01:07:55.906+0000] {processor.py:153} INFO - Started process (PID=2676) to work on /opt/airflow/dags/spark-example.py
[2023-04-28T01:07:55.907+0000] {processor.py:743} INFO - Processing file /opt/airflow/dags/spark-example.py for tasks to queue
[2023-04-28T01:07:55.908+0000] {logging_mixin.py:137} INFO - [2023-04-28T01:07:55.908+0000] {dagbag.py:532} INFO - Filling up the DagBag from /opt/airflow/dags/spark-example.py
[2023-04-28T01:07:55.935+0000] {processor.py:753} INFO - DAG(s) dict_keys(['spark-example']) retrieved from /opt/airflow/dags/spark-example.py
[2023-04-28T01:07:55.969+0000] {logging_mixin.py:137} INFO - [2023-04-28T01:07:55.969+0000] {dag.py:2705} INFO - Sync 1 DAGs
[2023-04-28T01:07:56.013+0000] {logging_mixin.py:137} INFO - [2023-04-28T01:07:56.012+0000] {dag.py:3456} INFO - Setting next_dagrun for spark-example to 2023-04-28T00:00:00+00:00, run_after=2023-04-29T00:00:00+00:00
[2023-04-28T01:07:56.038+0000] {processor.py:175} INFO - Processing /opt/airflow/dags/spark-example.py took 0.136 seconds
[2023-04-28T01:08:26.124+0000] {processor.py:153} INFO - Started process (PID=2729) to work on /opt/airflow/dags/spark-example.py
[2023-04-28T01:08:26.125+0000] {processor.py:743} INFO - Processing file /opt/airflow/dags/spark-example.py for tasks to queue
[2023-04-28T01:08:26.126+0000] {logging_mixin.py:137} INFO - [2023-04-28T01:08:26.126+0000] {dagbag.py:532} INFO - Filling up the DagBag from /opt/airflow/dags/spark-example.py
[2023-04-28T01:08:26.154+0000] {processor.py:753} INFO - DAG(s) dict_keys(['spark-example']) retrieved from /opt/airflow/dags/spark-example.py
[2023-04-28T01:08:26.189+0000] {logging_mixin.py:137} INFO - [2023-04-28T01:08:26.189+0000] {dag.py:2705} INFO - Sync 1 DAGs
[2023-04-28T01:08:26.233+0000] {logging_mixin.py:137} INFO - [2023-04-28T01:08:26.233+0000] {dag.py:3456} INFO - Setting next_dagrun for spark-example to 2023-04-28T00:00:00+00:00, run_after=2023-04-29T00:00:00+00:00
[2023-04-28T01:08:26.259+0000] {processor.py:175} INFO - Processing /opt/airflow/dags/spark-example.py took 0.140 seconds
[2023-04-28T01:08:56.420+0000] {processor.py:153} INFO - Started process (PID=2782) to work on /opt/airflow/dags/spark-example.py
[2023-04-28T01:08:56.421+0000] {processor.py:743} INFO - Processing file /opt/airflow/dags/spark-example.py for tasks to queue
[2023-04-28T01:08:56.422+0000] {logging_mixin.py:137} INFO - [2023-04-28T01:08:56.422+0000] {dagbag.py:532} INFO - Filling up the DagBag from /opt/airflow/dags/spark-example.py
[2023-04-28T01:08:56.473+0000] {processor.py:753} INFO - DAG(s) dict_keys(['spark-example']) retrieved from /opt/airflow/dags/spark-example.py
[2023-04-28T01:08:56.541+0000] {logging_mixin.py:137} INFO - [2023-04-28T01:08:56.541+0000] {dag.py:2705} INFO - Sync 1 DAGs
[2023-04-28T01:08:56.629+0000] {logging_mixin.py:137} INFO - [2023-04-28T01:08:56.629+0000] {dag.py:3456} INFO - Setting next_dagrun for spark-example to 2023-04-28T00:00:00+00:00, run_after=2023-04-29T00:00:00+00:00
[2023-04-28T01:08:56.678+0000] {processor.py:175} INFO - Processing /opt/airflow/dags/spark-example.py took 0.271 seconds
[2023-04-28T01:09:27.167+0000] {processor.py:153} INFO - Started process (PID=2835) to work on /opt/airflow/dags/spark-example.py
[2023-04-28T01:09:27.167+0000] {processor.py:743} INFO - Processing file /opt/airflow/dags/spark-example.py for tasks to queue
[2023-04-28T01:09:27.168+0000] {logging_mixin.py:137} INFO - [2023-04-28T01:09:27.168+0000] {dagbag.py:532} INFO - Filling up the DagBag from /opt/airflow/dags/spark-example.py
[2023-04-28T01:09:27.197+0000] {processor.py:753} INFO - DAG(s) dict_keys(['spark-example']) retrieved from /opt/airflow/dags/spark-example.py
[2023-04-28T01:09:27.272+0000] {logging_mixin.py:137} INFO - [2023-04-28T01:09:27.272+0000] {dag.py:2705} INFO - Sync 1 DAGs
[2023-04-28T01:09:27.357+0000] {logging_mixin.py:137} INFO - [2023-04-28T01:09:27.357+0000] {dag.py:3456} INFO - Setting next_dagrun for spark-example to 2023-04-28T00:00:00+00:00, run_after=2023-04-29T00:00:00+00:00
[2023-04-28T01:09:27.406+0000] {processor.py:175} INFO - Processing /opt/airflow/dags/spark-example.py took 0.244 seconds
[2023-04-28T01:09:57.566+0000] {processor.py:153} INFO - Started process (PID=2888) to work on /opt/airflow/dags/spark-example.py
[2023-04-28T01:09:57.567+0000] {processor.py:743} INFO - Processing file /opt/airflow/dags/spark-example.py for tasks to queue
[2023-04-28T01:09:57.568+0000] {logging_mixin.py:137} INFO - [2023-04-28T01:09:57.568+0000] {dagbag.py:532} INFO - Filling up the DagBag from /opt/airflow/dags/spark-example.py
[2023-04-28T01:09:57.595+0000] {processor.py:753} INFO - DAG(s) dict_keys(['spark-example']) retrieved from /opt/airflow/dags/spark-example.py
[2023-04-28T01:09:57.631+0000] {logging_mixin.py:137} INFO - [2023-04-28T01:09:57.630+0000] {dag.py:2705} INFO - Sync 1 DAGs
[2023-04-28T01:09:57.674+0000] {logging_mixin.py:137} INFO - [2023-04-28T01:09:57.674+0000] {dag.py:3456} INFO - Setting next_dagrun for spark-example to 2023-04-28T00:00:00+00:00, run_after=2023-04-29T00:00:00+00:00
[2023-04-28T01:09:57.699+0000] {processor.py:175} INFO - Processing /opt/airflow/dags/spark-example.py took 0.138 seconds
[2023-04-28T01:10:28.213+0000] {processor.py:153} INFO - Started process (PID=2941) to work on /opt/airflow/dags/spark-example.py
[2023-04-28T01:10:28.214+0000] {processor.py:743} INFO - Processing file /opt/airflow/dags/spark-example.py for tasks to queue
[2023-04-28T01:10:28.215+0000] {logging_mixin.py:137} INFO - [2023-04-28T01:10:28.214+0000] {dagbag.py:532} INFO - Filling up the DagBag from /opt/airflow/dags/spark-example.py
[2023-04-28T01:10:28.241+0000] {processor.py:753} INFO - DAG(s) dict_keys(['spark-example']) retrieved from /opt/airflow/dags/spark-example.py
[2023-04-28T01:10:28.279+0000] {logging_mixin.py:137} INFO - [2023-04-28T01:10:28.279+0000] {dag.py:2705} INFO - Sync 1 DAGs
[2023-04-28T01:10:28.325+0000] {logging_mixin.py:137} INFO - [2023-04-28T01:10:28.325+0000] {dag.py:3456} INFO - Setting next_dagrun for spark-example to 2023-04-28T00:00:00+00:00, run_after=2023-04-29T00:00:00+00:00
[2023-04-28T01:10:28.350+0000] {processor.py:175} INFO - Processing /opt/airflow/dags/spark-example.py took 0.143 seconds
[2023-04-28T01:10:59.074+0000] {processor.py:153} INFO - Started process (PID=2994) to work on /opt/airflow/dags/spark-example.py
[2023-04-28T01:10:59.075+0000] {processor.py:743} INFO - Processing file /opt/airflow/dags/spark-example.py for tasks to queue
[2023-04-28T01:10:59.076+0000] {logging_mixin.py:137} INFO - [2023-04-28T01:10:59.076+0000] {dagbag.py:532} INFO - Filling up the DagBag from /opt/airflow/dags/spark-example.py
[2023-04-28T01:10:59.103+0000] {processor.py:753} INFO - DAG(s) dict_keys(['spark-example']) retrieved from /opt/airflow/dags/spark-example.py
[2023-04-28T01:10:59.138+0000] {logging_mixin.py:137} INFO - [2023-04-28T01:10:59.137+0000] {dag.py:2705} INFO - Sync 1 DAGs
[2023-04-28T01:10:59.182+0000] {logging_mixin.py:137} INFO - [2023-04-28T01:10:59.182+0000] {dag.py:3456} INFO - Setting next_dagrun for spark-example to 2023-04-28T00:00:00+00:00, run_after=2023-04-29T00:00:00+00:00
[2023-04-28T01:10:59.206+0000] {processor.py:175} INFO - Processing /opt/airflow/dags/spark-example.py took 0.139 seconds
[2023-04-28T01:11:29.348+0000] {processor.py:153} INFO - Started process (PID=3047) to work on /opt/airflow/dags/spark-example.py
[2023-04-28T01:11:29.349+0000] {processor.py:743} INFO - Processing file /opt/airflow/dags/spark-example.py for tasks to queue
[2023-04-28T01:11:29.350+0000] {logging_mixin.py:137} INFO - [2023-04-28T01:11:29.350+0000] {dagbag.py:532} INFO - Filling up the DagBag from /opt/airflow/dags/spark-example.py
[2023-04-28T01:11:29.377+0000] {processor.py:753} INFO - DAG(s) dict_keys(['spark-example']) retrieved from /opt/airflow/dags/spark-example.py
[2023-04-28T01:11:29.412+0000] {logging_mixin.py:137} INFO - [2023-04-28T01:11:29.412+0000] {dag.py:2705} INFO - Sync 1 DAGs
[2023-04-28T01:11:29.455+0000] {logging_mixin.py:137} INFO - [2023-04-28T01:11:29.455+0000] {dag.py:3456} INFO - Setting next_dagrun for spark-example to 2023-04-28T00:00:00+00:00, run_after=2023-04-29T00:00:00+00:00
[2023-04-28T01:11:29.480+0000] {processor.py:175} INFO - Processing /opt/airflow/dags/spark-example.py took 0.136 seconds
[2023-04-28T01:11:59.555+0000] {processor.py:153} INFO - Started process (PID=3100) to work on /opt/airflow/dags/spark-example.py
[2023-04-28T01:11:59.561+0000] {processor.py:743} INFO - Processing file /opt/airflow/dags/spark-example.py for tasks to queue
[2023-04-28T01:11:59.562+0000] {logging_mixin.py:137} INFO - [2023-04-28T01:11:59.562+0000] {dagbag.py:532} INFO - Filling up the DagBag from /opt/airflow/dags/spark-example.py
[2023-04-28T01:11:59.587+0000] {processor.py:753} INFO - DAG(s) dict_keys(['spark-example']) retrieved from /opt/airflow/dags/spark-example.py
[2023-04-28T01:11:59.676+0000] {logging_mixin.py:137} INFO - [2023-04-28T01:11:59.675+0000] {dag.py:2705} INFO - Sync 1 DAGs
[2023-04-28T01:11:59.777+0000] {logging_mixin.py:137} INFO - [2023-04-28T01:11:59.777+0000] {dag.py:3456} INFO - Setting next_dagrun for spark-example to 2023-04-28T00:00:00+00:00, run_after=2023-04-29T00:00:00+00:00
[2023-04-28T01:11:59.823+0000] {processor.py:175} INFO - Processing /opt/airflow/dags/spark-example.py took 0.277 seconds
[2023-04-28T01:12:30.335+0000] {processor.py:153} INFO - Started process (PID=3153) to work on /opt/airflow/dags/spark-example.py
[2023-04-28T01:12:30.335+0000] {processor.py:743} INFO - Processing file /opt/airflow/dags/spark-example.py for tasks to queue
[2023-04-28T01:12:30.336+0000] {logging_mixin.py:137} INFO - [2023-04-28T01:12:30.336+0000] {dagbag.py:532} INFO - Filling up the DagBag from /opt/airflow/dags/spark-example.py
[2023-04-28T01:12:30.375+0000] {processor.py:753} INFO - DAG(s) dict_keys(['spark-example']) retrieved from /opt/airflow/dags/spark-example.py
[2023-04-28T01:12:30.410+0000] {logging_mixin.py:137} INFO - [2023-04-28T01:12:30.410+0000] {dag.py:2705} INFO - Sync 1 DAGs
[2023-04-28T01:12:30.456+0000] {logging_mixin.py:137} INFO - [2023-04-28T01:12:30.456+0000] {dag.py:3456} INFO - Setting next_dagrun for spark-example to 2023-04-28T00:00:00+00:00, run_after=2023-04-29T00:00:00+00:00
[2023-04-28T01:12:30.481+0000] {processor.py:175} INFO - Processing /opt/airflow/dags/spark-example.py took 0.151 seconds
[2023-04-28T01:13:00.595+0000] {processor.py:153} INFO - Started process (PID=3207) to work on /opt/airflow/dags/spark-example.py
[2023-04-28T01:13:00.596+0000] {processor.py:743} INFO - Processing file /opt/airflow/dags/spark-example.py for tasks to queue
[2023-04-28T01:13:00.597+0000] {logging_mixin.py:137} INFO - [2023-04-28T01:13:00.597+0000] {dagbag.py:532} INFO - Filling up the DagBag from /opt/airflow/dags/spark-example.py
[2023-04-28T01:13:00.624+0000] {processor.py:753} INFO - DAG(s) dict_keys(['spark-example']) retrieved from /opt/airflow/dags/spark-example.py
[2023-04-28T01:13:00.660+0000] {logging_mixin.py:137} INFO - [2023-04-28T01:13:00.660+0000] {dag.py:2705} INFO - Sync 1 DAGs
[2023-04-28T01:13:00.704+0000] {logging_mixin.py:137} INFO - [2023-04-28T01:13:00.704+0000] {dag.py:3456} INFO - Setting next_dagrun for spark-example to 2023-04-28T00:00:00+00:00, run_after=2023-04-29T00:00:00+00:00
[2023-04-28T01:13:00.730+0000] {processor.py:175} INFO - Processing /opt/airflow/dags/spark-example.py took 0.139 seconds
[2023-04-28T01:13:30.765+0000] {processor.py:153} INFO - Started process (PID=3261) to work on /opt/airflow/dags/spark-example.py
[2023-04-28T01:13:30.766+0000] {processor.py:743} INFO - Processing file /opt/airflow/dags/spark-example.py for tasks to queue
[2023-04-28T01:13:30.766+0000] {logging_mixin.py:137} INFO - [2023-04-28T01:13:30.766+0000] {dagbag.py:532} INFO - Filling up the DagBag from /opt/airflow/dags/spark-example.py
[2023-04-28T01:13:30.794+0000] {processor.py:753} INFO - DAG(s) dict_keys(['spark-example']) retrieved from /opt/airflow/dags/spark-example.py
[2023-04-28T01:13:30.828+0000] {logging_mixin.py:137} INFO - [2023-04-28T01:13:30.828+0000] {dag.py:2705} INFO - Sync 1 DAGs
[2023-04-28T01:13:30.871+0000] {logging_mixin.py:137} INFO - [2023-04-28T01:13:30.871+0000] {dag.py:3456} INFO - Setting next_dagrun for spark-example to 2023-04-28T00:00:00+00:00, run_after=2023-04-29T00:00:00+00:00
[2023-04-28T01:13:30.895+0000] {processor.py:175} INFO - Processing /opt/airflow/dags/spark-example.py took 0.135 seconds
[2023-04-28T01:14:01.541+0000] {processor.py:153} INFO - Started process (PID=3314) to work on /opt/airflow/dags/spark-example.py
[2023-04-28T01:14:01.542+0000] {processor.py:743} INFO - Processing file /opt/airflow/dags/spark-example.py for tasks to queue
[2023-04-28T01:14:01.543+0000] {logging_mixin.py:137} INFO - [2023-04-28T01:14:01.543+0000] {dagbag.py:532} INFO - Filling up the DagBag from /opt/airflow/dags/spark-example.py
[2023-04-28T01:14:01.571+0000] {processor.py:753} INFO - DAG(s) dict_keys(['spark-example']) retrieved from /opt/airflow/dags/spark-example.py
[2023-04-28T01:14:01.605+0000] {logging_mixin.py:137} INFO - [2023-04-28T01:14:01.605+0000] {dag.py:2705} INFO - Sync 1 DAGs
[2023-04-28T01:14:01.650+0000] {logging_mixin.py:137} INFO - [2023-04-28T01:14:01.649+0000] {dag.py:3456} INFO - Setting next_dagrun for spark-example to 2023-04-28T00:00:00+00:00, run_after=2023-04-29T00:00:00+00:00
[2023-04-28T01:14:01.677+0000] {processor.py:175} INFO - Processing /opt/airflow/dags/spark-example.py took 0.140 seconds
[2023-04-28T01:14:32.563+0000] {processor.py:153} INFO - Started process (PID=3367) to work on /opt/airflow/dags/spark-example.py
[2023-04-28T01:14:32.564+0000] {processor.py:743} INFO - Processing file /opt/airflow/dags/spark-example.py for tasks to queue
[2023-04-28T01:14:32.565+0000] {logging_mixin.py:137} INFO - [2023-04-28T01:14:32.564+0000] {dagbag.py:532} INFO - Filling up the DagBag from /opt/airflow/dags/spark-example.py
[2023-04-28T01:14:32.592+0000] {processor.py:753} INFO - DAG(s) dict_keys(['spark-example']) retrieved from /opt/airflow/dags/spark-example.py
[2023-04-28T01:14:32.626+0000] {logging_mixin.py:137} INFO - [2023-04-28T01:14:32.625+0000] {dag.py:2705} INFO - Sync 1 DAGs
[2023-04-28T01:14:32.670+0000] {logging_mixin.py:137} INFO - [2023-04-28T01:14:32.670+0000] {dag.py:3456} INFO - Setting next_dagrun for spark-example to 2023-04-28T00:00:00+00:00, run_after=2023-04-29T00:00:00+00:00
[2023-04-28T01:14:32.700+0000] {processor.py:175} INFO - Processing /opt/airflow/dags/spark-example.py took 0.141 seconds
[2023-04-28T01:15:03.267+0000] {processor.py:153} INFO - Started process (PID=3419) to work on /opt/airflow/dags/spark-example.py
[2023-04-28T01:15:03.268+0000] {processor.py:743} INFO - Processing file /opt/airflow/dags/spark-example.py for tasks to queue
[2023-04-28T01:15:03.269+0000] {logging_mixin.py:137} INFO - [2023-04-28T01:15:03.269+0000] {dagbag.py:532} INFO - Filling up the DagBag from /opt/airflow/dags/spark-example.py
[2023-04-28T01:15:03.296+0000] {processor.py:753} INFO - DAG(s) dict_keys(['spark-example']) retrieved from /opt/airflow/dags/spark-example.py
[2023-04-28T01:15:03.332+0000] {logging_mixin.py:137} INFO - [2023-04-28T01:15:03.332+0000] {dag.py:2705} INFO - Sync 1 DAGs
[2023-04-28T01:15:03.376+0000] {logging_mixin.py:137} INFO - [2023-04-28T01:15:03.375+0000] {dag.py:3456} INFO - Setting next_dagrun for spark-example to 2023-04-28T00:00:00+00:00, run_after=2023-04-29T00:00:00+00:00
[2023-04-28T01:15:03.399+0000] {processor.py:175} INFO - Processing /opt/airflow/dags/spark-example.py took 0.137 seconds
[2023-04-28T01:15:33.428+0000] {processor.py:153} INFO - Started process (PID=3472) to work on /opt/airflow/dags/spark-example.py
[2023-04-28T01:15:33.429+0000] {processor.py:743} INFO - Processing file /opt/airflow/dags/spark-example.py for tasks to queue
[2023-04-28T01:15:33.430+0000] {logging_mixin.py:137} INFO - [2023-04-28T01:15:33.430+0000] {dagbag.py:532} INFO - Filling up the DagBag from /opt/airflow/dags/spark-example.py
[2023-04-28T01:15:33.457+0000] {processor.py:753} INFO - DAG(s) dict_keys(['spark-example']) retrieved from /opt/airflow/dags/spark-example.py
[2023-04-28T01:15:33.495+0000] {logging_mixin.py:137} INFO - [2023-04-28T01:15:33.495+0000] {dag.py:2705} INFO - Sync 1 DAGs
[2023-04-28T01:15:33.539+0000] {logging_mixin.py:137} INFO - [2023-04-28T01:15:33.539+0000] {dag.py:3456} INFO - Setting next_dagrun for spark-example to 2023-04-28T00:00:00+00:00, run_after=2023-04-29T00:00:00+00:00
[2023-04-28T01:15:33.563+0000] {processor.py:175} INFO - Processing /opt/airflow/dags/spark-example.py took 0.139 seconds
[2023-04-28T01:16:03.782+0000] {processor.py:153} INFO - Started process (PID=3524) to work on /opt/airflow/dags/spark-example.py
[2023-04-28T01:16:03.783+0000] {processor.py:743} INFO - Processing file /opt/airflow/dags/spark-example.py for tasks to queue
[2023-04-28T01:16:03.784+0000] {logging_mixin.py:137} INFO - [2023-04-28T01:16:03.784+0000] {dagbag.py:532} INFO - Filling up the DagBag from /opt/airflow/dags/spark-example.py
[2023-04-28T01:16:03.841+0000] {processor.py:753} INFO - DAG(s) dict_keys(['spark-example']) retrieved from /opt/airflow/dags/spark-example.py
[2023-04-28T01:16:03.970+0000] {logging_mixin.py:137} INFO - [2023-04-28T01:16:03.969+0000] {dag.py:2705} INFO - Sync 1 DAGs
[2023-04-28T01:16:04.147+0000] {logging_mixin.py:137} INFO - [2023-04-28T01:16:04.147+0000] {dag.py:3456} INFO - Setting next_dagrun for spark-example to 2023-04-28T00:00:00+00:00, run_after=2023-04-29T00:00:00+00:00
[2023-04-28T01:16:04.197+0000] {processor.py:175} INFO - Processing /opt/airflow/dags/spark-example.py took 0.429 seconds
[2023-04-28T01:16:34.610+0000] {processor.py:153} INFO - Started process (PID=3584) to work on /opt/airflow/dags/spark-example.py
[2023-04-28T01:16:34.611+0000] {processor.py:743} INFO - Processing file /opt/airflow/dags/spark-example.py for tasks to queue
[2023-04-28T01:16:34.612+0000] {logging_mixin.py:137} INFO - [2023-04-28T01:16:34.611+0000] {dagbag.py:532} INFO - Filling up the DagBag from /opt/airflow/dags/spark-example.py
[2023-04-28T01:16:34.639+0000] {processor.py:753} INFO - DAG(s) dict_keys(['spark-example']) retrieved from /opt/airflow/dags/spark-example.py
[2023-04-28T01:16:34.674+0000] {logging_mixin.py:137} INFO - [2023-04-28T01:16:34.674+0000] {dag.py:2705} INFO - Sync 1 DAGs
[2023-04-28T01:16:34.718+0000] {logging_mixin.py:137} INFO - [2023-04-28T01:16:34.718+0000] {dag.py:3456} INFO - Setting next_dagrun for spark-example to 2023-04-28T00:00:00+00:00, run_after=2023-04-29T00:00:00+00:00
[2023-04-28T01:16:34.742+0000] {processor.py:175} INFO - Processing /opt/airflow/dags/spark-example.py took 0.137 seconds
[2023-04-28T01:17:05.422+0000] {processor.py:153} INFO - Started process (PID=3637) to work on /opt/airflow/dags/spark-example.py
[2023-04-28T01:17:05.423+0000] {processor.py:743} INFO - Processing file /opt/airflow/dags/spark-example.py for tasks to queue
[2023-04-28T01:17:05.424+0000] {logging_mixin.py:137} INFO - [2023-04-28T01:17:05.424+0000] {dagbag.py:532} INFO - Filling up the DagBag from /opt/airflow/dags/spark-example.py
[2023-04-28T01:17:05.451+0000] {processor.py:753} INFO - DAG(s) dict_keys(['spark-example']) retrieved from /opt/airflow/dags/spark-example.py
[2023-04-28T01:17:05.485+0000] {logging_mixin.py:137} INFO - [2023-04-28T01:17:05.485+0000] {dag.py:2705} INFO - Sync 1 DAGs
[2023-04-28T01:17:05.529+0000] {logging_mixin.py:137} INFO - [2023-04-28T01:17:05.529+0000] {dag.py:3456} INFO - Setting next_dagrun for spark-example to 2023-04-28T00:00:00+00:00, run_after=2023-04-29T00:00:00+00:00
[2023-04-28T01:17:05.583+0000] {processor.py:175} INFO - Processing /opt/airflow/dags/spark-example.py took 0.166 seconds
[2023-04-28T01:17:35.765+0000] {processor.py:153} INFO - Started process (PID=3690) to work on /opt/airflow/dags/spark-example.py
[2023-04-28T01:17:35.766+0000] {processor.py:743} INFO - Processing file /opt/airflow/dags/spark-example.py for tasks to queue
[2023-04-28T01:17:35.767+0000] {logging_mixin.py:137} INFO - [2023-04-28T01:17:35.767+0000] {dagbag.py:532} INFO - Filling up the DagBag from /opt/airflow/dags/spark-example.py
[2023-04-28T01:17:35.794+0000] {processor.py:753} INFO - DAG(s) dict_keys(['spark-example']) retrieved from /opt/airflow/dags/spark-example.py
[2023-04-28T01:17:35.828+0000] {logging_mixin.py:137} INFO - [2023-04-28T01:17:35.828+0000] {dag.py:2705} INFO - Sync 1 DAGs
[2023-04-28T01:17:35.871+0000] {logging_mixin.py:137} INFO - [2023-04-28T01:17:35.871+0000] {dag.py:3456} INFO - Setting next_dagrun for spark-example to 2023-04-28T00:00:00+00:00, run_after=2023-04-29T00:00:00+00:00
[2023-04-28T01:17:35.925+0000] {processor.py:175} INFO - Processing /opt/airflow/dags/spark-example.py took 0.167 seconds
[2023-04-28T01:18:06.423+0000] {processor.py:153} INFO - Started process (PID=3743) to work on /opt/airflow/dags/spark-example.py
[2023-04-28T01:18:06.449+0000] {processor.py:743} INFO - Processing file /opt/airflow/dags/spark-example.py for tasks to queue
[2023-04-28T01:18:06.450+0000] {logging_mixin.py:137} INFO - [2023-04-28T01:18:06.450+0000] {dagbag.py:532} INFO - Filling up the DagBag from /opt/airflow/dags/spark-example.py
[2023-04-28T01:18:06.516+0000] {processor.py:753} INFO - DAG(s) dict_keys(['spark-example']) retrieved from /opt/airflow/dags/spark-example.py
[2023-04-28T01:18:06.618+0000] {logging_mixin.py:137} INFO - [2023-04-28T01:18:06.618+0000] {dag.py:2705} INFO - Sync 1 DAGs
[2023-04-28T01:18:06.742+0000] {logging_mixin.py:137} INFO - [2023-04-28T01:18:06.741+0000] {dag.py:3456} INFO - Setting next_dagrun for spark-example to 2023-04-28T00:00:00+00:00, run_after=2023-04-29T00:00:00+00:00
[2023-04-28T01:18:06.840+0000] {processor.py:175} INFO - Processing /opt/airflow/dags/spark-example.py took 0.422 seconds
[2023-04-28T01:18:36.884+0000] {processor.py:153} INFO - Started process (PID=3795) to work on /opt/airflow/dags/spark-example.py
[2023-04-28T01:18:36.886+0000] {processor.py:743} INFO - Processing file /opt/airflow/dags/spark-example.py for tasks to queue
[2023-04-28T01:18:36.888+0000] {logging_mixin.py:137} INFO - [2023-04-28T01:18:36.887+0000] {dagbag.py:532} INFO - Filling up the DagBag from /opt/airflow/dags/spark-example.py
[2023-04-28T01:18:36.915+0000] {processor.py:753} INFO - DAG(s) dict_keys(['spark-example']) retrieved from /opt/airflow/dags/spark-example.py
[2023-04-28T01:18:36.949+0000] {logging_mixin.py:137} INFO - [2023-04-28T01:18:36.949+0000] {dag.py:2705} INFO - Sync 1 DAGs
[2023-04-28T01:18:36.977+0000] {logging_mixin.py:137} INFO - [2023-04-28T01:18:36.977+0000] {dag.py:3456} INFO - Setting next_dagrun for spark-example to 2023-04-28T00:00:00+00:00, run_after=2023-04-29T00:00:00+00:00
[2023-04-28T01:18:36.995+0000] {processor.py:175} INFO - Processing /opt/airflow/dags/spark-example.py took 0.115 seconds
[2023-04-28T01:19:07.671+0000] {processor.py:153} INFO - Started process (PID=3848) to work on /opt/airflow/dags/spark-example.py
[2023-04-28T01:19:07.672+0000] {processor.py:743} INFO - Processing file /opt/airflow/dags/spark-example.py for tasks to queue
[2023-04-28T01:19:07.673+0000] {logging_mixin.py:137} INFO - [2023-04-28T01:19:07.673+0000] {dagbag.py:532} INFO - Filling up the DagBag from /opt/airflow/dags/spark-example.py
[2023-04-28T01:19:07.701+0000] {processor.py:753} INFO - DAG(s) dict_keys(['spark-example']) retrieved from /opt/airflow/dags/spark-example.py
[2023-04-28T01:19:07.737+0000] {logging_mixin.py:137} INFO - [2023-04-28T01:19:07.737+0000] {dag.py:2705} INFO - Sync 1 DAGs
[2023-04-28T01:19:07.781+0000] {logging_mixin.py:137} INFO - [2023-04-28T01:19:07.780+0000] {dag.py:3456} INFO - Setting next_dagrun for spark-example to 2023-04-28T00:00:00+00:00, run_after=2023-04-29T00:00:00+00:00
[2023-04-28T01:19:07.807+0000] {processor.py:175} INFO - Processing /opt/airflow/dags/spark-example.py took 0.140 seconds
[2023-04-28T01:19:38.070+0000] {processor.py:153} INFO - Started process (PID=3901) to work on /opt/airflow/dags/spark-example.py
[2023-04-28T01:19:38.072+0000] {processor.py:743} INFO - Processing file /opt/airflow/dags/spark-example.py for tasks to queue
[2023-04-28T01:19:38.073+0000] {logging_mixin.py:137} INFO - [2023-04-28T01:19:38.073+0000] {dagbag.py:532} INFO - Filling up the DagBag from /opt/airflow/dags/spark-example.py
[2023-04-28T01:19:38.111+0000] {processor.py:753} INFO - DAG(s) dict_keys(['spark-example']) retrieved from /opt/airflow/dags/spark-example.py
[2023-04-28T01:19:38.146+0000] {logging_mixin.py:137} INFO - [2023-04-28T01:19:38.145+0000] {dag.py:2705} INFO - Sync 1 DAGs
[2023-04-28T01:19:38.192+0000] {logging_mixin.py:137} INFO - [2023-04-28T01:19:38.192+0000] {dag.py:3456} INFO - Setting next_dagrun for spark-example to 2023-04-28T00:00:00+00:00, run_after=2023-04-29T00:00:00+00:00
[2023-04-28T01:19:38.220+0000] {processor.py:175} INFO - Processing /opt/airflow/dags/spark-example.py took 0.164 seconds
[2023-04-28T01:20:08.288+0000] {processor.py:153} INFO - Started process (PID=3953) to work on /opt/airflow/dags/spark-example.py
[2023-04-28T01:20:08.289+0000] {processor.py:743} INFO - Processing file /opt/airflow/dags/spark-example.py for tasks to queue
[2023-04-28T01:20:08.289+0000] {logging_mixin.py:137} INFO - [2023-04-28T01:20:08.289+0000] {dagbag.py:532} INFO - Filling up the DagBag from /opt/airflow/dags/spark-example.py
[2023-04-28T01:20:08.321+0000] {processor.py:753} INFO - DAG(s) dict_keys(['spark-example']) retrieved from /opt/airflow/dags/spark-example.py
[2023-04-28T01:20:08.378+0000] {logging_mixin.py:137} INFO - [2023-04-28T01:20:08.378+0000] {dag.py:2705} INFO - Sync 1 DAGs
[2023-04-28T01:20:08.460+0000] {logging_mixin.py:137} INFO - [2023-04-28T01:20:08.460+0000] {dag.py:3456} INFO - Setting next_dagrun for spark-example to 2023-04-28T00:00:00+00:00, run_after=2023-04-29T00:00:00+00:00
[2023-04-28T01:20:08.505+0000] {processor.py:175} INFO - Processing /opt/airflow/dags/spark-example.py took 0.225 seconds
[2023-04-28T01:20:39.031+0000] {processor.py:153} INFO - Started process (PID=4005) to work on /opt/airflow/dags/spark-example.py
[2023-04-28T01:20:39.033+0000] {processor.py:743} INFO - Processing file /opt/airflow/dags/spark-example.py for tasks to queue
[2023-04-28T01:20:39.033+0000] {logging_mixin.py:137} INFO - [2023-04-28T01:20:39.033+0000] {dagbag.py:532} INFO - Filling up the DagBag from /opt/airflow/dags/spark-example.py
[2023-04-28T01:20:39.062+0000] {processor.py:753} INFO - DAG(s) dict_keys(['spark-example']) retrieved from /opt/airflow/dags/spark-example.py
[2023-04-28T01:20:39.099+0000] {logging_mixin.py:137} INFO - [2023-04-28T01:20:39.098+0000] {dag.py:2705} INFO - Sync 1 DAGs
[2023-04-28T01:20:39.143+0000] {logging_mixin.py:137} INFO - [2023-04-28T01:20:39.143+0000] {dag.py:3456} INFO - Setting next_dagrun for spark-example to 2023-04-28T00:00:00+00:00, run_after=2023-04-29T00:00:00+00:00
[2023-04-28T01:20:39.169+0000] {processor.py:175} INFO - Processing /opt/airflow/dags/spark-example.py took 0.142 seconds
[2023-04-28T01:21:09.702+0000] {processor.py:153} INFO - Started process (PID=4058) to work on /opt/airflow/dags/spark-example.py
[2023-04-28T01:21:09.703+0000] {processor.py:743} INFO - Processing file /opt/airflow/dags/spark-example.py for tasks to queue
[2023-04-28T01:21:09.704+0000] {logging_mixin.py:137} INFO - [2023-04-28T01:21:09.704+0000] {dagbag.py:532} INFO - Filling up the DagBag from /opt/airflow/dags/spark-example.py
[2023-04-28T01:21:09.732+0000] {processor.py:753} INFO - DAG(s) dict_keys(['spark-example']) retrieved from /opt/airflow/dags/spark-example.py
[2023-04-28T01:21:09.768+0000] {logging_mixin.py:137} INFO - [2023-04-28T01:21:09.767+0000] {dag.py:2705} INFO - Sync 1 DAGs
[2023-04-28T01:21:09.811+0000] {logging_mixin.py:137} INFO - [2023-04-28T01:21:09.811+0000] {dag.py:3456} INFO - Setting next_dagrun for spark-example to 2023-04-28T00:00:00+00:00, run_after=2023-04-29T00:00:00+00:00
[2023-04-28T01:21:09.838+0000] {processor.py:175} INFO - Processing /opt/airflow/dags/spark-example.py took 0.140 seconds
[2023-04-28T01:21:39.960+0000] {processor.py:153} INFO - Started process (PID=4110) to work on /opt/airflow/dags/spark-example.py
[2023-04-28T01:21:39.961+0000] {processor.py:743} INFO - Processing file /opt/airflow/dags/spark-example.py for tasks to queue
[2023-04-28T01:21:39.962+0000] {logging_mixin.py:137} INFO - [2023-04-28T01:21:39.962+0000] {dagbag.py:532} INFO - Filling up the DagBag from /opt/airflow/dags/spark-example.py
[2023-04-28T01:21:39.989+0000] {processor.py:753} INFO - DAG(s) dict_keys(['spark-example']) retrieved from /opt/airflow/dags/spark-example.py
[2023-04-28T01:21:40.024+0000] {logging_mixin.py:137} INFO - [2023-04-28T01:21:40.023+0000] {dag.py:2705} INFO - Sync 1 DAGs
[2023-04-28T01:21:40.068+0000] {logging_mixin.py:137} INFO - [2023-04-28T01:21:40.067+0000] {dag.py:3456} INFO - Setting next_dagrun for spark-example to 2023-04-28T00:00:00+00:00, run_after=2023-04-29T00:00:00+00:00
[2023-04-28T01:21:40.092+0000] {processor.py:175} INFO - Processing /opt/airflow/dags/spark-example.py took 0.136 seconds
[2023-04-28T01:22:10.229+0000] {processor.py:153} INFO - Started process (PID=4163) to work on /opt/airflow/dags/spark-example.py
[2023-04-28T01:22:10.229+0000] {processor.py:743} INFO - Processing file /opt/airflow/dags/spark-example.py for tasks to queue
[2023-04-28T01:22:10.230+0000] {logging_mixin.py:137} INFO - [2023-04-28T01:22:10.230+0000] {dagbag.py:532} INFO - Filling up the DagBag from /opt/airflow/dags/spark-example.py
[2023-04-28T01:22:10.258+0000] {processor.py:753} INFO - DAG(s) dict_keys(['spark-example']) retrieved from /opt/airflow/dags/spark-example.py
[2023-04-28T01:22:10.292+0000] {logging_mixin.py:137} INFO - [2023-04-28T01:22:10.292+0000] {dag.py:2705} INFO - Sync 1 DAGs
[2023-04-28T01:22:10.335+0000] {logging_mixin.py:137} INFO - [2023-04-28T01:22:10.335+0000] {dag.py:3456} INFO - Setting next_dagrun for spark-example to 2023-04-28T00:00:00+00:00, run_after=2023-04-29T00:00:00+00:00
[2023-04-28T01:22:10.365+0000] {processor.py:175} INFO - Processing /opt/airflow/dags/spark-example.py took 0.141 seconds
[2023-04-28T01:22:40.909+0000] {processor.py:153} INFO - Started process (PID=4216) to work on /opt/airflow/dags/spark-example.py
[2023-04-28T01:22:40.910+0000] {processor.py:743} INFO - Processing file /opt/airflow/dags/spark-example.py for tasks to queue
[2023-04-28T01:22:40.911+0000] {logging_mixin.py:137} INFO - [2023-04-28T01:22:40.911+0000] {dagbag.py:532} INFO - Filling up the DagBag from /opt/airflow/dags/spark-example.py
[2023-04-28T01:22:40.939+0000] {processor.py:753} INFO - DAG(s) dict_keys(['spark-example']) retrieved from /opt/airflow/dags/spark-example.py
[2023-04-28T01:22:40.974+0000] {logging_mixin.py:137} INFO - [2023-04-28T01:22:40.973+0000] {dag.py:2705} INFO - Sync 1 DAGs
[2023-04-28T01:22:41.017+0000] {logging_mixin.py:137} INFO - [2023-04-28T01:22:41.017+0000] {dag.py:3456} INFO - Setting next_dagrun for spark-example to 2023-04-28T00:00:00+00:00, run_after=2023-04-29T00:00:00+00:00
[2023-04-28T01:22:41.042+0000] {processor.py:175} INFO - Processing /opt/airflow/dags/spark-example.py took 0.137 seconds
[2023-04-28T01:23:11.453+0000] {processor.py:153} INFO - Started process (PID=4269) to work on /opt/airflow/dags/spark-example.py
[2023-04-28T01:23:11.457+0000] {processor.py:743} INFO - Processing file /opt/airflow/dags/spark-example.py for tasks to queue
[2023-04-28T01:23:11.458+0000] {logging_mixin.py:137} INFO - [2023-04-28T01:23:11.458+0000] {dagbag.py:532} INFO - Filling up the DagBag from /opt/airflow/dags/spark-example.py
[2023-04-28T01:23:11.505+0000] {processor.py:753} INFO - DAG(s) dict_keys(['spark-example']) retrieved from /opt/airflow/dags/spark-example.py
[2023-04-28T01:23:11.557+0000] {logging_mixin.py:137} INFO - [2023-04-28T01:23:11.556+0000] {dag.py:2705} INFO - Sync 1 DAGs
[2023-04-28T01:23:11.639+0000] {logging_mixin.py:137} INFO - [2023-04-28T01:23:11.639+0000] {dag.py:3456} INFO - Setting next_dagrun for spark-example to 2023-04-28T00:00:00+00:00, run_after=2023-04-29T00:00:00+00:00
[2023-04-28T01:23:11.698+0000] {processor.py:175} INFO - Processing /opt/airflow/dags/spark-example.py took 0.258 seconds
[2023-04-28T01:23:42.174+0000] {processor.py:153} INFO - Started process (PID=4321) to work on /opt/airflow/dags/spark-example.py
[2023-04-28T01:23:42.175+0000] {processor.py:743} INFO - Processing file /opt/airflow/dags/spark-example.py for tasks to queue
[2023-04-28T01:23:42.176+0000] {logging_mixin.py:137} INFO - [2023-04-28T01:23:42.176+0000] {dagbag.py:532} INFO - Filling up the DagBag from /opt/airflow/dags/spark-example.py
[2023-04-28T01:23:42.204+0000] {processor.py:753} INFO - DAG(s) dict_keys(['spark-example']) retrieved from /opt/airflow/dags/spark-example.py
[2023-04-28T01:23:42.239+0000] {logging_mixin.py:137} INFO - [2023-04-28T01:23:42.239+0000] {dag.py:2705} INFO - Sync 1 DAGs
[2023-04-28T01:23:42.288+0000] {logging_mixin.py:137} INFO - [2023-04-28T01:23:42.288+0000] {dag.py:3456} INFO - Setting next_dagrun for spark-example to 2023-04-28T00:00:00+00:00, run_after=2023-04-29T00:00:00+00:00
[2023-04-28T01:23:42.314+0000] {processor.py:175} INFO - Processing /opt/airflow/dags/spark-example.py took 0.144 seconds
[2023-04-28T01:24:12.784+0000] {processor.py:153} INFO - Started process (PID=4375) to work on /opt/airflow/dags/spark-example.py
[2023-04-28T01:24:12.786+0000] {processor.py:743} INFO - Processing file /opt/airflow/dags/spark-example.py for tasks to queue
[2023-04-28T01:24:12.787+0000] {logging_mixin.py:137} INFO - [2023-04-28T01:24:12.786+0000] {dagbag.py:532} INFO - Filling up the DagBag from /opt/airflow/dags/spark-example.py
[2023-04-28T01:24:12.813+0000] {processor.py:753} INFO - DAG(s) dict_keys(['spark-example']) retrieved from /opt/airflow/dags/spark-example.py
[2023-04-28T01:24:12.849+0000] {logging_mixin.py:137} INFO - [2023-04-28T01:24:12.848+0000] {dag.py:2705} INFO - Sync 1 DAGs
[2023-04-28T01:24:12.892+0000] {logging_mixin.py:137} INFO - [2023-04-28T01:24:12.892+0000] {dag.py:3456} INFO - Setting next_dagrun for spark-example to 2023-04-28T00:00:00+00:00, run_after=2023-04-29T00:00:00+00:00
[2023-04-28T01:24:12.918+0000] {processor.py:175} INFO - Processing /opt/airflow/dags/spark-example.py took 0.138 seconds
[2023-04-28T01:24:43.206+0000] {processor.py:153} INFO - Started process (PID=4429) to work on /opt/airflow/dags/spark-example.py
[2023-04-28T01:24:43.216+0000] {processor.py:743} INFO - Processing file /opt/airflow/dags/spark-example.py for tasks to queue
[2023-04-28T01:24:43.217+0000] {logging_mixin.py:137} INFO - [2023-04-28T01:24:43.217+0000] {dagbag.py:532} INFO - Filling up the DagBag from /opt/airflow/dags/spark-example.py
[2023-04-28T01:24:43.273+0000] {processor.py:753} INFO - DAG(s) dict_keys(['spark-example']) retrieved from /opt/airflow/dags/spark-example.py
[2023-04-28T01:24:43.362+0000] {logging_mixin.py:137} INFO - [2023-04-28T01:24:43.361+0000] {dag.py:2705} INFO - Sync 1 DAGs
[2023-04-28T01:24:43.457+0000] {logging_mixin.py:137} INFO - [2023-04-28T01:24:43.456+0000] {dag.py:3456} INFO - Setting next_dagrun for spark-example to 2023-04-28T00:00:00+00:00, run_after=2023-04-29T00:00:00+00:00
[2023-04-28T01:24:43.490+0000] {processor.py:175} INFO - Processing /opt/airflow/dags/spark-example.py took 0.289 seconds
