[2023-04-17T12:10:50.776+0000] {processor.py:153} INFO - Started process (PID=33) to work on /home/airflow/.local/lib/python3.7/site-packages/airflow/example_dags/example_dag_decorator.py
[2023-04-17T12:10:50.777+0000] {processor.py:743} INFO - Processing file /home/airflow/.local/lib/python3.7/site-packages/airflow/example_dags/example_dag_decorator.py for tasks to queue
[2023-04-17T12:10:50.803+0000] {logging_mixin.py:137} INFO - [2023-04-17T12:10:50.803+0000] {dagbag.py:532} INFO - Filling up the DagBag from /home/airflow/.local/lib/python3.7/site-packages/airflow/example_dags/example_dag_decorator.py
[2023-04-17T12:10:50.960+0000] {logging_mixin.py:137} INFO - [2023-04-17T12:10:50.959+0000] {taskmixin.py:211} WARNING - Dependency <Task(_PythonDecoratedOperator): prepare_email>, send_email already registered for DAG: example_dag_decorator
[2023-04-17T12:10:50.960+0000] {logging_mixin.py:137} INFO - [2023-04-17T12:10:50.960+0000] {taskmixin.py:211} WARNING - Dependency <Task(EmailOperator): send_email>, prepare_email already registered for DAG: example_dag_decorator
[2023-04-17T12:10:51.040+0000] {processor.py:753} INFO - DAG(s) dict_keys(['example_dag_decorator']) retrieved from /home/airflow/.local/lib/python3.7/site-packages/airflow/example_dags/example_dag_decorator.py
[2023-04-17T12:10:51.368+0000] {logging_mixin.py:137} INFO - [2023-04-17T12:10:51.367+0000] {dag.py:2705} INFO - Sync 1 DAGs
[2023-04-17T12:10:51.446+0000] {logging_mixin.py:137} INFO - [2023-04-17T12:10:51.446+0000] {dag.py:3456} INFO - Setting next_dagrun for example_dag_decorator to None, run_after=None
[2023-04-17T12:10:51.502+0000] {processor.py:175} INFO - Processing /home/airflow/.local/lib/python3.7/site-packages/airflow/example_dags/example_dag_decorator.py took 0.765 seconds
[2023-04-17T12:11:21.658+0000] {processor.py:153} INFO - Started process (PID=83) to work on /home/airflow/.local/lib/python3.7/site-packages/airflow/example_dags/example_dag_decorator.py
[2023-04-17T12:11:21.658+0000] {processor.py:743} INFO - Processing file /home/airflow/.local/lib/python3.7/site-packages/airflow/example_dags/example_dag_decorator.py for tasks to queue
[2023-04-17T12:11:21.659+0000] {logging_mixin.py:137} INFO - [2023-04-17T12:11:21.659+0000] {dagbag.py:532} INFO - Filling up the DagBag from /home/airflow/.local/lib/python3.7/site-packages/airflow/example_dags/example_dag_decorator.py
[2023-04-17T12:11:21.683+0000] {logging_mixin.py:137} INFO - [2023-04-17T12:11:21.683+0000] {taskmixin.py:211} WARNING - Dependency <Task(_PythonDecoratedOperator): prepare_email>, send_email already registered for DAG: example_dag_decorator
[2023-04-17T12:11:21.683+0000] {logging_mixin.py:137} INFO - [2023-04-17T12:11:21.683+0000] {taskmixin.py:211} WARNING - Dependency <Task(EmailOperator): send_email>, prepare_email already registered for DAG: example_dag_decorator
[2023-04-17T12:11:21.706+0000] {processor.py:753} INFO - DAG(s) dict_keys(['example_dag_decorator']) retrieved from /home/airflow/.local/lib/python3.7/site-packages/airflow/example_dags/example_dag_decorator.py
[2023-04-17T12:11:21.809+0000] {logging_mixin.py:137} INFO - [2023-04-17T12:11:21.809+0000] {dag.py:2705} INFO - Sync 1 DAGs
[2023-04-17T12:11:21.831+0000] {logging_mixin.py:137} INFO - [2023-04-17T12:11:21.831+0000] {dag.py:3456} INFO - Setting next_dagrun for example_dag_decorator to None, run_after=None
[2023-04-17T12:11:21.849+0000] {processor.py:175} INFO - Processing /home/airflow/.local/lib/python3.7/site-packages/airflow/example_dags/example_dag_decorator.py took 0.196 seconds
[2023-04-17T12:11:52.281+0000] {processor.py:153} INFO - Started process (PID=133) to work on /home/airflow/.local/lib/python3.7/site-packages/airflow/example_dags/example_dag_decorator.py
[2023-04-17T12:11:52.282+0000] {processor.py:743} INFO - Processing file /home/airflow/.local/lib/python3.7/site-packages/airflow/example_dags/example_dag_decorator.py for tasks to queue
[2023-04-17T12:11:52.283+0000] {logging_mixin.py:137} INFO - [2023-04-17T12:11:52.283+0000] {dagbag.py:532} INFO - Filling up the DagBag from /home/airflow/.local/lib/python3.7/site-packages/airflow/example_dags/example_dag_decorator.py
[2023-04-17T12:11:52.307+0000] {logging_mixin.py:137} INFO - [2023-04-17T12:11:52.307+0000] {taskmixin.py:211} WARNING - Dependency <Task(_PythonDecoratedOperator): prepare_email>, send_email already registered for DAG: example_dag_decorator
[2023-04-17T12:11:52.307+0000] {logging_mixin.py:137} INFO - [2023-04-17T12:11:52.307+0000] {taskmixin.py:211} WARNING - Dependency <Task(EmailOperator): send_email>, prepare_email already registered for DAG: example_dag_decorator
[2023-04-17T12:11:52.325+0000] {processor.py:753} INFO - DAG(s) dict_keys(['example_dag_decorator']) retrieved from /home/airflow/.local/lib/python3.7/site-packages/airflow/example_dags/example_dag_decorator.py
[2023-04-17T12:11:52.459+0000] {logging_mixin.py:137} INFO - [2023-04-17T12:11:52.459+0000] {dag.py:2705} INFO - Sync 1 DAGs
[2023-04-17T12:11:52.499+0000] {logging_mixin.py:137} INFO - [2023-04-17T12:11:52.499+0000] {dag.py:3456} INFO - Setting next_dagrun for example_dag_decorator to None, run_after=None
[2023-04-17T12:11:52.524+0000] {processor.py:175} INFO - Processing /home/airflow/.local/lib/python3.7/site-packages/airflow/example_dags/example_dag_decorator.py took 0.247 seconds
[2023-04-17T12:12:22.959+0000] {processor.py:153} INFO - Started process (PID=189) to work on /home/airflow/.local/lib/python3.7/site-packages/airflow/example_dags/example_dag_decorator.py
[2023-04-17T12:12:22.960+0000] {processor.py:743} INFO - Processing file /home/airflow/.local/lib/python3.7/site-packages/airflow/example_dags/example_dag_decorator.py for tasks to queue
[2023-04-17T12:12:22.960+0000] {logging_mixin.py:137} INFO - [2023-04-17T12:12:22.960+0000] {dagbag.py:532} INFO - Filling up the DagBag from /home/airflow/.local/lib/python3.7/site-packages/airflow/example_dags/example_dag_decorator.py
[2023-04-17T12:12:22.985+0000] {logging_mixin.py:137} INFO - [2023-04-17T12:12:22.984+0000] {taskmixin.py:211} WARNING - Dependency <Task(_PythonDecoratedOperator): prepare_email>, send_email already registered for DAG: example_dag_decorator
[2023-04-17T12:12:22.985+0000] {logging_mixin.py:137} INFO - [2023-04-17T12:12:22.985+0000] {taskmixin.py:211} WARNING - Dependency <Task(EmailOperator): send_email>, prepare_email already registered for DAG: example_dag_decorator
[2023-04-17T12:12:23.002+0000] {processor.py:753} INFO - DAG(s) dict_keys(['example_dag_decorator']) retrieved from /home/airflow/.local/lib/python3.7/site-packages/airflow/example_dags/example_dag_decorator.py
[2023-04-17T12:12:23.109+0000] {logging_mixin.py:137} INFO - [2023-04-17T12:12:23.108+0000] {dag.py:2705} INFO - Sync 1 DAGs
[2023-04-17T12:12:23.146+0000] {logging_mixin.py:137} INFO - [2023-04-17T12:12:23.146+0000] {dag.py:3456} INFO - Setting next_dagrun for example_dag_decorator to None, run_after=None
[2023-04-17T12:12:23.173+0000] {processor.py:175} INFO - Processing /home/airflow/.local/lib/python3.7/site-packages/airflow/example_dags/example_dag_decorator.py took 0.218 seconds
[2023-04-17T12:12:53.357+0000] {processor.py:153} INFO - Started process (PID=239) to work on /home/airflow/.local/lib/python3.7/site-packages/airflow/example_dags/example_dag_decorator.py
[2023-04-17T12:12:53.359+0000] {processor.py:743} INFO - Processing file /home/airflow/.local/lib/python3.7/site-packages/airflow/example_dags/example_dag_decorator.py for tasks to queue
[2023-04-17T12:12:53.359+0000] {logging_mixin.py:137} INFO - [2023-04-17T12:12:53.359+0000] {dagbag.py:532} INFO - Filling up the DagBag from /home/airflow/.local/lib/python3.7/site-packages/airflow/example_dags/example_dag_decorator.py
[2023-04-17T12:12:53.384+0000] {logging_mixin.py:137} INFO - [2023-04-17T12:12:53.383+0000] {taskmixin.py:211} WARNING - Dependency <Task(_PythonDecoratedOperator): prepare_email>, send_email already registered for DAG: example_dag_decorator
[2023-04-17T12:12:53.384+0000] {logging_mixin.py:137} INFO - [2023-04-17T12:12:53.384+0000] {taskmixin.py:211} WARNING - Dependency <Task(EmailOperator): send_email>, prepare_email already registered for DAG: example_dag_decorator
[2023-04-17T12:12:53.400+0000] {processor.py:753} INFO - DAG(s) dict_keys(['example_dag_decorator']) retrieved from /home/airflow/.local/lib/python3.7/site-packages/airflow/example_dags/example_dag_decorator.py
[2023-04-17T12:12:53.507+0000] {logging_mixin.py:137} INFO - [2023-04-17T12:12:53.507+0000] {dag.py:2705} INFO - Sync 1 DAGs
[2023-04-17T12:12:53.545+0000] {logging_mixin.py:137} INFO - [2023-04-17T12:12:53.545+0000] {dag.py:3456} INFO - Setting next_dagrun for example_dag_decorator to None, run_after=None
[2023-04-17T12:12:53.577+0000] {processor.py:175} INFO - Processing /home/airflow/.local/lib/python3.7/site-packages/airflow/example_dags/example_dag_decorator.py took 0.224 seconds
[2023-04-17T12:13:23.756+0000] {processor.py:153} INFO - Started process (PID=289) to work on /home/airflow/.local/lib/python3.7/site-packages/airflow/example_dags/example_dag_decorator.py
[2023-04-17T12:13:23.757+0000] {processor.py:743} INFO - Processing file /home/airflow/.local/lib/python3.7/site-packages/airflow/example_dags/example_dag_decorator.py for tasks to queue
[2023-04-17T12:13:23.758+0000] {logging_mixin.py:137} INFO - [2023-04-17T12:13:23.757+0000] {dagbag.py:532} INFO - Filling up the DagBag from /home/airflow/.local/lib/python3.7/site-packages/airflow/example_dags/example_dag_decorator.py
[2023-04-17T12:13:23.784+0000] {logging_mixin.py:137} INFO - [2023-04-17T12:13:23.784+0000] {taskmixin.py:211} WARNING - Dependency <Task(_PythonDecoratedOperator): prepare_email>, send_email already registered for DAG: example_dag_decorator
[2023-04-17T12:13:23.785+0000] {logging_mixin.py:137} INFO - [2023-04-17T12:13:23.785+0000] {taskmixin.py:211} WARNING - Dependency <Task(EmailOperator): send_email>, prepare_email already registered for DAG: example_dag_decorator
[2023-04-17T12:13:23.801+0000] {processor.py:753} INFO - DAG(s) dict_keys(['example_dag_decorator']) retrieved from /home/airflow/.local/lib/python3.7/site-packages/airflow/example_dags/example_dag_decorator.py
[2023-04-17T12:13:23.874+0000] {logging_mixin.py:137} INFO - [2023-04-17T12:13:23.874+0000] {dag.py:2705} INFO - Sync 1 DAGs
[2023-04-17T12:13:23.898+0000] {logging_mixin.py:137} INFO - [2023-04-17T12:13:23.898+0000] {dag.py:3456} INFO - Setting next_dagrun for example_dag_decorator to None, run_after=None
[2023-04-17T12:13:23.916+0000] {processor.py:175} INFO - Processing /home/airflow/.local/lib/python3.7/site-packages/airflow/example_dags/example_dag_decorator.py took 0.164 seconds
