[2023-04-17T12:11:00.557+0000] {processor.py:153} INFO - Started process (PID=68) to work on /home/airflow/.local/lib/python3.7/site-packages/airflow/example_dags/example_complex.py
[2023-04-17T12:11:00.569+0000] {processor.py:743} INFO - Processing file /home/airflow/.local/lib/python3.7/site-packages/airflow/example_dags/example_complex.py for tasks to queue
[2023-04-17T12:11:00.570+0000] {logging_mixin.py:137} INFO - [2023-04-17T12:11:00.570+0000] {dagbag.py:532} INFO - Filling up the DagBag from /home/airflow/.local/lib/python3.7/site-packages/airflow/example_dags/example_complex.py
[2023-04-17T12:11:00.689+0000] {logging_mixin.py:137} INFO - [2023-04-17T12:11:00.689+0000] {taskmixin.py:211} WARNING - Dependency <Task(BashOperator): create_entry_group>, delete_entry_group already registered for DAG: example_complex
[2023-04-17T12:11:00.689+0000] {logging_mixin.py:137} INFO - [2023-04-17T12:11:00.689+0000] {taskmixin.py:211} WARNING - Dependency <Task(BashOperator): delete_entry_group>, create_entry_group already registered for DAG: example_complex
[2023-04-17T12:11:00.691+0000] {logging_mixin.py:137} INFO - [2023-04-17T12:11:00.691+0000] {taskmixin.py:211} WARNING - Dependency <Task(BashOperator): create_entry_gcs>, delete_entry already registered for DAG: example_complex
[2023-04-17T12:11:00.691+0000] {logging_mixin.py:137} INFO - [2023-04-17T12:11:00.691+0000] {taskmixin.py:211} WARNING - Dependency <Task(BashOperator): delete_entry>, create_entry_gcs already registered for DAG: example_complex
[2023-04-17T12:11:00.692+0000] {logging_mixin.py:137} INFO - [2023-04-17T12:11:00.691+0000] {taskmixin.py:211} WARNING - Dependency <Task(BashOperator): create_tag>, delete_tag already registered for DAG: example_complex
[2023-04-17T12:11:00.692+0000] {logging_mixin.py:137} INFO - [2023-04-17T12:11:00.692+0000] {taskmixin.py:211} WARNING - Dependency <Task(BashOperator): delete_tag>, create_tag already registered for DAG: example_complex
[2023-04-17T12:11:00.751+0000] {processor.py:753} INFO - DAG(s) dict_keys(['example_complex']) retrieved from /home/airflow/.local/lib/python3.7/site-packages/airflow/example_dags/example_complex.py
[2023-04-17T12:11:00.994+0000] {logging_mixin.py:137} INFO - [2023-04-17T12:11:00.994+0000] {dag.py:2705} INFO - Sync 1 DAGs
[2023-04-17T12:11:01.159+0000] {logging_mixin.py:137} INFO - [2023-04-17T12:11:01.158+0000] {dag.py:3456} INFO - Setting next_dagrun for example_complex to None, run_after=None
[2023-04-17T12:11:01.275+0000] {processor.py:175} INFO - Processing /home/airflow/.local/lib/python3.7/site-packages/airflow/example_dags/example_complex.py took 0.733 seconds
[2023-04-17T12:11:32.059+0000] {processor.py:153} INFO - Started process (PID=118) to work on /home/airflow/.local/lib/python3.7/site-packages/airflow/example_dags/example_complex.py
[2023-04-17T12:11:32.061+0000] {processor.py:743} INFO - Processing file /home/airflow/.local/lib/python3.7/site-packages/airflow/example_dags/example_complex.py for tasks to queue
[2023-04-17T12:11:32.062+0000] {logging_mixin.py:137} INFO - [2023-04-17T12:11:32.062+0000] {dagbag.py:532} INFO - Filling up the DagBag from /home/airflow/.local/lib/python3.7/site-packages/airflow/example_dags/example_complex.py
[2023-04-17T12:11:32.095+0000] {logging_mixin.py:137} INFO - [2023-04-17T12:11:32.095+0000] {taskmixin.py:211} WARNING - Dependency <Task(BashOperator): create_entry_group>, delete_entry_group already registered for DAG: example_complex
[2023-04-17T12:11:32.096+0000] {logging_mixin.py:137} INFO - [2023-04-17T12:11:32.095+0000] {taskmixin.py:211} WARNING - Dependency <Task(BashOperator): delete_entry_group>, create_entry_group already registered for DAG: example_complex
[2023-04-17T12:11:32.096+0000] {logging_mixin.py:137} INFO - [2023-04-17T12:11:32.096+0000] {taskmixin.py:211} WARNING - Dependency <Task(BashOperator): create_entry_gcs>, delete_entry already registered for DAG: example_complex
[2023-04-17T12:11:32.097+0000] {logging_mixin.py:137} INFO - [2023-04-17T12:11:32.096+0000] {taskmixin.py:211} WARNING - Dependency <Task(BashOperator): delete_entry>, create_entry_gcs already registered for DAG: example_complex
[2023-04-17T12:11:32.098+0000] {logging_mixin.py:137} INFO - [2023-04-17T12:11:32.098+0000] {taskmixin.py:211} WARNING - Dependency <Task(BashOperator): create_tag>, delete_tag already registered for DAG: example_complex
[2023-04-17T12:11:32.098+0000] {logging_mixin.py:137} INFO - [2023-04-17T12:11:32.098+0000] {taskmixin.py:211} WARNING - Dependency <Task(BashOperator): delete_tag>, create_tag already registered for DAG: example_complex
[2023-04-17T12:11:32.116+0000] {processor.py:753} INFO - DAG(s) dict_keys(['example_complex']) retrieved from /home/airflow/.local/lib/python3.7/site-packages/airflow/example_dags/example_complex.py
[2023-04-17T12:11:32.312+0000] {logging_mixin.py:137} INFO - [2023-04-17T12:11:32.312+0000] {dag.py:2705} INFO - Sync 1 DAGs
[2023-04-17T12:11:32.403+0000] {logging_mixin.py:137} INFO - [2023-04-17T12:11:32.403+0000] {dag.py:3456} INFO - Setting next_dagrun for example_complex to None, run_after=None
[2023-04-17T12:11:32.427+0000] {processor.py:175} INFO - Processing /home/airflow/.local/lib/python3.7/site-packages/airflow/example_dags/example_complex.py took 0.375 seconds
[2023-04-17T12:12:02.488+0000] {processor.py:153} INFO - Started process (PID=168) to work on /home/airflow/.local/lib/python3.7/site-packages/airflow/example_dags/example_complex.py
[2023-04-17T12:12:02.489+0000] {processor.py:743} INFO - Processing file /home/airflow/.local/lib/python3.7/site-packages/airflow/example_dags/example_complex.py for tasks to queue
[2023-04-17T12:12:02.490+0000] {logging_mixin.py:137} INFO - [2023-04-17T12:12:02.490+0000] {dagbag.py:532} INFO - Filling up the DagBag from /home/airflow/.local/lib/python3.7/site-packages/airflow/example_dags/example_complex.py
[2023-04-17T12:12:02.505+0000] {logging_mixin.py:137} INFO - [2023-04-17T12:12:02.505+0000] {taskmixin.py:211} WARNING - Dependency <Task(BashOperator): create_entry_group>, delete_entry_group already registered for DAG: example_complex
[2023-04-17T12:12:02.505+0000] {logging_mixin.py:137} INFO - [2023-04-17T12:12:02.505+0000] {taskmixin.py:211} WARNING - Dependency <Task(BashOperator): delete_entry_group>, create_entry_group already registered for DAG: example_complex
[2023-04-17T12:12:02.506+0000] {logging_mixin.py:137} INFO - [2023-04-17T12:12:02.505+0000] {taskmixin.py:211} WARNING - Dependency <Task(BashOperator): create_entry_gcs>, delete_entry already registered for DAG: example_complex
[2023-04-17T12:12:02.506+0000] {logging_mixin.py:137} INFO - [2023-04-17T12:12:02.506+0000] {taskmixin.py:211} WARNING - Dependency <Task(BashOperator): delete_entry>, create_entry_gcs already registered for DAG: example_complex
[2023-04-17T12:12:02.506+0000] {logging_mixin.py:137} INFO - [2023-04-17T12:12:02.506+0000] {taskmixin.py:211} WARNING - Dependency <Task(BashOperator): create_tag>, delete_tag already registered for DAG: example_complex
[2023-04-17T12:12:02.506+0000] {logging_mixin.py:137} INFO - [2023-04-17T12:12:02.506+0000] {taskmixin.py:211} WARNING - Dependency <Task(BashOperator): delete_tag>, create_tag already registered for DAG: example_complex
[2023-04-17T12:12:02.513+0000] {processor.py:753} INFO - DAG(s) dict_keys(['example_complex']) retrieved from /home/airflow/.local/lib/python3.7/site-packages/airflow/example_dags/example_complex.py
[2023-04-17T12:12:02.549+0000] {logging_mixin.py:137} INFO - [2023-04-17T12:12:02.549+0000] {dag.py:2705} INFO - Sync 1 DAGs
[2023-04-17T12:12:02.573+0000] {logging_mixin.py:137} INFO - [2023-04-17T12:12:02.573+0000] {dag.py:3456} INFO - Setting next_dagrun for example_complex to None, run_after=None
[2023-04-17T12:12:02.590+0000] {processor.py:175} INFO - Processing /home/airflow/.local/lib/python3.7/site-packages/airflow/example_dags/example_complex.py took 0.106 seconds
[2023-04-17T12:12:33.070+0000] {processor.py:153} INFO - Started process (PID=217) to work on /home/airflow/.local/lib/python3.7/site-packages/airflow/example_dags/example_complex.py
[2023-04-17T12:12:33.070+0000] {processor.py:743} INFO - Processing file /home/airflow/.local/lib/python3.7/site-packages/airflow/example_dags/example_complex.py for tasks to queue
[2023-04-17T12:12:33.071+0000] {logging_mixin.py:137} INFO - [2023-04-17T12:12:33.071+0000] {dagbag.py:532} INFO - Filling up the DagBag from /home/airflow/.local/lib/python3.7/site-packages/airflow/example_dags/example_complex.py
[2023-04-17T12:12:33.083+0000] {logging_mixin.py:137} INFO - [2023-04-17T12:12:33.083+0000] {taskmixin.py:211} WARNING - Dependency <Task(BashOperator): create_entry_group>, delete_entry_group already registered for DAG: example_complex
[2023-04-17T12:12:33.083+0000] {logging_mixin.py:137} INFO - [2023-04-17T12:12:33.083+0000] {taskmixin.py:211} WARNING - Dependency <Task(BashOperator): delete_entry_group>, create_entry_group already registered for DAG: example_complex
[2023-04-17T12:12:33.083+0000] {logging_mixin.py:137} INFO - [2023-04-17T12:12:33.083+0000] {taskmixin.py:211} WARNING - Dependency <Task(BashOperator): create_entry_gcs>, delete_entry already registered for DAG: example_complex
[2023-04-17T12:12:33.083+0000] {logging_mixin.py:137} INFO - [2023-04-17T12:12:33.083+0000] {taskmixin.py:211} WARNING - Dependency <Task(BashOperator): delete_entry>, create_entry_gcs already registered for DAG: example_complex
[2023-04-17T12:12:33.084+0000] {logging_mixin.py:137} INFO - [2023-04-17T12:12:33.084+0000] {taskmixin.py:211} WARNING - Dependency <Task(BashOperator): create_tag>, delete_tag already registered for DAG: example_complex
[2023-04-17T12:12:33.084+0000] {logging_mixin.py:137} INFO - [2023-04-17T12:12:33.084+0000] {taskmixin.py:211} WARNING - Dependency <Task(BashOperator): delete_tag>, create_tag already registered for DAG: example_complex
[2023-04-17T12:12:33.091+0000] {processor.py:753} INFO - DAG(s) dict_keys(['example_complex']) retrieved from /home/airflow/.local/lib/python3.7/site-packages/airflow/example_dags/example_complex.py
[2023-04-17T12:12:33.125+0000] {logging_mixin.py:137} INFO - [2023-04-17T12:12:33.125+0000] {dag.py:2705} INFO - Sync 1 DAGs
[2023-04-17T12:12:33.149+0000] {logging_mixin.py:137} INFO - [2023-04-17T12:12:33.149+0000] {dag.py:3456} INFO - Setting next_dagrun for example_complex to None, run_after=None
[2023-04-17T12:12:33.168+0000] {processor.py:175} INFO - Processing /home/airflow/.local/lib/python3.7/site-packages/airflow/example_dags/example_complex.py took 0.102 seconds
[2023-04-17T12:13:03.497+0000] {processor.py:153} INFO - Started process (PID=267) to work on /home/airflow/.local/lib/python3.7/site-packages/airflow/example_dags/example_complex.py
[2023-04-17T12:13:03.498+0000] {processor.py:743} INFO - Processing file /home/airflow/.local/lib/python3.7/site-packages/airflow/example_dags/example_complex.py for tasks to queue
[2023-04-17T12:13:03.499+0000] {logging_mixin.py:137} INFO - [2023-04-17T12:13:03.499+0000] {dagbag.py:532} INFO - Filling up the DagBag from /home/airflow/.local/lib/python3.7/site-packages/airflow/example_dags/example_complex.py
[2023-04-17T12:13:03.511+0000] {logging_mixin.py:137} INFO - [2023-04-17T12:13:03.510+0000] {taskmixin.py:211} WARNING - Dependency <Task(BashOperator): create_entry_group>, delete_entry_group already registered for DAG: example_complex
[2023-04-17T12:13:03.511+0000] {logging_mixin.py:137} INFO - [2023-04-17T12:13:03.511+0000] {taskmixin.py:211} WARNING - Dependency <Task(BashOperator): delete_entry_group>, create_entry_group already registered for DAG: example_complex
[2023-04-17T12:13:03.511+0000] {logging_mixin.py:137} INFO - [2023-04-17T12:13:03.511+0000] {taskmixin.py:211} WARNING - Dependency <Task(BashOperator): create_entry_gcs>, delete_entry already registered for DAG: example_complex
[2023-04-17T12:13:03.511+0000] {logging_mixin.py:137} INFO - [2023-04-17T12:13:03.511+0000] {taskmixin.py:211} WARNING - Dependency <Task(BashOperator): delete_entry>, create_entry_gcs already registered for DAG: example_complex
[2023-04-17T12:13:03.511+0000] {logging_mixin.py:137} INFO - [2023-04-17T12:13:03.511+0000] {taskmixin.py:211} WARNING - Dependency <Task(BashOperator): create_tag>, delete_tag already registered for DAG: example_complex
[2023-04-17T12:13:03.511+0000] {logging_mixin.py:137} INFO - [2023-04-17T12:13:03.511+0000] {taskmixin.py:211} WARNING - Dependency <Task(BashOperator): delete_tag>, create_tag already registered for DAG: example_complex
[2023-04-17T12:13:03.518+0000] {processor.py:753} INFO - DAG(s) dict_keys(['example_complex']) retrieved from /home/airflow/.local/lib/python3.7/site-packages/airflow/example_dags/example_complex.py
[2023-04-17T12:13:03.552+0000] {logging_mixin.py:137} INFO - [2023-04-17T12:13:03.552+0000] {dag.py:2705} INFO - Sync 1 DAGs
[2023-04-17T12:13:03.577+0000] {logging_mixin.py:137} INFO - [2023-04-17T12:13:03.577+0000] {dag.py:3456} INFO - Setting next_dagrun for example_complex to None, run_after=None
[2023-04-17T12:13:03.594+0000] {processor.py:175} INFO - Processing /home/airflow/.local/lib/python3.7/site-packages/airflow/example_dags/example_complex.py took 0.100 seconds
[2023-04-17T12:13:33.828+0000] {processor.py:153} INFO - Started process (PID=317) to work on /home/airflow/.local/lib/python3.7/site-packages/airflow/example_dags/example_complex.py
[2023-04-17T12:13:33.829+0000] {processor.py:743} INFO - Processing file /home/airflow/.local/lib/python3.7/site-packages/airflow/example_dags/example_complex.py for tasks to queue
[2023-04-17T12:13:33.829+0000] {logging_mixin.py:137} INFO - [2023-04-17T12:13:33.829+0000] {dagbag.py:532} INFO - Filling up the DagBag from /home/airflow/.local/lib/python3.7/site-packages/airflow/example_dags/example_complex.py
[2023-04-17T12:13:33.840+0000] {logging_mixin.py:137} INFO - [2023-04-17T12:13:33.840+0000] {taskmixin.py:211} WARNING - Dependency <Task(BashOperator): create_entry_group>, delete_entry_group already registered for DAG: example_complex
[2023-04-17T12:13:33.840+0000] {logging_mixin.py:137} INFO - [2023-04-17T12:13:33.840+0000] {taskmixin.py:211} WARNING - Dependency <Task(BashOperator): delete_entry_group>, create_entry_group already registered for DAG: example_complex
[2023-04-17T12:13:33.841+0000] {logging_mixin.py:137} INFO - [2023-04-17T12:13:33.841+0000] {taskmixin.py:211} WARNING - Dependency <Task(BashOperator): create_entry_gcs>, delete_entry already registered for DAG: example_complex
[2023-04-17T12:13:33.841+0000] {logging_mixin.py:137} INFO - [2023-04-17T12:13:33.841+0000] {taskmixin.py:211} WARNING - Dependency <Task(BashOperator): delete_entry>, create_entry_gcs already registered for DAG: example_complex
[2023-04-17T12:13:33.841+0000] {logging_mixin.py:137} INFO - [2023-04-17T12:13:33.841+0000] {taskmixin.py:211} WARNING - Dependency <Task(BashOperator): create_tag>, delete_tag already registered for DAG: example_complex
[2023-04-17T12:13:33.841+0000] {logging_mixin.py:137} INFO - [2023-04-17T12:13:33.841+0000] {taskmixin.py:211} WARNING - Dependency <Task(BashOperator): delete_tag>, create_tag already registered for DAG: example_complex
[2023-04-17T12:13:33.848+0000] {processor.py:753} INFO - DAG(s) dict_keys(['example_complex']) retrieved from /home/airflow/.local/lib/python3.7/site-packages/airflow/example_dags/example_complex.py
[2023-04-17T12:13:33.882+0000] {logging_mixin.py:137} INFO - [2023-04-17T12:13:33.882+0000] {dag.py:2705} INFO - Sync 1 DAGs
[2023-04-17T12:13:33.907+0000] {logging_mixin.py:137} INFO - [2023-04-17T12:13:33.907+0000] {dag.py:3456} INFO - Setting next_dagrun for example_complex to None, run_after=None
[2023-04-17T12:13:33.925+0000] {processor.py:175} INFO - Processing /home/airflow/.local/lib/python3.7/site-packages/airflow/example_dags/example_complex.py took 0.101 seconds
