[2023-04-17T12:10:53.658+0000] {processor.py:153} INFO - Started process (PID=49) to work on /home/airflow/.local/lib/python3.7/site-packages/airflow/example_dags/example_xcom.py
[2023-04-17T12:10:53.659+0000] {processor.py:743} INFO - Processing file /home/airflow/.local/lib/python3.7/site-packages/airflow/example_dags/example_xcom.py for tasks to queue
[2023-04-17T12:10:53.660+0000] {logging_mixin.py:137} INFO - [2023-04-17T12:10:53.660+0000] {dagbag.py:532} INFO - Filling up the DagBag from /home/airflow/.local/lib/python3.7/site-packages/airflow/example_dags/example_xcom.py
[2023-04-17T12:10:53.884+0000] {processor.py:753} INFO - DAG(s) dict_keys(['example_xcom']) retrieved from /home/airflow/.local/lib/python3.7/site-packages/airflow/example_dags/example_xcom.py
[2023-04-17T12:10:54.070+0000] {logging_mixin.py:137} INFO - [2023-04-17T12:10:54.070+0000] {dag.py:2705} INFO - Sync 1 DAGs
[2023-04-17T12:10:54.230+0000] {logging_mixin.py:137} INFO - [2023-04-17T12:10:54.230+0000] {dag.py:3456} INFO - Setting next_dagrun for example_xcom to 2021-01-01T00:00:00+00:00, run_after=2021-01-01T00:00:00+00:00
[2023-04-17T12:10:54.318+0000] {processor.py:175} INFO - Processing /home/airflow/.local/lib/python3.7/site-packages/airflow/example_dags/example_xcom.py took 0.679 seconds
[2023-04-17T12:11:24.589+0000] {processor.py:153} INFO - Started process (PID=99) to work on /home/airflow/.local/lib/python3.7/site-packages/airflow/example_dags/example_xcom.py
[2023-04-17T12:11:24.594+0000] {processor.py:743} INFO - Processing file /home/airflow/.local/lib/python3.7/site-packages/airflow/example_dags/example_xcom.py for tasks to queue
[2023-04-17T12:11:24.595+0000] {logging_mixin.py:137} INFO - [2023-04-17T12:11:24.595+0000] {dagbag.py:532} INFO - Filling up the DagBag from /home/airflow/.local/lib/python3.7/site-packages/airflow/example_dags/example_xcom.py
[2023-04-17T12:11:24.724+0000] {processor.py:753} INFO - DAG(s) dict_keys(['example_xcom']) retrieved from /home/airflow/.local/lib/python3.7/site-packages/airflow/example_dags/example_xcom.py
[2023-04-17T12:11:24.776+0000] {logging_mixin.py:137} INFO - [2023-04-17T12:11:24.776+0000] {dag.py:2705} INFO - Sync 1 DAGs
[2023-04-17T12:11:24.835+0000] {logging_mixin.py:137} INFO - [2023-04-17T12:11:24.834+0000] {dag.py:3456} INFO - Setting next_dagrun for example_xcom to 2021-01-01T00:00:00+00:00, run_after=2021-01-01T00:00:00+00:00
[2023-04-17T12:11:24.877+0000] {processor.py:175} INFO - Processing /home/airflow/.local/lib/python3.7/site-packages/airflow/example_dags/example_xcom.py took 0.292 seconds
[2023-04-17T12:11:55.057+0000] {processor.py:153} INFO - Started process (PID=149) to work on /home/airflow/.local/lib/python3.7/site-packages/airflow/example_dags/example_xcom.py
[2023-04-17T12:11:55.058+0000] {processor.py:743} INFO - Processing file /home/airflow/.local/lib/python3.7/site-packages/airflow/example_dags/example_xcom.py for tasks to queue
[2023-04-17T12:11:55.058+0000] {logging_mixin.py:137} INFO - [2023-04-17T12:11:55.058+0000] {dagbag.py:532} INFO - Filling up the DagBag from /home/airflow/.local/lib/python3.7/site-packages/airflow/example_dags/example_xcom.py
[2023-04-17T12:11:55.089+0000] {processor.py:753} INFO - DAG(s) dict_keys(['example_xcom']) retrieved from /home/airflow/.local/lib/python3.7/site-packages/airflow/example_dags/example_xcom.py
[2023-04-17T12:11:55.154+0000] {logging_mixin.py:137} INFO - [2023-04-17T12:11:55.154+0000] {dag.py:2705} INFO - Sync 1 DAGs
[2023-04-17T12:11:55.195+0000] {logging_mixin.py:137} INFO - [2023-04-17T12:11:55.195+0000] {dag.py:3456} INFO - Setting next_dagrun for example_xcom to 2021-01-01T00:00:00+00:00, run_after=2021-01-01T00:00:00+00:00
[2023-04-17T12:11:55.216+0000] {processor.py:175} INFO - Processing /home/airflow/.local/lib/python3.7/site-packages/airflow/example_dags/example_xcom.py took 0.163 seconds
[2023-04-17T12:12:25.810+0000] {processor.py:153} INFO - Started process (PID=198) to work on /home/airflow/.local/lib/python3.7/site-packages/airflow/example_dags/example_xcom.py
[2023-04-17T12:12:25.811+0000] {processor.py:743} INFO - Processing file /home/airflow/.local/lib/python3.7/site-packages/airflow/example_dags/example_xcom.py for tasks to queue
[2023-04-17T12:12:25.812+0000] {logging_mixin.py:137} INFO - [2023-04-17T12:12:25.811+0000] {dagbag.py:532} INFO - Filling up the DagBag from /home/airflow/.local/lib/python3.7/site-packages/airflow/example_dags/example_xcom.py
[2023-04-17T12:12:25.845+0000] {processor.py:753} INFO - DAG(s) dict_keys(['example_xcom']) retrieved from /home/airflow/.local/lib/python3.7/site-packages/airflow/example_dags/example_xcom.py
[2023-04-17T12:12:25.883+0000] {logging_mixin.py:137} INFO - [2023-04-17T12:12:25.883+0000] {dag.py:2705} INFO - Sync 1 DAGs
[2023-04-17T12:12:25.922+0000] {logging_mixin.py:137} INFO - [2023-04-17T12:12:25.922+0000] {dag.py:3456} INFO - Setting next_dagrun for example_xcom to 2021-01-01T00:00:00+00:00, run_after=2021-01-01T00:00:00+00:00
[2023-04-17T12:12:25.946+0000] {processor.py:175} INFO - Processing /home/airflow/.local/lib/python3.7/site-packages/airflow/example_dags/example_xcom.py took 0.141 seconds
[2023-04-17T12:12:56.307+0000] {processor.py:153} INFO - Started process (PID=248) to work on /home/airflow/.local/lib/python3.7/site-packages/airflow/example_dags/example_xcom.py
[2023-04-17T12:12:56.308+0000] {processor.py:743} INFO - Processing file /home/airflow/.local/lib/python3.7/site-packages/airflow/example_dags/example_xcom.py for tasks to queue
[2023-04-17T12:12:56.308+0000] {logging_mixin.py:137} INFO - [2023-04-17T12:12:56.308+0000] {dagbag.py:532} INFO - Filling up the DagBag from /home/airflow/.local/lib/python3.7/site-packages/airflow/example_dags/example_xcom.py
[2023-04-17T12:12:56.331+0000] {processor.py:753} INFO - DAG(s) dict_keys(['example_xcom']) retrieved from /home/airflow/.local/lib/python3.7/site-packages/airflow/example_dags/example_xcom.py
[2023-04-17T12:12:56.355+0000] {logging_mixin.py:137} INFO - [2023-04-17T12:12:56.355+0000] {dag.py:2705} INFO - Sync 1 DAGs
[2023-04-17T12:12:56.379+0000] {logging_mixin.py:137} INFO - [2023-04-17T12:12:56.379+0000] {dag.py:3456} INFO - Setting next_dagrun for example_xcom to 2021-01-01T00:00:00+00:00, run_after=2021-01-01T00:00:00+00:00
[2023-04-17T12:12:56.395+0000] {processor.py:175} INFO - Processing /home/airflow/.local/lib/python3.7/site-packages/airflow/example_dags/example_xcom.py took 0.091 seconds
[2023-04-17T12:13:26.607+0000] {processor.py:153} INFO - Started process (PID=298) to work on /home/airflow/.local/lib/python3.7/site-packages/airflow/example_dags/example_xcom.py
[2023-04-17T12:13:26.608+0000] {processor.py:743} INFO - Processing file /home/airflow/.local/lib/python3.7/site-packages/airflow/example_dags/example_xcom.py for tasks to queue
[2023-04-17T12:13:26.608+0000] {logging_mixin.py:137} INFO - [2023-04-17T12:13:26.608+0000] {dagbag.py:532} INFO - Filling up the DagBag from /home/airflow/.local/lib/python3.7/site-packages/airflow/example_dags/example_xcom.py
[2023-04-17T12:13:26.631+0000] {processor.py:753} INFO - DAG(s) dict_keys(['example_xcom']) retrieved from /home/airflow/.local/lib/python3.7/site-packages/airflow/example_dags/example_xcom.py
[2023-04-17T12:13:26.655+0000] {logging_mixin.py:137} INFO - [2023-04-17T12:13:26.655+0000] {dag.py:2705} INFO - Sync 1 DAGs
[2023-04-17T12:13:26.679+0000] {logging_mixin.py:137} INFO - [2023-04-17T12:13:26.679+0000] {dag.py:3456} INFO - Setting next_dagrun for example_xcom to 2021-01-01T00:00:00+00:00, run_after=2021-01-01T00:00:00+00:00
[2023-04-17T12:13:26.695+0000] {processor.py:175} INFO - Processing /home/airflow/.local/lib/python3.7/site-packages/airflow/example_dags/example_xcom.py took 0.091 seconds
