[2023-04-17T12:11:01.059+0000] {processor.py:153} INFO - Started process (PID=69) to work on /home/airflow/.local/lib/python3.7/site-packages/airflow/example_dags/example_xcomargs.py
[2023-04-17T12:11:01.060+0000] {processor.py:743} INFO - Processing file /home/airflow/.local/lib/python3.7/site-packages/airflow/example_dags/example_xcomargs.py for tasks to queue
[2023-04-17T12:11:01.061+0000] {logging_mixin.py:137} INFO - [2023-04-17T12:11:01.060+0000] {dagbag.py:532} INFO - Filling up the DagBag from /home/airflow/.local/lib/python3.7/site-packages/airflow/example_dags/example_xcomargs.py
[2023-04-17T12:11:01.212+0000] {processor.py:753} INFO - DAG(s) dict_keys(['example_xcom_args_with_operators', 'example_xcom_args']) retrieved from /home/airflow/.local/lib/python3.7/site-packages/airflow/example_dags/example_xcomargs.py
[2023-04-17T12:11:01.370+0000] {logging_mixin.py:137} INFO - [2023-04-17T12:11:01.370+0000] {dag.py:2705} INFO - Sync 2 DAGs
[2023-04-17T12:11:01.494+0000] {logging_mixin.py:137} INFO - [2023-04-17T12:11:01.493+0000] {dag.py:3456} INFO - Setting next_dagrun for example_xcom_args to None, run_after=None
[2023-04-17T12:11:01.506+0000] {logging_mixin.py:137} INFO - [2023-04-17T12:11:01.506+0000] {dag.py:3456} INFO - Setting next_dagrun for example_xcom_args_with_operators to None, run_after=None
[2023-04-17T12:11:01.595+0000] {processor.py:175} INFO - Processing /home/airflow/.local/lib/python3.7/site-packages/airflow/example_dags/example_xcomargs.py took 0.549 seconds
[2023-04-17T12:11:32.066+0000] {processor.py:153} INFO - Started process (PID=119) to work on /home/airflow/.local/lib/python3.7/site-packages/airflow/example_dags/example_xcomargs.py
[2023-04-17T12:11:32.067+0000] {processor.py:743} INFO - Processing file /home/airflow/.local/lib/python3.7/site-packages/airflow/example_dags/example_xcomargs.py for tasks to queue
[2023-04-17T12:11:32.068+0000] {logging_mixin.py:137} INFO - [2023-04-17T12:11:32.067+0000] {dagbag.py:532} INFO - Filling up the DagBag from /home/airflow/.local/lib/python3.7/site-packages/airflow/example_dags/example_xcomargs.py
[2023-04-17T12:11:32.190+0000] {processor.py:753} INFO - DAG(s) dict_keys(['example_xcom_args', 'example_xcom_args_with_operators']) retrieved from /home/airflow/.local/lib/python3.7/site-packages/airflow/example_dags/example_xcomargs.py
[2023-04-17T12:11:32.393+0000] {logging_mixin.py:137} INFO - [2023-04-17T12:11:32.391+0000] {dag.py:2705} INFO - Sync 2 DAGs
[2023-04-17T12:11:32.550+0000] {logging_mixin.py:137} INFO - [2023-04-17T12:11:32.550+0000] {dag.py:3456} INFO - Setting next_dagrun for example_xcom_args to None, run_after=None
[2023-04-17T12:11:32.564+0000] {logging_mixin.py:137} INFO - [2023-04-17T12:11:32.564+0000] {dag.py:3456} INFO - Setting next_dagrun for example_xcom_args_with_operators to None, run_after=None
[2023-04-17T12:11:32.681+0000] {processor.py:175} INFO - Processing /home/airflow/.local/lib/python3.7/site-packages/airflow/example_dags/example_xcomargs.py took 0.619 seconds
[2023-04-17T12:12:03.496+0000] {processor.py:153} INFO - Started process (PID=169) to work on /home/airflow/.local/lib/python3.7/site-packages/airflow/example_dags/example_xcomargs.py
[2023-04-17T12:12:03.497+0000] {processor.py:743} INFO - Processing file /home/airflow/.local/lib/python3.7/site-packages/airflow/example_dags/example_xcomargs.py for tasks to queue
[2023-04-17T12:12:03.498+0000] {logging_mixin.py:137} INFO - [2023-04-17T12:12:03.498+0000] {dagbag.py:532} INFO - Filling up the DagBag from /home/airflow/.local/lib/python3.7/site-packages/airflow/example_dags/example_xcomargs.py
[2023-04-17T12:12:03.534+0000] {processor.py:753} INFO - DAG(s) dict_keys(['example_xcom_args', 'example_xcom_args_with_operators']) retrieved from /home/airflow/.local/lib/python3.7/site-packages/airflow/example_dags/example_xcomargs.py
[2023-04-17T12:12:03.580+0000] {logging_mixin.py:137} INFO - [2023-04-17T12:12:03.580+0000] {dag.py:2705} INFO - Sync 2 DAGs
[2023-04-17T12:12:03.621+0000] {logging_mixin.py:137} INFO - [2023-04-17T12:12:03.621+0000] {dag.py:3456} INFO - Setting next_dagrun for example_xcom_args to None, run_after=None
[2023-04-17T12:12:03.626+0000] {logging_mixin.py:137} INFO - [2023-04-17T12:12:03.626+0000] {dag.py:3456} INFO - Setting next_dagrun for example_xcom_args_with_operators to None, run_after=None
[2023-04-17T12:12:03.646+0000] {processor.py:175} INFO - Processing /home/airflow/.local/lib/python3.7/site-packages/airflow/example_dags/example_xcomargs.py took 0.156 seconds
[2023-04-17T12:12:34.180+0000] {processor.py:153} INFO - Started process (PID=218) to work on /home/airflow/.local/lib/python3.7/site-packages/airflow/example_dags/example_xcomargs.py
[2023-04-17T12:12:34.181+0000] {processor.py:743} INFO - Processing file /home/airflow/.local/lib/python3.7/site-packages/airflow/example_dags/example_xcomargs.py for tasks to queue
[2023-04-17T12:12:34.182+0000] {logging_mixin.py:137} INFO - [2023-04-17T12:12:34.182+0000] {dagbag.py:532} INFO - Filling up the DagBag from /home/airflow/.local/lib/python3.7/site-packages/airflow/example_dags/example_xcomargs.py
[2023-04-17T12:12:34.219+0000] {processor.py:753} INFO - DAG(s) dict_keys(['example_xcom_args_with_operators', 'example_xcom_args']) retrieved from /home/airflow/.local/lib/python3.7/site-packages/airflow/example_dags/example_xcomargs.py
[2023-04-17T12:12:34.259+0000] {logging_mixin.py:137} INFO - [2023-04-17T12:12:34.259+0000] {dag.py:2705} INFO - Sync 2 DAGs
[2023-04-17T12:12:34.297+0000] {logging_mixin.py:137} INFO - [2023-04-17T12:12:34.296+0000] {dag.py:3456} INFO - Setting next_dagrun for example_xcom_args to None, run_after=None
[2023-04-17T12:12:34.301+0000] {logging_mixin.py:137} INFO - [2023-04-17T12:12:34.301+0000] {dag.py:3456} INFO - Setting next_dagrun for example_xcom_args_with_operators to None, run_after=None
[2023-04-17T12:12:34.322+0000] {processor.py:175} INFO - Processing /home/airflow/.local/lib/python3.7/site-packages/airflow/example_dags/example_xcomargs.py took 0.146 seconds
[2023-04-17T12:13:04.613+0000] {processor.py:153} INFO - Started process (PID=268) to work on /home/airflow/.local/lib/python3.7/site-packages/airflow/example_dags/example_xcomargs.py
[2023-04-17T12:13:04.614+0000] {processor.py:743} INFO - Processing file /home/airflow/.local/lib/python3.7/site-packages/airflow/example_dags/example_xcomargs.py for tasks to queue
[2023-04-17T12:13:04.615+0000] {logging_mixin.py:137} INFO - [2023-04-17T12:13:04.615+0000] {dagbag.py:532} INFO - Filling up the DagBag from /home/airflow/.local/lib/python3.7/site-packages/airflow/example_dags/example_xcomargs.py
[2023-04-17T12:13:04.651+0000] {processor.py:753} INFO - DAG(s) dict_keys(['example_xcom_args', 'example_xcom_args_with_operators']) retrieved from /home/airflow/.local/lib/python3.7/site-packages/airflow/example_dags/example_xcomargs.py
[2023-04-17T12:13:04.693+0000] {logging_mixin.py:137} INFO - [2023-04-17T12:13:04.693+0000] {dag.py:2705} INFO - Sync 2 DAGs
[2023-04-17T12:13:04.732+0000] {logging_mixin.py:137} INFO - [2023-04-17T12:13:04.732+0000] {dag.py:3456} INFO - Setting next_dagrun for example_xcom_args to None, run_after=None
[2023-04-17T12:13:04.736+0000] {logging_mixin.py:137} INFO - [2023-04-17T12:13:04.736+0000] {dag.py:3456} INFO - Setting next_dagrun for example_xcom_args_with_operators to None, run_after=None
[2023-04-17T12:13:04.759+0000] {processor.py:175} INFO - Processing /home/airflow/.local/lib/python3.7/site-packages/airflow/example_dags/example_xcomargs.py took 0.150 seconds
[2023-04-17T12:13:34.945+0000] {processor.py:153} INFO - Started process (PID=318) to work on /home/airflow/.local/lib/python3.7/site-packages/airflow/example_dags/example_xcomargs.py
[2023-04-17T12:13:34.946+0000] {processor.py:743} INFO - Processing file /home/airflow/.local/lib/python3.7/site-packages/airflow/example_dags/example_xcomargs.py for tasks to queue
[2023-04-17T12:13:34.947+0000] {logging_mixin.py:137} INFO - [2023-04-17T12:13:34.947+0000] {dagbag.py:532} INFO - Filling up the DagBag from /home/airflow/.local/lib/python3.7/site-packages/airflow/example_dags/example_xcomargs.py
[2023-04-17T12:13:34.985+0000] {processor.py:753} INFO - DAG(s) dict_keys(['example_xcom_args', 'example_xcom_args_with_operators']) retrieved from /home/airflow/.local/lib/python3.7/site-packages/airflow/example_dags/example_xcomargs.py
[2023-04-17T12:13:35.028+0000] {logging_mixin.py:137} INFO - [2023-04-17T12:13:35.028+0000] {dag.py:2705} INFO - Sync 2 DAGs
[2023-04-17T12:13:35.066+0000] {logging_mixin.py:137} INFO - [2023-04-17T12:13:35.066+0000] {dag.py:3456} INFO - Setting next_dagrun for example_xcom_args to None, run_after=None
[2023-04-17T12:13:35.070+0000] {logging_mixin.py:137} INFO - [2023-04-17T12:13:35.070+0000] {dag.py:3456} INFO - Setting next_dagrun for example_xcom_args_with_operators to None, run_after=None
[2023-04-17T12:13:35.090+0000] {processor.py:175} INFO - Processing /home/airflow/.local/lib/python3.7/site-packages/airflow/example_dags/example_xcomargs.py took 0.150 seconds
