[2023-04-17T12:11:02.677+0000] {processor.py:153} INFO - Started process (PID=75) to work on /home/airflow/.local/lib/python3.7/site-packages/airflow/example_dags/example_local_kubernetes_executor.py
[2023-04-17T12:11:02.678+0000] {processor.py:743} INFO - Processing file /home/airflow/.local/lib/python3.7/site-packages/airflow/example_dags/example_local_kubernetes_executor.py for tasks to queue
[2023-04-17T12:11:02.679+0000] {logging_mixin.py:137} INFO - [2023-04-17T12:11:02.679+0000] {dagbag.py:532} INFO - Filling up the DagBag from /home/airflow/.local/lib/python3.7/site-packages/airflow/example_dags/example_local_kubernetes_executor.py
[2023-04-17T12:11:02.776+0000] {processor.py:753} INFO - DAG(s) dict_keys(['example_local_kubernetes_executor']) retrieved from /home/airflow/.local/lib/python3.7/site-packages/airflow/example_dags/example_local_kubernetes_executor.py
[2023-04-17T12:11:02.854+0000] {logging_mixin.py:137} INFO - [2023-04-17T12:11:02.854+0000] {dag.py:2705} INFO - Sync 1 DAGs
[2023-04-17T12:11:02.978+0000] {logging_mixin.py:137} INFO - [2023-04-17T12:11:02.978+0000] {dag.py:3456} INFO - Setting next_dagrun for example_local_kubernetes_executor to None, run_after=None
[2023-04-17T12:11:03.040+0000] {processor.py:175} INFO - Processing /home/airflow/.local/lib/python3.7/site-packages/airflow/example_dags/example_local_kubernetes_executor.py took 0.367 seconds
[2023-04-17T12:11:33.134+0000] {processor.py:153} INFO - Started process (PID=124) to work on /home/airflow/.local/lib/python3.7/site-packages/airflow/example_dags/example_local_kubernetes_executor.py
[2023-04-17T12:11:33.135+0000] {processor.py:743} INFO - Processing file /home/airflow/.local/lib/python3.7/site-packages/airflow/example_dags/example_local_kubernetes_executor.py for tasks to queue
[2023-04-17T12:11:33.136+0000] {logging_mixin.py:137} INFO - [2023-04-17T12:11:33.136+0000] {dagbag.py:532} INFO - Filling up the DagBag from /home/airflow/.local/lib/python3.7/site-packages/airflow/example_dags/example_local_kubernetes_executor.py
[2023-04-17T12:11:33.240+0000] {processor.py:753} INFO - DAG(s) dict_keys(['example_local_kubernetes_executor']) retrieved from /home/airflow/.local/lib/python3.7/site-packages/airflow/example_dags/example_local_kubernetes_executor.py
[2023-04-17T12:11:33.350+0000] {logging_mixin.py:137} INFO - [2023-04-17T12:11:33.350+0000] {dag.py:2705} INFO - Sync 1 DAGs
[2023-04-17T12:11:33.464+0000] {logging_mixin.py:137} INFO - [2023-04-17T12:11:33.464+0000] {dag.py:3456} INFO - Setting next_dagrun for example_local_kubernetes_executor to None, run_after=None
[2023-04-17T12:11:33.567+0000] {processor.py:175} INFO - Processing /home/airflow/.local/lib/python3.7/site-packages/airflow/example_dags/example_local_kubernetes_executor.py took 0.443 seconds
[2023-04-17T12:12:03.863+0000] {processor.py:153} INFO - Started process (PID=174) to work on /home/airflow/.local/lib/python3.7/site-packages/airflow/example_dags/example_local_kubernetes_executor.py
[2023-04-17T12:12:03.864+0000] {processor.py:743} INFO - Processing file /home/airflow/.local/lib/python3.7/site-packages/airflow/example_dags/example_local_kubernetes_executor.py for tasks to queue
[2023-04-17T12:12:03.865+0000] {logging_mixin.py:137} INFO - [2023-04-17T12:12:03.865+0000] {dagbag.py:532} INFO - Filling up the DagBag from /home/airflow/.local/lib/python3.7/site-packages/airflow/example_dags/example_local_kubernetes_executor.py
[2023-04-17T12:12:03.898+0000] {processor.py:753} INFO - DAG(s) dict_keys(['example_local_kubernetes_executor']) retrieved from /home/airflow/.local/lib/python3.7/site-packages/airflow/example_dags/example_local_kubernetes_executor.py
[2023-04-17T12:12:03.933+0000] {logging_mixin.py:137} INFO - [2023-04-17T12:12:03.933+0000] {dag.py:2705} INFO - Sync 1 DAGs
[2023-04-17T12:12:03.970+0000] {logging_mixin.py:137} INFO - [2023-04-17T12:12:03.970+0000] {dag.py:3456} INFO - Setting next_dagrun for example_local_kubernetes_executor to None, run_after=None
[2023-04-17T12:12:03.993+0000] {processor.py:175} INFO - Processing /home/airflow/.local/lib/python3.7/site-packages/airflow/example_dags/example_local_kubernetes_executor.py took 0.134 seconds
[2023-04-17T12:12:34.655+0000] {processor.py:153} INFO - Started process (PID=223) to work on /home/airflow/.local/lib/python3.7/site-packages/airflow/example_dags/example_local_kubernetes_executor.py
[2023-04-17T12:12:34.656+0000] {processor.py:743} INFO - Processing file /home/airflow/.local/lib/python3.7/site-packages/airflow/example_dags/example_local_kubernetes_executor.py for tasks to queue
[2023-04-17T12:12:34.656+0000] {logging_mixin.py:137} INFO - [2023-04-17T12:12:34.656+0000] {dagbag.py:532} INFO - Filling up the DagBag from /home/airflow/.local/lib/python3.7/site-packages/airflow/example_dags/example_local_kubernetes_executor.py
[2023-04-17T12:12:34.689+0000] {processor.py:753} INFO - DAG(s) dict_keys(['example_local_kubernetes_executor']) retrieved from /home/airflow/.local/lib/python3.7/site-packages/airflow/example_dags/example_local_kubernetes_executor.py
[2023-04-17T12:12:34.736+0000] {logging_mixin.py:137} INFO - [2023-04-17T12:12:34.736+0000] {dag.py:2705} INFO - Sync 1 DAGs
[2023-04-17T12:12:34.765+0000] {logging_mixin.py:137} INFO - [2023-04-17T12:12:34.765+0000] {dag.py:3456} INFO - Setting next_dagrun for example_local_kubernetes_executor to None, run_after=None
[2023-04-17T12:12:34.782+0000] {processor.py:175} INFO - Processing /home/airflow/.local/lib/python3.7/site-packages/airflow/example_dags/example_local_kubernetes_executor.py took 0.131 seconds
[2023-04-17T12:13:05.049+0000] {processor.py:153} INFO - Started process (PID=273) to work on /home/airflow/.local/lib/python3.7/site-packages/airflow/example_dags/example_local_kubernetes_executor.py
[2023-04-17T12:13:05.051+0000] {processor.py:743} INFO - Processing file /home/airflow/.local/lib/python3.7/site-packages/airflow/example_dags/example_local_kubernetes_executor.py for tasks to queue
[2023-04-17T12:13:05.052+0000] {logging_mixin.py:137} INFO - [2023-04-17T12:13:05.052+0000] {dagbag.py:532} INFO - Filling up the DagBag from /home/airflow/.local/lib/python3.7/site-packages/airflow/example_dags/example_local_kubernetes_executor.py
[2023-04-17T12:13:05.087+0000] {processor.py:753} INFO - DAG(s) dict_keys(['example_local_kubernetes_executor']) retrieved from /home/airflow/.local/lib/python3.7/site-packages/airflow/example_dags/example_local_kubernetes_executor.py
[2023-04-17T12:13:05.154+0000] {logging_mixin.py:137} INFO - [2023-04-17T12:13:05.154+0000] {dag.py:2705} INFO - Sync 1 DAGs
[2023-04-17T12:13:05.191+0000] {logging_mixin.py:137} INFO - [2023-04-17T12:13:05.191+0000] {dag.py:3456} INFO - Setting next_dagrun for example_local_kubernetes_executor to None, run_after=None
[2023-04-17T12:13:05.224+0000] {processor.py:175} INFO - Processing /home/airflow/.local/lib/python3.7/site-packages/airflow/example_dags/example_local_kubernetes_executor.py took 0.180 seconds
[2023-04-17T12:13:35.444+0000] {processor.py:153} INFO - Started process (PID=323) to work on /home/airflow/.local/lib/python3.7/site-packages/airflow/example_dags/example_local_kubernetes_executor.py
[2023-04-17T12:13:35.445+0000] {processor.py:743} INFO - Processing file /home/airflow/.local/lib/python3.7/site-packages/airflow/example_dags/example_local_kubernetes_executor.py for tasks to queue
[2023-04-17T12:13:35.446+0000] {logging_mixin.py:137} INFO - [2023-04-17T12:13:35.446+0000] {dagbag.py:532} INFO - Filling up the DagBag from /home/airflow/.local/lib/python3.7/site-packages/airflow/example_dags/example_local_kubernetes_executor.py
[2023-04-17T12:13:35.479+0000] {processor.py:753} INFO - DAG(s) dict_keys(['example_local_kubernetes_executor']) retrieved from /home/airflow/.local/lib/python3.7/site-packages/airflow/example_dags/example_local_kubernetes_executor.py
[2023-04-17T12:13:35.515+0000] {logging_mixin.py:137} INFO - [2023-04-17T12:13:35.514+0000] {dag.py:2705} INFO - Sync 1 DAGs
[2023-04-17T12:13:35.546+0000] {logging_mixin.py:137} INFO - [2023-04-17T12:13:35.546+0000] {dag.py:3456} INFO - Setting next_dagrun for example_local_kubernetes_executor to None, run_after=None
[2023-04-17T12:13:35.562+0000] {processor.py:175} INFO - Processing /home/airflow/.local/lib/python3.7/site-packages/airflow/example_dags/example_local_kubernetes_executor.py took 0.122 seconds
