[2023-04-17T12:11:01.662+0000] {processor.py:153} INFO - Started process (PID=71) to work on /home/airflow/.local/lib/python3.7/site-packages/airflow/example_dags/example_short_circuit_decorator.py
[2023-04-17T12:11:01.663+0000] {processor.py:743} INFO - Processing file /home/airflow/.local/lib/python3.7/site-packages/airflow/example_dags/example_short_circuit_decorator.py for tasks to queue
[2023-04-17T12:11:01.664+0000] {logging_mixin.py:137} INFO - [2023-04-17T12:11:01.664+0000] {dagbag.py:532} INFO - Filling up the DagBag from /home/airflow/.local/lib/python3.7/site-packages/airflow/example_dags/example_short_circuit_decorator.py
[2023-04-17T12:11:01.780+0000] {processor.py:753} INFO - DAG(s) dict_keys(['example_short_circuit_decorator']) retrieved from /home/airflow/.local/lib/python3.7/site-packages/airflow/example_dags/example_short_circuit_decorator.py
[2023-04-17T12:11:01.926+0000] {logging_mixin.py:137} INFO - [2023-04-17T12:11:01.925+0000] {dag.py:2705} INFO - Sync 1 DAGs
[2023-04-17T12:11:02.086+0000] {logging_mixin.py:137} INFO - [2023-04-17T12:11:02.085+0000] {dag.py:3456} INFO - Setting next_dagrun for example_short_circuit_decorator to 2023-04-16T12:11:02.085504+00:00, run_after=2023-04-17T12:11:02.085504+00:00
[2023-04-17T12:11:02.168+0000] {processor.py:175} INFO - Processing /home/airflow/.local/lib/python3.7/site-packages/airflow/example_dags/example_short_circuit_decorator.py took 0.518 seconds
[2023-04-17T12:11:32.737+0000] {processor.py:153} INFO - Started process (PID=121) to work on /home/airflow/.local/lib/python3.7/site-packages/airflow/example_dags/example_short_circuit_decorator.py
[2023-04-17T12:11:32.738+0000] {processor.py:743} INFO - Processing file /home/airflow/.local/lib/python3.7/site-packages/airflow/example_dags/example_short_circuit_decorator.py for tasks to queue
[2023-04-17T12:11:32.739+0000] {logging_mixin.py:137} INFO - [2023-04-17T12:11:32.739+0000] {dagbag.py:532} INFO - Filling up the DagBag from /home/airflow/.local/lib/python3.7/site-packages/airflow/example_dags/example_short_circuit_decorator.py
[2023-04-17T12:11:32.810+0000] {processor.py:753} INFO - DAG(s) dict_keys(['example_short_circuit_decorator']) retrieved from /home/airflow/.local/lib/python3.7/site-packages/airflow/example_dags/example_short_circuit_decorator.py
[2023-04-17T12:11:32.874+0000] {logging_mixin.py:137} INFO - [2023-04-17T12:11:32.874+0000] {dag.py:2705} INFO - Sync 1 DAGs
[2023-04-17T12:11:32.951+0000] {logging_mixin.py:137} INFO - [2023-04-17T12:11:32.950+0000] {dag.py:3456} INFO - Setting next_dagrun for example_short_circuit_decorator to 2023-04-16T12:11:32.950574+00:00, run_after=2023-04-17T12:11:32.950574+00:00
[2023-04-17T12:11:33.017+0000] {processor.py:175} INFO - Processing /home/airflow/.local/lib/python3.7/site-packages/airflow/example_dags/example_short_circuit_decorator.py took 0.284 seconds
[2023-04-17T12:12:03.671+0000] {processor.py:153} INFO - Started process (PID=171) to work on /home/airflow/.local/lib/python3.7/site-packages/airflow/example_dags/example_short_circuit_decorator.py
[2023-04-17T12:12:03.672+0000] {processor.py:743} INFO - Processing file /home/airflow/.local/lib/python3.7/site-packages/airflow/example_dags/example_short_circuit_decorator.py for tasks to queue
[2023-04-17T12:12:03.673+0000] {logging_mixin.py:137} INFO - [2023-04-17T12:12:03.673+0000] {dagbag.py:532} INFO - Filling up the DagBag from /home/airflow/.local/lib/python3.7/site-packages/airflow/example_dags/example_short_circuit_decorator.py
[2023-04-17T12:12:03.710+0000] {processor.py:753} INFO - DAG(s) dict_keys(['example_short_circuit_decorator']) retrieved from /home/airflow/.local/lib/python3.7/site-packages/airflow/example_dags/example_short_circuit_decorator.py
[2023-04-17T12:12:03.747+0000] {logging_mixin.py:137} INFO - [2023-04-17T12:12:03.747+0000] {dag.py:2705} INFO - Sync 1 DAGs
[2023-04-17T12:12:03.786+0000] {logging_mixin.py:137} INFO - [2023-04-17T12:12:03.786+0000] {dag.py:3456} INFO - Setting next_dagrun for example_short_circuit_decorator to 2023-04-16T12:12:03.786054+00:00, run_after=2023-04-17T12:12:03.786054+00:00
[2023-04-17T12:12:03.811+0000] {processor.py:175} INFO - Processing /home/airflow/.local/lib/python3.7/site-packages/airflow/example_dags/example_short_circuit_decorator.py took 0.144 seconds
[2023-04-17T12:12:34.343+0000] {processor.py:153} INFO - Started process (PID=220) to work on /home/airflow/.local/lib/python3.7/site-packages/airflow/example_dags/example_short_circuit_decorator.py
[2023-04-17T12:12:34.344+0000] {processor.py:743} INFO - Processing file /home/airflow/.local/lib/python3.7/site-packages/airflow/example_dags/example_short_circuit_decorator.py for tasks to queue
[2023-04-17T12:12:34.345+0000] {logging_mixin.py:137} INFO - [2023-04-17T12:12:34.345+0000] {dagbag.py:532} INFO - Filling up the DagBag from /home/airflow/.local/lib/python3.7/site-packages/airflow/example_dags/example_short_circuit_decorator.py
[2023-04-17T12:12:34.382+0000] {processor.py:753} INFO - DAG(s) dict_keys(['example_short_circuit_decorator']) retrieved from /home/airflow/.local/lib/python3.7/site-packages/airflow/example_dags/example_short_circuit_decorator.py
[2023-04-17T12:12:34.423+0000] {logging_mixin.py:137} INFO - [2023-04-17T12:12:34.423+0000] {dag.py:2705} INFO - Sync 1 DAGs
[2023-04-17T12:12:34.461+0000] {logging_mixin.py:137} INFO - [2023-04-17T12:12:34.461+0000] {dag.py:3456} INFO - Setting next_dagrun for example_short_circuit_decorator to 2023-04-16T12:12:34.461438+00:00, run_after=2023-04-17T12:12:34.461438+00:00
[2023-04-17T12:12:34.488+0000] {processor.py:175} INFO - Processing /home/airflow/.local/lib/python3.7/site-packages/airflow/example_dags/example_short_circuit_decorator.py took 0.149 seconds
[2023-04-17T12:13:04.773+0000] {processor.py:153} INFO - Started process (PID=270) to work on /home/airflow/.local/lib/python3.7/site-packages/airflow/example_dags/example_short_circuit_decorator.py
[2023-04-17T12:13:04.775+0000] {processor.py:743} INFO - Processing file /home/airflow/.local/lib/python3.7/site-packages/airflow/example_dags/example_short_circuit_decorator.py for tasks to queue
[2023-04-17T12:13:04.775+0000] {logging_mixin.py:137} INFO - [2023-04-17T12:13:04.775+0000] {dagbag.py:532} INFO - Filling up the DagBag from /home/airflow/.local/lib/python3.7/site-packages/airflow/example_dags/example_short_circuit_decorator.py
[2023-04-17T12:13:04.799+0000] {processor.py:753} INFO - DAG(s) dict_keys(['example_short_circuit_decorator']) retrieved from /home/airflow/.local/lib/python3.7/site-packages/airflow/example_dags/example_short_circuit_decorator.py
[2023-04-17T12:13:04.824+0000] {logging_mixin.py:137} INFO - [2023-04-17T12:13:04.824+0000] {dag.py:2705} INFO - Sync 1 DAGs
[2023-04-17T12:13:04.849+0000] {logging_mixin.py:137} INFO - [2023-04-17T12:13:04.849+0000] {dag.py:3456} INFO - Setting next_dagrun for example_short_circuit_decorator to 2023-04-16T12:13:04.848898+00:00, run_after=2023-04-17T12:13:04.848898+00:00
[2023-04-17T12:13:04.871+0000] {processor.py:175} INFO - Processing /home/airflow/.local/lib/python3.7/site-packages/airflow/example_dags/example_short_circuit_decorator.py took 0.101 seconds
[2023-04-17T12:13:35.110+0000] {processor.py:153} INFO - Started process (PID=320) to work on /home/airflow/.local/lib/python3.7/site-packages/airflow/example_dags/example_short_circuit_decorator.py
[2023-04-17T12:13:35.111+0000] {processor.py:743} INFO - Processing file /home/airflow/.local/lib/python3.7/site-packages/airflow/example_dags/example_short_circuit_decorator.py for tasks to queue
[2023-04-17T12:13:35.112+0000] {logging_mixin.py:137} INFO - [2023-04-17T12:13:35.111+0000] {dagbag.py:532} INFO - Filling up the DagBag from /home/airflow/.local/lib/python3.7/site-packages/airflow/example_dags/example_short_circuit_decorator.py
[2023-04-17T12:13:35.135+0000] {processor.py:753} INFO - DAG(s) dict_keys(['example_short_circuit_decorator']) retrieved from /home/airflow/.local/lib/python3.7/site-packages/airflow/example_dags/example_short_circuit_decorator.py
[2023-04-17T12:13:35.161+0000] {logging_mixin.py:137} INFO - [2023-04-17T12:13:35.161+0000] {dag.py:2705} INFO - Sync 1 DAGs
[2023-04-17T12:13:35.185+0000] {logging_mixin.py:137} INFO - [2023-04-17T12:13:35.184+0000] {dag.py:3456} INFO - Setting next_dagrun for example_short_circuit_decorator to 2023-04-16T12:13:35.184737+00:00, run_after=2023-04-17T12:13:35.184737+00:00
[2023-04-17T12:13:35.201+0000] {processor.py:175} INFO - Processing /home/airflow/.local/lib/python3.7/site-packages/airflow/example_dags/example_short_circuit_decorator.py took 0.094 seconds
