[2023-04-17T12:10:55.220+0000] {processor.py:153} INFO - Started process (PID=53) to work on /home/airflow/.local/lib/python3.7/site-packages/airflow/example_dags/example_trigger_target_dag.py
[2023-04-17T12:10:55.221+0000] {processor.py:743} INFO - Processing file /home/airflow/.local/lib/python3.7/site-packages/airflow/example_dags/example_trigger_target_dag.py for tasks to queue
[2023-04-17T12:10:55.239+0000] {logging_mixin.py:137} INFO - [2023-04-17T12:10:55.221+0000] {dagbag.py:532} INFO - Filling up the DagBag from /home/airflow/.local/lib/python3.7/site-packages/airflow/example_dags/example_trigger_target_dag.py
[2023-04-17T12:10:55.393+0000] {processor.py:753} INFO - DAG(s) dict_keys(['example_trigger_target_dag']) retrieved from /home/airflow/.local/lib/python3.7/site-packages/airflow/example_dags/example_trigger_target_dag.py
[2023-04-17T12:10:55.526+0000] {logging_mixin.py:137} INFO - [2023-04-17T12:10:55.526+0000] {dag.py:2705} INFO - Sync 1 DAGs
[2023-04-17T12:10:55.790+0000] {logging_mixin.py:137} INFO - [2023-04-17T12:10:55.776+0000] {dag.py:3456} INFO - Setting next_dagrun for example_trigger_target_dag to None, run_after=None
[2023-04-17T12:10:55.877+0000] {processor.py:175} INFO - Processing /home/airflow/.local/lib/python3.7/site-packages/airflow/example_dags/example_trigger_target_dag.py took 0.662 seconds
[2023-04-17T12:11:25.938+0000] {processor.py:153} INFO - Started process (PID=102) to work on /home/airflow/.local/lib/python3.7/site-packages/airflow/example_dags/example_trigger_target_dag.py
[2023-04-17T12:11:25.939+0000] {processor.py:743} INFO - Processing file /home/airflow/.local/lib/python3.7/site-packages/airflow/example_dags/example_trigger_target_dag.py for tasks to queue
[2023-04-17T12:11:25.939+0000] {logging_mixin.py:137} INFO - [2023-04-17T12:11:25.939+0000] {dagbag.py:532} INFO - Filling up the DagBag from /home/airflow/.local/lib/python3.7/site-packages/airflow/example_dags/example_trigger_target_dag.py
[2023-04-17T12:11:25.970+0000] {processor.py:753} INFO - DAG(s) dict_keys(['example_trigger_target_dag']) retrieved from /home/airflow/.local/lib/python3.7/site-packages/airflow/example_dags/example_trigger_target_dag.py
[2023-04-17T12:11:26.011+0000] {logging_mixin.py:137} INFO - [2023-04-17T12:11:26.011+0000] {dag.py:2705} INFO - Sync 1 DAGs
[2023-04-17T12:11:26.067+0000] {logging_mixin.py:137} INFO - [2023-04-17T12:11:26.067+0000] {dag.py:3456} INFO - Setting next_dagrun for example_trigger_target_dag to None, run_after=None
[2023-04-17T12:11:26.115+0000] {processor.py:175} INFO - Processing /home/airflow/.local/lib/python3.7/site-packages/airflow/example_dags/example_trigger_target_dag.py took 0.181 seconds
[2023-04-17T12:11:56.253+0000] {processor.py:153} INFO - Started process (PID=152) to work on /home/airflow/.local/lib/python3.7/site-packages/airflow/example_dags/example_trigger_target_dag.py
[2023-04-17T12:11:56.254+0000] {processor.py:743} INFO - Processing file /home/airflow/.local/lib/python3.7/site-packages/airflow/example_dags/example_trigger_target_dag.py for tasks to queue
[2023-04-17T12:11:56.256+0000] {logging_mixin.py:137} INFO - [2023-04-17T12:11:56.255+0000] {dagbag.py:532} INFO - Filling up the DagBag from /home/airflow/.local/lib/python3.7/site-packages/airflow/example_dags/example_trigger_target_dag.py
[2023-04-17T12:11:56.285+0000] {processor.py:753} INFO - DAG(s) dict_keys(['example_trigger_target_dag']) retrieved from /home/airflow/.local/lib/python3.7/site-packages/airflow/example_dags/example_trigger_target_dag.py
[2023-04-17T12:11:56.319+0000] {logging_mixin.py:137} INFO - [2023-04-17T12:11:56.319+0000] {dag.py:2705} INFO - Sync 1 DAGs
[2023-04-17T12:11:56.373+0000] {logging_mixin.py:137} INFO - [2023-04-17T12:11:56.373+0000] {dag.py:3456} INFO - Setting next_dagrun for example_trigger_target_dag to None, run_after=None
[2023-04-17T12:11:56.407+0000] {processor.py:175} INFO - Processing /home/airflow/.local/lib/python3.7/site-packages/airflow/example_dags/example_trigger_target_dag.py took 0.158 seconds
[2023-04-17T12:12:27.161+0000] {processor.py:153} INFO - Started process (PID=202) to work on /home/airflow/.local/lib/python3.7/site-packages/airflow/example_dags/example_trigger_target_dag.py
[2023-04-17T12:12:27.161+0000] {processor.py:743} INFO - Processing file /home/airflow/.local/lib/python3.7/site-packages/airflow/example_dags/example_trigger_target_dag.py for tasks to queue
[2023-04-17T12:12:27.162+0000] {logging_mixin.py:137} INFO - [2023-04-17T12:12:27.162+0000] {dagbag.py:532} INFO - Filling up the DagBag from /home/airflow/.local/lib/python3.7/site-packages/airflow/example_dags/example_trigger_target_dag.py
[2023-04-17T12:12:27.189+0000] {processor.py:753} INFO - DAG(s) dict_keys(['example_trigger_target_dag']) retrieved from /home/airflow/.local/lib/python3.7/site-packages/airflow/example_dags/example_trigger_target_dag.py
[2023-04-17T12:12:27.211+0000] {logging_mixin.py:137} INFO - [2023-04-17T12:12:27.211+0000] {dag.py:2705} INFO - Sync 1 DAGs
[2023-04-17T12:12:27.234+0000] {logging_mixin.py:137} INFO - [2023-04-17T12:12:27.234+0000] {dag.py:3456} INFO - Setting next_dagrun for example_trigger_target_dag to None, run_after=None
[2023-04-17T12:12:27.250+0000] {processor.py:175} INFO - Processing /home/airflow/.local/lib/python3.7/site-packages/airflow/example_dags/example_trigger_target_dag.py took 0.094 seconds
[2023-04-17T12:12:57.608+0000] {processor.py:153} INFO - Started process (PID=252) to work on /home/airflow/.local/lib/python3.7/site-packages/airflow/example_dags/example_trigger_target_dag.py
[2023-04-17T12:12:57.609+0000] {processor.py:743} INFO - Processing file /home/airflow/.local/lib/python3.7/site-packages/airflow/example_dags/example_trigger_target_dag.py for tasks to queue
[2023-04-17T12:12:57.610+0000] {logging_mixin.py:137} INFO - [2023-04-17T12:12:57.610+0000] {dagbag.py:532} INFO - Filling up the DagBag from /home/airflow/.local/lib/python3.7/site-packages/airflow/example_dags/example_trigger_target_dag.py
[2023-04-17T12:12:57.637+0000] {processor.py:753} INFO - DAG(s) dict_keys(['example_trigger_target_dag']) retrieved from /home/airflow/.local/lib/python3.7/site-packages/airflow/example_dags/example_trigger_target_dag.py
[2023-04-17T12:12:57.660+0000] {logging_mixin.py:137} INFO - [2023-04-17T12:12:57.659+0000] {dag.py:2705} INFO - Sync 1 DAGs
[2023-04-17T12:12:57.684+0000] {logging_mixin.py:137} INFO - [2023-04-17T12:12:57.684+0000] {dag.py:3456} INFO - Setting next_dagrun for example_trigger_target_dag to None, run_after=None
[2023-04-17T12:12:57.700+0000] {processor.py:175} INFO - Processing /home/airflow/.local/lib/python3.7/site-packages/airflow/example_dags/example_trigger_target_dag.py took 0.096 seconds
[2023-04-17T12:13:27.907+0000] {processor.py:153} INFO - Started process (PID=302) to work on /home/airflow/.local/lib/python3.7/site-packages/airflow/example_dags/example_trigger_target_dag.py
[2023-04-17T12:13:27.908+0000] {processor.py:743} INFO - Processing file /home/airflow/.local/lib/python3.7/site-packages/airflow/example_dags/example_trigger_target_dag.py for tasks to queue
[2023-04-17T12:13:27.909+0000] {logging_mixin.py:137} INFO - [2023-04-17T12:13:27.908+0000] {dagbag.py:532} INFO - Filling up the DagBag from /home/airflow/.local/lib/python3.7/site-packages/airflow/example_dags/example_trigger_target_dag.py
[2023-04-17T12:13:27.938+0000] {processor.py:753} INFO - DAG(s) dict_keys(['example_trigger_target_dag']) retrieved from /home/airflow/.local/lib/python3.7/site-packages/airflow/example_dags/example_trigger_target_dag.py
[2023-04-17T12:13:27.961+0000] {logging_mixin.py:137} INFO - [2023-04-17T12:13:27.961+0000] {dag.py:2705} INFO - Sync 1 DAGs
[2023-04-17T12:13:27.984+0000] {logging_mixin.py:137} INFO - [2023-04-17T12:13:27.984+0000] {dag.py:3456} INFO - Setting next_dagrun for example_trigger_target_dag to None, run_after=None
[2023-04-17T12:13:28.001+0000] {processor.py:175} INFO - Processing /home/airflow/.local/lib/python3.7/site-packages/airflow/example_dags/example_trigger_target_dag.py took 0.098 seconds
