[2023-04-17T12:11:01.347+0000] {processor.py:153} INFO - Started process (PID=70) to work on /home/airflow/.local/lib/python3.7/site-packages/airflow/example_dags/example_branch_operator.py
[2023-04-17T12:11:01.348+0000] {processor.py:743} INFO - Processing file /home/airflow/.local/lib/python3.7/site-packages/airflow/example_dags/example_branch_operator.py for tasks to queue
[2023-04-17T12:11:01.349+0000] {logging_mixin.py:137} INFO - [2023-04-17T12:11:01.349+0000] {dagbag.py:532} INFO - Filling up the DagBag from /home/airflow/.local/lib/python3.7/site-packages/airflow/example_dags/example_branch_operator.py
[2023-04-17T12:11:01.407+0000] {processor.py:753} INFO - DAG(s) dict_keys(['example_branch_operator']) retrieved from /home/airflow/.local/lib/python3.7/site-packages/airflow/example_dags/example_branch_operator.py
[2023-04-17T12:11:01.498+0000] {logging_mixin.py:137} INFO - [2023-04-17T12:11:01.498+0000] {dag.py:2705} INFO - Sync 1 DAGs
[2023-04-17T12:11:01.589+0000] {logging_mixin.py:137} INFO - [2023-04-17T12:11:01.589+0000] {dag.py:3456} INFO - Setting next_dagrun for example_branch_operator to 2023-04-16T00:00:00+00:00, run_after=2023-04-17T00:00:00+00:00
[2023-04-17T12:11:01.687+0000] {processor.py:175} INFO - Processing /home/airflow/.local/lib/python3.7/site-packages/airflow/example_dags/example_branch_operator.py took 0.343 seconds
[2023-04-17T12:11:32.496+0000] {processor.py:153} INFO - Started process (PID=120) to work on /home/airflow/.local/lib/python3.7/site-packages/airflow/example_dags/example_branch_operator.py
[2023-04-17T12:11:32.498+0000] {processor.py:743} INFO - Processing file /home/airflow/.local/lib/python3.7/site-packages/airflow/example_dags/example_branch_operator.py for tasks to queue
[2023-04-17T12:11:32.510+0000] {logging_mixin.py:137} INFO - [2023-04-17T12:11:32.510+0000] {dagbag.py:532} INFO - Filling up the DagBag from /home/airflow/.local/lib/python3.7/site-packages/airflow/example_dags/example_branch_operator.py
[2023-04-17T12:11:32.570+0000] {processor.py:753} INFO - DAG(s) dict_keys(['example_branch_operator']) retrieved from /home/airflow/.local/lib/python3.7/site-packages/airflow/example_dags/example_branch_operator.py
[2023-04-17T12:11:32.695+0000] {logging_mixin.py:137} INFO - [2023-04-17T12:11:32.695+0000] {dag.py:2705} INFO - Sync 1 DAGs
[2023-04-17T12:11:32.750+0000] {logging_mixin.py:137} INFO - [2023-04-17T12:11:32.749+0000] {dag.py:3456} INFO - Setting next_dagrun for example_branch_operator to 2023-04-16T00:00:00+00:00, run_after=2023-04-17T00:00:00+00:00
[2023-04-17T12:11:32.798+0000] {processor.py:175} INFO - Processing /home/airflow/.local/lib/python3.7/site-packages/airflow/example_dags/example_branch_operator.py took 0.310 seconds
[2023-04-17T12:12:03.503+0000] {processor.py:153} INFO - Started process (PID=170) to work on /home/airflow/.local/lib/python3.7/site-packages/airflow/example_dags/example_branch_operator.py
[2023-04-17T12:12:03.504+0000] {processor.py:743} INFO - Processing file /home/airflow/.local/lib/python3.7/site-packages/airflow/example_dags/example_branch_operator.py for tasks to queue
[2023-04-17T12:12:03.505+0000] {logging_mixin.py:137} INFO - [2023-04-17T12:12:03.504+0000] {dagbag.py:532} INFO - Filling up the DagBag from /home/airflow/.local/lib/python3.7/site-packages/airflow/example_dags/example_branch_operator.py
[2023-04-17T12:12:03.549+0000] {processor.py:753} INFO - DAG(s) dict_keys(['example_branch_operator']) retrieved from /home/airflow/.local/lib/python3.7/site-packages/airflow/example_dags/example_branch_operator.py
[2023-04-17T12:12:03.595+0000] {logging_mixin.py:137} INFO - [2023-04-17T12:12:03.594+0000] {dag.py:2705} INFO - Sync 1 DAGs
[2023-04-17T12:12:03.637+0000] {logging_mixin.py:137} INFO - [2023-04-17T12:12:03.637+0000] {dag.py:3456} INFO - Setting next_dagrun for example_branch_operator to 2023-04-16T00:00:00+00:00, run_after=2023-04-17T00:00:00+00:00
[2023-04-17T12:12:03.659+0000] {processor.py:175} INFO - Processing /home/airflow/.local/lib/python3.7/site-packages/airflow/example_dags/example_branch_operator.py took 0.162 seconds
[2023-04-17T12:12:34.193+0000] {processor.py:153} INFO - Started process (PID=219) to work on /home/airflow/.local/lib/python3.7/site-packages/airflow/example_dags/example_branch_operator.py
[2023-04-17T12:12:34.193+0000] {processor.py:743} INFO - Processing file /home/airflow/.local/lib/python3.7/site-packages/airflow/example_dags/example_branch_operator.py for tasks to queue
[2023-04-17T12:12:34.195+0000] {logging_mixin.py:137} INFO - [2023-04-17T12:12:34.195+0000] {dagbag.py:532} INFO - Filling up the DagBag from /home/airflow/.local/lib/python3.7/site-packages/airflow/example_dags/example_branch_operator.py
[2023-04-17T12:12:34.220+0000] {processor.py:753} INFO - DAG(s) dict_keys(['example_branch_operator']) retrieved from /home/airflow/.local/lib/python3.7/site-packages/airflow/example_dags/example_branch_operator.py
[2023-04-17T12:12:34.258+0000] {logging_mixin.py:137} INFO - [2023-04-17T12:12:34.257+0000] {dag.py:2705} INFO - Sync 1 DAGs
[2023-04-17T12:12:34.299+0000] {logging_mixin.py:137} INFO - [2023-04-17T12:12:34.299+0000] {dag.py:3456} INFO - Setting next_dagrun for example_branch_operator to 2023-04-16T00:00:00+00:00, run_after=2023-04-17T00:00:00+00:00
[2023-04-17T12:12:34.322+0000] {processor.py:175} INFO - Processing /home/airflow/.local/lib/python3.7/site-packages/airflow/example_dags/example_branch_operator.py took 0.133 seconds
[2023-04-17T12:13:04.625+0000] {processor.py:153} INFO - Started process (PID=269) to work on /home/airflow/.local/lib/python3.7/site-packages/airflow/example_dags/example_branch_operator.py
[2023-04-17T12:13:04.626+0000] {processor.py:743} INFO - Processing file /home/airflow/.local/lib/python3.7/site-packages/airflow/example_dags/example_branch_operator.py for tasks to queue
[2023-04-17T12:13:04.627+0000] {logging_mixin.py:137} INFO - [2023-04-17T12:13:04.626+0000] {dagbag.py:532} INFO - Filling up the DagBag from /home/airflow/.local/lib/python3.7/site-packages/airflow/example_dags/example_branch_operator.py
[2023-04-17T12:13:04.651+0000] {processor.py:753} INFO - DAG(s) dict_keys(['example_branch_operator']) retrieved from /home/airflow/.local/lib/python3.7/site-packages/airflow/example_dags/example_branch_operator.py
[2023-04-17T12:13:04.690+0000] {logging_mixin.py:137} INFO - [2023-04-17T12:13:04.690+0000] {dag.py:2705} INFO - Sync 1 DAGs
[2023-04-17T12:13:04.732+0000] {logging_mixin.py:137} INFO - [2023-04-17T12:13:04.731+0000] {dag.py:3456} INFO - Setting next_dagrun for example_branch_operator to 2023-04-16T00:00:00+00:00, run_after=2023-04-17T00:00:00+00:00
[2023-04-17T12:13:04.755+0000] {processor.py:175} INFO - Processing /home/airflow/.local/lib/python3.7/site-packages/airflow/example_dags/example_branch_operator.py took 0.134 seconds
[2023-04-17T12:13:34.959+0000] {processor.py:153} INFO - Started process (PID=319) to work on /home/airflow/.local/lib/python3.7/site-packages/airflow/example_dags/example_branch_operator.py
[2023-04-17T12:13:34.959+0000] {processor.py:743} INFO - Processing file /home/airflow/.local/lib/python3.7/site-packages/airflow/example_dags/example_branch_operator.py for tasks to queue
[2023-04-17T12:13:34.960+0000] {logging_mixin.py:137} INFO - [2023-04-17T12:13:34.960+0000] {dagbag.py:532} INFO - Filling up the DagBag from /home/airflow/.local/lib/python3.7/site-packages/airflow/example_dags/example_branch_operator.py
[2023-04-17T12:13:34.986+0000] {processor.py:753} INFO - DAG(s) dict_keys(['example_branch_operator']) retrieved from /home/airflow/.local/lib/python3.7/site-packages/airflow/example_dags/example_branch_operator.py
[2023-04-17T12:13:35.025+0000] {logging_mixin.py:137} INFO - [2023-04-17T12:13:35.025+0000] {dag.py:2705} INFO - Sync 1 DAGs
[2023-04-17T12:13:35.067+0000] {logging_mixin.py:137} INFO - [2023-04-17T12:13:35.067+0000] {dag.py:3456} INFO - Setting next_dagrun for example_branch_operator to 2023-04-16T00:00:00+00:00, run_after=2023-04-17T00:00:00+00:00
[2023-04-17T12:13:35.090+0000] {processor.py:175} INFO - Processing /home/airflow/.local/lib/python3.7/site-packages/airflow/example_dags/example_branch_operator.py took 0.136 seconds
