[2023-04-17T12:10:59.280+0000] {processor.py:153} INFO - Started process (PID=64) to work on /home/airflow/.local/lib/python3.7/site-packages/airflow/example_dags/example_sla_dag.py
[2023-04-17T12:10:59.281+0000] {processor.py:743} INFO - Processing file /home/airflow/.local/lib/python3.7/site-packages/airflow/example_dags/example_sla_dag.py for tasks to queue
[2023-04-17T12:10:59.290+0000] {logging_mixin.py:137} INFO - [2023-04-17T12:10:59.290+0000] {dagbag.py:532} INFO - Filling up the DagBag from /home/airflow/.local/lib/python3.7/site-packages/airflow/example_dags/example_sla_dag.py
[2023-04-17T12:10:59.441+0000] {processor.py:753} INFO - DAG(s) dict_keys(['example_sla_dag']) retrieved from /home/airflow/.local/lib/python3.7/site-packages/airflow/example_dags/example_sla_dag.py
[2023-04-17T12:10:59.561+0000] {logging_mixin.py:137} INFO - [2023-04-17T12:10:59.561+0000] {dag.py:2705} INFO - Sync 1 DAGs
[2023-04-17T12:10:59.712+0000] {logging_mixin.py:137} INFO - [2023-04-17T12:10:59.712+0000] {dag.py:3456} INFO - Setting next_dagrun for example_sla_dag to 2023-04-17T12:08:00+00:00, run_after=2023-04-17T12:10:00+00:00
[2023-04-17T12:10:59.805+0000] {processor.py:175} INFO - Processing /home/airflow/.local/lib/python3.7/site-packages/airflow/example_dags/example_sla_dag.py took 0.553 seconds
[2023-04-17T12:11:29.855+0000] {processor.py:153} INFO - Started process (PID=114) to work on /home/airflow/.local/lib/python3.7/site-packages/airflow/example_dags/example_sla_dag.py
[2023-04-17T12:11:29.856+0000] {processor.py:743} INFO - Processing file /home/airflow/.local/lib/python3.7/site-packages/airflow/example_dags/example_sla_dag.py for tasks to queue
[2023-04-17T12:11:29.856+0000] {logging_mixin.py:137} INFO - [2023-04-17T12:11:29.856+0000] {dagbag.py:532} INFO - Filling up the DagBag from /home/airflow/.local/lib/python3.7/site-packages/airflow/example_dags/example_sla_dag.py
[2023-04-17T12:11:29.879+0000] {processor.py:753} INFO - DAG(s) dict_keys(['example_sla_dag']) retrieved from /home/airflow/.local/lib/python3.7/site-packages/airflow/example_dags/example_sla_dag.py
[2023-04-17T12:11:29.901+0000] {logging_mixin.py:137} INFO - [2023-04-17T12:11:29.901+0000] {dag.py:2705} INFO - Sync 1 DAGs
[2023-04-17T12:11:29.929+0000] {logging_mixin.py:137} INFO - [2023-04-17T12:11:29.929+0000] {dag.py:3456} INFO - Setting next_dagrun for example_sla_dag to 2023-04-17T12:08:00+00:00, run_after=2023-04-17T12:10:00+00:00
[2023-04-17T12:11:29.944+0000] {processor.py:175} INFO - Processing /home/airflow/.local/lib/python3.7/site-packages/airflow/example_dags/example_sla_dag.py took 0.092 seconds
[2023-04-17T12:12:00.059+0000] {processor.py:153} INFO - Started process (PID=164) to work on /home/airflow/.local/lib/python3.7/site-packages/airflow/example_dags/example_sla_dag.py
[2023-04-17T12:12:00.059+0000] {processor.py:743} INFO - Processing file /home/airflow/.local/lib/python3.7/site-packages/airflow/example_dags/example_sla_dag.py for tasks to queue
[2023-04-17T12:12:00.060+0000] {logging_mixin.py:137} INFO - [2023-04-17T12:12:00.060+0000] {dagbag.py:532} INFO - Filling up the DagBag from /home/airflow/.local/lib/python3.7/site-packages/airflow/example_dags/example_sla_dag.py
[2023-04-17T12:12:00.092+0000] {processor.py:753} INFO - DAG(s) dict_keys(['example_sla_dag']) retrieved from /home/airflow/.local/lib/python3.7/site-packages/airflow/example_dags/example_sla_dag.py
[2023-04-17T12:12:00.125+0000] {logging_mixin.py:137} INFO - [2023-04-17T12:12:00.125+0000] {dag.py:2705} INFO - Sync 1 DAGs
[2023-04-17T12:12:00.168+0000] {logging_mixin.py:137} INFO - [2023-04-17T12:12:00.168+0000] {dag.py:3456} INFO - Setting next_dagrun for example_sla_dag to 2023-04-17T12:10:00+00:00, run_after=2023-04-17T12:12:00+00:00
[2023-04-17T12:12:00.197+0000] {processor.py:175} INFO - Processing /home/airflow/.local/lib/python3.7/site-packages/airflow/example_dags/example_sla_dag.py took 0.143 seconds
[2023-04-17T12:12:30.903+0000] {processor.py:153} INFO - Started process (PID=213) to work on /home/airflow/.local/lib/python3.7/site-packages/airflow/example_dags/example_sla_dag.py
[2023-04-17T12:12:30.904+0000] {processor.py:743} INFO - Processing file /home/airflow/.local/lib/python3.7/site-packages/airflow/example_dags/example_sla_dag.py for tasks to queue
[2023-04-17T12:12:30.905+0000] {logging_mixin.py:137} INFO - [2023-04-17T12:12:30.905+0000] {dagbag.py:532} INFO - Filling up the DagBag from /home/airflow/.local/lib/python3.7/site-packages/airflow/example_dags/example_sla_dag.py
[2023-04-17T12:12:30.927+0000] {processor.py:753} INFO - DAG(s) dict_keys(['example_sla_dag']) retrieved from /home/airflow/.local/lib/python3.7/site-packages/airflow/example_dags/example_sla_dag.py
[2023-04-17T12:12:30.948+0000] {logging_mixin.py:137} INFO - [2023-04-17T12:12:30.948+0000] {dag.py:2705} INFO - Sync 1 DAGs
[2023-04-17T12:12:30.975+0000] {logging_mixin.py:137} INFO - [2023-04-17T12:12:30.975+0000] {dag.py:3456} INFO - Setting next_dagrun for example_sla_dag to 2023-04-17T12:10:00+00:00, run_after=2023-04-17T12:12:00+00:00
[2023-04-17T12:12:30.992+0000] {processor.py:175} INFO - Processing /home/airflow/.local/lib/python3.7/site-packages/airflow/example_dags/example_sla_dag.py took 0.093 seconds
[2023-04-17T12:13:01.320+0000] {processor.py:153} INFO - Started process (PID=263) to work on /home/airflow/.local/lib/python3.7/site-packages/airflow/example_dags/example_sla_dag.py
[2023-04-17T12:13:01.321+0000] {processor.py:743} INFO - Processing file /home/airflow/.local/lib/python3.7/site-packages/airflow/example_dags/example_sla_dag.py for tasks to queue
[2023-04-17T12:13:01.322+0000] {logging_mixin.py:137} INFO - [2023-04-17T12:13:01.322+0000] {dagbag.py:532} INFO - Filling up the DagBag from /home/airflow/.local/lib/python3.7/site-packages/airflow/example_dags/example_sla_dag.py
[2023-04-17T12:13:01.346+0000] {processor.py:753} INFO - DAG(s) dict_keys(['example_sla_dag']) retrieved from /home/airflow/.local/lib/python3.7/site-packages/airflow/example_dags/example_sla_dag.py
[2023-04-17T12:13:01.377+0000] {logging_mixin.py:137} INFO - [2023-04-17T12:13:01.377+0000] {dag.py:2705} INFO - Sync 1 DAGs
[2023-04-17T12:13:01.407+0000] {logging_mixin.py:137} INFO - [2023-04-17T12:13:01.407+0000] {dag.py:3456} INFO - Setting next_dagrun for example_sla_dag to 2023-04-17T12:10:00+00:00, run_after=2023-04-17T12:12:00+00:00
[2023-04-17T12:13:01.422+0000] {processor.py:175} INFO - Processing /home/airflow/.local/lib/python3.7/site-packages/airflow/example_dags/example_sla_dag.py took 0.106 seconds
[2023-04-17T12:13:31.650+0000] {processor.py:153} INFO - Started process (PID=313) to work on /home/airflow/.local/lib/python3.7/site-packages/airflow/example_dags/example_sla_dag.py
[2023-04-17T12:13:31.651+0000] {processor.py:743} INFO - Processing file /home/airflow/.local/lib/python3.7/site-packages/airflow/example_dags/example_sla_dag.py for tasks to queue
[2023-04-17T12:13:31.652+0000] {logging_mixin.py:137} INFO - [2023-04-17T12:13:31.652+0000] {dagbag.py:532} INFO - Filling up the DagBag from /home/airflow/.local/lib/python3.7/site-packages/airflow/example_dags/example_sla_dag.py
[2023-04-17T12:13:31.676+0000] {processor.py:753} INFO - DAG(s) dict_keys(['example_sla_dag']) retrieved from /home/airflow/.local/lib/python3.7/site-packages/airflow/example_dags/example_sla_dag.py
[2023-04-17T12:13:31.699+0000] {logging_mixin.py:137} INFO - [2023-04-17T12:13:31.698+0000] {dag.py:2705} INFO - Sync 1 DAGs
[2023-04-17T12:13:31.726+0000] {logging_mixin.py:137} INFO - [2023-04-17T12:13:31.726+0000] {dag.py:3456} INFO - Setting next_dagrun for example_sla_dag to 2023-04-17T12:10:00+00:00, run_after=2023-04-17T12:12:00+00:00
[2023-04-17T12:13:31.742+0000] {processor.py:175} INFO - Processing /home/airflow/.local/lib/python3.7/site-packages/airflow/example_dags/example_sla_dag.py took 0.096 seconds
