[2023-04-17T12:10:56.285+0000] {processor.py:153} INFO - Started process (PID=55) to work on /home/airflow/.local/lib/python3.7/site-packages/airflow/example_dags/example_external_task_marker_dag.py
[2023-04-17T12:10:56.286+0000] {processor.py:743} INFO - Processing file /home/airflow/.local/lib/python3.7/site-packages/airflow/example_dags/example_external_task_marker_dag.py for tasks to queue
[2023-04-17T12:10:56.286+0000] {logging_mixin.py:137} INFO - [2023-04-17T12:10:56.286+0000] {dagbag.py:532} INFO - Filling up the DagBag from /home/airflow/.local/lib/python3.7/site-packages/airflow/example_dags/example_external_task_marker_dag.py
[2023-04-17T12:10:56.395+0000] {processor.py:753} INFO - DAG(s) dict_keys(['example_external_task_marker_child', 'example_external_task_marker_parent']) retrieved from /home/airflow/.local/lib/python3.7/site-packages/airflow/example_dags/example_external_task_marker_dag.py
[2023-04-17T12:10:56.562+0000] {logging_mixin.py:137} INFO - [2023-04-17T12:10:56.561+0000] {dag.py:2705} INFO - Sync 2 DAGs
[2023-04-17T12:10:56.710+0000] {logging_mixin.py:137} INFO - [2023-04-17T12:10:56.709+0000] {dag.py:3456} INFO - Setting next_dagrun for example_external_task_marker_child to None, run_after=None
[2023-04-17T12:10:56.736+0000] {logging_mixin.py:137} INFO - [2023-04-17T12:10:56.736+0000] {dag.py:3456} INFO - Setting next_dagrun for example_external_task_marker_parent to None, run_after=None
[2023-04-17T12:10:56.874+0000] {processor.py:175} INFO - Processing /home/airflow/.local/lib/python3.7/site-packages/airflow/example_dags/example_external_task_marker_dag.py took 0.604 seconds
[2023-04-17T12:11:27.154+0000] {processor.py:153} INFO - Started process (PID=105) to work on /home/airflow/.local/lib/python3.7/site-packages/airflow/example_dags/example_external_task_marker_dag.py
[2023-04-17T12:11:27.155+0000] {processor.py:743} INFO - Processing file /home/airflow/.local/lib/python3.7/site-packages/airflow/example_dags/example_external_task_marker_dag.py for tasks to queue
[2023-04-17T12:11:27.156+0000] {logging_mixin.py:137} INFO - [2023-04-17T12:11:27.156+0000] {dagbag.py:532} INFO - Filling up the DagBag from /home/airflow/.local/lib/python3.7/site-packages/airflow/example_dags/example_external_task_marker_dag.py
[2023-04-17T12:11:27.174+0000] {processor.py:753} INFO - DAG(s) dict_keys(['example_external_task_marker_parent', 'example_external_task_marker_child']) retrieved from /home/airflow/.local/lib/python3.7/site-packages/airflow/example_dags/example_external_task_marker_dag.py
[2023-04-17T12:11:27.210+0000] {logging_mixin.py:137} INFO - [2023-04-17T12:11:27.210+0000] {dag.py:2705} INFO - Sync 2 DAGs
[2023-04-17T12:11:27.249+0000] {logging_mixin.py:137} INFO - [2023-04-17T12:11:27.249+0000] {dag.py:3456} INFO - Setting next_dagrun for example_external_task_marker_child to None, run_after=None
[2023-04-17T12:11:27.254+0000] {logging_mixin.py:137} INFO - [2023-04-17T12:11:27.254+0000] {dag.py:3456} INFO - Setting next_dagrun for example_external_task_marker_parent to None, run_after=None
[2023-04-17T12:11:27.277+0000] {processor.py:175} INFO - Processing /home/airflow/.local/lib/python3.7/site-packages/airflow/example_dags/example_external_task_marker_dag.py took 0.127 seconds
[2023-04-17T12:11:57.462+0000] {processor.py:153} INFO - Started process (PID=155) to work on /home/airflow/.local/lib/python3.7/site-packages/airflow/example_dags/example_external_task_marker_dag.py
[2023-04-17T12:11:57.463+0000] {processor.py:743} INFO - Processing file /home/airflow/.local/lib/python3.7/site-packages/airflow/example_dags/example_external_task_marker_dag.py for tasks to queue
[2023-04-17T12:11:57.464+0000] {logging_mixin.py:137} INFO - [2023-04-17T12:11:57.463+0000] {dagbag.py:532} INFO - Filling up the DagBag from /home/airflow/.local/lib/python3.7/site-packages/airflow/example_dags/example_external_task_marker_dag.py
[2023-04-17T12:11:57.482+0000] {processor.py:753} INFO - DAG(s) dict_keys(['example_external_task_marker_parent', 'example_external_task_marker_child']) retrieved from /home/airflow/.local/lib/python3.7/site-packages/airflow/example_dags/example_external_task_marker_dag.py
[2023-04-17T12:11:57.521+0000] {logging_mixin.py:137} INFO - [2023-04-17T12:11:57.521+0000] {dag.py:2705} INFO - Sync 2 DAGs
[2023-04-17T12:11:57.560+0000] {logging_mixin.py:137} INFO - [2023-04-17T12:11:57.560+0000] {dag.py:3456} INFO - Setting next_dagrun for example_external_task_marker_child to None, run_after=None
[2023-04-17T12:11:57.566+0000] {logging_mixin.py:137} INFO - [2023-04-17T12:11:57.565+0000] {dag.py:3456} INFO - Setting next_dagrun for example_external_task_marker_parent to None, run_after=None
[2023-04-17T12:11:57.584+0000] {processor.py:175} INFO - Processing /home/airflow/.local/lib/python3.7/site-packages/airflow/example_dags/example_external_task_marker_dag.py took 0.127 seconds
[2023-04-17T12:12:28.205+0000] {processor.py:153} INFO - Started process (PID=204) to work on /home/airflow/.local/lib/python3.7/site-packages/airflow/example_dags/example_external_task_marker_dag.py
[2023-04-17T12:12:28.205+0000] {processor.py:743} INFO - Processing file /home/airflow/.local/lib/python3.7/site-packages/airflow/example_dags/example_external_task_marker_dag.py for tasks to queue
[2023-04-17T12:12:28.206+0000] {logging_mixin.py:137} INFO - [2023-04-17T12:12:28.206+0000] {dagbag.py:532} INFO - Filling up the DagBag from /home/airflow/.local/lib/python3.7/site-packages/airflow/example_dags/example_external_task_marker_dag.py
[2023-04-17T12:12:28.225+0000] {processor.py:753} INFO - DAG(s) dict_keys(['example_external_task_marker_parent', 'example_external_task_marker_child']) retrieved from /home/airflow/.local/lib/python3.7/site-packages/airflow/example_dags/example_external_task_marker_dag.py
[2023-04-17T12:12:28.271+0000] {logging_mixin.py:137} INFO - [2023-04-17T12:12:28.271+0000] {dag.py:2705} INFO - Sync 2 DAGs
[2023-04-17T12:12:28.322+0000] {logging_mixin.py:137} INFO - [2023-04-17T12:12:28.321+0000] {dag.py:3456} INFO - Setting next_dagrun for example_external_task_marker_child to None, run_after=None
[2023-04-17T12:12:28.327+0000] {logging_mixin.py:137} INFO - [2023-04-17T12:12:28.327+0000] {dag.py:3456} INFO - Setting next_dagrun for example_external_task_marker_parent to None, run_after=None
[2023-04-17T12:12:28.359+0000] {processor.py:175} INFO - Processing /home/airflow/.local/lib/python3.7/site-packages/airflow/example_dags/example_external_task_marker_dag.py took 0.159 seconds
[2023-04-17T12:12:58.654+0000] {processor.py:153} INFO - Started process (PID=254) to work on /home/airflow/.local/lib/python3.7/site-packages/airflow/example_dags/example_external_task_marker_dag.py
[2023-04-17T12:12:58.656+0000] {processor.py:743} INFO - Processing file /home/airflow/.local/lib/python3.7/site-packages/airflow/example_dags/example_external_task_marker_dag.py for tasks to queue
[2023-04-17T12:12:58.657+0000] {logging_mixin.py:137} INFO - [2023-04-17T12:12:58.657+0000] {dagbag.py:532} INFO - Filling up the DagBag from /home/airflow/.local/lib/python3.7/site-packages/airflow/example_dags/example_external_task_marker_dag.py
[2023-04-17T12:12:58.676+0000] {processor.py:753} INFO - DAG(s) dict_keys(['example_external_task_marker_parent', 'example_external_task_marker_child']) retrieved from /home/airflow/.local/lib/python3.7/site-packages/airflow/example_dags/example_external_task_marker_dag.py
[2023-04-17T12:12:58.713+0000] {logging_mixin.py:137} INFO - [2023-04-17T12:12:58.713+0000] {dag.py:2705} INFO - Sync 2 DAGs
[2023-04-17T12:12:58.752+0000] {logging_mixin.py:137} INFO - [2023-04-17T12:12:58.751+0000] {dag.py:3456} INFO - Setting next_dagrun for example_external_task_marker_child to None, run_after=None
[2023-04-17T12:12:58.756+0000] {logging_mixin.py:137} INFO - [2023-04-17T12:12:58.756+0000] {dag.py:3456} INFO - Setting next_dagrun for example_external_task_marker_parent to None, run_after=None
[2023-04-17T12:12:58.777+0000] {processor.py:175} INFO - Processing /home/airflow/.local/lib/python3.7/site-packages/airflow/example_dags/example_external_task_marker_dag.py took 0.129 seconds
[2023-04-17T12:13:28.961+0000] {processor.py:153} INFO - Started process (PID=304) to work on /home/airflow/.local/lib/python3.7/site-packages/airflow/example_dags/example_external_task_marker_dag.py
[2023-04-17T12:13:28.962+0000] {processor.py:743} INFO - Processing file /home/airflow/.local/lib/python3.7/site-packages/airflow/example_dags/example_external_task_marker_dag.py for tasks to queue
[2023-04-17T12:13:28.963+0000] {logging_mixin.py:137} INFO - [2023-04-17T12:13:28.962+0000] {dagbag.py:532} INFO - Filling up the DagBag from /home/airflow/.local/lib/python3.7/site-packages/airflow/example_dags/example_external_task_marker_dag.py
[2023-04-17T12:13:28.984+0000] {processor.py:753} INFO - DAG(s) dict_keys(['example_external_task_marker_parent', 'example_external_task_marker_child']) retrieved from /home/airflow/.local/lib/python3.7/site-packages/airflow/example_dags/example_external_task_marker_dag.py
[2023-04-17T12:13:29.023+0000] {logging_mixin.py:137} INFO - [2023-04-17T12:13:29.023+0000] {dag.py:2705} INFO - Sync 2 DAGs
[2023-04-17T12:13:29.062+0000] {logging_mixin.py:137} INFO - [2023-04-17T12:13:29.062+0000] {dag.py:3456} INFO - Setting next_dagrun for example_external_task_marker_child to None, run_after=None
[2023-04-17T12:13:29.067+0000] {logging_mixin.py:137} INFO - [2023-04-17T12:13:29.066+0000] {dag.py:3456} INFO - Setting next_dagrun for example_external_task_marker_parent to None, run_after=None
[2023-04-17T12:13:29.088+0000] {processor.py:175} INFO - Processing /home/airflow/.local/lib/python3.7/site-packages/airflow/example_dags/example_external_task_marker_dag.py took 0.132 seconds
