[2023-04-17T12:10:57.230+0000] {processor.py:153} INFO - Started process (PID=58) to work on /home/airflow/.local/lib/python3.7/site-packages/airflow/example_dags/example_nested_branch_dag.py
[2023-04-17T12:10:57.233+0000] {processor.py:743} INFO - Processing file /home/airflow/.local/lib/python3.7/site-packages/airflow/example_dags/example_nested_branch_dag.py for tasks to queue
[2023-04-17T12:10:57.235+0000] {logging_mixin.py:137} INFO - [2023-04-17T12:10:57.235+0000] {dagbag.py:532} INFO - Filling up the DagBag from /home/airflow/.local/lib/python3.7/site-packages/airflow/example_dags/example_nested_branch_dag.py
[2023-04-17T12:10:57.425+0000] {processor.py:753} INFO - DAG(s) dict_keys(['example_nested_branch_dag']) retrieved from /home/airflow/.local/lib/python3.7/site-packages/airflow/example_dags/example_nested_branch_dag.py
[2023-04-17T12:10:57.587+0000] {logging_mixin.py:137} INFO - [2023-04-17T12:10:57.586+0000] {dag.py:2705} INFO - Sync 1 DAGs
[2023-04-17T12:10:57.745+0000] {logging_mixin.py:137} INFO - [2023-04-17T12:10:57.745+0000] {dag.py:3456} INFO - Setting next_dagrun for example_nested_branch_dag to 2023-04-16T00:00:00+00:00, run_after=2023-04-17T00:00:00+00:00
[2023-04-17T12:10:57.854+0000] {processor.py:175} INFO - Processing /home/airflow/.local/lib/python3.7/site-packages/airflow/example_dags/example_nested_branch_dag.py took 0.672 seconds
[2023-04-17T12:11:28.315+0000] {processor.py:153} INFO - Started process (PID=108) to work on /home/airflow/.local/lib/python3.7/site-packages/airflow/example_dags/example_nested_branch_dag.py
[2023-04-17T12:11:28.316+0000] {processor.py:743} INFO - Processing file /home/airflow/.local/lib/python3.7/site-packages/airflow/example_dags/example_nested_branch_dag.py for tasks to queue
[2023-04-17T12:11:28.317+0000] {logging_mixin.py:137} INFO - [2023-04-17T12:11:28.317+0000] {dagbag.py:532} INFO - Filling up the DagBag from /home/airflow/.local/lib/python3.7/site-packages/airflow/example_dags/example_nested_branch_dag.py
[2023-04-17T12:11:28.353+0000] {processor.py:753} INFO - DAG(s) dict_keys(['example_nested_branch_dag']) retrieved from /home/airflow/.local/lib/python3.7/site-packages/airflow/example_dags/example_nested_branch_dag.py
[2023-04-17T12:11:28.389+0000] {logging_mixin.py:137} INFO - [2023-04-17T12:11:28.389+0000] {dag.py:2705} INFO - Sync 1 DAGs
[2023-04-17T12:11:28.432+0000] {logging_mixin.py:137} INFO - [2023-04-17T12:11:28.431+0000] {dag.py:3456} INFO - Setting next_dagrun for example_nested_branch_dag to 2023-04-16T00:00:00+00:00, run_after=2023-04-17T00:00:00+00:00
[2023-04-17T12:11:28.454+0000] {processor.py:175} INFO - Processing /home/airflow/.local/lib/python3.7/site-packages/airflow/example_dags/example_nested_branch_dag.py took 0.144 seconds
[2023-04-17T12:11:58.616+0000] {processor.py:153} INFO - Started process (PID=158) to work on /home/airflow/.local/lib/python3.7/site-packages/airflow/example_dags/example_nested_branch_dag.py
[2023-04-17T12:11:58.617+0000] {processor.py:743} INFO - Processing file /home/airflow/.local/lib/python3.7/site-packages/airflow/example_dags/example_nested_branch_dag.py for tasks to queue
[2023-04-17T12:11:58.618+0000] {logging_mixin.py:137} INFO - [2023-04-17T12:11:58.618+0000] {dagbag.py:532} INFO - Filling up the DagBag from /home/airflow/.local/lib/python3.7/site-packages/airflow/example_dags/example_nested_branch_dag.py
[2023-04-17T12:11:58.653+0000] {processor.py:753} INFO - DAG(s) dict_keys(['example_nested_branch_dag']) retrieved from /home/airflow/.local/lib/python3.7/site-packages/airflow/example_dags/example_nested_branch_dag.py
[2023-04-17T12:11:58.690+0000] {logging_mixin.py:137} INFO - [2023-04-17T12:11:58.690+0000] {dag.py:2705} INFO - Sync 1 DAGs
[2023-04-17T12:11:58.734+0000] {logging_mixin.py:137} INFO - [2023-04-17T12:11:58.734+0000] {dag.py:3456} INFO - Setting next_dagrun for example_nested_branch_dag to 2023-04-16T00:00:00+00:00, run_after=2023-04-17T00:00:00+00:00
[2023-04-17T12:11:58.757+0000] {processor.py:175} INFO - Processing /home/airflow/.local/lib/python3.7/site-packages/airflow/example_dags/example_nested_branch_dag.py took 0.145 seconds
[2023-04-17T12:12:29.396+0000] {processor.py:153} INFO - Started process (PID=207) to work on /home/airflow/.local/lib/python3.7/site-packages/airflow/example_dags/example_nested_branch_dag.py
[2023-04-17T12:12:29.397+0000] {processor.py:743} INFO - Processing file /home/airflow/.local/lib/python3.7/site-packages/airflow/example_dags/example_nested_branch_dag.py for tasks to queue
[2023-04-17T12:12:29.398+0000] {logging_mixin.py:137} INFO - [2023-04-17T12:12:29.398+0000] {dagbag.py:532} INFO - Filling up the DagBag from /home/airflow/.local/lib/python3.7/site-packages/airflow/example_dags/example_nested_branch_dag.py
[2023-04-17T12:12:29.434+0000] {processor.py:753} INFO - DAG(s) dict_keys(['example_nested_branch_dag']) retrieved from /home/airflow/.local/lib/python3.7/site-packages/airflow/example_dags/example_nested_branch_dag.py
[2023-04-17T12:12:29.470+0000] {logging_mixin.py:137} INFO - [2023-04-17T12:12:29.470+0000] {dag.py:2705} INFO - Sync 1 DAGs
[2023-04-17T12:12:29.514+0000] {logging_mixin.py:137} INFO - [2023-04-17T12:12:29.514+0000] {dag.py:3456} INFO - Setting next_dagrun for example_nested_branch_dag to 2023-04-16T00:00:00+00:00, run_after=2023-04-17T00:00:00+00:00
[2023-04-17T12:12:29.537+0000] {processor.py:175} INFO - Processing /home/airflow/.local/lib/python3.7/site-packages/airflow/example_dags/example_nested_branch_dag.py took 0.145 seconds
[2023-04-17T12:12:59.817+0000] {processor.py:153} INFO - Started process (PID=257) to work on /home/airflow/.local/lib/python3.7/site-packages/airflow/example_dags/example_nested_branch_dag.py
[2023-04-17T12:12:59.818+0000] {processor.py:743} INFO - Processing file /home/airflow/.local/lib/python3.7/site-packages/airflow/example_dags/example_nested_branch_dag.py for tasks to queue
[2023-04-17T12:12:59.819+0000] {logging_mixin.py:137} INFO - [2023-04-17T12:12:59.819+0000] {dagbag.py:532} INFO - Filling up the DagBag from /home/airflow/.local/lib/python3.7/site-packages/airflow/example_dags/example_nested_branch_dag.py
[2023-04-17T12:12:59.858+0000] {processor.py:753} INFO - DAG(s) dict_keys(['example_nested_branch_dag']) retrieved from /home/airflow/.local/lib/python3.7/site-packages/airflow/example_dags/example_nested_branch_dag.py
[2023-04-17T12:12:59.894+0000] {logging_mixin.py:137} INFO - [2023-04-17T12:12:59.894+0000] {dag.py:2705} INFO - Sync 1 DAGs
[2023-04-17T12:12:59.936+0000] {logging_mixin.py:137} INFO - [2023-04-17T12:12:59.935+0000] {dag.py:3456} INFO - Setting next_dagrun for example_nested_branch_dag to 2023-04-16T00:00:00+00:00, run_after=2023-04-17T00:00:00+00:00
[2023-04-17T12:12:59.958+0000] {processor.py:175} INFO - Processing /home/airflow/.local/lib/python3.7/site-packages/airflow/example_dags/example_nested_branch_dag.py took 0.146 seconds
[2023-04-17T12:13:30.126+0000] {processor.py:153} INFO - Started process (PID=307) to work on /home/airflow/.local/lib/python3.7/site-packages/airflow/example_dags/example_nested_branch_dag.py
[2023-04-17T12:13:30.127+0000] {processor.py:743} INFO - Processing file /home/airflow/.local/lib/python3.7/site-packages/airflow/example_dags/example_nested_branch_dag.py for tasks to queue
[2023-04-17T12:13:30.127+0000] {logging_mixin.py:137} INFO - [2023-04-17T12:13:30.127+0000] {dagbag.py:532} INFO - Filling up the DagBag from /home/airflow/.local/lib/python3.7/site-packages/airflow/example_dags/example_nested_branch_dag.py
[2023-04-17T12:13:30.163+0000] {processor.py:753} INFO - DAG(s) dict_keys(['example_nested_branch_dag']) retrieved from /home/airflow/.local/lib/python3.7/site-packages/airflow/example_dags/example_nested_branch_dag.py
[2023-04-17T12:13:30.200+0000] {logging_mixin.py:137} INFO - [2023-04-17T12:13:30.200+0000] {dag.py:2705} INFO - Sync 1 DAGs
[2023-04-17T12:13:30.244+0000] {logging_mixin.py:137} INFO - [2023-04-17T12:13:30.244+0000] {dag.py:3456} INFO - Setting next_dagrun for example_nested_branch_dag to 2023-04-16T00:00:00+00:00, run_after=2023-04-17T00:00:00+00:00
[2023-04-17T12:13:30.266+0000] {processor.py:175} INFO - Processing /home/airflow/.local/lib/python3.7/site-packages/airflow/example_dags/example_nested_branch_dag.py took 0.145 seconds
