[2023-04-17T12:10:53.073+0000] {processor.py:153} INFO - Started process (PID=47) to work on /home/airflow/.local/lib/python3.7/site-packages/airflow/example_dags/example_short_circuit_operator.py
[2023-04-17T12:10:53.074+0000] {processor.py:743} INFO - Processing file /home/airflow/.local/lib/python3.7/site-packages/airflow/example_dags/example_short_circuit_operator.py for tasks to queue
[2023-04-17T12:10:53.093+0000] {logging_mixin.py:137} INFO - [2023-04-17T12:10:53.093+0000] {dagbag.py:532} INFO - Filling up the DagBag from /home/airflow/.local/lib/python3.7/site-packages/airflow/example_dags/example_short_circuit_operator.py
[2023-04-17T12:10:53.190+0000] {processor.py:753} INFO - DAG(s) dict_keys(['example_short_circuit_operator']) retrieved from /home/airflow/.local/lib/python3.7/site-packages/airflow/example_dags/example_short_circuit_operator.py
[2023-04-17T12:10:53.314+0000] {logging_mixin.py:137} INFO - [2023-04-17T12:10:53.314+0000] {dag.py:2705} INFO - Sync 1 DAGs
[2023-04-17T12:10:53.467+0000] {logging_mixin.py:137} INFO - [2023-04-17T12:10:53.467+0000] {dag.py:3456} INFO - Setting next_dagrun for example_short_circuit_operator to 2023-04-16T12:10:53.466676+00:00, run_after=2023-04-17T12:10:53.466676+00:00
[2023-04-17T12:10:53.587+0000] {processor.py:175} INFO - Processing /home/airflow/.local/lib/python3.7/site-packages/airflow/example_dags/example_short_circuit_operator.py took 0.538 seconds
[2023-04-17T12:11:24.341+0000] {processor.py:153} INFO - Started process (PID=97) to work on /home/airflow/.local/lib/python3.7/site-packages/airflow/example_dags/example_short_circuit_operator.py
[2023-04-17T12:11:24.343+0000] {processor.py:743} INFO - Processing file /home/airflow/.local/lib/python3.7/site-packages/airflow/example_dags/example_short_circuit_operator.py for tasks to queue
[2023-04-17T12:11:24.343+0000] {logging_mixin.py:137} INFO - [2023-04-17T12:11:24.343+0000] {dagbag.py:532} INFO - Filling up the DagBag from /home/airflow/.local/lib/python3.7/site-packages/airflow/example_dags/example_short_circuit_operator.py
[2023-04-17T12:11:24.380+0000] {processor.py:753} INFO - DAG(s) dict_keys(['example_short_circuit_operator']) retrieved from /home/airflow/.local/lib/python3.7/site-packages/airflow/example_dags/example_short_circuit_operator.py
[2023-04-17T12:11:24.427+0000] {logging_mixin.py:137} INFO - [2023-04-17T12:11:24.427+0000] {dag.py:2705} INFO - Sync 1 DAGs
[2023-04-17T12:11:24.470+0000] {logging_mixin.py:137} INFO - [2023-04-17T12:11:24.470+0000] {dag.py:3456} INFO - Setting next_dagrun for example_short_circuit_operator to 2023-04-16T12:11:24.470239+00:00, run_after=2023-04-17T12:11:24.470239+00:00
[2023-04-17T12:11:24.542+0000] {processor.py:175} INFO - Processing /home/airflow/.local/lib/python3.7/site-packages/airflow/example_dags/example_short_circuit_operator.py took 0.204 seconds
[2023-04-17T12:11:54.902+0000] {processor.py:153} INFO - Started process (PID=147) to work on /home/airflow/.local/lib/python3.7/site-packages/airflow/example_dags/example_short_circuit_operator.py
[2023-04-17T12:11:54.903+0000] {processor.py:743} INFO - Processing file /home/airflow/.local/lib/python3.7/site-packages/airflow/example_dags/example_short_circuit_operator.py for tasks to queue
[2023-04-17T12:11:54.904+0000] {logging_mixin.py:137} INFO - [2023-04-17T12:11:54.904+0000] {dagbag.py:532} INFO - Filling up the DagBag from /home/airflow/.local/lib/python3.7/site-packages/airflow/example_dags/example_short_circuit_operator.py
[2023-04-17T12:11:54.929+0000] {processor.py:753} INFO - DAG(s) dict_keys(['example_short_circuit_operator']) retrieved from /home/airflow/.local/lib/python3.7/site-packages/airflow/example_dags/example_short_circuit_operator.py
[2023-04-17T12:11:54.970+0000] {logging_mixin.py:137} INFO - [2023-04-17T12:11:54.970+0000] {dag.py:2705} INFO - Sync 1 DAGs
[2023-04-17T12:11:55.008+0000] {logging_mixin.py:137} INFO - [2023-04-17T12:11:55.008+0000] {dag.py:3456} INFO - Setting next_dagrun for example_short_circuit_operator to 2023-04-16T12:11:55.008496+00:00, run_after=2023-04-17T12:11:55.008496+00:00
[2023-04-17T12:11:55.032+0000] {processor.py:175} INFO - Processing /home/airflow/.local/lib/python3.7/site-packages/airflow/example_dags/example_short_circuit_operator.py took 0.134 seconds
[2023-04-17T12:12:25.657+0000] {processor.py:153} INFO - Started process (PID=196) to work on /home/airflow/.local/lib/python3.7/site-packages/airflow/example_dags/example_short_circuit_operator.py
[2023-04-17T12:12:25.658+0000] {processor.py:743} INFO - Processing file /home/airflow/.local/lib/python3.7/site-packages/airflow/example_dags/example_short_circuit_operator.py for tasks to queue
[2023-04-17T12:12:25.659+0000] {logging_mixin.py:137} INFO - [2023-04-17T12:12:25.658+0000] {dagbag.py:532} INFO - Filling up the DagBag from /home/airflow/.local/lib/python3.7/site-packages/airflow/example_dags/example_short_circuit_operator.py
[2023-04-17T12:12:25.683+0000] {processor.py:753} INFO - DAG(s) dict_keys(['example_short_circuit_operator']) retrieved from /home/airflow/.local/lib/python3.7/site-packages/airflow/example_dags/example_short_circuit_operator.py
[2023-04-17T12:12:25.723+0000] {logging_mixin.py:137} INFO - [2023-04-17T12:12:25.723+0000] {dag.py:2705} INFO - Sync 1 DAGs
[2023-04-17T12:12:25.761+0000] {logging_mixin.py:137} INFO - [2023-04-17T12:12:25.761+0000] {dag.py:3456} INFO - Setting next_dagrun for example_short_circuit_operator to 2023-04-16T12:12:25.761094+00:00, run_after=2023-04-17T12:12:25.761094+00:00
[2023-04-17T12:12:25.785+0000] {processor.py:175} INFO - Processing /home/airflow/.local/lib/python3.7/site-packages/airflow/example_dags/example_short_circuit_operator.py took 0.132 seconds
[2023-04-17T12:12:56.158+0000] {processor.py:153} INFO - Started process (PID=246) to work on /home/airflow/.local/lib/python3.7/site-packages/airflow/example_dags/example_short_circuit_operator.py
[2023-04-17T12:12:56.159+0000] {processor.py:743} INFO - Processing file /home/airflow/.local/lib/python3.7/site-packages/airflow/example_dags/example_short_circuit_operator.py for tasks to queue
[2023-04-17T12:12:56.160+0000] {logging_mixin.py:137} INFO - [2023-04-17T12:12:56.160+0000] {dagbag.py:532} INFO - Filling up the DagBag from /home/airflow/.local/lib/python3.7/site-packages/airflow/example_dags/example_short_circuit_operator.py
[2023-04-17T12:12:56.184+0000] {processor.py:753} INFO - DAG(s) dict_keys(['example_short_circuit_operator']) retrieved from /home/airflow/.local/lib/python3.7/site-packages/airflow/example_dags/example_short_circuit_operator.py
[2023-04-17T12:12:56.224+0000] {logging_mixin.py:137} INFO - [2023-04-17T12:12:56.224+0000] {dag.py:2705} INFO - Sync 1 DAGs
[2023-04-17T12:12:56.263+0000] {logging_mixin.py:137} INFO - [2023-04-17T12:12:56.262+0000] {dag.py:3456} INFO - Setting next_dagrun for example_short_circuit_operator to 2023-04-16T12:12:56.262623+00:00, run_after=2023-04-17T12:12:56.262623+00:00
[2023-04-17T12:12:56.287+0000] {processor.py:175} INFO - Processing /home/airflow/.local/lib/python3.7/site-packages/airflow/example_dags/example_short_circuit_operator.py took 0.134 seconds
[2023-04-17T12:13:26.452+0000] {processor.py:153} INFO - Started process (PID=296) to work on /home/airflow/.local/lib/python3.7/site-packages/airflow/example_dags/example_short_circuit_operator.py
[2023-04-17T12:13:26.453+0000] {processor.py:743} INFO - Processing file /home/airflow/.local/lib/python3.7/site-packages/airflow/example_dags/example_short_circuit_operator.py for tasks to queue
[2023-04-17T12:13:26.454+0000] {logging_mixin.py:137} INFO - [2023-04-17T12:13:26.454+0000] {dagbag.py:532} INFO - Filling up the DagBag from /home/airflow/.local/lib/python3.7/site-packages/airflow/example_dags/example_short_circuit_operator.py
[2023-04-17T12:13:26.478+0000] {processor.py:753} INFO - DAG(s) dict_keys(['example_short_circuit_operator']) retrieved from /home/airflow/.local/lib/python3.7/site-packages/airflow/example_dags/example_short_circuit_operator.py
[2023-04-17T12:13:26.518+0000] {logging_mixin.py:137} INFO - [2023-04-17T12:13:26.518+0000] {dag.py:2705} INFO - Sync 1 DAGs
[2023-04-17T12:13:26.560+0000] {logging_mixin.py:137} INFO - [2023-04-17T12:13:26.560+0000] {dag.py:3456} INFO - Setting next_dagrun for example_short_circuit_operator to 2023-04-16T12:13:26.560136+00:00, run_after=2023-04-17T12:13:26.560136+00:00
[2023-04-17T12:13:26.584+0000] {processor.py:175} INFO - Processing /home/airflow/.local/lib/python3.7/site-packages/airflow/example_dags/example_short_circuit_operator.py took 0.136 seconds
