[2023-04-17T12:10:54.400+0000] {processor.py:153} INFO - Started process (PID=51) to work on /home/airflow/.local/lib/python3.7/site-packages/airflow/example_dags/example_bash_operator.py
[2023-04-17T12:10:54.401+0000] {processor.py:743} INFO - Processing file /home/airflow/.local/lib/python3.7/site-packages/airflow/example_dags/example_bash_operator.py for tasks to queue
[2023-04-17T12:10:54.422+0000] {logging_mixin.py:137} INFO - [2023-04-17T12:10:54.422+0000] {dagbag.py:532} INFO - Filling up the DagBag from /home/airflow/.local/lib/python3.7/site-packages/airflow/example_dags/example_bash_operator.py
[2023-04-17T12:10:54.622+0000] {processor.py:753} INFO - DAG(s) dict_keys(['example_bash_operator']) retrieved from /home/airflow/.local/lib/python3.7/site-packages/airflow/example_dags/example_bash_operator.py
[2023-04-17T12:10:54.894+0000] {logging_mixin.py:137} INFO - [2023-04-17T12:10:54.894+0000] {dag.py:2705} INFO - Sync 1 DAGs
[2023-04-17T12:10:55.029+0000] {logging_mixin.py:137} INFO - [2023-04-17T12:10:55.029+0000] {dag.py:3456} INFO - Setting next_dagrun for example_bash_operator to 2023-04-16T00:00:00+00:00, run_after=2023-04-17T00:00:00+00:00
[2023-04-17T12:10:55.142+0000] {processor.py:175} INFO - Processing /home/airflow/.local/lib/python3.7/site-packages/airflow/example_dags/example_bash_operator.py took 0.766 seconds
[2023-04-17T12:11:25.937+0000] {processor.py:153} INFO - Started process (PID=101) to work on /home/airflow/.local/lib/python3.7/site-packages/airflow/example_dags/example_bash_operator.py
[2023-04-17T12:11:25.938+0000] {processor.py:743} INFO - Processing file /home/airflow/.local/lib/python3.7/site-packages/airflow/example_dags/example_bash_operator.py for tasks to queue
[2023-04-17T12:11:25.939+0000] {logging_mixin.py:137} INFO - [2023-04-17T12:11:25.938+0000] {dagbag.py:532} INFO - Filling up the DagBag from /home/airflow/.local/lib/python3.7/site-packages/airflow/example_dags/example_bash_operator.py
[2023-04-17T12:11:25.970+0000] {processor.py:753} INFO - DAG(s) dict_keys(['example_bash_operator']) retrieved from /home/airflow/.local/lib/python3.7/site-packages/airflow/example_dags/example_bash_operator.py
[2023-04-17T12:11:26.030+0000] {logging_mixin.py:137} INFO - [2023-04-17T12:11:26.030+0000] {dag.py:2705} INFO - Sync 1 DAGs
[2023-04-17T12:11:26.077+0000] {logging_mixin.py:137} INFO - [2023-04-17T12:11:26.076+0000] {dag.py:3456} INFO - Setting next_dagrun for example_bash_operator to 2023-04-16T00:00:00+00:00, run_after=2023-04-17T00:00:00+00:00
[2023-04-17T12:11:26.101+0000] {processor.py:175} INFO - Processing /home/airflow/.local/lib/python3.7/site-packages/airflow/example_dags/example_bash_operator.py took 0.169 seconds
[2023-04-17T12:11:56.246+0000] {processor.py:153} INFO - Started process (PID=151) to work on /home/airflow/.local/lib/python3.7/site-packages/airflow/example_dags/example_bash_operator.py
[2023-04-17T12:11:56.247+0000] {processor.py:743} INFO - Processing file /home/airflow/.local/lib/python3.7/site-packages/airflow/example_dags/example_bash_operator.py for tasks to queue
[2023-04-17T12:11:56.248+0000] {logging_mixin.py:137} INFO - [2023-04-17T12:11:56.248+0000] {dagbag.py:532} INFO - Filling up the DagBag from /home/airflow/.local/lib/python3.7/site-packages/airflow/example_dags/example_bash_operator.py
[2023-04-17T12:11:56.280+0000] {processor.py:753} INFO - DAG(s) dict_keys(['example_bash_operator']) retrieved from /home/airflow/.local/lib/python3.7/site-packages/airflow/example_dags/example_bash_operator.py
[2023-04-17T12:11:56.351+0000] {logging_mixin.py:137} INFO - [2023-04-17T12:11:56.351+0000] {dag.py:2705} INFO - Sync 1 DAGs
[2023-04-17T12:11:56.392+0000] {logging_mixin.py:137} INFO - [2023-04-17T12:11:56.391+0000] {dag.py:3456} INFO - Setting next_dagrun for example_bash_operator to 2023-04-16T00:00:00+00:00, run_after=2023-04-17T00:00:00+00:00
[2023-04-17T12:11:56.425+0000] {processor.py:175} INFO - Processing /home/airflow/.local/lib/python3.7/site-packages/airflow/example_dags/example_bash_operator.py took 0.183 seconds
[2023-04-17T12:12:26.976+0000] {processor.py:153} INFO - Started process (PID=200) to work on /home/airflow/.local/lib/python3.7/site-packages/airflow/example_dags/example_bash_operator.py
[2023-04-17T12:12:26.978+0000] {processor.py:743} INFO - Processing file /home/airflow/.local/lib/python3.7/site-packages/airflow/example_dags/example_bash_operator.py for tasks to queue
[2023-04-17T12:12:26.978+0000] {logging_mixin.py:137} INFO - [2023-04-17T12:12:26.978+0000] {dagbag.py:532} INFO - Filling up the DagBag from /home/airflow/.local/lib/python3.7/site-packages/airflow/example_dags/example_bash_operator.py
[2023-04-17T12:12:27.012+0000] {processor.py:753} INFO - DAG(s) dict_keys(['example_bash_operator']) retrieved from /home/airflow/.local/lib/python3.7/site-packages/airflow/example_dags/example_bash_operator.py
[2023-04-17T12:12:27.072+0000] {logging_mixin.py:137} INFO - [2023-04-17T12:12:27.072+0000] {dag.py:2705} INFO - Sync 1 DAGs
[2023-04-17T12:12:27.112+0000] {logging_mixin.py:137} INFO - [2023-04-17T12:12:27.112+0000] {dag.py:3456} INFO - Setting next_dagrun for example_bash_operator to 2023-04-16T00:00:00+00:00, run_after=2023-04-17T00:00:00+00:00
[2023-04-17T12:12:27.136+0000] {processor.py:175} INFO - Processing /home/airflow/.local/lib/python3.7/site-packages/airflow/example_dags/example_bash_operator.py took 0.164 seconds
[2023-04-17T12:12:57.423+0000] {processor.py:153} INFO - Started process (PID=250) to work on /home/airflow/.local/lib/python3.7/site-packages/airflow/example_dags/example_bash_operator.py
[2023-04-17T12:12:57.423+0000] {processor.py:743} INFO - Processing file /home/airflow/.local/lib/python3.7/site-packages/airflow/example_dags/example_bash_operator.py for tasks to queue
[2023-04-17T12:12:57.424+0000] {logging_mixin.py:137} INFO - [2023-04-17T12:12:57.424+0000] {dagbag.py:532} INFO - Filling up the DagBag from /home/airflow/.local/lib/python3.7/site-packages/airflow/example_dags/example_bash_operator.py
[2023-04-17T12:12:57.460+0000] {processor.py:753} INFO - DAG(s) dict_keys(['example_bash_operator']) retrieved from /home/airflow/.local/lib/python3.7/site-packages/airflow/example_dags/example_bash_operator.py
[2023-04-17T12:12:57.519+0000] {logging_mixin.py:137} INFO - [2023-04-17T12:12:57.519+0000] {dag.py:2705} INFO - Sync 1 DAGs
[2023-04-17T12:12:57.560+0000] {logging_mixin.py:137} INFO - [2023-04-17T12:12:57.560+0000] {dag.py:3456} INFO - Setting next_dagrun for example_bash_operator to 2023-04-16T00:00:00+00:00, run_after=2023-04-17T00:00:00+00:00
[2023-04-17T12:12:57.584+0000] {processor.py:175} INFO - Processing /home/airflow/.local/lib/python3.7/site-packages/airflow/example_dags/example_bash_operator.py took 0.166 seconds
[2023-04-17T12:13:27.724+0000] {processor.py:153} INFO - Started process (PID=300) to work on /home/airflow/.local/lib/python3.7/site-packages/airflow/example_dags/example_bash_operator.py
[2023-04-17T12:13:27.725+0000] {processor.py:743} INFO - Processing file /home/airflow/.local/lib/python3.7/site-packages/airflow/example_dags/example_bash_operator.py for tasks to queue
[2023-04-17T12:13:27.726+0000] {logging_mixin.py:137} INFO - [2023-04-17T12:13:27.726+0000] {dagbag.py:532} INFO - Filling up the DagBag from /home/airflow/.local/lib/python3.7/site-packages/airflow/example_dags/example_bash_operator.py
[2023-04-17T12:13:27.758+0000] {processor.py:753} INFO - DAG(s) dict_keys(['example_bash_operator']) retrieved from /home/airflow/.local/lib/python3.7/site-packages/airflow/example_dags/example_bash_operator.py
[2023-04-17T12:13:27.818+0000] {logging_mixin.py:137} INFO - [2023-04-17T12:13:27.818+0000] {dag.py:2705} INFO - Sync 1 DAGs
[2023-04-17T12:13:27.860+0000] {logging_mixin.py:137} INFO - [2023-04-17T12:13:27.860+0000] {dag.py:3456} INFO - Setting next_dagrun for example_bash_operator to 2023-04-16T00:00:00+00:00, run_after=2023-04-17T00:00:00+00:00
[2023-04-17T12:13:27.883+0000] {processor.py:175} INFO - Processing /home/airflow/.local/lib/python3.7/site-packages/airflow/example_dags/example_bash_operator.py took 0.166 seconds
