[2023-04-17T12:11:00.217+0000] {processor.py:153} INFO - Started process (PID=67) to work on /home/airflow/.local/lib/python3.7/site-packages/airflow/example_dags/example_branch_python_dop_operator_3.py
[2023-04-17T12:11:00.230+0000] {processor.py:743} INFO - Processing file /home/airflow/.local/lib/python3.7/site-packages/airflow/example_dags/example_branch_python_dop_operator_3.py for tasks to queue
[2023-04-17T12:11:00.231+0000] {logging_mixin.py:137} INFO - [2023-04-17T12:11:00.231+0000] {dagbag.py:532} INFO - Filling up the DagBag from /home/airflow/.local/lib/python3.7/site-packages/airflow/example_dags/example_branch_python_dop_operator_3.py
[2023-04-17T12:11:00.380+0000] {processor.py:753} INFO - DAG(s) dict_keys(['example_branch_dop_operator_v3']) retrieved from /home/airflow/.local/lib/python3.7/site-packages/airflow/example_dags/example_branch_python_dop_operator_3.py
[2023-04-17T12:11:00.558+0000] {logging_mixin.py:137} INFO - [2023-04-17T12:11:00.558+0000] {dag.py:2705} INFO - Sync 1 DAGs
[2023-04-17T12:11:00.813+0000] {logging_mixin.py:137} INFO - [2023-04-17T12:11:00.813+0000] {dag.py:3456} INFO - Setting next_dagrun for example_branch_dop_operator_v3 to 2023-04-17T12:10:00+00:00, run_after=2023-04-17T12:11:00+00:00
[2023-04-17T12:11:00.947+0000] {processor.py:175} INFO - Processing /home/airflow/.local/lib/python3.7/site-packages/airflow/example_dags/example_branch_python_dop_operator_3.py took 0.751 seconds
[2023-04-17T12:11:31.027+0000] {processor.py:153} INFO - Started process (PID=117) to work on /home/airflow/.local/lib/python3.7/site-packages/airflow/example_dags/example_branch_python_dop_operator_3.py
[2023-04-17T12:11:31.028+0000] {processor.py:743} INFO - Processing file /home/airflow/.local/lib/python3.7/site-packages/airflow/example_dags/example_branch_python_dop_operator_3.py for tasks to queue
[2023-04-17T12:11:31.029+0000] {logging_mixin.py:137} INFO - [2023-04-17T12:11:31.029+0000] {dagbag.py:532} INFO - Filling up the DagBag from /home/airflow/.local/lib/python3.7/site-packages/airflow/example_dags/example_branch_python_dop_operator_3.py
[2023-04-17T12:11:31.051+0000] {processor.py:753} INFO - DAG(s) dict_keys(['example_branch_dop_operator_v3']) retrieved from /home/airflow/.local/lib/python3.7/site-packages/airflow/example_dags/example_branch_python_dop_operator_3.py
[2023-04-17T12:11:31.076+0000] {logging_mixin.py:137} INFO - [2023-04-17T12:11:31.076+0000] {dag.py:2705} INFO - Sync 1 DAGs
[2023-04-17T12:11:31.105+0000] {logging_mixin.py:137} INFO - [2023-04-17T12:11:31.105+0000] {dag.py:3456} INFO - Setting next_dagrun for example_branch_dop_operator_v3 to 2023-04-17T12:10:00+00:00, run_after=2023-04-17T12:11:00+00:00
[2023-04-17T12:11:31.125+0000] {processor.py:175} INFO - Processing /home/airflow/.local/lib/python3.7/site-packages/airflow/example_dags/example_branch_python_dop_operator_3.py took 0.100 seconds
[2023-04-17T12:12:01.353+0000] {processor.py:153} INFO - Started process (PID=167) to work on /home/airflow/.local/lib/python3.7/site-packages/airflow/example_dags/example_branch_python_dop_operator_3.py
[2023-04-17T12:12:01.354+0000] {processor.py:743} INFO - Processing file /home/airflow/.local/lib/python3.7/site-packages/airflow/example_dags/example_branch_python_dop_operator_3.py for tasks to queue
[2023-04-17T12:12:01.354+0000] {logging_mixin.py:137} INFO - [2023-04-17T12:12:01.354+0000] {dagbag.py:532} INFO - Filling up the DagBag from /home/airflow/.local/lib/python3.7/site-packages/airflow/example_dags/example_branch_python_dop_operator_3.py
[2023-04-17T12:12:01.377+0000] {processor.py:753} INFO - DAG(s) dict_keys(['example_branch_dop_operator_v3']) retrieved from /home/airflow/.local/lib/python3.7/site-packages/airflow/example_dags/example_branch_python_dop_operator_3.py
[2023-04-17T12:12:01.400+0000] {logging_mixin.py:137} INFO - [2023-04-17T12:12:01.400+0000] {dag.py:2705} INFO - Sync 1 DAGs
[2023-04-17T12:12:01.437+0000] {logging_mixin.py:137} INFO - [2023-04-17T12:12:01.437+0000] {dag.py:3456} INFO - Setting next_dagrun for example_branch_dop_operator_v3 to 2023-04-17T12:11:00+00:00, run_after=2023-04-17T12:12:00+00:00
[2023-04-17T12:12:01.458+0000] {processor.py:175} INFO - Processing /home/airflow/.local/lib/python3.7/site-packages/airflow/example_dags/example_branch_python_dop_operator_3.py took 0.108 seconds
[2023-04-17T12:12:32.060+0000] {processor.py:153} INFO - Started process (PID=216) to work on /home/airflow/.local/lib/python3.7/site-packages/airflow/example_dags/example_branch_python_dop_operator_3.py
[2023-04-17T12:12:32.060+0000] {processor.py:743} INFO - Processing file /home/airflow/.local/lib/python3.7/site-packages/airflow/example_dags/example_branch_python_dop_operator_3.py for tasks to queue
[2023-04-17T12:12:32.061+0000] {logging_mixin.py:137} INFO - [2023-04-17T12:12:32.061+0000] {dagbag.py:532} INFO - Filling up the DagBag from /home/airflow/.local/lib/python3.7/site-packages/airflow/example_dags/example_branch_python_dop_operator_3.py
[2023-04-17T12:12:32.083+0000] {processor.py:753} INFO - DAG(s) dict_keys(['example_branch_dop_operator_v3']) retrieved from /home/airflow/.local/lib/python3.7/site-packages/airflow/example_dags/example_branch_python_dop_operator_3.py
[2023-04-17T12:12:32.106+0000] {logging_mixin.py:137} INFO - [2023-04-17T12:12:32.106+0000] {dag.py:2705} INFO - Sync 1 DAGs
[2023-04-17T12:12:32.134+0000] {logging_mixin.py:137} INFO - [2023-04-17T12:12:32.134+0000] {dag.py:3456} INFO - Setting next_dagrun for example_branch_dop_operator_v3 to 2023-04-17T12:11:00+00:00, run_after=2023-04-17T12:12:00+00:00
[2023-04-17T12:12:32.151+0000] {processor.py:175} INFO - Processing /home/airflow/.local/lib/python3.7/site-packages/airflow/example_dags/example_branch_python_dop_operator_3.py took 0.095 seconds
[2023-04-17T12:13:02.488+0000] {processor.py:153} INFO - Started process (PID=266) to work on /home/airflow/.local/lib/python3.7/site-packages/airflow/example_dags/example_branch_python_dop_operator_3.py
[2023-04-17T12:13:02.489+0000] {processor.py:743} INFO - Processing file /home/airflow/.local/lib/python3.7/site-packages/airflow/example_dags/example_branch_python_dop_operator_3.py for tasks to queue
[2023-04-17T12:13:02.490+0000] {logging_mixin.py:137} INFO - [2023-04-17T12:13:02.489+0000] {dagbag.py:532} INFO - Filling up the DagBag from /home/airflow/.local/lib/python3.7/site-packages/airflow/example_dags/example_branch_python_dop_operator_3.py
[2023-04-17T12:13:02.512+0000] {processor.py:753} INFO - DAG(s) dict_keys(['example_branch_dop_operator_v3']) retrieved from /home/airflow/.local/lib/python3.7/site-packages/airflow/example_dags/example_branch_python_dop_operator_3.py
[2023-04-17T12:13:02.536+0000] {logging_mixin.py:137} INFO - [2023-04-17T12:13:02.535+0000] {dag.py:2705} INFO - Sync 1 DAGs
[2023-04-17T12:13:02.565+0000] {logging_mixin.py:137} INFO - [2023-04-17T12:13:02.565+0000] {dag.py:3456} INFO - Setting next_dagrun for example_branch_dop_operator_v3 to 2023-04-17T12:12:00+00:00, run_after=2023-04-17T12:13:00+00:00
[2023-04-17T12:13:02.582+0000] {processor.py:175} INFO - Processing /home/airflow/.local/lib/python3.7/site-packages/airflow/example_dags/example_branch_python_dop_operator_3.py took 0.097 seconds
[2023-04-17T12:13:32.818+0000] {processor.py:153} INFO - Started process (PID=316) to work on /home/airflow/.local/lib/python3.7/site-packages/airflow/example_dags/example_branch_python_dop_operator_3.py
[2023-04-17T12:13:32.819+0000] {processor.py:743} INFO - Processing file /home/airflow/.local/lib/python3.7/site-packages/airflow/example_dags/example_branch_python_dop_operator_3.py for tasks to queue
[2023-04-17T12:13:32.820+0000] {logging_mixin.py:137} INFO - [2023-04-17T12:13:32.820+0000] {dagbag.py:532} INFO - Filling up the DagBag from /home/airflow/.local/lib/python3.7/site-packages/airflow/example_dags/example_branch_python_dop_operator_3.py
[2023-04-17T12:13:32.843+0000] {processor.py:753} INFO - DAG(s) dict_keys(['example_branch_dop_operator_v3']) retrieved from /home/airflow/.local/lib/python3.7/site-packages/airflow/example_dags/example_branch_python_dop_operator_3.py
[2023-04-17T12:13:32.867+0000] {logging_mixin.py:137} INFO - [2023-04-17T12:13:32.867+0000] {dag.py:2705} INFO - Sync 1 DAGs
[2023-04-17T12:13:32.895+0000] {logging_mixin.py:137} INFO - [2023-04-17T12:13:32.895+0000] {dag.py:3456} INFO - Setting next_dagrun for example_branch_dop_operator_v3 to 2023-04-17T12:12:00+00:00, run_after=2023-04-17T12:13:00+00:00
[2023-04-17T12:13:32.912+0000] {processor.py:175} INFO - Processing /home/airflow/.local/lib/python3.7/site-packages/airflow/example_dags/example_branch_python_dop_operator_3.py took 0.097 seconds
