[2023-04-17T12:10:59.632+0000] {processor.py:153} INFO - Started process (PID=65) to work on /home/airflow/.local/lib/python3.7/site-packages/airflow/example_dags/example_latest_only.py
[2023-04-17T12:10:59.633+0000] {processor.py:743} INFO - Processing file /home/airflow/.local/lib/python3.7/site-packages/airflow/example_dags/example_latest_only.py for tasks to queue
[2023-04-17T12:10:59.638+0000] {logging_mixin.py:137} INFO - [2023-04-17T12:10:59.638+0000] {dagbag.py:532} INFO - Filling up the DagBag from /home/airflow/.local/lib/python3.7/site-packages/airflow/example_dags/example_latest_only.py
[2023-04-17T12:10:59.733+0000] {processor.py:753} INFO - DAG(s) dict_keys(['latest_only']) retrieved from /home/airflow/.local/lib/python3.7/site-packages/airflow/example_dags/example_latest_only.py
[2023-04-17T12:10:59.874+0000] {logging_mixin.py:137} INFO - [2023-04-17T12:10:59.874+0000] {dag.py:2705} INFO - Sync 1 DAGs
[2023-04-17T12:11:00.011+0000] {logging_mixin.py:137} INFO - [2023-04-17T12:11:00.011+0000] {dag.py:3456} INFO - Setting next_dagrun for latest_only to 2023-04-17T08:11:00.011388+00:00, run_after=2023-04-17T12:11:00.011388+00:00
[2023-04-17T12:11:00.111+0000] {processor.py:175} INFO - Processing /home/airflow/.local/lib/python3.7/site-packages/airflow/example_dags/example_latest_only.py took 0.503 seconds
[2023-04-17T12:11:30.865+0000] {processor.py:153} INFO - Started process (PID=115) to work on /home/airflow/.local/lib/python3.7/site-packages/airflow/example_dags/example_latest_only.py
[2023-04-17T12:11:30.866+0000] {processor.py:743} INFO - Processing file /home/airflow/.local/lib/python3.7/site-packages/airflow/example_dags/example_latest_only.py for tasks to queue
[2023-04-17T12:11:30.867+0000] {logging_mixin.py:137} INFO - [2023-04-17T12:11:30.867+0000] {dagbag.py:532} INFO - Filling up the DagBag from /home/airflow/.local/lib/python3.7/site-packages/airflow/example_dags/example_latest_only.py
[2023-04-17T12:11:30.886+0000] {processor.py:753} INFO - DAG(s) dict_keys(['latest_only']) retrieved from /home/airflow/.local/lib/python3.7/site-packages/airflow/example_dags/example_latest_only.py
[2023-04-17T12:11:30.921+0000] {logging_mixin.py:137} INFO - [2023-04-17T12:11:30.921+0000] {dag.py:2705} INFO - Sync 1 DAGs
[2023-04-17T12:11:30.963+0000] {logging_mixin.py:137} INFO - [2023-04-17T12:11:30.963+0000] {dag.py:3456} INFO - Setting next_dagrun for latest_only to 2023-04-17T08:11:30.962928+00:00, run_after=2023-04-17T12:11:30.962928+00:00
[2023-04-17T12:11:31.000+0000] {processor.py:175} INFO - Processing /home/airflow/.local/lib/python3.7/site-packages/airflow/example_dags/example_latest_only.py took 0.139 seconds
[2023-04-17T12:12:01.217+0000] {processor.py:153} INFO - Started process (PID=165) to work on /home/airflow/.local/lib/python3.7/site-packages/airflow/example_dags/example_latest_only.py
[2023-04-17T12:12:01.218+0000] {processor.py:743} INFO - Processing file /home/airflow/.local/lib/python3.7/site-packages/airflow/example_dags/example_latest_only.py for tasks to queue
[2023-04-17T12:12:01.218+0000] {logging_mixin.py:137} INFO - [2023-04-17T12:12:01.218+0000] {dagbag.py:532} INFO - Filling up the DagBag from /home/airflow/.local/lib/python3.7/site-packages/airflow/example_dags/example_latest_only.py
[2023-04-17T12:12:01.236+0000] {processor.py:753} INFO - DAG(s) dict_keys(['latest_only']) retrieved from /home/airflow/.local/lib/python3.7/site-packages/airflow/example_dags/example_latest_only.py
[2023-04-17T12:12:01.270+0000] {logging_mixin.py:137} INFO - [2023-04-17T12:12:01.270+0000] {dag.py:2705} INFO - Sync 1 DAGs
[2023-04-17T12:12:01.309+0000] {logging_mixin.py:137} INFO - [2023-04-17T12:12:01.308+0000] {dag.py:3456} INFO - Setting next_dagrun for latest_only to 2023-04-17T08:12:01.308610+00:00, run_after=2023-04-17T12:12:01.308610+00:00
[2023-04-17T12:12:01.332+0000] {processor.py:175} INFO - Processing /home/airflow/.local/lib/python3.7/site-packages/airflow/example_dags/example_latest_only.py took 0.125 seconds
[2023-04-17T12:12:31.919+0000] {processor.py:153} INFO - Started process (PID=214) to work on /home/airflow/.local/lib/python3.7/site-packages/airflow/example_dags/example_latest_only.py
[2023-04-17T12:12:31.920+0000] {processor.py:743} INFO - Processing file /home/airflow/.local/lib/python3.7/site-packages/airflow/example_dags/example_latest_only.py for tasks to queue
[2023-04-17T12:12:31.921+0000] {logging_mixin.py:137} INFO - [2023-04-17T12:12:31.921+0000] {dagbag.py:532} INFO - Filling up the DagBag from /home/airflow/.local/lib/python3.7/site-packages/airflow/example_dags/example_latest_only.py
[2023-04-17T12:12:31.940+0000] {processor.py:753} INFO - DAG(s) dict_keys(['latest_only']) retrieved from /home/airflow/.local/lib/python3.7/site-packages/airflow/example_dags/example_latest_only.py
[2023-04-17T12:12:31.975+0000] {logging_mixin.py:137} INFO - [2023-04-17T12:12:31.975+0000] {dag.py:2705} INFO - Sync 1 DAGs
[2023-04-17T12:12:32.014+0000] {logging_mixin.py:137} INFO - [2023-04-17T12:12:32.014+0000] {dag.py:3456} INFO - Setting next_dagrun for latest_only to 2023-04-17T08:12:32.014284+00:00, run_after=2023-04-17T12:12:32.014284+00:00
[2023-04-17T12:12:32.038+0000] {processor.py:175} INFO - Processing /home/airflow/.local/lib/python3.7/site-packages/airflow/example_dags/example_latest_only.py took 0.123 seconds
[2023-04-17T12:13:02.343+0000] {processor.py:153} INFO - Started process (PID=264) to work on /home/airflow/.local/lib/python3.7/site-packages/airflow/example_dags/example_latest_only.py
[2023-04-17T12:13:02.345+0000] {processor.py:743} INFO - Processing file /home/airflow/.local/lib/python3.7/site-packages/airflow/example_dags/example_latest_only.py for tasks to queue
[2023-04-17T12:13:02.346+0000] {logging_mixin.py:137} INFO - [2023-04-17T12:13:02.346+0000] {dagbag.py:532} INFO - Filling up the DagBag from /home/airflow/.local/lib/python3.7/site-packages/airflow/example_dags/example_latest_only.py
[2023-04-17T12:13:02.365+0000] {processor.py:753} INFO - DAG(s) dict_keys(['latest_only']) retrieved from /home/airflow/.local/lib/python3.7/site-packages/airflow/example_dags/example_latest_only.py
[2023-04-17T12:13:02.400+0000] {logging_mixin.py:137} INFO - [2023-04-17T12:13:02.400+0000] {dag.py:2705} INFO - Sync 1 DAGs
[2023-04-17T12:13:02.442+0000] {logging_mixin.py:137} INFO - [2023-04-17T12:13:02.441+0000] {dag.py:3456} INFO - Setting next_dagrun for latest_only to 2023-04-17T08:13:02.441633+00:00, run_after=2023-04-17T12:13:02.441633+00:00
[2023-04-17T12:13:02.465+0000] {processor.py:175} INFO - Processing /home/airflow/.local/lib/python3.7/site-packages/airflow/example_dags/example_latest_only.py took 0.126 seconds
[2023-04-17T12:13:32.673+0000] {processor.py:153} INFO - Started process (PID=314) to work on /home/airflow/.local/lib/python3.7/site-packages/airflow/example_dags/example_latest_only.py
[2023-04-17T12:13:32.675+0000] {processor.py:743} INFO - Processing file /home/airflow/.local/lib/python3.7/site-packages/airflow/example_dags/example_latest_only.py for tasks to queue
[2023-04-17T12:13:32.675+0000] {logging_mixin.py:137} INFO - [2023-04-17T12:13:32.675+0000] {dagbag.py:532} INFO - Filling up the DagBag from /home/airflow/.local/lib/python3.7/site-packages/airflow/example_dags/example_latest_only.py
[2023-04-17T12:13:32.694+0000] {processor.py:753} INFO - DAG(s) dict_keys(['latest_only']) retrieved from /home/airflow/.local/lib/python3.7/site-packages/airflow/example_dags/example_latest_only.py
[2023-04-17T12:13:32.728+0000] {logging_mixin.py:137} INFO - [2023-04-17T12:13:32.728+0000] {dag.py:2705} INFO - Sync 1 DAGs
[2023-04-17T12:13:32.774+0000] {logging_mixin.py:137} INFO - [2023-04-17T12:13:32.774+0000] {dag.py:3456} INFO - Setting next_dagrun for latest_only to 2023-04-17T08:13:32.774212+00:00, run_after=2023-04-17T12:13:32.774212+00:00
[2023-04-17T12:13:32.798+0000] {processor.py:175} INFO - Processing /home/airflow/.local/lib/python3.7/site-packages/airflow/example_dags/example_latest_only.py took 0.129 seconds
