[2023-04-17T12:10:51.945+0000] {processor.py:153} INFO - Started process (PID=37) to work on /home/airflow/.local/lib/python3.7/site-packages/airflow/example_dags/example_task_group_decorator.py
[2023-04-17T12:10:51.974+0000] {processor.py:743} INFO - Processing file /home/airflow/.local/lib/python3.7/site-packages/airflow/example_dags/example_task_group_decorator.py for tasks to queue
[2023-04-17T12:10:51.975+0000] {logging_mixin.py:137} INFO - [2023-04-17T12:10:51.974+0000] {dagbag.py:532} INFO - Filling up the DagBag from /home/airflow/.local/lib/python3.7/site-packages/airflow/example_dags/example_task_group_decorator.py
[2023-04-17T12:10:52.116+0000] {processor.py:753} INFO - DAG(s) dict_keys(['example_task_group_decorator']) retrieved from /home/airflow/.local/lib/python3.7/site-packages/airflow/example_dags/example_task_group_decorator.py
[2023-04-17T12:10:52.201+0000] {logging_mixin.py:137} INFO - [2023-04-17T12:10:52.200+0000] {dag.py:2705} INFO - Sync 1 DAGs
[2023-04-17T12:10:52.307+0000] {logging_mixin.py:137} INFO - [2023-04-17T12:10:52.306+0000] {dag.py:3456} INFO - Setting next_dagrun for example_task_group_decorator to 2023-04-16T12:10:52.306603+00:00, run_after=2023-04-17T12:10:52.306603+00:00
[2023-04-17T12:10:52.406+0000] {processor.py:175} INFO - Processing /home/airflow/.local/lib/python3.7/site-packages/airflow/example_dags/example_task_group_decorator.py took 0.466 seconds
[2023-04-17T12:11:22.977+0000] {processor.py:153} INFO - Started process (PID=94) to work on /home/airflow/.local/lib/python3.7/site-packages/airflow/example_dags/example_task_group_decorator.py
[2023-04-17T12:11:22.978+0000] {processor.py:743} INFO - Processing file /home/airflow/.local/lib/python3.7/site-packages/airflow/example_dags/example_task_group_decorator.py for tasks to queue
[2023-04-17T12:11:22.979+0000] {logging_mixin.py:137} INFO - [2023-04-17T12:11:22.978+0000] {dagbag.py:532} INFO - Filling up the DagBag from /home/airflow/.local/lib/python3.7/site-packages/airflow/example_dags/example_task_group_decorator.py
[2023-04-17T12:11:23.021+0000] {processor.py:753} INFO - DAG(s) dict_keys(['example_task_group_decorator']) retrieved from /home/airflow/.local/lib/python3.7/site-packages/airflow/example_dags/example_task_group_decorator.py
[2023-04-17T12:11:23.066+0000] {logging_mixin.py:137} INFO - [2023-04-17T12:11:23.066+0000] {dag.py:2705} INFO - Sync 1 DAGs
[2023-04-17T12:11:23.125+0000] {logging_mixin.py:137} INFO - [2023-04-17T12:11:23.125+0000] {dag.py:3456} INFO - Setting next_dagrun for example_task_group_decorator to 2023-04-16T12:11:23.124724+00:00, run_after=2023-04-17T12:11:23.124724+00:00
[2023-04-17T12:11:23.150+0000] {processor.py:175} INFO - Processing /home/airflow/.local/lib/python3.7/site-packages/airflow/example_dags/example_task_group_decorator.py took 0.177 seconds
[2023-04-17T12:11:53.592+0000] {processor.py:153} INFO - Started process (PID=144) to work on /home/airflow/.local/lib/python3.7/site-packages/airflow/example_dags/example_task_group_decorator.py
[2023-04-17T12:11:53.593+0000] {processor.py:743} INFO - Processing file /home/airflow/.local/lib/python3.7/site-packages/airflow/example_dags/example_task_group_decorator.py for tasks to queue
[2023-04-17T12:11:53.594+0000] {logging_mixin.py:137} INFO - [2023-04-17T12:11:53.594+0000] {dagbag.py:532} INFO - Filling up the DagBag from /home/airflow/.local/lib/python3.7/site-packages/airflow/example_dags/example_task_group_decorator.py
[2023-04-17T12:11:53.638+0000] {processor.py:753} INFO - DAG(s) dict_keys(['example_task_group_decorator']) retrieved from /home/airflow/.local/lib/python3.7/site-packages/airflow/example_dags/example_task_group_decorator.py
[2023-04-17T12:11:53.680+0000] {logging_mixin.py:137} INFO - [2023-04-17T12:11:53.680+0000] {dag.py:2705} INFO - Sync 1 DAGs
[2023-04-17T12:11:53.718+0000] {logging_mixin.py:137} INFO - [2023-04-17T12:11:53.718+0000] {dag.py:3456} INFO - Setting next_dagrun for example_task_group_decorator to 2023-04-16T12:11:53.718013+00:00, run_after=2023-04-17T12:11:53.718013+00:00
[2023-04-17T12:11:53.742+0000] {processor.py:175} INFO - Processing /home/airflow/.local/lib/python3.7/site-packages/airflow/example_dags/example_task_group_decorator.py took 0.155 seconds
[2023-04-17T12:12:24.285+0000] {processor.py:153} INFO - Started process (PID=193) to work on /home/airflow/.local/lib/python3.7/site-packages/airflow/example_dags/example_task_group_decorator.py
[2023-04-17T12:12:24.286+0000] {processor.py:743} INFO - Processing file /home/airflow/.local/lib/python3.7/site-packages/airflow/example_dags/example_task_group_decorator.py for tasks to queue
[2023-04-17T12:12:24.287+0000] {logging_mixin.py:137} INFO - [2023-04-17T12:12:24.286+0000] {dagbag.py:532} INFO - Filling up the DagBag from /home/airflow/.local/lib/python3.7/site-packages/airflow/example_dags/example_task_group_decorator.py
[2023-04-17T12:12:24.331+0000] {processor.py:753} INFO - DAG(s) dict_keys(['example_task_group_decorator']) retrieved from /home/airflow/.local/lib/python3.7/site-packages/airflow/example_dags/example_task_group_decorator.py
[2023-04-17T12:12:24.372+0000] {logging_mixin.py:137} INFO - [2023-04-17T12:12:24.372+0000] {dag.py:2705} INFO - Sync 1 DAGs
[2023-04-17T12:12:24.410+0000] {logging_mixin.py:137} INFO - [2023-04-17T12:12:24.410+0000] {dag.py:3456} INFO - Setting next_dagrun for example_task_group_decorator to 2023-04-16T12:12:24.409444+00:00, run_after=2023-04-17T12:12:24.409444+00:00
[2023-04-17T12:12:24.452+0000] {processor.py:175} INFO - Processing /home/airflow/.local/lib/python3.7/site-packages/airflow/example_dags/example_task_group_decorator.py took 0.172 seconds
[2023-04-17T12:12:54.805+0000] {processor.py:153} INFO - Started process (PID=243) to work on /home/airflow/.local/lib/python3.7/site-packages/airflow/example_dags/example_task_group_decorator.py
[2023-04-17T12:12:54.810+0000] {processor.py:743} INFO - Processing file /home/airflow/.local/lib/python3.7/site-packages/airflow/example_dags/example_task_group_decorator.py for tasks to queue
[2023-04-17T12:12:54.811+0000] {logging_mixin.py:137} INFO - [2023-04-17T12:12:54.810+0000] {dagbag.py:532} INFO - Filling up the DagBag from /home/airflow/.local/lib/python3.7/site-packages/airflow/example_dags/example_task_group_decorator.py
[2023-04-17T12:12:54.865+0000] {processor.py:753} INFO - DAG(s) dict_keys(['example_task_group_decorator']) retrieved from /home/airflow/.local/lib/python3.7/site-packages/airflow/example_dags/example_task_group_decorator.py
[2023-04-17T12:12:54.906+0000] {logging_mixin.py:137} INFO - [2023-04-17T12:12:54.906+0000] {dag.py:2705} INFO - Sync 1 DAGs
[2023-04-17T12:12:54.944+0000] {logging_mixin.py:137} INFO - [2023-04-17T12:12:54.944+0000] {dag.py:3456} INFO - Setting next_dagrun for example_task_group_decorator to 2023-04-16T12:12:54.944458+00:00, run_after=2023-04-17T12:12:54.944458+00:00
[2023-04-17T12:12:54.968+0000] {processor.py:175} INFO - Processing /home/airflow/.local/lib/python3.7/site-packages/airflow/example_dags/example_task_group_decorator.py took 0.167 seconds
[2023-04-17T12:13:25.098+0000] {processor.py:153} INFO - Started process (PID=293) to work on /home/airflow/.local/lib/python3.7/site-packages/airflow/example_dags/example_task_group_decorator.py
[2023-04-17T12:13:25.099+0000] {processor.py:743} INFO - Processing file /home/airflow/.local/lib/python3.7/site-packages/airflow/example_dags/example_task_group_decorator.py for tasks to queue
[2023-04-17T12:13:25.099+0000] {logging_mixin.py:137} INFO - [2023-04-17T12:13:25.099+0000] {dagbag.py:532} INFO - Filling up the DagBag from /home/airflow/.local/lib/python3.7/site-packages/airflow/example_dags/example_task_group_decorator.py
[2023-04-17T12:13:25.154+0000] {processor.py:753} INFO - DAG(s) dict_keys(['example_task_group_decorator']) retrieved from /home/airflow/.local/lib/python3.7/site-packages/airflow/example_dags/example_task_group_decorator.py
[2023-04-17T12:13:25.241+0000] {logging_mixin.py:137} INFO - [2023-04-17T12:13:25.241+0000] {dag.py:2705} INFO - Sync 1 DAGs
[2023-04-17T12:13:25.278+0000] {logging_mixin.py:137} INFO - [2023-04-17T12:13:25.278+0000] {dag.py:3456} INFO - Setting next_dagrun for example_task_group_decorator to 2023-04-16T12:13:25.278135+00:00, run_after=2023-04-17T12:13:25.278135+00:00
[2023-04-17T12:13:25.319+0000] {processor.py:175} INFO - Processing /home/airflow/.local/lib/python3.7/site-packages/airflow/example_dags/example_task_group_decorator.py took 0.228 seconds
