[2023-04-17T12:10:50.776+0000] {processor.py:153} INFO - Started process (PID=32) to work on /home/airflow/.local/lib/python3.7/site-packages/airflow/example_dags/example_kubernetes_executor.py
[2023-04-17T12:10:50.779+0000] {processor.py:743} INFO - Processing file /home/airflow/.local/lib/python3.7/site-packages/airflow/example_dags/example_kubernetes_executor.py for tasks to queue
[2023-04-17T12:10:50.783+0000] {logging_mixin.py:137} INFO - [2023-04-17T12:10:50.783+0000] {dagbag.py:532} INFO - Filling up the DagBag from /home/airflow/.local/lib/python3.7/site-packages/airflow/example_dags/example_kubernetes_executor.py
[2023-04-17T12:10:51.033+0000] {processor.py:753} INFO - DAG(s) dict_keys(['example_kubernetes_executor']) retrieved from /home/airflow/.local/lib/python3.7/site-packages/airflow/example_dags/example_kubernetes_executor.py
[2023-04-17T12:10:51.261+0000] {logging_mixin.py:137} INFO - [2023-04-17T12:10:51.260+0000] {dag.py:2705} INFO - Sync 1 DAGs
[2023-04-17T12:10:51.370+0000] {logging_mixin.py:137} INFO - [2023-04-17T12:10:51.370+0000] {dag.py:3456} INFO - Setting next_dagrun for example_kubernetes_executor to None, run_after=None
[2023-04-17T12:10:51.424+0000] {processor.py:175} INFO - Processing /home/airflow/.local/lib/python3.7/site-packages/airflow/example_dags/example_kubernetes_executor.py took 0.664 seconds
[2023-04-17T12:11:21.639+0000] {processor.py:153} INFO - Started process (PID=82) to work on /home/airflow/.local/lib/python3.7/site-packages/airflow/example_dags/example_kubernetes_executor.py
[2023-04-17T12:11:21.640+0000] {processor.py:743} INFO - Processing file /home/airflow/.local/lib/python3.7/site-packages/airflow/example_dags/example_kubernetes_executor.py for tasks to queue
[2023-04-17T12:11:21.641+0000] {logging_mixin.py:137} INFO - [2023-04-17T12:11:21.640+0000] {dagbag.py:532} INFO - Filling up the DagBag from /home/airflow/.local/lib/python3.7/site-packages/airflow/example_dags/example_kubernetes_executor.py
[2023-04-17T12:11:21.684+0000] {processor.py:753} INFO - DAG(s) dict_keys(['example_kubernetes_executor']) retrieved from /home/airflow/.local/lib/python3.7/site-packages/airflow/example_dags/example_kubernetes_executor.py
[2023-04-17T12:11:21.728+0000] {logging_mixin.py:137} INFO - [2023-04-17T12:11:21.728+0000] {dag.py:2705} INFO - Sync 1 DAGs
[2023-04-17T12:11:21.769+0000] {logging_mixin.py:137} INFO - [2023-04-17T12:11:21.768+0000] {dag.py:3456} INFO - Setting next_dagrun for example_kubernetes_executor to None, run_after=None
[2023-04-17T12:11:21.792+0000] {processor.py:175} INFO - Processing /home/airflow/.local/lib/python3.7/site-packages/airflow/example_dags/example_kubernetes_executor.py took 0.157 seconds
[2023-04-17T12:11:52.264+0000] {processor.py:153} INFO - Started process (PID=132) to work on /home/airflow/.local/lib/python3.7/site-packages/airflow/example_dags/example_kubernetes_executor.py
[2023-04-17T12:11:52.266+0000] {processor.py:743} INFO - Processing file /home/airflow/.local/lib/python3.7/site-packages/airflow/example_dags/example_kubernetes_executor.py for tasks to queue
[2023-04-17T12:11:52.267+0000] {logging_mixin.py:137} INFO - [2023-04-17T12:11:52.266+0000] {dagbag.py:532} INFO - Filling up the DagBag from /home/airflow/.local/lib/python3.7/site-packages/airflow/example_dags/example_kubernetes_executor.py
[2023-04-17T12:11:52.311+0000] {processor.py:753} INFO - DAG(s) dict_keys(['example_kubernetes_executor']) retrieved from /home/airflow/.local/lib/python3.7/site-packages/airflow/example_dags/example_kubernetes_executor.py
[2023-04-17T12:11:52.358+0000] {logging_mixin.py:137} INFO - [2023-04-17T12:11:52.358+0000] {dag.py:2705} INFO - Sync 1 DAGs
[2023-04-17T12:11:52.396+0000] {logging_mixin.py:137} INFO - [2023-04-17T12:11:52.395+0000] {dag.py:3456} INFO - Setting next_dagrun for example_kubernetes_executor to None, run_after=None
[2023-04-17T12:11:52.419+0000] {processor.py:175} INFO - Processing /home/airflow/.local/lib/python3.7/site-packages/airflow/example_dags/example_kubernetes_executor.py took 0.158 seconds
[2023-04-17T12:12:22.952+0000] {processor.py:153} INFO - Started process (PID=188) to work on /home/airflow/.local/lib/python3.7/site-packages/airflow/example_dags/example_kubernetes_executor.py
[2023-04-17T12:12:22.952+0000] {processor.py:743} INFO - Processing file /home/airflow/.local/lib/python3.7/site-packages/airflow/example_dags/example_kubernetes_executor.py for tasks to queue
[2023-04-17T12:12:22.953+0000] {logging_mixin.py:137} INFO - [2023-04-17T12:12:22.953+0000] {dagbag.py:532} INFO - Filling up the DagBag from /home/airflow/.local/lib/python3.7/site-packages/airflow/example_dags/example_kubernetes_executor.py
[2023-04-17T12:12:22.997+0000] {processor.py:753} INFO - DAG(s) dict_keys(['example_kubernetes_executor']) retrieved from /home/airflow/.local/lib/python3.7/site-packages/airflow/example_dags/example_kubernetes_executor.py
[2023-04-17T12:12:23.041+0000] {logging_mixin.py:137} INFO - [2023-04-17T12:12:23.041+0000] {dag.py:2705} INFO - Sync 1 DAGs
[2023-04-17T12:12:23.080+0000] {logging_mixin.py:137} INFO - [2023-04-17T12:12:23.079+0000] {dag.py:3456} INFO - Setting next_dagrun for example_kubernetes_executor to None, run_after=None
[2023-04-17T12:12:23.104+0000] {processor.py:175} INFO - Processing /home/airflow/.local/lib/python3.7/site-packages/airflow/example_dags/example_kubernetes_executor.py took 0.157 seconds
[2023-04-17T12:12:53.350+0000] {processor.py:153} INFO - Started process (PID=238) to work on /home/airflow/.local/lib/python3.7/site-packages/airflow/example_dags/example_kubernetes_executor.py
[2023-04-17T12:12:53.352+0000] {processor.py:743} INFO - Processing file /home/airflow/.local/lib/python3.7/site-packages/airflow/example_dags/example_kubernetes_executor.py for tasks to queue
[2023-04-17T12:12:53.353+0000] {logging_mixin.py:137} INFO - [2023-04-17T12:12:53.352+0000] {dagbag.py:532} INFO - Filling up the DagBag from /home/airflow/.local/lib/python3.7/site-packages/airflow/example_dags/example_kubernetes_executor.py
[2023-04-17T12:12:53.397+0000] {processor.py:753} INFO - DAG(s) dict_keys(['example_kubernetes_executor']) retrieved from /home/airflow/.local/lib/python3.7/site-packages/airflow/example_dags/example_kubernetes_executor.py
[2023-04-17T12:12:53.439+0000] {logging_mixin.py:137} INFO - [2023-04-17T12:12:53.439+0000] {dag.py:2705} INFO - Sync 1 DAGs
[2023-04-17T12:12:53.479+0000] {logging_mixin.py:137} INFO - [2023-04-17T12:12:53.478+0000] {dag.py:3456} INFO - Setting next_dagrun for example_kubernetes_executor to None, run_after=None
[2023-04-17T12:12:53.502+0000] {processor.py:175} INFO - Processing /home/airflow/.local/lib/python3.7/site-packages/airflow/example_dags/example_kubernetes_executor.py took 0.157 seconds
[2023-04-17T12:13:23.602+0000] {processor.py:153} INFO - Started process (PID=288) to work on /home/airflow/.local/lib/python3.7/site-packages/airflow/example_dags/example_kubernetes_executor.py
[2023-04-17T12:13:23.603+0000] {processor.py:743} INFO - Processing file /home/airflow/.local/lib/python3.7/site-packages/airflow/example_dags/example_kubernetes_executor.py for tasks to queue
[2023-04-17T12:13:23.603+0000] {logging_mixin.py:137} INFO - [2023-04-17T12:13:23.603+0000] {dagbag.py:532} INFO - Filling up the DagBag from /home/airflow/.local/lib/python3.7/site-packages/airflow/example_dags/example_kubernetes_executor.py
[2023-04-17T12:13:23.632+0000] {processor.py:753} INFO - DAG(s) dict_keys(['example_kubernetes_executor']) retrieved from /home/airflow/.local/lib/python3.7/site-packages/airflow/example_dags/example_kubernetes_executor.py
[2023-04-17T12:13:23.661+0000] {logging_mixin.py:137} INFO - [2023-04-17T12:13:23.660+0000] {dag.py:2705} INFO - Sync 1 DAGs
[2023-04-17T12:13:23.684+0000] {logging_mixin.py:137} INFO - [2023-04-17T12:13:23.684+0000] {dag.py:3456} INFO - Setting next_dagrun for example_kubernetes_executor to None, run_after=None
[2023-04-17T12:13:23.724+0000] {processor.py:175} INFO - Processing /home/airflow/.local/lib/python3.7/site-packages/airflow/example_dags/example_kubernetes_executor.py took 0.126 seconds
