[2023-04-17T12:10:56.324+0000] {processor.py:153} INFO - Started process (PID=56) to work on /home/airflow/.local/lib/python3.7/site-packages/airflow/example_dags/example_python_operator.py
[2023-04-17T12:10:56.330+0000] {processor.py:743} INFO - Processing file /home/airflow/.local/lib/python3.7/site-packages/airflow/example_dags/example_python_operator.py for tasks to queue
[2023-04-17T12:10:56.331+0000] {logging_mixin.py:137} INFO - [2023-04-17T12:10:56.331+0000] {dagbag.py:532} INFO - Filling up the DagBag from /home/airflow/.local/lib/python3.7/site-packages/airflow/example_dags/example_python_operator.py
[2023-04-17T12:10:56.446+0000] {logging_mixin.py:137} INFO - [2023-04-17T12:10:56.445+0000] {taskmixin.py:211} WARNING - Dependency <Task(_PythonDecoratedOperator): print_the_context>, log_sql_query already registered for DAG: example_python_operator
[2023-04-17T12:10:56.446+0000] {logging_mixin.py:137} INFO - [2023-04-17T12:10:56.446+0000] {taskmixin.py:211} WARNING - Dependency <Task(_PythonDecoratedOperator): log_sql_query>, print_the_context already registered for DAG: example_python_operator
[2023-04-17T12:10:56.447+0000] {logging_mixin.py:137} INFO - [2023-04-17T12:10:56.447+0000] {taskmixin.py:211} WARNING - Dependency <Task(_PythonDecoratedOperator): print_the_context>, log_sql_query already registered for DAG: example_python_operator
[2023-04-17T12:10:56.447+0000] {logging_mixin.py:137} INFO - [2023-04-17T12:10:56.447+0000] {taskmixin.py:211} WARNING - Dependency <Task(_PythonDecoratedOperator): log_sql_query>, print_the_context already registered for DAG: example_python_operator
[2023-04-17T12:10:56.458+0000] {logging_mixin.py:137} INFO - [2023-04-17T12:10:56.458+0000] {taskmixin.py:211} WARNING - Dependency <Task(_PythonDecoratedOperator): print_the_context>, log_sql_query already registered for DAG: example_python_operator
[2023-04-17T12:10:56.459+0000] {logging_mixin.py:137} INFO - [2023-04-17T12:10:56.458+0000] {taskmixin.py:211} WARNING - Dependency <Task(_PythonDecoratedOperator): log_sql_query>, print_the_context already registered for DAG: example_python_operator
[2023-04-17T12:10:56.460+0000] {logging_mixin.py:137} INFO - [2023-04-17T12:10:56.460+0000] {taskmixin.py:211} WARNING - Dependency <Task(_PythonDecoratedOperator): print_the_context>, log_sql_query already registered for DAG: example_python_operator
[2023-04-17T12:10:56.460+0000] {logging_mixin.py:137} INFO - [2023-04-17T12:10:56.460+0000] {taskmixin.py:211} WARNING - Dependency <Task(_PythonDecoratedOperator): log_sql_query>, print_the_context already registered for DAG: example_python_operator
[2023-04-17T12:10:56.490+0000] {processor.py:753} INFO - DAG(s) dict_keys(['example_python_operator']) retrieved from /home/airflow/.local/lib/python3.7/site-packages/airflow/example_dags/example_python_operator.py
[2023-04-17T12:10:56.934+0000] {logging_mixin.py:137} INFO - [2023-04-17T12:10:56.934+0000] {dag.py:2705} INFO - Sync 1 DAGs
[2023-04-17T12:10:57.042+0000] {logging_mixin.py:137} INFO - [2023-04-17T12:10:57.042+0000] {dag.py:3456} INFO - Setting next_dagrun for example_python_operator to None, run_after=None
[2023-04-17T12:10:57.109+0000] {processor.py:175} INFO - Processing /home/airflow/.local/lib/python3.7/site-packages/airflow/example_dags/example_python_operator.py took 0.801 seconds
[2023-04-17T12:11:27.292+0000] {processor.py:153} INFO - Started process (PID=106) to work on /home/airflow/.local/lib/python3.7/site-packages/airflow/example_dags/example_python_operator.py
[2023-04-17T12:11:27.293+0000] {processor.py:743} INFO - Processing file /home/airflow/.local/lib/python3.7/site-packages/airflow/example_dags/example_python_operator.py for tasks to queue
[2023-04-17T12:11:27.293+0000] {logging_mixin.py:137} INFO - [2023-04-17T12:11:27.293+0000] {dagbag.py:532} INFO - Filling up the DagBag from /home/airflow/.local/lib/python3.7/site-packages/airflow/example_dags/example_python_operator.py
[2023-04-17T12:11:27.310+0000] {logging_mixin.py:137} INFO - [2023-04-17T12:11:27.310+0000] {taskmixin.py:211} WARNING - Dependency <Task(_PythonDecoratedOperator): print_the_context>, log_sql_query already registered for DAG: example_python_operator
[2023-04-17T12:11:27.310+0000] {logging_mixin.py:137} INFO - [2023-04-17T12:11:27.310+0000] {taskmixin.py:211} WARNING - Dependency <Task(_PythonDecoratedOperator): log_sql_query>, print_the_context already registered for DAG: example_python_operator
[2023-04-17T12:11:27.311+0000] {logging_mixin.py:137} INFO - [2023-04-17T12:11:27.311+0000] {taskmixin.py:211} WARNING - Dependency <Task(_PythonDecoratedOperator): print_the_context>, log_sql_query already registered for DAG: example_python_operator
[2023-04-17T12:11:27.311+0000] {logging_mixin.py:137} INFO - [2023-04-17T12:11:27.311+0000] {taskmixin.py:211} WARNING - Dependency <Task(_PythonDecoratedOperator): log_sql_query>, print_the_context already registered for DAG: example_python_operator
[2023-04-17T12:11:27.312+0000] {logging_mixin.py:137} INFO - [2023-04-17T12:11:27.312+0000] {taskmixin.py:211} WARNING - Dependency <Task(_PythonDecoratedOperator): print_the_context>, log_sql_query already registered for DAG: example_python_operator
[2023-04-17T12:11:27.312+0000] {logging_mixin.py:137} INFO - [2023-04-17T12:11:27.312+0000] {taskmixin.py:211} WARNING - Dependency <Task(_PythonDecoratedOperator): log_sql_query>, print_the_context already registered for DAG: example_python_operator
[2023-04-17T12:11:27.312+0000] {logging_mixin.py:137} INFO - [2023-04-17T12:11:27.312+0000] {taskmixin.py:211} WARNING - Dependency <Task(_PythonDecoratedOperator): print_the_context>, log_sql_query already registered for DAG: example_python_operator
[2023-04-17T12:11:27.313+0000] {logging_mixin.py:137} INFO - [2023-04-17T12:11:27.313+0000] {taskmixin.py:211} WARNING - Dependency <Task(_PythonDecoratedOperator): log_sql_query>, print_the_context already registered for DAG: example_python_operator
[2023-04-17T12:11:27.319+0000] {processor.py:753} INFO - DAG(s) dict_keys(['example_python_operator']) retrieved from /home/airflow/.local/lib/python3.7/site-packages/airflow/example_dags/example_python_operator.py
[2023-04-17T12:11:27.345+0000] {logging_mixin.py:137} INFO - [2023-04-17T12:11:27.344+0000] {dag.py:2705} INFO - Sync 1 DAGs
[2023-04-17T12:11:27.369+0000] {logging_mixin.py:137} INFO - [2023-04-17T12:11:27.369+0000] {dag.py:3456} INFO - Setting next_dagrun for example_python_operator to None, run_after=None
[2023-04-17T12:11:27.385+0000] {processor.py:175} INFO - Processing /home/airflow/.local/lib/python3.7/site-packages/airflow/example_dags/example_python_operator.py took 0.098 seconds
[2023-04-17T12:11:57.598+0000] {processor.py:153} INFO - Started process (PID=156) to work on /home/airflow/.local/lib/python3.7/site-packages/airflow/example_dags/example_python_operator.py
[2023-04-17T12:11:57.599+0000] {processor.py:743} INFO - Processing file /home/airflow/.local/lib/python3.7/site-packages/airflow/example_dags/example_python_operator.py for tasks to queue
[2023-04-17T12:11:57.599+0000] {logging_mixin.py:137} INFO - [2023-04-17T12:11:57.599+0000] {dagbag.py:532} INFO - Filling up the DagBag from /home/airflow/.local/lib/python3.7/site-packages/airflow/example_dags/example_python_operator.py
[2023-04-17T12:11:57.616+0000] {logging_mixin.py:137} INFO - [2023-04-17T12:11:57.616+0000] {taskmixin.py:211} WARNING - Dependency <Task(_PythonDecoratedOperator): print_the_context>, log_sql_query already registered for DAG: example_python_operator
[2023-04-17T12:11:57.616+0000] {logging_mixin.py:137} INFO - [2023-04-17T12:11:57.616+0000] {taskmixin.py:211} WARNING - Dependency <Task(_PythonDecoratedOperator): log_sql_query>, print_the_context already registered for DAG: example_python_operator
[2023-04-17T12:11:57.617+0000] {logging_mixin.py:137} INFO - [2023-04-17T12:11:57.617+0000] {taskmixin.py:211} WARNING - Dependency <Task(_PythonDecoratedOperator): print_the_context>, log_sql_query already registered for DAG: example_python_operator
[2023-04-17T12:11:57.617+0000] {logging_mixin.py:137} INFO - [2023-04-17T12:11:57.617+0000] {taskmixin.py:211} WARNING - Dependency <Task(_PythonDecoratedOperator): log_sql_query>, print_the_context already registered for DAG: example_python_operator
[2023-04-17T12:11:57.618+0000] {logging_mixin.py:137} INFO - [2023-04-17T12:11:57.618+0000] {taskmixin.py:211} WARNING - Dependency <Task(_PythonDecoratedOperator): print_the_context>, log_sql_query already registered for DAG: example_python_operator
[2023-04-17T12:11:57.618+0000] {logging_mixin.py:137} INFO - [2023-04-17T12:11:57.618+0000] {taskmixin.py:211} WARNING - Dependency <Task(_PythonDecoratedOperator): log_sql_query>, print_the_context already registered for DAG: example_python_operator
[2023-04-17T12:11:57.619+0000] {logging_mixin.py:137} INFO - [2023-04-17T12:11:57.619+0000] {taskmixin.py:211} WARNING - Dependency <Task(_PythonDecoratedOperator): print_the_context>, log_sql_query already registered for DAG: example_python_operator
[2023-04-17T12:11:57.619+0000] {logging_mixin.py:137} INFO - [2023-04-17T12:11:57.619+0000] {taskmixin.py:211} WARNING - Dependency <Task(_PythonDecoratedOperator): log_sql_query>, print_the_context already registered for DAG: example_python_operator
[2023-04-17T12:11:57.625+0000] {processor.py:753} INFO - DAG(s) dict_keys(['example_python_operator']) retrieved from /home/airflow/.local/lib/python3.7/site-packages/airflow/example_dags/example_python_operator.py
[2023-04-17T12:11:57.651+0000] {logging_mixin.py:137} INFO - [2023-04-17T12:11:57.651+0000] {dag.py:2705} INFO - Sync 1 DAGs
[2023-04-17T12:11:57.675+0000] {logging_mixin.py:137} INFO - [2023-04-17T12:11:57.675+0000] {dag.py:3456} INFO - Setting next_dagrun for example_python_operator to None, run_after=None
[2023-04-17T12:11:57.691+0000] {processor.py:175} INFO - Processing /home/airflow/.local/lib/python3.7/site-packages/airflow/example_dags/example_python_operator.py took 0.096 seconds
[2023-04-17T12:12:28.353+0000] {processor.py:153} INFO - Started process (PID=205) to work on /home/airflow/.local/lib/python3.7/site-packages/airflow/example_dags/example_python_operator.py
[2023-04-17T12:12:28.354+0000] {processor.py:743} INFO - Processing file /home/airflow/.local/lib/python3.7/site-packages/airflow/example_dags/example_python_operator.py for tasks to queue
[2023-04-17T12:12:28.355+0000] {logging_mixin.py:137} INFO - [2023-04-17T12:12:28.355+0000] {dagbag.py:532} INFO - Filling up the DagBag from /home/airflow/.local/lib/python3.7/site-packages/airflow/example_dags/example_python_operator.py
[2023-04-17T12:12:28.386+0000] {logging_mixin.py:137} INFO - [2023-04-17T12:12:28.386+0000] {taskmixin.py:211} WARNING - Dependency <Task(_PythonDecoratedOperator): print_the_context>, log_sql_query already registered for DAG: example_python_operator
[2023-04-17T12:12:28.386+0000] {logging_mixin.py:137} INFO - [2023-04-17T12:12:28.386+0000] {taskmixin.py:211} WARNING - Dependency <Task(_PythonDecoratedOperator): log_sql_query>, print_the_context already registered for DAG: example_python_operator
[2023-04-17T12:12:28.387+0000] {logging_mixin.py:137} INFO - [2023-04-17T12:12:28.387+0000] {taskmixin.py:211} WARNING - Dependency <Task(_PythonDecoratedOperator): print_the_context>, log_sql_query already registered for DAG: example_python_operator
[2023-04-17T12:12:28.387+0000] {logging_mixin.py:137} INFO - [2023-04-17T12:12:28.387+0000] {taskmixin.py:211} WARNING - Dependency <Task(_PythonDecoratedOperator): log_sql_query>, print_the_context already registered for DAG: example_python_operator
[2023-04-17T12:12:28.388+0000] {logging_mixin.py:137} INFO - [2023-04-17T12:12:28.388+0000] {taskmixin.py:211} WARNING - Dependency <Task(_PythonDecoratedOperator): print_the_context>, log_sql_query already registered for DAG: example_python_operator
[2023-04-17T12:12:28.388+0000] {logging_mixin.py:137} INFO - [2023-04-17T12:12:28.388+0000] {taskmixin.py:211} WARNING - Dependency <Task(_PythonDecoratedOperator): log_sql_query>, print_the_context already registered for DAG: example_python_operator
[2023-04-17T12:12:28.389+0000] {logging_mixin.py:137} INFO - [2023-04-17T12:12:28.389+0000] {taskmixin.py:211} WARNING - Dependency <Task(_PythonDecoratedOperator): print_the_context>, log_sql_query already registered for DAG: example_python_operator
[2023-04-17T12:12:28.389+0000] {logging_mixin.py:137} INFO - [2023-04-17T12:12:28.389+0000] {taskmixin.py:211} WARNING - Dependency <Task(_PythonDecoratedOperator): log_sql_query>, print_the_context already registered for DAG: example_python_operator
[2023-04-17T12:12:28.395+0000] {processor.py:753} INFO - DAG(s) dict_keys(['example_python_operator']) retrieved from /home/airflow/.local/lib/python3.7/site-packages/airflow/example_dags/example_python_operator.py
[2023-04-17T12:12:28.423+0000] {logging_mixin.py:137} INFO - [2023-04-17T12:12:28.423+0000] {dag.py:2705} INFO - Sync 1 DAGs
[2023-04-17T12:12:28.448+0000] {logging_mixin.py:137} INFO - [2023-04-17T12:12:28.448+0000] {dag.py:3456} INFO - Setting next_dagrun for example_python_operator to None, run_after=None
[2023-04-17T12:12:28.466+0000] {processor.py:175} INFO - Processing /home/airflow/.local/lib/python3.7/site-packages/airflow/example_dags/example_python_operator.py took 0.117 seconds
[2023-04-17T12:12:58.790+0000] {processor.py:153} INFO - Started process (PID=255) to work on /home/airflow/.local/lib/python3.7/site-packages/airflow/example_dags/example_python_operator.py
[2023-04-17T12:12:58.791+0000] {processor.py:743} INFO - Processing file /home/airflow/.local/lib/python3.7/site-packages/airflow/example_dags/example_python_operator.py for tasks to queue
[2023-04-17T12:12:58.792+0000] {logging_mixin.py:137} INFO - [2023-04-17T12:12:58.792+0000] {dagbag.py:532} INFO - Filling up the DagBag from /home/airflow/.local/lib/python3.7/site-packages/airflow/example_dags/example_python_operator.py
[2023-04-17T12:12:58.809+0000] {logging_mixin.py:137} INFO - [2023-04-17T12:12:58.808+0000] {taskmixin.py:211} WARNING - Dependency <Task(_PythonDecoratedOperator): print_the_context>, log_sql_query already registered for DAG: example_python_operator
[2023-04-17T12:12:58.809+0000] {logging_mixin.py:137} INFO - [2023-04-17T12:12:58.809+0000] {taskmixin.py:211} WARNING - Dependency <Task(_PythonDecoratedOperator): log_sql_query>, print_the_context already registered for DAG: example_python_operator
[2023-04-17T12:12:58.809+0000] {logging_mixin.py:137} INFO - [2023-04-17T12:12:58.809+0000] {taskmixin.py:211} WARNING - Dependency <Task(_PythonDecoratedOperator): print_the_context>, log_sql_query already registered for DAG: example_python_operator
[2023-04-17T12:12:58.810+0000] {logging_mixin.py:137} INFO - [2023-04-17T12:12:58.810+0000] {taskmixin.py:211} WARNING - Dependency <Task(_PythonDecoratedOperator): log_sql_query>, print_the_context already registered for DAG: example_python_operator
[2023-04-17T12:12:58.810+0000] {logging_mixin.py:137} INFO - [2023-04-17T12:12:58.810+0000] {taskmixin.py:211} WARNING - Dependency <Task(_PythonDecoratedOperator): print_the_context>, log_sql_query already registered for DAG: example_python_operator
[2023-04-17T12:12:58.810+0000] {logging_mixin.py:137} INFO - [2023-04-17T12:12:58.810+0000] {taskmixin.py:211} WARNING - Dependency <Task(_PythonDecoratedOperator): log_sql_query>, print_the_context already registered for DAG: example_python_operator
[2023-04-17T12:12:58.811+0000] {logging_mixin.py:137} INFO - [2023-04-17T12:12:58.811+0000] {taskmixin.py:211} WARNING - Dependency <Task(_PythonDecoratedOperator): print_the_context>, log_sql_query already registered for DAG: example_python_operator
[2023-04-17T12:12:58.811+0000] {logging_mixin.py:137} INFO - [2023-04-17T12:12:58.811+0000] {taskmixin.py:211} WARNING - Dependency <Task(_PythonDecoratedOperator): log_sql_query>, print_the_context already registered for DAG: example_python_operator
[2023-04-17T12:12:58.818+0000] {processor.py:753} INFO - DAG(s) dict_keys(['example_python_operator']) retrieved from /home/airflow/.local/lib/python3.7/site-packages/airflow/example_dags/example_python_operator.py
[2023-04-17T12:12:58.843+0000] {logging_mixin.py:137} INFO - [2023-04-17T12:12:58.843+0000] {dag.py:2705} INFO - Sync 1 DAGs
[2023-04-17T12:12:58.867+0000] {logging_mixin.py:137} INFO - [2023-04-17T12:12:58.867+0000] {dag.py:3456} INFO - Setting next_dagrun for example_python_operator to None, run_after=None
[2023-04-17T12:12:58.883+0000] {processor.py:175} INFO - Processing /home/airflow/.local/lib/python3.7/site-packages/airflow/example_dags/example_python_operator.py took 0.098 seconds
[2023-04-17T12:13:29.098+0000] {processor.py:153} INFO - Started process (PID=305) to work on /home/airflow/.local/lib/python3.7/site-packages/airflow/example_dags/example_python_operator.py
[2023-04-17T12:13:29.099+0000] {processor.py:743} INFO - Processing file /home/airflow/.local/lib/python3.7/site-packages/airflow/example_dags/example_python_operator.py for tasks to queue
[2023-04-17T12:13:29.100+0000] {logging_mixin.py:137} INFO - [2023-04-17T12:13:29.100+0000] {dagbag.py:532} INFO - Filling up the DagBag from /home/airflow/.local/lib/python3.7/site-packages/airflow/example_dags/example_python_operator.py
[2023-04-17T12:13:29.118+0000] {logging_mixin.py:137} INFO - [2023-04-17T12:13:29.118+0000] {taskmixin.py:211} WARNING - Dependency <Task(_PythonDecoratedOperator): print_the_context>, log_sql_query already registered for DAG: example_python_operator
[2023-04-17T12:13:29.118+0000] {logging_mixin.py:137} INFO - [2023-04-17T12:13:29.118+0000] {taskmixin.py:211} WARNING - Dependency <Task(_PythonDecoratedOperator): log_sql_query>, print_the_context already registered for DAG: example_python_operator
[2023-04-17T12:13:29.119+0000] {logging_mixin.py:137} INFO - [2023-04-17T12:13:29.119+0000] {taskmixin.py:211} WARNING - Dependency <Task(_PythonDecoratedOperator): print_the_context>, log_sql_query already registered for DAG: example_python_operator
[2023-04-17T12:13:29.119+0000] {logging_mixin.py:137} INFO - [2023-04-17T12:13:29.119+0000] {taskmixin.py:211} WARNING - Dependency <Task(_PythonDecoratedOperator): log_sql_query>, print_the_context already registered for DAG: example_python_operator
[2023-04-17T12:13:29.119+0000] {logging_mixin.py:137} INFO - [2023-04-17T12:13:29.119+0000] {taskmixin.py:211} WARNING - Dependency <Task(_PythonDecoratedOperator): print_the_context>, log_sql_query already registered for DAG: example_python_operator
[2023-04-17T12:13:29.120+0000] {logging_mixin.py:137} INFO - [2023-04-17T12:13:29.120+0000] {taskmixin.py:211} WARNING - Dependency <Task(_PythonDecoratedOperator): log_sql_query>, print_the_context already registered for DAG: example_python_operator
[2023-04-17T12:13:29.120+0000] {logging_mixin.py:137} INFO - [2023-04-17T12:13:29.120+0000] {taskmixin.py:211} WARNING - Dependency <Task(_PythonDecoratedOperator): print_the_context>, log_sql_query already registered for DAG: example_python_operator
[2023-04-17T12:13:29.120+0000] {logging_mixin.py:137} INFO - [2023-04-17T12:13:29.120+0000] {taskmixin.py:211} WARNING - Dependency <Task(_PythonDecoratedOperator): log_sql_query>, print_the_context already registered for DAG: example_python_operator
[2023-04-17T12:13:29.127+0000] {processor.py:753} INFO - DAG(s) dict_keys(['example_python_operator']) retrieved from /home/airflow/.local/lib/python3.7/site-packages/airflow/example_dags/example_python_operator.py
[2023-04-17T12:13:29.152+0000] {logging_mixin.py:137} INFO - [2023-04-17T12:13:29.152+0000] {dag.py:2705} INFO - Sync 1 DAGs
[2023-04-17T12:13:29.176+0000] {logging_mixin.py:137} INFO - [2023-04-17T12:13:29.176+0000] {dag.py:3456} INFO - Setting next_dagrun for example_python_operator to None, run_after=None
[2023-04-17T12:13:29.192+0000] {processor.py:175} INFO - Processing /home/airflow/.local/lib/python3.7/site-packages/airflow/example_dags/example_python_operator.py took 0.098 seconds
