[2023-04-17T12:10:54.776+0000] {processor.py:153} INFO - Started process (PID=52) to work on /home/airflow/.local/lib/python3.7/site-packages/airflow/example_dags/example_datasets.py
[2023-04-17T12:10:54.776+0000] {processor.py:743} INFO - Processing file /home/airflow/.local/lib/python3.7/site-packages/airflow/example_dags/example_datasets.py for tasks to queue
[2023-04-17T12:10:54.777+0000] {logging_mixin.py:137} INFO - [2023-04-17T12:10:54.777+0000] {dagbag.py:532} INFO - Filling up the DagBag from /home/airflow/.local/lib/python3.7/site-packages/airflow/example_dags/example_datasets.py
[2023-04-17T12:10:54.885+0000] {processor.py:753} INFO - DAG(s) dict_keys(['dataset_consumes_unknown_never_scheduled', 'dataset_consumes_1_never_scheduled', 'dataset_produces_1', 'dataset_consumes_1_and_2', 'dataset_produces_2', 'dataset_consumes_1']) retrieved from /home/airflow/.local/lib/python3.7/site-packages/airflow/example_dags/example_datasets.py
[2023-04-17T12:10:55.391+0000] {logging_mixin.py:137} INFO - [2023-04-17T12:10:55.390+0000] {dag.py:2705} INFO - Sync 6 DAGs
[2023-04-17T12:10:55.609+0000] {logging_mixin.py:137} INFO - [2023-04-17T12:10:55.609+0000] {dag.py:3456} INFO - Setting next_dagrun for dataset_consumes_1 to None, run_after=None
[2023-04-17T12:10:55.631+0000] {logging_mixin.py:137} INFO - [2023-04-17T12:10:55.631+0000] {dag.py:3456} INFO - Setting next_dagrun for dataset_consumes_1_and_2 to None, run_after=None
[2023-04-17T12:10:55.645+0000] {logging_mixin.py:137} INFO - [2023-04-17T12:10:55.645+0000] {dag.py:3456} INFO - Setting next_dagrun for dataset_consumes_1_never_scheduled to None, run_after=None
[2023-04-17T12:10:55.658+0000] {logging_mixin.py:137} INFO - [2023-04-17T12:10:55.658+0000] {dag.py:3456} INFO - Setting next_dagrun for dataset_consumes_unknown_never_scheduled to None, run_after=None
[2023-04-17T12:10:55.678+0000] {logging_mixin.py:137} INFO - [2023-04-17T12:10:55.678+0000] {dag.py:3456} INFO - Setting next_dagrun for dataset_produces_1 to 2023-04-16T00:00:00+00:00, run_after=2023-04-17T00:00:00+00:00
[2023-04-17T12:10:55.706+0000] {logging_mixin.py:137} INFO - [2023-04-17T12:10:55.706+0000] {dag.py:3456} INFO - Setting next_dagrun for dataset_produces_2 to None, run_after=None
[2023-04-17T12:10:55.910+0000] {processor.py:175} INFO - Processing /home/airflow/.local/lib/python3.7/site-packages/airflow/example_dags/example_datasets.py took 1.151 seconds
[2023-04-17T12:11:26.123+0000] {processor.py:153} INFO - Started process (PID=103) to work on /home/airflow/.local/lib/python3.7/site-packages/airflow/example_dags/example_datasets.py
[2023-04-17T12:11:26.124+0000] {processor.py:743} INFO - Processing file /home/airflow/.local/lib/python3.7/site-packages/airflow/example_dags/example_datasets.py for tasks to queue
[2023-04-17T12:11:26.124+0000] {logging_mixin.py:137} INFO - [2023-04-17T12:11:26.124+0000] {dagbag.py:532} INFO - Filling up the DagBag from /home/airflow/.local/lib/python3.7/site-packages/airflow/example_dags/example_datasets.py
[2023-04-17T12:11:26.141+0000] {processor.py:753} INFO - DAG(s) dict_keys(['dataset_produces_1', 'dataset_consumes_unknown_never_scheduled', 'dataset_consumes_1_and_2', 'dataset_produces_2', 'dataset_consumes_1_never_scheduled', 'dataset_consumes_1']) retrieved from /home/airflow/.local/lib/python3.7/site-packages/airflow/example_dags/example_datasets.py
[2023-04-17T12:11:26.178+0000] {logging_mixin.py:137} INFO - [2023-04-17T12:11:26.178+0000] {dag.py:2705} INFO - Sync 6 DAGs
[2023-04-17T12:11:26.204+0000] {logging_mixin.py:137} INFO - [2023-04-17T12:11:26.204+0000] {dag.py:3456} INFO - Setting next_dagrun for dataset_consumes_1 to None, run_after=None
[2023-04-17T12:11:26.207+0000] {logging_mixin.py:137} INFO - [2023-04-17T12:11:26.207+0000] {dag.py:3456} INFO - Setting next_dagrun for dataset_consumes_1_and_2 to None, run_after=None
[2023-04-17T12:11:26.208+0000] {logging_mixin.py:137} INFO - [2023-04-17T12:11:26.208+0000] {dag.py:3456} INFO - Setting next_dagrun for dataset_consumes_1_never_scheduled to None, run_after=None
[2023-04-17T12:11:26.209+0000] {logging_mixin.py:137} INFO - [2023-04-17T12:11:26.209+0000] {dag.py:3456} INFO - Setting next_dagrun for dataset_consumes_unknown_never_scheduled to None, run_after=None
[2023-04-17T12:11:26.212+0000] {logging_mixin.py:137} INFO - [2023-04-17T12:11:26.212+0000] {dag.py:3456} INFO - Setting next_dagrun for dataset_produces_1 to 2023-04-16T00:00:00+00:00, run_after=2023-04-17T00:00:00+00:00
[2023-04-17T12:11:26.213+0000] {logging_mixin.py:137} INFO - [2023-04-17T12:11:26.213+0000] {dag.py:3456} INFO - Setting next_dagrun for dataset_produces_2 to None, run_after=None
[2023-04-17T12:11:26.243+0000] {processor.py:175} INFO - Processing /home/airflow/.local/lib/python3.7/site-packages/airflow/example_dags/example_datasets.py took 0.124 seconds
[2023-04-17T12:11:56.429+0000] {processor.py:153} INFO - Started process (PID=153) to work on /home/airflow/.local/lib/python3.7/site-packages/airflow/example_dags/example_datasets.py
[2023-04-17T12:11:56.430+0000] {processor.py:743} INFO - Processing file /home/airflow/.local/lib/python3.7/site-packages/airflow/example_dags/example_datasets.py for tasks to queue
[2023-04-17T12:11:56.431+0000] {logging_mixin.py:137} INFO - [2023-04-17T12:11:56.431+0000] {dagbag.py:532} INFO - Filling up the DagBag from /home/airflow/.local/lib/python3.7/site-packages/airflow/example_dags/example_datasets.py
[2023-04-17T12:11:56.449+0000] {processor.py:753} INFO - DAG(s) dict_keys(['dataset_consumes_1_never_scheduled', 'dataset_consumes_1', 'dataset_consumes_unknown_never_scheduled', 'dataset_produces_1', 'dataset_consumes_1_and_2', 'dataset_produces_2']) retrieved from /home/airflow/.local/lib/python3.7/site-packages/airflow/example_dags/example_datasets.py
[2023-04-17T12:11:56.486+0000] {logging_mixin.py:137} INFO - [2023-04-17T12:11:56.486+0000] {dag.py:2705} INFO - Sync 6 DAGs
[2023-04-17T12:11:56.512+0000] {logging_mixin.py:137} INFO - [2023-04-17T12:11:56.512+0000] {dag.py:3456} INFO - Setting next_dagrun for dataset_consumes_1 to None, run_after=None
[2023-04-17T12:11:56.515+0000] {logging_mixin.py:137} INFO - [2023-04-17T12:11:56.515+0000] {dag.py:3456} INFO - Setting next_dagrun for dataset_consumes_1_and_2 to None, run_after=None
[2023-04-17T12:11:56.516+0000] {logging_mixin.py:137} INFO - [2023-04-17T12:11:56.516+0000] {dag.py:3456} INFO - Setting next_dagrun for dataset_consumes_1_never_scheduled to None, run_after=None
[2023-04-17T12:11:56.517+0000] {logging_mixin.py:137} INFO - [2023-04-17T12:11:56.517+0000] {dag.py:3456} INFO - Setting next_dagrun for dataset_consumes_unknown_never_scheduled to None, run_after=None
[2023-04-17T12:11:56.519+0000] {logging_mixin.py:137} INFO - [2023-04-17T12:11:56.519+0000] {dag.py:3456} INFO - Setting next_dagrun for dataset_produces_1 to 2023-04-16T00:00:00+00:00, run_after=2023-04-17T00:00:00+00:00
[2023-04-17T12:11:56.520+0000] {logging_mixin.py:137} INFO - [2023-04-17T12:11:56.520+0000] {dag.py:3456} INFO - Setting next_dagrun for dataset_produces_2 to None, run_after=None
[2023-04-17T12:11:56.550+0000] {processor.py:175} INFO - Processing /home/airflow/.local/lib/python3.7/site-packages/airflow/example_dags/example_datasets.py took 0.125 seconds
[2023-04-17T12:12:26.984+0000] {processor.py:153} INFO - Started process (PID=201) to work on /home/airflow/.local/lib/python3.7/site-packages/airflow/example_dags/example_datasets.py
[2023-04-17T12:12:26.984+0000] {processor.py:743} INFO - Processing file /home/airflow/.local/lib/python3.7/site-packages/airflow/example_dags/example_datasets.py for tasks to queue
[2023-04-17T12:12:26.985+0000] {logging_mixin.py:137} INFO - [2023-04-17T12:12:26.985+0000] {dagbag.py:532} INFO - Filling up the DagBag from /home/airflow/.local/lib/python3.7/site-packages/airflow/example_dags/example_datasets.py
[2023-04-17T12:12:27.013+0000] {processor.py:753} INFO - DAG(s) dict_keys(['dataset_consumes_1_never_scheduled', 'dataset_produces_2', 'dataset_consumes_unknown_never_scheduled', 'dataset_consumes_1_and_2', 'dataset_produces_1', 'dataset_consumes_1']) retrieved from /home/airflow/.local/lib/python3.7/site-packages/airflow/example_dags/example_datasets.py
[2023-04-17T12:12:27.070+0000] {logging_mixin.py:137} INFO - [2023-04-17T12:12:27.070+0000] {dag.py:2705} INFO - Sync 6 DAGs
[2023-04-17T12:12:27.110+0000] {logging_mixin.py:137} INFO - [2023-04-17T12:12:27.110+0000] {dag.py:3456} INFO - Setting next_dagrun for dataset_consumes_1 to None, run_after=None
[2023-04-17T12:12:27.115+0000] {logging_mixin.py:137} INFO - [2023-04-17T12:12:27.115+0000] {dag.py:3456} INFO - Setting next_dagrun for dataset_consumes_1_and_2 to None, run_after=None
[2023-04-17T12:12:27.117+0000] {logging_mixin.py:137} INFO - [2023-04-17T12:12:27.117+0000] {dag.py:3456} INFO - Setting next_dagrun for dataset_consumes_1_never_scheduled to None, run_after=None
[2023-04-17T12:12:27.118+0000] {logging_mixin.py:137} INFO - [2023-04-17T12:12:27.118+0000] {dag.py:3456} INFO - Setting next_dagrun for dataset_consumes_unknown_never_scheduled to None, run_after=None
[2023-04-17T12:12:27.122+0000] {logging_mixin.py:137} INFO - [2023-04-17T12:12:27.122+0000] {dag.py:3456} INFO - Setting next_dagrun for dataset_produces_1 to 2023-04-16T00:00:00+00:00, run_after=2023-04-17T00:00:00+00:00
[2023-04-17T12:12:27.124+0000] {logging_mixin.py:137} INFO - [2023-04-17T12:12:27.124+0000] {dag.py:3456} INFO - Setting next_dagrun for dataset_produces_2 to None, run_after=None
[2023-04-17T12:12:27.166+0000] {processor.py:175} INFO - Processing /home/airflow/.local/lib/python3.7/site-packages/airflow/example_dags/example_datasets.py took 0.187 seconds
[2023-04-17T12:12:57.429+0000] {processor.py:153} INFO - Started process (PID=251) to work on /home/airflow/.local/lib/python3.7/site-packages/airflow/example_dags/example_datasets.py
[2023-04-17T12:12:57.431+0000] {processor.py:743} INFO - Processing file /home/airflow/.local/lib/python3.7/site-packages/airflow/example_dags/example_datasets.py for tasks to queue
[2023-04-17T12:12:57.431+0000] {logging_mixin.py:137} INFO - [2023-04-17T12:12:57.431+0000] {dagbag.py:532} INFO - Filling up the DagBag from /home/airflow/.local/lib/python3.7/site-packages/airflow/example_dags/example_datasets.py
[2023-04-17T12:12:57.455+0000] {processor.py:753} INFO - DAG(s) dict_keys(['dataset_produces_1', 'dataset_consumes_1_and_2', 'dataset_produces_2', 'dataset_consumes_1', 'dataset_consumes_unknown_never_scheduled', 'dataset_consumes_1_never_scheduled']) retrieved from /home/airflow/.local/lib/python3.7/site-packages/airflow/example_dags/example_datasets.py
[2023-04-17T12:12:57.513+0000] {logging_mixin.py:137} INFO - [2023-04-17T12:12:57.512+0000] {dag.py:2705} INFO - Sync 6 DAGs
[2023-04-17T12:12:57.558+0000] {logging_mixin.py:137} INFO - [2023-04-17T12:12:57.557+0000] {dag.py:3456} INFO - Setting next_dagrun for dataset_consumes_1 to None, run_after=None
[2023-04-17T12:12:57.564+0000] {logging_mixin.py:137} INFO - [2023-04-17T12:12:57.563+0000] {dag.py:3456} INFO - Setting next_dagrun for dataset_consumes_1_and_2 to None, run_after=None
[2023-04-17T12:12:57.565+0000] {logging_mixin.py:137} INFO - [2023-04-17T12:12:57.565+0000] {dag.py:3456} INFO - Setting next_dagrun for dataset_consumes_1_never_scheduled to None, run_after=None
[2023-04-17T12:12:57.566+0000] {logging_mixin.py:137} INFO - [2023-04-17T12:12:57.566+0000] {dag.py:3456} INFO - Setting next_dagrun for dataset_consumes_unknown_never_scheduled to None, run_after=None
[2023-04-17T12:12:57.571+0000] {logging_mixin.py:137} INFO - [2023-04-17T12:12:57.570+0000] {dag.py:3456} INFO - Setting next_dagrun for dataset_produces_1 to 2023-04-16T00:00:00+00:00, run_after=2023-04-17T00:00:00+00:00
[2023-04-17T12:12:57.572+0000] {logging_mixin.py:137} INFO - [2023-04-17T12:12:57.572+0000] {dag.py:3456} INFO - Setting next_dagrun for dataset_produces_2 to None, run_after=None
[2023-04-17T12:12:57.614+0000] {processor.py:175} INFO - Processing /home/airflow/.local/lib/python3.7/site-packages/airflow/example_dags/example_datasets.py took 0.189 seconds
[2023-04-17T12:13:27.733+0000] {processor.py:153} INFO - Started process (PID=301) to work on /home/airflow/.local/lib/python3.7/site-packages/airflow/example_dags/example_datasets.py
[2023-04-17T12:13:27.734+0000] {processor.py:743} INFO - Processing file /home/airflow/.local/lib/python3.7/site-packages/airflow/example_dags/example_datasets.py for tasks to queue
[2023-04-17T12:13:27.735+0000] {logging_mixin.py:137} INFO - [2023-04-17T12:13:27.735+0000] {dagbag.py:532} INFO - Filling up the DagBag from /home/airflow/.local/lib/python3.7/site-packages/airflow/example_dags/example_datasets.py
[2023-04-17T12:13:27.757+0000] {processor.py:753} INFO - DAG(s) dict_keys(['dataset_consumes_unknown_never_scheduled', 'dataset_consumes_1_never_scheduled', 'dataset_consumes_1', 'dataset_produces_1', 'dataset_consumes_1_and_2', 'dataset_produces_2']) retrieved from /home/airflow/.local/lib/python3.7/site-packages/airflow/example_dags/example_datasets.py
[2023-04-17T12:13:27.816+0000] {logging_mixin.py:137} INFO - [2023-04-17T12:13:27.816+0000] {dag.py:2705} INFO - Sync 6 DAGs
[2023-04-17T12:13:27.860+0000] {logging_mixin.py:137} INFO - [2023-04-17T12:13:27.860+0000] {dag.py:3456} INFO - Setting next_dagrun for dataset_consumes_1 to None, run_after=None
[2023-04-17T12:13:27.865+0000] {logging_mixin.py:137} INFO - [2023-04-17T12:13:27.865+0000] {dag.py:3456} INFO - Setting next_dagrun for dataset_consumes_1_and_2 to None, run_after=None
[2023-04-17T12:13:27.866+0000] {logging_mixin.py:137} INFO - [2023-04-17T12:13:27.866+0000] {dag.py:3456} INFO - Setting next_dagrun for dataset_consumes_1_never_scheduled to None, run_after=None
[2023-04-17T12:13:27.870+0000] {logging_mixin.py:137} INFO - [2023-04-17T12:13:27.870+0000] {dag.py:3456} INFO - Setting next_dagrun for dataset_consumes_unknown_never_scheduled to None, run_after=None
[2023-04-17T12:13:27.873+0000] {logging_mixin.py:137} INFO - [2023-04-17T12:13:27.873+0000] {dag.py:3456} INFO - Setting next_dagrun for dataset_produces_1 to 2023-04-16T00:00:00+00:00, run_after=2023-04-17T00:00:00+00:00
[2023-04-17T12:13:27.875+0000] {logging_mixin.py:137} INFO - [2023-04-17T12:13:27.875+0000] {dag.py:3456} INFO - Setting next_dagrun for dataset_produces_2 to None, run_after=None
[2023-04-17T12:13:27.920+0000] {processor.py:175} INFO - Processing /home/airflow/.local/lib/python3.7/site-packages/airflow/example_dags/example_datasets.py took 0.193 seconds
