[2023-04-17T12:10:59.883+0000] {processor.py:153} INFO - Started process (PID=66) to work on /home/airflow/.local/lib/python3.7/site-packages/airflow/example_dags/example_latest_only_with_trigger.py
[2023-04-17T12:10:59.884+0000] {processor.py:743} INFO - Processing file /home/airflow/.local/lib/python3.7/site-packages/airflow/example_dags/example_latest_only_with_trigger.py for tasks to queue
[2023-04-17T12:10:59.901+0000] {logging_mixin.py:137} INFO - [2023-04-17T12:10:59.901+0000] {dagbag.py:532} INFO - Filling up the DagBag from /home/airflow/.local/lib/python3.7/site-packages/airflow/example_dags/example_latest_only_with_trigger.py
[2023-04-17T12:10:59.988+0000] {processor.py:753} INFO - DAG(s) dict_keys(['latest_only_with_trigger']) retrieved from /home/airflow/.local/lib/python3.7/site-packages/airflow/example_dags/example_latest_only_with_trigger.py
[2023-04-17T12:11:00.122+0000] {logging_mixin.py:137} INFO - [2023-04-17T12:11:00.122+0000] {dag.py:2705} INFO - Sync 1 DAGs
[2023-04-17T12:11:00.271+0000] {logging_mixin.py:137} INFO - [2023-04-17T12:11:00.270+0000] {dag.py:3456} INFO - Setting next_dagrun for latest_only_with_trigger to 2023-04-17T08:11:00.270617+00:00, run_after=2023-04-17T12:11:00.270617+00:00
[2023-04-17T12:11:00.448+0000] {processor.py:175} INFO - Processing /home/airflow/.local/lib/python3.7/site-packages/airflow/example_dags/example_latest_only_with_trigger.py took 0.580 seconds
[2023-04-17T12:11:30.872+0000] {processor.py:153} INFO - Started process (PID=116) to work on /home/airflow/.local/lib/python3.7/site-packages/airflow/example_dags/example_latest_only_with_trigger.py
[2023-04-17T12:11:30.873+0000] {processor.py:743} INFO - Processing file /home/airflow/.local/lib/python3.7/site-packages/airflow/example_dags/example_latest_only_with_trigger.py for tasks to queue
[2023-04-17T12:11:30.874+0000] {logging_mixin.py:137} INFO - [2023-04-17T12:11:30.874+0000] {dagbag.py:532} INFO - Filling up the DagBag from /home/airflow/.local/lib/python3.7/site-packages/airflow/example_dags/example_latest_only_with_trigger.py
[2023-04-17T12:11:30.894+0000] {processor.py:753} INFO - DAG(s) dict_keys(['latest_only_with_trigger']) retrieved from /home/airflow/.local/lib/python3.7/site-packages/airflow/example_dags/example_latest_only_with_trigger.py
[2023-04-17T12:11:30.928+0000] {logging_mixin.py:137} INFO - [2023-04-17T12:11:30.928+0000] {dag.py:2705} INFO - Sync 1 DAGs
[2023-04-17T12:11:30.986+0000] {logging_mixin.py:137} INFO - [2023-04-17T12:11:30.986+0000] {dag.py:3456} INFO - Setting next_dagrun for latest_only_with_trigger to 2023-04-17T08:11:30.986144+00:00, run_after=2023-04-17T12:11:30.986144+00:00
[2023-04-17T12:11:31.011+0000] {processor.py:175} INFO - Processing /home/airflow/.local/lib/python3.7/site-packages/airflow/example_dags/example_latest_only_with_trigger.py took 0.143 seconds
[2023-04-17T12:12:01.214+0000] {processor.py:153} INFO - Started process (PID=166) to work on /home/airflow/.local/lib/python3.7/site-packages/airflow/example_dags/example_latest_only_with_trigger.py
[2023-04-17T12:12:01.216+0000] {processor.py:743} INFO - Processing file /home/airflow/.local/lib/python3.7/site-packages/airflow/example_dags/example_latest_only_with_trigger.py for tasks to queue
[2023-04-17T12:12:01.217+0000] {logging_mixin.py:137} INFO - [2023-04-17T12:12:01.217+0000] {dagbag.py:532} INFO - Filling up the DagBag from /home/airflow/.local/lib/python3.7/site-packages/airflow/example_dags/example_latest_only_with_trigger.py
[2023-04-17T12:12:01.236+0000] {processor.py:753} INFO - DAG(s) dict_keys(['latest_only_with_trigger']) retrieved from /home/airflow/.local/lib/python3.7/site-packages/airflow/example_dags/example_latest_only_with_trigger.py
[2023-04-17T12:12:01.270+0000] {logging_mixin.py:137} INFO - [2023-04-17T12:12:01.270+0000] {dag.py:2705} INFO - Sync 1 DAGs
[2023-04-17T12:12:01.309+0000] {logging_mixin.py:137} INFO - [2023-04-17T12:12:01.308+0000] {dag.py:3456} INFO - Setting next_dagrun for latest_only_with_trigger to 2023-04-17T08:12:01.308610+00:00, run_after=2023-04-17T12:12:01.308610+00:00
[2023-04-17T12:12:01.332+0000] {processor.py:175} INFO - Processing /home/airflow/.local/lib/python3.7/site-packages/airflow/example_dags/example_latest_only_with_trigger.py took 0.122 seconds
[2023-04-17T12:12:31.926+0000] {processor.py:153} INFO - Started process (PID=215) to work on /home/airflow/.local/lib/python3.7/site-packages/airflow/example_dags/example_latest_only_with_trigger.py
[2023-04-17T12:12:31.927+0000] {processor.py:743} INFO - Processing file /home/airflow/.local/lib/python3.7/site-packages/airflow/example_dags/example_latest_only_with_trigger.py for tasks to queue
[2023-04-17T12:12:31.928+0000] {logging_mixin.py:137} INFO - [2023-04-17T12:12:31.927+0000] {dagbag.py:532} INFO - Filling up the DagBag from /home/airflow/.local/lib/python3.7/site-packages/airflow/example_dags/example_latest_only_with_trigger.py
[2023-04-17T12:12:31.947+0000] {processor.py:753} INFO - DAG(s) dict_keys(['latest_only_with_trigger']) retrieved from /home/airflow/.local/lib/python3.7/site-packages/airflow/example_dags/example_latest_only_with_trigger.py
[2023-04-17T12:12:31.980+0000] {logging_mixin.py:137} INFO - [2023-04-17T12:12:31.980+0000] {dag.py:2705} INFO - Sync 1 DAGs
[2023-04-17T12:12:32.022+0000] {logging_mixin.py:137} INFO - [2023-04-17T12:12:32.022+0000] {dag.py:3456} INFO - Setting next_dagrun for latest_only_with_trigger to 2023-04-17T08:12:32.022226+00:00, run_after=2023-04-17T12:12:32.022226+00:00
[2023-04-17T12:12:32.045+0000] {processor.py:175} INFO - Processing /home/airflow/.local/lib/python3.7/site-packages/airflow/example_dags/example_latest_only_with_trigger.py took 0.123 seconds
[2023-04-17T12:13:02.351+0000] {processor.py:153} INFO - Started process (PID=265) to work on /home/airflow/.local/lib/python3.7/site-packages/airflow/example_dags/example_latest_only_with_trigger.py
[2023-04-17T12:13:02.352+0000] {processor.py:743} INFO - Processing file /home/airflow/.local/lib/python3.7/site-packages/airflow/example_dags/example_latest_only_with_trigger.py for tasks to queue
[2023-04-17T12:13:02.353+0000] {logging_mixin.py:137} INFO - [2023-04-17T12:13:02.353+0000] {dagbag.py:532} INFO - Filling up the DagBag from /home/airflow/.local/lib/python3.7/site-packages/airflow/example_dags/example_latest_only_with_trigger.py
[2023-04-17T12:13:02.372+0000] {processor.py:753} INFO - DAG(s) dict_keys(['latest_only_with_trigger']) retrieved from /home/airflow/.local/lib/python3.7/site-packages/airflow/example_dags/example_latest_only_with_trigger.py
[2023-04-17T12:13:02.406+0000] {logging_mixin.py:137} INFO - [2023-04-17T12:13:02.406+0000] {dag.py:2705} INFO - Sync 1 DAGs
[2023-04-17T12:13:02.451+0000] {logging_mixin.py:137} INFO - [2023-04-17T12:13:02.450+0000] {dag.py:3456} INFO - Setting next_dagrun for latest_only_with_trigger to 2023-04-17T08:13:02.450686+00:00, run_after=2023-04-17T12:13:02.450686+00:00
[2023-04-17T12:13:02.474+0000] {processor.py:175} INFO - Processing /home/airflow/.local/lib/python3.7/site-packages/airflow/example_dags/example_latest_only_with_trigger.py took 0.127 seconds
[2023-04-17T12:13:32.680+0000] {processor.py:153} INFO - Started process (PID=315) to work on /home/airflow/.local/lib/python3.7/site-packages/airflow/example_dags/example_latest_only_with_trigger.py
[2023-04-17T12:13:32.682+0000] {processor.py:743} INFO - Processing file /home/airflow/.local/lib/python3.7/site-packages/airflow/example_dags/example_latest_only_with_trigger.py for tasks to queue
[2023-04-17T12:13:32.682+0000] {logging_mixin.py:137} INFO - [2023-04-17T12:13:32.682+0000] {dagbag.py:532} INFO - Filling up the DagBag from /home/airflow/.local/lib/python3.7/site-packages/airflow/example_dags/example_latest_only_with_trigger.py
[2023-04-17T12:13:32.703+0000] {processor.py:753} INFO - DAG(s) dict_keys(['latest_only_with_trigger']) retrieved from /home/airflow/.local/lib/python3.7/site-packages/airflow/example_dags/example_latest_only_with_trigger.py
[2023-04-17T12:13:32.737+0000] {logging_mixin.py:137} INFO - [2023-04-17T12:13:32.736+0000] {dag.py:2705} INFO - Sync 1 DAGs
[2023-04-17T12:13:32.776+0000] {logging_mixin.py:137} INFO - [2023-04-17T12:13:32.776+0000] {dag.py:3456} INFO - Setting next_dagrun for latest_only_with_trigger to 2023-04-17T08:13:32.776233+00:00, run_after=2023-04-17T12:13:32.776233+00:00
[2023-04-17T12:13:32.799+0000] {processor.py:175} INFO - Processing /home/airflow/.local/lib/python3.7/site-packages/airflow/example_dags/example_latest_only_with_trigger.py took 0.123 seconds
