[2023-04-17T12:10:52.365+0000] {processor.py:153} INFO - Started process (PID=44) to work on /home/airflow/.local/lib/python3.7/site-packages/airflow/example_dags/example_sensors.py
[2023-04-17T12:10:52.366+0000] {processor.py:743} INFO - Processing file /home/airflow/.local/lib/python3.7/site-packages/airflow/example_dags/example_sensors.py for tasks to queue
[2023-04-17T12:10:52.371+0000] {logging_mixin.py:137} INFO - [2023-04-17T12:10:52.371+0000] {dagbag.py:532} INFO - Filling up the DagBag from /home/airflow/.local/lib/python3.7/site-packages/airflow/example_dags/example_sensors.py
[2023-04-17T12:10:52.527+0000] {processor.py:753} INFO - DAG(s) dict_keys(['example_sensors']) retrieved from /home/airflow/.local/lib/python3.7/site-packages/airflow/example_dags/example_sensors.py
[2023-04-17T12:10:52.680+0000] {logging_mixin.py:137} INFO - [2023-04-17T12:10:52.679+0000] {dag.py:2705} INFO - Sync 1 DAGs
[2023-04-17T12:10:52.844+0000] {logging_mixin.py:137} INFO - [2023-04-17T12:10:52.843+0000] {dag.py:3456} INFO - Setting next_dagrun for example_sensors to None, run_after=None
[2023-04-17T12:10:52.937+0000] {processor.py:175} INFO - Processing /home/airflow/.local/lib/python3.7/site-packages/airflow/example_dags/example_sensors.py took 0.597 seconds
[2023-04-17T12:11:23.136+0000] {processor.py:153} INFO - Started process (PID=95) to work on /home/airflow/.local/lib/python3.7/site-packages/airflow/example_dags/example_sensors.py
[2023-04-17T12:11:23.136+0000] {processor.py:743} INFO - Processing file /home/airflow/.local/lib/python3.7/site-packages/airflow/example_dags/example_sensors.py for tasks to queue
[2023-04-17T12:11:23.137+0000] {logging_mixin.py:137} INFO - [2023-04-17T12:11:23.137+0000] {dagbag.py:532} INFO - Filling up the DagBag from /home/airflow/.local/lib/python3.7/site-packages/airflow/example_dags/example_sensors.py
[2023-04-17T12:11:23.164+0000] {processor.py:753} INFO - DAG(s) dict_keys(['example_sensors']) retrieved from /home/airflow/.local/lib/python3.7/site-packages/airflow/example_dags/example_sensors.py
[2023-04-17T12:11:23.214+0000] {logging_mixin.py:137} INFO - [2023-04-17T12:11:23.213+0000] {dag.py:2705} INFO - Sync 1 DAGs
[2023-04-17T12:11:23.266+0000] {logging_mixin.py:137} INFO - [2023-04-17T12:11:23.265+0000] {dag.py:3456} INFO - Setting next_dagrun for example_sensors to None, run_after=None
[2023-04-17T12:11:23.308+0000] {processor.py:175} INFO - Processing /home/airflow/.local/lib/python3.7/site-packages/airflow/example_dags/example_sensors.py took 0.177 seconds
[2023-04-17T12:11:53.739+0000] {processor.py:153} INFO - Started process (PID=145) to work on /home/airflow/.local/lib/python3.7/site-packages/airflow/example_dags/example_sensors.py
[2023-04-17T12:11:53.740+0000] {processor.py:743} INFO - Processing file /home/airflow/.local/lib/python3.7/site-packages/airflow/example_dags/example_sensors.py for tasks to queue
[2023-04-17T12:11:53.741+0000] {logging_mixin.py:137} INFO - [2023-04-17T12:11:53.741+0000] {dagbag.py:532} INFO - Filling up the DagBag from /home/airflow/.local/lib/python3.7/site-packages/airflow/example_dags/example_sensors.py
[2023-04-17T12:11:53.768+0000] {processor.py:753} INFO - DAG(s) dict_keys(['example_sensors']) retrieved from /home/airflow/.local/lib/python3.7/site-packages/airflow/example_dags/example_sensors.py
[2023-04-17T12:11:53.811+0000] {logging_mixin.py:137} INFO - [2023-04-17T12:11:53.810+0000] {dag.py:2705} INFO - Sync 1 DAGs
[2023-04-17T12:11:53.849+0000] {logging_mixin.py:137} INFO - [2023-04-17T12:11:53.849+0000] {dag.py:3456} INFO - Setting next_dagrun for example_sensors to None, run_after=None
[2023-04-17T12:11:53.873+0000] {processor.py:175} INFO - Processing /home/airflow/.local/lib/python3.7/site-packages/airflow/example_dags/example_sensors.py took 0.138 seconds
[2023-04-17T12:12:24.458+0000] {processor.py:153} INFO - Started process (PID=194) to work on /home/airflow/.local/lib/python3.7/site-packages/airflow/example_dags/example_sensors.py
[2023-04-17T12:12:24.458+0000] {processor.py:743} INFO - Processing file /home/airflow/.local/lib/python3.7/site-packages/airflow/example_dags/example_sensors.py for tasks to queue
[2023-04-17T12:12:24.459+0000] {logging_mixin.py:137} INFO - [2023-04-17T12:12:24.459+0000] {dagbag.py:532} INFO - Filling up the DagBag from /home/airflow/.local/lib/python3.7/site-packages/airflow/example_dags/example_sensors.py
[2023-04-17T12:12:24.497+0000] {processor.py:753} INFO - DAG(s) dict_keys(['example_sensors']) retrieved from /home/airflow/.local/lib/python3.7/site-packages/airflow/example_dags/example_sensors.py
[2023-04-17T12:12:24.548+0000] {logging_mixin.py:137} INFO - [2023-04-17T12:12:24.548+0000] {dag.py:2705} INFO - Sync 1 DAGs
[2023-04-17T12:12:24.589+0000] {logging_mixin.py:137} INFO - [2023-04-17T12:12:24.589+0000] {dag.py:3456} INFO - Setting next_dagrun for example_sensors to None, run_after=None
[2023-04-17T12:12:24.628+0000] {processor.py:175} INFO - Processing /home/airflow/.local/lib/python3.7/site-packages/airflow/example_dags/example_sensors.py took 0.174 seconds
[2023-04-17T12:12:54.961+0000] {processor.py:153} INFO - Started process (PID=244) to work on /home/airflow/.local/lib/python3.7/site-packages/airflow/example_dags/example_sensors.py
[2023-04-17T12:12:54.962+0000] {processor.py:743} INFO - Processing file /home/airflow/.local/lib/python3.7/site-packages/airflow/example_dags/example_sensors.py for tasks to queue
[2023-04-17T12:12:54.963+0000] {logging_mixin.py:137} INFO - [2023-04-17T12:12:54.963+0000] {dagbag.py:532} INFO - Filling up the DagBag from /home/airflow/.local/lib/python3.7/site-packages/airflow/example_dags/example_sensors.py
[2023-04-17T12:12:54.991+0000] {processor.py:753} INFO - DAG(s) dict_keys(['example_sensors']) retrieved from /home/airflow/.local/lib/python3.7/site-packages/airflow/example_dags/example_sensors.py
[2023-04-17T12:12:55.062+0000] {logging_mixin.py:137} INFO - [2023-04-17T12:12:55.062+0000] {dag.py:2705} INFO - Sync 1 DAGs
[2023-04-17T12:12:55.106+0000] {logging_mixin.py:137} INFO - [2023-04-17T12:12:55.106+0000] {dag.py:3456} INFO - Setting next_dagrun for example_sensors to None, run_after=None
[2023-04-17T12:12:55.130+0000] {processor.py:175} INFO - Processing /home/airflow/.local/lib/python3.7/site-packages/airflow/example_dags/example_sensors.py took 0.173 seconds
[2023-04-17T12:13:25.274+0000] {processor.py:153} INFO - Started process (PID=294) to work on /home/airflow/.local/lib/python3.7/site-packages/airflow/example_dags/example_sensors.py
[2023-04-17T12:13:25.275+0000] {processor.py:743} INFO - Processing file /home/airflow/.local/lib/python3.7/site-packages/airflow/example_dags/example_sensors.py for tasks to queue
[2023-04-17T12:13:25.276+0000] {logging_mixin.py:137} INFO - [2023-04-17T12:13:25.276+0000] {dagbag.py:532} INFO - Filling up the DagBag from /home/airflow/.local/lib/python3.7/site-packages/airflow/example_dags/example_sensors.py
[2023-04-17T12:13:25.317+0000] {processor.py:753} INFO - DAG(s) dict_keys(['example_sensors']) retrieved from /home/airflow/.local/lib/python3.7/site-packages/airflow/example_dags/example_sensors.py
[2023-04-17T12:13:25.359+0000] {logging_mixin.py:137} INFO - [2023-04-17T12:13:25.359+0000] {dag.py:2705} INFO - Sync 1 DAGs
[2023-04-17T12:13:25.399+0000] {logging_mixin.py:137} INFO - [2023-04-17T12:13:25.399+0000] {dag.py:3456} INFO - Setting next_dagrun for example_sensors to None, run_after=None
[2023-04-17T12:13:25.423+0000] {processor.py:175} INFO - Processing /home/airflow/.local/lib/python3.7/site-packages/airflow/example_dags/example_sensors.py took 0.153 seconds
