[2023-04-17T12:10:56.929+0000] {processor.py:153} INFO - Started process (PID=57) to work on /home/airflow/.local/lib/python3.7/site-packages/airflow/example_dags/example_sensor_decorator.py
[2023-04-17T12:10:56.937+0000] {processor.py:743} INFO - Processing file /home/airflow/.local/lib/python3.7/site-packages/airflow/example_dags/example_sensor_decorator.py for tasks to queue
[2023-04-17T12:10:56.942+0000] {logging_mixin.py:137} INFO - [2023-04-17T12:10:56.941+0000] {dagbag.py:532} INFO - Filling up the DagBag from /home/airflow/.local/lib/python3.7/site-packages/airflow/example_dags/example_sensor_decorator.py
[2023-04-17T12:10:57.133+0000] {processor.py:753} INFO - DAG(s) dict_keys(['example_sensor_decorator']) retrieved from /home/airflow/.local/lib/python3.7/site-packages/airflow/example_dags/example_sensor_decorator.py
[2023-04-17T12:10:57.254+0000] {logging_mixin.py:137} INFO - [2023-04-17T12:10:57.254+0000] {dag.py:2705} INFO - Sync 1 DAGs
[2023-04-17T12:10:57.435+0000] {logging_mixin.py:137} INFO - [2023-04-17T12:10:57.435+0000] {dag.py:3456} INFO - Setting next_dagrun for example_sensor_decorator to None, run_after=None
[2023-04-17T12:10:57.544+0000] {processor.py:175} INFO - Processing /home/airflow/.local/lib/python3.7/site-packages/airflow/example_dags/example_sensor_decorator.py took 0.620 seconds
[2023-04-17T12:11:28.307+0000] {processor.py:153} INFO - Started process (PID=107) to work on /home/airflow/.local/lib/python3.7/site-packages/airflow/example_dags/example_sensor_decorator.py
[2023-04-17T12:11:28.308+0000] {processor.py:743} INFO - Processing file /home/airflow/.local/lib/python3.7/site-packages/airflow/example_dags/example_sensor_decorator.py for tasks to queue
[2023-04-17T12:11:28.309+0000] {logging_mixin.py:137} INFO - [2023-04-17T12:11:28.309+0000] {dagbag.py:532} INFO - Filling up the DagBag from /home/airflow/.local/lib/python3.7/site-packages/airflow/example_dags/example_sensor_decorator.py
[2023-04-17T12:11:28.341+0000] {processor.py:753} INFO - DAG(s) dict_keys(['example_sensor_decorator']) retrieved from /home/airflow/.local/lib/python3.7/site-packages/airflow/example_dags/example_sensor_decorator.py
[2023-04-17T12:11:28.375+0000] {logging_mixin.py:137} INFO - [2023-04-17T12:11:28.375+0000] {dag.py:2705} INFO - Sync 1 DAGs
[2023-04-17T12:11:28.418+0000] {logging_mixin.py:137} INFO - [2023-04-17T12:11:28.418+0000] {dag.py:3456} INFO - Setting next_dagrun for example_sensor_decorator to None, run_after=None
[2023-04-17T12:11:28.443+0000] {processor.py:175} INFO - Processing /home/airflow/.local/lib/python3.7/site-packages/airflow/example_dags/example_sensor_decorator.py took 0.140 seconds
[2023-04-17T12:11:58.609+0000] {processor.py:153} INFO - Started process (PID=157) to work on /home/airflow/.local/lib/python3.7/site-packages/airflow/example_dags/example_sensor_decorator.py
[2023-04-17T12:11:58.610+0000] {processor.py:743} INFO - Processing file /home/airflow/.local/lib/python3.7/site-packages/airflow/example_dags/example_sensor_decorator.py for tasks to queue
[2023-04-17T12:11:58.611+0000] {logging_mixin.py:137} INFO - [2023-04-17T12:11:58.611+0000] {dagbag.py:532} INFO - Filling up the DagBag from /home/airflow/.local/lib/python3.7/site-packages/airflow/example_dags/example_sensor_decorator.py
[2023-04-17T12:11:58.642+0000] {processor.py:753} INFO - DAG(s) dict_keys(['example_sensor_decorator']) retrieved from /home/airflow/.local/lib/python3.7/site-packages/airflow/example_dags/example_sensor_decorator.py
[2023-04-17T12:11:58.677+0000] {logging_mixin.py:137} INFO - [2023-04-17T12:11:58.677+0000] {dag.py:2705} INFO - Sync 1 DAGs
[2023-04-17T12:11:58.716+0000] {logging_mixin.py:137} INFO - [2023-04-17T12:11:58.716+0000] {dag.py:3456} INFO - Setting next_dagrun for example_sensor_decorator to None, run_after=None
[2023-04-17T12:11:58.740+0000] {processor.py:175} INFO - Processing /home/airflow/.local/lib/python3.7/site-packages/airflow/example_dags/example_sensor_decorator.py took 0.135 seconds
[2023-04-17T12:12:29.389+0000] {processor.py:153} INFO - Started process (PID=206) to work on /home/airflow/.local/lib/python3.7/site-packages/airflow/example_dags/example_sensor_decorator.py
[2023-04-17T12:12:29.390+0000] {processor.py:743} INFO - Processing file /home/airflow/.local/lib/python3.7/site-packages/airflow/example_dags/example_sensor_decorator.py for tasks to queue
[2023-04-17T12:12:29.391+0000] {logging_mixin.py:137} INFO - [2023-04-17T12:12:29.391+0000] {dagbag.py:532} INFO - Filling up the DagBag from /home/airflow/.local/lib/python3.7/site-packages/airflow/example_dags/example_sensor_decorator.py
[2023-04-17T12:12:29.423+0000] {processor.py:753} INFO - DAG(s) dict_keys(['example_sensor_decorator']) retrieved from /home/airflow/.local/lib/python3.7/site-packages/airflow/example_dags/example_sensor_decorator.py
[2023-04-17T12:12:29.457+0000] {logging_mixin.py:137} INFO - [2023-04-17T12:12:29.456+0000] {dag.py:2705} INFO - Sync 1 DAGs
[2023-04-17T12:12:29.495+0000] {logging_mixin.py:137} INFO - [2023-04-17T12:12:29.495+0000] {dag.py:3456} INFO - Setting next_dagrun for example_sensor_decorator to None, run_after=None
[2023-04-17T12:12:29.520+0000] {processor.py:175} INFO - Processing /home/airflow/.local/lib/python3.7/site-packages/airflow/example_dags/example_sensor_decorator.py took 0.135 seconds
[2023-04-17T12:12:59.809+0000] {processor.py:153} INFO - Started process (PID=256) to work on /home/airflow/.local/lib/python3.7/site-packages/airflow/example_dags/example_sensor_decorator.py
[2023-04-17T12:12:59.811+0000] {processor.py:743} INFO - Processing file /home/airflow/.local/lib/python3.7/site-packages/airflow/example_dags/example_sensor_decorator.py for tasks to queue
[2023-04-17T12:12:59.812+0000] {logging_mixin.py:137} INFO - [2023-04-17T12:12:59.811+0000] {dagbag.py:532} INFO - Filling up the DagBag from /home/airflow/.local/lib/python3.7/site-packages/airflow/example_dags/example_sensor_decorator.py
[2023-04-17T12:12:59.844+0000] {processor.py:753} INFO - DAG(s) dict_keys(['example_sensor_decorator']) retrieved from /home/airflow/.local/lib/python3.7/site-packages/airflow/example_dags/example_sensor_decorator.py
[2023-04-17T12:12:59.877+0000] {logging_mixin.py:137} INFO - [2023-04-17T12:12:59.877+0000] {dag.py:2705} INFO - Sync 1 DAGs
[2023-04-17T12:12:59.921+0000] {logging_mixin.py:137} INFO - [2023-04-17T12:12:59.920+0000] {dag.py:3456} INFO - Setting next_dagrun for example_sensor_decorator to None, run_after=None
[2023-04-17T12:12:59.943+0000] {processor.py:175} INFO - Processing /home/airflow/.local/lib/python3.7/site-packages/airflow/example_dags/example_sensor_decorator.py took 0.139 seconds
[2023-04-17T12:13:30.119+0000] {processor.py:153} INFO - Started process (PID=306) to work on /home/airflow/.local/lib/python3.7/site-packages/airflow/example_dags/example_sensor_decorator.py
[2023-04-17T12:13:30.119+0000] {processor.py:743} INFO - Processing file /home/airflow/.local/lib/python3.7/site-packages/airflow/example_dags/example_sensor_decorator.py for tasks to queue
[2023-04-17T12:13:30.120+0000] {logging_mixin.py:137} INFO - [2023-04-17T12:13:30.120+0000] {dagbag.py:532} INFO - Filling up the DagBag from /home/airflow/.local/lib/python3.7/site-packages/airflow/example_dags/example_sensor_decorator.py
[2023-04-17T12:13:30.152+0000] {processor.py:753} INFO - DAG(s) dict_keys(['example_sensor_decorator']) retrieved from /home/airflow/.local/lib/python3.7/site-packages/airflow/example_dags/example_sensor_decorator.py
[2023-04-17T12:13:30.186+0000] {logging_mixin.py:137} INFO - [2023-04-17T12:13:30.186+0000] {dag.py:2705} INFO - Sync 1 DAGs
[2023-04-17T12:13:30.226+0000] {logging_mixin.py:137} INFO - [2023-04-17T12:13:30.225+0000] {dag.py:3456} INFO - Setting next_dagrun for example_sensor_decorator to None, run_after=None
[2023-04-17T12:13:30.249+0000] {processor.py:175} INFO - Processing /home/airflow/.local/lib/python3.7/site-packages/airflow/example_dags/example_sensor_decorator.py took 0.135 seconds
