[2023-04-17T12:10:51.864+0000] {processor.py:153} INFO - Started process (PID=36) to work on /home/airflow/.local/lib/python3.7/site-packages/airflow/example_dags/example_task_group.py
[2023-04-17T12:10:51.865+0000] {processor.py:743} INFO - Processing file /home/airflow/.local/lib/python3.7/site-packages/airflow/example_dags/example_task_group.py for tasks to queue
[2023-04-17T12:10:51.876+0000] {logging_mixin.py:137} INFO - [2023-04-17T12:10:51.874+0000] {dagbag.py:532} INFO - Filling up the DagBag from /home/airflow/.local/lib/python3.7/site-packages/airflow/example_dags/example_task_group.py
[2023-04-17T12:10:51.967+0000] {processor.py:753} INFO - DAG(s) dict_keys(['example_task_group']) retrieved from /home/airflow/.local/lib/python3.7/site-packages/airflow/example_dags/example_task_group.py
[2023-04-17T12:10:52.100+0000] {logging_mixin.py:137} INFO - [2023-04-17T12:10:52.100+0000] {dag.py:2705} INFO - Sync 1 DAGs
[2023-04-17T12:10:52.179+0000] {logging_mixin.py:137} INFO - [2023-04-17T12:10:52.178+0000] {dag.py:3456} INFO - Setting next_dagrun for example_task_group to 2023-04-16T12:10:52.178575+00:00, run_after=2023-04-17T12:10:52.178575+00:00
[2023-04-17T12:10:52.243+0000] {processor.py:175} INFO - Processing /home/airflow/.local/lib/python3.7/site-packages/airflow/example_dags/example_task_group.py took 0.385 seconds
[2023-04-17T12:11:22.970+0000] {processor.py:153} INFO - Started process (PID=93) to work on /home/airflow/.local/lib/python3.7/site-packages/airflow/example_dags/example_task_group.py
[2023-04-17T12:11:22.971+0000] {processor.py:743} INFO - Processing file /home/airflow/.local/lib/python3.7/site-packages/airflow/example_dags/example_task_group.py for tasks to queue
[2023-04-17T12:11:22.972+0000] {logging_mixin.py:137} INFO - [2023-04-17T12:11:22.972+0000] {dagbag.py:532} INFO - Filling up the DagBag from /home/airflow/.local/lib/python3.7/site-packages/airflow/example_dags/example_task_group.py
[2023-04-17T12:11:22.994+0000] {processor.py:753} INFO - DAG(s) dict_keys(['example_task_group']) retrieved from /home/airflow/.local/lib/python3.7/site-packages/airflow/example_dags/example_task_group.py
[2023-04-17T12:11:23.032+0000] {logging_mixin.py:137} INFO - [2023-04-17T12:11:23.032+0000] {dag.py:2705} INFO - Sync 1 DAGs
[2023-04-17T12:11:23.076+0000] {logging_mixin.py:137} INFO - [2023-04-17T12:11:23.076+0000] {dag.py:3456} INFO - Setting next_dagrun for example_task_group to 2023-04-16T12:11:23.076199+00:00, run_after=2023-04-17T12:11:23.076199+00:00
[2023-04-17T12:11:23.111+0000] {processor.py:175} INFO - Processing /home/airflow/.local/lib/python3.7/site-packages/airflow/example_dags/example_task_group.py took 0.145 seconds
[2023-04-17T12:11:53.585+0000] {processor.py:153} INFO - Started process (PID=143) to work on /home/airflow/.local/lib/python3.7/site-packages/airflow/example_dags/example_task_group.py
[2023-04-17T12:11:53.586+0000] {processor.py:743} INFO - Processing file /home/airflow/.local/lib/python3.7/site-packages/airflow/example_dags/example_task_group.py for tasks to queue
[2023-04-17T12:11:53.587+0000] {logging_mixin.py:137} INFO - [2023-04-17T12:11:53.587+0000] {dagbag.py:532} INFO - Filling up the DagBag from /home/airflow/.local/lib/python3.7/site-packages/airflow/example_dags/example_task_group.py
[2023-04-17T12:11:53.610+0000] {processor.py:753} INFO - DAG(s) dict_keys(['example_task_group']) retrieved from /home/airflow/.local/lib/python3.7/site-packages/airflow/example_dags/example_task_group.py
[2023-04-17T12:11:53.647+0000] {logging_mixin.py:137} INFO - [2023-04-17T12:11:53.647+0000] {dag.py:2705} INFO - Sync 1 DAGs
[2023-04-17T12:11:53.691+0000] {logging_mixin.py:137} INFO - [2023-04-17T12:11:53.691+0000] {dag.py:3456} INFO - Setting next_dagrun for example_task_group to 2023-04-16T12:11:53.690747+00:00, run_after=2023-04-17T12:11:53.690747+00:00
[2023-04-17T12:11:53.715+0000] {processor.py:175} INFO - Processing /home/airflow/.local/lib/python3.7/site-packages/airflow/example_dags/example_task_group.py took 0.134 seconds
[2023-04-17T12:12:24.277+0000] {processor.py:153} INFO - Started process (PID=192) to work on /home/airflow/.local/lib/python3.7/site-packages/airflow/example_dags/example_task_group.py
[2023-04-17T12:12:24.278+0000] {processor.py:743} INFO - Processing file /home/airflow/.local/lib/python3.7/site-packages/airflow/example_dags/example_task_group.py for tasks to queue
[2023-04-17T12:12:24.279+0000] {logging_mixin.py:137} INFO - [2023-04-17T12:12:24.279+0000] {dagbag.py:532} INFO - Filling up the DagBag from /home/airflow/.local/lib/python3.7/site-packages/airflow/example_dags/example_task_group.py
[2023-04-17T12:12:24.303+0000] {processor.py:753} INFO - DAG(s) dict_keys(['example_task_group']) retrieved from /home/airflow/.local/lib/python3.7/site-packages/airflow/example_dags/example_task_group.py
[2023-04-17T12:12:24.345+0000] {logging_mixin.py:137} INFO - [2023-04-17T12:12:24.345+0000] {dag.py:2705} INFO - Sync 1 DAGs
[2023-04-17T12:12:24.384+0000] {logging_mixin.py:137} INFO - [2023-04-17T12:12:24.384+0000] {dag.py:3456} INFO - Setting next_dagrun for example_task_group to 2023-04-16T12:12:24.383952+00:00, run_after=2023-04-17T12:12:24.383952+00:00
[2023-04-17T12:12:24.408+0000] {processor.py:175} INFO - Processing /home/airflow/.local/lib/python3.7/site-packages/airflow/example_dags/example_task_group.py took 0.135 seconds
[2023-04-17T12:12:54.784+0000] {processor.py:153} INFO - Started process (PID=242) to work on /home/airflow/.local/lib/python3.7/site-packages/airflow/example_dags/example_task_group.py
[2023-04-17T12:12:54.786+0000] {processor.py:743} INFO - Processing file /home/airflow/.local/lib/python3.7/site-packages/airflow/example_dags/example_task_group.py for tasks to queue
[2023-04-17T12:12:54.786+0000] {logging_mixin.py:137} INFO - [2023-04-17T12:12:54.786+0000] {dagbag.py:532} INFO - Filling up the DagBag from /home/airflow/.local/lib/python3.7/site-packages/airflow/example_dags/example_task_group.py
[2023-04-17T12:12:54.819+0000] {processor.py:753} INFO - DAG(s) dict_keys(['example_task_group']) retrieved from /home/airflow/.local/lib/python3.7/site-packages/airflow/example_dags/example_task_group.py
[2023-04-17T12:12:54.872+0000] {logging_mixin.py:137} INFO - [2023-04-17T12:12:54.872+0000] {dag.py:2705} INFO - Sync 1 DAGs
[2023-04-17T12:12:54.911+0000] {logging_mixin.py:137} INFO - [2023-04-17T12:12:54.911+0000] {dag.py:3456} INFO - Setting next_dagrun for example_task_group to 2023-04-16T12:12:54.911321+00:00, run_after=2023-04-17T12:12:54.911321+00:00
[2023-04-17T12:12:54.937+0000] {processor.py:175} INFO - Processing /home/airflow/.local/lib/python3.7/site-packages/airflow/example_dags/example_task_group.py took 0.156 seconds
[2023-04-17T12:13:25.084+0000] {processor.py:153} INFO - Started process (PID=292) to work on /home/airflow/.local/lib/python3.7/site-packages/airflow/example_dags/example_task_group.py
[2023-04-17T12:13:25.085+0000] {processor.py:743} INFO - Processing file /home/airflow/.local/lib/python3.7/site-packages/airflow/example_dags/example_task_group.py for tasks to queue
[2023-04-17T12:13:25.086+0000] {logging_mixin.py:137} INFO - [2023-04-17T12:13:25.086+0000] {dagbag.py:532} INFO - Filling up the DagBag from /home/airflow/.local/lib/python3.7/site-packages/airflow/example_dags/example_task_group.py
[2023-04-17T12:13:25.109+0000] {processor.py:753} INFO - DAG(s) dict_keys(['example_task_group']) retrieved from /home/airflow/.local/lib/python3.7/site-packages/airflow/example_dags/example_task_group.py
[2023-04-17T12:13:25.148+0000] {logging_mixin.py:137} INFO - [2023-04-17T12:13:25.148+0000] {dag.py:2705} INFO - Sync 1 DAGs
[2023-04-17T12:13:25.215+0000] {logging_mixin.py:137} INFO - [2023-04-17T12:13:25.214+0000] {dag.py:3456} INFO - Setting next_dagrun for example_task_group to 2023-04-16T12:13:25.214546+00:00, run_after=2023-04-17T12:13:25.214546+00:00
[2023-04-17T12:13:25.248+0000] {processor.py:175} INFO - Processing /home/airflow/.local/lib/python3.7/site-packages/airflow/example_dags/example_task_group.py took 0.169 seconds
