[2023-04-17T12:10:58.695+0000] {processor.py:153} INFO - Started process (PID=62) to work on /home/airflow/.local/lib/python3.7/site-packages/airflow/example_dags/tutorial.py
[2023-04-17T12:10:58.696+0000] {processor.py:743} INFO - Processing file /home/airflow/.local/lib/python3.7/site-packages/airflow/example_dags/tutorial.py for tasks to queue
[2023-04-17T12:10:58.697+0000] {logging_mixin.py:137} INFO - [2023-04-17T12:10:58.696+0000] {dagbag.py:532} INFO - Filling up the DagBag from /home/airflow/.local/lib/python3.7/site-packages/airflow/example_dags/tutorial.py
[2023-04-17T12:10:58.791+0000] {processor.py:753} INFO - DAG(s) dict_keys(['tutorial']) retrieved from /home/airflow/.local/lib/python3.7/site-packages/airflow/example_dags/tutorial.py
[2023-04-17T12:10:58.923+0000] {logging_mixin.py:137} INFO - [2023-04-17T12:10:58.922+0000] {dag.py:2705} INFO - Sync 1 DAGs
[2023-04-17T12:10:59.059+0000] {logging_mixin.py:137} INFO - [2023-04-17T12:10:59.058+0000] {dag.py:3456} INFO - Setting next_dagrun for tutorial to 2023-04-16T12:10:59.058665+00:00, run_after=2023-04-17T12:10:59.058665+00:00
[2023-04-17T12:10:59.163+0000] {processor.py:175} INFO - Processing /home/airflow/.local/lib/python3.7/site-packages/airflow/example_dags/tutorial.py took 0.500 seconds
[2023-04-17T12:11:29.655+0000] {processor.py:153} INFO - Started process (PID=112) to work on /home/airflow/.local/lib/python3.7/site-packages/airflow/example_dags/tutorial.py
[2023-04-17T12:11:29.656+0000] {processor.py:743} INFO - Processing file /home/airflow/.local/lib/python3.7/site-packages/airflow/example_dags/tutorial.py for tasks to queue
[2023-04-17T12:11:29.656+0000] {logging_mixin.py:137} INFO - [2023-04-17T12:11:29.656+0000] {dagbag.py:532} INFO - Filling up the DagBag from /home/airflow/.local/lib/python3.7/site-packages/airflow/example_dags/tutorial.py
[2023-04-17T12:11:29.670+0000] {processor.py:753} INFO - DAG(s) dict_keys(['tutorial']) retrieved from /home/airflow/.local/lib/python3.7/site-packages/airflow/example_dags/tutorial.py
[2023-04-17T12:11:29.693+0000] {logging_mixin.py:137} INFO - [2023-04-17T12:11:29.693+0000] {dag.py:2705} INFO - Sync 1 DAGs
[2023-04-17T12:11:29.720+0000] {logging_mixin.py:137} INFO - [2023-04-17T12:11:29.720+0000] {dag.py:3456} INFO - Setting next_dagrun for tutorial to 2023-04-16T12:11:29.720417+00:00, run_after=2023-04-17T12:11:29.720417+00:00
[2023-04-17T12:11:29.739+0000] {processor.py:175} INFO - Processing /home/airflow/.local/lib/python3.7/site-packages/airflow/example_dags/tutorial.py took 0.087 seconds
[2023-04-17T12:11:59.956+0000] {processor.py:153} INFO - Started process (PID=162) to work on /home/airflow/.local/lib/python3.7/site-packages/airflow/example_dags/tutorial.py
[2023-04-17T12:11:59.957+0000] {processor.py:743} INFO - Processing file /home/airflow/.local/lib/python3.7/site-packages/airflow/example_dags/tutorial.py for tasks to queue
[2023-04-17T12:11:59.957+0000] {logging_mixin.py:137} INFO - [2023-04-17T12:11:59.957+0000] {dagbag.py:532} INFO - Filling up the DagBag from /home/airflow/.local/lib/python3.7/site-packages/airflow/example_dags/tutorial.py
[2023-04-17T12:11:59.970+0000] {processor.py:753} INFO - DAG(s) dict_keys(['tutorial']) retrieved from /home/airflow/.local/lib/python3.7/site-packages/airflow/example_dags/tutorial.py
[2023-04-17T12:11:59.994+0000] {logging_mixin.py:137} INFO - [2023-04-17T12:11:59.994+0000] {dag.py:2705} INFO - Sync 1 DAGs
[2023-04-17T12:12:00.017+0000] {logging_mixin.py:137} INFO - [2023-04-17T12:12:00.017+0000] {dag.py:3456} INFO - Setting next_dagrun for tutorial to 2023-04-16T12:12:00.017605+00:00, run_after=2023-04-17T12:12:00.017605+00:00
[2023-04-17T12:12:00.034+0000] {processor.py:175} INFO - Processing /home/airflow/.local/lib/python3.7/site-packages/airflow/example_dags/tutorial.py took 0.081 seconds
[2023-04-17T12:12:30.746+0000] {processor.py:153} INFO - Started process (PID=211) to work on /home/airflow/.local/lib/python3.7/site-packages/airflow/example_dags/tutorial.py
[2023-04-17T12:12:30.747+0000] {processor.py:743} INFO - Processing file /home/airflow/.local/lib/python3.7/site-packages/airflow/example_dags/tutorial.py for tasks to queue
[2023-04-17T12:12:30.747+0000] {logging_mixin.py:137} INFO - [2023-04-17T12:12:30.747+0000] {dagbag.py:532} INFO - Filling up the DagBag from /home/airflow/.local/lib/python3.7/site-packages/airflow/example_dags/tutorial.py
[2023-04-17T12:12:30.766+0000] {processor.py:753} INFO - DAG(s) dict_keys(['tutorial']) retrieved from /home/airflow/.local/lib/python3.7/site-packages/airflow/example_dags/tutorial.py
[2023-04-17T12:12:30.799+0000] {logging_mixin.py:137} INFO - [2023-04-17T12:12:30.799+0000] {dag.py:2705} INFO - Sync 1 DAGs
[2023-04-17T12:12:30.867+0000] {logging_mixin.py:137} INFO - [2023-04-17T12:12:30.867+0000] {dag.py:3456} INFO - Setting next_dagrun for tutorial to 2023-04-16T12:12:30.867184+00:00, run_after=2023-04-17T12:12:30.867184+00:00
[2023-04-17T12:12:30.890+0000] {processor.py:175} INFO - Processing /home/airflow/.local/lib/python3.7/site-packages/airflow/example_dags/tutorial.py took 0.149 seconds
[2023-04-17T12:13:01.174+0000] {processor.py:153} INFO - Started process (PID=261) to work on /home/airflow/.local/lib/python3.7/site-packages/airflow/example_dags/tutorial.py
[2023-04-17T12:13:01.174+0000] {processor.py:743} INFO - Processing file /home/airflow/.local/lib/python3.7/site-packages/airflow/example_dags/tutorial.py for tasks to queue
[2023-04-17T12:13:01.175+0000] {logging_mixin.py:137} INFO - [2023-04-17T12:13:01.175+0000] {dagbag.py:532} INFO - Filling up the DagBag from /home/airflow/.local/lib/python3.7/site-packages/airflow/example_dags/tutorial.py
[2023-04-17T12:13:01.194+0000] {processor.py:753} INFO - DAG(s) dict_keys(['tutorial']) retrieved from /home/airflow/.local/lib/python3.7/site-packages/airflow/example_dags/tutorial.py
[2023-04-17T12:13:01.227+0000] {logging_mixin.py:137} INFO - [2023-04-17T12:13:01.227+0000] {dag.py:2705} INFO - Sync 1 DAGs
[2023-04-17T12:13:01.267+0000] {logging_mixin.py:137} INFO - [2023-04-17T12:13:01.267+0000] {dag.py:3456} INFO - Setting next_dagrun for tutorial to 2023-04-16T12:13:01.267091+00:00, run_after=2023-04-17T12:13:01.267091+00:00
[2023-04-17T12:13:01.294+0000] {processor.py:175} INFO - Processing /home/airflow/.local/lib/python3.7/site-packages/airflow/example_dags/tutorial.py took 0.124 seconds
[2023-04-17T12:13:31.474+0000] {processor.py:153} INFO - Started process (PID=311) to work on /home/airflow/.local/lib/python3.7/site-packages/airflow/example_dags/tutorial.py
[2023-04-17T12:13:31.475+0000] {processor.py:743} INFO - Processing file /home/airflow/.local/lib/python3.7/site-packages/airflow/example_dags/tutorial.py for tasks to queue
[2023-04-17T12:13:31.476+0000] {logging_mixin.py:137} INFO - [2023-04-17T12:13:31.476+0000] {dagbag.py:532} INFO - Filling up the DagBag from /home/airflow/.local/lib/python3.7/site-packages/airflow/example_dags/tutorial.py
[2023-04-17T12:13:31.507+0000] {processor.py:753} INFO - DAG(s) dict_keys(['tutorial']) retrieved from /home/airflow/.local/lib/python3.7/site-packages/airflow/example_dags/tutorial.py
[2023-04-17T12:13:31.545+0000] {logging_mixin.py:137} INFO - [2023-04-17T12:13:31.544+0000] {dag.py:2705} INFO - Sync 1 DAGs
[2023-04-17T12:13:31.586+0000] {logging_mixin.py:137} INFO - [2023-04-17T12:13:31.586+0000] {dag.py:3456} INFO - Setting next_dagrun for tutorial to 2023-04-16T12:13:31.585816+00:00, run_after=2023-04-17T12:13:31.585816+00:00
[2023-04-17T12:13:31.621+0000] {processor.py:175} INFO - Processing /home/airflow/.local/lib/python3.7/site-packages/airflow/example_dags/tutorial.py took 0.152 seconds
