[2023-04-08T12:01:21.091+0000] {processor.py:153} INFO - Started process (PID=58) to work on /home/airflow/.local/lib/python3.7/site-packages/airflow/example_dags/example_sensor_decorator.py
[2023-04-08T12:01:21.092+0000] {processor.py:743} INFO - Processing file /home/airflow/.local/lib/python3.7/site-packages/airflow/example_dags/example_sensor_decorator.py for tasks to queue
[2023-04-08T12:01:21.093+0000] {logging_mixin.py:137} INFO - [2023-04-08T12:01:21.093+0000] {dagbag.py:532} INFO - Filling up the DagBag from /home/airflow/.local/lib/python3.7/site-packages/airflow/example_dags/example_sensor_decorator.py
[2023-04-08T12:01:21.242+0000] {processor.py:753} INFO - DAG(s) dict_keys(['example_sensor_decorator']) retrieved from /home/airflow/.local/lib/python3.7/site-packages/airflow/example_dags/example_sensor_decorator.py
[2023-04-08T12:01:21.767+0000] {logging_mixin.py:137} INFO - [2023-04-08T12:01:21.767+0000] {manager.py:504} INFO - Created Permission View: can delete on DAG:example_sensor_decorator
[2023-04-08T12:01:21.802+0000] {logging_mixin.py:137} INFO - [2023-04-08T12:01:21.802+0000] {manager.py:504} INFO - Created Permission View: can edit on DAG:example_sensor_decorator
[2023-04-08T12:01:21.833+0000] {logging_mixin.py:137} INFO - [2023-04-08T12:01:21.833+0000] {manager.py:504} INFO - Created Permission View: can read on DAG:example_sensor_decorator
[2023-04-08T12:01:21.834+0000] {logging_mixin.py:137} INFO - [2023-04-08T12:01:21.833+0000] {dag.py:2705} INFO - Sync 1 DAGs
[2023-04-08T12:01:21.890+0000] {logging_mixin.py:137} INFO - [2023-04-08T12:01:21.890+0000] {dag.py:2726} INFO - Creating ORM DAG for example_sensor_decorator
[2023-04-08T12:01:21.954+0000] {logging_mixin.py:137} INFO - [2023-04-08T12:01:21.954+0000] {dag.py:3456} INFO - Setting next_dagrun for example_sensor_decorator to None, run_after=None
[2023-04-08T12:01:22.022+0000] {processor.py:175} INFO - Processing /home/airflow/.local/lib/python3.7/site-packages/airflow/example_dags/example_sensor_decorator.py took 0.952 seconds
[2023-04-08T12:01:52.690+0000] {processor.py:153} INFO - Started process (PID=108) to work on /home/airflow/.local/lib/python3.7/site-packages/airflow/example_dags/example_sensor_decorator.py
[2023-04-08T12:01:52.691+0000] {processor.py:743} INFO - Processing file /home/airflow/.local/lib/python3.7/site-packages/airflow/example_dags/example_sensor_decorator.py for tasks to queue
[2023-04-08T12:01:52.692+0000] {logging_mixin.py:137} INFO - [2023-04-08T12:01:52.692+0000] {dagbag.py:532} INFO - Filling up the DagBag from /home/airflow/.local/lib/python3.7/site-packages/airflow/example_dags/example_sensor_decorator.py
[2023-04-08T12:01:52.729+0000] {processor.py:753} INFO - DAG(s) dict_keys(['example_sensor_decorator']) retrieved from /home/airflow/.local/lib/python3.7/site-packages/airflow/example_dags/example_sensor_decorator.py
[2023-04-08T12:01:52.766+0000] {logging_mixin.py:137} INFO - [2023-04-08T12:01:52.765+0000] {dag.py:2705} INFO - Sync 1 DAGs
[2023-04-08T12:01:52.805+0000] {logging_mixin.py:137} INFO - [2023-04-08T12:01:52.805+0000] {dag.py:3456} INFO - Setting next_dagrun for example_sensor_decorator to None, run_after=None
[2023-04-08T12:01:52.829+0000] {processor.py:175} INFO - Processing /home/airflow/.local/lib/python3.7/site-packages/airflow/example_dags/example_sensor_decorator.py took 0.145 seconds
[2023-04-08T12:02:23.647+0000] {processor.py:153} INFO - Started process (PID=157) to work on /home/airflow/.local/lib/python3.7/site-packages/airflow/example_dags/example_sensor_decorator.py
[2023-04-08T12:02:23.651+0000] {processor.py:743} INFO - Processing file /home/airflow/.local/lib/python3.7/site-packages/airflow/example_dags/example_sensor_decorator.py for tasks to queue
[2023-04-08T12:02:23.652+0000] {logging_mixin.py:137} INFO - [2023-04-08T12:02:23.651+0000] {dagbag.py:532} INFO - Filling up the DagBag from /home/airflow/.local/lib/python3.7/site-packages/airflow/example_dags/example_sensor_decorator.py
[2023-04-08T12:02:23.684+0000] {processor.py:753} INFO - DAG(s) dict_keys(['example_sensor_decorator']) retrieved from /home/airflow/.local/lib/python3.7/site-packages/airflow/example_dags/example_sensor_decorator.py
[2023-04-08T12:02:23.718+0000] {logging_mixin.py:137} INFO - [2023-04-08T12:02:23.718+0000] {dag.py:2705} INFO - Sync 1 DAGs
[2023-04-08T12:02:23.757+0000] {logging_mixin.py:137} INFO - [2023-04-08T12:02:23.757+0000] {dag.py:3456} INFO - Setting next_dagrun for example_sensor_decorator to None, run_after=None
[2023-04-08T12:02:23.780+0000] {processor.py:175} INFO - Processing /home/airflow/.local/lib/python3.7/site-packages/airflow/example_dags/example_sensor_decorator.py took 0.142 seconds
[2023-04-08T12:02:54.357+0000] {processor.py:153} INFO - Started process (PID=207) to work on /home/airflow/.local/lib/python3.7/site-packages/airflow/example_dags/example_sensor_decorator.py
[2023-04-08T12:02:54.358+0000] {processor.py:743} INFO - Processing file /home/airflow/.local/lib/python3.7/site-packages/airflow/example_dags/example_sensor_decorator.py for tasks to queue
[2023-04-08T12:02:54.359+0000] {logging_mixin.py:137} INFO - [2023-04-08T12:02:54.359+0000] {dagbag.py:532} INFO - Filling up the DagBag from /home/airflow/.local/lib/python3.7/site-packages/airflow/example_dags/example_sensor_decorator.py
[2023-04-08T12:02:54.437+0000] {processor.py:753} INFO - DAG(s) dict_keys(['example_sensor_decorator']) retrieved from /home/airflow/.local/lib/python3.7/site-packages/airflow/example_dags/example_sensor_decorator.py
[2023-04-08T12:02:54.591+0000] {logging_mixin.py:137} INFO - [2023-04-08T12:02:54.590+0000] {dag.py:2705} INFO - Sync 1 DAGs
[2023-04-08T12:02:54.736+0000] {logging_mixin.py:137} INFO - [2023-04-08T12:02:54.736+0000] {dag.py:3456} INFO - Setting next_dagrun for example_sensor_decorator to None, run_after=None
[2023-04-08T12:02:54.817+0000] {processor.py:175} INFO - Processing /home/airflow/.local/lib/python3.7/site-packages/airflow/example_dags/example_sensor_decorator.py took 0.480 seconds
[2023-04-08T12:03:25.509+0000] {processor.py:153} INFO - Started process (PID=257) to work on /home/airflow/.local/lib/python3.7/site-packages/airflow/example_dags/example_sensor_decorator.py
[2023-04-08T12:03:25.513+0000] {processor.py:743} INFO - Processing file /home/airflow/.local/lib/python3.7/site-packages/airflow/example_dags/example_sensor_decorator.py for tasks to queue
[2023-04-08T12:03:25.514+0000] {logging_mixin.py:137} INFO - [2023-04-08T12:03:25.514+0000] {dagbag.py:532} INFO - Filling up the DagBag from /home/airflow/.local/lib/python3.7/site-packages/airflow/example_dags/example_sensor_decorator.py
[2023-04-08T12:03:25.545+0000] {processor.py:753} INFO - DAG(s) dict_keys(['example_sensor_decorator']) retrieved from /home/airflow/.local/lib/python3.7/site-packages/airflow/example_dags/example_sensor_decorator.py
[2023-04-08T12:03:25.581+0000] {logging_mixin.py:137} INFO - [2023-04-08T12:03:25.581+0000] {dag.py:2705} INFO - Sync 1 DAGs
[2023-04-08T12:03:25.622+0000] {logging_mixin.py:137} INFO - [2023-04-08T12:03:25.622+0000] {dag.py:3456} INFO - Setting next_dagrun for example_sensor_decorator to None, run_after=None
[2023-04-08T12:03:25.649+0000] {processor.py:175} INFO - Processing /home/airflow/.local/lib/python3.7/site-packages/airflow/example_dags/example_sensor_decorator.py took 0.144 seconds
[2023-04-08T12:03:55.984+0000] {processor.py:153} INFO - Started process (PID=307) to work on /home/airflow/.local/lib/python3.7/site-packages/airflow/example_dags/example_sensor_decorator.py
[2023-04-08T12:03:55.985+0000] {processor.py:743} INFO - Processing file /home/airflow/.local/lib/python3.7/site-packages/airflow/example_dags/example_sensor_decorator.py for tasks to queue
[2023-04-08T12:03:55.986+0000] {logging_mixin.py:137} INFO - [2023-04-08T12:03:55.986+0000] {dagbag.py:532} INFO - Filling up the DagBag from /home/airflow/.local/lib/python3.7/site-packages/airflow/example_dags/example_sensor_decorator.py
[2023-04-08T12:03:56.016+0000] {processor.py:753} INFO - DAG(s) dict_keys(['example_sensor_decorator']) retrieved from /home/airflow/.local/lib/python3.7/site-packages/airflow/example_dags/example_sensor_decorator.py
[2023-04-08T12:03:56.048+0000] {logging_mixin.py:137} INFO - [2023-04-08T12:03:56.048+0000] {dag.py:2705} INFO - Sync 1 DAGs
[2023-04-08T12:03:56.088+0000] {logging_mixin.py:137} INFO - [2023-04-08T12:03:56.088+0000] {dag.py:3456} INFO - Setting next_dagrun for example_sensor_decorator to None, run_after=None
[2023-04-08T12:03:56.114+0000] {processor.py:175} INFO - Processing /home/airflow/.local/lib/python3.7/site-packages/airflow/example_dags/example_sensor_decorator.py took 0.134 seconds
[2023-04-08T12:04:26.249+0000] {processor.py:153} INFO - Started process (PID=358) to work on /home/airflow/.local/lib/python3.7/site-packages/airflow/example_dags/example_sensor_decorator.py
[2023-04-08T12:04:26.252+0000] {processor.py:743} INFO - Processing file /home/airflow/.local/lib/python3.7/site-packages/airflow/example_dags/example_sensor_decorator.py for tasks to queue
[2023-04-08T12:04:26.253+0000] {logging_mixin.py:137} INFO - [2023-04-08T12:04:26.253+0000] {dagbag.py:532} INFO - Filling up the DagBag from /home/airflow/.local/lib/python3.7/site-packages/airflow/example_dags/example_sensor_decorator.py
[2023-04-08T12:04:26.283+0000] {processor.py:753} INFO - DAG(s) dict_keys(['example_sensor_decorator']) retrieved from /home/airflow/.local/lib/python3.7/site-packages/airflow/example_dags/example_sensor_decorator.py
[2023-04-08T12:04:26.317+0000] {logging_mixin.py:137} INFO - [2023-04-08T12:04:26.317+0000] {dag.py:2705} INFO - Sync 1 DAGs
[2023-04-08T12:04:26.356+0000] {logging_mixin.py:137} INFO - [2023-04-08T12:04:26.356+0000] {dag.py:3456} INFO - Setting next_dagrun for example_sensor_decorator to None, run_after=None
[2023-04-08T12:04:26.379+0000] {processor.py:175} INFO - Processing /home/airflow/.local/lib/python3.7/site-packages/airflow/example_dags/example_sensor_decorator.py took 0.134 seconds
[2023-04-08T12:04:56.766+0000] {processor.py:153} INFO - Started process (PID=408) to work on /home/airflow/.local/lib/python3.7/site-packages/airflow/example_dags/example_sensor_decorator.py
[2023-04-08T12:04:56.767+0000] {processor.py:743} INFO - Processing file /home/airflow/.local/lib/python3.7/site-packages/airflow/example_dags/example_sensor_decorator.py for tasks to queue
[2023-04-08T12:04:56.767+0000] {logging_mixin.py:137} INFO - [2023-04-08T12:04:56.767+0000] {dagbag.py:532} INFO - Filling up the DagBag from /home/airflow/.local/lib/python3.7/site-packages/airflow/example_dags/example_sensor_decorator.py
[2023-04-08T12:04:56.801+0000] {processor.py:753} INFO - DAG(s) dict_keys(['example_sensor_decorator']) retrieved from /home/airflow/.local/lib/python3.7/site-packages/airflow/example_dags/example_sensor_decorator.py
[2023-04-08T12:04:56.844+0000] {logging_mixin.py:137} INFO - [2023-04-08T12:04:56.844+0000] {dag.py:2705} INFO - Sync 1 DAGs
[2023-04-08T12:04:56.884+0000] {logging_mixin.py:137} INFO - [2023-04-08T12:04:56.883+0000] {dag.py:3456} INFO - Setting next_dagrun for example_sensor_decorator to None, run_after=None
[2023-04-08T12:04:56.907+0000] {processor.py:175} INFO - Processing /home/airflow/.local/lib/python3.7/site-packages/airflow/example_dags/example_sensor_decorator.py took 0.150 seconds
[2023-04-08T12:05:27.041+0000] {processor.py:153} INFO - Started process (PID=459) to work on /home/airflow/.local/lib/python3.7/site-packages/airflow/example_dags/example_sensor_decorator.py
[2023-04-08T12:05:27.043+0000] {processor.py:743} INFO - Processing file /home/airflow/.local/lib/python3.7/site-packages/airflow/example_dags/example_sensor_decorator.py for tasks to queue
[2023-04-08T12:05:27.043+0000] {logging_mixin.py:137} INFO - [2023-04-08T12:05:27.043+0000] {dagbag.py:532} INFO - Filling up the DagBag from /home/airflow/.local/lib/python3.7/site-packages/airflow/example_dags/example_sensor_decorator.py
[2023-04-08T12:05:27.073+0000] {processor.py:753} INFO - DAG(s) dict_keys(['example_sensor_decorator']) retrieved from /home/airflow/.local/lib/python3.7/site-packages/airflow/example_dags/example_sensor_decorator.py
[2023-04-08T12:05:27.105+0000] {logging_mixin.py:137} INFO - [2023-04-08T12:05:27.105+0000] {dag.py:2705} INFO - Sync 1 DAGs
[2023-04-08T12:05:27.145+0000] {logging_mixin.py:137} INFO - [2023-04-08T12:05:27.145+0000] {dag.py:3456} INFO - Setting next_dagrun for example_sensor_decorator to None, run_after=None
[2023-04-08T12:05:27.169+0000] {processor.py:175} INFO - Processing /home/airflow/.local/lib/python3.7/site-packages/airflow/example_dags/example_sensor_decorator.py took 0.135 seconds
[2023-04-08T12:05:57.343+0000] {processor.py:153} INFO - Started process (PID=509) to work on /home/airflow/.local/lib/python3.7/site-packages/airflow/example_dags/example_sensor_decorator.py
[2023-04-08T12:05:57.345+0000] {processor.py:743} INFO - Processing file /home/airflow/.local/lib/python3.7/site-packages/airflow/example_dags/example_sensor_decorator.py for tasks to queue
[2023-04-08T12:05:57.346+0000] {logging_mixin.py:137} INFO - [2023-04-08T12:05:57.346+0000] {dagbag.py:532} INFO - Filling up the DagBag from /home/airflow/.local/lib/python3.7/site-packages/airflow/example_dags/example_sensor_decorator.py
[2023-04-08T12:05:57.389+0000] {processor.py:753} INFO - DAG(s) dict_keys(['example_sensor_decorator']) retrieved from /home/airflow/.local/lib/python3.7/site-packages/airflow/example_dags/example_sensor_decorator.py
[2023-04-08T12:05:57.465+0000] {logging_mixin.py:137} INFO - [2023-04-08T12:05:57.465+0000] {dag.py:2705} INFO - Sync 1 DAGs
[2023-04-08T12:05:57.544+0000] {logging_mixin.py:137} INFO - [2023-04-08T12:05:57.544+0000] {dag.py:3456} INFO - Setting next_dagrun for example_sensor_decorator to None, run_after=None
[2023-04-08T12:05:57.569+0000] {processor.py:175} INFO - Processing /home/airflow/.local/lib/python3.7/site-packages/airflow/example_dags/example_sensor_decorator.py took 0.230 seconds
[2023-04-08T12:06:28.236+0000] {processor.py:153} INFO - Started process (PID=559) to work on /home/airflow/.local/lib/python3.7/site-packages/airflow/example_dags/example_sensor_decorator.py
[2023-04-08T12:06:28.239+0000] {processor.py:743} INFO - Processing file /home/airflow/.local/lib/python3.7/site-packages/airflow/example_dags/example_sensor_decorator.py for tasks to queue
[2023-04-08T12:06:28.240+0000] {logging_mixin.py:137} INFO - [2023-04-08T12:06:28.240+0000] {dagbag.py:532} INFO - Filling up the DagBag from /home/airflow/.local/lib/python3.7/site-packages/airflow/example_dags/example_sensor_decorator.py
[2023-04-08T12:06:28.301+0000] {processor.py:753} INFO - DAG(s) dict_keys(['example_sensor_decorator']) retrieved from /home/airflow/.local/lib/python3.7/site-packages/airflow/example_dags/example_sensor_decorator.py
[2023-04-08T12:06:28.336+0000] {logging_mixin.py:137} INFO - [2023-04-08T12:06:28.336+0000] {dag.py:2705} INFO - Sync 1 DAGs
[2023-04-08T12:06:28.406+0000] {logging_mixin.py:137} INFO - [2023-04-08T12:06:28.405+0000] {dag.py:3456} INFO - Setting next_dagrun for example_sensor_decorator to None, run_after=None
[2023-04-08T12:06:28.444+0000] {processor.py:175} INFO - Processing /home/airflow/.local/lib/python3.7/site-packages/airflow/example_dags/example_sensor_decorator.py took 0.222 seconds
[2023-04-08T12:06:58.624+0000] {processor.py:153} INFO - Started process (PID=609) to work on /home/airflow/.local/lib/python3.7/site-packages/airflow/example_dags/example_sensor_decorator.py
[2023-04-08T12:06:58.625+0000] {processor.py:743} INFO - Processing file /home/airflow/.local/lib/python3.7/site-packages/airflow/example_dags/example_sensor_decorator.py for tasks to queue
[2023-04-08T12:06:58.626+0000] {logging_mixin.py:137} INFO - [2023-04-08T12:06:58.626+0000] {dagbag.py:532} INFO - Filling up the DagBag from /home/airflow/.local/lib/python3.7/site-packages/airflow/example_dags/example_sensor_decorator.py
[2023-04-08T12:06:58.663+0000] {processor.py:753} INFO - DAG(s) dict_keys(['example_sensor_decorator']) retrieved from /home/airflow/.local/lib/python3.7/site-packages/airflow/example_dags/example_sensor_decorator.py
[2023-04-08T12:06:58.708+0000] {logging_mixin.py:137} INFO - [2023-04-08T12:06:58.708+0000] {dag.py:2705} INFO - Sync 1 DAGs
[2023-04-08T12:06:58.747+0000] {logging_mixin.py:137} INFO - [2023-04-08T12:06:58.747+0000] {dag.py:3456} INFO - Setting next_dagrun for example_sensor_decorator to None, run_after=None
[2023-04-08T12:06:58.770+0000] {processor.py:175} INFO - Processing /home/airflow/.local/lib/python3.7/site-packages/airflow/example_dags/example_sensor_decorator.py took 0.151 seconds
[2023-04-08T12:07:29.438+0000] {processor.py:153} INFO - Started process (PID=658) to work on /home/airflow/.local/lib/python3.7/site-packages/airflow/example_dags/example_sensor_decorator.py
[2023-04-08T12:07:29.449+0000] {processor.py:743} INFO - Processing file /home/airflow/.local/lib/python3.7/site-packages/airflow/example_dags/example_sensor_decorator.py for tasks to queue
[2023-04-08T12:07:29.450+0000] {logging_mixin.py:137} INFO - [2023-04-08T12:07:29.450+0000] {dagbag.py:532} INFO - Filling up the DagBag from /home/airflow/.local/lib/python3.7/site-packages/airflow/example_dags/example_sensor_decorator.py
[2023-04-08T12:07:29.513+0000] {processor.py:753} INFO - DAG(s) dict_keys(['example_sensor_decorator']) retrieved from /home/airflow/.local/lib/python3.7/site-packages/airflow/example_dags/example_sensor_decorator.py
[2023-04-08T12:07:29.578+0000] {logging_mixin.py:137} INFO - [2023-04-08T12:07:29.578+0000] {dag.py:2705} INFO - Sync 1 DAGs
[2023-04-08T12:07:29.666+0000] {logging_mixin.py:137} INFO - [2023-04-08T12:07:29.666+0000] {dag.py:3456} INFO - Setting next_dagrun for example_sensor_decorator to None, run_after=None
[2023-04-08T12:07:29.707+0000] {processor.py:175} INFO - Processing /home/airflow/.local/lib/python3.7/site-packages/airflow/example_dags/example_sensor_decorator.py took 0.279 seconds
[2023-04-08T12:08:00.693+0000] {processor.py:153} INFO - Started process (PID=708) to work on /home/airflow/.local/lib/python3.7/site-packages/airflow/example_dags/example_sensor_decorator.py
[2023-04-08T12:08:00.709+0000] {processor.py:743} INFO - Processing file /home/airflow/.local/lib/python3.7/site-packages/airflow/example_dags/example_sensor_decorator.py for tasks to queue
[2023-04-08T12:08:00.711+0000] {logging_mixin.py:137} INFO - [2023-04-08T12:08:00.710+0000] {dagbag.py:532} INFO - Filling up the DagBag from /home/airflow/.local/lib/python3.7/site-packages/airflow/example_dags/example_sensor_decorator.py
[2023-04-08T12:08:00.742+0000] {processor.py:753} INFO - DAG(s) dict_keys(['example_sensor_decorator']) retrieved from /home/airflow/.local/lib/python3.7/site-packages/airflow/example_dags/example_sensor_decorator.py
[2023-04-08T12:08:00.777+0000] {logging_mixin.py:137} INFO - [2023-04-08T12:08:00.777+0000] {dag.py:2705} INFO - Sync 1 DAGs
[2023-04-08T12:08:00.815+0000] {logging_mixin.py:137} INFO - [2023-04-08T12:08:00.815+0000] {dag.py:3456} INFO - Setting next_dagrun for example_sensor_decorator to None, run_after=None
[2023-04-08T12:08:00.839+0000] {processor.py:175} INFO - Processing /home/airflow/.local/lib/python3.7/site-packages/airflow/example_dags/example_sensor_decorator.py took 0.150 seconds
[2023-04-08T12:08:31.121+0000] {processor.py:153} INFO - Started process (PID=758) to work on /home/airflow/.local/lib/python3.7/site-packages/airflow/example_dags/example_sensor_decorator.py
[2023-04-08T12:08:31.121+0000] {processor.py:743} INFO - Processing file /home/airflow/.local/lib/python3.7/site-packages/airflow/example_dags/example_sensor_decorator.py for tasks to queue
[2023-04-08T12:08:31.122+0000] {logging_mixin.py:137} INFO - [2023-04-08T12:08:31.122+0000] {dagbag.py:532} INFO - Filling up the DagBag from /home/airflow/.local/lib/python3.7/site-packages/airflow/example_dags/example_sensor_decorator.py
[2023-04-08T12:08:31.187+0000] {processor.py:753} INFO - DAG(s) dict_keys(['example_sensor_decorator']) retrieved from /home/airflow/.local/lib/python3.7/site-packages/airflow/example_dags/example_sensor_decorator.py
[2023-04-08T12:08:31.243+0000] {logging_mixin.py:137} INFO - [2023-04-08T12:08:31.243+0000] {dag.py:2705} INFO - Sync 1 DAGs
[2023-04-08T12:08:31.318+0000] {logging_mixin.py:137} INFO - [2023-04-08T12:08:31.317+0000] {dag.py:3456} INFO - Setting next_dagrun for example_sensor_decorator to None, run_after=None
[2023-04-08T12:08:31.363+0000] {processor.py:175} INFO - Processing /home/airflow/.local/lib/python3.7/site-packages/airflow/example_dags/example_sensor_decorator.py took 0.253 seconds
[2023-04-08T12:09:01.853+0000] {processor.py:153} INFO - Started process (PID=809) to work on /home/airflow/.local/lib/python3.7/site-packages/airflow/example_dags/example_sensor_decorator.py
[2023-04-08T12:09:01.854+0000] {processor.py:743} INFO - Processing file /home/airflow/.local/lib/python3.7/site-packages/airflow/example_dags/example_sensor_decorator.py for tasks to queue
[2023-04-08T12:09:01.854+0000] {logging_mixin.py:137} INFO - [2023-04-08T12:09:01.854+0000] {dagbag.py:532} INFO - Filling up the DagBag from /home/airflow/.local/lib/python3.7/site-packages/airflow/example_dags/example_sensor_decorator.py
[2023-04-08T12:09:01.885+0000] {processor.py:753} INFO - DAG(s) dict_keys(['example_sensor_decorator']) retrieved from /home/airflow/.local/lib/python3.7/site-packages/airflow/example_dags/example_sensor_decorator.py
[2023-04-08T12:09:01.920+0000] {logging_mixin.py:137} INFO - [2023-04-08T12:09:01.920+0000] {dag.py:2705} INFO - Sync 1 DAGs
[2023-04-08T12:09:01.960+0000] {logging_mixin.py:137} INFO - [2023-04-08T12:09:01.960+0000] {dag.py:3456} INFO - Setting next_dagrun for example_sensor_decorator to None, run_after=None
[2023-04-08T12:09:01.988+0000] {processor.py:175} INFO - Processing /home/airflow/.local/lib/python3.7/site-packages/airflow/example_dags/example_sensor_decorator.py took 0.140 seconds
[2023-04-08T12:09:32.095+0000] {processor.py:153} INFO - Started process (PID=858) to work on /home/airflow/.local/lib/python3.7/site-packages/airflow/example_dags/example_sensor_decorator.py
[2023-04-08T12:09:32.095+0000] {processor.py:743} INFO - Processing file /home/airflow/.local/lib/python3.7/site-packages/airflow/example_dags/example_sensor_decorator.py for tasks to queue
[2023-04-08T12:09:32.096+0000] {logging_mixin.py:137} INFO - [2023-04-08T12:09:32.096+0000] {dagbag.py:532} INFO - Filling up the DagBag from /home/airflow/.local/lib/python3.7/site-packages/airflow/example_dags/example_sensor_decorator.py
[2023-04-08T12:09:32.134+0000] {processor.py:753} INFO - DAG(s) dict_keys(['example_sensor_decorator']) retrieved from /home/airflow/.local/lib/python3.7/site-packages/airflow/example_dags/example_sensor_decorator.py
[2023-04-08T12:09:32.168+0000] {logging_mixin.py:137} INFO - [2023-04-08T12:09:32.168+0000] {dag.py:2705} INFO - Sync 1 DAGs
[2023-04-08T12:09:32.208+0000] {logging_mixin.py:137} INFO - [2023-04-08T12:09:32.208+0000] {dag.py:3456} INFO - Setting next_dagrun for example_sensor_decorator to None, run_after=None
[2023-04-08T12:09:32.232+0000] {processor.py:175} INFO - Processing /home/airflow/.local/lib/python3.7/site-packages/airflow/example_dags/example_sensor_decorator.py took 0.141 seconds
[2023-04-08T12:10:02.691+0000] {processor.py:153} INFO - Started process (PID=908) to work on /home/airflow/.local/lib/python3.7/site-packages/airflow/example_dags/example_sensor_decorator.py
[2023-04-08T12:10:02.692+0000] {processor.py:743} INFO - Processing file /home/airflow/.local/lib/python3.7/site-packages/airflow/example_dags/example_sensor_decorator.py for tasks to queue
[2023-04-08T12:10:02.693+0000] {logging_mixin.py:137} INFO - [2023-04-08T12:10:02.693+0000] {dagbag.py:532} INFO - Filling up the DagBag from /home/airflow/.local/lib/python3.7/site-packages/airflow/example_dags/example_sensor_decorator.py
[2023-04-08T12:10:02.730+0000] {processor.py:753} INFO - DAG(s) dict_keys(['example_sensor_decorator']) retrieved from /home/airflow/.local/lib/python3.7/site-packages/airflow/example_dags/example_sensor_decorator.py
[2023-04-08T12:10:02.766+0000] {logging_mixin.py:137} INFO - [2023-04-08T12:10:02.766+0000] {dag.py:2705} INFO - Sync 1 DAGs
[2023-04-08T12:10:02.807+0000] {logging_mixin.py:137} INFO - [2023-04-08T12:10:02.806+0000] {dag.py:3456} INFO - Setting next_dagrun for example_sensor_decorator to None, run_after=None
[2023-04-08T12:10:02.832+0000] {processor.py:175} INFO - Processing /home/airflow/.local/lib/python3.7/site-packages/airflow/example_dags/example_sensor_decorator.py took 0.146 seconds
[2023-04-08T12:10:33.053+0000] {processor.py:153} INFO - Started process (PID=957) to work on /home/airflow/.local/lib/python3.7/site-packages/airflow/example_dags/example_sensor_decorator.py
[2023-04-08T12:10:33.054+0000] {processor.py:743} INFO - Processing file /home/airflow/.local/lib/python3.7/site-packages/airflow/example_dags/example_sensor_decorator.py for tasks to queue
[2023-04-08T12:10:33.054+0000] {logging_mixin.py:137} INFO - [2023-04-08T12:10:33.054+0000] {dagbag.py:532} INFO - Filling up the DagBag from /home/airflow/.local/lib/python3.7/site-packages/airflow/example_dags/example_sensor_decorator.py
[2023-04-08T12:10:33.085+0000] {processor.py:753} INFO - DAG(s) dict_keys(['example_sensor_decorator']) retrieved from /home/airflow/.local/lib/python3.7/site-packages/airflow/example_dags/example_sensor_decorator.py
[2023-04-08T12:10:33.119+0000] {logging_mixin.py:137} INFO - [2023-04-08T12:10:33.119+0000] {dag.py:2705} INFO - Sync 1 DAGs
[2023-04-08T12:10:33.159+0000] {logging_mixin.py:137} INFO - [2023-04-08T12:10:33.158+0000] {dag.py:3456} INFO - Setting next_dagrun for example_sensor_decorator to None, run_after=None
[2023-04-08T12:10:33.182+0000] {processor.py:175} INFO - Processing /home/airflow/.local/lib/python3.7/site-packages/airflow/example_dags/example_sensor_decorator.py took 0.134 seconds
