[2023-04-08T12:01:24.883+0000] {processor.py:153} INFO - Started process (PID=66) to work on /home/airflow/.local/lib/python3.7/site-packages/airflow/example_dags/example_latest_only.py
[2023-04-08T12:01:24.884+0000] {processor.py:743} INFO - Processing file /home/airflow/.local/lib/python3.7/site-packages/airflow/example_dags/example_latest_only.py for tasks to queue
[2023-04-08T12:01:24.885+0000] {logging_mixin.py:137} INFO - [2023-04-08T12:01:24.885+0000] {dagbag.py:532} INFO - Filling up the DagBag from /home/airflow/.local/lib/python3.7/site-packages/airflow/example_dags/example_latest_only.py
[2023-04-08T12:01:24.906+0000] {processor.py:753} INFO - DAG(s) dict_keys(['latest_only']) retrieved from /home/airflow/.local/lib/python3.7/site-packages/airflow/example_dags/example_latest_only.py
[2023-04-08T12:01:25.275+0000] {logging_mixin.py:137} INFO - [2023-04-08T12:01:25.274+0000] {manager.py:504} INFO - Created Permission View: can delete on DAG:latest_only
[2023-04-08T12:01:25.301+0000] {logging_mixin.py:137} INFO - [2023-04-08T12:01:25.300+0000] {manager.py:504} INFO - Created Permission View: can edit on DAG:latest_only
[2023-04-08T12:01:25.322+0000] {logging_mixin.py:137} INFO - [2023-04-08T12:01:25.322+0000] {manager.py:504} INFO - Created Permission View: can read on DAG:latest_only
[2023-04-08T12:01:25.323+0000] {logging_mixin.py:137} INFO - [2023-04-08T12:01:25.323+0000] {dag.py:2705} INFO - Sync 1 DAGs
[2023-04-08T12:01:25.365+0000] {logging_mixin.py:137} INFO - [2023-04-08T12:01:25.365+0000] {dag.py:2726} INFO - Creating ORM DAG for latest_only
[2023-04-08T12:01:25.392+0000] {logging_mixin.py:137} INFO - [2023-04-08T12:01:25.390+0000] {dag.py:3456} INFO - Setting next_dagrun for latest_only to 2023-04-08T08:01:25.389730+00:00, run_after=2023-04-08T12:01:25.389730+00:00
[2023-04-08T12:01:25.458+0000] {processor.py:175} INFO - Processing /home/airflow/.local/lib/python3.7/site-packages/airflow/example_dags/example_latest_only.py took 0.579 seconds
[2023-04-08T12:01:56.170+0000] {processor.py:153} INFO - Started process (PID=116) to work on /home/airflow/.local/lib/python3.7/site-packages/airflow/example_dags/example_latest_only.py
[2023-04-08T12:01:56.171+0000] {processor.py:743} INFO - Processing file /home/airflow/.local/lib/python3.7/site-packages/airflow/example_dags/example_latest_only.py for tasks to queue
[2023-04-08T12:01:56.172+0000] {logging_mixin.py:137} INFO - [2023-04-08T12:01:56.172+0000] {dagbag.py:532} INFO - Filling up the DagBag from /home/airflow/.local/lib/python3.7/site-packages/airflow/example_dags/example_latest_only.py
[2023-04-08T12:01:56.190+0000] {processor.py:753} INFO - DAG(s) dict_keys(['latest_only']) retrieved from /home/airflow/.local/lib/python3.7/site-packages/airflow/example_dags/example_latest_only.py
[2023-04-08T12:01:56.225+0000] {logging_mixin.py:137} INFO - [2023-04-08T12:01:56.225+0000] {dag.py:2705} INFO - Sync 1 DAGs
[2023-04-08T12:01:56.266+0000] {logging_mixin.py:137} INFO - [2023-04-08T12:01:56.265+0000] {dag.py:3456} INFO - Setting next_dagrun for latest_only to 2023-04-08T08:01:56.265515+00:00, run_after=2023-04-08T12:01:56.265515+00:00
[2023-04-08T12:01:56.290+0000] {processor.py:175} INFO - Processing /home/airflow/.local/lib/python3.7/site-packages/airflow/example_dags/example_latest_only.py took 0.124 seconds
[2023-04-08T12:02:27.103+0000] {processor.py:153} INFO - Started process (PID=165) to work on /home/airflow/.local/lib/python3.7/site-packages/airflow/example_dags/example_latest_only.py
[2023-04-08T12:02:27.104+0000] {processor.py:743} INFO - Processing file /home/airflow/.local/lib/python3.7/site-packages/airflow/example_dags/example_latest_only.py for tasks to queue
[2023-04-08T12:02:27.105+0000] {logging_mixin.py:137} INFO - [2023-04-08T12:02:27.105+0000] {dagbag.py:532} INFO - Filling up the DagBag from /home/airflow/.local/lib/python3.7/site-packages/airflow/example_dags/example_latest_only.py
[2023-04-08T12:02:27.123+0000] {processor.py:753} INFO - DAG(s) dict_keys(['latest_only']) retrieved from /home/airflow/.local/lib/python3.7/site-packages/airflow/example_dags/example_latest_only.py
[2023-04-08T12:02:27.159+0000] {logging_mixin.py:137} INFO - [2023-04-08T12:02:27.159+0000] {dag.py:2705} INFO - Sync 1 DAGs
[2023-04-08T12:02:27.202+0000] {logging_mixin.py:137} INFO - [2023-04-08T12:02:27.201+0000] {dag.py:3456} INFO - Setting next_dagrun for latest_only to 2023-04-08T08:02:27.201635+00:00, run_after=2023-04-08T12:02:27.201635+00:00
[2023-04-08T12:02:27.226+0000] {processor.py:175} INFO - Processing /home/airflow/.local/lib/python3.7/site-packages/airflow/example_dags/example_latest_only.py took 0.128 seconds
[2023-04-08T12:02:57.366+0000] {processor.py:153} INFO - Started process (PID=215) to work on /home/airflow/.local/lib/python3.7/site-packages/airflow/example_dags/example_latest_only.py
[2023-04-08T12:02:57.367+0000] {processor.py:743} INFO - Processing file /home/airflow/.local/lib/python3.7/site-packages/airflow/example_dags/example_latest_only.py for tasks to queue
[2023-04-08T12:02:57.368+0000] {logging_mixin.py:137} INFO - [2023-04-08T12:02:57.368+0000] {dagbag.py:532} INFO - Filling up the DagBag from /home/airflow/.local/lib/python3.7/site-packages/airflow/example_dags/example_latest_only.py
[2023-04-08T12:02:57.417+0000] {processor.py:753} INFO - DAG(s) dict_keys(['latest_only']) retrieved from /home/airflow/.local/lib/python3.7/site-packages/airflow/example_dags/example_latest_only.py
[2023-04-08T12:02:57.499+0000] {logging_mixin.py:137} INFO - [2023-04-08T12:02:57.499+0000] {dag.py:2705} INFO - Sync 1 DAGs
[2023-04-08T12:02:57.566+0000] {logging_mixin.py:137} INFO - [2023-04-08T12:02:57.566+0000] {dag.py:3456} INFO - Setting next_dagrun for latest_only to 2023-04-08T08:02:57.565980+00:00, run_after=2023-04-08T12:02:57.565980+00:00
[2023-04-08T12:02:57.622+0000] {processor.py:175} INFO - Processing /home/airflow/.local/lib/python3.7/site-packages/airflow/example_dags/example_latest_only.py took 0.261 seconds
[2023-04-08T12:03:28.616+0000] {processor.py:153} INFO - Started process (PID=265) to work on /home/airflow/.local/lib/python3.7/site-packages/airflow/example_dags/example_latest_only.py
[2023-04-08T12:03:28.621+0000] {processor.py:743} INFO - Processing file /home/airflow/.local/lib/python3.7/site-packages/airflow/example_dags/example_latest_only.py for tasks to queue
[2023-04-08T12:03:28.622+0000] {logging_mixin.py:137} INFO - [2023-04-08T12:03:28.622+0000] {dagbag.py:532} INFO - Filling up the DagBag from /home/airflow/.local/lib/python3.7/site-packages/airflow/example_dags/example_latest_only.py
[2023-04-08T12:03:28.668+0000] {processor.py:753} INFO - DAG(s) dict_keys(['latest_only']) retrieved from /home/airflow/.local/lib/python3.7/site-packages/airflow/example_dags/example_latest_only.py
[2023-04-08T12:03:28.774+0000] {logging_mixin.py:137} INFO - [2023-04-08T12:03:28.773+0000] {dag.py:2705} INFO - Sync 1 DAGs
[2023-04-08T12:03:28.882+0000] {logging_mixin.py:137} INFO - [2023-04-08T12:03:28.882+0000] {dag.py:3456} INFO - Setting next_dagrun for latest_only to 2023-04-08T08:03:28.881944+00:00, run_after=2023-04-08T12:03:28.881944+00:00
[2023-04-08T12:03:28.977+0000] {processor.py:175} INFO - Processing /home/airflow/.local/lib/python3.7/site-packages/airflow/example_dags/example_latest_only.py took 0.374 seconds
[2023-04-08T12:03:59.621+0000] {processor.py:153} INFO - Started process (PID=315) to work on /home/airflow/.local/lib/python3.7/site-packages/airflow/example_dags/example_latest_only.py
[2023-04-08T12:03:59.622+0000] {processor.py:743} INFO - Processing file /home/airflow/.local/lib/python3.7/site-packages/airflow/example_dags/example_latest_only.py for tasks to queue
[2023-04-08T12:03:59.623+0000] {logging_mixin.py:137} INFO - [2023-04-08T12:03:59.623+0000] {dagbag.py:532} INFO - Filling up the DagBag from /home/airflow/.local/lib/python3.7/site-packages/airflow/example_dags/example_latest_only.py
[2023-04-08T12:03:59.635+0000] {processor.py:753} INFO - DAG(s) dict_keys(['latest_only']) retrieved from /home/airflow/.local/lib/python3.7/site-packages/airflow/example_dags/example_latest_only.py
[2023-04-08T12:03:59.658+0000] {logging_mixin.py:137} INFO - [2023-04-08T12:03:59.658+0000] {dag.py:2705} INFO - Sync 1 DAGs
[2023-04-08T12:03:59.683+0000] {logging_mixin.py:137} INFO - [2023-04-08T12:03:59.683+0000] {dag.py:3456} INFO - Setting next_dagrun for latest_only to 2023-04-08T08:03:59.683659+00:00, run_after=2023-04-08T12:03:59.683659+00:00
[2023-04-08T12:03:59.700+0000] {processor.py:175} INFO - Processing /home/airflow/.local/lib/python3.7/site-packages/airflow/example_dags/example_latest_only.py took 0.082 seconds
[2023-04-08T12:04:30.108+0000] {processor.py:153} INFO - Started process (PID=366) to work on /home/airflow/.local/lib/python3.7/site-packages/airflow/example_dags/example_latest_only.py
[2023-04-08T12:04:30.113+0000] {processor.py:743} INFO - Processing file /home/airflow/.local/lib/python3.7/site-packages/airflow/example_dags/example_latest_only.py for tasks to queue
[2023-04-08T12:04:30.113+0000] {logging_mixin.py:137} INFO - [2023-04-08T12:04:30.113+0000] {dagbag.py:532} INFO - Filling up the DagBag from /home/airflow/.local/lib/python3.7/site-packages/airflow/example_dags/example_latest_only.py
[2023-04-08T12:04:30.150+0000] {processor.py:753} INFO - DAG(s) dict_keys(['latest_only']) retrieved from /home/airflow/.local/lib/python3.7/site-packages/airflow/example_dags/example_latest_only.py
[2023-04-08T12:04:30.194+0000] {logging_mixin.py:137} INFO - [2023-04-08T12:04:30.194+0000] {dag.py:2705} INFO - Sync 1 DAGs
[2023-04-08T12:04:30.263+0000] {logging_mixin.py:137} INFO - [2023-04-08T12:04:30.263+0000] {dag.py:3456} INFO - Setting next_dagrun for latest_only to 2023-04-08T08:04:30.262907+00:00, run_after=2023-04-08T12:04:30.262907+00:00
[2023-04-08T12:04:30.313+0000] {processor.py:175} INFO - Processing /home/airflow/.local/lib/python3.7/site-packages/airflow/example_dags/example_latest_only.py took 0.217 seconds
[2023-04-08T12:05:00.363+0000] {processor.py:153} INFO - Started process (PID=416) to work on /home/airflow/.local/lib/python3.7/site-packages/airflow/example_dags/example_latest_only.py
[2023-04-08T12:05:00.364+0000] {processor.py:743} INFO - Processing file /home/airflow/.local/lib/python3.7/site-packages/airflow/example_dags/example_latest_only.py for tasks to queue
[2023-04-08T12:05:00.364+0000] {logging_mixin.py:137} INFO - [2023-04-08T12:05:00.364+0000] {dagbag.py:532} INFO - Filling up the DagBag from /home/airflow/.local/lib/python3.7/site-packages/airflow/example_dags/example_latest_only.py
[2023-04-08T12:05:00.378+0000] {processor.py:753} INFO - DAG(s) dict_keys(['latest_only']) retrieved from /home/airflow/.local/lib/python3.7/site-packages/airflow/example_dags/example_latest_only.py
[2023-04-08T12:05:00.403+0000] {logging_mixin.py:137} INFO - [2023-04-08T12:05:00.403+0000] {dag.py:2705} INFO - Sync 1 DAGs
[2023-04-08T12:05:00.429+0000] {logging_mixin.py:137} INFO - [2023-04-08T12:05:00.429+0000] {dag.py:3456} INFO - Setting next_dagrun for latest_only to 2023-04-08T08:05:00.428834+00:00, run_after=2023-04-08T12:05:00.428834+00:00
[2023-04-08T12:05:00.446+0000] {processor.py:175} INFO - Processing /home/airflow/.local/lib/python3.7/site-packages/airflow/example_dags/example_latest_only.py took 0.086 seconds
[2023-04-08T12:05:30.679+0000] {processor.py:153} INFO - Started process (PID=467) to work on /home/airflow/.local/lib/python3.7/site-packages/airflow/example_dags/example_latest_only.py
[2023-04-08T12:05:30.680+0000] {processor.py:743} INFO - Processing file /home/airflow/.local/lib/python3.7/site-packages/airflow/example_dags/example_latest_only.py for tasks to queue
[2023-04-08T12:05:30.681+0000] {logging_mixin.py:137} INFO - [2023-04-08T12:05:30.680+0000] {dagbag.py:532} INFO - Filling up the DagBag from /home/airflow/.local/lib/python3.7/site-packages/airflow/example_dags/example_latest_only.py
[2023-04-08T12:05:30.700+0000] {processor.py:753} INFO - DAG(s) dict_keys(['latest_only']) retrieved from /home/airflow/.local/lib/python3.7/site-packages/airflow/example_dags/example_latest_only.py
[2023-04-08T12:05:30.736+0000] {logging_mixin.py:137} INFO - [2023-04-08T12:05:30.736+0000] {dag.py:2705} INFO - Sync 1 DAGs
[2023-04-08T12:05:30.778+0000] {logging_mixin.py:137} INFO - [2023-04-08T12:05:30.778+0000] {dag.py:3456} INFO - Setting next_dagrun for latest_only to 2023-04-08T08:05:30.777754+00:00, run_after=2023-04-08T12:05:30.777754+00:00
[2023-04-08T12:05:30.804+0000] {processor.py:175} INFO - Processing /home/airflow/.local/lib/python3.7/site-packages/airflow/example_dags/example_latest_only.py took 0.129 seconds
[2023-04-08T12:06:00.880+0000] {processor.py:153} INFO - Started process (PID=517) to work on /home/airflow/.local/lib/python3.7/site-packages/airflow/example_dags/example_latest_only.py
[2023-04-08T12:06:00.881+0000] {processor.py:743} INFO - Processing file /home/airflow/.local/lib/python3.7/site-packages/airflow/example_dags/example_latest_only.py for tasks to queue
[2023-04-08T12:06:00.882+0000] {logging_mixin.py:137} INFO - [2023-04-08T12:06:00.882+0000] {dagbag.py:532} INFO - Filling up the DagBag from /home/airflow/.local/lib/python3.7/site-packages/airflow/example_dags/example_latest_only.py
[2023-04-08T12:06:00.901+0000] {processor.py:753} INFO - DAG(s) dict_keys(['latest_only']) retrieved from /home/airflow/.local/lib/python3.7/site-packages/airflow/example_dags/example_latest_only.py
[2023-04-08T12:06:00.936+0000] {logging_mixin.py:137} INFO - [2023-04-08T12:06:00.935+0000] {dag.py:2705} INFO - Sync 1 DAGs
[2023-04-08T12:06:00.977+0000] {logging_mixin.py:137} INFO - [2023-04-08T12:06:00.977+0000] {dag.py:3456} INFO - Setting next_dagrun for latest_only to 2023-04-08T08:06:00.977068+00:00, run_after=2023-04-08T12:06:00.977068+00:00
[2023-04-08T12:06:01.002+0000] {processor.py:175} INFO - Processing /home/airflow/.local/lib/python3.7/site-packages/airflow/example_dags/example_latest_only.py took 0.127 seconds
[2023-04-08T12:06:31.180+0000] {processor.py:153} INFO - Started process (PID=567) to work on /home/airflow/.local/lib/python3.7/site-packages/airflow/example_dags/example_latest_only.py
[2023-04-08T12:06:31.181+0000] {processor.py:743} INFO - Processing file /home/airflow/.local/lib/python3.7/site-packages/airflow/example_dags/example_latest_only.py for tasks to queue
[2023-04-08T12:06:31.181+0000] {logging_mixin.py:137} INFO - [2023-04-08T12:06:31.181+0000] {dagbag.py:532} INFO - Filling up the DagBag from /home/airflow/.local/lib/python3.7/site-packages/airflow/example_dags/example_latest_only.py
[2023-04-08T12:06:31.199+0000] {processor.py:753} INFO - DAG(s) dict_keys(['latest_only']) retrieved from /home/airflow/.local/lib/python3.7/site-packages/airflow/example_dags/example_latest_only.py
[2023-04-08T12:06:31.233+0000] {logging_mixin.py:137} INFO - [2023-04-08T12:06:31.233+0000] {dag.py:2705} INFO - Sync 1 DAGs
[2023-04-08T12:06:31.274+0000] {logging_mixin.py:137} INFO - [2023-04-08T12:06:31.273+0000] {dag.py:3456} INFO - Setting next_dagrun for latest_only to 2023-04-08T08:06:31.273534+00:00, run_after=2023-04-08T12:06:31.273534+00:00
[2023-04-08T12:06:31.297+0000] {processor.py:175} INFO - Processing /home/airflow/.local/lib/python3.7/site-packages/airflow/example_dags/example_latest_only.py took 0.122 seconds
[2023-04-08T12:07:01.397+0000] {processor.py:153} INFO - Started process (PID=617) to work on /home/airflow/.local/lib/python3.7/site-packages/airflow/example_dags/example_latest_only.py
[2023-04-08T12:07:01.399+0000] {processor.py:743} INFO - Processing file /home/airflow/.local/lib/python3.7/site-packages/airflow/example_dags/example_latest_only.py for tasks to queue
[2023-04-08T12:07:01.400+0000] {logging_mixin.py:137} INFO - [2023-04-08T12:07:01.399+0000] {dagbag.py:532} INFO - Filling up the DagBag from /home/airflow/.local/lib/python3.7/site-packages/airflow/example_dags/example_latest_only.py
[2023-04-08T12:07:01.418+0000] {processor.py:753} INFO - DAG(s) dict_keys(['latest_only']) retrieved from /home/airflow/.local/lib/python3.7/site-packages/airflow/example_dags/example_latest_only.py
[2023-04-08T12:07:01.453+0000] {logging_mixin.py:137} INFO - [2023-04-08T12:07:01.452+0000] {dag.py:2705} INFO - Sync 1 DAGs
[2023-04-08T12:07:01.490+0000] {logging_mixin.py:137} INFO - [2023-04-08T12:07:01.490+0000] {dag.py:3456} INFO - Setting next_dagrun for latest_only to 2023-04-08T08:07:01.490207+00:00, run_after=2023-04-08T12:07:01.490207+00:00
[2023-04-08T12:07:01.514+0000] {processor.py:175} INFO - Processing /home/airflow/.local/lib/python3.7/site-packages/airflow/example_dags/example_latest_only.py took 0.121 seconds
[2023-04-08T12:07:32.230+0000] {processor.py:153} INFO - Started process (PID=666) to work on /home/airflow/.local/lib/python3.7/site-packages/airflow/example_dags/example_latest_only.py
[2023-04-08T12:07:32.231+0000] {processor.py:743} INFO - Processing file /home/airflow/.local/lib/python3.7/site-packages/airflow/example_dags/example_latest_only.py for tasks to queue
[2023-04-08T12:07:32.232+0000] {logging_mixin.py:137} INFO - [2023-04-08T12:07:32.232+0000] {dagbag.py:532} INFO - Filling up the DagBag from /home/airflow/.local/lib/python3.7/site-packages/airflow/example_dags/example_latest_only.py
[2023-04-08T12:07:32.253+0000] {processor.py:753} INFO - DAG(s) dict_keys(['latest_only']) retrieved from /home/airflow/.local/lib/python3.7/site-packages/airflow/example_dags/example_latest_only.py
[2023-04-08T12:07:32.286+0000] {logging_mixin.py:137} INFO - [2023-04-08T12:07:32.286+0000] {dag.py:2705} INFO - Sync 1 DAGs
[2023-04-08T12:07:32.327+0000] {logging_mixin.py:137} INFO - [2023-04-08T12:07:32.327+0000] {dag.py:3456} INFO - Setting next_dagrun for latest_only to 2023-04-08T08:07:32.327310+00:00, run_after=2023-04-08T12:07:32.327310+00:00
[2023-04-08T12:07:32.351+0000] {processor.py:175} INFO - Processing /home/airflow/.local/lib/python3.7/site-packages/airflow/example_dags/example_latest_only.py took 0.125 seconds
[2023-04-08T12:08:02.718+0000] {processor.py:153} INFO - Started process (PID=716) to work on /home/airflow/.local/lib/python3.7/site-packages/airflow/example_dags/example_latest_only.py
[2023-04-08T12:08:02.725+0000] {processor.py:743} INFO - Processing file /home/airflow/.local/lib/python3.7/site-packages/airflow/example_dags/example_latest_only.py for tasks to queue
[2023-04-08T12:08:02.726+0000] {logging_mixin.py:137} INFO - [2023-04-08T12:08:02.726+0000] {dagbag.py:532} INFO - Filling up the DagBag from /home/airflow/.local/lib/python3.7/site-packages/airflow/example_dags/example_latest_only.py
[2023-04-08T12:08:02.757+0000] {processor.py:753} INFO - DAG(s) dict_keys(['latest_only']) retrieved from /home/airflow/.local/lib/python3.7/site-packages/airflow/example_dags/example_latest_only.py
[2023-04-08T12:08:02.818+0000] {logging_mixin.py:137} INFO - [2023-04-08T12:08:02.817+0000] {dag.py:2705} INFO - Sync 1 DAGs
[2023-04-08T12:08:02.866+0000] {logging_mixin.py:137} INFO - [2023-04-08T12:08:02.866+0000] {dag.py:3456} INFO - Setting next_dagrun for latest_only to 2023-04-08T08:08:02.865977+00:00, run_after=2023-04-08T12:08:02.865977+00:00
[2023-04-08T12:08:02.910+0000] {processor.py:175} INFO - Processing /home/airflow/.local/lib/python3.7/site-packages/airflow/example_dags/example_latest_only.py took 0.197 seconds
[2023-04-08T12:08:33.087+0000] {processor.py:153} INFO - Started process (PID=765) to work on /home/airflow/.local/lib/python3.7/site-packages/airflow/example_dags/example_latest_only.py
[2023-04-08T12:08:33.088+0000] {processor.py:743} INFO - Processing file /home/airflow/.local/lib/python3.7/site-packages/airflow/example_dags/example_latest_only.py for tasks to queue
[2023-04-08T12:08:33.089+0000] {logging_mixin.py:137} INFO - [2023-04-08T12:08:33.088+0000] {dagbag.py:532} INFO - Filling up the DagBag from /home/airflow/.local/lib/python3.7/site-packages/airflow/example_dags/example_latest_only.py
[2023-04-08T12:08:33.106+0000] {processor.py:753} INFO - DAG(s) dict_keys(['latest_only']) retrieved from /home/airflow/.local/lib/python3.7/site-packages/airflow/example_dags/example_latest_only.py
[2023-04-08T12:08:33.141+0000] {logging_mixin.py:137} INFO - [2023-04-08T12:08:33.141+0000] {dag.py:2705} INFO - Sync 1 DAGs
[2023-04-08T12:08:33.181+0000] {logging_mixin.py:137} INFO - [2023-04-08T12:08:33.181+0000] {dag.py:3456} INFO - Setting next_dagrun for latest_only to 2023-04-08T08:08:33.181287+00:00, run_after=2023-04-08T12:08:33.181287+00:00
[2023-04-08T12:08:33.211+0000] {processor.py:175} INFO - Processing /home/airflow/.local/lib/python3.7/site-packages/airflow/example_dags/example_latest_only.py took 0.128 seconds
[2023-04-08T12:09:03.539+0000] {processor.py:153} INFO - Started process (PID=817) to work on /home/airflow/.local/lib/python3.7/site-packages/airflow/example_dags/example_latest_only.py
[2023-04-08T12:09:03.540+0000] {processor.py:743} INFO - Processing file /home/airflow/.local/lib/python3.7/site-packages/airflow/example_dags/example_latest_only.py for tasks to queue
[2023-04-08T12:09:03.541+0000] {logging_mixin.py:137} INFO - [2023-04-08T12:09:03.541+0000] {dagbag.py:532} INFO - Filling up the DagBag from /home/airflow/.local/lib/python3.7/site-packages/airflow/example_dags/example_latest_only.py
[2023-04-08T12:09:03.559+0000] {processor.py:753} INFO - DAG(s) dict_keys(['latest_only']) retrieved from /home/airflow/.local/lib/python3.7/site-packages/airflow/example_dags/example_latest_only.py
[2023-04-08T12:09:03.598+0000] {logging_mixin.py:137} INFO - [2023-04-08T12:09:03.597+0000] {dag.py:2705} INFO - Sync 1 DAGs
[2023-04-08T12:09:03.637+0000] {logging_mixin.py:137} INFO - [2023-04-08T12:09:03.637+0000] {dag.py:3456} INFO - Setting next_dagrun for latest_only to 2023-04-08T08:09:03.637399+00:00, run_after=2023-04-08T12:09:03.637399+00:00
[2023-04-08T12:09:03.662+0000] {processor.py:175} INFO - Processing /home/airflow/.local/lib/python3.7/site-packages/airflow/example_dags/example_latest_only.py took 0.127 seconds
[2023-04-08T12:09:33.742+0000] {processor.py:153} INFO - Started process (PID=866) to work on /home/airflow/.local/lib/python3.7/site-packages/airflow/example_dags/example_latest_only.py
[2023-04-08T12:09:33.743+0000] {processor.py:743} INFO - Processing file /home/airflow/.local/lib/python3.7/site-packages/airflow/example_dags/example_latest_only.py for tasks to queue
[2023-04-08T12:09:33.744+0000] {logging_mixin.py:137} INFO - [2023-04-08T12:09:33.743+0000] {dagbag.py:532} INFO - Filling up the DagBag from /home/airflow/.local/lib/python3.7/site-packages/airflow/example_dags/example_latest_only.py
[2023-04-08T12:09:33.762+0000] {processor.py:753} INFO - DAG(s) dict_keys(['latest_only']) retrieved from /home/airflow/.local/lib/python3.7/site-packages/airflow/example_dags/example_latest_only.py
[2023-04-08T12:09:33.795+0000] {logging_mixin.py:137} INFO - [2023-04-08T12:09:33.795+0000] {dag.py:2705} INFO - Sync 1 DAGs
[2023-04-08T12:09:33.836+0000] {logging_mixin.py:137} INFO - [2023-04-08T12:09:33.836+0000] {dag.py:3456} INFO - Setting next_dagrun for latest_only to 2023-04-08T08:09:33.835764+00:00, run_after=2023-04-08T12:09:33.835764+00:00
[2023-04-08T12:09:33.863+0000] {processor.py:175} INFO - Processing /home/airflow/.local/lib/python3.7/site-packages/airflow/example_dags/example_latest_only.py took 0.125 seconds
[2023-04-08T12:10:04.467+0000] {processor.py:153} INFO - Started process (PID=916) to work on /home/airflow/.local/lib/python3.7/site-packages/airflow/example_dags/example_latest_only.py
[2023-04-08T12:10:04.468+0000] {processor.py:743} INFO - Processing file /home/airflow/.local/lib/python3.7/site-packages/airflow/example_dags/example_latest_only.py for tasks to queue
[2023-04-08T12:10:04.468+0000] {logging_mixin.py:137} INFO - [2023-04-08T12:10:04.468+0000] {dagbag.py:532} INFO - Filling up the DagBag from /home/airflow/.local/lib/python3.7/site-packages/airflow/example_dags/example_latest_only.py
[2023-04-08T12:10:04.489+0000] {processor.py:753} INFO - DAG(s) dict_keys(['latest_only']) retrieved from /home/airflow/.local/lib/python3.7/site-packages/airflow/example_dags/example_latest_only.py
[2023-04-08T12:10:04.533+0000] {logging_mixin.py:137} INFO - [2023-04-08T12:10:04.532+0000] {dag.py:2705} INFO - Sync 1 DAGs
[2023-04-08T12:10:04.574+0000] {logging_mixin.py:137} INFO - [2023-04-08T12:10:04.574+0000] {dag.py:3456} INFO - Setting next_dagrun for latest_only to 2023-04-08T08:10:04.574001+00:00, run_after=2023-04-08T12:10:04.574001+00:00
[2023-04-08T12:10:04.603+0000] {processor.py:175} INFO - Processing /home/airflow/.local/lib/python3.7/site-packages/airflow/example_dags/example_latest_only.py took 0.140 seconds
[2023-04-08T12:10:34.677+0000] {processor.py:153} INFO - Started process (PID=965) to work on /home/airflow/.local/lib/python3.7/site-packages/airflow/example_dags/example_latest_only.py
[2023-04-08T12:10:34.678+0000] {processor.py:743} INFO - Processing file /home/airflow/.local/lib/python3.7/site-packages/airflow/example_dags/example_latest_only.py for tasks to queue
[2023-04-08T12:10:34.678+0000] {logging_mixin.py:137} INFO - [2023-04-08T12:10:34.678+0000] {dagbag.py:532} INFO - Filling up the DagBag from /home/airflow/.local/lib/python3.7/site-packages/airflow/example_dags/example_latest_only.py
[2023-04-08T12:10:34.696+0000] {processor.py:753} INFO - DAG(s) dict_keys(['latest_only']) retrieved from /home/airflow/.local/lib/python3.7/site-packages/airflow/example_dags/example_latest_only.py
[2023-04-08T12:10:34.731+0000] {logging_mixin.py:137} INFO - [2023-04-08T12:10:34.731+0000] {dag.py:2705} INFO - Sync 1 DAGs
[2023-04-08T12:10:34.774+0000] {logging_mixin.py:137} INFO - [2023-04-08T12:10:34.774+0000] {dag.py:3456} INFO - Setting next_dagrun for latest_only to 2023-04-08T08:10:34.774203+00:00, run_after=2023-04-08T12:10:34.774203+00:00
[2023-04-08T12:10:34.802+0000] {processor.py:175} INFO - Processing /home/airflow/.local/lib/python3.7/site-packages/airflow/example_dags/example_latest_only.py took 0.131 seconds
