[2023-04-08T12:01:12.682+0000] {processor.py:153} INFO - Started process (PID=42) to work on /home/airflow/.local/lib/python3.7/site-packages/airflow/example_dags/example_time_delta_sensor_async.py
[2023-04-08T12:01:12.683+0000] {processor.py:743} INFO - Processing file /home/airflow/.local/lib/python3.7/site-packages/airflow/example_dags/example_time_delta_sensor_async.py for tasks to queue
[2023-04-08T12:01:12.683+0000] {logging_mixin.py:137} INFO - [2023-04-08T12:01:12.683+0000] {dagbag.py:532} INFO - Filling up the DagBag from /home/airflow/.local/lib/python3.7/site-packages/airflow/example_dags/example_time_delta_sensor_async.py
[2023-04-08T12:01:12.761+0000] {processor.py:753} INFO - DAG(s) dict_keys(['example_time_delta_sensor_async']) retrieved from /home/airflow/.local/lib/python3.7/site-packages/airflow/example_dags/example_time_delta_sensor_async.py
[2023-04-08T12:01:13.543+0000] {logging_mixin.py:137} INFO - [2023-04-08T12:01:13.543+0000] {manager.py:504} INFO - Created Permission View: can delete on DAG:example_time_delta_sensor_async
[2023-04-08T12:01:13.593+0000] {logging_mixin.py:137} INFO - [2023-04-08T12:01:13.593+0000] {manager.py:504} INFO - Created Permission View: can edit on DAG:example_time_delta_sensor_async
[2023-04-08T12:01:13.613+0000] {logging_mixin.py:137} INFO - [2023-04-08T12:01:13.613+0000] {manager.py:504} INFO - Created Permission View: can read on DAG:example_time_delta_sensor_async
[2023-04-08T12:01:13.614+0000] {logging_mixin.py:137} INFO - [2023-04-08T12:01:13.613+0000] {dag.py:2705} INFO - Sync 1 DAGs
[2023-04-08T12:01:13.697+0000] {logging_mixin.py:137} INFO - [2023-04-08T12:01:13.696+0000] {dag.py:2726} INFO - Creating ORM DAG for example_time_delta_sensor_async
[2023-04-08T12:01:13.766+0000] {logging_mixin.py:137} INFO - [2023-04-08T12:01:13.766+0000] {dag.py:3456} INFO - Setting next_dagrun for example_time_delta_sensor_async to None, run_after=None
[2023-04-08T12:01:13.858+0000] {processor.py:175} INFO - Processing /home/airflow/.local/lib/python3.7/site-packages/airflow/example_dags/example_time_delta_sensor_async.py took 1.201 seconds
[2023-04-08T12:01:44.079+0000] {processor.py:153} INFO - Started process (PID=92) to work on /home/airflow/.local/lib/python3.7/site-packages/airflow/example_dags/example_time_delta_sensor_async.py
[2023-04-08T12:01:44.080+0000] {processor.py:743} INFO - Processing file /home/airflow/.local/lib/python3.7/site-packages/airflow/example_dags/example_time_delta_sensor_async.py for tasks to queue
[2023-04-08T12:01:44.081+0000] {logging_mixin.py:137} INFO - [2023-04-08T12:01:44.080+0000] {dagbag.py:532} INFO - Filling up the DagBag from /home/airflow/.local/lib/python3.7/site-packages/airflow/example_dags/example_time_delta_sensor_async.py
[2023-04-08T12:01:44.098+0000] {processor.py:753} INFO - DAG(s) dict_keys(['example_time_delta_sensor_async']) retrieved from /home/airflow/.local/lib/python3.7/site-packages/airflow/example_dags/example_time_delta_sensor_async.py
[2023-04-08T12:01:44.133+0000] {logging_mixin.py:137} INFO - [2023-04-08T12:01:44.133+0000] {dag.py:2705} INFO - Sync 1 DAGs
[2023-04-08T12:01:44.172+0000] {logging_mixin.py:137} INFO - [2023-04-08T12:01:44.172+0000] {dag.py:3456} INFO - Setting next_dagrun for example_time_delta_sensor_async to None, run_after=None
[2023-04-08T12:01:44.200+0000] {processor.py:175} INFO - Processing /home/airflow/.local/lib/python3.7/site-packages/airflow/example_dags/example_time_delta_sensor_async.py took 0.125 seconds
[2023-04-08T12:02:14.607+0000] {processor.py:153} INFO - Started process (PID=141) to work on /home/airflow/.local/lib/python3.7/site-packages/airflow/example_dags/example_time_delta_sensor_async.py
[2023-04-08T12:02:14.608+0000] {processor.py:743} INFO - Processing file /home/airflow/.local/lib/python3.7/site-packages/airflow/example_dags/example_time_delta_sensor_async.py for tasks to queue
[2023-04-08T12:02:14.609+0000] {logging_mixin.py:137} INFO - [2023-04-08T12:02:14.609+0000] {dagbag.py:532} INFO - Filling up the DagBag from /home/airflow/.local/lib/python3.7/site-packages/airflow/example_dags/example_time_delta_sensor_async.py
[2023-04-08T12:02:14.626+0000] {processor.py:753} INFO - DAG(s) dict_keys(['example_time_delta_sensor_async']) retrieved from /home/airflow/.local/lib/python3.7/site-packages/airflow/example_dags/example_time_delta_sensor_async.py
[2023-04-08T12:02:14.661+0000] {logging_mixin.py:137} INFO - [2023-04-08T12:02:14.661+0000] {dag.py:2705} INFO - Sync 1 DAGs
[2023-04-08T12:02:14.701+0000] {logging_mixin.py:137} INFO - [2023-04-08T12:02:14.701+0000] {dag.py:3456} INFO - Setting next_dagrun for example_time_delta_sensor_async to None, run_after=None
[2023-04-08T12:02:14.725+0000] {processor.py:175} INFO - Processing /home/airflow/.local/lib/python3.7/site-packages/airflow/example_dags/example_time_delta_sensor_async.py took 0.122 seconds
[2023-04-08T12:02:44.954+0000] {processor.py:153} INFO - Started process (PID=191) to work on /home/airflow/.local/lib/python3.7/site-packages/airflow/example_dags/example_time_delta_sensor_async.py
[2023-04-08T12:02:44.955+0000] {processor.py:743} INFO - Processing file /home/airflow/.local/lib/python3.7/site-packages/airflow/example_dags/example_time_delta_sensor_async.py for tasks to queue
[2023-04-08T12:02:44.956+0000] {logging_mixin.py:137} INFO - [2023-04-08T12:02:44.956+0000] {dagbag.py:532} INFO - Filling up the DagBag from /home/airflow/.local/lib/python3.7/site-packages/airflow/example_dags/example_time_delta_sensor_async.py
[2023-04-08T12:02:44.973+0000] {processor.py:753} INFO - DAG(s) dict_keys(['example_time_delta_sensor_async']) retrieved from /home/airflow/.local/lib/python3.7/site-packages/airflow/example_dags/example_time_delta_sensor_async.py
[2023-04-08T12:02:45.009+0000] {logging_mixin.py:137} INFO - [2023-04-08T12:02:45.009+0000] {dag.py:2705} INFO - Sync 1 DAGs
[2023-04-08T12:02:45.048+0000] {logging_mixin.py:137} INFO - [2023-04-08T12:02:45.048+0000] {dag.py:3456} INFO - Setting next_dagrun for example_time_delta_sensor_async to None, run_after=None
[2023-04-08T12:02:45.072+0000] {processor.py:175} INFO - Processing /home/airflow/.local/lib/python3.7/site-packages/airflow/example_dags/example_time_delta_sensor_async.py took 0.122 seconds
[2023-04-08T12:03:15.421+0000] {processor.py:153} INFO - Started process (PID=241) to work on /home/airflow/.local/lib/python3.7/site-packages/airflow/example_dags/example_time_delta_sensor_async.py
[2023-04-08T12:03:15.423+0000] {processor.py:743} INFO - Processing file /home/airflow/.local/lib/python3.7/site-packages/airflow/example_dags/example_time_delta_sensor_async.py for tasks to queue
[2023-04-08T12:03:15.423+0000] {logging_mixin.py:137} INFO - [2023-04-08T12:03:15.423+0000] {dagbag.py:532} INFO - Filling up the DagBag from /home/airflow/.local/lib/python3.7/site-packages/airflow/example_dags/example_time_delta_sensor_async.py
[2023-04-08T12:03:15.440+0000] {processor.py:753} INFO - DAG(s) dict_keys(['example_time_delta_sensor_async']) retrieved from /home/airflow/.local/lib/python3.7/site-packages/airflow/example_dags/example_time_delta_sensor_async.py
[2023-04-08T12:03:15.476+0000] {logging_mixin.py:137} INFO - [2023-04-08T12:03:15.476+0000] {dag.py:2705} INFO - Sync 1 DAGs
[2023-04-08T12:03:15.515+0000] {logging_mixin.py:137} INFO - [2023-04-08T12:03:15.515+0000] {dag.py:3456} INFO - Setting next_dagrun for example_time_delta_sensor_async to None, run_after=None
[2023-04-08T12:03:15.540+0000] {processor.py:175} INFO - Processing /home/airflow/.local/lib/python3.7/site-packages/airflow/example_dags/example_time_delta_sensor_async.py took 0.123 seconds
[2023-04-08T12:03:45.799+0000] {processor.py:153} INFO - Started process (PID=291) to work on /home/airflow/.local/lib/python3.7/site-packages/airflow/example_dags/example_time_delta_sensor_async.py
[2023-04-08T12:03:45.800+0000] {processor.py:743} INFO - Processing file /home/airflow/.local/lib/python3.7/site-packages/airflow/example_dags/example_time_delta_sensor_async.py for tasks to queue
[2023-04-08T12:03:45.801+0000] {logging_mixin.py:137} INFO - [2023-04-08T12:03:45.801+0000] {dagbag.py:532} INFO - Filling up the DagBag from /home/airflow/.local/lib/python3.7/site-packages/airflow/example_dags/example_time_delta_sensor_async.py
[2023-04-08T12:03:45.818+0000] {processor.py:753} INFO - DAG(s) dict_keys(['example_time_delta_sensor_async']) retrieved from /home/airflow/.local/lib/python3.7/site-packages/airflow/example_dags/example_time_delta_sensor_async.py
[2023-04-08T12:03:45.854+0000] {logging_mixin.py:137} INFO - [2023-04-08T12:03:45.854+0000] {dag.py:2705} INFO - Sync 1 DAGs
[2023-04-08T12:03:45.893+0000] {logging_mixin.py:137} INFO - [2023-04-08T12:03:45.893+0000] {dag.py:3456} INFO - Setting next_dagrun for example_time_delta_sensor_async to None, run_after=None
[2023-04-08T12:03:45.919+0000] {processor.py:175} INFO - Processing /home/airflow/.local/lib/python3.7/site-packages/airflow/example_dags/example_time_delta_sensor_async.py took 0.124 seconds
[2023-04-08T12:04:15.958+0000] {processor.py:153} INFO - Started process (PID=342) to work on /home/airflow/.local/lib/python3.7/site-packages/airflow/example_dags/example_time_delta_sensor_async.py
[2023-04-08T12:04:15.959+0000] {processor.py:743} INFO - Processing file /home/airflow/.local/lib/python3.7/site-packages/airflow/example_dags/example_time_delta_sensor_async.py for tasks to queue
[2023-04-08T12:04:15.960+0000] {logging_mixin.py:137} INFO - [2023-04-08T12:04:15.960+0000] {dagbag.py:532} INFO - Filling up the DagBag from /home/airflow/.local/lib/python3.7/site-packages/airflow/example_dags/example_time_delta_sensor_async.py
[2023-04-08T12:04:15.977+0000] {processor.py:753} INFO - DAG(s) dict_keys(['example_time_delta_sensor_async']) retrieved from /home/airflow/.local/lib/python3.7/site-packages/airflow/example_dags/example_time_delta_sensor_async.py
[2023-04-08T12:04:16.013+0000] {logging_mixin.py:137} INFO - [2023-04-08T12:04:16.013+0000] {dag.py:2705} INFO - Sync 1 DAGs
[2023-04-08T12:04:16.053+0000] {logging_mixin.py:137} INFO - [2023-04-08T12:04:16.053+0000] {dag.py:3456} INFO - Setting next_dagrun for example_time_delta_sensor_async to None, run_after=None
[2023-04-08T12:04:16.076+0000] {processor.py:175} INFO - Processing /home/airflow/.local/lib/python3.7/site-packages/airflow/example_dags/example_time_delta_sensor_async.py took 0.123 seconds
[2023-04-08T12:04:46.517+0000] {processor.py:153} INFO - Started process (PID=392) to work on /home/airflow/.local/lib/python3.7/site-packages/airflow/example_dags/example_time_delta_sensor_async.py
[2023-04-08T12:04:46.518+0000] {processor.py:743} INFO - Processing file /home/airflow/.local/lib/python3.7/site-packages/airflow/example_dags/example_time_delta_sensor_async.py for tasks to queue
[2023-04-08T12:04:46.519+0000] {logging_mixin.py:137} INFO - [2023-04-08T12:04:46.518+0000] {dagbag.py:532} INFO - Filling up the DagBag from /home/airflow/.local/lib/python3.7/site-packages/airflow/example_dags/example_time_delta_sensor_async.py
[2023-04-08T12:04:46.536+0000] {processor.py:753} INFO - DAG(s) dict_keys(['example_time_delta_sensor_async']) retrieved from /home/airflow/.local/lib/python3.7/site-packages/airflow/example_dags/example_time_delta_sensor_async.py
[2023-04-08T12:04:46.573+0000] {logging_mixin.py:137} INFO - [2023-04-08T12:04:46.573+0000] {dag.py:2705} INFO - Sync 1 DAGs
[2023-04-08T12:04:46.612+0000] {logging_mixin.py:137} INFO - [2023-04-08T12:04:46.612+0000] {dag.py:3456} INFO - Setting next_dagrun for example_time_delta_sensor_async to None, run_after=None
[2023-04-08T12:04:46.636+0000] {processor.py:175} INFO - Processing /home/airflow/.local/lib/python3.7/site-packages/airflow/example_dags/example_time_delta_sensor_async.py took 0.123 seconds
[2023-04-08T12:05:16.822+0000] {processor.py:153} INFO - Started process (PID=443) to work on /home/airflow/.local/lib/python3.7/site-packages/airflow/example_dags/example_time_delta_sensor_async.py
[2023-04-08T12:05:16.823+0000] {processor.py:743} INFO - Processing file /home/airflow/.local/lib/python3.7/site-packages/airflow/example_dags/example_time_delta_sensor_async.py for tasks to queue
[2023-04-08T12:05:16.824+0000] {logging_mixin.py:137} INFO - [2023-04-08T12:05:16.824+0000] {dagbag.py:532} INFO - Filling up the DagBag from /home/airflow/.local/lib/python3.7/site-packages/airflow/example_dags/example_time_delta_sensor_async.py
[2023-04-08T12:05:16.840+0000] {processor.py:753} INFO - DAG(s) dict_keys(['example_time_delta_sensor_async']) retrieved from /home/airflow/.local/lib/python3.7/site-packages/airflow/example_dags/example_time_delta_sensor_async.py
[2023-04-08T12:05:16.876+0000] {logging_mixin.py:137} INFO - [2023-04-08T12:05:16.875+0000] {dag.py:2705} INFO - Sync 1 DAGs
[2023-04-08T12:05:16.915+0000] {logging_mixin.py:137} INFO - [2023-04-08T12:05:16.915+0000] {dag.py:3456} INFO - Setting next_dagrun for example_time_delta_sensor_async to None, run_after=None
[2023-04-08T12:05:16.944+0000] {processor.py:175} INFO - Processing /home/airflow/.local/lib/python3.7/site-packages/airflow/example_dags/example_time_delta_sensor_async.py took 0.128 seconds
[2023-04-08T12:05:47.480+0000] {processor.py:153} INFO - Started process (PID=493) to work on /home/airflow/.local/lib/python3.7/site-packages/airflow/example_dags/example_time_delta_sensor_async.py
[2023-04-08T12:05:47.486+0000] {processor.py:743} INFO - Processing file /home/airflow/.local/lib/python3.7/site-packages/airflow/example_dags/example_time_delta_sensor_async.py for tasks to queue
[2023-04-08T12:05:47.487+0000] {logging_mixin.py:137} INFO - [2023-04-08T12:05:47.487+0000] {dagbag.py:532} INFO - Filling up the DagBag from /home/airflow/.local/lib/python3.7/site-packages/airflow/example_dags/example_time_delta_sensor_async.py
[2023-04-08T12:05:47.562+0000] {processor.py:753} INFO - DAG(s) dict_keys(['example_time_delta_sensor_async']) retrieved from /home/airflow/.local/lib/python3.7/site-packages/airflow/example_dags/example_time_delta_sensor_async.py
[2023-04-08T12:05:47.690+0000] {logging_mixin.py:137} INFO - [2023-04-08T12:05:47.690+0000] {dag.py:2705} INFO - Sync 1 DAGs
[2023-04-08T12:05:47.882+0000] {logging_mixin.py:137} INFO - [2023-04-08T12:05:47.882+0000] {dag.py:3456} INFO - Setting next_dagrun for example_time_delta_sensor_async to None, run_after=None
[2023-04-08T12:05:47.985+0000] {processor.py:175} INFO - Processing /home/airflow/.local/lib/python3.7/site-packages/airflow/example_dags/example_time_delta_sensor_async.py took 0.516 seconds
[2023-04-08T12:06:18.740+0000] {processor.py:153} INFO - Started process (PID=543) to work on /home/airflow/.local/lib/python3.7/site-packages/airflow/example_dags/example_time_delta_sensor_async.py
[2023-04-08T12:06:18.750+0000] {processor.py:743} INFO - Processing file /home/airflow/.local/lib/python3.7/site-packages/airflow/example_dags/example_time_delta_sensor_async.py for tasks to queue
[2023-04-08T12:06:18.751+0000] {logging_mixin.py:137} INFO - [2023-04-08T12:06:18.750+0000] {dagbag.py:532} INFO - Filling up the DagBag from /home/airflow/.local/lib/python3.7/site-packages/airflow/example_dags/example_time_delta_sensor_async.py
[2023-04-08T12:06:18.787+0000] {processor.py:753} INFO - DAG(s) dict_keys(['example_time_delta_sensor_async']) retrieved from /home/airflow/.local/lib/python3.7/site-packages/airflow/example_dags/example_time_delta_sensor_async.py
[2023-04-08T12:06:18.830+0000] {logging_mixin.py:137} INFO - [2023-04-08T12:06:18.830+0000] {dag.py:2705} INFO - Sync 1 DAGs
[2023-04-08T12:06:18.871+0000] {logging_mixin.py:137} INFO - [2023-04-08T12:06:18.871+0000] {dag.py:3456} INFO - Setting next_dagrun for example_time_delta_sensor_async to None, run_after=None
[2023-04-08T12:06:18.916+0000] {processor.py:175} INFO - Processing /home/airflow/.local/lib/python3.7/site-packages/airflow/example_dags/example_time_delta_sensor_async.py took 0.180 seconds
[2023-04-08T12:06:49.515+0000] {processor.py:153} INFO - Started process (PID=593) to work on /home/airflow/.local/lib/python3.7/site-packages/airflow/example_dags/example_time_delta_sensor_async.py
[2023-04-08T12:06:49.516+0000] {processor.py:743} INFO - Processing file /home/airflow/.local/lib/python3.7/site-packages/airflow/example_dags/example_time_delta_sensor_async.py for tasks to queue
[2023-04-08T12:06:49.516+0000] {logging_mixin.py:137} INFO - [2023-04-08T12:06:49.516+0000] {dagbag.py:532} INFO - Filling up the DagBag from /home/airflow/.local/lib/python3.7/site-packages/airflow/example_dags/example_time_delta_sensor_async.py
[2023-04-08T12:06:49.565+0000] {processor.py:753} INFO - DAG(s) dict_keys(['example_time_delta_sensor_async']) retrieved from /home/airflow/.local/lib/python3.7/site-packages/airflow/example_dags/example_time_delta_sensor_async.py
[2023-04-08T12:06:49.665+0000] {logging_mixin.py:137} INFO - [2023-04-08T12:06:49.665+0000] {dag.py:2705} INFO - Sync 1 DAGs
[2023-04-08T12:06:49.714+0000] {logging_mixin.py:137} INFO - [2023-04-08T12:06:49.714+0000] {dag.py:3456} INFO - Setting next_dagrun for example_time_delta_sensor_async to None, run_after=None
[2023-04-08T12:06:49.731+0000] {processor.py:175} INFO - Processing /home/airflow/.local/lib/python3.7/site-packages/airflow/example_dags/example_time_delta_sensor_async.py took 0.221 seconds
[2023-04-08T12:07:19.872+0000] {processor.py:153} INFO - Started process (PID=642) to work on /home/airflow/.local/lib/python3.7/site-packages/airflow/example_dags/example_time_delta_sensor_async.py
[2023-04-08T12:07:19.873+0000] {processor.py:743} INFO - Processing file /home/airflow/.local/lib/python3.7/site-packages/airflow/example_dags/example_time_delta_sensor_async.py for tasks to queue
[2023-04-08T12:07:19.874+0000] {logging_mixin.py:137} INFO - [2023-04-08T12:07:19.874+0000] {dagbag.py:532} INFO - Filling up the DagBag from /home/airflow/.local/lib/python3.7/site-packages/airflow/example_dags/example_time_delta_sensor_async.py
[2023-04-08T12:07:19.891+0000] {processor.py:753} INFO - DAG(s) dict_keys(['example_time_delta_sensor_async']) retrieved from /home/airflow/.local/lib/python3.7/site-packages/airflow/example_dags/example_time_delta_sensor_async.py
[2023-04-08T12:07:19.927+0000] {logging_mixin.py:137} INFO - [2023-04-08T12:07:19.927+0000] {dag.py:2705} INFO - Sync 1 DAGs
[2023-04-08T12:07:19.967+0000] {logging_mixin.py:137} INFO - [2023-04-08T12:07:19.966+0000] {dag.py:3456} INFO - Setting next_dagrun for example_time_delta_sensor_async to None, run_after=None
[2023-04-08T12:07:19.992+0000] {processor.py:175} INFO - Processing /home/airflow/.local/lib/python3.7/site-packages/airflow/example_dags/example_time_delta_sensor_async.py took 0.124 seconds
[2023-04-08T12:07:50.556+0000] {processor.py:153} INFO - Started process (PID=692) to work on /home/airflow/.local/lib/python3.7/site-packages/airflow/example_dags/example_time_delta_sensor_async.py
[2023-04-08T12:07:50.557+0000] {processor.py:743} INFO - Processing file /home/airflow/.local/lib/python3.7/site-packages/airflow/example_dags/example_time_delta_sensor_async.py for tasks to queue
[2023-04-08T12:07:50.558+0000] {logging_mixin.py:137} INFO - [2023-04-08T12:07:50.558+0000] {dagbag.py:532} INFO - Filling up the DagBag from /home/airflow/.local/lib/python3.7/site-packages/airflow/example_dags/example_time_delta_sensor_async.py
[2023-04-08T12:07:50.575+0000] {processor.py:753} INFO - DAG(s) dict_keys(['example_time_delta_sensor_async']) retrieved from /home/airflow/.local/lib/python3.7/site-packages/airflow/example_dags/example_time_delta_sensor_async.py
[2023-04-08T12:07:50.612+0000] {logging_mixin.py:137} INFO - [2023-04-08T12:07:50.612+0000] {dag.py:2705} INFO - Sync 1 DAGs
[2023-04-08T12:07:50.652+0000] {logging_mixin.py:137} INFO - [2023-04-08T12:07:50.652+0000] {dag.py:3456} INFO - Setting next_dagrun for example_time_delta_sensor_async to None, run_after=None
[2023-04-08T12:07:50.675+0000] {processor.py:175} INFO - Processing /home/airflow/.local/lib/python3.7/site-packages/airflow/example_dags/example_time_delta_sensor_async.py took 0.124 seconds
[2023-04-08T12:08:20.827+0000] {processor.py:153} INFO - Started process (PID=742) to work on /home/airflow/.local/lib/python3.7/site-packages/airflow/example_dags/example_time_delta_sensor_async.py
[2023-04-08T12:08:20.828+0000] {processor.py:743} INFO - Processing file /home/airflow/.local/lib/python3.7/site-packages/airflow/example_dags/example_time_delta_sensor_async.py for tasks to queue
[2023-04-08T12:08:20.829+0000] {logging_mixin.py:137} INFO - [2023-04-08T12:08:20.829+0000] {dagbag.py:532} INFO - Filling up the DagBag from /home/airflow/.local/lib/python3.7/site-packages/airflow/example_dags/example_time_delta_sensor_async.py
[2023-04-08T12:08:20.846+0000] {processor.py:753} INFO - DAG(s) dict_keys(['example_time_delta_sensor_async']) retrieved from /home/airflow/.local/lib/python3.7/site-packages/airflow/example_dags/example_time_delta_sensor_async.py
[2023-04-08T12:08:20.889+0000] {logging_mixin.py:137} INFO - [2023-04-08T12:08:20.888+0000] {dag.py:2705} INFO - Sync 1 DAGs
[2023-04-08T12:08:20.929+0000] {logging_mixin.py:137} INFO - [2023-04-08T12:08:20.929+0000] {dag.py:3456} INFO - Setting next_dagrun for example_time_delta_sensor_async to None, run_after=None
[2023-04-08T12:08:20.952+0000] {processor.py:175} INFO - Processing /home/airflow/.local/lib/python3.7/site-packages/airflow/example_dags/example_time_delta_sensor_async.py took 0.130 seconds
[2023-04-08T12:08:51.507+0000] {processor.py:153} INFO - Started process (PID=793) to work on /home/airflow/.local/lib/python3.7/site-packages/airflow/example_dags/example_time_delta_sensor_async.py
[2023-04-08T12:08:51.508+0000] {processor.py:743} INFO - Processing file /home/airflow/.local/lib/python3.7/site-packages/airflow/example_dags/example_time_delta_sensor_async.py for tasks to queue
[2023-04-08T12:08:51.509+0000] {logging_mixin.py:137} INFO - [2023-04-08T12:08:51.508+0000] {dagbag.py:532} INFO - Filling up the DagBag from /home/airflow/.local/lib/python3.7/site-packages/airflow/example_dags/example_time_delta_sensor_async.py
[2023-04-08T12:08:51.529+0000] {processor.py:753} INFO - DAG(s) dict_keys(['example_time_delta_sensor_async']) retrieved from /home/airflow/.local/lib/python3.7/site-packages/airflow/example_dags/example_time_delta_sensor_async.py
[2023-04-08T12:08:51.576+0000] {logging_mixin.py:137} INFO - [2023-04-08T12:08:51.575+0000] {dag.py:2705} INFO - Sync 1 DAGs
[2023-04-08T12:08:51.616+0000] {logging_mixin.py:137} INFO - [2023-04-08T12:08:51.616+0000] {dag.py:3456} INFO - Setting next_dagrun for example_time_delta_sensor_async to None, run_after=None
[2023-04-08T12:08:51.640+0000] {processor.py:175} INFO - Processing /home/airflow/.local/lib/python3.7/site-packages/airflow/example_dags/example_time_delta_sensor_async.py took 0.137 seconds
[2023-04-08T12:09:21.903+0000] {processor.py:153} INFO - Started process (PID=842) to work on /home/airflow/.local/lib/python3.7/site-packages/airflow/example_dags/example_time_delta_sensor_async.py
[2023-04-08T12:09:21.904+0000] {processor.py:743} INFO - Processing file /home/airflow/.local/lib/python3.7/site-packages/airflow/example_dags/example_time_delta_sensor_async.py for tasks to queue
[2023-04-08T12:09:21.905+0000] {logging_mixin.py:137} INFO - [2023-04-08T12:09:21.904+0000] {dagbag.py:532} INFO - Filling up the DagBag from /home/airflow/.local/lib/python3.7/site-packages/airflow/example_dags/example_time_delta_sensor_async.py
[2023-04-08T12:09:21.921+0000] {processor.py:753} INFO - DAG(s) dict_keys(['example_time_delta_sensor_async']) retrieved from /home/airflow/.local/lib/python3.7/site-packages/airflow/example_dags/example_time_delta_sensor_async.py
[2023-04-08T12:09:21.957+0000] {logging_mixin.py:137} INFO - [2023-04-08T12:09:21.957+0000] {dag.py:2705} INFO - Sync 1 DAGs
[2023-04-08T12:09:21.996+0000] {logging_mixin.py:137} INFO - [2023-04-08T12:09:21.996+0000] {dag.py:3456} INFO - Setting next_dagrun for example_time_delta_sensor_async to None, run_after=None
[2023-04-08T12:09:22.021+0000] {processor.py:175} INFO - Processing /home/airflow/.local/lib/python3.7/site-packages/airflow/example_dags/example_time_delta_sensor_async.py took 0.123 seconds
[2023-04-08T12:09:52.323+0000] {processor.py:153} INFO - Started process (PID=892) to work on /home/airflow/.local/lib/python3.7/site-packages/airflow/example_dags/example_time_delta_sensor_async.py
[2023-04-08T12:09:52.324+0000] {processor.py:743} INFO - Processing file /home/airflow/.local/lib/python3.7/site-packages/airflow/example_dags/example_time_delta_sensor_async.py for tasks to queue
[2023-04-08T12:09:52.325+0000] {logging_mixin.py:137} INFO - [2023-04-08T12:09:52.324+0000] {dagbag.py:532} INFO - Filling up the DagBag from /home/airflow/.local/lib/python3.7/site-packages/airflow/example_dags/example_time_delta_sensor_async.py
[2023-04-08T12:09:52.342+0000] {processor.py:753} INFO - DAG(s) dict_keys(['example_time_delta_sensor_async']) retrieved from /home/airflow/.local/lib/python3.7/site-packages/airflow/example_dags/example_time_delta_sensor_async.py
[2023-04-08T12:09:52.379+0000] {logging_mixin.py:137} INFO - [2023-04-08T12:09:52.378+0000] {dag.py:2705} INFO - Sync 1 DAGs
[2023-04-08T12:09:52.418+0000] {logging_mixin.py:137} INFO - [2023-04-08T12:09:52.418+0000] {dag.py:3456} INFO - Setting next_dagrun for example_time_delta_sensor_async to None, run_after=None
[2023-04-08T12:09:52.444+0000] {processor.py:175} INFO - Processing /home/airflow/.local/lib/python3.7/site-packages/airflow/example_dags/example_time_delta_sensor_async.py took 0.125 seconds
[2023-04-08T12:10:22.913+0000] {processor.py:153} INFO - Started process (PID=941) to work on /home/airflow/.local/lib/python3.7/site-packages/airflow/example_dags/example_time_delta_sensor_async.py
[2023-04-08T12:10:22.914+0000] {processor.py:743} INFO - Processing file /home/airflow/.local/lib/python3.7/site-packages/airflow/example_dags/example_time_delta_sensor_async.py for tasks to queue
[2023-04-08T12:10:22.915+0000] {logging_mixin.py:137} INFO - [2023-04-08T12:10:22.915+0000] {dagbag.py:532} INFO - Filling up the DagBag from /home/airflow/.local/lib/python3.7/site-packages/airflow/example_dags/example_time_delta_sensor_async.py
[2023-04-08T12:10:22.932+0000] {processor.py:753} INFO - DAG(s) dict_keys(['example_time_delta_sensor_async']) retrieved from /home/airflow/.local/lib/python3.7/site-packages/airflow/example_dags/example_time_delta_sensor_async.py
[2023-04-08T12:10:22.968+0000] {logging_mixin.py:137} INFO - [2023-04-08T12:10:22.968+0000] {dag.py:2705} INFO - Sync 1 DAGs
[2023-04-08T12:10:23.007+0000] {logging_mixin.py:137} INFO - [2023-04-08T12:10:23.007+0000] {dag.py:3456} INFO - Setting next_dagrun for example_time_delta_sensor_async to None, run_after=None
[2023-04-08T12:10:23.031+0000] {processor.py:175} INFO - Processing /home/airflow/.local/lib/python3.7/site-packages/airflow/example_dags/example_time_delta_sensor_async.py took 0.123 seconds
