[2023-04-08T12:01:25.492+0000] {processor.py:153} INFO - Started process (PID=68) to work on /home/airflow/.local/lib/python3.7/site-packages/airflow/example_dags/example_branch_python_dop_operator_3.py
[2023-04-08T12:01:25.493+0000] {processor.py:743} INFO - Processing file /home/airflow/.local/lib/python3.7/site-packages/airflow/example_dags/example_branch_python_dop_operator_3.py for tasks to queue
[2023-04-08T12:01:25.494+0000] {logging_mixin.py:137} INFO - [2023-04-08T12:01:25.494+0000] {dagbag.py:532} INFO - Filling up the DagBag from /home/airflow/.local/lib/python3.7/site-packages/airflow/example_dags/example_branch_python_dop_operator_3.py
[2023-04-08T12:01:25.537+0000] {processor.py:753} INFO - DAG(s) dict_keys(['example_branch_dop_operator_v3']) retrieved from /home/airflow/.local/lib/python3.7/site-packages/airflow/example_dags/example_branch_python_dop_operator_3.py
[2023-04-08T12:01:25.821+0000] {logging_mixin.py:137} INFO - [2023-04-08T12:01:25.821+0000] {manager.py:504} INFO - Created Permission View: can delete on DAG:example_branch_dop_operator_v3
[2023-04-08T12:01:25.849+0000] {logging_mixin.py:137} INFO - [2023-04-08T12:01:25.849+0000] {manager.py:504} INFO - Created Permission View: can edit on DAG:example_branch_dop_operator_v3
[2023-04-08T12:01:25.859+0000] {logging_mixin.py:137} INFO - [2023-04-08T12:01:25.859+0000] {manager.py:504} INFO - Created Permission View: can read on DAG:example_branch_dop_operator_v3
[2023-04-08T12:01:25.860+0000] {logging_mixin.py:137} INFO - [2023-04-08T12:01:25.859+0000] {dag.py:2705} INFO - Sync 1 DAGs
[2023-04-08T12:01:25.899+0000] {logging_mixin.py:137} INFO - [2023-04-08T12:01:25.899+0000] {dag.py:2726} INFO - Creating ORM DAG for example_branch_dop_operator_v3
[2023-04-08T12:01:25.956+0000] {logging_mixin.py:137} INFO - [2023-04-08T12:01:25.956+0000] {dag.py:3456} INFO - Setting next_dagrun for example_branch_dop_operator_v3 to 2023-04-08T12:00:00+00:00, run_after=2023-04-08T12:01:00+00:00
[2023-04-08T12:01:26.005+0000] {processor.py:175} INFO - Processing /home/airflow/.local/lib/python3.7/site-packages/airflow/example_dags/example_branch_python_dop_operator_3.py took 0.517 seconds
[2023-04-08T12:01:56.331+0000] {processor.py:153} INFO - Started process (PID=118) to work on /home/airflow/.local/lib/python3.7/site-packages/airflow/example_dags/example_branch_python_dop_operator_3.py
[2023-04-08T12:01:56.332+0000] {processor.py:743} INFO - Processing file /home/airflow/.local/lib/python3.7/site-packages/airflow/example_dags/example_branch_python_dop_operator_3.py for tasks to queue
[2023-04-08T12:01:56.333+0000] {logging_mixin.py:137} INFO - [2023-04-08T12:01:56.333+0000] {dagbag.py:532} INFO - Filling up the DagBag from /home/airflow/.local/lib/python3.7/site-packages/airflow/example_dags/example_branch_python_dop_operator_3.py
[2023-04-08T12:01:56.368+0000] {processor.py:753} INFO - DAG(s) dict_keys(['example_branch_dop_operator_v3']) retrieved from /home/airflow/.local/lib/python3.7/site-packages/airflow/example_dags/example_branch_python_dop_operator_3.py
[2023-04-08T12:01:56.401+0000] {logging_mixin.py:137} INFO - [2023-04-08T12:01:56.401+0000] {dag.py:2705} INFO - Sync 1 DAGs
[2023-04-08T12:01:56.447+0000] {logging_mixin.py:137} INFO - [2023-04-08T12:01:56.447+0000] {dag.py:3456} INFO - Setting next_dagrun for example_branch_dop_operator_v3 to 2023-04-08T12:00:00+00:00, run_after=2023-04-08T12:01:00+00:00
[2023-04-08T12:01:56.465+0000] {processor.py:175} INFO - Processing /home/airflow/.local/lib/python3.7/site-packages/airflow/example_dags/example_branch_python_dop_operator_3.py took 0.138 seconds
[2023-04-08T12:02:27.303+0000] {processor.py:153} INFO - Started process (PID=167) to work on /home/airflow/.local/lib/python3.7/site-packages/airflow/example_dags/example_branch_python_dop_operator_3.py
[2023-04-08T12:02:27.304+0000] {processor.py:743} INFO - Processing file /home/airflow/.local/lib/python3.7/site-packages/airflow/example_dags/example_branch_python_dop_operator_3.py for tasks to queue
[2023-04-08T12:02:27.305+0000] {logging_mixin.py:137} INFO - [2023-04-08T12:02:27.305+0000] {dagbag.py:532} INFO - Filling up the DagBag from /home/airflow/.local/lib/python3.7/site-packages/airflow/example_dags/example_branch_python_dop_operator_3.py
[2023-04-08T12:02:27.339+0000] {processor.py:753} INFO - DAG(s) dict_keys(['example_branch_dop_operator_v3']) retrieved from /home/airflow/.local/lib/python3.7/site-packages/airflow/example_dags/example_branch_python_dop_operator_3.py
[2023-04-08T12:02:27.374+0000] {logging_mixin.py:137} INFO - [2023-04-08T12:02:27.374+0000] {dag.py:2705} INFO - Sync 1 DAGs
[2023-04-08T12:02:27.413+0000] {logging_mixin.py:137} INFO - [2023-04-08T12:02:27.413+0000] {dag.py:3456} INFO - Setting next_dagrun for example_branch_dop_operator_v3 to 2023-04-08T12:01:00+00:00, run_after=2023-04-08T12:02:00+00:00
[2023-04-08T12:02:27.429+0000] {processor.py:175} INFO - Processing /home/airflow/.local/lib/python3.7/site-packages/airflow/example_dags/example_branch_python_dop_operator_3.py took 0.131 seconds
[2023-04-08T12:02:57.667+0000] {processor.py:153} INFO - Started process (PID=217) to work on /home/airflow/.local/lib/python3.7/site-packages/airflow/example_dags/example_branch_python_dop_operator_3.py
[2023-04-08T12:02:57.669+0000] {processor.py:743} INFO - Processing file /home/airflow/.local/lib/python3.7/site-packages/airflow/example_dags/example_branch_python_dop_operator_3.py for tasks to queue
[2023-04-08T12:02:57.670+0000] {logging_mixin.py:137} INFO - [2023-04-08T12:02:57.670+0000] {dagbag.py:532} INFO - Filling up the DagBag from /home/airflow/.local/lib/python3.7/site-packages/airflow/example_dags/example_branch_python_dop_operator_3.py
[2023-04-08T12:02:57.747+0000] {processor.py:753} INFO - DAG(s) dict_keys(['example_branch_dop_operator_v3']) retrieved from /home/airflow/.local/lib/python3.7/site-packages/airflow/example_dags/example_branch_python_dop_operator_3.py
[2023-04-08T12:02:57.831+0000] {logging_mixin.py:137} INFO - [2023-04-08T12:02:57.831+0000] {dag.py:2705} INFO - Sync 1 DAGs
[2023-04-08T12:02:57.867+0000] {logging_mixin.py:137} INFO - [2023-04-08T12:02:57.867+0000] {dag.py:3456} INFO - Setting next_dagrun for example_branch_dop_operator_v3 to 2023-04-08T12:01:00+00:00, run_after=2023-04-08T12:02:00+00:00
[2023-04-08T12:02:57.883+0000] {processor.py:175} INFO - Processing /home/airflow/.local/lib/python3.7/site-packages/airflow/example_dags/example_branch_python_dop_operator_3.py took 0.229 seconds
[2023-04-08T12:03:29.142+0000] {processor.py:153} INFO - Started process (PID=267) to work on /home/airflow/.local/lib/python3.7/site-packages/airflow/example_dags/example_branch_python_dop_operator_3.py
[2023-04-08T12:03:29.143+0000] {processor.py:743} INFO - Processing file /home/airflow/.local/lib/python3.7/site-packages/airflow/example_dags/example_branch_python_dop_operator_3.py for tasks to queue
[2023-04-08T12:03:29.144+0000] {logging_mixin.py:137} INFO - [2023-04-08T12:03:29.143+0000] {dagbag.py:532} INFO - Filling up the DagBag from /home/airflow/.local/lib/python3.7/site-packages/airflow/example_dags/example_branch_python_dop_operator_3.py
[2023-04-08T12:03:29.269+0000] {processor.py:753} INFO - DAG(s) dict_keys(['example_branch_dop_operator_v3']) retrieved from /home/airflow/.local/lib/python3.7/site-packages/airflow/example_dags/example_branch_python_dop_operator_3.py
[2023-04-08T12:03:29.384+0000] {logging_mixin.py:137} INFO - [2023-04-08T12:03:29.384+0000] {dag.py:2705} INFO - Sync 1 DAGs
[2023-04-08T12:03:29.539+0000] {logging_mixin.py:137} INFO - [2023-04-08T12:03:29.538+0000] {dag.py:3456} INFO - Setting next_dagrun for example_branch_dop_operator_v3 to 2023-04-08T12:02:00+00:00, run_after=2023-04-08T12:03:00+00:00
[2023-04-08T12:03:29.624+0000] {processor.py:175} INFO - Processing /home/airflow/.local/lib/python3.7/site-packages/airflow/example_dags/example_branch_python_dop_operator_3.py took 0.499 seconds
[2023-04-08T12:03:59.726+0000] {processor.py:153} INFO - Started process (PID=317) to work on /home/airflow/.local/lib/python3.7/site-packages/airflow/example_dags/example_branch_python_dop_operator_3.py
[2023-04-08T12:03:59.727+0000] {processor.py:743} INFO - Processing file /home/airflow/.local/lib/python3.7/site-packages/airflow/example_dags/example_branch_python_dop_operator_3.py for tasks to queue
[2023-04-08T12:03:59.728+0000] {logging_mixin.py:137} INFO - [2023-04-08T12:03:59.728+0000] {dagbag.py:532} INFO - Filling up the DagBag from /home/airflow/.local/lib/python3.7/site-packages/airflow/example_dags/example_branch_python_dop_operator_3.py
[2023-04-08T12:03:59.764+0000] {processor.py:753} INFO - DAG(s) dict_keys(['example_branch_dop_operator_v3']) retrieved from /home/airflow/.local/lib/python3.7/site-packages/airflow/example_dags/example_branch_python_dop_operator_3.py
[2023-04-08T12:03:59.797+0000] {logging_mixin.py:137} INFO - [2023-04-08T12:03:59.797+0000] {dag.py:2705} INFO - Sync 1 DAGs
[2023-04-08T12:03:59.845+0000] {logging_mixin.py:137} INFO - [2023-04-08T12:03:59.844+0000] {dag.py:3456} INFO - Setting next_dagrun for example_branch_dop_operator_v3 to 2023-04-08T12:02:00+00:00, run_after=2023-04-08T12:03:00+00:00
[2023-04-08T12:03:59.866+0000] {processor.py:175} INFO - Processing /home/airflow/.local/lib/python3.7/site-packages/airflow/example_dags/example_branch_python_dop_operator_3.py took 0.144 seconds
[2023-04-08T12:04:30.346+0000] {processor.py:153} INFO - Started process (PID=368) to work on /home/airflow/.local/lib/python3.7/site-packages/airflow/example_dags/example_branch_python_dop_operator_3.py
[2023-04-08T12:04:30.351+0000] {processor.py:743} INFO - Processing file /home/airflow/.local/lib/python3.7/site-packages/airflow/example_dags/example_branch_python_dop_operator_3.py for tasks to queue
[2023-04-08T12:04:30.351+0000] {logging_mixin.py:137} INFO - [2023-04-08T12:04:30.351+0000] {dagbag.py:532} INFO - Filling up the DagBag from /home/airflow/.local/lib/python3.7/site-packages/airflow/example_dags/example_branch_python_dop_operator_3.py
[2023-04-08T12:04:30.390+0000] {processor.py:753} INFO - DAG(s) dict_keys(['example_branch_dop_operator_v3']) retrieved from /home/airflow/.local/lib/python3.7/site-packages/airflow/example_dags/example_branch_python_dop_operator_3.py
[2023-04-08T12:04:30.422+0000] {logging_mixin.py:137} INFO - [2023-04-08T12:04:30.422+0000] {dag.py:2705} INFO - Sync 1 DAGs
[2023-04-08T12:04:30.475+0000] {logging_mixin.py:137} INFO - [2023-04-08T12:04:30.474+0000] {dag.py:3456} INFO - Setting next_dagrun for example_branch_dop_operator_v3 to 2023-04-08T12:03:00+00:00, run_after=2023-04-08T12:04:00+00:00
[2023-04-08T12:04:30.504+0000] {processor.py:175} INFO - Processing /home/airflow/.local/lib/python3.7/site-packages/airflow/example_dags/example_branch_python_dop_operator_3.py took 0.166 seconds
[2023-04-08T12:05:00.567+0000] {processor.py:153} INFO - Started process (PID=418) to work on /home/airflow/.local/lib/python3.7/site-packages/airflow/example_dags/example_branch_python_dop_operator_3.py
[2023-04-08T12:05:00.568+0000] {processor.py:743} INFO - Processing file /home/airflow/.local/lib/python3.7/site-packages/airflow/example_dags/example_branch_python_dop_operator_3.py for tasks to queue
[2023-04-08T12:05:00.569+0000] {logging_mixin.py:137} INFO - [2023-04-08T12:05:00.568+0000] {dagbag.py:532} INFO - Filling up the DagBag from /home/airflow/.local/lib/python3.7/site-packages/airflow/example_dags/example_branch_python_dop_operator_3.py
[2023-04-08T12:05:00.591+0000] {processor.py:753} INFO - DAG(s) dict_keys(['example_branch_dop_operator_v3']) retrieved from /home/airflow/.local/lib/python3.7/site-packages/airflow/example_dags/example_branch_python_dop_operator_3.py
[2023-04-08T12:05:00.615+0000] {logging_mixin.py:137} INFO - [2023-04-08T12:05:00.615+0000] {dag.py:2705} INFO - Sync 1 DAGs
[2023-04-08T12:05:00.644+0000] {logging_mixin.py:137} INFO - [2023-04-08T12:05:00.644+0000] {dag.py:3456} INFO - Setting next_dagrun for example_branch_dop_operator_v3 to 2023-04-08T12:04:00+00:00, run_after=2023-04-08T12:05:00+00:00
[2023-04-08T12:05:00.661+0000] {processor.py:175} INFO - Processing /home/airflow/.local/lib/python3.7/site-packages/airflow/example_dags/example_branch_python_dop_operator_3.py took 0.097 seconds
[2023-04-08T12:05:30.827+0000] {processor.py:153} INFO - Started process (PID=469) to work on /home/airflow/.local/lib/python3.7/site-packages/airflow/example_dags/example_branch_python_dop_operator_3.py
[2023-04-08T12:05:30.828+0000] {processor.py:743} INFO - Processing file /home/airflow/.local/lib/python3.7/site-packages/airflow/example_dags/example_branch_python_dop_operator_3.py for tasks to queue
[2023-04-08T12:05:30.828+0000] {logging_mixin.py:137} INFO - [2023-04-08T12:05:30.828+0000] {dagbag.py:532} INFO - Filling up the DagBag from /home/airflow/.local/lib/python3.7/site-packages/airflow/example_dags/example_branch_python_dop_operator_3.py
[2023-04-08T12:05:30.851+0000] {processor.py:753} INFO - DAG(s) dict_keys(['example_branch_dop_operator_v3']) retrieved from /home/airflow/.local/lib/python3.7/site-packages/airflow/example_dags/example_branch_python_dop_operator_3.py
[2023-04-08T12:05:30.875+0000] {logging_mixin.py:137} INFO - [2023-04-08T12:05:30.875+0000] {dag.py:2705} INFO - Sync 1 DAGs
[2023-04-08T12:05:30.910+0000] {logging_mixin.py:137} INFO - [2023-04-08T12:05:30.910+0000] {dag.py:3456} INFO - Setting next_dagrun for example_branch_dop_operator_v3 to 2023-04-08T12:04:00+00:00, run_after=2023-04-08T12:05:00+00:00
[2023-04-08T12:05:30.927+0000] {processor.py:175} INFO - Processing /home/airflow/.local/lib/python3.7/site-packages/airflow/example_dags/example_branch_python_dop_operator_3.py took 0.103 seconds
[2023-04-08T12:06:01.027+0000] {processor.py:153} INFO - Started process (PID=519) to work on /home/airflow/.local/lib/python3.7/site-packages/airflow/example_dags/example_branch_python_dop_operator_3.py
[2023-04-08T12:06:01.028+0000] {processor.py:743} INFO - Processing file /home/airflow/.local/lib/python3.7/site-packages/airflow/example_dags/example_branch_python_dop_operator_3.py for tasks to queue
[2023-04-08T12:06:01.029+0000] {logging_mixin.py:137} INFO - [2023-04-08T12:06:01.029+0000] {dagbag.py:532} INFO - Filling up the DagBag from /home/airflow/.local/lib/python3.7/site-packages/airflow/example_dags/example_branch_python_dop_operator_3.py
[2023-04-08T12:06:01.052+0000] {processor.py:753} INFO - DAG(s) dict_keys(['example_branch_dop_operator_v3']) retrieved from /home/airflow/.local/lib/python3.7/site-packages/airflow/example_dags/example_branch_python_dop_operator_3.py
[2023-04-08T12:06:01.075+0000] {logging_mixin.py:137} INFO - [2023-04-08T12:06:01.075+0000] {dag.py:2705} INFO - Sync 1 DAGs
[2023-04-08T12:06:01.105+0000] {logging_mixin.py:137} INFO - [2023-04-08T12:06:01.105+0000] {dag.py:3456} INFO - Setting next_dagrun for example_branch_dop_operator_v3 to 2023-04-08T12:05:00+00:00, run_after=2023-04-08T12:06:00+00:00
[2023-04-08T12:06:01.122+0000] {processor.py:175} INFO - Processing /home/airflow/.local/lib/python3.7/site-packages/airflow/example_dags/example_branch_python_dop_operator_3.py took 0.099 seconds
[2023-04-08T12:06:31.325+0000] {processor.py:153} INFO - Started process (PID=569) to work on /home/airflow/.local/lib/python3.7/site-packages/airflow/example_dags/example_branch_python_dop_operator_3.py
[2023-04-08T12:06:31.325+0000] {processor.py:743} INFO - Processing file /home/airflow/.local/lib/python3.7/site-packages/airflow/example_dags/example_branch_python_dop_operator_3.py for tasks to queue
[2023-04-08T12:06:31.326+0000] {logging_mixin.py:137} INFO - [2023-04-08T12:06:31.326+0000] {dagbag.py:532} INFO - Filling up the DagBag from /home/airflow/.local/lib/python3.7/site-packages/airflow/example_dags/example_branch_python_dop_operator_3.py
[2023-04-08T12:06:31.354+0000] {processor.py:753} INFO - DAG(s) dict_keys(['example_branch_dop_operator_v3']) retrieved from /home/airflow/.local/lib/python3.7/site-packages/airflow/example_dags/example_branch_python_dop_operator_3.py
[2023-04-08T12:06:31.378+0000] {logging_mixin.py:137} INFO - [2023-04-08T12:06:31.378+0000] {dag.py:2705} INFO - Sync 1 DAGs
[2023-04-08T12:06:31.407+0000] {logging_mixin.py:137} INFO - [2023-04-08T12:06:31.407+0000] {dag.py:3456} INFO - Setting next_dagrun for example_branch_dop_operator_v3 to 2023-04-08T12:05:00+00:00, run_after=2023-04-08T12:06:00+00:00
[2023-04-08T12:06:31.423+0000] {processor.py:175} INFO - Processing /home/airflow/.local/lib/python3.7/site-packages/airflow/example_dags/example_branch_python_dop_operator_3.py took 0.103 seconds
[2023-04-08T12:07:01.544+0000] {processor.py:153} INFO - Started process (PID=619) to work on /home/airflow/.local/lib/python3.7/site-packages/airflow/example_dags/example_branch_python_dop_operator_3.py
[2023-04-08T12:07:01.545+0000] {processor.py:743} INFO - Processing file /home/airflow/.local/lib/python3.7/site-packages/airflow/example_dags/example_branch_python_dop_operator_3.py for tasks to queue
[2023-04-08T12:07:01.546+0000] {logging_mixin.py:137} INFO - [2023-04-08T12:07:01.546+0000] {dagbag.py:532} INFO - Filling up the DagBag from /home/airflow/.local/lib/python3.7/site-packages/airflow/example_dags/example_branch_python_dop_operator_3.py
[2023-04-08T12:07:01.578+0000] {processor.py:753} INFO - DAG(s) dict_keys(['example_branch_dop_operator_v3']) retrieved from /home/airflow/.local/lib/python3.7/site-packages/airflow/example_dags/example_branch_python_dop_operator_3.py
[2023-04-08T12:07:01.614+0000] {logging_mixin.py:137} INFO - [2023-04-08T12:07:01.614+0000] {dag.py:2705} INFO - Sync 1 DAGs
[2023-04-08T12:07:01.660+0000] {logging_mixin.py:137} INFO - [2023-04-08T12:07:01.660+0000] {dag.py:3456} INFO - Setting next_dagrun for example_branch_dop_operator_v3 to 2023-04-08T12:06:00+00:00, run_after=2023-04-08T12:07:00+00:00
[2023-04-08T12:07:01.682+0000] {processor.py:175} INFO - Processing /home/airflow/.local/lib/python3.7/site-packages/airflow/example_dags/example_branch_python_dop_operator_3.py took 0.143 seconds
[2023-04-08T12:07:32.378+0000] {processor.py:153} INFO - Started process (PID=668) to work on /home/airflow/.local/lib/python3.7/site-packages/airflow/example_dags/example_branch_python_dop_operator_3.py
[2023-04-08T12:07:32.379+0000] {processor.py:743} INFO - Processing file /home/airflow/.local/lib/python3.7/site-packages/airflow/example_dags/example_branch_python_dop_operator_3.py for tasks to queue
[2023-04-08T12:07:32.380+0000] {logging_mixin.py:137} INFO - [2023-04-08T12:07:32.380+0000] {dagbag.py:532} INFO - Filling up the DagBag from /home/airflow/.local/lib/python3.7/site-packages/airflow/example_dags/example_branch_python_dop_operator_3.py
[2023-04-08T12:07:32.408+0000] {processor.py:753} INFO - DAG(s) dict_keys(['example_branch_dop_operator_v3']) retrieved from /home/airflow/.local/lib/python3.7/site-packages/airflow/example_dags/example_branch_python_dop_operator_3.py
[2023-04-08T12:07:32.431+0000] {logging_mixin.py:137} INFO - [2023-04-08T12:07:32.431+0000] {dag.py:2705} INFO - Sync 1 DAGs
[2023-04-08T12:07:32.461+0000] {logging_mixin.py:137} INFO - [2023-04-08T12:07:32.460+0000] {dag.py:3456} INFO - Setting next_dagrun for example_branch_dop_operator_v3 to 2023-04-08T12:06:00+00:00, run_after=2023-04-08T12:07:00+00:00
[2023-04-08T12:07:32.477+0000] {processor.py:175} INFO - Processing /home/airflow/.local/lib/python3.7/site-packages/airflow/example_dags/example_branch_python_dop_operator_3.py took 0.103 seconds
[2023-04-08T12:08:03.127+0000] {processor.py:153} INFO - Started process (PID=718) to work on /home/airflow/.local/lib/python3.7/site-packages/airflow/example_dags/example_branch_python_dop_operator_3.py
[2023-04-08T12:08:03.129+0000] {processor.py:743} INFO - Processing file /home/airflow/.local/lib/python3.7/site-packages/airflow/example_dags/example_branch_python_dop_operator_3.py for tasks to queue
[2023-04-08T12:08:03.130+0000] {logging_mixin.py:137} INFO - [2023-04-08T12:08:03.130+0000] {dagbag.py:532} INFO - Filling up the DagBag from /home/airflow/.local/lib/python3.7/site-packages/airflow/example_dags/example_branch_python_dop_operator_3.py
[2023-04-08T12:08:03.200+0000] {processor.py:753} INFO - DAG(s) dict_keys(['example_branch_dop_operator_v3']) retrieved from /home/airflow/.local/lib/python3.7/site-packages/airflow/example_dags/example_branch_python_dop_operator_3.py
[2023-04-08T12:08:03.236+0000] {logging_mixin.py:137} INFO - [2023-04-08T12:08:03.235+0000] {dag.py:2705} INFO - Sync 1 DAGs
[2023-04-08T12:08:03.283+0000] {logging_mixin.py:137} INFO - [2023-04-08T12:08:03.283+0000] {dag.py:3456} INFO - Setting next_dagrun for example_branch_dop_operator_v3 to 2023-04-08T12:07:00+00:00, run_after=2023-04-08T12:08:00+00:00
[2023-04-08T12:08:03.309+0000] {processor.py:175} INFO - Processing /home/airflow/.local/lib/python3.7/site-packages/airflow/example_dags/example_branch_python_dop_operator_3.py took 0.204 seconds
[2023-04-08T12:08:33.487+0000] {processor.py:153} INFO - Started process (PID=768) to work on /home/airflow/.local/lib/python3.7/site-packages/airflow/example_dags/example_branch_python_dop_operator_3.py
[2023-04-08T12:08:33.488+0000] {processor.py:743} INFO - Processing file /home/airflow/.local/lib/python3.7/site-packages/airflow/example_dags/example_branch_python_dop_operator_3.py for tasks to queue
[2023-04-08T12:08:33.501+0000] {logging_mixin.py:137} INFO - [2023-04-08T12:08:33.489+0000] {dagbag.py:532} INFO - Filling up the DagBag from /home/airflow/.local/lib/python3.7/site-packages/airflow/example_dags/example_branch_python_dop_operator_3.py
[2023-04-08T12:08:33.581+0000] {processor.py:753} INFO - DAG(s) dict_keys(['example_branch_dop_operator_v3']) retrieved from /home/airflow/.local/lib/python3.7/site-packages/airflow/example_dags/example_branch_python_dop_operator_3.py
[2023-04-08T12:08:33.617+0000] {logging_mixin.py:137} INFO - [2023-04-08T12:08:33.617+0000] {dag.py:2705} INFO - Sync 1 DAGs
[2023-04-08T12:08:33.667+0000] {logging_mixin.py:137} INFO - [2023-04-08T12:08:33.666+0000] {dag.py:3456} INFO - Setting next_dagrun for example_branch_dop_operator_v3 to 2023-04-08T12:07:00+00:00, run_after=2023-04-08T12:08:00+00:00
[2023-04-08T12:08:33.699+0000] {processor.py:175} INFO - Processing /home/airflow/.local/lib/python3.7/site-packages/airflow/example_dags/example_branch_python_dop_operator_3.py took 0.217 seconds
[2023-04-08T12:09:03.786+0000] {processor.py:153} INFO - Started process (PID=819) to work on /home/airflow/.local/lib/python3.7/site-packages/airflow/example_dags/example_branch_python_dop_operator_3.py
[2023-04-08T12:09:03.787+0000] {processor.py:743} INFO - Processing file /home/airflow/.local/lib/python3.7/site-packages/airflow/example_dags/example_branch_python_dop_operator_3.py for tasks to queue
[2023-04-08T12:09:03.788+0000] {logging_mixin.py:137} INFO - [2023-04-08T12:09:03.788+0000] {dagbag.py:532} INFO - Filling up the DagBag from /home/airflow/.local/lib/python3.7/site-packages/airflow/example_dags/example_branch_python_dop_operator_3.py
[2023-04-08T12:09:03.810+0000] {processor.py:753} INFO - DAG(s) dict_keys(['example_branch_dop_operator_v3']) retrieved from /home/airflow/.local/lib/python3.7/site-packages/airflow/example_dags/example_branch_python_dop_operator_3.py
[2023-04-08T12:09:03.835+0000] {logging_mixin.py:137} INFO - [2023-04-08T12:09:03.835+0000] {dag.py:2705} INFO - Sync 1 DAGs
[2023-04-08T12:09:03.871+0000] {logging_mixin.py:137} INFO - [2023-04-08T12:09:03.871+0000] {dag.py:3456} INFO - Setting next_dagrun for example_branch_dop_operator_v3 to 2023-04-08T12:08:00+00:00, run_after=2023-04-08T12:09:00+00:00
[2023-04-08T12:09:03.895+0000] {processor.py:175} INFO - Processing /home/airflow/.local/lib/python3.7/site-packages/airflow/example_dags/example_branch_python_dop_operator_3.py took 0.112 seconds
[2023-04-08T12:09:33.974+0000] {processor.py:153} INFO - Started process (PID=868) to work on /home/airflow/.local/lib/python3.7/site-packages/airflow/example_dags/example_branch_python_dop_operator_3.py
[2023-04-08T12:09:33.975+0000] {processor.py:743} INFO - Processing file /home/airflow/.local/lib/python3.7/site-packages/airflow/example_dags/example_branch_python_dop_operator_3.py for tasks to queue
[2023-04-08T12:09:33.975+0000] {logging_mixin.py:137} INFO - [2023-04-08T12:09:33.975+0000] {dagbag.py:532} INFO - Filling up the DagBag from /home/airflow/.local/lib/python3.7/site-packages/airflow/example_dags/example_branch_python_dop_operator_3.py
[2023-04-08T12:09:33.998+0000] {processor.py:753} INFO - DAG(s) dict_keys(['example_branch_dop_operator_v3']) retrieved from /home/airflow/.local/lib/python3.7/site-packages/airflow/example_dags/example_branch_python_dop_operator_3.py
[2023-04-08T12:09:34.021+0000] {logging_mixin.py:137} INFO - [2023-04-08T12:09:34.021+0000] {dag.py:2705} INFO - Sync 1 DAGs
[2023-04-08T12:09:34.051+0000] {logging_mixin.py:137} INFO - [2023-04-08T12:09:34.051+0000] {dag.py:3456} INFO - Setting next_dagrun for example_branch_dop_operator_v3 to 2023-04-08T12:08:00+00:00, run_after=2023-04-08T12:09:00+00:00
[2023-04-08T12:09:34.067+0000] {processor.py:175} INFO - Processing /home/airflow/.local/lib/python3.7/site-packages/airflow/example_dags/example_branch_python_dop_operator_3.py took 0.096 seconds
[2023-04-08T12:10:04.632+0000] {processor.py:153} INFO - Started process (PID=918) to work on /home/airflow/.local/lib/python3.7/site-packages/airflow/example_dags/example_branch_python_dop_operator_3.py
[2023-04-08T12:10:04.633+0000] {processor.py:743} INFO - Processing file /home/airflow/.local/lib/python3.7/site-packages/airflow/example_dags/example_branch_python_dop_operator_3.py for tasks to queue
[2023-04-08T12:10:04.635+0000] {logging_mixin.py:137} INFO - [2023-04-08T12:10:04.634+0000] {dagbag.py:532} INFO - Filling up the DagBag from /home/airflow/.local/lib/python3.7/site-packages/airflow/example_dags/example_branch_python_dop_operator_3.py
[2023-04-08T12:10:04.668+0000] {processor.py:753} INFO - DAG(s) dict_keys(['example_branch_dop_operator_v3']) retrieved from /home/airflow/.local/lib/python3.7/site-packages/airflow/example_dags/example_branch_python_dop_operator_3.py
[2023-04-08T12:10:04.693+0000] {logging_mixin.py:137} INFO - [2023-04-08T12:10:04.693+0000] {dag.py:2705} INFO - Sync 1 DAGs
[2023-04-08T12:10:04.723+0000] {logging_mixin.py:137} INFO - [2023-04-08T12:10:04.723+0000] {dag.py:3456} INFO - Setting next_dagrun for example_branch_dop_operator_v3 to 2023-04-08T12:09:00+00:00, run_after=2023-04-08T12:10:00+00:00
[2023-04-08T12:10:04.741+0000] {processor.py:175} INFO - Processing /home/airflow/.local/lib/python3.7/site-packages/airflow/example_dags/example_branch_python_dop_operator_3.py took 0.113 seconds
[2023-04-08T12:10:34.833+0000] {processor.py:153} INFO - Started process (PID=967) to work on /home/airflow/.local/lib/python3.7/site-packages/airflow/example_dags/example_branch_python_dop_operator_3.py
[2023-04-08T12:10:34.834+0000] {processor.py:743} INFO - Processing file /home/airflow/.local/lib/python3.7/site-packages/airflow/example_dags/example_branch_python_dop_operator_3.py for tasks to queue
[2023-04-08T12:10:34.835+0000] {logging_mixin.py:137} INFO - [2023-04-08T12:10:34.835+0000] {dagbag.py:532} INFO - Filling up the DagBag from /home/airflow/.local/lib/python3.7/site-packages/airflow/example_dags/example_branch_python_dop_operator_3.py
[2023-04-08T12:10:34.869+0000] {processor.py:753} INFO - DAG(s) dict_keys(['example_branch_dop_operator_v3']) retrieved from /home/airflow/.local/lib/python3.7/site-packages/airflow/example_dags/example_branch_python_dop_operator_3.py
[2023-04-08T12:10:34.892+0000] {logging_mixin.py:137} INFO - [2023-04-08T12:10:34.892+0000] {dag.py:2705} INFO - Sync 1 DAGs
[2023-04-08T12:10:34.921+0000] {logging_mixin.py:137} INFO - [2023-04-08T12:10:34.921+0000] {dag.py:3456} INFO - Setting next_dagrun for example_branch_dop_operator_v3 to 2023-04-08T12:09:00+00:00, run_after=2023-04-08T12:10:00+00:00
[2023-04-08T12:10:34.937+0000] {processor.py:175} INFO - Processing /home/airflow/.local/lib/python3.7/site-packages/airflow/example_dags/example_branch_python_dop_operator_3.py took 0.109 seconds
