[2023-04-08T12:01:14.029+0000] {processor.py:153} INFO - Started process (PID=45) to work on /home/airflow/.local/lib/python3.7/site-packages/airflow/example_dags/example_task_group_decorator.py
[2023-04-08T12:01:14.030+0000] {processor.py:743} INFO - Processing file /home/airflow/.local/lib/python3.7/site-packages/airflow/example_dags/example_task_group_decorator.py for tasks to queue
[2023-04-08T12:01:14.045+0000] {logging_mixin.py:137} INFO - [2023-04-08T12:01:14.045+0000] {dagbag.py:532} INFO - Filling up the DagBag from /home/airflow/.local/lib/python3.7/site-packages/airflow/example_dags/example_task_group_decorator.py
[2023-04-08T12:01:14.206+0000] {processor.py:753} INFO - DAG(s) dict_keys(['example_task_group_decorator']) retrieved from /home/airflow/.local/lib/python3.7/site-packages/airflow/example_dags/example_task_group_decorator.py
[2023-04-08T12:01:14.777+0000] {logging_mixin.py:137} INFO - [2023-04-08T12:01:14.777+0000] {manager.py:504} INFO - Created Permission View: can delete on DAG:example_task_group_decorator
[2023-04-08T12:01:14.809+0000] {logging_mixin.py:137} INFO - [2023-04-08T12:01:14.809+0000] {manager.py:504} INFO - Created Permission View: can edit on DAG:example_task_group_decorator
[2023-04-08T12:01:14.829+0000] {logging_mixin.py:137} INFO - [2023-04-08T12:01:14.825+0000] {manager.py:504} INFO - Created Permission View: can read on DAG:example_task_group_decorator
[2023-04-08T12:01:14.829+0000] {logging_mixin.py:137} INFO - [2023-04-08T12:01:14.829+0000] {dag.py:2705} INFO - Sync 1 DAGs
[2023-04-08T12:01:14.882+0000] {logging_mixin.py:137} INFO - [2023-04-08T12:01:14.882+0000] {dag.py:2726} INFO - Creating ORM DAG for example_task_group_decorator
[2023-04-08T12:01:14.955+0000] {logging_mixin.py:137} INFO - [2023-04-08T12:01:14.954+0000] {dag.py:3456} INFO - Setting next_dagrun for example_task_group_decorator to 2023-04-07T12:01:14.954590+00:00, run_after=2023-04-08T12:01:14.954590+00:00
[2023-04-08T12:01:15.100+0000] {processor.py:175} INFO - Processing /home/airflow/.local/lib/python3.7/site-packages/airflow/example_dags/example_task_group_decorator.py took 1.087 seconds
[2023-04-08T12:01:45.257+0000] {processor.py:153} INFO - Started process (PID=95) to work on /home/airflow/.local/lib/python3.7/site-packages/airflow/example_dags/example_task_group_decorator.py
[2023-04-08T12:01:45.257+0000] {processor.py:743} INFO - Processing file /home/airflow/.local/lib/python3.7/site-packages/airflow/example_dags/example_task_group_decorator.py for tasks to queue
[2023-04-08T12:01:45.258+0000] {logging_mixin.py:137} INFO - [2023-04-08T12:01:45.258+0000] {dagbag.py:532} INFO - Filling up the DagBag from /home/airflow/.local/lib/python3.7/site-packages/airflow/example_dags/example_task_group_decorator.py
[2023-04-08T12:01:45.333+0000] {processor.py:753} INFO - DAG(s) dict_keys(['example_task_group_decorator']) retrieved from /home/airflow/.local/lib/python3.7/site-packages/airflow/example_dags/example_task_group_decorator.py
[2023-04-08T12:01:45.426+0000] {logging_mixin.py:137} INFO - [2023-04-08T12:01:45.425+0000] {dag.py:2705} INFO - Sync 1 DAGs
[2023-04-08T12:01:45.498+0000] {logging_mixin.py:137} INFO - [2023-04-08T12:01:45.498+0000] {dag.py:3456} INFO - Setting next_dagrun for example_task_group_decorator to 2023-04-07T12:01:45.497859+00:00, run_after=2023-04-08T12:01:45.497859+00:00
[2023-04-08T12:01:45.595+0000] {processor.py:175} INFO - Processing /home/airflow/.local/lib/python3.7/site-packages/airflow/example_dags/example_task_group_decorator.py took 0.350 seconds
[2023-04-08T12:02:15.764+0000] {processor.py:153} INFO - Started process (PID=144) to work on /home/airflow/.local/lib/python3.7/site-packages/airflow/example_dags/example_task_group_decorator.py
[2023-04-08T12:02:15.766+0000] {processor.py:743} INFO - Processing file /home/airflow/.local/lib/python3.7/site-packages/airflow/example_dags/example_task_group_decorator.py for tasks to queue
[2023-04-08T12:02:15.769+0000] {logging_mixin.py:137} INFO - [2023-04-08T12:02:15.769+0000] {dagbag.py:532} INFO - Filling up the DagBag from /home/airflow/.local/lib/python3.7/site-packages/airflow/example_dags/example_task_group_decorator.py
[2023-04-08T12:02:15.813+0000] {processor.py:753} INFO - DAG(s) dict_keys(['example_task_group_decorator']) retrieved from /home/airflow/.local/lib/python3.7/site-packages/airflow/example_dags/example_task_group_decorator.py
[2023-04-08T12:02:15.856+0000] {logging_mixin.py:137} INFO - [2023-04-08T12:02:15.856+0000] {dag.py:2705} INFO - Sync 1 DAGs
[2023-04-08T12:02:15.905+0000] {logging_mixin.py:137} INFO - [2023-04-08T12:02:15.905+0000] {dag.py:3456} INFO - Setting next_dagrun for example_task_group_decorator to 2023-04-07T12:02:15.904978+00:00, run_after=2023-04-08T12:02:15.904978+00:00
[2023-04-08T12:02:15.925+0000] {processor.py:175} INFO - Processing /home/airflow/.local/lib/python3.7/site-packages/airflow/example_dags/example_task_group_decorator.py took 0.165 seconds
[2023-04-08T12:02:46.112+0000] {processor.py:153} INFO - Started process (PID=194) to work on /home/airflow/.local/lib/python3.7/site-packages/airflow/example_dags/example_task_group_decorator.py
[2023-04-08T12:02:46.113+0000] {processor.py:743} INFO - Processing file /home/airflow/.local/lib/python3.7/site-packages/airflow/example_dags/example_task_group_decorator.py for tasks to queue
[2023-04-08T12:02:46.117+0000] {logging_mixin.py:137} INFO - [2023-04-08T12:02:46.114+0000] {dagbag.py:532} INFO - Filling up the DagBag from /home/airflow/.local/lib/python3.7/site-packages/airflow/example_dags/example_task_group_decorator.py
[2023-04-08T12:02:46.160+0000] {processor.py:753} INFO - DAG(s) dict_keys(['example_task_group_decorator']) retrieved from /home/airflow/.local/lib/python3.7/site-packages/airflow/example_dags/example_task_group_decorator.py
[2023-04-08T12:02:46.203+0000] {logging_mixin.py:137} INFO - [2023-04-08T12:02:46.202+0000] {dag.py:2705} INFO - Sync 1 DAGs
[2023-04-08T12:02:46.240+0000] {logging_mixin.py:137} INFO - [2023-04-08T12:02:46.240+0000] {dag.py:3456} INFO - Setting next_dagrun for example_task_group_decorator to 2023-04-07T12:02:46.240408+00:00, run_after=2023-04-08T12:02:46.240408+00:00
[2023-04-08T12:02:46.258+0000] {processor.py:175} INFO - Processing /home/airflow/.local/lib/python3.7/site-packages/airflow/example_dags/example_task_group_decorator.py took 0.150 seconds
[2023-04-08T12:03:16.580+0000] {processor.py:153} INFO - Started process (PID=244) to work on /home/airflow/.local/lib/python3.7/site-packages/airflow/example_dags/example_task_group_decorator.py
[2023-04-08T12:03:16.581+0000] {processor.py:743} INFO - Processing file /home/airflow/.local/lib/python3.7/site-packages/airflow/example_dags/example_task_group_decorator.py for tasks to queue
[2023-04-08T12:03:16.582+0000] {logging_mixin.py:137} INFO - [2023-04-08T12:03:16.582+0000] {dagbag.py:532} INFO - Filling up the DagBag from /home/airflow/.local/lib/python3.7/site-packages/airflow/example_dags/example_task_group_decorator.py
[2023-04-08T12:03:16.626+0000] {processor.py:753} INFO - DAG(s) dict_keys(['example_task_group_decorator']) retrieved from /home/airflow/.local/lib/python3.7/site-packages/airflow/example_dags/example_task_group_decorator.py
[2023-04-08T12:03:16.670+0000] {logging_mixin.py:137} INFO - [2023-04-08T12:03:16.670+0000] {dag.py:2705} INFO - Sync 1 DAGs
[2023-04-08T12:03:16.709+0000] {logging_mixin.py:137} INFO - [2023-04-08T12:03:16.708+0000] {dag.py:3456} INFO - Setting next_dagrun for example_task_group_decorator to 2023-04-07T12:03:16.708653+00:00, run_after=2023-04-08T12:03:16.708653+00:00
[2023-04-08T12:03:16.734+0000] {processor.py:175} INFO - Processing /home/airflow/.local/lib/python3.7/site-packages/airflow/example_dags/example_task_group_decorator.py took 0.158 seconds
[2023-04-08T12:03:46.962+0000] {processor.py:153} INFO - Started process (PID=294) to work on /home/airflow/.local/lib/python3.7/site-packages/airflow/example_dags/example_task_group_decorator.py
[2023-04-08T12:03:46.963+0000] {processor.py:743} INFO - Processing file /home/airflow/.local/lib/python3.7/site-packages/airflow/example_dags/example_task_group_decorator.py for tasks to queue
[2023-04-08T12:03:46.964+0000] {logging_mixin.py:137} INFO - [2023-04-08T12:03:46.963+0000] {dagbag.py:532} INFO - Filling up the DagBag from /home/airflow/.local/lib/python3.7/site-packages/airflow/example_dags/example_task_group_decorator.py
[2023-04-08T12:03:47.007+0000] {processor.py:753} INFO - DAG(s) dict_keys(['example_task_group_decorator']) retrieved from /home/airflow/.local/lib/python3.7/site-packages/airflow/example_dags/example_task_group_decorator.py
[2023-04-08T12:03:47.049+0000] {logging_mixin.py:137} INFO - [2023-04-08T12:03:47.048+0000] {dag.py:2705} INFO - Sync 1 DAGs
[2023-04-08T12:03:47.089+0000] {logging_mixin.py:137} INFO - [2023-04-08T12:03:47.089+0000] {dag.py:3456} INFO - Setting next_dagrun for example_task_group_decorator to 2023-04-07T12:03:47.089106+00:00, run_after=2023-04-08T12:03:47.089106+00:00
[2023-04-08T12:03:47.108+0000] {processor.py:175} INFO - Processing /home/airflow/.local/lib/python3.7/site-packages/airflow/example_dags/example_task_group_decorator.py took 0.153 seconds
[2023-04-08T12:04:17.206+0000] {processor.py:153} INFO - Started process (PID=345) to work on /home/airflow/.local/lib/python3.7/site-packages/airflow/example_dags/example_task_group_decorator.py
[2023-04-08T12:04:17.207+0000] {processor.py:743} INFO - Processing file /home/airflow/.local/lib/python3.7/site-packages/airflow/example_dags/example_task_group_decorator.py for tasks to queue
[2023-04-08T12:04:17.208+0000] {logging_mixin.py:137} INFO - [2023-04-08T12:04:17.207+0000] {dagbag.py:532} INFO - Filling up the DagBag from /home/airflow/.local/lib/python3.7/site-packages/airflow/example_dags/example_task_group_decorator.py
[2023-04-08T12:04:17.235+0000] {processor.py:753} INFO - DAG(s) dict_keys(['example_task_group_decorator']) retrieved from /home/airflow/.local/lib/python3.7/site-packages/airflow/example_dags/example_task_group_decorator.py
[2023-04-08T12:04:17.264+0000] {logging_mixin.py:137} INFO - [2023-04-08T12:04:17.263+0000] {dag.py:2705} INFO - Sync 1 DAGs
[2023-04-08T12:04:17.288+0000] {logging_mixin.py:137} INFO - [2023-04-08T12:04:17.288+0000] {dag.py:3456} INFO - Setting next_dagrun for example_task_group_decorator to 2023-04-07T12:04:17.288450+00:00, run_after=2023-04-08T12:04:17.288450+00:00
[2023-04-08T12:04:17.305+0000] {processor.py:175} INFO - Processing /home/airflow/.local/lib/python3.7/site-packages/airflow/example_dags/example_task_group_decorator.py took 0.102 seconds
[2023-04-08T12:04:47.676+0000] {processor.py:153} INFO - Started process (PID=395) to work on /home/airflow/.local/lib/python3.7/site-packages/airflow/example_dags/example_task_group_decorator.py
[2023-04-08T12:04:47.677+0000] {processor.py:743} INFO - Processing file /home/airflow/.local/lib/python3.7/site-packages/airflow/example_dags/example_task_group_decorator.py for tasks to queue
[2023-04-08T12:04:47.680+0000] {logging_mixin.py:137} INFO - [2023-04-08T12:04:47.680+0000] {dagbag.py:532} INFO - Filling up the DagBag from /home/airflow/.local/lib/python3.7/site-packages/airflow/example_dags/example_task_group_decorator.py
[2023-04-08T12:04:47.724+0000] {processor.py:753} INFO - DAG(s) dict_keys(['example_task_group_decorator']) retrieved from /home/airflow/.local/lib/python3.7/site-packages/airflow/example_dags/example_task_group_decorator.py
[2023-04-08T12:04:47.769+0000] {logging_mixin.py:137} INFO - [2023-04-08T12:04:47.769+0000] {dag.py:2705} INFO - Sync 1 DAGs
[2023-04-08T12:04:47.807+0000] {logging_mixin.py:137} INFO - [2023-04-08T12:04:47.807+0000] {dag.py:3456} INFO - Setting next_dagrun for example_task_group_decorator to 2023-04-07T12:04:47.807241+00:00, run_after=2023-04-08T12:04:47.807241+00:00
[2023-04-08T12:04:47.826+0000] {processor.py:175} INFO - Processing /home/airflow/.local/lib/python3.7/site-packages/airflow/example_dags/example_task_group_decorator.py took 0.154 seconds
[2023-04-08T12:05:17.985+0000] {processor.py:153} INFO - Started process (PID=446) to work on /home/airflow/.local/lib/python3.7/site-packages/airflow/example_dags/example_task_group_decorator.py
[2023-04-08T12:05:17.986+0000] {processor.py:743} INFO - Processing file /home/airflow/.local/lib/python3.7/site-packages/airflow/example_dags/example_task_group_decorator.py for tasks to queue
[2023-04-08T12:05:17.986+0000] {logging_mixin.py:137} INFO - [2023-04-08T12:05:17.986+0000] {dagbag.py:532} INFO - Filling up the DagBag from /home/airflow/.local/lib/python3.7/site-packages/airflow/example_dags/example_task_group_decorator.py
[2023-04-08T12:05:18.029+0000] {processor.py:753} INFO - DAG(s) dict_keys(['example_task_group_decorator']) retrieved from /home/airflow/.local/lib/python3.7/site-packages/airflow/example_dags/example_task_group_decorator.py
[2023-04-08T12:05:18.071+0000] {logging_mixin.py:137} INFO - [2023-04-08T12:05:18.071+0000] {dag.py:2705} INFO - Sync 1 DAGs
[2023-04-08T12:05:18.110+0000] {logging_mixin.py:137} INFO - [2023-04-08T12:05:18.110+0000] {dag.py:3456} INFO - Setting next_dagrun for example_task_group_decorator to 2023-04-07T12:05:18.110548+00:00, run_after=2023-04-08T12:05:18.110548+00:00
[2023-04-08T12:05:18.130+0000] {processor.py:175} INFO - Processing /home/airflow/.local/lib/python3.7/site-packages/airflow/example_dags/example_task_group_decorator.py took 0.149 seconds
[2023-04-08T12:05:49.074+0000] {processor.py:153} INFO - Started process (PID=496) to work on /home/airflow/.local/lib/python3.7/site-packages/airflow/example_dags/example_task_group_decorator.py
[2023-04-08T12:05:49.075+0000] {processor.py:743} INFO - Processing file /home/airflow/.local/lib/python3.7/site-packages/airflow/example_dags/example_task_group_decorator.py for tasks to queue
[2023-04-08T12:05:49.076+0000] {logging_mixin.py:137} INFO - [2023-04-08T12:05:49.075+0000] {dagbag.py:532} INFO - Filling up the DagBag from /home/airflow/.local/lib/python3.7/site-packages/airflow/example_dags/example_task_group_decorator.py
[2023-04-08T12:05:49.170+0000] {processor.py:753} INFO - DAG(s) dict_keys(['example_task_group_decorator']) retrieved from /home/airflow/.local/lib/python3.7/site-packages/airflow/example_dags/example_task_group_decorator.py
[2023-04-08T12:05:49.302+0000] {logging_mixin.py:137} INFO - [2023-04-08T12:05:49.302+0000] {dag.py:2705} INFO - Sync 1 DAGs
[2023-04-08T12:05:49.446+0000] {logging_mixin.py:137} INFO - [2023-04-08T12:05:49.446+0000] {dag.py:3456} INFO - Setting next_dagrun for example_task_group_decorator to 2023-04-07T12:05:49.446082+00:00, run_after=2023-04-08T12:05:49.446082+00:00
[2023-04-08T12:05:49.483+0000] {processor.py:175} INFO - Processing /home/airflow/.local/lib/python3.7/site-packages/airflow/example_dags/example_task_group_decorator.py took 0.431 seconds
[2023-04-08T12:06:20.000+0000] {processor.py:153} INFO - Started process (PID=546) to work on /home/airflow/.local/lib/python3.7/site-packages/airflow/example_dags/example_task_group_decorator.py
[2023-04-08T12:06:20.005+0000] {processor.py:743} INFO - Processing file /home/airflow/.local/lib/python3.7/site-packages/airflow/example_dags/example_task_group_decorator.py for tasks to queue
[2023-04-08T12:06:20.006+0000] {logging_mixin.py:137} INFO - [2023-04-08T12:06:20.006+0000] {dagbag.py:532} INFO - Filling up the DagBag from /home/airflow/.local/lib/python3.7/site-packages/airflow/example_dags/example_task_group_decorator.py
[2023-04-08T12:06:20.123+0000] {processor.py:753} INFO - DAG(s) dict_keys(['example_task_group_decorator']) retrieved from /home/airflow/.local/lib/python3.7/site-packages/airflow/example_dags/example_task_group_decorator.py
[2023-04-08T12:06:20.258+0000] {logging_mixin.py:137} INFO - [2023-04-08T12:06:20.257+0000] {dag.py:2705} INFO - Sync 1 DAGs
[2023-04-08T12:06:20.379+0000] {logging_mixin.py:137} INFO - [2023-04-08T12:06:20.379+0000] {dag.py:3456} INFO - Setting next_dagrun for example_task_group_decorator to 2023-04-07T12:06:20.379127+00:00, run_after=2023-04-08T12:06:20.379127+00:00
[2023-04-08T12:06:20.441+0000] {processor.py:175} INFO - Processing /home/airflow/.local/lib/python3.7/site-packages/airflow/example_dags/example_task_group_decorator.py took 0.460 seconds
[2023-04-08T12:06:50.722+0000] {processor.py:153} INFO - Started process (PID=596) to work on /home/airflow/.local/lib/python3.7/site-packages/airflow/example_dags/example_task_group_decorator.py
[2023-04-08T12:06:50.722+0000] {processor.py:743} INFO - Processing file /home/airflow/.local/lib/python3.7/site-packages/airflow/example_dags/example_task_group_decorator.py for tasks to queue
[2023-04-08T12:06:50.723+0000] {logging_mixin.py:137} INFO - [2023-04-08T12:06:50.723+0000] {dagbag.py:532} INFO - Filling up the DagBag from /home/airflow/.local/lib/python3.7/site-packages/airflow/example_dags/example_task_group_decorator.py
[2023-04-08T12:06:50.771+0000] {processor.py:753} INFO - DAG(s) dict_keys(['example_task_group_decorator']) retrieved from /home/airflow/.local/lib/python3.7/site-packages/airflow/example_dags/example_task_group_decorator.py
[2023-04-08T12:06:50.813+0000] {logging_mixin.py:137} INFO - [2023-04-08T12:06:50.813+0000] {dag.py:2705} INFO - Sync 1 DAGs
[2023-04-08T12:06:50.852+0000] {logging_mixin.py:137} INFO - [2023-04-08T12:06:50.852+0000] {dag.py:3456} INFO - Setting next_dagrun for example_task_group_decorator to 2023-04-07T12:06:50.851954+00:00, run_after=2023-04-08T12:06:50.851954+00:00
[2023-04-08T12:06:50.870+0000] {processor.py:175} INFO - Processing /home/airflow/.local/lib/python3.7/site-packages/airflow/example_dags/example_task_group_decorator.py took 0.153 seconds
[2023-04-08T12:07:21.036+0000] {processor.py:153} INFO - Started process (PID=645) to work on /home/airflow/.local/lib/python3.7/site-packages/airflow/example_dags/example_task_group_decorator.py
[2023-04-08T12:07:21.038+0000] {processor.py:743} INFO - Processing file /home/airflow/.local/lib/python3.7/site-packages/airflow/example_dags/example_task_group_decorator.py for tasks to queue
[2023-04-08T12:07:21.038+0000] {logging_mixin.py:137} INFO - [2023-04-08T12:07:21.038+0000] {dagbag.py:532} INFO - Filling up the DagBag from /home/airflow/.local/lib/python3.7/site-packages/airflow/example_dags/example_task_group_decorator.py
[2023-04-08T12:07:21.082+0000] {processor.py:753} INFO - DAG(s) dict_keys(['example_task_group_decorator']) retrieved from /home/airflow/.local/lib/python3.7/site-packages/airflow/example_dags/example_task_group_decorator.py
[2023-04-08T12:07:21.123+0000] {logging_mixin.py:137} INFO - [2023-04-08T12:07:21.123+0000] {dag.py:2705} INFO - Sync 1 DAGs
[2023-04-08T12:07:21.162+0000] {logging_mixin.py:137} INFO - [2023-04-08T12:07:21.162+0000] {dag.py:3456} INFO - Setting next_dagrun for example_task_group_decorator to 2023-04-07T12:07:21.161789+00:00, run_after=2023-04-08T12:07:21.161789+00:00
[2023-04-08T12:07:21.179+0000] {processor.py:175} INFO - Processing /home/airflow/.local/lib/python3.7/site-packages/airflow/example_dags/example_task_group_decorator.py took 0.147 seconds
[2023-04-08T12:07:51.716+0000] {processor.py:153} INFO - Started process (PID=695) to work on /home/airflow/.local/lib/python3.7/site-packages/airflow/example_dags/example_task_group_decorator.py
[2023-04-08T12:07:51.716+0000] {processor.py:743} INFO - Processing file /home/airflow/.local/lib/python3.7/site-packages/airflow/example_dags/example_task_group_decorator.py for tasks to queue
[2023-04-08T12:07:51.718+0000] {logging_mixin.py:137} INFO - [2023-04-08T12:07:51.718+0000] {dagbag.py:532} INFO - Filling up the DagBag from /home/airflow/.local/lib/python3.7/site-packages/airflow/example_dags/example_task_group_decorator.py
[2023-04-08T12:07:51.765+0000] {processor.py:753} INFO - DAG(s) dict_keys(['example_task_group_decorator']) retrieved from /home/airflow/.local/lib/python3.7/site-packages/airflow/example_dags/example_task_group_decorator.py
[2023-04-08T12:07:51.806+0000] {logging_mixin.py:137} INFO - [2023-04-08T12:07:51.806+0000] {dag.py:2705} INFO - Sync 1 DAGs
[2023-04-08T12:07:51.845+0000] {logging_mixin.py:137} INFO - [2023-04-08T12:07:51.845+0000] {dag.py:3456} INFO - Setting next_dagrun for example_task_group_decorator to 2023-04-07T12:07:51.844762+00:00, run_after=2023-04-08T12:07:51.844762+00:00
[2023-04-08T12:07:51.862+0000] {processor.py:175} INFO - Processing /home/airflow/.local/lib/python3.7/site-packages/airflow/example_dags/example_task_group_decorator.py took 0.150 seconds
[2023-04-08T12:08:21.989+0000] {processor.py:153} INFO - Started process (PID=745) to work on /home/airflow/.local/lib/python3.7/site-packages/airflow/example_dags/example_task_group_decorator.py
[2023-04-08T12:08:21.990+0000] {processor.py:743} INFO - Processing file /home/airflow/.local/lib/python3.7/site-packages/airflow/example_dags/example_task_group_decorator.py for tasks to queue
[2023-04-08T12:08:21.995+0000] {logging_mixin.py:137} INFO - [2023-04-08T12:08:21.994+0000] {dagbag.py:532} INFO - Filling up the DagBag from /home/airflow/.local/lib/python3.7/site-packages/airflow/example_dags/example_task_group_decorator.py
[2023-04-08T12:08:22.040+0000] {processor.py:753} INFO - DAG(s) dict_keys(['example_task_group_decorator']) retrieved from /home/airflow/.local/lib/python3.7/site-packages/airflow/example_dags/example_task_group_decorator.py
[2023-04-08T12:08:22.084+0000] {logging_mixin.py:137} INFO - [2023-04-08T12:08:22.084+0000] {dag.py:2705} INFO - Sync 1 DAGs
[2023-04-08T12:08:22.121+0000] {logging_mixin.py:137} INFO - [2023-04-08T12:08:22.121+0000] {dag.py:3456} INFO - Setting next_dagrun for example_task_group_decorator to 2023-04-07T12:08:22.120957+00:00, run_after=2023-04-08T12:08:22.120957+00:00
[2023-04-08T12:08:22.138+0000] {processor.py:175} INFO - Processing /home/airflow/.local/lib/python3.7/site-packages/airflow/example_dags/example_task_group_decorator.py took 0.154 seconds
[2023-04-08T12:08:52.684+0000] {processor.py:153} INFO - Started process (PID=796) to work on /home/airflow/.local/lib/python3.7/site-packages/airflow/example_dags/example_task_group_decorator.py
[2023-04-08T12:08:52.685+0000] {processor.py:743} INFO - Processing file /home/airflow/.local/lib/python3.7/site-packages/airflow/example_dags/example_task_group_decorator.py for tasks to queue
[2023-04-08T12:08:52.685+0000] {logging_mixin.py:137} INFO - [2023-04-08T12:08:52.685+0000] {dagbag.py:532} INFO - Filling up the DagBag from /home/airflow/.local/lib/python3.7/site-packages/airflow/example_dags/example_task_group_decorator.py
[2023-04-08T12:08:52.728+0000] {processor.py:753} INFO - DAG(s) dict_keys(['example_task_group_decorator']) retrieved from /home/airflow/.local/lib/python3.7/site-packages/airflow/example_dags/example_task_group_decorator.py
[2023-04-08T12:08:52.770+0000] {logging_mixin.py:137} INFO - [2023-04-08T12:08:52.770+0000] {dag.py:2705} INFO - Sync 1 DAGs
[2023-04-08T12:08:52.808+0000] {logging_mixin.py:137} INFO - [2023-04-08T12:08:52.807+0000] {dag.py:3456} INFO - Setting next_dagrun for example_task_group_decorator to 2023-04-07T12:08:52.807640+00:00, run_after=2023-04-08T12:08:52.807640+00:00
[2023-04-08T12:08:52.826+0000] {processor.py:175} INFO - Processing /home/airflow/.local/lib/python3.7/site-packages/airflow/example_dags/example_task_group_decorator.py took 0.149 seconds
[2023-04-08T12:09:23.064+0000] {processor.py:153} INFO - Started process (PID=845) to work on /home/airflow/.local/lib/python3.7/site-packages/airflow/example_dags/example_task_group_decorator.py
[2023-04-08T12:09:23.065+0000] {processor.py:743} INFO - Processing file /home/airflow/.local/lib/python3.7/site-packages/airflow/example_dags/example_task_group_decorator.py for tasks to queue
[2023-04-08T12:09:23.066+0000] {logging_mixin.py:137} INFO - [2023-04-08T12:09:23.066+0000] {dagbag.py:532} INFO - Filling up the DagBag from /home/airflow/.local/lib/python3.7/site-packages/airflow/example_dags/example_task_group_decorator.py
[2023-04-08T12:09:23.109+0000] {processor.py:753} INFO - DAG(s) dict_keys(['example_task_group_decorator']) retrieved from /home/airflow/.local/lib/python3.7/site-packages/airflow/example_dags/example_task_group_decorator.py
[2023-04-08T12:09:23.150+0000] {logging_mixin.py:137} INFO - [2023-04-08T12:09:23.150+0000] {dag.py:2705} INFO - Sync 1 DAGs
[2023-04-08T12:09:23.189+0000] {logging_mixin.py:137} INFO - [2023-04-08T12:09:23.189+0000] {dag.py:3456} INFO - Setting next_dagrun for example_task_group_decorator to 2023-04-07T12:09:23.189222+00:00, run_after=2023-04-08T12:09:23.189222+00:00
[2023-04-08T12:09:23.207+0000] {processor.py:175} INFO - Processing /home/airflow/.local/lib/python3.7/site-packages/airflow/example_dags/example_task_group_decorator.py took 0.147 seconds
[2023-04-08T12:09:53.485+0000] {processor.py:153} INFO - Started process (PID=895) to work on /home/airflow/.local/lib/python3.7/site-packages/airflow/example_dags/example_task_group_decorator.py
[2023-04-08T12:09:53.486+0000] {processor.py:743} INFO - Processing file /home/airflow/.local/lib/python3.7/site-packages/airflow/example_dags/example_task_group_decorator.py for tasks to queue
[2023-04-08T12:09:53.487+0000] {logging_mixin.py:137} INFO - [2023-04-08T12:09:53.487+0000] {dagbag.py:532} INFO - Filling up the DagBag from /home/airflow/.local/lib/python3.7/site-packages/airflow/example_dags/example_task_group_decorator.py
[2023-04-08T12:09:53.530+0000] {processor.py:753} INFO - DAG(s) dict_keys(['example_task_group_decorator']) retrieved from /home/airflow/.local/lib/python3.7/site-packages/airflow/example_dags/example_task_group_decorator.py
[2023-04-08T12:09:53.574+0000] {logging_mixin.py:137} INFO - [2023-04-08T12:09:53.574+0000] {dag.py:2705} INFO - Sync 1 DAGs
[2023-04-08T12:09:53.612+0000] {logging_mixin.py:137} INFO - [2023-04-08T12:09:53.612+0000] {dag.py:3456} INFO - Setting next_dagrun for example_task_group_decorator to 2023-04-07T12:09:53.612448+00:00, run_after=2023-04-08T12:09:53.612448+00:00
[2023-04-08T12:09:53.635+0000] {processor.py:175} INFO - Processing /home/airflow/.local/lib/python3.7/site-packages/airflow/example_dags/example_task_group_decorator.py took 0.156 seconds
[2023-04-08T12:10:24.075+0000] {processor.py:153} INFO - Started process (PID=944) to work on /home/airflow/.local/lib/python3.7/site-packages/airflow/example_dags/example_task_group_decorator.py
[2023-04-08T12:10:24.076+0000] {processor.py:743} INFO - Processing file /home/airflow/.local/lib/python3.7/site-packages/airflow/example_dags/example_task_group_decorator.py for tasks to queue
[2023-04-08T12:10:24.077+0000] {logging_mixin.py:137} INFO - [2023-04-08T12:10:24.077+0000] {dagbag.py:532} INFO - Filling up the DagBag from /home/airflow/.local/lib/python3.7/site-packages/airflow/example_dags/example_task_group_decorator.py
[2023-04-08T12:10:24.120+0000] {processor.py:753} INFO - DAG(s) dict_keys(['example_task_group_decorator']) retrieved from /home/airflow/.local/lib/python3.7/site-packages/airflow/example_dags/example_task_group_decorator.py
[2023-04-08T12:10:24.162+0000] {logging_mixin.py:137} INFO - [2023-04-08T12:10:24.162+0000] {dag.py:2705} INFO - Sync 1 DAGs
[2023-04-08T12:10:24.202+0000] {logging_mixin.py:137} INFO - [2023-04-08T12:10:24.201+0000] {dag.py:3456} INFO - Setting next_dagrun for example_task_group_decorator to 2023-04-07T12:10:24.201677+00:00, run_after=2023-04-08T12:10:24.201677+00:00
[2023-04-08T12:10:24.218+0000] {processor.py:175} INFO - Processing /home/airflow/.local/lib/python3.7/site-packages/airflow/example_dags/example_task_group_decorator.py took 0.147 seconds
