[2023-04-08T12:01:20.762+0000] {processor.py:153} INFO - Started process (PID=57) to work on /home/airflow/.local/lib/python3.7/site-packages/airflow/example_dags/example_python_operator.py
[2023-04-08T12:01:20.763+0000] {processor.py:743} INFO - Processing file /home/airflow/.local/lib/python3.7/site-packages/airflow/example_dags/example_python_operator.py for tasks to queue
[2023-04-08T12:01:20.764+0000] {logging_mixin.py:137} INFO - [2023-04-08T12:01:20.763+0000] {dagbag.py:532} INFO - Filling up the DagBag from /home/airflow/.local/lib/python3.7/site-packages/airflow/example_dags/example_python_operator.py
[2023-04-08T12:01:20.860+0000] {logging_mixin.py:137} INFO - [2023-04-08T12:01:20.859+0000] {taskmixin.py:211} WARNING - Dependency <Task(_PythonDecoratedOperator): print_the_context>, log_sql_query already registered for DAG: example_python_operator
[2023-04-08T12:01:20.860+0000] {logging_mixin.py:137} INFO - [2023-04-08T12:01:20.860+0000] {taskmixin.py:211} WARNING - Dependency <Task(_PythonDecoratedOperator): log_sql_query>, print_the_context already registered for DAG: example_python_operator
[2023-04-08T12:01:20.861+0000] {logging_mixin.py:137} INFO - [2023-04-08T12:01:20.861+0000] {taskmixin.py:211} WARNING - Dependency <Task(_PythonDecoratedOperator): print_the_context>, log_sql_query already registered for DAG: example_python_operator
[2023-04-08T12:01:20.869+0000] {logging_mixin.py:137} INFO - [2023-04-08T12:01:20.869+0000] {taskmixin.py:211} WARNING - Dependency <Task(_PythonDecoratedOperator): log_sql_query>, print_the_context already registered for DAG: example_python_operator
[2023-04-08T12:01:20.870+0000] {logging_mixin.py:137} INFO - [2023-04-08T12:01:20.870+0000] {taskmixin.py:211} WARNING - Dependency <Task(_PythonDecoratedOperator): print_the_context>, log_sql_query already registered for DAG: example_python_operator
[2023-04-08T12:01:20.870+0000] {logging_mixin.py:137} INFO - [2023-04-08T12:01:20.870+0000] {taskmixin.py:211} WARNING - Dependency <Task(_PythonDecoratedOperator): log_sql_query>, print_the_context already registered for DAG: example_python_operator
[2023-04-08T12:01:20.871+0000] {logging_mixin.py:137} INFO - [2023-04-08T12:01:20.871+0000] {taskmixin.py:211} WARNING - Dependency <Task(_PythonDecoratedOperator): print_the_context>, log_sql_query already registered for DAG: example_python_operator
[2023-04-08T12:01:20.872+0000] {logging_mixin.py:137} INFO - [2023-04-08T12:01:20.872+0000] {taskmixin.py:211} WARNING - Dependency <Task(_PythonDecoratedOperator): log_sql_query>, print_the_context already registered for DAG: example_python_operator
[2023-04-08T12:01:20.905+0000] {processor.py:753} INFO - DAG(s) dict_keys(['example_python_operator']) retrieved from /home/airflow/.local/lib/python3.7/site-packages/airflow/example_dags/example_python_operator.py
[2023-04-08T12:01:21.551+0000] {logging_mixin.py:137} INFO - [2023-04-08T12:01:21.550+0000] {manager.py:504} INFO - Created Permission View: can delete on DAG:example_python_operator
[2023-04-08T12:01:21.586+0000] {logging_mixin.py:137} INFO - [2023-04-08T12:01:21.586+0000] {manager.py:504} INFO - Created Permission View: can edit on DAG:example_python_operator
[2023-04-08T12:01:21.607+0000] {logging_mixin.py:137} INFO - [2023-04-08T12:01:21.607+0000] {manager.py:504} INFO - Created Permission View: can read on DAG:example_python_operator
[2023-04-08T12:01:21.607+0000] {logging_mixin.py:137} INFO - [2023-04-08T12:01:21.607+0000] {dag.py:2705} INFO - Sync 1 DAGs
[2023-04-08T12:01:21.665+0000] {logging_mixin.py:137} INFO - [2023-04-08T12:01:21.664+0000] {dag.py:2726} INFO - Creating ORM DAG for example_python_operator
[2023-04-08T12:01:21.724+0000] {logging_mixin.py:137} INFO - [2023-04-08T12:01:21.724+0000] {dag.py:3456} INFO - Setting next_dagrun for example_python_operator to None, run_after=None
[2023-04-08T12:01:21.792+0000] {processor.py:175} INFO - Processing /home/airflow/.local/lib/python3.7/site-packages/airflow/example_dags/example_python_operator.py took 1.043 seconds
[2023-04-08T12:01:52.676+0000] {processor.py:153} INFO - Started process (PID=107) to work on /home/airflow/.local/lib/python3.7/site-packages/airflow/example_dags/example_python_operator.py
[2023-04-08T12:01:52.677+0000] {processor.py:743} INFO - Processing file /home/airflow/.local/lib/python3.7/site-packages/airflow/example_dags/example_python_operator.py for tasks to queue
[2023-04-08T12:01:52.678+0000] {logging_mixin.py:137} INFO - [2023-04-08T12:01:52.678+0000] {dagbag.py:532} INFO - Filling up the DagBag from /home/airflow/.local/lib/python3.7/site-packages/airflow/example_dags/example_python_operator.py
[2023-04-08T12:01:52.705+0000] {logging_mixin.py:137} INFO - [2023-04-08T12:01:52.704+0000] {taskmixin.py:211} WARNING - Dependency <Task(_PythonDecoratedOperator): print_the_context>, log_sql_query already registered for DAG: example_python_operator
[2023-04-08T12:01:52.705+0000] {logging_mixin.py:137} INFO - [2023-04-08T12:01:52.705+0000] {taskmixin.py:211} WARNING - Dependency <Task(_PythonDecoratedOperator): log_sql_query>, print_the_context already registered for DAG: example_python_operator
[2023-04-08T12:01:52.706+0000] {logging_mixin.py:137} INFO - [2023-04-08T12:01:52.706+0000] {taskmixin.py:211} WARNING - Dependency <Task(_PythonDecoratedOperator): print_the_context>, log_sql_query already registered for DAG: example_python_operator
[2023-04-08T12:01:52.706+0000] {logging_mixin.py:137} INFO - [2023-04-08T12:01:52.706+0000] {taskmixin.py:211} WARNING - Dependency <Task(_PythonDecoratedOperator): log_sql_query>, print_the_context already registered for DAG: example_python_operator
[2023-04-08T12:01:52.707+0000] {logging_mixin.py:137} INFO - [2023-04-08T12:01:52.707+0000] {taskmixin.py:211} WARNING - Dependency <Task(_PythonDecoratedOperator): print_the_context>, log_sql_query already registered for DAG: example_python_operator
[2023-04-08T12:01:52.715+0000] {logging_mixin.py:137} INFO - [2023-04-08T12:01:52.715+0000] {taskmixin.py:211} WARNING - Dependency <Task(_PythonDecoratedOperator): log_sql_query>, print_the_context already registered for DAG: example_python_operator
[2023-04-08T12:01:52.716+0000] {logging_mixin.py:137} INFO - [2023-04-08T12:01:52.716+0000] {taskmixin.py:211} WARNING - Dependency <Task(_PythonDecoratedOperator): print_the_context>, log_sql_query already registered for DAG: example_python_operator
[2023-04-08T12:01:52.716+0000] {logging_mixin.py:137} INFO - [2023-04-08T12:01:52.716+0000] {taskmixin.py:211} WARNING - Dependency <Task(_PythonDecoratedOperator): log_sql_query>, print_the_context already registered for DAG: example_python_operator
[2023-04-08T12:01:52.733+0000] {processor.py:753} INFO - DAG(s) dict_keys(['example_python_operator']) retrieved from /home/airflow/.local/lib/python3.7/site-packages/airflow/example_dags/example_python_operator.py
[2023-04-08T12:01:52.795+0000] {logging_mixin.py:137} INFO - [2023-04-08T12:01:52.795+0000] {dag.py:2705} INFO - Sync 1 DAGs
[2023-04-08T12:01:52.834+0000] {logging_mixin.py:137} INFO - [2023-04-08T12:01:52.834+0000] {dag.py:3456} INFO - Setting next_dagrun for example_python_operator to None, run_after=None
[2023-04-08T12:01:52.853+0000] {processor.py:175} INFO - Processing /home/airflow/.local/lib/python3.7/site-packages/airflow/example_dags/example_python_operator.py took 0.181 seconds
[2023-04-08T12:02:23.636+0000] {processor.py:153} INFO - Started process (PID=156) to work on /home/airflow/.local/lib/python3.7/site-packages/airflow/example_dags/example_python_operator.py
[2023-04-08T12:02:23.637+0000] {processor.py:743} INFO - Processing file /home/airflow/.local/lib/python3.7/site-packages/airflow/example_dags/example_python_operator.py for tasks to queue
[2023-04-08T12:02:23.638+0000] {logging_mixin.py:137} INFO - [2023-04-08T12:02:23.638+0000] {dagbag.py:532} INFO - Filling up the DagBag from /home/airflow/.local/lib/python3.7/site-packages/airflow/example_dags/example_python_operator.py
[2023-04-08T12:02:23.664+0000] {logging_mixin.py:137} INFO - [2023-04-08T12:02:23.664+0000] {taskmixin.py:211} WARNING - Dependency <Task(_PythonDecoratedOperator): print_the_context>, log_sql_query already registered for DAG: example_python_operator
[2023-04-08T12:02:23.664+0000] {logging_mixin.py:137} INFO - [2023-04-08T12:02:23.664+0000] {taskmixin.py:211} WARNING - Dependency <Task(_PythonDecoratedOperator): log_sql_query>, print_the_context already registered for DAG: example_python_operator
[2023-04-08T12:02:23.665+0000] {logging_mixin.py:137} INFO - [2023-04-08T12:02:23.665+0000] {taskmixin.py:211} WARNING - Dependency <Task(_PythonDecoratedOperator): print_the_context>, log_sql_query already registered for DAG: example_python_operator
[2023-04-08T12:02:23.665+0000] {logging_mixin.py:137} INFO - [2023-04-08T12:02:23.665+0000] {taskmixin.py:211} WARNING - Dependency <Task(_PythonDecoratedOperator): log_sql_query>, print_the_context already registered for DAG: example_python_operator
[2023-04-08T12:02:23.667+0000] {logging_mixin.py:137} INFO - [2023-04-08T12:02:23.666+0000] {taskmixin.py:211} WARNING - Dependency <Task(_PythonDecoratedOperator): print_the_context>, log_sql_query already registered for DAG: example_python_operator
[2023-04-08T12:02:23.667+0000] {logging_mixin.py:137} INFO - [2023-04-08T12:02:23.667+0000] {taskmixin.py:211} WARNING - Dependency <Task(_PythonDecoratedOperator): log_sql_query>, print_the_context already registered for DAG: example_python_operator
[2023-04-08T12:02:23.668+0000] {logging_mixin.py:137} INFO - [2023-04-08T12:02:23.668+0000] {taskmixin.py:211} WARNING - Dependency <Task(_PythonDecoratedOperator): print_the_context>, log_sql_query already registered for DAG: example_python_operator
[2023-04-08T12:02:23.668+0000] {logging_mixin.py:137} INFO - [2023-04-08T12:02:23.668+0000] {taskmixin.py:211} WARNING - Dependency <Task(_PythonDecoratedOperator): log_sql_query>, print_the_context already registered for DAG: example_python_operator
[2023-04-08T12:02:23.678+0000] {processor.py:753} INFO - DAG(s) dict_keys(['example_python_operator']) retrieved from /home/airflow/.local/lib/python3.7/site-packages/airflow/example_dags/example_python_operator.py
[2023-04-08T12:02:23.720+0000] {logging_mixin.py:137} INFO - [2023-04-08T12:02:23.720+0000] {dag.py:2705} INFO - Sync 1 DAGs
[2023-04-08T12:02:23.759+0000] {logging_mixin.py:137} INFO - [2023-04-08T12:02:23.758+0000] {dag.py:3456} INFO - Setting next_dagrun for example_python_operator to None, run_after=None
[2023-04-08T12:02:23.782+0000] {processor.py:175} INFO - Processing /home/airflow/.local/lib/python3.7/site-packages/airflow/example_dags/example_python_operator.py took 0.150 seconds
[2023-04-08T12:02:54.309+0000] {processor.py:153} INFO - Started process (PID=206) to work on /home/airflow/.local/lib/python3.7/site-packages/airflow/example_dags/example_python_operator.py
[2023-04-08T12:02:54.317+0000] {processor.py:743} INFO - Processing file /home/airflow/.local/lib/python3.7/site-packages/airflow/example_dags/example_python_operator.py for tasks to queue
[2023-04-08T12:02:54.318+0000] {logging_mixin.py:137} INFO - [2023-04-08T12:02:54.318+0000] {dagbag.py:532} INFO - Filling up the DagBag from /home/airflow/.local/lib/python3.7/site-packages/airflow/example_dags/example_python_operator.py
[2023-04-08T12:02:54.396+0000] {logging_mixin.py:137} INFO - [2023-04-08T12:02:54.396+0000] {taskmixin.py:211} WARNING - Dependency <Task(_PythonDecoratedOperator): print_the_context>, log_sql_query already registered for DAG: example_python_operator
[2023-04-08T12:02:54.396+0000] {logging_mixin.py:137} INFO - [2023-04-08T12:02:54.396+0000] {taskmixin.py:211} WARNING - Dependency <Task(_PythonDecoratedOperator): log_sql_query>, print_the_context already registered for DAG: example_python_operator
[2023-04-08T12:02:54.410+0000] {logging_mixin.py:137} INFO - [2023-04-08T12:02:54.409+0000] {taskmixin.py:211} WARNING - Dependency <Task(_PythonDecoratedOperator): print_the_context>, log_sql_query already registered for DAG: example_python_operator
[2023-04-08T12:02:54.410+0000] {logging_mixin.py:137} INFO - [2023-04-08T12:02:54.410+0000] {taskmixin.py:211} WARNING - Dependency <Task(_PythonDecoratedOperator): log_sql_query>, print_the_context already registered for DAG: example_python_operator
[2023-04-08T12:02:54.411+0000] {logging_mixin.py:137} INFO - [2023-04-08T12:02:54.411+0000] {taskmixin.py:211} WARNING - Dependency <Task(_PythonDecoratedOperator): print_the_context>, log_sql_query already registered for DAG: example_python_operator
[2023-04-08T12:02:54.411+0000] {logging_mixin.py:137} INFO - [2023-04-08T12:02:54.411+0000] {taskmixin.py:211} WARNING - Dependency <Task(_PythonDecoratedOperator): log_sql_query>, print_the_context already registered for DAG: example_python_operator
[2023-04-08T12:02:54.412+0000] {logging_mixin.py:137} INFO - [2023-04-08T12:02:54.412+0000] {taskmixin.py:211} WARNING - Dependency <Task(_PythonDecoratedOperator): print_the_context>, log_sql_query already registered for DAG: example_python_operator
[2023-04-08T12:02:54.413+0000] {logging_mixin.py:137} INFO - [2023-04-08T12:02:54.412+0000] {taskmixin.py:211} WARNING - Dependency <Task(_PythonDecoratedOperator): log_sql_query>, print_the_context already registered for DAG: example_python_operator
[2023-04-08T12:02:54.454+0000] {processor.py:753} INFO - DAG(s) dict_keys(['example_python_operator']) retrieved from /home/airflow/.local/lib/python3.7/site-packages/airflow/example_dags/example_python_operator.py
[2023-04-08T12:02:54.662+0000] {logging_mixin.py:137} INFO - [2023-04-08T12:02:54.661+0000] {dag.py:2705} INFO - Sync 1 DAGs
[2023-04-08T12:02:54.758+0000] {logging_mixin.py:137} INFO - [2023-04-08T12:02:54.758+0000] {dag.py:3456} INFO - Setting next_dagrun for example_python_operator to None, run_after=None
[2023-04-08T12:02:54.830+0000] {processor.py:175} INFO - Processing /home/airflow/.local/lib/python3.7/site-packages/airflow/example_dags/example_python_operator.py took 0.532 seconds
[2023-04-08T12:03:25.509+0000] {processor.py:153} INFO - Started process (PID=256) to work on /home/airflow/.local/lib/python3.7/site-packages/airflow/example_dags/example_python_operator.py
[2023-04-08T12:03:25.510+0000] {processor.py:743} INFO - Processing file /home/airflow/.local/lib/python3.7/site-packages/airflow/example_dags/example_python_operator.py for tasks to queue
[2023-04-08T12:03:25.511+0000] {logging_mixin.py:137} INFO - [2023-04-08T12:03:25.511+0000] {dagbag.py:532} INFO - Filling up the DagBag from /home/airflow/.local/lib/python3.7/site-packages/airflow/example_dags/example_python_operator.py
[2023-04-08T12:03:25.543+0000] {logging_mixin.py:137} INFO - [2023-04-08T12:03:25.543+0000] {taskmixin.py:211} WARNING - Dependency <Task(_PythonDecoratedOperator): print_the_context>, log_sql_query already registered for DAG: example_python_operator
[2023-04-08T12:03:25.543+0000] {logging_mixin.py:137} INFO - [2023-04-08T12:03:25.543+0000] {taskmixin.py:211} WARNING - Dependency <Task(_PythonDecoratedOperator): log_sql_query>, print_the_context already registered for DAG: example_python_operator
[2023-04-08T12:03:25.544+0000] {logging_mixin.py:137} INFO - [2023-04-08T12:03:25.544+0000] {taskmixin.py:211} WARNING - Dependency <Task(_PythonDecoratedOperator): print_the_context>, log_sql_query already registered for DAG: example_python_operator
[2023-04-08T12:03:25.545+0000] {logging_mixin.py:137} INFO - [2023-04-08T12:03:25.544+0000] {taskmixin.py:211} WARNING - Dependency <Task(_PythonDecoratedOperator): log_sql_query>, print_the_context already registered for DAG: example_python_operator
[2023-04-08T12:03:25.546+0000] {logging_mixin.py:137} INFO - [2023-04-08T12:03:25.545+0000] {taskmixin.py:211} WARNING - Dependency <Task(_PythonDecoratedOperator): print_the_context>, log_sql_query already registered for DAG: example_python_operator
[2023-04-08T12:03:25.546+0000] {logging_mixin.py:137} INFO - [2023-04-08T12:03:25.546+0000] {taskmixin.py:211} WARNING - Dependency <Task(_PythonDecoratedOperator): log_sql_query>, print_the_context already registered for DAG: example_python_operator
[2023-04-08T12:03:25.547+0000] {logging_mixin.py:137} INFO - [2023-04-08T12:03:25.547+0000] {taskmixin.py:211} WARNING - Dependency <Task(_PythonDecoratedOperator): print_the_context>, log_sql_query already registered for DAG: example_python_operator
[2023-04-08T12:03:25.547+0000] {logging_mixin.py:137} INFO - [2023-04-08T12:03:25.547+0000] {taskmixin.py:211} WARNING - Dependency <Task(_PythonDecoratedOperator): log_sql_query>, print_the_context already registered for DAG: example_python_operator
[2023-04-08T12:03:25.558+0000] {processor.py:753} INFO - DAG(s) dict_keys(['example_python_operator']) retrieved from /home/airflow/.local/lib/python3.7/site-packages/airflow/example_dags/example_python_operator.py
[2023-04-08T12:03:25.598+0000] {logging_mixin.py:137} INFO - [2023-04-08T12:03:25.598+0000] {dag.py:2705} INFO - Sync 1 DAGs
[2023-04-08T12:03:25.639+0000] {logging_mixin.py:137} INFO - [2023-04-08T12:03:25.639+0000] {dag.py:3456} INFO - Setting next_dagrun for example_python_operator to None, run_after=None
[2023-04-08T12:03:25.664+0000] {processor.py:175} INFO - Processing /home/airflow/.local/lib/python3.7/site-packages/airflow/example_dags/example_python_operator.py took 0.171 seconds
[2023-04-08T12:03:55.972+0000] {processor.py:153} INFO - Started process (PID=306) to work on /home/airflow/.local/lib/python3.7/site-packages/airflow/example_dags/example_python_operator.py
[2023-04-08T12:03:55.973+0000] {processor.py:743} INFO - Processing file /home/airflow/.local/lib/python3.7/site-packages/airflow/example_dags/example_python_operator.py for tasks to queue
[2023-04-08T12:03:55.974+0000] {logging_mixin.py:137} INFO - [2023-04-08T12:03:55.974+0000] {dagbag.py:532} INFO - Filling up the DagBag from /home/airflow/.local/lib/python3.7/site-packages/airflow/example_dags/example_python_operator.py
[2023-04-08T12:03:56.000+0000] {logging_mixin.py:137} INFO - [2023-04-08T12:03:56.000+0000] {taskmixin.py:211} WARNING - Dependency <Task(_PythonDecoratedOperator): print_the_context>, log_sql_query already registered for DAG: example_python_operator
[2023-04-08T12:03:56.000+0000] {logging_mixin.py:137} INFO - [2023-04-08T12:03:56.000+0000] {taskmixin.py:211} WARNING - Dependency <Task(_PythonDecoratedOperator): log_sql_query>, print_the_context already registered for DAG: example_python_operator
[2023-04-08T12:03:56.002+0000] {logging_mixin.py:137} INFO - [2023-04-08T12:03:56.001+0000] {taskmixin.py:211} WARNING - Dependency <Task(_PythonDecoratedOperator): print_the_context>, log_sql_query already registered for DAG: example_python_operator
[2023-04-08T12:03:56.002+0000] {logging_mixin.py:137} INFO - [2023-04-08T12:03:56.002+0000] {taskmixin.py:211} WARNING - Dependency <Task(_PythonDecoratedOperator): log_sql_query>, print_the_context already registered for DAG: example_python_operator
[2023-04-08T12:03:56.003+0000] {logging_mixin.py:137} INFO - [2023-04-08T12:03:56.003+0000] {taskmixin.py:211} WARNING - Dependency <Task(_PythonDecoratedOperator): print_the_context>, log_sql_query already registered for DAG: example_python_operator
[2023-04-08T12:03:56.003+0000] {logging_mixin.py:137} INFO - [2023-04-08T12:03:56.003+0000] {taskmixin.py:211} WARNING - Dependency <Task(_PythonDecoratedOperator): log_sql_query>, print_the_context already registered for DAG: example_python_operator
[2023-04-08T12:03:56.004+0000] {logging_mixin.py:137} INFO - [2023-04-08T12:03:56.004+0000] {taskmixin.py:211} WARNING - Dependency <Task(_PythonDecoratedOperator): print_the_context>, log_sql_query already registered for DAG: example_python_operator
[2023-04-08T12:03:56.004+0000] {logging_mixin.py:137} INFO - [2023-04-08T12:03:56.004+0000] {taskmixin.py:211} WARNING - Dependency <Task(_PythonDecoratedOperator): log_sql_query>, print_the_context already registered for DAG: example_python_operator
[2023-04-08T12:03:56.014+0000] {processor.py:753} INFO - DAG(s) dict_keys(['example_python_operator']) retrieved from /home/airflow/.local/lib/python3.7/site-packages/airflow/example_dags/example_python_operator.py
[2023-04-08T12:03:56.055+0000] {logging_mixin.py:137} INFO - [2023-04-08T12:03:56.055+0000] {dag.py:2705} INFO - Sync 1 DAGs
[2023-04-08T12:03:56.095+0000] {logging_mixin.py:137} INFO - [2023-04-08T12:03:56.095+0000] {dag.py:3456} INFO - Setting next_dagrun for example_python_operator to None, run_after=None
[2023-04-08T12:03:56.119+0000] {processor.py:175} INFO - Processing /home/airflow/.local/lib/python3.7/site-packages/airflow/example_dags/example_python_operator.py took 0.152 seconds
[2023-04-08T12:04:26.238+0000] {processor.py:153} INFO - Started process (PID=357) to work on /home/airflow/.local/lib/python3.7/site-packages/airflow/example_dags/example_python_operator.py
[2023-04-08T12:04:26.238+0000] {processor.py:743} INFO - Processing file /home/airflow/.local/lib/python3.7/site-packages/airflow/example_dags/example_python_operator.py for tasks to queue
[2023-04-08T12:04:26.239+0000] {logging_mixin.py:137} INFO - [2023-04-08T12:04:26.239+0000] {dagbag.py:532} INFO - Filling up the DagBag from /home/airflow/.local/lib/python3.7/site-packages/airflow/example_dags/example_python_operator.py
[2023-04-08T12:04:26.265+0000] {logging_mixin.py:137} INFO - [2023-04-08T12:04:26.265+0000] {taskmixin.py:211} WARNING - Dependency <Task(_PythonDecoratedOperator): print_the_context>, log_sql_query already registered for DAG: example_python_operator
[2023-04-08T12:04:26.266+0000] {logging_mixin.py:137} INFO - [2023-04-08T12:04:26.266+0000] {taskmixin.py:211} WARNING - Dependency <Task(_PythonDecoratedOperator): log_sql_query>, print_the_context already registered for DAG: example_python_operator
[2023-04-08T12:04:26.267+0000] {logging_mixin.py:137} INFO - [2023-04-08T12:04:26.267+0000] {taskmixin.py:211} WARNING - Dependency <Task(_PythonDecoratedOperator): print_the_context>, log_sql_query already registered for DAG: example_python_operator
[2023-04-08T12:04:26.267+0000] {logging_mixin.py:137} INFO - [2023-04-08T12:04:26.267+0000] {taskmixin.py:211} WARNING - Dependency <Task(_PythonDecoratedOperator): log_sql_query>, print_the_context already registered for DAG: example_python_operator
[2023-04-08T12:04:26.268+0000] {logging_mixin.py:137} INFO - [2023-04-08T12:04:26.268+0000] {taskmixin.py:211} WARNING - Dependency <Task(_PythonDecoratedOperator): print_the_context>, log_sql_query already registered for DAG: example_python_operator
[2023-04-08T12:04:26.268+0000] {logging_mixin.py:137} INFO - [2023-04-08T12:04:26.268+0000] {taskmixin.py:211} WARNING - Dependency <Task(_PythonDecoratedOperator): log_sql_query>, print_the_context already registered for DAG: example_python_operator
[2023-04-08T12:04:26.269+0000] {logging_mixin.py:137} INFO - [2023-04-08T12:04:26.269+0000] {taskmixin.py:211} WARNING - Dependency <Task(_PythonDecoratedOperator): print_the_context>, log_sql_query already registered for DAG: example_python_operator
[2023-04-08T12:04:26.270+0000] {logging_mixin.py:137} INFO - [2023-04-08T12:04:26.270+0000] {taskmixin.py:211} WARNING - Dependency <Task(_PythonDecoratedOperator): log_sql_query>, print_the_context already registered for DAG: example_python_operator
[2023-04-08T12:04:26.280+0000] {processor.py:753} INFO - DAG(s) dict_keys(['example_python_operator']) retrieved from /home/airflow/.local/lib/python3.7/site-packages/airflow/example_dags/example_python_operator.py
[2023-04-08T12:04:26.321+0000] {logging_mixin.py:137} INFO - [2023-04-08T12:04:26.321+0000] {dag.py:2705} INFO - Sync 1 DAGs
[2023-04-08T12:04:26.359+0000] {logging_mixin.py:137} INFO - [2023-04-08T12:04:26.359+0000] {dag.py:3456} INFO - Setting next_dagrun for example_python_operator to None, run_after=None
[2023-04-08T12:04:26.382+0000] {processor.py:175} INFO - Processing /home/airflow/.local/lib/python3.7/site-packages/airflow/example_dags/example_python_operator.py took 0.149 seconds
[2023-04-08T12:04:56.754+0000] {processor.py:153} INFO - Started process (PID=407) to work on /home/airflow/.local/lib/python3.7/site-packages/airflow/example_dags/example_python_operator.py
[2023-04-08T12:04:56.755+0000] {processor.py:743} INFO - Processing file /home/airflow/.local/lib/python3.7/site-packages/airflow/example_dags/example_python_operator.py for tasks to queue
[2023-04-08T12:04:56.756+0000] {logging_mixin.py:137} INFO - [2023-04-08T12:04:56.756+0000] {dagbag.py:532} INFO - Filling up the DagBag from /home/airflow/.local/lib/python3.7/site-packages/airflow/example_dags/example_python_operator.py
[2023-04-08T12:04:56.788+0000] {logging_mixin.py:137} INFO - [2023-04-08T12:04:56.788+0000] {taskmixin.py:211} WARNING - Dependency <Task(_PythonDecoratedOperator): print_the_context>, log_sql_query already registered for DAG: example_python_operator
[2023-04-08T12:04:56.789+0000] {logging_mixin.py:137} INFO - [2023-04-08T12:04:56.789+0000] {taskmixin.py:211} WARNING - Dependency <Task(_PythonDecoratedOperator): log_sql_query>, print_the_context already registered for DAG: example_python_operator
[2023-04-08T12:04:56.795+0000] {logging_mixin.py:137} INFO - [2023-04-08T12:04:56.795+0000] {taskmixin.py:211} WARNING - Dependency <Task(_PythonDecoratedOperator): print_the_context>, log_sql_query already registered for DAG: example_python_operator
[2023-04-08T12:04:56.795+0000] {logging_mixin.py:137} INFO - [2023-04-08T12:04:56.795+0000] {taskmixin.py:211} WARNING - Dependency <Task(_PythonDecoratedOperator): log_sql_query>, print_the_context already registered for DAG: example_python_operator
[2023-04-08T12:04:56.796+0000] {logging_mixin.py:137} INFO - [2023-04-08T12:04:56.796+0000] {taskmixin.py:211} WARNING - Dependency <Task(_PythonDecoratedOperator): print_the_context>, log_sql_query already registered for DAG: example_python_operator
[2023-04-08T12:04:56.797+0000] {logging_mixin.py:137} INFO - [2023-04-08T12:04:56.796+0000] {taskmixin.py:211} WARNING - Dependency <Task(_PythonDecoratedOperator): log_sql_query>, print_the_context already registered for DAG: example_python_operator
[2023-04-08T12:04:56.798+0000] {logging_mixin.py:137} INFO - [2023-04-08T12:04:56.797+0000] {taskmixin.py:211} WARNING - Dependency <Task(_PythonDecoratedOperator): print_the_context>, log_sql_query already registered for DAG: example_python_operator
[2023-04-08T12:04:56.798+0000] {logging_mixin.py:137} INFO - [2023-04-08T12:04:56.798+0000] {taskmixin.py:211} WARNING - Dependency <Task(_PythonDecoratedOperator): log_sql_query>, print_the_context already registered for DAG: example_python_operator
[2023-04-08T12:04:56.814+0000] {processor.py:753} INFO - DAG(s) dict_keys(['example_python_operator']) retrieved from /home/airflow/.local/lib/python3.7/site-packages/airflow/example_dags/example_python_operator.py
[2023-04-08T12:04:56.859+0000] {logging_mixin.py:137} INFO - [2023-04-08T12:04:56.859+0000] {dag.py:2705} INFO - Sync 1 DAGs
[2023-04-08T12:04:56.899+0000] {logging_mixin.py:137} INFO - [2023-04-08T12:04:56.899+0000] {dag.py:3456} INFO - Setting next_dagrun for example_python_operator to None, run_after=None
[2023-04-08T12:04:56.921+0000] {processor.py:175} INFO - Processing /home/airflow/.local/lib/python3.7/site-packages/airflow/example_dags/example_python_operator.py took 0.172 seconds
[2023-04-08T12:05:27.027+0000] {processor.py:153} INFO - Started process (PID=458) to work on /home/airflow/.local/lib/python3.7/site-packages/airflow/example_dags/example_python_operator.py
[2023-04-08T12:05:27.028+0000] {processor.py:743} INFO - Processing file /home/airflow/.local/lib/python3.7/site-packages/airflow/example_dags/example_python_operator.py for tasks to queue
[2023-04-08T12:05:27.029+0000] {logging_mixin.py:137} INFO - [2023-04-08T12:05:27.029+0000] {dagbag.py:532} INFO - Filling up the DagBag from /home/airflow/.local/lib/python3.7/site-packages/airflow/example_dags/example_python_operator.py
[2023-04-08T12:05:27.055+0000] {logging_mixin.py:137} INFO - [2023-04-08T12:05:27.055+0000] {taskmixin.py:211} WARNING - Dependency <Task(_PythonDecoratedOperator): print_the_context>, log_sql_query already registered for DAG: example_python_operator
[2023-04-08T12:05:27.055+0000] {logging_mixin.py:137} INFO - [2023-04-08T12:05:27.055+0000] {taskmixin.py:211} WARNING - Dependency <Task(_PythonDecoratedOperator): log_sql_query>, print_the_context already registered for DAG: example_python_operator
[2023-04-08T12:05:27.056+0000] {logging_mixin.py:137} INFO - [2023-04-08T12:05:27.056+0000] {taskmixin.py:211} WARNING - Dependency <Task(_PythonDecoratedOperator): print_the_context>, log_sql_query already registered for DAG: example_python_operator
[2023-04-08T12:05:27.056+0000] {logging_mixin.py:137} INFO - [2023-04-08T12:05:27.056+0000] {taskmixin.py:211} WARNING - Dependency <Task(_PythonDecoratedOperator): log_sql_query>, print_the_context already registered for DAG: example_python_operator
[2023-04-08T12:05:27.057+0000] {logging_mixin.py:137} INFO - [2023-04-08T12:05:27.057+0000] {taskmixin.py:211} WARNING - Dependency <Task(_PythonDecoratedOperator): print_the_context>, log_sql_query already registered for DAG: example_python_operator
[2023-04-08T12:05:27.058+0000] {logging_mixin.py:137} INFO - [2023-04-08T12:05:27.058+0000] {taskmixin.py:211} WARNING - Dependency <Task(_PythonDecoratedOperator): log_sql_query>, print_the_context already registered for DAG: example_python_operator
[2023-04-08T12:05:27.059+0000] {logging_mixin.py:137} INFO - [2023-04-08T12:05:27.059+0000] {taskmixin.py:211} WARNING - Dependency <Task(_PythonDecoratedOperator): print_the_context>, log_sql_query already registered for DAG: example_python_operator
[2023-04-08T12:05:27.059+0000] {logging_mixin.py:137} INFO - [2023-04-08T12:05:27.059+0000] {taskmixin.py:211} WARNING - Dependency <Task(_PythonDecoratedOperator): log_sql_query>, print_the_context already registered for DAG: example_python_operator
[2023-04-08T12:05:27.069+0000] {processor.py:753} INFO - DAG(s) dict_keys(['example_python_operator']) retrieved from /home/airflow/.local/lib/python3.7/site-packages/airflow/example_dags/example_python_operator.py
[2023-04-08T12:05:27.111+0000] {logging_mixin.py:137} INFO - [2023-04-08T12:05:27.111+0000] {dag.py:2705} INFO - Sync 1 DAGs
[2023-04-08T12:05:27.150+0000] {logging_mixin.py:137} INFO - [2023-04-08T12:05:27.150+0000] {dag.py:3456} INFO - Setting next_dagrun for example_python_operator to None, run_after=None
[2023-04-08T12:05:27.173+0000] {processor.py:175} INFO - Processing /home/airflow/.local/lib/python3.7/site-packages/airflow/example_dags/example_python_operator.py took 0.151 seconds
[2023-04-08T12:05:57.328+0000] {processor.py:153} INFO - Started process (PID=508) to work on /home/airflow/.local/lib/python3.7/site-packages/airflow/example_dags/example_python_operator.py
[2023-04-08T12:05:57.330+0000] {processor.py:743} INFO - Processing file /home/airflow/.local/lib/python3.7/site-packages/airflow/example_dags/example_python_operator.py for tasks to queue
[2023-04-08T12:05:57.330+0000] {logging_mixin.py:137} INFO - [2023-04-08T12:05:57.330+0000] {dagbag.py:532} INFO - Filling up the DagBag from /home/airflow/.local/lib/python3.7/site-packages/airflow/example_dags/example_python_operator.py
[2023-04-08T12:05:57.375+0000] {logging_mixin.py:137} INFO - [2023-04-08T12:05:57.375+0000] {taskmixin.py:211} WARNING - Dependency <Task(_PythonDecoratedOperator): print_the_context>, log_sql_query already registered for DAG: example_python_operator
[2023-04-08T12:05:57.376+0000] {logging_mixin.py:137} INFO - [2023-04-08T12:05:57.375+0000] {taskmixin.py:211} WARNING - Dependency <Task(_PythonDecoratedOperator): log_sql_query>, print_the_context already registered for DAG: example_python_operator
[2023-04-08T12:05:57.377+0000] {logging_mixin.py:137} INFO - [2023-04-08T12:05:57.376+0000] {taskmixin.py:211} WARNING - Dependency <Task(_PythonDecoratedOperator): print_the_context>, log_sql_query already registered for DAG: example_python_operator
[2023-04-08T12:05:57.377+0000] {logging_mixin.py:137} INFO - [2023-04-08T12:05:57.377+0000] {taskmixin.py:211} WARNING - Dependency <Task(_PythonDecoratedOperator): log_sql_query>, print_the_context already registered for DAG: example_python_operator
[2023-04-08T12:05:57.378+0000] {logging_mixin.py:137} INFO - [2023-04-08T12:05:57.378+0000] {taskmixin.py:211} WARNING - Dependency <Task(_PythonDecoratedOperator): print_the_context>, log_sql_query already registered for DAG: example_python_operator
[2023-04-08T12:05:57.378+0000] {logging_mixin.py:137} INFO - [2023-04-08T12:05:57.378+0000] {taskmixin.py:211} WARNING - Dependency <Task(_PythonDecoratedOperator): log_sql_query>, print_the_context already registered for DAG: example_python_operator
[2023-04-08T12:05:57.379+0000] {logging_mixin.py:137} INFO - [2023-04-08T12:05:57.379+0000] {taskmixin.py:211} WARNING - Dependency <Task(_PythonDecoratedOperator): print_the_context>, log_sql_query already registered for DAG: example_python_operator
[2023-04-08T12:05:57.380+0000] {logging_mixin.py:137} INFO - [2023-04-08T12:05:57.379+0000] {taskmixin.py:211} WARNING - Dependency <Task(_PythonDecoratedOperator): log_sql_query>, print_the_context already registered for DAG: example_python_operator
[2023-04-08T12:05:57.389+0000] {processor.py:753} INFO - DAG(s) dict_keys(['example_python_operator']) retrieved from /home/airflow/.local/lib/python3.7/site-packages/airflow/example_dags/example_python_operator.py
[2023-04-08T12:05:57.434+0000] {logging_mixin.py:137} INFO - [2023-04-08T12:05:57.434+0000] {dag.py:2705} INFO - Sync 1 DAGs
[2023-04-08T12:05:57.514+0000] {logging_mixin.py:137} INFO - [2023-04-08T12:05:57.514+0000] {dag.py:3456} INFO - Setting next_dagrun for example_python_operator to None, run_after=None
[2023-04-08T12:05:57.545+0000] {processor.py:175} INFO - Processing /home/airflow/.local/lib/python3.7/site-packages/airflow/example_dags/example_python_operator.py took 0.221 seconds
[2023-04-08T12:06:28.210+0000] {processor.py:153} INFO - Started process (PID=558) to work on /home/airflow/.local/lib/python3.7/site-packages/airflow/example_dags/example_python_operator.py
[2023-04-08T12:06:28.215+0000] {processor.py:743} INFO - Processing file /home/airflow/.local/lib/python3.7/site-packages/airflow/example_dags/example_python_operator.py for tasks to queue
[2023-04-08T12:06:28.216+0000] {logging_mixin.py:137} INFO - [2023-04-08T12:06:28.216+0000] {dagbag.py:532} INFO - Filling up the DagBag from /home/airflow/.local/lib/python3.7/site-packages/airflow/example_dags/example_python_operator.py
[2023-04-08T12:06:28.283+0000] {logging_mixin.py:137} INFO - [2023-04-08T12:06:28.281+0000] {taskmixin.py:211} WARNING - Dependency <Task(_PythonDecoratedOperator): print_the_context>, log_sql_query already registered for DAG: example_python_operator
[2023-04-08T12:06:28.283+0000] {logging_mixin.py:137} INFO - [2023-04-08T12:06:28.283+0000] {taskmixin.py:211} WARNING - Dependency <Task(_PythonDecoratedOperator): log_sql_query>, print_the_context already registered for DAG: example_python_operator
[2023-04-08T12:06:28.284+0000] {logging_mixin.py:137} INFO - [2023-04-08T12:06:28.284+0000] {taskmixin.py:211} WARNING - Dependency <Task(_PythonDecoratedOperator): print_the_context>, log_sql_query already registered for DAG: example_python_operator
[2023-04-08T12:06:28.285+0000] {logging_mixin.py:137} INFO - [2023-04-08T12:06:28.285+0000] {taskmixin.py:211} WARNING - Dependency <Task(_PythonDecoratedOperator): log_sql_query>, print_the_context already registered for DAG: example_python_operator
[2023-04-08T12:06:28.290+0000] {logging_mixin.py:137} INFO - [2023-04-08T12:06:28.290+0000] {taskmixin.py:211} WARNING - Dependency <Task(_PythonDecoratedOperator): print_the_context>, log_sql_query already registered for DAG: example_python_operator
[2023-04-08T12:06:28.291+0000] {logging_mixin.py:137} INFO - [2023-04-08T12:06:28.291+0000] {taskmixin.py:211} WARNING - Dependency <Task(_PythonDecoratedOperator): log_sql_query>, print_the_context already registered for DAG: example_python_operator
[2023-04-08T12:06:28.293+0000] {logging_mixin.py:137} INFO - [2023-04-08T12:06:28.293+0000] {taskmixin.py:211} WARNING - Dependency <Task(_PythonDecoratedOperator): print_the_context>, log_sql_query already registered for DAG: example_python_operator
[2023-04-08T12:06:28.293+0000] {logging_mixin.py:137} INFO - [2023-04-08T12:06:28.293+0000] {taskmixin.py:211} WARNING - Dependency <Task(_PythonDecoratedOperator): log_sql_query>, print_the_context already registered for DAG: example_python_operator
[2023-04-08T12:06:28.309+0000] {processor.py:753} INFO - DAG(s) dict_keys(['example_python_operator']) retrieved from /home/airflow/.local/lib/python3.7/site-packages/airflow/example_dags/example_python_operator.py
[2023-04-08T12:06:28.350+0000] {logging_mixin.py:137} INFO - [2023-04-08T12:06:28.350+0000] {dag.py:2705} INFO - Sync 1 DAGs
[2023-04-08T12:06:28.450+0000] {logging_mixin.py:137} INFO - [2023-04-08T12:06:28.447+0000] {dag.py:3456} INFO - Setting next_dagrun for example_python_operator to None, run_after=None
[2023-04-08T12:06:28.476+0000] {processor.py:175} INFO - Processing /home/airflow/.local/lib/python3.7/site-packages/airflow/example_dags/example_python_operator.py took 0.275 seconds
[2023-04-08T12:06:58.617+0000] {processor.py:153} INFO - Started process (PID=608) to work on /home/airflow/.local/lib/python3.7/site-packages/airflow/example_dags/example_python_operator.py
[2023-04-08T12:06:58.618+0000] {processor.py:743} INFO - Processing file /home/airflow/.local/lib/python3.7/site-packages/airflow/example_dags/example_python_operator.py for tasks to queue
[2023-04-08T12:06:58.619+0000] {logging_mixin.py:137} INFO - [2023-04-08T12:06:58.619+0000] {dagbag.py:532} INFO - Filling up the DagBag from /home/airflow/.local/lib/python3.7/site-packages/airflow/example_dags/example_python_operator.py
[2023-04-08T12:06:58.644+0000] {logging_mixin.py:137} INFO - [2023-04-08T12:06:58.644+0000] {taskmixin.py:211} WARNING - Dependency <Task(_PythonDecoratedOperator): print_the_context>, log_sql_query already registered for DAG: example_python_operator
[2023-04-08T12:06:58.645+0000] {logging_mixin.py:137} INFO - [2023-04-08T12:06:58.645+0000] {taskmixin.py:211} WARNING - Dependency <Task(_PythonDecoratedOperator): log_sql_query>, print_the_context already registered for DAG: example_python_operator
[2023-04-08T12:06:58.646+0000] {logging_mixin.py:137} INFO - [2023-04-08T12:06:58.646+0000] {taskmixin.py:211} WARNING - Dependency <Task(_PythonDecoratedOperator): print_the_context>, log_sql_query already registered for DAG: example_python_operator
[2023-04-08T12:06:58.646+0000] {logging_mixin.py:137} INFO - [2023-04-08T12:06:58.646+0000] {taskmixin.py:211} WARNING - Dependency <Task(_PythonDecoratedOperator): log_sql_query>, print_the_context already registered for DAG: example_python_operator
[2023-04-08T12:06:58.647+0000] {logging_mixin.py:137} INFO - [2023-04-08T12:06:58.647+0000] {taskmixin.py:211} WARNING - Dependency <Task(_PythonDecoratedOperator): print_the_context>, log_sql_query already registered for DAG: example_python_operator
[2023-04-08T12:06:58.647+0000] {logging_mixin.py:137} INFO - [2023-04-08T12:06:58.647+0000] {taskmixin.py:211} WARNING - Dependency <Task(_PythonDecoratedOperator): log_sql_query>, print_the_context already registered for DAG: example_python_operator
[2023-04-08T12:06:58.648+0000] {logging_mixin.py:137} INFO - [2023-04-08T12:06:58.648+0000] {taskmixin.py:211} WARNING - Dependency <Task(_PythonDecoratedOperator): print_the_context>, log_sql_query already registered for DAG: example_python_operator
[2023-04-08T12:06:58.649+0000] {logging_mixin.py:137} INFO - [2023-04-08T12:06:58.649+0000] {taskmixin.py:211} WARNING - Dependency <Task(_PythonDecoratedOperator): log_sql_query>, print_the_context already registered for DAG: example_python_operator
[2023-04-08T12:06:58.659+0000] {processor.py:753} INFO - DAG(s) dict_keys(['example_python_operator']) retrieved from /home/airflow/.local/lib/python3.7/site-packages/airflow/example_dags/example_python_operator.py
[2023-04-08T12:06:58.711+0000] {logging_mixin.py:137} INFO - [2023-04-08T12:06:58.711+0000] {dag.py:2705} INFO - Sync 1 DAGs
[2023-04-08T12:06:58.749+0000] {logging_mixin.py:137} INFO - [2023-04-08T12:06:58.748+0000] {dag.py:3456} INFO - Setting next_dagrun for example_python_operator to None, run_after=None
[2023-04-08T12:06:58.773+0000] {processor.py:175} INFO - Processing /home/airflow/.local/lib/python3.7/site-packages/airflow/example_dags/example_python_operator.py took 0.161 seconds
[2023-04-08T12:07:29.438+0000] {processor.py:153} INFO - Started process (PID=657) to work on /home/airflow/.local/lib/python3.7/site-packages/airflow/example_dags/example_python_operator.py
[2023-04-08T12:07:29.439+0000] {processor.py:743} INFO - Processing file /home/airflow/.local/lib/python3.7/site-packages/airflow/example_dags/example_python_operator.py for tasks to queue
[2023-04-08T12:07:29.440+0000] {logging_mixin.py:137} INFO - [2023-04-08T12:07:29.439+0000] {dagbag.py:532} INFO - Filling up the DagBag from /home/airflow/.local/lib/python3.7/site-packages/airflow/example_dags/example_python_operator.py
[2023-04-08T12:07:29.495+0000] {logging_mixin.py:137} INFO - [2023-04-08T12:07:29.495+0000] {taskmixin.py:211} WARNING - Dependency <Task(_PythonDecoratedOperator): print_the_context>, log_sql_query already registered for DAG: example_python_operator
[2023-04-08T12:07:29.495+0000] {logging_mixin.py:137} INFO - [2023-04-08T12:07:29.495+0000] {taskmixin.py:211} WARNING - Dependency <Task(_PythonDecoratedOperator): log_sql_query>, print_the_context already registered for DAG: example_python_operator
[2023-04-08T12:07:29.496+0000] {logging_mixin.py:137} INFO - [2023-04-08T12:07:29.496+0000] {taskmixin.py:211} WARNING - Dependency <Task(_PythonDecoratedOperator): print_the_context>, log_sql_query already registered for DAG: example_python_operator
[2023-04-08T12:07:29.497+0000] {logging_mixin.py:137} INFO - [2023-04-08T12:07:29.497+0000] {taskmixin.py:211} WARNING - Dependency <Task(_PythonDecoratedOperator): log_sql_query>, print_the_context already registered for DAG: example_python_operator
[2023-04-08T12:07:29.498+0000] {logging_mixin.py:137} INFO - [2023-04-08T12:07:29.498+0000] {taskmixin.py:211} WARNING - Dependency <Task(_PythonDecoratedOperator): print_the_context>, log_sql_query already registered for DAG: example_python_operator
[2023-04-08T12:07:29.498+0000] {logging_mixin.py:137} INFO - [2023-04-08T12:07:29.498+0000] {taskmixin.py:211} WARNING - Dependency <Task(_PythonDecoratedOperator): log_sql_query>, print_the_context already registered for DAG: example_python_operator
[2023-04-08T12:07:29.499+0000] {logging_mixin.py:137} INFO - [2023-04-08T12:07:29.499+0000] {taskmixin.py:211} WARNING - Dependency <Task(_PythonDecoratedOperator): print_the_context>, log_sql_query already registered for DAG: example_python_operator
[2023-04-08T12:07:29.499+0000] {logging_mixin.py:137} INFO - [2023-04-08T12:07:29.499+0000] {taskmixin.py:211} WARNING - Dependency <Task(_PythonDecoratedOperator): log_sql_query>, print_the_context already registered for DAG: example_python_operator
[2023-04-08T12:07:29.521+0000] {processor.py:753} INFO - DAG(s) dict_keys(['example_python_operator']) retrieved from /home/airflow/.local/lib/python3.7/site-packages/airflow/example_dags/example_python_operator.py
[2023-04-08T12:07:29.606+0000] {logging_mixin.py:137} INFO - [2023-04-08T12:07:29.605+0000] {dag.py:2705} INFO - Sync 1 DAGs
[2023-04-08T12:07:29.686+0000] {logging_mixin.py:137} INFO - [2023-04-08T12:07:29.686+0000] {dag.py:3456} INFO - Setting next_dagrun for example_python_operator to None, run_after=None
[2023-04-08T12:07:29.739+0000] {processor.py:175} INFO - Processing /home/airflow/.local/lib/python3.7/site-packages/airflow/example_dags/example_python_operator.py took 0.315 seconds
[2023-04-08T12:08:00.688+0000] {processor.py:153} INFO - Started process (PID=707) to work on /home/airflow/.local/lib/python3.7/site-packages/airflow/example_dags/example_python_operator.py
[2023-04-08T12:08:00.699+0000] {processor.py:743} INFO - Processing file /home/airflow/.local/lib/python3.7/site-packages/airflow/example_dags/example_python_operator.py for tasks to queue
[2023-04-08T12:08:00.700+0000] {logging_mixin.py:137} INFO - [2023-04-08T12:08:00.700+0000] {dagbag.py:532} INFO - Filling up the DagBag from /home/airflow/.local/lib/python3.7/site-packages/airflow/example_dags/example_python_operator.py
[2023-04-08T12:08:00.737+0000] {logging_mixin.py:137} INFO - [2023-04-08T12:08:00.737+0000] {taskmixin.py:211} WARNING - Dependency <Task(_PythonDecoratedOperator): print_the_context>, log_sql_query already registered for DAG: example_python_operator
[2023-04-08T12:08:00.737+0000] {logging_mixin.py:137} INFO - [2023-04-08T12:08:00.737+0000] {taskmixin.py:211} WARNING - Dependency <Task(_PythonDecoratedOperator): log_sql_query>, print_the_context already registered for DAG: example_python_operator
[2023-04-08T12:08:00.739+0000] {logging_mixin.py:137} INFO - [2023-04-08T12:08:00.738+0000] {taskmixin.py:211} WARNING - Dependency <Task(_PythonDecoratedOperator): print_the_context>, log_sql_query already registered for DAG: example_python_operator
[2023-04-08T12:08:00.739+0000] {logging_mixin.py:137} INFO - [2023-04-08T12:08:00.739+0000] {taskmixin.py:211} WARNING - Dependency <Task(_PythonDecoratedOperator): log_sql_query>, print_the_context already registered for DAG: example_python_operator
[2023-04-08T12:08:00.740+0000] {logging_mixin.py:137} INFO - [2023-04-08T12:08:00.740+0000] {taskmixin.py:211} WARNING - Dependency <Task(_PythonDecoratedOperator): print_the_context>, log_sql_query already registered for DAG: example_python_operator
[2023-04-08T12:08:00.740+0000] {logging_mixin.py:137} INFO - [2023-04-08T12:08:00.740+0000] {taskmixin.py:211} WARNING - Dependency <Task(_PythonDecoratedOperator): log_sql_query>, print_the_context already registered for DAG: example_python_operator
[2023-04-08T12:08:00.741+0000] {logging_mixin.py:137} INFO - [2023-04-08T12:08:00.741+0000] {taskmixin.py:211} WARNING - Dependency <Task(_PythonDecoratedOperator): print_the_context>, log_sql_query already registered for DAG: example_python_operator
[2023-04-08T12:08:00.741+0000] {logging_mixin.py:137} INFO - [2023-04-08T12:08:00.741+0000] {taskmixin.py:211} WARNING - Dependency <Task(_PythonDecoratedOperator): log_sql_query>, print_the_context already registered for DAG: example_python_operator
[2023-04-08T12:08:00.753+0000] {processor.py:753} INFO - DAG(s) dict_keys(['example_python_operator']) retrieved from /home/airflow/.local/lib/python3.7/site-packages/airflow/example_dags/example_python_operator.py
[2023-04-08T12:08:00.793+0000] {logging_mixin.py:137} INFO - [2023-04-08T12:08:00.792+0000] {dag.py:2705} INFO - Sync 1 DAGs
[2023-04-08T12:08:00.830+0000] {logging_mixin.py:137} INFO - [2023-04-08T12:08:00.830+0000] {dag.py:3456} INFO - Setting next_dagrun for example_python_operator to None, run_after=None
[2023-04-08T12:08:00.853+0000] {processor.py:175} INFO - Processing /home/airflow/.local/lib/python3.7/site-packages/airflow/example_dags/example_python_operator.py took 0.173 seconds
[2023-04-08T12:08:31.105+0000] {processor.py:153} INFO - Started process (PID=757) to work on /home/airflow/.local/lib/python3.7/site-packages/airflow/example_dags/example_python_operator.py
[2023-04-08T12:08:31.106+0000] {processor.py:743} INFO - Processing file /home/airflow/.local/lib/python3.7/site-packages/airflow/example_dags/example_python_operator.py for tasks to queue
[2023-04-08T12:08:31.107+0000] {logging_mixin.py:137} INFO - [2023-04-08T12:08:31.107+0000] {dagbag.py:532} INFO - Filling up the DagBag from /home/airflow/.local/lib/python3.7/site-packages/airflow/example_dags/example_python_operator.py
[2023-04-08T12:08:31.164+0000] {logging_mixin.py:137} INFO - [2023-04-08T12:08:31.163+0000] {taskmixin.py:211} WARNING - Dependency <Task(_PythonDecoratedOperator): print_the_context>, log_sql_query already registered for DAG: example_python_operator
[2023-04-08T12:08:31.164+0000] {logging_mixin.py:137} INFO - [2023-04-08T12:08:31.164+0000] {taskmixin.py:211} WARNING - Dependency <Task(_PythonDecoratedOperator): log_sql_query>, print_the_context already registered for DAG: example_python_operator
[2023-04-08T12:08:31.173+0000] {logging_mixin.py:137} INFO - [2023-04-08T12:08:31.165+0000] {taskmixin.py:211} WARNING - Dependency <Task(_PythonDecoratedOperator): print_the_context>, log_sql_query already registered for DAG: example_python_operator
[2023-04-08T12:08:31.173+0000] {logging_mixin.py:137} INFO - [2023-04-08T12:08:31.173+0000] {taskmixin.py:211} WARNING - Dependency <Task(_PythonDecoratedOperator): log_sql_query>, print_the_context already registered for DAG: example_python_operator
[2023-04-08T12:08:31.174+0000] {logging_mixin.py:137} INFO - [2023-04-08T12:08:31.174+0000] {taskmixin.py:211} WARNING - Dependency <Task(_PythonDecoratedOperator): print_the_context>, log_sql_query already registered for DAG: example_python_operator
[2023-04-08T12:08:31.175+0000] {logging_mixin.py:137} INFO - [2023-04-08T12:08:31.175+0000] {taskmixin.py:211} WARNING - Dependency <Task(_PythonDecoratedOperator): log_sql_query>, print_the_context already registered for DAG: example_python_operator
[2023-04-08T12:08:31.176+0000] {logging_mixin.py:137} INFO - [2023-04-08T12:08:31.176+0000] {taskmixin.py:211} WARNING - Dependency <Task(_PythonDecoratedOperator): print_the_context>, log_sql_query already registered for DAG: example_python_operator
[2023-04-08T12:08:31.176+0000] {logging_mixin.py:137} INFO - [2023-04-08T12:08:31.176+0000] {taskmixin.py:211} WARNING - Dependency <Task(_PythonDecoratedOperator): log_sql_query>, print_the_context already registered for DAG: example_python_operator
[2023-04-08T12:08:31.195+0000] {processor.py:753} INFO - DAG(s) dict_keys(['example_python_operator']) retrieved from /home/airflow/.local/lib/python3.7/site-packages/airflow/example_dags/example_python_operator.py
[2023-04-08T12:08:31.281+0000] {logging_mixin.py:137} INFO - [2023-04-08T12:08:31.281+0000] {dag.py:2705} INFO - Sync 1 DAGs
[2023-04-08T12:08:31.355+0000] {logging_mixin.py:137} INFO - [2023-04-08T12:08:31.355+0000] {dag.py:3456} INFO - Setting next_dagrun for example_python_operator to None, run_after=None
[2023-04-08T12:08:31.413+0000] {processor.py:175} INFO - Processing /home/airflow/.local/lib/python3.7/site-packages/airflow/example_dags/example_python_operator.py took 0.312 seconds
[2023-04-08T12:09:01.839+0000] {processor.py:153} INFO - Started process (PID=808) to work on /home/airflow/.local/lib/python3.7/site-packages/airflow/example_dags/example_python_operator.py
[2023-04-08T12:09:01.840+0000] {processor.py:743} INFO - Processing file /home/airflow/.local/lib/python3.7/site-packages/airflow/example_dags/example_python_operator.py for tasks to queue
[2023-04-08T12:09:01.841+0000] {logging_mixin.py:137} INFO - [2023-04-08T12:09:01.841+0000] {dagbag.py:532} INFO - Filling up the DagBag from /home/airflow/.local/lib/python3.7/site-packages/airflow/example_dags/example_python_operator.py
[2023-04-08T12:09:01.866+0000] {logging_mixin.py:137} INFO - [2023-04-08T12:09:01.866+0000] {taskmixin.py:211} WARNING - Dependency <Task(_PythonDecoratedOperator): print_the_context>, log_sql_query already registered for DAG: example_python_operator
[2023-04-08T12:09:01.867+0000] {logging_mixin.py:137} INFO - [2023-04-08T12:09:01.867+0000] {taskmixin.py:211} WARNING - Dependency <Task(_PythonDecoratedOperator): log_sql_query>, print_the_context already registered for DAG: example_python_operator
[2023-04-08T12:09:01.868+0000] {logging_mixin.py:137} INFO - [2023-04-08T12:09:01.868+0000] {taskmixin.py:211} WARNING - Dependency <Task(_PythonDecoratedOperator): print_the_context>, log_sql_query already registered for DAG: example_python_operator
[2023-04-08T12:09:01.868+0000] {logging_mixin.py:137} INFO - [2023-04-08T12:09:01.868+0000] {taskmixin.py:211} WARNING - Dependency <Task(_PythonDecoratedOperator): log_sql_query>, print_the_context already registered for DAG: example_python_operator
[2023-04-08T12:09:01.869+0000] {logging_mixin.py:137} INFO - [2023-04-08T12:09:01.869+0000] {taskmixin.py:211} WARNING - Dependency <Task(_PythonDecoratedOperator): print_the_context>, log_sql_query already registered for DAG: example_python_operator
[2023-04-08T12:09:01.869+0000] {logging_mixin.py:137} INFO - [2023-04-08T12:09:01.869+0000] {taskmixin.py:211} WARNING - Dependency <Task(_PythonDecoratedOperator): log_sql_query>, print_the_context already registered for DAG: example_python_operator
[2023-04-08T12:09:01.870+0000] {logging_mixin.py:137} INFO - [2023-04-08T12:09:01.870+0000] {taskmixin.py:211} WARNING - Dependency <Task(_PythonDecoratedOperator): print_the_context>, log_sql_query already registered for DAG: example_python_operator
[2023-04-08T12:09:01.871+0000] {logging_mixin.py:137} INFO - [2023-04-08T12:09:01.871+0000] {taskmixin.py:211} WARNING - Dependency <Task(_PythonDecoratedOperator): log_sql_query>, print_the_context already registered for DAG: example_python_operator
[2023-04-08T12:09:01.881+0000] {processor.py:753} INFO - DAG(s) dict_keys(['example_python_operator']) retrieved from /home/airflow/.local/lib/python3.7/site-packages/airflow/example_dags/example_python_operator.py
[2023-04-08T12:09:01.923+0000] {logging_mixin.py:137} INFO - [2023-04-08T12:09:01.923+0000] {dag.py:2705} INFO - Sync 1 DAGs
[2023-04-08T12:09:01.962+0000] {logging_mixin.py:137} INFO - [2023-04-08T12:09:01.962+0000] {dag.py:3456} INFO - Setting next_dagrun for example_python_operator to None, run_after=None
[2023-04-08T12:09:01.988+0000] {processor.py:175} INFO - Processing /home/airflow/.local/lib/python3.7/site-packages/airflow/example_dags/example_python_operator.py took 0.155 seconds
[2023-04-08T12:09:32.087+0000] {processor.py:153} INFO - Started process (PID=857) to work on /home/airflow/.local/lib/python3.7/site-packages/airflow/example_dags/example_python_operator.py
[2023-04-08T12:09:32.088+0000] {processor.py:743} INFO - Processing file /home/airflow/.local/lib/python3.7/site-packages/airflow/example_dags/example_python_operator.py for tasks to queue
[2023-04-08T12:09:32.089+0000] {logging_mixin.py:137} INFO - [2023-04-08T12:09:32.089+0000] {dagbag.py:532} INFO - Filling up the DagBag from /home/airflow/.local/lib/python3.7/site-packages/airflow/example_dags/example_python_operator.py
[2023-04-08T12:09:32.116+0000] {logging_mixin.py:137} INFO - [2023-04-08T12:09:32.116+0000] {taskmixin.py:211} WARNING - Dependency <Task(_PythonDecoratedOperator): print_the_context>, log_sql_query already registered for DAG: example_python_operator
[2023-04-08T12:09:32.117+0000] {logging_mixin.py:137} INFO - [2023-04-08T12:09:32.117+0000] {taskmixin.py:211} WARNING - Dependency <Task(_PythonDecoratedOperator): log_sql_query>, print_the_context already registered for DAG: example_python_operator
[2023-04-08T12:09:32.118+0000] {logging_mixin.py:137} INFO - [2023-04-08T12:09:32.118+0000] {taskmixin.py:211} WARNING - Dependency <Task(_PythonDecoratedOperator): print_the_context>, log_sql_query already registered for DAG: example_python_operator
[2023-04-08T12:09:32.118+0000] {logging_mixin.py:137} INFO - [2023-04-08T12:09:32.118+0000] {taskmixin.py:211} WARNING - Dependency <Task(_PythonDecoratedOperator): log_sql_query>, print_the_context already registered for DAG: example_python_operator
[2023-04-08T12:09:32.119+0000] {logging_mixin.py:137} INFO - [2023-04-08T12:09:32.119+0000] {taskmixin.py:211} WARNING - Dependency <Task(_PythonDecoratedOperator): print_the_context>, log_sql_query already registered for DAG: example_python_operator
[2023-04-08T12:09:32.119+0000] {logging_mixin.py:137} INFO - [2023-04-08T12:09:32.119+0000] {taskmixin.py:211} WARNING - Dependency <Task(_PythonDecoratedOperator): log_sql_query>, print_the_context already registered for DAG: example_python_operator
[2023-04-08T12:09:32.120+0000] {logging_mixin.py:137} INFO - [2023-04-08T12:09:32.120+0000] {taskmixin.py:211} WARNING - Dependency <Task(_PythonDecoratedOperator): print_the_context>, log_sql_query already registered for DAG: example_python_operator
[2023-04-08T12:09:32.121+0000] {logging_mixin.py:137} INFO - [2023-04-08T12:09:32.121+0000] {taskmixin.py:211} WARNING - Dependency <Task(_PythonDecoratedOperator): log_sql_query>, print_the_context already registered for DAG: example_python_operator
[2023-04-08T12:09:32.131+0000] {processor.py:753} INFO - DAG(s) dict_keys(['example_python_operator']) retrieved from /home/airflow/.local/lib/python3.7/site-packages/airflow/example_dags/example_python_operator.py
[2023-04-08T12:09:32.172+0000] {logging_mixin.py:137} INFO - [2023-04-08T12:09:32.172+0000] {dag.py:2705} INFO - Sync 1 DAGs
[2023-04-08T12:09:32.211+0000] {logging_mixin.py:137} INFO - [2023-04-08T12:09:32.211+0000] {dag.py:3456} INFO - Setting next_dagrun for example_python_operator to None, run_after=None
[2023-04-08T12:09:32.234+0000] {processor.py:175} INFO - Processing /home/airflow/.local/lib/python3.7/site-packages/airflow/example_dags/example_python_operator.py took 0.152 seconds
[2023-04-08T12:10:02.683+0000] {processor.py:153} INFO - Started process (PID=907) to work on /home/airflow/.local/lib/python3.7/site-packages/airflow/example_dags/example_python_operator.py
[2023-04-08T12:10:02.684+0000] {processor.py:743} INFO - Processing file /home/airflow/.local/lib/python3.7/site-packages/airflow/example_dags/example_python_operator.py for tasks to queue
[2023-04-08T12:10:02.685+0000] {logging_mixin.py:137} INFO - [2023-04-08T12:10:02.685+0000] {dagbag.py:532} INFO - Filling up the DagBag from /home/airflow/.local/lib/python3.7/site-packages/airflow/example_dags/example_python_operator.py
[2023-04-08T12:10:02.712+0000] {logging_mixin.py:137} INFO - [2023-04-08T12:10:02.712+0000] {taskmixin.py:211} WARNING - Dependency <Task(_PythonDecoratedOperator): print_the_context>, log_sql_query already registered for DAG: example_python_operator
[2023-04-08T12:10:02.713+0000] {logging_mixin.py:137} INFO - [2023-04-08T12:10:02.712+0000] {taskmixin.py:211} WARNING - Dependency <Task(_PythonDecoratedOperator): log_sql_query>, print_the_context already registered for DAG: example_python_operator
[2023-04-08T12:10:02.714+0000] {logging_mixin.py:137} INFO - [2023-04-08T12:10:02.714+0000] {taskmixin.py:211} WARNING - Dependency <Task(_PythonDecoratedOperator): print_the_context>, log_sql_query already registered for DAG: example_python_operator
[2023-04-08T12:10:02.714+0000] {logging_mixin.py:137} INFO - [2023-04-08T12:10:02.714+0000] {taskmixin.py:211} WARNING - Dependency <Task(_PythonDecoratedOperator): log_sql_query>, print_the_context already registered for DAG: example_python_operator
[2023-04-08T12:10:02.715+0000] {logging_mixin.py:137} INFO - [2023-04-08T12:10:02.715+0000] {taskmixin.py:211} WARNING - Dependency <Task(_PythonDecoratedOperator): print_the_context>, log_sql_query already registered for DAG: example_python_operator
[2023-04-08T12:10:02.715+0000] {logging_mixin.py:137} INFO - [2023-04-08T12:10:02.715+0000] {taskmixin.py:211} WARNING - Dependency <Task(_PythonDecoratedOperator): log_sql_query>, print_the_context already registered for DAG: example_python_operator
[2023-04-08T12:10:02.716+0000] {logging_mixin.py:137} INFO - [2023-04-08T12:10:02.716+0000] {taskmixin.py:211} WARNING - Dependency <Task(_PythonDecoratedOperator): print_the_context>, log_sql_query already registered for DAG: example_python_operator
[2023-04-08T12:10:02.716+0000] {logging_mixin.py:137} INFO - [2023-04-08T12:10:02.716+0000] {taskmixin.py:211} WARNING - Dependency <Task(_PythonDecoratedOperator): log_sql_query>, print_the_context already registered for DAG: example_python_operator
[2023-04-08T12:10:02.727+0000] {processor.py:753} INFO - DAG(s) dict_keys(['example_python_operator']) retrieved from /home/airflow/.local/lib/python3.7/site-packages/airflow/example_dags/example_python_operator.py
[2023-04-08T12:10:02.771+0000] {logging_mixin.py:137} INFO - [2023-04-08T12:10:02.770+0000] {dag.py:2705} INFO - Sync 1 DAGs
[2023-04-08T12:10:02.810+0000] {logging_mixin.py:137} INFO - [2023-04-08T12:10:02.810+0000] {dag.py:3456} INFO - Setting next_dagrun for example_python_operator to None, run_after=None
[2023-04-08T12:10:02.833+0000] {processor.py:175} INFO - Processing /home/airflow/.local/lib/python3.7/site-packages/airflow/example_dags/example_python_operator.py took 0.154 seconds
[2023-04-08T12:10:33.045+0000] {processor.py:153} INFO - Started process (PID=956) to work on /home/airflow/.local/lib/python3.7/site-packages/airflow/example_dags/example_python_operator.py
[2023-04-08T12:10:33.046+0000] {processor.py:743} INFO - Processing file /home/airflow/.local/lib/python3.7/site-packages/airflow/example_dags/example_python_operator.py for tasks to queue
[2023-04-08T12:10:33.047+0000] {logging_mixin.py:137} INFO - [2023-04-08T12:10:33.047+0000] {dagbag.py:532} INFO - Filling up the DagBag from /home/airflow/.local/lib/python3.7/site-packages/airflow/example_dags/example_python_operator.py
[2023-04-08T12:10:33.073+0000] {logging_mixin.py:137} INFO - [2023-04-08T12:10:33.072+0000] {taskmixin.py:211} WARNING - Dependency <Task(_PythonDecoratedOperator): print_the_context>, log_sql_query already registered for DAG: example_python_operator
[2023-04-08T12:10:33.073+0000] {logging_mixin.py:137} INFO - [2023-04-08T12:10:33.073+0000] {taskmixin.py:211} WARNING - Dependency <Task(_PythonDecoratedOperator): log_sql_query>, print_the_context already registered for DAG: example_python_operator
[2023-04-08T12:10:33.074+0000] {logging_mixin.py:137} INFO - [2023-04-08T12:10:33.074+0000] {taskmixin.py:211} WARNING - Dependency <Task(_PythonDecoratedOperator): print_the_context>, log_sql_query already registered for DAG: example_python_operator
[2023-04-08T12:10:33.074+0000] {logging_mixin.py:137} INFO - [2023-04-08T12:10:33.074+0000] {taskmixin.py:211} WARNING - Dependency <Task(_PythonDecoratedOperator): log_sql_query>, print_the_context already registered for DAG: example_python_operator
[2023-04-08T12:10:33.075+0000] {logging_mixin.py:137} INFO - [2023-04-08T12:10:33.075+0000] {taskmixin.py:211} WARNING - Dependency <Task(_PythonDecoratedOperator): print_the_context>, log_sql_query already registered for DAG: example_python_operator
[2023-04-08T12:10:33.076+0000] {logging_mixin.py:137} INFO - [2023-04-08T12:10:33.076+0000] {taskmixin.py:211} WARNING - Dependency <Task(_PythonDecoratedOperator): log_sql_query>, print_the_context already registered for DAG: example_python_operator
[2023-04-08T12:10:33.077+0000] {logging_mixin.py:137} INFO - [2023-04-08T12:10:33.076+0000] {taskmixin.py:211} WARNING - Dependency <Task(_PythonDecoratedOperator): print_the_context>, log_sql_query already registered for DAG: example_python_operator
[2023-04-08T12:10:33.077+0000] {logging_mixin.py:137} INFO - [2023-04-08T12:10:33.077+0000] {taskmixin.py:211} WARNING - Dependency <Task(_PythonDecoratedOperator): log_sql_query>, print_the_context already registered for DAG: example_python_operator
[2023-04-08T12:10:33.087+0000] {processor.py:753} INFO - DAG(s) dict_keys(['example_python_operator']) retrieved from /home/airflow/.local/lib/python3.7/site-packages/airflow/example_dags/example_python_operator.py
[2023-04-08T12:10:33.128+0000] {logging_mixin.py:137} INFO - [2023-04-08T12:10:33.127+0000] {dag.py:2705} INFO - Sync 1 DAGs
[2023-04-08T12:10:33.170+0000] {logging_mixin.py:137} INFO - [2023-04-08T12:10:33.170+0000] {dag.py:3456} INFO - Setting next_dagrun for example_python_operator to None, run_after=None
[2023-04-08T12:10:33.194+0000] {processor.py:175} INFO - Processing /home/airflow/.local/lib/python3.7/site-packages/airflow/example_dags/example_python_operator.py took 0.153 seconds
