[2023-04-08T12:01:26.953+0000] {processor.py:153} INFO - Started process (PID=72) to work on /home/airflow/.local/lib/python3.7/site-packages/airflow/example_dags/example_short_circuit_decorator.py
[2023-04-08T12:01:26.954+0000] {processor.py:743} INFO - Processing file /home/airflow/.local/lib/python3.7/site-packages/airflow/example_dags/example_short_circuit_decorator.py for tasks to queue
[2023-04-08T12:01:26.955+0000] {logging_mixin.py:137} INFO - [2023-04-08T12:01:26.954+0000] {dagbag.py:532} INFO - Filling up the DagBag from /home/airflow/.local/lib/python3.7/site-packages/airflow/example_dags/example_short_circuit_decorator.py
[2023-04-08T12:01:26.998+0000] {processor.py:753} INFO - DAG(s) dict_keys(['example_short_circuit_decorator']) retrieved from /home/airflow/.local/lib/python3.7/site-packages/airflow/example_dags/example_short_circuit_decorator.py
[2023-04-08T12:01:27.261+0000] {logging_mixin.py:137} INFO - [2023-04-08T12:01:27.261+0000] {manager.py:504} INFO - Created Permission View: can delete on DAG:example_short_circuit_decorator
[2023-04-08T12:01:27.281+0000] {logging_mixin.py:137} INFO - [2023-04-08T12:01:27.281+0000] {manager.py:504} INFO - Created Permission View: can edit on DAG:example_short_circuit_decorator
[2023-04-08T12:01:27.309+0000] {logging_mixin.py:137} INFO - [2023-04-08T12:01:27.309+0000] {manager.py:504} INFO - Created Permission View: can read on DAG:example_short_circuit_decorator
[2023-04-08T12:01:27.309+0000] {logging_mixin.py:137} INFO - [2023-04-08T12:01:27.309+0000] {dag.py:2705} INFO - Sync 1 DAGs
[2023-04-08T12:01:27.353+0000] {logging_mixin.py:137} INFO - [2023-04-08T12:01:27.353+0000] {dag.py:2726} INFO - Creating ORM DAG for example_short_circuit_decorator
[2023-04-08T12:01:27.392+0000] {logging_mixin.py:137} INFO - [2023-04-08T12:01:27.391+0000] {dag.py:3456} INFO - Setting next_dagrun for example_short_circuit_decorator to 2023-04-07T12:01:27.391695+00:00, run_after=2023-04-08T12:01:27.391695+00:00
[2023-04-08T12:01:27.438+0000] {processor.py:175} INFO - Processing /home/airflow/.local/lib/python3.7/site-packages/airflow/example_dags/example_short_circuit_decorator.py took 0.505 seconds
[2023-04-08T12:01:57.744+0000] {processor.py:153} INFO - Started process (PID=122) to work on /home/airflow/.local/lib/python3.7/site-packages/airflow/example_dags/example_short_circuit_decorator.py
[2023-04-08T12:01:57.745+0000] {processor.py:743} INFO - Processing file /home/airflow/.local/lib/python3.7/site-packages/airflow/example_dags/example_short_circuit_decorator.py for tasks to queue
[2023-04-08T12:01:57.745+0000] {logging_mixin.py:137} INFO - [2023-04-08T12:01:57.745+0000] {dagbag.py:532} INFO - Filling up the DagBag from /home/airflow/.local/lib/python3.7/site-packages/airflow/example_dags/example_short_circuit_decorator.py
[2023-04-08T12:01:57.776+0000] {processor.py:753} INFO - DAG(s) dict_keys(['example_short_circuit_decorator']) retrieved from /home/airflow/.local/lib/python3.7/site-packages/airflow/example_dags/example_short_circuit_decorator.py
[2023-04-08T12:01:57.811+0000] {logging_mixin.py:137} INFO - [2023-04-08T12:01:57.810+0000] {dag.py:2705} INFO - Sync 1 DAGs
[2023-04-08T12:01:57.836+0000] {logging_mixin.py:137} INFO - [2023-04-08T12:01:57.836+0000] {dag.py:3456} INFO - Setting next_dagrun for example_short_circuit_decorator to 2023-04-07T12:01:57.836376+00:00, run_after=2023-04-08T12:01:57.836376+00:00
[2023-04-08T12:01:57.853+0000] {processor.py:175} INFO - Processing /home/airflow/.local/lib/python3.7/site-packages/airflow/example_dags/example_short_circuit_decorator.py took 0.113 seconds
[2023-04-08T12:02:28.597+0000] {processor.py:153} INFO - Started process (PID=171) to work on /home/airflow/.local/lib/python3.7/site-packages/airflow/example_dags/example_short_circuit_decorator.py
[2023-04-08T12:02:28.598+0000] {processor.py:743} INFO - Processing file /home/airflow/.local/lib/python3.7/site-packages/airflow/example_dags/example_short_circuit_decorator.py for tasks to queue
[2023-04-08T12:02:28.599+0000] {logging_mixin.py:137} INFO - [2023-04-08T12:02:28.599+0000] {dagbag.py:532} INFO - Filling up the DagBag from /home/airflow/.local/lib/python3.7/site-packages/airflow/example_dags/example_short_circuit_decorator.py
[2023-04-08T12:02:28.635+0000] {processor.py:753} INFO - DAG(s) dict_keys(['example_short_circuit_decorator']) retrieved from /home/airflow/.local/lib/python3.7/site-packages/airflow/example_dags/example_short_circuit_decorator.py
[2023-04-08T12:02:28.685+0000] {logging_mixin.py:137} INFO - [2023-04-08T12:02:28.685+0000] {dag.py:2705} INFO - Sync 1 DAGs
[2023-04-08T12:02:28.724+0000] {logging_mixin.py:137} INFO - [2023-04-08T12:02:28.724+0000] {dag.py:3456} INFO - Setting next_dagrun for example_short_circuit_decorator to 2023-04-07T12:02:28.724203+00:00, run_after=2023-04-08T12:02:28.724203+00:00
[2023-04-08T12:02:28.749+0000] {processor.py:175} INFO - Processing /home/airflow/.local/lib/python3.7/site-packages/airflow/example_dags/example_short_circuit_decorator.py took 0.156 seconds
[2023-04-08T12:02:59.049+0000] {processor.py:153} INFO - Started process (PID=221) to work on /home/airflow/.local/lib/python3.7/site-packages/airflow/example_dags/example_short_circuit_decorator.py
[2023-04-08T12:02:59.050+0000] {processor.py:743} INFO - Processing file /home/airflow/.local/lib/python3.7/site-packages/airflow/example_dags/example_short_circuit_decorator.py for tasks to queue
[2023-04-08T12:02:59.051+0000] {logging_mixin.py:137} INFO - [2023-04-08T12:02:59.051+0000] {dagbag.py:532} INFO - Filling up the DagBag from /home/airflow/.local/lib/python3.7/site-packages/airflow/example_dags/example_short_circuit_decorator.py
[2023-04-08T12:02:59.087+0000] {processor.py:753} INFO - DAG(s) dict_keys(['example_short_circuit_decorator']) retrieved from /home/airflow/.local/lib/python3.7/site-packages/airflow/example_dags/example_short_circuit_decorator.py
[2023-04-08T12:02:59.127+0000] {logging_mixin.py:137} INFO - [2023-04-08T12:02:59.127+0000] {dag.py:2705} INFO - Sync 1 DAGs
[2023-04-08T12:02:59.165+0000] {logging_mixin.py:137} INFO - [2023-04-08T12:02:59.165+0000] {dag.py:3456} INFO - Setting next_dagrun for example_short_circuit_decorator to 2023-04-07T12:02:59.165419+00:00, run_after=2023-04-08T12:02:59.165419+00:00
[2023-04-08T12:02:59.187+0000] {processor.py:175} INFO - Processing /home/airflow/.local/lib/python3.7/site-packages/airflow/example_dags/example_short_circuit_decorator.py took 0.142 seconds
[2023-04-08T12:03:30.315+0000] {processor.py:153} INFO - Started process (PID=271) to work on /home/airflow/.local/lib/python3.7/site-packages/airflow/example_dags/example_short_circuit_decorator.py
[2023-04-08T12:03:30.325+0000] {processor.py:743} INFO - Processing file /home/airflow/.local/lib/python3.7/site-packages/airflow/example_dags/example_short_circuit_decorator.py for tasks to queue
[2023-04-08T12:03:30.326+0000] {logging_mixin.py:137} INFO - [2023-04-08T12:03:30.326+0000] {dagbag.py:532} INFO - Filling up the DagBag from /home/airflow/.local/lib/python3.7/site-packages/airflow/example_dags/example_short_circuit_decorator.py
[2023-04-08T12:03:30.435+0000] {processor.py:753} INFO - DAG(s) dict_keys(['example_short_circuit_decorator']) retrieved from /home/airflow/.local/lib/python3.7/site-packages/airflow/example_dags/example_short_circuit_decorator.py
[2023-04-08T12:03:30.552+0000] {logging_mixin.py:137} INFO - [2023-04-08T12:03:30.551+0000] {dag.py:2705} INFO - Sync 1 DAGs
[2023-04-08T12:03:30.686+0000] {logging_mixin.py:137} INFO - [2023-04-08T12:03:30.686+0000] {dag.py:3456} INFO - Setting next_dagrun for example_short_circuit_decorator to 2023-04-07T12:03:30.686003+00:00, run_after=2023-04-08T12:03:30.686003+00:00
[2023-04-08T12:03:30.765+0000] {processor.py:175} INFO - Processing /home/airflow/.local/lib/python3.7/site-packages/airflow/example_dags/example_short_circuit_decorator.py took 0.462 seconds
[2023-04-08T12:04:01.091+0000] {processor.py:153} INFO - Started process (PID=321) to work on /home/airflow/.local/lib/python3.7/site-packages/airflow/example_dags/example_short_circuit_decorator.py
[2023-04-08T12:04:01.092+0000] {processor.py:743} INFO - Processing file /home/airflow/.local/lib/python3.7/site-packages/airflow/example_dags/example_short_circuit_decorator.py for tasks to queue
[2023-04-08T12:04:01.093+0000] {logging_mixin.py:137} INFO - [2023-04-08T12:04:01.093+0000] {dagbag.py:532} INFO - Filling up the DagBag from /home/airflow/.local/lib/python3.7/site-packages/airflow/example_dags/example_short_circuit_decorator.py
[2023-04-08T12:04:01.128+0000] {processor.py:753} INFO - DAG(s) dict_keys(['example_short_circuit_decorator']) retrieved from /home/airflow/.local/lib/python3.7/site-packages/airflow/example_dags/example_short_circuit_decorator.py
[2023-04-08T12:04:01.167+0000] {logging_mixin.py:137} INFO - [2023-04-08T12:04:01.167+0000] {dag.py:2705} INFO - Sync 1 DAGs
[2023-04-08T12:04:01.206+0000] {logging_mixin.py:137} INFO - [2023-04-08T12:04:01.206+0000] {dag.py:3456} INFO - Setting next_dagrun for example_short_circuit_decorator to 2023-04-07T12:04:01.206448+00:00, run_after=2023-04-08T12:04:01.206448+00:00
[2023-04-08T12:04:01.232+0000] {processor.py:175} INFO - Processing /home/airflow/.local/lib/python3.7/site-packages/airflow/example_dags/example_short_circuit_decorator.py took 0.146 seconds
[2023-04-08T12:04:31.562+0000] {processor.py:153} INFO - Started process (PID=372) to work on /home/airflow/.local/lib/python3.7/site-packages/airflow/example_dags/example_short_circuit_decorator.py
[2023-04-08T12:04:31.563+0000] {processor.py:743} INFO - Processing file /home/airflow/.local/lib/python3.7/site-packages/airflow/example_dags/example_short_circuit_decorator.py for tasks to queue
[2023-04-08T12:04:31.564+0000] {logging_mixin.py:137} INFO - [2023-04-08T12:04:31.564+0000] {dagbag.py:532} INFO - Filling up the DagBag from /home/airflow/.local/lib/python3.7/site-packages/airflow/example_dags/example_short_circuit_decorator.py
[2023-04-08T12:04:31.600+0000] {processor.py:753} INFO - DAG(s) dict_keys(['example_short_circuit_decorator']) retrieved from /home/airflow/.local/lib/python3.7/site-packages/airflow/example_dags/example_short_circuit_decorator.py
[2023-04-08T12:04:31.640+0000] {logging_mixin.py:137} INFO - [2023-04-08T12:04:31.640+0000] {dag.py:2705} INFO - Sync 1 DAGs
[2023-04-08T12:04:31.679+0000] {logging_mixin.py:137} INFO - [2023-04-08T12:04:31.679+0000] {dag.py:3456} INFO - Setting next_dagrun for example_short_circuit_decorator to 2023-04-07T12:04:31.679329+00:00, run_after=2023-04-08T12:04:31.679329+00:00
[2023-04-08T12:04:31.703+0000] {processor.py:175} INFO - Processing /home/airflow/.local/lib/python3.7/site-packages/airflow/example_dags/example_short_circuit_decorator.py took 0.145 seconds
[2023-04-08T12:05:01.866+0000] {processor.py:153} INFO - Started process (PID=422) to work on /home/airflow/.local/lib/python3.7/site-packages/airflow/example_dags/example_short_circuit_decorator.py
[2023-04-08T12:05:01.867+0000] {processor.py:743} INFO - Processing file /home/airflow/.local/lib/python3.7/site-packages/airflow/example_dags/example_short_circuit_decorator.py for tasks to queue
[2023-04-08T12:05:01.867+0000] {logging_mixin.py:137} INFO - [2023-04-08T12:05:01.867+0000] {dagbag.py:532} INFO - Filling up the DagBag from /home/airflow/.local/lib/python3.7/site-packages/airflow/example_dags/example_short_circuit_decorator.py
[2023-04-08T12:05:01.892+0000] {processor.py:753} INFO - DAG(s) dict_keys(['example_short_circuit_decorator']) retrieved from /home/airflow/.local/lib/python3.7/site-packages/airflow/example_dags/example_short_circuit_decorator.py
[2023-04-08T12:05:01.920+0000] {logging_mixin.py:137} INFO - [2023-04-08T12:05:01.920+0000] {dag.py:2705} INFO - Sync 1 DAGs
[2023-04-08T12:05:01.946+0000] {logging_mixin.py:137} INFO - [2023-04-08T12:05:01.946+0000] {dag.py:3456} INFO - Setting next_dagrun for example_short_circuit_decorator to 2023-04-07T12:05:01.945879+00:00, run_after=2023-04-08T12:05:01.945879+00:00
[2023-04-08T12:05:01.964+0000] {processor.py:175} INFO - Processing /home/airflow/.local/lib/python3.7/site-packages/airflow/example_dags/example_short_circuit_decorator.py took 0.102 seconds
[2023-04-08T12:05:32.127+0000] {processor.py:153} INFO - Started process (PID=473) to work on /home/airflow/.local/lib/python3.7/site-packages/airflow/example_dags/example_short_circuit_decorator.py
[2023-04-08T12:05:32.128+0000] {processor.py:743} INFO - Processing file /home/airflow/.local/lib/python3.7/site-packages/airflow/example_dags/example_short_circuit_decorator.py for tasks to queue
[2023-04-08T12:05:32.128+0000] {logging_mixin.py:137} INFO - [2023-04-08T12:05:32.128+0000] {dagbag.py:532} INFO - Filling up the DagBag from /home/airflow/.local/lib/python3.7/site-packages/airflow/example_dags/example_short_circuit_decorator.py
[2023-04-08T12:05:32.152+0000] {processor.py:753} INFO - DAG(s) dict_keys(['example_short_circuit_decorator']) retrieved from /home/airflow/.local/lib/python3.7/site-packages/airflow/example_dags/example_short_circuit_decorator.py
[2023-04-08T12:05:32.179+0000] {logging_mixin.py:137} INFO - [2023-04-08T12:05:32.179+0000] {dag.py:2705} INFO - Sync 1 DAGs
[2023-04-08T12:05:32.204+0000] {logging_mixin.py:137} INFO - [2023-04-08T12:05:32.204+0000] {dag.py:3456} INFO - Setting next_dagrun for example_short_circuit_decorator to 2023-04-07T12:05:32.204630+00:00, run_after=2023-04-08T12:05:32.204630+00:00
[2023-04-08T12:05:32.221+0000] {processor.py:175} INFO - Processing /home/airflow/.local/lib/python3.7/site-packages/airflow/example_dags/example_short_circuit_decorator.py took 0.098 seconds
[2023-04-08T12:06:02.333+0000] {processor.py:153} INFO - Started process (PID=523) to work on /home/airflow/.local/lib/python3.7/site-packages/airflow/example_dags/example_short_circuit_decorator.py
[2023-04-08T12:06:02.333+0000] {processor.py:743} INFO - Processing file /home/airflow/.local/lib/python3.7/site-packages/airflow/example_dags/example_short_circuit_decorator.py for tasks to queue
[2023-04-08T12:06:02.334+0000] {logging_mixin.py:137} INFO - [2023-04-08T12:06:02.334+0000] {dagbag.py:532} INFO - Filling up the DagBag from /home/airflow/.local/lib/python3.7/site-packages/airflow/example_dags/example_short_circuit_decorator.py
[2023-04-08T12:06:02.358+0000] {processor.py:753} INFO - DAG(s) dict_keys(['example_short_circuit_decorator']) retrieved from /home/airflow/.local/lib/python3.7/site-packages/airflow/example_dags/example_short_circuit_decorator.py
[2023-04-08T12:06:02.385+0000] {logging_mixin.py:137} INFO - [2023-04-08T12:06:02.385+0000] {dag.py:2705} INFO - Sync 1 DAGs
[2023-04-08T12:06:02.412+0000] {logging_mixin.py:137} INFO - [2023-04-08T12:06:02.412+0000] {dag.py:3456} INFO - Setting next_dagrun for example_short_circuit_decorator to 2023-04-07T12:06:02.412094+00:00, run_after=2023-04-08T12:06:02.412094+00:00
[2023-04-08T12:06:02.433+0000] {processor.py:175} INFO - Processing /home/airflow/.local/lib/python3.7/site-packages/airflow/example_dags/example_short_circuit_decorator.py took 0.103 seconds
[2023-04-08T12:06:32.639+0000] {processor.py:153} INFO - Started process (PID=573) to work on /home/airflow/.local/lib/python3.7/site-packages/airflow/example_dags/example_short_circuit_decorator.py
[2023-04-08T12:06:32.640+0000] {processor.py:743} INFO - Processing file /home/airflow/.local/lib/python3.7/site-packages/airflow/example_dags/example_short_circuit_decorator.py for tasks to queue
[2023-04-08T12:06:32.640+0000] {logging_mixin.py:137} INFO - [2023-04-08T12:06:32.640+0000] {dagbag.py:532} INFO - Filling up the DagBag from /home/airflow/.local/lib/python3.7/site-packages/airflow/example_dags/example_short_circuit_decorator.py
[2023-04-08T12:06:32.677+0000] {processor.py:753} INFO - DAG(s) dict_keys(['example_short_circuit_decorator']) retrieved from /home/airflow/.local/lib/python3.7/site-packages/airflow/example_dags/example_short_circuit_decorator.py
[2023-04-08T12:06:32.717+0000] {logging_mixin.py:137} INFO - [2023-04-08T12:06:32.716+0000] {dag.py:2705} INFO - Sync 1 DAGs
[2023-04-08T12:06:32.780+0000] {logging_mixin.py:137} INFO - [2023-04-08T12:06:32.780+0000] {dag.py:3456} INFO - Setting next_dagrun for example_short_circuit_decorator to 2023-04-07T12:06:32.780041+00:00, run_after=2023-04-08T12:06:32.780041+00:00
[2023-04-08T12:06:32.807+0000] {processor.py:175} INFO - Processing /home/airflow/.local/lib/python3.7/site-packages/airflow/example_dags/example_short_circuit_decorator.py took 0.173 seconds
[2023-04-08T12:07:02.988+0000] {processor.py:153} INFO - Started process (PID=623) to work on /home/airflow/.local/lib/python3.7/site-packages/airflow/example_dags/example_short_circuit_decorator.py
[2023-04-08T12:07:02.989+0000] {processor.py:743} INFO - Processing file /home/airflow/.local/lib/python3.7/site-packages/airflow/example_dags/example_short_circuit_decorator.py for tasks to queue
[2023-04-08T12:07:02.990+0000] {logging_mixin.py:137} INFO - [2023-04-08T12:07:02.989+0000] {dagbag.py:532} INFO - Filling up the DagBag from /home/airflow/.local/lib/python3.7/site-packages/airflow/example_dags/example_short_circuit_decorator.py
[2023-04-08T12:07:03.028+0000] {processor.py:753} INFO - DAG(s) dict_keys(['example_short_circuit_decorator']) retrieved from /home/airflow/.local/lib/python3.7/site-packages/airflow/example_dags/example_short_circuit_decorator.py
[2023-04-08T12:07:03.068+0000] {logging_mixin.py:137} INFO - [2023-04-08T12:07:03.068+0000] {dag.py:2705} INFO - Sync 1 DAGs
[2023-04-08T12:07:03.108+0000] {logging_mixin.py:137} INFO - [2023-04-08T12:07:03.108+0000] {dag.py:3456} INFO - Setting next_dagrun for example_short_circuit_decorator to 2023-04-07T12:07:03.108167+00:00, run_after=2023-04-08T12:07:03.108167+00:00
[2023-04-08T12:07:03.134+0000] {processor.py:175} INFO - Processing /home/airflow/.local/lib/python3.7/site-packages/airflow/example_dags/example_short_circuit_decorator.py took 0.151 seconds
[2023-04-08T12:07:33.589+0000] {processor.py:153} INFO - Started process (PID=672) to work on /home/airflow/.local/lib/python3.7/site-packages/airflow/example_dags/example_short_circuit_decorator.py
[2023-04-08T12:07:33.590+0000] {processor.py:743} INFO - Processing file /home/airflow/.local/lib/python3.7/site-packages/airflow/example_dags/example_short_circuit_decorator.py for tasks to queue
[2023-04-08T12:07:33.592+0000] {logging_mixin.py:137} INFO - [2023-04-08T12:07:33.592+0000] {dagbag.py:532} INFO - Filling up the DagBag from /home/airflow/.local/lib/python3.7/site-packages/airflow/example_dags/example_short_circuit_decorator.py
[2023-04-08T12:07:33.627+0000] {processor.py:753} INFO - DAG(s) dict_keys(['example_short_circuit_decorator']) retrieved from /home/airflow/.local/lib/python3.7/site-packages/airflow/example_dags/example_short_circuit_decorator.py
[2023-04-08T12:07:33.666+0000] {logging_mixin.py:137} INFO - [2023-04-08T12:07:33.666+0000] {dag.py:2705} INFO - Sync 1 DAGs
[2023-04-08T12:07:33.706+0000] {logging_mixin.py:137} INFO - [2023-04-08T12:07:33.706+0000] {dag.py:3456} INFO - Setting next_dagrun for example_short_circuit_decorator to 2023-04-07T12:07:33.705845+00:00, run_after=2023-04-08T12:07:33.705845+00:00
[2023-04-08T12:07:33.729+0000] {processor.py:175} INFO - Processing /home/airflow/.local/lib/python3.7/site-packages/airflow/example_dags/example_short_circuit_decorator.py took 0.144 seconds
[2023-04-08T12:08:04.417+0000] {processor.py:153} INFO - Started process (PID=722) to work on /home/airflow/.local/lib/python3.7/site-packages/airflow/example_dags/example_short_circuit_decorator.py
[2023-04-08T12:08:04.418+0000] {processor.py:743} INFO - Processing file /home/airflow/.local/lib/python3.7/site-packages/airflow/example_dags/example_short_circuit_decorator.py for tasks to queue
[2023-04-08T12:08:04.419+0000] {logging_mixin.py:137} INFO - [2023-04-08T12:08:04.419+0000] {dagbag.py:532} INFO - Filling up the DagBag from /home/airflow/.local/lib/python3.7/site-packages/airflow/example_dags/example_short_circuit_decorator.py
[2023-04-08T12:08:04.456+0000] {processor.py:753} INFO - DAG(s) dict_keys(['example_short_circuit_decorator']) retrieved from /home/airflow/.local/lib/python3.7/site-packages/airflow/example_dags/example_short_circuit_decorator.py
[2023-04-08T12:08:04.496+0000] {logging_mixin.py:137} INFO - [2023-04-08T12:08:04.496+0000] {dag.py:2705} INFO - Sync 1 DAGs
[2023-04-08T12:08:04.539+0000] {logging_mixin.py:137} INFO - [2023-04-08T12:08:04.539+0000] {dag.py:3456} INFO - Setting next_dagrun for example_short_circuit_decorator to 2023-04-07T12:08:04.538953+00:00, run_after=2023-04-08T12:08:04.538953+00:00
[2023-04-08T12:08:04.566+0000] {processor.py:175} INFO - Processing /home/airflow/.local/lib/python3.7/site-packages/airflow/example_dags/example_short_circuit_decorator.py took 0.153 seconds
[2023-04-08T12:08:35.030+0000] {processor.py:153} INFO - Started process (PID=772) to work on /home/airflow/.local/lib/python3.7/site-packages/airflow/example_dags/example_short_circuit_decorator.py
[2023-04-08T12:08:35.033+0000] {processor.py:743} INFO - Processing file /home/airflow/.local/lib/python3.7/site-packages/airflow/example_dags/example_short_circuit_decorator.py for tasks to queue
[2023-04-08T12:08:35.034+0000] {logging_mixin.py:137} INFO - [2023-04-08T12:08:35.034+0000] {dagbag.py:532} INFO - Filling up the DagBag from /home/airflow/.local/lib/python3.7/site-packages/airflow/example_dags/example_short_circuit_decorator.py
[2023-04-08T12:08:35.070+0000] {processor.py:753} INFO - DAG(s) dict_keys(['example_short_circuit_decorator']) retrieved from /home/airflow/.local/lib/python3.7/site-packages/airflow/example_dags/example_short_circuit_decorator.py
[2023-04-08T12:08:35.114+0000] {logging_mixin.py:137} INFO - [2023-04-08T12:08:35.113+0000] {dag.py:2705} INFO - Sync 1 DAGs
[2023-04-08T12:08:35.155+0000] {logging_mixin.py:137} INFO - [2023-04-08T12:08:35.155+0000] {dag.py:3456} INFO - Setting next_dagrun for example_short_circuit_decorator to 2023-04-07T12:08:35.154814+00:00, run_after=2023-04-08T12:08:35.154814+00:00
[2023-04-08T12:08:35.193+0000] {processor.py:175} INFO - Processing /home/airflow/.local/lib/python3.7/site-packages/airflow/example_dags/example_short_circuit_decorator.py took 0.186 seconds
[2023-04-08T12:09:06.170+0000] {processor.py:153} INFO - Started process (PID=823) to work on /home/airflow/.local/lib/python3.7/site-packages/airflow/example_dags/example_short_circuit_decorator.py
[2023-04-08T12:09:06.173+0000] {processor.py:743} INFO - Processing file /home/airflow/.local/lib/python3.7/site-packages/airflow/example_dags/example_short_circuit_decorator.py for tasks to queue
[2023-04-08T12:09:06.174+0000] {logging_mixin.py:137} INFO - [2023-04-08T12:09:06.174+0000] {dagbag.py:532} INFO - Filling up the DagBag from /home/airflow/.local/lib/python3.7/site-packages/airflow/example_dags/example_short_circuit_decorator.py
[2023-04-08T12:09:06.219+0000] {processor.py:753} INFO - DAG(s) dict_keys(['example_short_circuit_decorator']) retrieved from /home/airflow/.local/lib/python3.7/site-packages/airflow/example_dags/example_short_circuit_decorator.py
[2023-04-08T12:09:06.272+0000] {logging_mixin.py:137} INFO - [2023-04-08T12:09:06.272+0000] {dag.py:2705} INFO - Sync 1 DAGs
[2023-04-08T12:09:06.328+0000] {logging_mixin.py:137} INFO - [2023-04-08T12:09:06.328+0000] {dag.py:3456} INFO - Setting next_dagrun for example_short_circuit_decorator to 2023-04-07T12:09:06.328441+00:00, run_after=2023-04-08T12:09:06.328441+00:00
[2023-04-08T12:09:06.382+0000] {processor.py:175} INFO - Processing /home/airflow/.local/lib/python3.7/site-packages/airflow/example_dags/example_short_circuit_decorator.py took 0.220 seconds
[2023-04-08T12:09:37.238+0000] {processor.py:153} INFO - Started process (PID=872) to work on /home/airflow/.local/lib/python3.7/site-packages/airflow/example_dags/example_short_circuit_decorator.py
[2023-04-08T12:09:37.249+0000] {processor.py:743} INFO - Processing file /home/airflow/.local/lib/python3.7/site-packages/airflow/example_dags/example_short_circuit_decorator.py for tasks to queue
[2023-04-08T12:09:37.250+0000] {logging_mixin.py:137} INFO - [2023-04-08T12:09:37.250+0000] {dagbag.py:532} INFO - Filling up the DagBag from /home/airflow/.local/lib/python3.7/site-packages/airflow/example_dags/example_short_circuit_decorator.py
[2023-04-08T12:09:37.338+0000] {processor.py:753} INFO - DAG(s) dict_keys(['example_short_circuit_decorator']) retrieved from /home/airflow/.local/lib/python3.7/site-packages/airflow/example_dags/example_short_circuit_decorator.py
[2023-04-08T12:09:37.451+0000] {logging_mixin.py:137} INFO - [2023-04-08T12:09:37.451+0000] {dag.py:2705} INFO - Sync 1 DAGs
[2023-04-08T12:09:37.549+0000] {logging_mixin.py:137} INFO - [2023-04-08T12:09:37.549+0000] {dag.py:3456} INFO - Setting next_dagrun for example_short_circuit_decorator to 2023-04-07T12:09:37.549145+00:00, run_after=2023-04-08T12:09:37.549145+00:00
[2023-04-08T12:09:37.602+0000] {processor.py:175} INFO - Processing /home/airflow/.local/lib/python3.7/site-packages/airflow/example_dags/example_short_circuit_decorator.py took 0.368 seconds
[2023-04-08T12:10:07.796+0000] {processor.py:153} INFO - Started process (PID=922) to work on /home/airflow/.local/lib/python3.7/site-packages/airflow/example_dags/example_short_circuit_decorator.py
[2023-04-08T12:10:07.797+0000] {processor.py:743} INFO - Processing file /home/airflow/.local/lib/python3.7/site-packages/airflow/example_dags/example_short_circuit_decorator.py for tasks to queue
[2023-04-08T12:10:07.798+0000] {logging_mixin.py:137} INFO - [2023-04-08T12:10:07.798+0000] {dagbag.py:532} INFO - Filling up the DagBag from /home/airflow/.local/lib/python3.7/site-packages/airflow/example_dags/example_short_circuit_decorator.py
[2023-04-08T12:10:07.849+0000] {processor.py:753} INFO - DAG(s) dict_keys(['example_short_circuit_decorator']) retrieved from /home/airflow/.local/lib/python3.7/site-packages/airflow/example_dags/example_short_circuit_decorator.py
[2023-04-08T12:10:07.957+0000] {logging_mixin.py:137} INFO - [2023-04-08T12:10:07.957+0000] {dag.py:2705} INFO - Sync 1 DAGs
[2023-04-08T12:10:08.117+0000] {logging_mixin.py:137} INFO - [2023-04-08T12:10:08.117+0000] {dag.py:3456} INFO - Setting next_dagrun for example_short_circuit_decorator to 2023-04-07T12:10:08.117091+00:00, run_after=2023-04-08T12:10:08.117091+00:00
[2023-04-08T12:10:08.144+0000] {processor.py:175} INFO - Processing /home/airflow/.local/lib/python3.7/site-packages/airflow/example_dags/example_short_circuit_decorator.py took 0.353 seconds
[2023-04-08T12:10:38.983+0000] {processor.py:153} INFO - Started process (PID=978) to work on /home/airflow/.local/lib/python3.7/site-packages/airflow/example_dags/example_short_circuit_decorator.py
[2023-04-08T12:10:38.984+0000] {processor.py:743} INFO - Processing file /home/airflow/.local/lib/python3.7/site-packages/airflow/example_dags/example_short_circuit_decorator.py for tasks to queue
[2023-04-08T12:10:38.985+0000] {logging_mixin.py:137} INFO - [2023-04-08T12:10:38.985+0000] {dagbag.py:532} INFO - Filling up the DagBag from /home/airflow/.local/lib/python3.7/site-packages/airflow/example_dags/example_short_circuit_decorator.py
[2023-04-08T12:10:39.021+0000] {processor.py:753} INFO - DAG(s) dict_keys(['example_short_circuit_decorator']) retrieved from /home/airflow/.local/lib/python3.7/site-packages/airflow/example_dags/example_short_circuit_decorator.py
[2023-04-08T12:10:39.060+0000] {logging_mixin.py:137} INFO - [2023-04-08T12:10:39.060+0000] {dag.py:2705} INFO - Sync 1 DAGs
[2023-04-08T12:10:39.099+0000] {logging_mixin.py:137} INFO - [2023-04-08T12:10:39.099+0000] {dag.py:3456} INFO - Setting next_dagrun for example_short_circuit_decorator to 2023-04-07T12:10:39.098812+00:00, run_after=2023-04-08T12:10:39.098812+00:00
[2023-04-08T12:10:39.124+0000] {processor.py:175} INFO - Processing /home/airflow/.local/lib/python3.7/site-packages/airflow/example_dags/example_short_circuit_decorator.py took 0.145 seconds
