[2023-04-08T12:01:26.126+0000] {processor.py:153} INFO - Started process (PID=70) to work on /home/airflow/.local/lib/python3.7/site-packages/airflow/example_dags/example_xcomargs.py
[2023-04-08T12:01:26.127+0000] {processor.py:743} INFO - Processing file /home/airflow/.local/lib/python3.7/site-packages/airflow/example_dags/example_xcomargs.py for tasks to queue
[2023-04-08T12:01:26.128+0000] {logging_mixin.py:137} INFO - [2023-04-08T12:01:26.128+0000] {dagbag.py:532} INFO - Filling up the DagBag from /home/airflow/.local/lib/python3.7/site-packages/airflow/example_dags/example_xcomargs.py
[2023-04-08T12:01:26.213+0000] {processor.py:753} INFO - DAG(s) dict_keys(['example_xcom_args', 'example_xcom_args_with_operators']) retrieved from /home/airflow/.local/lib/python3.7/site-packages/airflow/example_dags/example_xcomargs.py
[2023-04-08T12:01:26.635+0000] {logging_mixin.py:137} INFO - [2023-04-08T12:01:26.635+0000] {manager.py:504} INFO - Created Permission View: can delete on DAG:example_xcom_args
[2023-04-08T12:01:26.676+0000] {logging_mixin.py:137} INFO - [2023-04-08T12:01:26.675+0000] {manager.py:504} INFO - Created Permission View: can edit on DAG:example_xcom_args
[2023-04-08T12:01:26.703+0000] {logging_mixin.py:137} INFO - [2023-04-08T12:01:26.703+0000] {manager.py:504} INFO - Created Permission View: can read on DAG:example_xcom_args
[2023-04-08T12:01:26.728+0000] {logging_mixin.py:137} INFO - [2023-04-08T12:01:26.728+0000] {manager.py:504} INFO - Created Permission View: can delete on DAG:example_xcom_args_with_operators
[2023-04-08T12:01:26.740+0000] {logging_mixin.py:137} INFO - [2023-04-08T12:01:26.740+0000] {manager.py:504} INFO - Created Permission View: can edit on DAG:example_xcom_args_with_operators
[2023-04-08T12:01:26.762+0000] {logging_mixin.py:137} INFO - [2023-04-08T12:01:26.762+0000] {manager.py:504} INFO - Created Permission View: can read on DAG:example_xcom_args_with_operators
[2023-04-08T12:01:26.763+0000] {logging_mixin.py:137} INFO - [2023-04-08T12:01:26.762+0000] {dag.py:2705} INFO - Sync 2 DAGs
[2023-04-08T12:01:26.797+0000] {logging_mixin.py:137} INFO - [2023-04-08T12:01:26.797+0000] {dag.py:2726} INFO - Creating ORM DAG for example_xcom_args_with_operators
[2023-04-08T12:01:26.798+0000] {logging_mixin.py:137} INFO - [2023-04-08T12:01:26.798+0000] {dag.py:2726} INFO - Creating ORM DAG for example_xcom_args
[2023-04-08T12:01:26.839+0000] {logging_mixin.py:137} INFO - [2023-04-08T12:01:26.839+0000] {dag.py:3456} INFO - Setting next_dagrun for example_xcom_args to None, run_after=None
[2023-04-08T12:01:26.840+0000] {logging_mixin.py:137} INFO - [2023-04-08T12:01:26.840+0000] {dag.py:3456} INFO - Setting next_dagrun for example_xcom_args_with_operators to None, run_after=None
[2023-04-08T12:01:26.889+0000] {processor.py:175} INFO - Processing /home/airflow/.local/lib/python3.7/site-packages/airflow/example_dags/example_xcomargs.py took 0.783 seconds
[2023-04-08T12:01:57.477+0000] {processor.py:153} INFO - Started process (PID=120) to work on /home/airflow/.local/lib/python3.7/site-packages/airflow/example_dags/example_xcomargs.py
[2023-04-08T12:01:57.480+0000] {processor.py:743} INFO - Processing file /home/airflow/.local/lib/python3.7/site-packages/airflow/example_dags/example_xcomargs.py for tasks to queue
[2023-04-08T12:01:57.481+0000] {logging_mixin.py:137} INFO - [2023-04-08T12:01:57.481+0000] {dagbag.py:532} INFO - Filling up the DagBag from /home/airflow/.local/lib/python3.7/site-packages/airflow/example_dags/example_xcomargs.py
[2023-04-08T12:01:57.517+0000] {processor.py:753} INFO - DAG(s) dict_keys(['example_xcom_args', 'example_xcom_args_with_operators']) retrieved from /home/airflow/.local/lib/python3.7/site-packages/airflow/example_dags/example_xcomargs.py
[2023-04-08T12:01:57.556+0000] {logging_mixin.py:137} INFO - [2023-04-08T12:01:57.555+0000] {dag.py:2705} INFO - Sync 2 DAGs
[2023-04-08T12:01:57.595+0000] {logging_mixin.py:137} INFO - [2023-04-08T12:01:57.595+0000] {dag.py:3456} INFO - Setting next_dagrun for example_xcom_args to None, run_after=None
[2023-04-08T12:01:57.600+0000] {logging_mixin.py:137} INFO - [2023-04-08T12:01:57.600+0000] {dag.py:3456} INFO - Setting next_dagrun for example_xcom_args_with_operators to None, run_after=None
[2023-04-08T12:01:57.621+0000] {processor.py:175} INFO - Processing /home/airflow/.local/lib/python3.7/site-packages/airflow/example_dags/example_xcomargs.py took 0.152 seconds
[2023-04-08T12:02:28.423+0000] {processor.py:153} INFO - Started process (PID=169) to work on /home/airflow/.local/lib/python3.7/site-packages/airflow/example_dags/example_xcomargs.py
[2023-04-08T12:02:28.424+0000] {processor.py:743} INFO - Processing file /home/airflow/.local/lib/python3.7/site-packages/airflow/example_dags/example_xcomargs.py for tasks to queue
[2023-04-08T12:02:28.425+0000] {logging_mixin.py:137} INFO - [2023-04-08T12:02:28.425+0000] {dagbag.py:532} INFO - Filling up the DagBag from /home/airflow/.local/lib/python3.7/site-packages/airflow/example_dags/example_xcomargs.py
[2023-04-08T12:02:28.465+0000] {processor.py:753} INFO - DAG(s) dict_keys(['example_xcom_args', 'example_xcom_args_with_operators']) retrieved from /home/airflow/.local/lib/python3.7/site-packages/airflow/example_dags/example_xcomargs.py
[2023-04-08T12:02:28.506+0000] {logging_mixin.py:137} INFO - [2023-04-08T12:02:28.506+0000] {dag.py:2705} INFO - Sync 2 DAGs
[2023-04-08T12:02:28.544+0000] {logging_mixin.py:137} INFO - [2023-04-08T12:02:28.544+0000] {dag.py:3456} INFO - Setting next_dagrun for example_xcom_args to None, run_after=None
[2023-04-08T12:02:28.549+0000] {logging_mixin.py:137} INFO - [2023-04-08T12:02:28.548+0000] {dag.py:3456} INFO - Setting next_dagrun for example_xcom_args_with_operators to None, run_after=None
[2023-04-08T12:02:28.569+0000] {processor.py:175} INFO - Processing /home/airflow/.local/lib/python3.7/site-packages/airflow/example_dags/example_xcomargs.py took 0.150 seconds
[2023-04-08T12:02:58.868+0000] {processor.py:153} INFO - Started process (PID=219) to work on /home/airflow/.local/lib/python3.7/site-packages/airflow/example_dags/example_xcomargs.py
[2023-04-08T12:02:58.869+0000] {processor.py:743} INFO - Processing file /home/airflow/.local/lib/python3.7/site-packages/airflow/example_dags/example_xcomargs.py for tasks to queue
[2023-04-08T12:02:58.870+0000] {logging_mixin.py:137} INFO - [2023-04-08T12:02:58.870+0000] {dagbag.py:532} INFO - Filling up the DagBag from /home/airflow/.local/lib/python3.7/site-packages/airflow/example_dags/example_xcomargs.py
[2023-04-08T12:02:58.911+0000] {processor.py:753} INFO - DAG(s) dict_keys(['example_xcom_args', 'example_xcom_args_with_operators']) retrieved from /home/airflow/.local/lib/python3.7/site-packages/airflow/example_dags/example_xcomargs.py
[2023-04-08T12:02:58.950+0000] {logging_mixin.py:137} INFO - [2023-04-08T12:02:58.950+0000] {dag.py:2705} INFO - Sync 2 DAGs
[2023-04-08T12:02:58.988+0000] {logging_mixin.py:137} INFO - [2023-04-08T12:02:58.987+0000] {dag.py:3456} INFO - Setting next_dagrun for example_xcom_args to None, run_after=None
[2023-04-08T12:02:58.992+0000] {logging_mixin.py:137} INFO - [2023-04-08T12:02:58.992+0000] {dag.py:3456} INFO - Setting next_dagrun for example_xcom_args_with_operators to None, run_after=None
[2023-04-08T12:02:59.017+0000] {processor.py:175} INFO - Processing /home/airflow/.local/lib/python3.7/site-packages/airflow/example_dags/example_xcomargs.py took 0.153 seconds
[2023-04-08T12:03:29.721+0000] {processor.py:153} INFO - Started process (PID=269) to work on /home/airflow/.local/lib/python3.7/site-packages/airflow/example_dags/example_xcomargs.py
[2023-04-08T12:03:29.734+0000] {processor.py:743} INFO - Processing file /home/airflow/.local/lib/python3.7/site-packages/airflow/example_dags/example_xcomargs.py for tasks to queue
[2023-04-08T12:03:29.734+0000] {logging_mixin.py:137} INFO - [2023-04-08T12:03:29.734+0000] {dagbag.py:532} INFO - Filling up the DagBag from /home/airflow/.local/lib/python3.7/site-packages/airflow/example_dags/example_xcomargs.py
[2023-04-08T12:03:29.835+0000] {processor.py:753} INFO - DAG(s) dict_keys(['example_xcom_args_with_operators', 'example_xcom_args']) retrieved from /home/airflow/.local/lib/python3.7/site-packages/airflow/example_dags/example_xcomargs.py
[2023-04-08T12:03:29.969+0000] {logging_mixin.py:137} INFO - [2023-04-08T12:03:29.967+0000] {dag.py:2705} INFO - Sync 2 DAGs
[2023-04-08T12:03:30.110+0000] {logging_mixin.py:137} INFO - [2023-04-08T12:03:30.109+0000] {dag.py:3456} INFO - Setting next_dagrun for example_xcom_args to None, run_after=None
[2023-04-08T12:03:30.138+0000] {logging_mixin.py:137} INFO - [2023-04-08T12:03:30.138+0000] {dag.py:3456} INFO - Setting next_dagrun for example_xcom_args_with_operators to None, run_after=None
[2023-04-08T12:03:30.239+0000] {processor.py:175} INFO - Processing /home/airflow/.local/lib/python3.7/site-packages/airflow/example_dags/example_xcomargs.py took 0.535 seconds
[2023-04-08T12:04:00.888+0000] {processor.py:153} INFO - Started process (PID=319) to work on /home/airflow/.local/lib/python3.7/site-packages/airflow/example_dags/example_xcomargs.py
[2023-04-08T12:04:00.889+0000] {processor.py:743} INFO - Processing file /home/airflow/.local/lib/python3.7/site-packages/airflow/example_dags/example_xcomargs.py for tasks to queue
[2023-04-08T12:04:00.890+0000] {logging_mixin.py:137} INFO - [2023-04-08T12:04:00.890+0000] {dagbag.py:532} INFO - Filling up the DagBag from /home/airflow/.local/lib/python3.7/site-packages/airflow/example_dags/example_xcomargs.py
[2023-04-08T12:04:00.924+0000] {processor.py:753} INFO - DAG(s) dict_keys(['example_xcom_args', 'example_xcom_args_with_operators']) retrieved from /home/airflow/.local/lib/python3.7/site-packages/airflow/example_dags/example_xcomargs.py
[2023-04-08T12:04:00.964+0000] {logging_mixin.py:137} INFO - [2023-04-08T12:04:00.963+0000] {dag.py:2705} INFO - Sync 2 DAGs
[2023-04-08T12:04:01.003+0000] {logging_mixin.py:137} INFO - [2023-04-08T12:04:01.003+0000] {dag.py:3456} INFO - Setting next_dagrun for example_xcom_args to None, run_after=None
[2023-04-08T12:04:01.008+0000] {logging_mixin.py:137} INFO - [2023-04-08T12:04:01.008+0000] {dag.py:3456} INFO - Setting next_dagrun for example_xcom_args_with_operators to None, run_after=None
[2023-04-08T12:04:01.030+0000] {processor.py:175} INFO - Processing /home/airflow/.local/lib/python3.7/site-packages/airflow/example_dags/example_xcomargs.py took 0.145 seconds
[2023-04-08T12:04:31.391+0000] {processor.py:153} INFO - Started process (PID=370) to work on /home/airflow/.local/lib/python3.7/site-packages/airflow/example_dags/example_xcomargs.py
[2023-04-08T12:04:31.392+0000] {processor.py:743} INFO - Processing file /home/airflow/.local/lib/python3.7/site-packages/airflow/example_dags/example_xcomargs.py for tasks to queue
[2023-04-08T12:04:31.392+0000] {logging_mixin.py:137} INFO - [2023-04-08T12:04:31.392+0000] {dagbag.py:532} INFO - Filling up the DagBag from /home/airflow/.local/lib/python3.7/site-packages/airflow/example_dags/example_xcomargs.py
[2023-04-08T12:04:31.426+0000] {processor.py:753} INFO - DAG(s) dict_keys(['example_xcom_args', 'example_xcom_args_with_operators']) retrieved from /home/airflow/.local/lib/python3.7/site-packages/airflow/example_dags/example_xcomargs.py
[2023-04-08T12:04:31.466+0000] {logging_mixin.py:137} INFO - [2023-04-08T12:04:31.466+0000] {dag.py:2705} INFO - Sync 2 DAGs
[2023-04-08T12:04:31.505+0000] {logging_mixin.py:137} INFO - [2023-04-08T12:04:31.505+0000] {dag.py:3456} INFO - Setting next_dagrun for example_xcom_args to None, run_after=None
[2023-04-08T12:04:31.509+0000] {logging_mixin.py:137} INFO - [2023-04-08T12:04:31.509+0000] {dag.py:3456} INFO - Setting next_dagrun for example_xcom_args_with_operators to None, run_after=None
[2023-04-08T12:04:31.534+0000] {processor.py:175} INFO - Processing /home/airflow/.local/lib/python3.7/site-packages/airflow/example_dags/example_xcomargs.py took 0.148 seconds
[2023-04-08T12:05:01.584+0000] {processor.py:153} INFO - Started process (PID=420) to work on /home/airflow/.local/lib/python3.7/site-packages/airflow/example_dags/example_xcomargs.py
[2023-04-08T12:05:01.586+0000] {processor.py:743} INFO - Processing file /home/airflow/.local/lib/python3.7/site-packages/airflow/example_dags/example_xcomargs.py for tasks to queue
[2023-04-08T12:05:01.587+0000] {logging_mixin.py:137} INFO - [2023-04-08T12:05:01.586+0000] {dagbag.py:532} INFO - Filling up the DagBag from /home/airflow/.local/lib/python3.7/site-packages/airflow/example_dags/example_xcomargs.py
[2023-04-08T12:05:01.622+0000] {processor.py:753} INFO - DAG(s) dict_keys(['example_xcom_args_with_operators', 'example_xcom_args']) retrieved from /home/airflow/.local/lib/python3.7/site-packages/airflow/example_dags/example_xcomargs.py
[2023-04-08T12:05:01.665+0000] {logging_mixin.py:137} INFO - [2023-04-08T12:05:01.665+0000] {dag.py:2705} INFO - Sync 2 DAGs
[2023-04-08T12:05:01.711+0000] {logging_mixin.py:137} INFO - [2023-04-08T12:05:01.711+0000] {dag.py:3456} INFO - Setting next_dagrun for example_xcom_args to None, run_after=None
[2023-04-08T12:05:01.716+0000] {logging_mixin.py:137} INFO - [2023-04-08T12:05:01.716+0000] {dag.py:3456} INFO - Setting next_dagrun for example_xcom_args_with_operators to None, run_after=None
[2023-04-08T12:05:01.738+0000] {processor.py:175} INFO - Processing /home/airflow/.local/lib/python3.7/site-packages/airflow/example_dags/example_xcomargs.py took 0.159 seconds
[2023-04-08T12:05:31.845+0000] {processor.py:153} INFO - Started process (PID=471) to work on /home/airflow/.local/lib/python3.7/site-packages/airflow/example_dags/example_xcomargs.py
[2023-04-08T12:05:31.846+0000] {processor.py:743} INFO - Processing file /home/airflow/.local/lib/python3.7/site-packages/airflow/example_dags/example_xcomargs.py for tasks to queue
[2023-04-08T12:05:31.847+0000] {logging_mixin.py:137} INFO - [2023-04-08T12:05:31.846+0000] {dagbag.py:532} INFO - Filling up the DagBag from /home/airflow/.local/lib/python3.7/site-packages/airflow/example_dags/example_xcomargs.py
[2023-04-08T12:05:31.881+0000] {processor.py:753} INFO - DAG(s) dict_keys(['example_xcom_args', 'example_xcom_args_with_operators']) retrieved from /home/airflow/.local/lib/python3.7/site-packages/airflow/example_dags/example_xcomargs.py
[2023-04-08T12:05:31.936+0000] {logging_mixin.py:137} INFO - [2023-04-08T12:05:31.936+0000] {dag.py:2705} INFO - Sync 2 DAGs
[2023-04-08T12:05:31.978+0000] {logging_mixin.py:137} INFO - [2023-04-08T12:05:31.977+0000] {dag.py:3456} INFO - Setting next_dagrun for example_xcom_args to None, run_after=None
[2023-04-08T12:05:31.982+0000] {logging_mixin.py:137} INFO - [2023-04-08T12:05:31.982+0000] {dag.py:3456} INFO - Setting next_dagrun for example_xcom_args_with_operators to None, run_after=None
[2023-04-08T12:05:32.003+0000] {processor.py:175} INFO - Processing /home/airflow/.local/lib/python3.7/site-packages/airflow/example_dags/example_xcomargs.py took 0.162 seconds
[2023-04-08T12:06:02.053+0000] {processor.py:153} INFO - Started process (PID=521) to work on /home/airflow/.local/lib/python3.7/site-packages/airflow/example_dags/example_xcomargs.py
[2023-04-08T12:06:02.054+0000] {processor.py:743} INFO - Processing file /home/airflow/.local/lib/python3.7/site-packages/airflow/example_dags/example_xcomargs.py for tasks to queue
[2023-04-08T12:06:02.055+0000] {logging_mixin.py:137} INFO - [2023-04-08T12:06:02.055+0000] {dagbag.py:532} INFO - Filling up the DagBag from /home/airflow/.local/lib/python3.7/site-packages/airflow/example_dags/example_xcomargs.py
[2023-04-08T12:06:02.090+0000] {processor.py:753} INFO - DAG(s) dict_keys(['example_xcom_args', 'example_xcom_args_with_operators']) retrieved from /home/airflow/.local/lib/python3.7/site-packages/airflow/example_dags/example_xcomargs.py
[2023-04-08T12:06:02.139+0000] {logging_mixin.py:137} INFO - [2023-04-08T12:06:02.139+0000] {dag.py:2705} INFO - Sync 2 DAGs
[2023-04-08T12:06:02.178+0000] {logging_mixin.py:137} INFO - [2023-04-08T12:06:02.178+0000] {dag.py:3456} INFO - Setting next_dagrun for example_xcom_args to None, run_after=None
[2023-04-08T12:06:02.183+0000] {logging_mixin.py:137} INFO - [2023-04-08T12:06:02.183+0000] {dag.py:3456} INFO - Setting next_dagrun for example_xcom_args_with_operators to None, run_after=None
[2023-04-08T12:06:02.203+0000] {processor.py:175} INFO - Processing /home/airflow/.local/lib/python3.7/site-packages/airflow/example_dags/example_xcomargs.py took 0.155 seconds
[2023-04-08T12:06:32.366+0000] {processor.py:153} INFO - Started process (PID=571) to work on /home/airflow/.local/lib/python3.7/site-packages/airflow/example_dags/example_xcomargs.py
[2023-04-08T12:06:32.367+0000] {processor.py:743} INFO - Processing file /home/airflow/.local/lib/python3.7/site-packages/airflow/example_dags/example_xcomargs.py for tasks to queue
[2023-04-08T12:06:32.368+0000] {logging_mixin.py:137} INFO - [2023-04-08T12:06:32.368+0000] {dagbag.py:532} INFO - Filling up the DagBag from /home/airflow/.local/lib/python3.7/site-packages/airflow/example_dags/example_xcomargs.py
[2023-04-08T12:06:32.403+0000] {processor.py:753} INFO - DAG(s) dict_keys(['example_xcom_args', 'example_xcom_args_with_operators']) retrieved from /home/airflow/.local/lib/python3.7/site-packages/airflow/example_dags/example_xcomargs.py
[2023-04-08T12:06:32.446+0000] {logging_mixin.py:137} INFO - [2023-04-08T12:06:32.446+0000] {dag.py:2705} INFO - Sync 2 DAGs
[2023-04-08T12:06:32.485+0000] {logging_mixin.py:137} INFO - [2023-04-08T12:06:32.485+0000] {dag.py:3456} INFO - Setting next_dagrun for example_xcom_args to None, run_after=None
[2023-04-08T12:06:32.490+0000] {logging_mixin.py:137} INFO - [2023-04-08T12:06:32.490+0000] {dag.py:3456} INFO - Setting next_dagrun for example_xcom_args_with_operators to None, run_after=None
[2023-04-08T12:06:32.511+0000] {processor.py:175} INFO - Processing /home/airflow/.local/lib/python3.7/site-packages/airflow/example_dags/example_xcomargs.py took 0.149 seconds
[2023-04-08T12:07:02.698+0000] {processor.py:153} INFO - Started process (PID=621) to work on /home/airflow/.local/lib/python3.7/site-packages/airflow/example_dags/example_xcomargs.py
[2023-04-08T12:07:02.700+0000] {processor.py:743} INFO - Processing file /home/airflow/.local/lib/python3.7/site-packages/airflow/example_dags/example_xcomargs.py for tasks to queue
[2023-04-08T12:07:02.701+0000] {logging_mixin.py:137} INFO - [2023-04-08T12:07:02.701+0000] {dagbag.py:532} INFO - Filling up the DagBag from /home/airflow/.local/lib/python3.7/site-packages/airflow/example_dags/example_xcomargs.py
[2023-04-08T12:07:02.736+0000] {processor.py:753} INFO - DAG(s) dict_keys(['example_xcom_args_with_operators', 'example_xcom_args']) retrieved from /home/airflow/.local/lib/python3.7/site-packages/airflow/example_dags/example_xcomargs.py
[2023-04-08T12:07:02.778+0000] {logging_mixin.py:137} INFO - [2023-04-08T12:07:02.777+0000] {dag.py:2705} INFO - Sync 2 DAGs
[2023-04-08T12:07:02.817+0000] {logging_mixin.py:137} INFO - [2023-04-08T12:07:02.817+0000] {dag.py:3456} INFO - Setting next_dagrun for example_xcom_args to None, run_after=None
[2023-04-08T12:07:02.822+0000] {logging_mixin.py:137} INFO - [2023-04-08T12:07:02.822+0000] {dag.py:3456} INFO - Setting next_dagrun for example_xcom_args_with_operators to None, run_after=None
[2023-04-08T12:07:02.845+0000] {processor.py:175} INFO - Processing /home/airflow/.local/lib/python3.7/site-packages/airflow/example_dags/example_xcomargs.py took 0.156 seconds
[2023-04-08T12:07:33.417+0000] {processor.py:153} INFO - Started process (PID=670) to work on /home/airflow/.local/lib/python3.7/site-packages/airflow/example_dags/example_xcomargs.py
[2023-04-08T12:07:33.417+0000] {processor.py:743} INFO - Processing file /home/airflow/.local/lib/python3.7/site-packages/airflow/example_dags/example_xcomargs.py for tasks to queue
[2023-04-08T12:07:33.418+0000] {logging_mixin.py:137} INFO - [2023-04-08T12:07:33.418+0000] {dagbag.py:532} INFO - Filling up the DagBag from /home/airflow/.local/lib/python3.7/site-packages/airflow/example_dags/example_xcomargs.py
[2023-04-08T12:07:33.453+0000] {processor.py:753} INFO - DAG(s) dict_keys(['example_xcom_args_with_operators', 'example_xcom_args']) retrieved from /home/airflow/.local/lib/python3.7/site-packages/airflow/example_dags/example_xcomargs.py
[2023-04-08T12:07:33.497+0000] {logging_mixin.py:137} INFO - [2023-04-08T12:07:33.496+0000] {dag.py:2705} INFO - Sync 2 DAGs
[2023-04-08T12:07:33.536+0000] {logging_mixin.py:137} INFO - [2023-04-08T12:07:33.536+0000] {dag.py:3456} INFO - Setting next_dagrun for example_xcom_args to None, run_after=None
[2023-04-08T12:07:33.541+0000] {logging_mixin.py:137} INFO - [2023-04-08T12:07:33.541+0000] {dag.py:3456} INFO - Setting next_dagrun for example_xcom_args_with_operators to None, run_after=None
[2023-04-08T12:07:33.561+0000] {processor.py:175} INFO - Processing /home/airflow/.local/lib/python3.7/site-packages/airflow/example_dags/example_xcomargs.py took 0.149 seconds
[2023-04-08T12:08:04.159+0000] {processor.py:153} INFO - Started process (PID=720) to work on /home/airflow/.local/lib/python3.7/site-packages/airflow/example_dags/example_xcomargs.py
[2023-04-08T12:08:04.169+0000] {processor.py:743} INFO - Processing file /home/airflow/.local/lib/python3.7/site-packages/airflow/example_dags/example_xcomargs.py for tasks to queue
[2023-04-08T12:08:04.170+0000] {logging_mixin.py:137} INFO - [2023-04-08T12:08:04.170+0000] {dagbag.py:532} INFO - Filling up the DagBag from /home/airflow/.local/lib/python3.7/site-packages/airflow/example_dags/example_xcomargs.py
[2023-04-08T12:08:04.232+0000] {processor.py:753} INFO - DAG(s) dict_keys(['example_xcom_args', 'example_xcom_args_with_operators']) retrieved from /home/airflow/.local/lib/python3.7/site-packages/airflow/example_dags/example_xcomargs.py
[2023-04-08T12:08:04.287+0000] {logging_mixin.py:137} INFO - [2023-04-08T12:08:04.286+0000] {dag.py:2705} INFO - Sync 2 DAGs
[2023-04-08T12:08:04.343+0000] {logging_mixin.py:137} INFO - [2023-04-08T12:08:04.343+0000] {dag.py:3456} INFO - Setting next_dagrun for example_xcom_args to None, run_after=None
[2023-04-08T12:08:04.348+0000] {logging_mixin.py:137} INFO - [2023-04-08T12:08:04.348+0000] {dag.py:3456} INFO - Setting next_dagrun for example_xcom_args_with_operators to None, run_after=None
[2023-04-08T12:08:04.369+0000] {processor.py:175} INFO - Processing /home/airflow/.local/lib/python3.7/site-packages/airflow/example_dags/example_xcomargs.py took 0.214 seconds
[2023-04-08T12:08:34.613+0000] {processor.py:153} INFO - Started process (PID=770) to work on /home/airflow/.local/lib/python3.7/site-packages/airflow/example_dags/example_xcomargs.py
[2023-04-08T12:08:34.614+0000] {processor.py:743} INFO - Processing file /home/airflow/.local/lib/python3.7/site-packages/airflow/example_dags/example_xcomargs.py for tasks to queue
[2023-04-08T12:08:34.615+0000] {logging_mixin.py:137} INFO - [2023-04-08T12:08:34.615+0000] {dagbag.py:532} INFO - Filling up the DagBag from /home/airflow/.local/lib/python3.7/site-packages/airflow/example_dags/example_xcomargs.py
[2023-04-08T12:08:34.683+0000] {processor.py:753} INFO - DAG(s) dict_keys(['example_xcom_args_with_operators', 'example_xcom_args']) retrieved from /home/airflow/.local/lib/python3.7/site-packages/airflow/example_dags/example_xcomargs.py
[2023-04-08T12:08:34.783+0000] {logging_mixin.py:137} INFO - [2023-04-08T12:08:34.782+0000] {dag.py:2705} INFO - Sync 2 DAGs
[2023-04-08T12:08:34.862+0000] {logging_mixin.py:137} INFO - [2023-04-08T12:08:34.861+0000] {dag.py:3456} INFO - Setting next_dagrun for example_xcom_args to None, run_after=None
[2023-04-08T12:08:34.867+0000] {logging_mixin.py:137} INFO - [2023-04-08T12:08:34.866+0000] {dag.py:3456} INFO - Setting next_dagrun for example_xcom_args_with_operators to None, run_after=None
[2023-04-08T12:08:34.933+0000] {processor.py:175} INFO - Processing /home/airflow/.local/lib/python3.7/site-packages/airflow/example_dags/example_xcomargs.py took 0.332 seconds
[2023-04-08T12:09:05.818+0000] {processor.py:153} INFO - Started process (PID=821) to work on /home/airflow/.local/lib/python3.7/site-packages/airflow/example_dags/example_xcomargs.py
[2023-04-08T12:09:05.825+0000] {processor.py:743} INFO - Processing file /home/airflow/.local/lib/python3.7/site-packages/airflow/example_dags/example_xcomargs.py for tasks to queue
[2023-04-08T12:09:05.826+0000] {logging_mixin.py:137} INFO - [2023-04-08T12:09:05.826+0000] {dagbag.py:532} INFO - Filling up the DagBag from /home/airflow/.local/lib/python3.7/site-packages/airflow/example_dags/example_xcomargs.py
[2023-04-08T12:09:05.895+0000] {processor.py:753} INFO - DAG(s) dict_keys(['example_xcom_args', 'example_xcom_args_with_operators']) retrieved from /home/airflow/.local/lib/python3.7/site-packages/airflow/example_dags/example_xcomargs.py
[2023-04-08T12:09:05.942+0000] {logging_mixin.py:137} INFO - [2023-04-08T12:09:05.942+0000] {dag.py:2705} INFO - Sync 2 DAGs
[2023-04-08T12:09:05.983+0000] {logging_mixin.py:137} INFO - [2023-04-08T12:09:05.982+0000] {dag.py:3456} INFO - Setting next_dagrun for example_xcom_args to None, run_after=None
[2023-04-08T12:09:05.987+0000] {logging_mixin.py:137} INFO - [2023-04-08T12:09:05.987+0000] {dag.py:3456} INFO - Setting next_dagrun for example_xcom_args_with_operators to None, run_after=None
[2023-04-08T12:09:06.046+0000] {processor.py:175} INFO - Processing /home/airflow/.local/lib/python3.7/site-packages/airflow/example_dags/example_xcomargs.py took 0.232 seconds
[2023-04-08T12:09:36.094+0000] {processor.py:153} INFO - Started process (PID=869) to work on /home/airflow/.local/lib/python3.7/site-packages/airflow/example_dags/example_xcomargs.py
[2023-04-08T12:09:36.095+0000] {processor.py:743} INFO - Processing file /home/airflow/.local/lib/python3.7/site-packages/airflow/example_dags/example_xcomargs.py for tasks to queue
[2023-04-08T12:09:36.096+0000] {logging_mixin.py:137} INFO - [2023-04-08T12:09:36.095+0000] {dagbag.py:532} INFO - Filling up the DagBag from /home/airflow/.local/lib/python3.7/site-packages/airflow/example_dags/example_xcomargs.py
[2023-04-08T12:09:36.119+0000] {processor.py:753} INFO - DAG(s) dict_keys(['example_xcom_args', 'example_xcom_args_with_operators']) retrieved from /home/airflow/.local/lib/python3.7/site-packages/airflow/example_dags/example_xcomargs.py
[2023-04-08T12:09:36.147+0000] {logging_mixin.py:137} INFO - [2023-04-08T12:09:36.147+0000] {dag.py:2705} INFO - Sync 2 DAGs
[2023-04-08T12:09:36.173+0000] {logging_mixin.py:137} INFO - [2023-04-08T12:09:36.173+0000] {dag.py:3456} INFO - Setting next_dagrun for example_xcom_args to None, run_after=None
[2023-04-08T12:09:36.176+0000] {logging_mixin.py:137} INFO - [2023-04-08T12:09:36.176+0000] {dag.py:3456} INFO - Setting next_dagrun for example_xcom_args_with_operators to None, run_after=None
[2023-04-08T12:09:36.190+0000] {processor.py:175} INFO - Processing /home/airflow/.local/lib/python3.7/site-packages/airflow/example_dags/example_xcomargs.py took 0.099 seconds
[2023-04-08T12:10:06.663+0000] {processor.py:153} INFO - Started process (PID=920) to work on /home/airflow/.local/lib/python3.7/site-packages/airflow/example_dags/example_xcomargs.py
[2023-04-08T12:10:06.664+0000] {processor.py:743} INFO - Processing file /home/airflow/.local/lib/python3.7/site-packages/airflow/example_dags/example_xcomargs.py for tasks to queue
[2023-04-08T12:10:06.665+0000] {logging_mixin.py:137} INFO - [2023-04-08T12:10:06.665+0000] {dagbag.py:532} INFO - Filling up the DagBag from /home/airflow/.local/lib/python3.7/site-packages/airflow/example_dags/example_xcomargs.py
[2023-04-08T12:10:06.701+0000] {processor.py:753} INFO - DAG(s) dict_keys(['example_xcom_args', 'example_xcom_args_with_operators']) retrieved from /home/airflow/.local/lib/python3.7/site-packages/airflow/example_dags/example_xcomargs.py
[2023-04-08T12:10:06.744+0000] {logging_mixin.py:137} INFO - [2023-04-08T12:10:06.744+0000] {dag.py:2705} INFO - Sync 2 DAGs
[2023-04-08T12:10:06.790+0000] {logging_mixin.py:137} INFO - [2023-04-08T12:10:06.790+0000] {dag.py:3456} INFO - Setting next_dagrun for example_xcom_args to None, run_after=None
[2023-04-08T12:10:06.795+0000] {logging_mixin.py:137} INFO - [2023-04-08T12:10:06.794+0000] {dag.py:3456} INFO - Setting next_dagrun for example_xcom_args_with_operators to None, run_after=None
[2023-04-08T12:10:06.816+0000] {processor.py:175} INFO - Processing /home/airflow/.local/lib/python3.7/site-packages/airflow/example_dags/example_xcomargs.py took 0.157 seconds
[2023-04-08T12:10:36.891+0000] {processor.py:153} INFO - Started process (PID=969) to work on /home/airflow/.local/lib/python3.7/site-packages/airflow/example_dags/example_xcomargs.py
[2023-04-08T12:10:36.892+0000] {processor.py:743} INFO - Processing file /home/airflow/.local/lib/python3.7/site-packages/airflow/example_dags/example_xcomargs.py for tasks to queue
[2023-04-08T12:10:36.893+0000] {logging_mixin.py:137} INFO - [2023-04-08T12:10:36.893+0000] {dagbag.py:532} INFO - Filling up the DagBag from /home/airflow/.local/lib/python3.7/site-packages/airflow/example_dags/example_xcomargs.py
[2023-04-08T12:10:36.928+0000] {processor.py:753} INFO - DAG(s) dict_keys(['example_xcom_args', 'example_xcom_args_with_operators']) retrieved from /home/airflow/.local/lib/python3.7/site-packages/airflow/example_dags/example_xcomargs.py
[2023-04-08T12:10:36.970+0000] {logging_mixin.py:137} INFO - [2023-04-08T12:10:36.970+0000] {dag.py:2705} INFO - Sync 2 DAGs
[2023-04-08T12:10:37.009+0000] {logging_mixin.py:137} INFO - [2023-04-08T12:10:37.009+0000] {dag.py:3456} INFO - Setting next_dagrun for example_xcom_args to None, run_after=None
[2023-04-08T12:10:37.014+0000] {logging_mixin.py:137} INFO - [2023-04-08T12:10:37.014+0000] {dag.py:3456} INFO - Setting next_dagrun for example_xcom_args_with_operators to None, run_after=None
[2023-04-08T12:10:37.034+0000] {processor.py:175} INFO - Processing /home/airflow/.local/lib/python3.7/site-packages/airflow/example_dags/example_xcomargs.py took 0.147 seconds
