[2023-04-08T12:01:18.161+0000] {processor.py:153} INFO - Started process (PID=53) to work on /home/airflow/.local/lib/python3.7/site-packages/airflow/example_dags/example_datasets.py
[2023-04-08T12:01:18.162+0000] {processor.py:743} INFO - Processing file /home/airflow/.local/lib/python3.7/site-packages/airflow/example_dags/example_datasets.py for tasks to queue
[2023-04-08T12:01:18.163+0000] {logging_mixin.py:137} INFO - [2023-04-08T12:01:18.163+0000] {dagbag.py:532} INFO - Filling up the DagBag from /home/airflow/.local/lib/python3.7/site-packages/airflow/example_dags/example_datasets.py
[2023-04-08T12:01:18.242+0000] {processor.py:753} INFO - DAG(s) dict_keys(['dataset_consumes_1_never_scheduled', 'dataset_produces_2', 'dataset_consumes_1', 'dataset_consumes_unknown_never_scheduled', 'dataset_consumes_1_and_2', 'dataset_produces_1']) retrieved from /home/airflow/.local/lib/python3.7/site-packages/airflow/example_dags/example_datasets.py
[2023-04-08T12:01:18.817+0000] {logging_mixin.py:137} INFO - [2023-04-08T12:01:18.817+0000] {manager.py:504} INFO - Created Permission View: can delete on DAG:dataset_consumes_1_never_scheduled
[2023-04-08T12:01:18.837+0000] {logging_mixin.py:137} INFO - [2023-04-08T12:01:18.837+0000] {manager.py:504} INFO - Created Permission View: can edit on DAG:dataset_consumes_1_never_scheduled
[2023-04-08T12:01:18.857+0000] {logging_mixin.py:137} INFO - [2023-04-08T12:01:18.857+0000] {manager.py:504} INFO - Created Permission View: can read on DAG:dataset_consumes_1_never_scheduled
[2023-04-08T12:01:18.902+0000] {logging_mixin.py:137} INFO - [2023-04-08T12:01:18.902+0000] {manager.py:504} INFO - Created Permission View: can delete on DAG:dataset_produces_2
[2023-04-08T12:01:18.921+0000] {logging_mixin.py:137} INFO - [2023-04-08T12:01:18.920+0000] {manager.py:504} INFO - Created Permission View: can edit on DAG:dataset_produces_2
[2023-04-08T12:01:18.950+0000] {logging_mixin.py:137} INFO - [2023-04-08T12:01:18.950+0000] {manager.py:504} INFO - Created Permission View: can read on DAG:dataset_produces_2
[2023-04-08T12:01:18.993+0000] {logging_mixin.py:137} INFO - [2023-04-08T12:01:18.991+0000] {manager.py:504} INFO - Created Permission View: can delete on DAG:dataset_consumes_1
[2023-04-08T12:01:19.038+0000] {logging_mixin.py:137} INFO - [2023-04-08T12:01:19.038+0000] {manager.py:504} INFO - Created Permission View: can edit on DAG:dataset_consumes_1
[2023-04-08T12:01:19.062+0000] {logging_mixin.py:137} INFO - [2023-04-08T12:01:19.062+0000] {manager.py:504} INFO - Created Permission View: can read on DAG:dataset_consumes_1
[2023-04-08T12:01:19.122+0000] {logging_mixin.py:137} INFO - [2023-04-08T12:01:19.122+0000] {manager.py:504} INFO - Created Permission View: can delete on DAG:dataset_consumes_unknown_never_scheduled
[2023-04-08T12:01:19.155+0000] {logging_mixin.py:137} INFO - [2023-04-08T12:01:19.155+0000] {manager.py:504} INFO - Created Permission View: can edit on DAG:dataset_consumes_unknown_never_scheduled
[2023-04-08T12:01:19.177+0000] {logging_mixin.py:137} INFO - [2023-04-08T12:01:19.177+0000] {manager.py:504} INFO - Created Permission View: can read on DAG:dataset_consumes_unknown_never_scheduled
[2023-04-08T12:01:19.225+0000] {logging_mixin.py:137} INFO - [2023-04-08T12:01:19.225+0000] {manager.py:504} INFO - Created Permission View: can delete on DAG:dataset_consumes_1_and_2
[2023-04-08T12:01:19.244+0000] {logging_mixin.py:137} INFO - [2023-04-08T12:01:19.244+0000] {manager.py:504} INFO - Created Permission View: can edit on DAG:dataset_consumes_1_and_2
[2023-04-08T12:01:19.267+0000] {logging_mixin.py:137} INFO - [2023-04-08T12:01:19.267+0000] {manager.py:504} INFO - Created Permission View: can read on DAG:dataset_consumes_1_and_2
[2023-04-08T12:01:19.310+0000] {logging_mixin.py:137} INFO - [2023-04-08T12:01:19.310+0000] {manager.py:504} INFO - Created Permission View: can delete on DAG:dataset_produces_1
[2023-04-08T12:01:19.332+0000] {logging_mixin.py:137} INFO - [2023-04-08T12:01:19.331+0000] {manager.py:504} INFO - Created Permission View: can edit on DAG:dataset_produces_1
[2023-04-08T12:01:19.356+0000] {logging_mixin.py:137} INFO - [2023-04-08T12:01:19.356+0000] {manager.py:504} INFO - Created Permission View: can read on DAG:dataset_produces_1
[2023-04-08T12:01:19.356+0000] {logging_mixin.py:137} INFO - [2023-04-08T12:01:19.356+0000] {dag.py:2705} INFO - Sync 6 DAGs
[2023-04-08T12:01:19.405+0000] {logging_mixin.py:137} INFO - [2023-04-08T12:01:19.405+0000] {dag.py:2726} INFO - Creating ORM DAG for dataset_produces_1
[2023-04-08T12:01:19.406+0000] {logging_mixin.py:137} INFO - [2023-04-08T12:01:19.406+0000] {dag.py:2726} INFO - Creating ORM DAG for dataset_consumes_1_and_2
[2023-04-08T12:01:19.407+0000] {logging_mixin.py:137} INFO - [2023-04-08T12:01:19.406+0000] {dag.py:2726} INFO - Creating ORM DAG for dataset_consumes_1
[2023-04-08T12:01:19.407+0000] {logging_mixin.py:137} INFO - [2023-04-08T12:01:19.407+0000] {dag.py:2726} INFO - Creating ORM DAG for dataset_consumes_1_never_scheduled
[2023-04-08T12:01:19.408+0000] {logging_mixin.py:137} INFO - [2023-04-08T12:01:19.408+0000] {dag.py:2726} INFO - Creating ORM DAG for dataset_produces_2
[2023-04-08T12:01:19.408+0000] {logging_mixin.py:137} INFO - [2023-04-08T12:01:19.408+0000] {dag.py:2726} INFO - Creating ORM DAG for dataset_consumes_unknown_never_scheduled
[2023-04-08T12:01:19.472+0000] {logging_mixin.py:137} INFO - [2023-04-08T12:01:19.472+0000] {dag.py:3456} INFO - Setting next_dagrun for dataset_consumes_1 to None, run_after=None
[2023-04-08T12:01:19.473+0000] {logging_mixin.py:137} INFO - [2023-04-08T12:01:19.473+0000] {dag.py:3456} INFO - Setting next_dagrun for dataset_consumes_1_and_2 to None, run_after=None
[2023-04-08T12:01:19.474+0000] {logging_mixin.py:137} INFO - [2023-04-08T12:01:19.474+0000] {dag.py:3456} INFO - Setting next_dagrun for dataset_consumes_1_never_scheduled to None, run_after=None
[2023-04-08T12:01:19.474+0000] {logging_mixin.py:137} INFO - [2023-04-08T12:01:19.474+0000] {dag.py:3456} INFO - Setting next_dagrun for dataset_consumes_unknown_never_scheduled to None, run_after=None
[2023-04-08T12:01:19.478+0000] {logging_mixin.py:137} INFO - [2023-04-08T12:01:19.478+0000] {dag.py:3456} INFO - Setting next_dagrun for dataset_produces_1 to 2023-04-07T00:00:00+00:00, run_after=2023-04-08T00:00:00+00:00
[2023-04-08T12:01:19.479+0000] {logging_mixin.py:137} INFO - [2023-04-08T12:01:19.479+0000] {dag.py:3456} INFO - Setting next_dagrun for dataset_produces_2 to None, run_after=None
[2023-04-08T12:01:19.667+0000] {processor.py:175} INFO - Processing /home/airflow/.local/lib/python3.7/site-packages/airflow/example_dags/example_datasets.py took 1.518 seconds
[2023-04-08T12:01:50.304+0000] {processor.py:153} INFO - Started process (PID=103) to work on /home/airflow/.local/lib/python3.7/site-packages/airflow/example_dags/example_datasets.py
[2023-04-08T12:01:50.305+0000] {processor.py:743} INFO - Processing file /home/airflow/.local/lib/python3.7/site-packages/airflow/example_dags/example_datasets.py for tasks to queue
[2023-04-08T12:01:50.306+0000] {logging_mixin.py:137} INFO - [2023-04-08T12:01:50.305+0000] {dagbag.py:532} INFO - Filling up the DagBag from /home/airflow/.local/lib/python3.7/site-packages/airflow/example_dags/example_datasets.py
[2023-04-08T12:01:50.329+0000] {processor.py:753} INFO - DAG(s) dict_keys(['dataset_consumes_unknown_never_scheduled', 'dataset_consumes_1_and_2', 'dataset_produces_2', 'dataset_consumes_1', 'dataset_consumes_1_never_scheduled', 'dataset_produces_1']) retrieved from /home/airflow/.local/lib/python3.7/site-packages/airflow/example_dags/example_datasets.py
[2023-04-08T12:01:50.411+0000] {logging_mixin.py:137} INFO - [2023-04-08T12:01:50.411+0000] {dag.py:2705} INFO - Sync 6 DAGs
[2023-04-08T12:01:50.453+0000] {logging_mixin.py:137} INFO - [2023-04-08T12:01:50.453+0000] {dag.py:3456} INFO - Setting next_dagrun for dataset_consumes_1 to None, run_after=None
[2023-04-08T12:01:50.458+0000] {logging_mixin.py:137} INFO - [2023-04-08T12:01:50.458+0000] {dag.py:3456} INFO - Setting next_dagrun for dataset_consumes_1_and_2 to None, run_after=None
[2023-04-08T12:01:50.460+0000] {logging_mixin.py:137} INFO - [2023-04-08T12:01:50.460+0000] {dag.py:3456} INFO - Setting next_dagrun for dataset_consumes_1_never_scheduled to None, run_after=None
[2023-04-08T12:01:50.461+0000] {logging_mixin.py:137} INFO - [2023-04-08T12:01:50.461+0000] {dag.py:3456} INFO - Setting next_dagrun for dataset_consumes_unknown_never_scheduled to None, run_after=None
[2023-04-08T12:01:50.465+0000] {logging_mixin.py:137} INFO - [2023-04-08T12:01:50.465+0000] {dag.py:3456} INFO - Setting next_dagrun for dataset_produces_1 to 2023-04-07T00:00:00+00:00, run_after=2023-04-08T00:00:00+00:00
[2023-04-08T12:01:50.466+0000] {logging_mixin.py:137} INFO - [2023-04-08T12:01:50.466+0000] {dag.py:3456} INFO - Setting next_dagrun for dataset_produces_2 to None, run_after=None
[2023-04-08T12:01:50.500+0000] {processor.py:175} INFO - Processing /home/airflow/.local/lib/python3.7/site-packages/airflow/example_dags/example_datasets.py took 0.200 seconds
[2023-04-08T12:02:20.669+0000] {processor.py:153} INFO - Started process (PID=152) to work on /home/airflow/.local/lib/python3.7/site-packages/airflow/example_dags/example_datasets.py
[2023-04-08T12:02:20.681+0000] {processor.py:743} INFO - Processing file /home/airflow/.local/lib/python3.7/site-packages/airflow/example_dags/example_datasets.py for tasks to queue
[2023-04-08T12:02:20.682+0000] {logging_mixin.py:137} INFO - [2023-04-08T12:02:20.682+0000] {dagbag.py:532} INFO - Filling up the DagBag from /home/airflow/.local/lib/python3.7/site-packages/airflow/example_dags/example_datasets.py
[2023-04-08T12:02:20.752+0000] {processor.py:753} INFO - DAG(s) dict_keys(['dataset_consumes_unknown_never_scheduled', 'dataset_consumes_1_never_scheduled', 'dataset_produces_2', 'dataset_consumes_1', 'dataset_produces_1', 'dataset_consumes_1_and_2']) retrieved from /home/airflow/.local/lib/python3.7/site-packages/airflow/example_dags/example_datasets.py
[2023-04-08T12:02:20.966+0000] {logging_mixin.py:137} INFO - [2023-04-08T12:02:20.966+0000] {dag.py:2705} INFO - Sync 6 DAGs
[2023-04-08T12:02:21.141+0000] {logging_mixin.py:137} INFO - [2023-04-08T12:02:21.141+0000] {dag.py:3456} INFO - Setting next_dagrun for dataset_consumes_1 to None, run_after=None
[2023-04-08T12:02:21.158+0000] {logging_mixin.py:137} INFO - [2023-04-08T12:02:21.158+0000] {dag.py:3456} INFO - Setting next_dagrun for dataset_consumes_1_and_2 to None, run_after=None
[2023-04-08T12:02:21.167+0000] {logging_mixin.py:137} INFO - [2023-04-08T12:02:21.167+0000] {dag.py:3456} INFO - Setting next_dagrun for dataset_consumes_1_never_scheduled to None, run_after=None
[2023-04-08T12:02:21.174+0000] {logging_mixin.py:137} INFO - [2023-04-08T12:02:21.173+0000] {dag.py:3456} INFO - Setting next_dagrun for dataset_consumes_unknown_never_scheduled to None, run_after=None
[2023-04-08T12:02:21.178+0000] {logging_mixin.py:137} INFO - [2023-04-08T12:02:21.178+0000] {dag.py:3456} INFO - Setting next_dagrun for dataset_produces_1 to 2023-04-07T00:00:00+00:00, run_after=2023-04-08T00:00:00+00:00
[2023-04-08T12:02:21.191+0000] {logging_mixin.py:137} INFO - [2023-04-08T12:02:21.191+0000] {dag.py:3456} INFO - Setting next_dagrun for dataset_produces_2 to None, run_after=None
[2023-04-08T12:02:21.315+0000] {processor.py:175} INFO - Processing /home/airflow/.local/lib/python3.7/site-packages/airflow/example_dags/example_datasets.py took 0.651 seconds
[2023-04-08T12:02:51.844+0000] {processor.py:153} INFO - Started process (PID=202) to work on /home/airflow/.local/lib/python3.7/site-packages/airflow/example_dags/example_datasets.py
[2023-04-08T12:02:51.845+0000] {processor.py:743} INFO - Processing file /home/airflow/.local/lib/python3.7/site-packages/airflow/example_dags/example_datasets.py for tasks to queue
[2023-04-08T12:02:51.846+0000] {logging_mixin.py:137} INFO - [2023-04-08T12:02:51.845+0000] {dagbag.py:532} INFO - Filling up the DagBag from /home/airflow/.local/lib/python3.7/site-packages/airflow/example_dags/example_datasets.py
[2023-04-08T12:02:51.869+0000] {processor.py:753} INFO - DAG(s) dict_keys(['dataset_consumes_1_never_scheduled', 'dataset_produces_2', 'dataset_produces_1', 'dataset_consumes_1_and_2', 'dataset_consumes_1', 'dataset_consumes_unknown_never_scheduled']) retrieved from /home/airflow/.local/lib/python3.7/site-packages/airflow/example_dags/example_datasets.py
[2023-04-08T12:02:51.929+0000] {logging_mixin.py:137} INFO - [2023-04-08T12:02:51.929+0000] {dag.py:2705} INFO - Sync 6 DAGs
[2023-04-08T12:02:51.970+0000] {logging_mixin.py:137} INFO - [2023-04-08T12:02:51.969+0000] {dag.py:3456} INFO - Setting next_dagrun for dataset_consumes_1 to None, run_after=None
[2023-04-08T12:02:51.974+0000] {logging_mixin.py:137} INFO - [2023-04-08T12:02:51.974+0000] {dag.py:3456} INFO - Setting next_dagrun for dataset_consumes_1_and_2 to None, run_after=None
[2023-04-08T12:02:51.976+0000] {logging_mixin.py:137} INFO - [2023-04-08T12:02:51.975+0000] {dag.py:3456} INFO - Setting next_dagrun for dataset_consumes_1_never_scheduled to None, run_after=None
[2023-04-08T12:02:51.977+0000] {logging_mixin.py:137} INFO - [2023-04-08T12:02:51.977+0000] {dag.py:3456} INFO - Setting next_dagrun for dataset_consumes_unknown_never_scheduled to None, run_after=None
[2023-04-08T12:02:51.981+0000] {logging_mixin.py:137} INFO - [2023-04-08T12:02:51.981+0000] {dag.py:3456} INFO - Setting next_dagrun for dataset_produces_1 to 2023-04-07T00:00:00+00:00, run_after=2023-04-08T00:00:00+00:00
[2023-04-08T12:02:51.983+0000] {logging_mixin.py:137} INFO - [2023-04-08T12:02:51.983+0000] {dag.py:3456} INFO - Setting next_dagrun for dataset_produces_2 to None, run_after=None
[2023-04-08T12:02:52.018+0000] {processor.py:175} INFO - Processing /home/airflow/.local/lib/python3.7/site-packages/airflow/example_dags/example_datasets.py took 0.179 seconds
[2023-04-08T12:03:22.164+0000] {processor.py:153} INFO - Started process (PID=252) to work on /home/airflow/.local/lib/python3.7/site-packages/airflow/example_dags/example_datasets.py
[2023-04-08T12:03:22.166+0000] {processor.py:743} INFO - Processing file /home/airflow/.local/lib/python3.7/site-packages/airflow/example_dags/example_datasets.py for tasks to queue
[2023-04-08T12:03:22.166+0000] {logging_mixin.py:137} INFO - [2023-04-08T12:03:22.166+0000] {dagbag.py:532} INFO - Filling up the DagBag from /home/airflow/.local/lib/python3.7/site-packages/airflow/example_dags/example_datasets.py
[2023-04-08T12:03:22.191+0000] {processor.py:753} INFO - DAG(s) dict_keys(['dataset_consumes_1', 'dataset_produces_1', 'dataset_consumes_1_and_2', 'dataset_produces_2', 'dataset_consumes_1_never_scheduled', 'dataset_consumes_unknown_never_scheduled']) retrieved from /home/airflow/.local/lib/python3.7/site-packages/airflow/example_dags/example_datasets.py
[2023-04-08T12:03:22.248+0000] {logging_mixin.py:137} INFO - [2023-04-08T12:03:22.248+0000] {dag.py:2705} INFO - Sync 6 DAGs
[2023-04-08T12:03:22.289+0000] {logging_mixin.py:137} INFO - [2023-04-08T12:03:22.289+0000] {dag.py:3456} INFO - Setting next_dagrun for dataset_consumes_1 to None, run_after=None
[2023-04-08T12:03:22.294+0000] {logging_mixin.py:137} INFO - [2023-04-08T12:03:22.293+0000] {dag.py:3456} INFO - Setting next_dagrun for dataset_consumes_1_and_2 to None, run_after=None
[2023-04-08T12:03:22.295+0000] {logging_mixin.py:137} INFO - [2023-04-08T12:03:22.295+0000] {dag.py:3456} INFO - Setting next_dagrun for dataset_consumes_1_never_scheduled to None, run_after=None
[2023-04-08T12:03:22.297+0000] {logging_mixin.py:137} INFO - [2023-04-08T12:03:22.296+0000] {dag.py:3456} INFO - Setting next_dagrun for dataset_consumes_unknown_never_scheduled to None, run_after=None
[2023-04-08T12:03:22.300+0000] {logging_mixin.py:137} INFO - [2023-04-08T12:03:22.300+0000] {dag.py:3456} INFO - Setting next_dagrun for dataset_produces_1 to 2023-04-07T00:00:00+00:00, run_after=2023-04-08T00:00:00+00:00
[2023-04-08T12:03:22.302+0000] {logging_mixin.py:137} INFO - [2023-04-08T12:03:22.302+0000] {dag.py:3456} INFO - Setting next_dagrun for dataset_produces_2 to None, run_after=None
[2023-04-08T12:03:22.339+0000] {processor.py:175} INFO - Processing /home/airflow/.local/lib/python3.7/site-packages/airflow/example_dags/example_datasets.py took 0.180 seconds
[2023-04-08T12:03:52.649+0000] {processor.py:153} INFO - Started process (PID=302) to work on /home/airflow/.local/lib/python3.7/site-packages/airflow/example_dags/example_datasets.py
[2023-04-08T12:03:52.650+0000] {processor.py:743} INFO - Processing file /home/airflow/.local/lib/python3.7/site-packages/airflow/example_dags/example_datasets.py for tasks to queue
[2023-04-08T12:03:52.651+0000] {logging_mixin.py:137} INFO - [2023-04-08T12:03:52.651+0000] {dagbag.py:532} INFO - Filling up the DagBag from /home/airflow/.local/lib/python3.7/site-packages/airflow/example_dags/example_datasets.py
[2023-04-08T12:03:52.674+0000] {processor.py:753} INFO - DAG(s) dict_keys(['dataset_consumes_unknown_never_scheduled', 'dataset_produces_1', 'dataset_consumes_1_never_scheduled', 'dataset_produces_2', 'dataset_consumes_1', 'dataset_consumes_1_and_2']) retrieved from /home/airflow/.local/lib/python3.7/site-packages/airflow/example_dags/example_datasets.py
[2023-04-08T12:03:52.738+0000] {logging_mixin.py:137} INFO - [2023-04-08T12:03:52.738+0000] {dag.py:2705} INFO - Sync 6 DAGs
[2023-04-08T12:03:52.780+0000] {logging_mixin.py:137} INFO - [2023-04-08T12:03:52.780+0000] {dag.py:3456} INFO - Setting next_dagrun for dataset_consumes_1 to None, run_after=None
[2023-04-08T12:03:52.785+0000] {logging_mixin.py:137} INFO - [2023-04-08T12:03:52.784+0000] {dag.py:3456} INFO - Setting next_dagrun for dataset_consumes_1_and_2 to None, run_after=None
[2023-04-08T12:03:52.786+0000] {logging_mixin.py:137} INFO - [2023-04-08T12:03:52.786+0000] {dag.py:3456} INFO - Setting next_dagrun for dataset_consumes_1_never_scheduled to None, run_after=None
[2023-04-08T12:03:52.788+0000] {logging_mixin.py:137} INFO - [2023-04-08T12:03:52.787+0000] {dag.py:3456} INFO - Setting next_dagrun for dataset_consumes_unknown_never_scheduled to None, run_after=None
[2023-04-08T12:03:52.792+0000] {logging_mixin.py:137} INFO - [2023-04-08T12:03:52.791+0000] {dag.py:3456} INFO - Setting next_dagrun for dataset_produces_1 to 2023-04-07T00:00:00+00:00, run_after=2023-04-08T00:00:00+00:00
[2023-04-08T12:03:52.793+0000] {logging_mixin.py:137} INFO - [2023-04-08T12:03:52.793+0000] {dag.py:3456} INFO - Setting next_dagrun for dataset_produces_2 to None, run_after=None
[2023-04-08T12:03:52.826+0000] {processor.py:175} INFO - Processing /home/airflow/.local/lib/python3.7/site-packages/airflow/example_dags/example_datasets.py took 0.181 seconds
[2023-04-08T12:04:22.907+0000] {processor.py:153} INFO - Started process (PID=353) to work on /home/airflow/.local/lib/python3.7/site-packages/airflow/example_dags/example_datasets.py
[2023-04-08T12:04:22.908+0000] {processor.py:743} INFO - Processing file /home/airflow/.local/lib/python3.7/site-packages/airflow/example_dags/example_datasets.py for tasks to queue
[2023-04-08T12:04:22.909+0000] {logging_mixin.py:137} INFO - [2023-04-08T12:04:22.909+0000] {dagbag.py:532} INFO - Filling up the DagBag from /home/airflow/.local/lib/python3.7/site-packages/airflow/example_dags/example_datasets.py
[2023-04-08T12:04:22.955+0000] {processor.py:753} INFO - DAG(s) dict_keys(['dataset_consumes_1_and_2', 'dataset_consumes_1_never_scheduled', 'dataset_consumes_unknown_never_scheduled', 'dataset_produces_1', 'dataset_produces_2', 'dataset_consumes_1']) retrieved from /home/airflow/.local/lib/python3.7/site-packages/airflow/example_dags/example_datasets.py
[2023-04-08T12:04:23.014+0000] {logging_mixin.py:137} INFO - [2023-04-08T12:04:23.014+0000] {dag.py:2705} INFO - Sync 6 DAGs
[2023-04-08T12:04:23.055+0000] {logging_mixin.py:137} INFO - [2023-04-08T12:04:23.055+0000] {dag.py:3456} INFO - Setting next_dagrun for dataset_consumes_1 to None, run_after=None
[2023-04-08T12:04:23.059+0000] {logging_mixin.py:137} INFO - [2023-04-08T12:04:23.059+0000] {dag.py:3456} INFO - Setting next_dagrun for dataset_consumes_1_and_2 to None, run_after=None
[2023-04-08T12:04:23.061+0000] {logging_mixin.py:137} INFO - [2023-04-08T12:04:23.061+0000] {dag.py:3456} INFO - Setting next_dagrun for dataset_consumes_1_never_scheduled to None, run_after=None
[2023-04-08T12:04:23.062+0000] {logging_mixin.py:137} INFO - [2023-04-08T12:04:23.062+0000] {dag.py:3456} INFO - Setting next_dagrun for dataset_consumes_unknown_never_scheduled to None, run_after=None
[2023-04-08T12:04:23.066+0000] {logging_mixin.py:137} INFO - [2023-04-08T12:04:23.065+0000] {dag.py:3456} INFO - Setting next_dagrun for dataset_produces_1 to 2023-04-07T00:00:00+00:00, run_after=2023-04-08T00:00:00+00:00
[2023-04-08T12:04:23.067+0000] {logging_mixin.py:137} INFO - [2023-04-08T12:04:23.067+0000] {dag.py:3456} INFO - Setting next_dagrun for dataset_produces_2 to None, run_after=None
[2023-04-08T12:04:23.099+0000] {processor.py:175} INFO - Processing /home/airflow/.local/lib/python3.7/site-packages/airflow/example_dags/example_datasets.py took 0.197 seconds
[2023-04-08T12:04:53.395+0000] {processor.py:153} INFO - Started process (PID=403) to work on /home/airflow/.local/lib/python3.7/site-packages/airflow/example_dags/example_datasets.py
[2023-04-08T12:04:53.396+0000] {processor.py:743} INFO - Processing file /home/airflow/.local/lib/python3.7/site-packages/airflow/example_dags/example_datasets.py for tasks to queue
[2023-04-08T12:04:53.396+0000] {logging_mixin.py:137} INFO - [2023-04-08T12:04:53.396+0000] {dagbag.py:532} INFO - Filling up the DagBag from /home/airflow/.local/lib/python3.7/site-packages/airflow/example_dags/example_datasets.py
[2023-04-08T12:04:53.419+0000] {processor.py:753} INFO - DAG(s) dict_keys(['dataset_consumes_unknown_never_scheduled', 'dataset_consumes_1_and_2', 'dataset_consumes_1_never_scheduled', 'dataset_produces_2', 'dataset_consumes_1', 'dataset_produces_1']) retrieved from /home/airflow/.local/lib/python3.7/site-packages/airflow/example_dags/example_datasets.py
[2023-04-08T12:04:53.479+0000] {logging_mixin.py:137} INFO - [2023-04-08T12:04:53.479+0000] {dag.py:2705} INFO - Sync 6 DAGs
[2023-04-08T12:04:53.523+0000] {logging_mixin.py:137} INFO - [2023-04-08T12:04:53.519+0000] {dag.py:3456} INFO - Setting next_dagrun for dataset_consumes_1 to None, run_after=None
[2023-04-08T12:04:53.539+0000] {logging_mixin.py:137} INFO - [2023-04-08T12:04:53.539+0000] {dag.py:3456} INFO - Setting next_dagrun for dataset_consumes_1_and_2 to None, run_after=None
[2023-04-08T12:04:53.549+0000] {logging_mixin.py:137} INFO - [2023-04-08T12:04:53.549+0000] {dag.py:3456} INFO - Setting next_dagrun for dataset_consumes_1_never_scheduled to None, run_after=None
[2023-04-08T12:04:53.551+0000] {logging_mixin.py:137} INFO - [2023-04-08T12:04:53.551+0000] {dag.py:3456} INFO - Setting next_dagrun for dataset_consumes_unknown_never_scheduled to None, run_after=None
[2023-04-08T12:04:53.555+0000] {logging_mixin.py:137} INFO - [2023-04-08T12:04:53.555+0000] {dag.py:3456} INFO - Setting next_dagrun for dataset_produces_1 to 2023-04-07T00:00:00+00:00, run_after=2023-04-08T00:00:00+00:00
[2023-04-08T12:04:53.556+0000] {logging_mixin.py:137} INFO - [2023-04-08T12:04:53.556+0000] {dag.py:3456} INFO - Setting next_dagrun for dataset_produces_2 to None, run_after=None
[2023-04-08T12:04:53.604+0000] {processor.py:175} INFO - Processing /home/airflow/.local/lib/python3.7/site-packages/airflow/example_dags/example_datasets.py took 0.214 seconds
[2023-04-08T12:05:23.699+0000] {processor.py:153} INFO - Started process (PID=454) to work on /home/airflow/.local/lib/python3.7/site-packages/airflow/example_dags/example_datasets.py
[2023-04-08T12:05:23.700+0000] {processor.py:743} INFO - Processing file /home/airflow/.local/lib/python3.7/site-packages/airflow/example_dags/example_datasets.py for tasks to queue
[2023-04-08T12:05:23.701+0000] {logging_mixin.py:137} INFO - [2023-04-08T12:05:23.701+0000] {dagbag.py:532} INFO - Filling up the DagBag from /home/airflow/.local/lib/python3.7/site-packages/airflow/example_dags/example_datasets.py
[2023-04-08T12:05:23.725+0000] {processor.py:753} INFO - DAG(s) dict_keys(['dataset_consumes_unknown_never_scheduled', 'dataset_consumes_1', 'dataset_produces_2', 'dataset_consumes_1_and_2', 'dataset_produces_1', 'dataset_consumes_1_never_scheduled']) retrieved from /home/airflow/.local/lib/python3.7/site-packages/airflow/example_dags/example_datasets.py
[2023-04-08T12:05:23.782+0000] {logging_mixin.py:137} INFO - [2023-04-08T12:05:23.782+0000] {dag.py:2705} INFO - Sync 6 DAGs
[2023-04-08T12:05:23.834+0000] {logging_mixin.py:137} INFO - [2023-04-08T12:05:23.834+0000] {dag.py:3456} INFO - Setting next_dagrun for dataset_consumes_1 to None, run_after=None
[2023-04-08T12:05:23.838+0000] {logging_mixin.py:137} INFO - [2023-04-08T12:05:23.838+0000] {dag.py:3456} INFO - Setting next_dagrun for dataset_consumes_1_and_2 to None, run_after=None
[2023-04-08T12:05:23.840+0000] {logging_mixin.py:137} INFO - [2023-04-08T12:05:23.840+0000] {dag.py:3456} INFO - Setting next_dagrun for dataset_consumes_1_never_scheduled to None, run_after=None
[2023-04-08T12:05:23.841+0000] {logging_mixin.py:137} INFO - [2023-04-08T12:05:23.841+0000] {dag.py:3456} INFO - Setting next_dagrun for dataset_consumes_unknown_never_scheduled to None, run_after=None
[2023-04-08T12:05:23.845+0000] {logging_mixin.py:137} INFO - [2023-04-08T12:05:23.845+0000] {dag.py:3456} INFO - Setting next_dagrun for dataset_produces_1 to 2023-04-07T00:00:00+00:00, run_after=2023-04-08T00:00:00+00:00
[2023-04-08T12:05:23.847+0000] {logging_mixin.py:137} INFO - [2023-04-08T12:05:23.847+0000] {dag.py:3456} INFO - Setting next_dagrun for dataset_produces_2 to None, run_after=None
[2023-04-08T12:05:23.882+0000] {processor.py:175} INFO - Processing /home/airflow/.local/lib/python3.7/site-packages/airflow/example_dags/example_datasets.py took 0.188 seconds
[2023-04-08T12:05:54.004+0000] {processor.py:153} INFO - Started process (PID=504) to work on /home/airflow/.local/lib/python3.7/site-packages/airflow/example_dags/example_datasets.py
[2023-04-08T12:05:54.005+0000] {processor.py:743} INFO - Processing file /home/airflow/.local/lib/python3.7/site-packages/airflow/example_dags/example_datasets.py for tasks to queue
[2023-04-08T12:05:54.006+0000] {logging_mixin.py:137} INFO - [2023-04-08T12:05:54.006+0000] {dagbag.py:532} INFO - Filling up the DagBag from /home/airflow/.local/lib/python3.7/site-packages/airflow/example_dags/example_datasets.py
[2023-04-08T12:05:54.032+0000] {processor.py:753} INFO - DAG(s) dict_keys(['dataset_consumes_1', 'dataset_consumes_1_never_scheduled', 'dataset_produces_2', 'dataset_produces_1', 'dataset_consumes_1_and_2', 'dataset_consumes_unknown_never_scheduled']) retrieved from /home/airflow/.local/lib/python3.7/site-packages/airflow/example_dags/example_datasets.py
[2023-04-08T12:05:54.091+0000] {logging_mixin.py:137} INFO - [2023-04-08T12:05:54.091+0000] {dag.py:2705} INFO - Sync 6 DAGs
[2023-04-08T12:05:54.132+0000] {logging_mixin.py:137} INFO - [2023-04-08T12:05:54.132+0000] {dag.py:3456} INFO - Setting next_dagrun for dataset_consumes_1 to None, run_after=None
[2023-04-08T12:05:54.137+0000] {logging_mixin.py:137} INFO - [2023-04-08T12:05:54.137+0000] {dag.py:3456} INFO - Setting next_dagrun for dataset_consumes_1_and_2 to None, run_after=None
[2023-04-08T12:05:54.138+0000] {logging_mixin.py:137} INFO - [2023-04-08T12:05:54.138+0000] {dag.py:3456} INFO - Setting next_dagrun for dataset_consumes_1_never_scheduled to None, run_after=None
[2023-04-08T12:05:54.140+0000] {logging_mixin.py:137} INFO - [2023-04-08T12:05:54.140+0000] {dag.py:3456} INFO - Setting next_dagrun for dataset_consumes_unknown_never_scheduled to None, run_after=None
[2023-04-08T12:05:54.144+0000] {logging_mixin.py:137} INFO - [2023-04-08T12:05:54.144+0000] {dag.py:3456} INFO - Setting next_dagrun for dataset_produces_1 to 2023-04-07T00:00:00+00:00, run_after=2023-04-08T00:00:00+00:00
[2023-04-08T12:05:54.145+0000] {logging_mixin.py:137} INFO - [2023-04-08T12:05:54.145+0000] {dag.py:3456} INFO - Setting next_dagrun for dataset_produces_2 to None, run_after=None
[2023-04-08T12:05:54.179+0000] {processor.py:175} INFO - Processing /home/airflow/.local/lib/python3.7/site-packages/airflow/example_dags/example_datasets.py took 0.179 seconds
[2023-04-08T12:06:24.841+0000] {processor.py:153} INFO - Started process (PID=554) to work on /home/airflow/.local/lib/python3.7/site-packages/airflow/example_dags/example_datasets.py
[2023-04-08T12:06:24.850+0000] {processor.py:743} INFO - Processing file /home/airflow/.local/lib/python3.7/site-packages/airflow/example_dags/example_datasets.py for tasks to queue
[2023-04-08T12:06:24.851+0000] {logging_mixin.py:137} INFO - [2023-04-08T12:06:24.850+0000] {dagbag.py:532} INFO - Filling up the DagBag from /home/airflow/.local/lib/python3.7/site-packages/airflow/example_dags/example_datasets.py
[2023-04-08T12:06:24.876+0000] {processor.py:753} INFO - DAG(s) dict_keys(['dataset_consumes_1_never_scheduled', 'dataset_consumes_unknown_never_scheduled', 'dataset_produces_1', 'dataset_produces_2', 'dataset_consumes_1_and_2', 'dataset_consumes_1']) retrieved from /home/airflow/.local/lib/python3.7/site-packages/airflow/example_dags/example_datasets.py
[2023-04-08T12:06:24.959+0000] {logging_mixin.py:137} INFO - [2023-04-08T12:06:24.959+0000] {dag.py:2705} INFO - Sync 6 DAGs
[2023-04-08T12:06:24.999+0000] {logging_mixin.py:137} INFO - [2023-04-08T12:06:24.999+0000] {dag.py:3456} INFO - Setting next_dagrun for dataset_consumes_1 to None, run_after=None
[2023-04-08T12:06:25.004+0000] {logging_mixin.py:137} INFO - [2023-04-08T12:06:25.004+0000] {dag.py:3456} INFO - Setting next_dagrun for dataset_consumes_1_and_2 to None, run_after=None
[2023-04-08T12:06:25.006+0000] {logging_mixin.py:137} INFO - [2023-04-08T12:06:25.005+0000] {dag.py:3456} INFO - Setting next_dagrun for dataset_consumes_1_never_scheduled to None, run_after=None
[2023-04-08T12:06:25.007+0000] {logging_mixin.py:137} INFO - [2023-04-08T12:06:25.007+0000] {dag.py:3456} INFO - Setting next_dagrun for dataset_consumes_unknown_never_scheduled to None, run_after=None
[2023-04-08T12:06:25.011+0000] {logging_mixin.py:137} INFO - [2023-04-08T12:06:25.011+0000] {dag.py:3456} INFO - Setting next_dagrun for dataset_produces_1 to 2023-04-07T00:00:00+00:00, run_after=2023-04-08T00:00:00+00:00
[2023-04-08T12:06:25.012+0000] {logging_mixin.py:137} INFO - [2023-04-08T12:06:25.012+0000] {dag.py:3456} INFO - Setting next_dagrun for dataset_produces_2 to None, run_after=None
[2023-04-08T12:06:25.050+0000] {processor.py:175} INFO - Processing /home/airflow/.local/lib/python3.7/site-packages/airflow/example_dags/example_datasets.py took 0.213 seconds
[2023-04-08T12:06:55.928+0000] {processor.py:153} INFO - Started process (PID=604) to work on /home/airflow/.local/lib/python3.7/site-packages/airflow/example_dags/example_datasets.py
[2023-04-08T12:06:55.929+0000] {processor.py:743} INFO - Processing file /home/airflow/.local/lib/python3.7/site-packages/airflow/example_dags/example_datasets.py for tasks to queue
[2023-04-08T12:06:55.929+0000] {logging_mixin.py:137} INFO - [2023-04-08T12:06:55.929+0000] {dagbag.py:532} INFO - Filling up the DagBag from /home/airflow/.local/lib/python3.7/site-packages/airflow/example_dags/example_datasets.py
[2023-04-08T12:06:56.004+0000] {processor.py:753} INFO - DAG(s) dict_keys(['dataset_consumes_1_and_2', 'dataset_consumes_1_never_scheduled', 'dataset_produces_2', 'dataset_consumes_unknown_never_scheduled', 'dataset_produces_1', 'dataset_consumes_1']) retrieved from /home/airflow/.local/lib/python3.7/site-packages/airflow/example_dags/example_datasets.py
[2023-04-08T12:06:56.201+0000] {logging_mixin.py:137} INFO - [2023-04-08T12:06:56.201+0000] {dag.py:2705} INFO - Sync 6 DAGs
[2023-04-08T12:06:56.265+0000] {logging_mixin.py:137} INFO - [2023-04-08T12:06:56.263+0000] {dag.py:3456} INFO - Setting next_dagrun for dataset_consumes_1 to None, run_after=None
[2023-04-08T12:06:56.270+0000] {logging_mixin.py:137} INFO - [2023-04-08T12:06:56.270+0000] {dag.py:3456} INFO - Setting next_dagrun for dataset_consumes_1_and_2 to None, run_after=None
[2023-04-08T12:06:56.276+0000] {logging_mixin.py:137} INFO - [2023-04-08T12:06:56.276+0000] {dag.py:3456} INFO - Setting next_dagrun for dataset_consumes_1_never_scheduled to None, run_after=None
[2023-04-08T12:06:56.277+0000] {logging_mixin.py:137} INFO - [2023-04-08T12:06:56.277+0000] {dag.py:3456} INFO - Setting next_dagrun for dataset_consumes_unknown_never_scheduled to None, run_after=None
[2023-04-08T12:06:56.281+0000] {logging_mixin.py:137} INFO - [2023-04-08T12:06:56.281+0000] {dag.py:3456} INFO - Setting next_dagrun for dataset_produces_1 to 2023-04-07T00:00:00+00:00, run_after=2023-04-08T00:00:00+00:00
[2023-04-08T12:06:56.283+0000] {logging_mixin.py:137} INFO - [2023-04-08T12:06:56.283+0000] {dag.py:3456} INFO - Setting next_dagrun for dataset_produces_2 to None, run_after=None
[2023-04-08T12:06:56.329+0000] {processor.py:175} INFO - Processing /home/airflow/.local/lib/python3.7/site-packages/airflow/example_dags/example_datasets.py took 0.413 seconds
[2023-04-08T12:07:26.831+0000] {processor.py:153} INFO - Started process (PID=653) to work on /home/airflow/.local/lib/python3.7/site-packages/airflow/example_dags/example_datasets.py
[2023-04-08T12:07:26.834+0000] {processor.py:743} INFO - Processing file /home/airflow/.local/lib/python3.7/site-packages/airflow/example_dags/example_datasets.py for tasks to queue
[2023-04-08T12:07:26.834+0000] {logging_mixin.py:137} INFO - [2023-04-08T12:07:26.834+0000] {dagbag.py:532} INFO - Filling up the DagBag from /home/airflow/.local/lib/python3.7/site-packages/airflow/example_dags/example_datasets.py
[2023-04-08T12:07:26.876+0000] {processor.py:753} INFO - DAG(s) dict_keys(['dataset_consumes_1_and_2', 'dataset_produces_1', 'dataset_consumes_1_never_scheduled', 'dataset_consumes_unknown_never_scheduled', 'dataset_produces_2', 'dataset_consumes_1']) retrieved from /home/airflow/.local/lib/python3.7/site-packages/airflow/example_dags/example_datasets.py
[2023-04-08T12:07:26.995+0000] {logging_mixin.py:137} INFO - [2023-04-08T12:07:26.995+0000] {dag.py:2705} INFO - Sync 6 DAGs
[2023-04-08T12:07:27.073+0000] {logging_mixin.py:137} INFO - [2023-04-08T12:07:27.073+0000] {dag.py:3456} INFO - Setting next_dagrun for dataset_consumes_1 to None, run_after=None
[2023-04-08T12:07:27.086+0000] {logging_mixin.py:137} INFO - [2023-04-08T12:07:27.086+0000] {dag.py:3456} INFO - Setting next_dagrun for dataset_consumes_1_and_2 to None, run_after=None
[2023-04-08T12:07:27.093+0000] {logging_mixin.py:137} INFO - [2023-04-08T12:07:27.092+0000] {dag.py:3456} INFO - Setting next_dagrun for dataset_consumes_1_never_scheduled to None, run_after=None
[2023-04-08T12:07:27.098+0000] {logging_mixin.py:137} INFO - [2023-04-08T12:07:27.097+0000] {dag.py:3456} INFO - Setting next_dagrun for dataset_consumes_unknown_never_scheduled to None, run_after=None
[2023-04-08T12:07:27.106+0000] {logging_mixin.py:137} INFO - [2023-04-08T12:07:27.106+0000] {dag.py:3456} INFO - Setting next_dagrun for dataset_produces_1 to 2023-04-07T00:00:00+00:00, run_after=2023-04-08T00:00:00+00:00
[2023-04-08T12:07:27.109+0000] {logging_mixin.py:137} INFO - [2023-04-08T12:07:27.109+0000] {dag.py:3456} INFO - Setting next_dagrun for dataset_produces_2 to None, run_after=None
[2023-04-08T12:07:27.194+0000] {processor.py:175} INFO - Processing /home/airflow/.local/lib/python3.7/site-packages/airflow/example_dags/example_datasets.py took 0.377 seconds
[2023-04-08T12:07:57.351+0000] {processor.py:153} INFO - Started process (PID=703) to work on /home/airflow/.local/lib/python3.7/site-packages/airflow/example_dags/example_datasets.py
[2023-04-08T12:07:57.352+0000] {processor.py:743} INFO - Processing file /home/airflow/.local/lib/python3.7/site-packages/airflow/example_dags/example_datasets.py for tasks to queue
[2023-04-08T12:07:57.353+0000] {logging_mixin.py:137} INFO - [2023-04-08T12:07:57.353+0000] {dagbag.py:532} INFO - Filling up the DagBag from /home/airflow/.local/lib/python3.7/site-packages/airflow/example_dags/example_datasets.py
[2023-04-08T12:07:57.376+0000] {processor.py:753} INFO - DAG(s) dict_keys(['dataset_consumes_1', 'dataset_produces_1', 'dataset_produces_2', 'dataset_consumes_1_never_scheduled', 'dataset_consumes_1_and_2', 'dataset_consumes_unknown_never_scheduled']) retrieved from /home/airflow/.local/lib/python3.7/site-packages/airflow/example_dags/example_datasets.py
[2023-04-08T12:07:57.435+0000] {logging_mixin.py:137} INFO - [2023-04-08T12:07:57.434+0000] {dag.py:2705} INFO - Sync 6 DAGs
[2023-04-08T12:07:57.476+0000] {logging_mixin.py:137} INFO - [2023-04-08T12:07:57.476+0000] {dag.py:3456} INFO - Setting next_dagrun for dataset_consumes_1 to None, run_after=None
[2023-04-08T12:07:57.481+0000] {logging_mixin.py:137} INFO - [2023-04-08T12:07:57.481+0000] {dag.py:3456} INFO - Setting next_dagrun for dataset_consumes_1_and_2 to None, run_after=None
[2023-04-08T12:07:57.482+0000] {logging_mixin.py:137} INFO - [2023-04-08T12:07:57.482+0000] {dag.py:3456} INFO - Setting next_dagrun for dataset_consumes_1_never_scheduled to None, run_after=None
[2023-04-08T12:07:57.483+0000] {logging_mixin.py:137} INFO - [2023-04-08T12:07:57.483+0000] {dag.py:3456} INFO - Setting next_dagrun for dataset_consumes_unknown_never_scheduled to None, run_after=None
[2023-04-08T12:07:57.488+0000] {logging_mixin.py:137} INFO - [2023-04-08T12:07:57.488+0000] {dag.py:3456} INFO - Setting next_dagrun for dataset_produces_1 to 2023-04-07T00:00:00+00:00, run_after=2023-04-08T00:00:00+00:00
[2023-04-08T12:07:57.489+0000] {logging_mixin.py:137} INFO - [2023-04-08T12:07:57.489+0000] {dag.py:3456} INFO - Setting next_dagrun for dataset_produces_2 to None, run_after=None
[2023-04-08T12:07:57.533+0000] {processor.py:175} INFO - Processing /home/airflow/.local/lib/python3.7/site-packages/airflow/example_dags/example_datasets.py took 0.187 seconds
[2023-04-08T12:08:27.776+0000] {processor.py:153} INFO - Started process (PID=753) to work on /home/airflow/.local/lib/python3.7/site-packages/airflow/example_dags/example_datasets.py
[2023-04-08T12:08:27.777+0000] {processor.py:743} INFO - Processing file /home/airflow/.local/lib/python3.7/site-packages/airflow/example_dags/example_datasets.py for tasks to queue
[2023-04-08T12:08:27.778+0000] {logging_mixin.py:137} INFO - [2023-04-08T12:08:27.778+0000] {dagbag.py:532} INFO - Filling up the DagBag from /home/airflow/.local/lib/python3.7/site-packages/airflow/example_dags/example_datasets.py
[2023-04-08T12:08:27.801+0000] {processor.py:753} INFO - DAG(s) dict_keys(['dataset_consumes_1_never_scheduled', 'dataset_consumes_1_and_2', 'dataset_consumes_1', 'dataset_consumes_unknown_never_scheduled', 'dataset_produces_1', 'dataset_produces_2']) retrieved from /home/airflow/.local/lib/python3.7/site-packages/airflow/example_dags/example_datasets.py
[2023-04-08T12:08:27.861+0000] {logging_mixin.py:137} INFO - [2023-04-08T12:08:27.861+0000] {dag.py:2705} INFO - Sync 6 DAGs
[2023-04-08T12:08:27.902+0000] {logging_mixin.py:137} INFO - [2023-04-08T12:08:27.902+0000] {dag.py:3456} INFO - Setting next_dagrun for dataset_consumes_1 to None, run_after=None
[2023-04-08T12:08:27.906+0000] {logging_mixin.py:137} INFO - [2023-04-08T12:08:27.906+0000] {dag.py:3456} INFO - Setting next_dagrun for dataset_consumes_1_and_2 to None, run_after=None
[2023-04-08T12:08:27.908+0000] {logging_mixin.py:137} INFO - [2023-04-08T12:08:27.907+0000] {dag.py:3456} INFO - Setting next_dagrun for dataset_consumes_1_never_scheduled to None, run_after=None
[2023-04-08T12:08:27.909+0000] {logging_mixin.py:137} INFO - [2023-04-08T12:08:27.909+0000] {dag.py:3456} INFO - Setting next_dagrun for dataset_consumes_unknown_never_scheduled to None, run_after=None
[2023-04-08T12:08:27.913+0000] {logging_mixin.py:137} INFO - [2023-04-08T12:08:27.913+0000] {dag.py:3456} INFO - Setting next_dagrun for dataset_produces_1 to 2023-04-07T00:00:00+00:00, run_after=2023-04-08T00:00:00+00:00
[2023-04-08T12:08:27.915+0000] {logging_mixin.py:137} INFO - [2023-04-08T12:08:27.915+0000] {dag.py:3456} INFO - Setting next_dagrun for dataset_produces_2 to None, run_after=None
[2023-04-08T12:08:27.960+0000] {processor.py:175} INFO - Processing /home/airflow/.local/lib/python3.7/site-packages/airflow/example_dags/example_datasets.py took 0.189 seconds
[2023-04-08T12:08:58.476+0000] {processor.py:153} INFO - Started process (PID=804) to work on /home/airflow/.local/lib/python3.7/site-packages/airflow/example_dags/example_datasets.py
[2023-04-08T12:08:58.477+0000] {processor.py:743} INFO - Processing file /home/airflow/.local/lib/python3.7/site-packages/airflow/example_dags/example_datasets.py for tasks to queue
[2023-04-08T12:08:58.478+0000] {logging_mixin.py:137} INFO - [2023-04-08T12:08:58.478+0000] {dagbag.py:532} INFO - Filling up the DagBag from /home/airflow/.local/lib/python3.7/site-packages/airflow/example_dags/example_datasets.py
[2023-04-08T12:08:58.502+0000] {processor.py:753} INFO - DAG(s) dict_keys(['dataset_consumes_1_never_scheduled', 'dataset_produces_1', 'dataset_consumes_1', 'dataset_consumes_unknown_never_scheduled', 'dataset_consumes_1_and_2', 'dataset_produces_2']) retrieved from /home/airflow/.local/lib/python3.7/site-packages/airflow/example_dags/example_datasets.py
[2023-04-08T12:08:58.561+0000] {logging_mixin.py:137} INFO - [2023-04-08T12:08:58.561+0000] {dag.py:2705} INFO - Sync 6 DAGs
[2023-04-08T12:08:58.604+0000] {logging_mixin.py:137} INFO - [2023-04-08T12:08:58.604+0000] {dag.py:3456} INFO - Setting next_dagrun for dataset_consumes_1 to None, run_after=None
[2023-04-08T12:08:58.609+0000] {logging_mixin.py:137} INFO - [2023-04-08T12:08:58.609+0000] {dag.py:3456} INFO - Setting next_dagrun for dataset_consumes_1_and_2 to None, run_after=None
[2023-04-08T12:08:58.610+0000] {logging_mixin.py:137} INFO - [2023-04-08T12:08:58.610+0000] {dag.py:3456} INFO - Setting next_dagrun for dataset_consumes_1_never_scheduled to None, run_after=None
[2023-04-08T12:08:58.612+0000] {logging_mixin.py:137} INFO - [2023-04-08T12:08:58.612+0000] {dag.py:3456} INFO - Setting next_dagrun for dataset_consumes_unknown_never_scheduled to None, run_after=None
[2023-04-08T12:08:58.616+0000] {logging_mixin.py:137} INFO - [2023-04-08T12:08:58.616+0000] {dag.py:3456} INFO - Setting next_dagrun for dataset_produces_1 to 2023-04-07T00:00:00+00:00, run_after=2023-04-08T00:00:00+00:00
[2023-04-08T12:08:58.617+0000] {logging_mixin.py:137} INFO - [2023-04-08T12:08:58.617+0000] {dag.py:3456} INFO - Setting next_dagrun for dataset_produces_2 to None, run_after=None
[2023-04-08T12:08:58.661+0000] {processor.py:175} INFO - Processing /home/airflow/.local/lib/python3.7/site-packages/airflow/example_dags/example_datasets.py took 0.190 seconds
[2023-04-08T12:09:28.763+0000] {processor.py:153} INFO - Started process (PID=853) to work on /home/airflow/.local/lib/python3.7/site-packages/airflow/example_dags/example_datasets.py
[2023-04-08T12:09:28.764+0000] {processor.py:743} INFO - Processing file /home/airflow/.local/lib/python3.7/site-packages/airflow/example_dags/example_datasets.py for tasks to queue
[2023-04-08T12:09:28.765+0000] {logging_mixin.py:137} INFO - [2023-04-08T12:09:28.765+0000] {dagbag.py:532} INFO - Filling up the DagBag from /home/airflow/.local/lib/python3.7/site-packages/airflow/example_dags/example_datasets.py
[2023-04-08T12:09:28.788+0000] {processor.py:753} INFO - DAG(s) dict_keys(['dataset_consumes_unknown_never_scheduled', 'dataset_consumes_1', 'dataset_consumes_1_and_2', 'dataset_consumes_1_never_scheduled', 'dataset_produces_2', 'dataset_produces_1']) retrieved from /home/airflow/.local/lib/python3.7/site-packages/airflow/example_dags/example_datasets.py
[2023-04-08T12:09:28.848+0000] {logging_mixin.py:137} INFO - [2023-04-08T12:09:28.848+0000] {dag.py:2705} INFO - Sync 6 DAGs
[2023-04-08T12:09:28.890+0000] {logging_mixin.py:137} INFO - [2023-04-08T12:09:28.890+0000] {dag.py:3456} INFO - Setting next_dagrun for dataset_consumes_1 to None, run_after=None
[2023-04-08T12:09:28.895+0000] {logging_mixin.py:137} INFO - [2023-04-08T12:09:28.895+0000] {dag.py:3456} INFO - Setting next_dagrun for dataset_consumes_1_and_2 to None, run_after=None
[2023-04-08T12:09:28.896+0000] {logging_mixin.py:137} INFO - [2023-04-08T12:09:28.896+0000] {dag.py:3456} INFO - Setting next_dagrun for dataset_consumes_1_never_scheduled to None, run_after=None
[2023-04-08T12:09:28.897+0000] {logging_mixin.py:137} INFO - [2023-04-08T12:09:28.897+0000] {dag.py:3456} INFO - Setting next_dagrun for dataset_consumes_unknown_never_scheduled to None, run_after=None
[2023-04-08T12:09:28.901+0000] {logging_mixin.py:137} INFO - [2023-04-08T12:09:28.901+0000] {dag.py:3456} INFO - Setting next_dagrun for dataset_produces_1 to 2023-04-07T00:00:00+00:00, run_after=2023-04-08T00:00:00+00:00
[2023-04-08T12:09:28.903+0000] {logging_mixin.py:137} INFO - [2023-04-08T12:09:28.903+0000] {dag.py:3456} INFO - Setting next_dagrun for dataset_produces_2 to None, run_after=None
[2023-04-08T12:09:28.947+0000] {processor.py:175} INFO - Processing /home/airflow/.local/lib/python3.7/site-packages/airflow/example_dags/example_datasets.py took 0.188 seconds
[2023-04-08T12:09:59.361+0000] {processor.py:153} INFO - Started process (PID=903) to work on /home/airflow/.local/lib/python3.7/site-packages/airflow/example_dags/example_datasets.py
[2023-04-08T12:09:59.362+0000] {processor.py:743} INFO - Processing file /home/airflow/.local/lib/python3.7/site-packages/airflow/example_dags/example_datasets.py for tasks to queue
[2023-04-08T12:09:59.363+0000] {logging_mixin.py:137} INFO - [2023-04-08T12:09:59.362+0000] {dagbag.py:532} INFO - Filling up the DagBag from /home/airflow/.local/lib/python3.7/site-packages/airflow/example_dags/example_datasets.py
[2023-04-08T12:09:59.386+0000] {processor.py:753} INFO - DAG(s) dict_keys(['dataset_consumes_1_and_2', 'dataset_consumes_1', 'dataset_produces_1', 'dataset_consumes_unknown_never_scheduled', 'dataset_produces_2', 'dataset_consumes_1_never_scheduled']) retrieved from /home/airflow/.local/lib/python3.7/site-packages/airflow/example_dags/example_datasets.py
[2023-04-08T12:09:59.445+0000] {logging_mixin.py:137} INFO - [2023-04-08T12:09:59.445+0000] {dag.py:2705} INFO - Sync 6 DAGs
[2023-04-08T12:09:59.487+0000] {logging_mixin.py:137} INFO - [2023-04-08T12:09:59.486+0000] {dag.py:3456} INFO - Setting next_dagrun for dataset_consumes_1 to None, run_after=None
[2023-04-08T12:09:59.491+0000] {logging_mixin.py:137} INFO - [2023-04-08T12:09:59.491+0000] {dag.py:3456} INFO - Setting next_dagrun for dataset_consumes_1_and_2 to None, run_after=None
[2023-04-08T12:09:59.493+0000] {logging_mixin.py:137} INFO - [2023-04-08T12:09:59.492+0000] {dag.py:3456} INFO - Setting next_dagrun for dataset_consumes_1_never_scheduled to None, run_after=None
[2023-04-08T12:09:59.494+0000] {logging_mixin.py:137} INFO - [2023-04-08T12:09:59.494+0000] {dag.py:3456} INFO - Setting next_dagrun for dataset_consumes_unknown_never_scheduled to None, run_after=None
[2023-04-08T12:09:59.498+0000] {logging_mixin.py:137} INFO - [2023-04-08T12:09:59.498+0000] {dag.py:3456} INFO - Setting next_dagrun for dataset_produces_1 to 2023-04-07T00:00:00+00:00, run_after=2023-04-08T00:00:00+00:00
[2023-04-08T12:09:59.500+0000] {logging_mixin.py:137} INFO - [2023-04-08T12:09:59.500+0000] {dag.py:3456} INFO - Setting next_dagrun for dataset_produces_2 to None, run_after=None
[2023-04-08T12:09:59.543+0000] {processor.py:175} INFO - Processing /home/airflow/.local/lib/python3.7/site-packages/airflow/example_dags/example_datasets.py took 0.186 seconds
[2023-04-08T12:10:29.735+0000] {processor.py:153} INFO - Started process (PID=952) to work on /home/airflow/.local/lib/python3.7/site-packages/airflow/example_dags/example_datasets.py
[2023-04-08T12:10:29.736+0000] {processor.py:743} INFO - Processing file /home/airflow/.local/lib/python3.7/site-packages/airflow/example_dags/example_datasets.py for tasks to queue
[2023-04-08T12:10:29.737+0000] {logging_mixin.py:137} INFO - [2023-04-08T12:10:29.736+0000] {dagbag.py:532} INFO - Filling up the DagBag from /home/airflow/.local/lib/python3.7/site-packages/airflow/example_dags/example_datasets.py
[2023-04-08T12:10:29.760+0000] {processor.py:753} INFO - DAG(s) dict_keys(['dataset_consumes_1', 'dataset_consumes_1_never_scheduled', 'dataset_consumes_unknown_never_scheduled', 'dataset_produces_1', 'dataset_produces_2', 'dataset_consumes_1_and_2']) retrieved from /home/airflow/.local/lib/python3.7/site-packages/airflow/example_dags/example_datasets.py
[2023-04-08T12:10:29.818+0000] {logging_mixin.py:137} INFO - [2023-04-08T12:10:29.817+0000] {dag.py:2705} INFO - Sync 6 DAGs
[2023-04-08T12:10:29.858+0000] {logging_mixin.py:137} INFO - [2023-04-08T12:10:29.858+0000] {dag.py:3456} INFO - Setting next_dagrun for dataset_consumes_1 to None, run_after=None
[2023-04-08T12:10:29.863+0000] {logging_mixin.py:137} INFO - [2023-04-08T12:10:29.863+0000] {dag.py:3456} INFO - Setting next_dagrun for dataset_consumes_1_and_2 to None, run_after=None
[2023-04-08T12:10:29.864+0000] {logging_mixin.py:137} INFO - [2023-04-08T12:10:29.864+0000] {dag.py:3456} INFO - Setting next_dagrun for dataset_consumes_1_never_scheduled to None, run_after=None
[2023-04-08T12:10:29.866+0000] {logging_mixin.py:137} INFO - [2023-04-08T12:10:29.866+0000] {dag.py:3456} INFO - Setting next_dagrun for dataset_consumes_unknown_never_scheduled to None, run_after=None
[2023-04-08T12:10:29.870+0000] {logging_mixin.py:137} INFO - [2023-04-08T12:10:29.870+0000] {dag.py:3456} INFO - Setting next_dagrun for dataset_produces_1 to 2023-04-07T00:00:00+00:00, run_after=2023-04-08T00:00:00+00:00
[2023-04-08T12:10:29.871+0000] {logging_mixin.py:137} INFO - [2023-04-08T12:10:29.871+0000] {dag.py:3456} INFO - Setting next_dagrun for dataset_produces_2 to None, run_after=None
[2023-04-08T12:10:29.915+0000] {processor.py:175} INFO - Processing /home/airflow/.local/lib/python3.7/site-packages/airflow/example_dags/example_datasets.py took 0.184 seconds
