[2023-04-08T12:01:24.841+0000] {processor.py:153} INFO - Started process (PID=65) to work on /home/airflow/.local/lib/python3.7/site-packages/airflow/example_dags/example_sla_dag.py
[2023-04-08T12:01:24.842+0000] {processor.py:743} INFO - Processing file /home/airflow/.local/lib/python3.7/site-packages/airflow/example_dags/example_sla_dag.py for tasks to queue
[2023-04-08T12:01:24.842+0000] {logging_mixin.py:137} INFO - [2023-04-08T12:01:24.842+0000] {dagbag.py:532} INFO - Filling up the DagBag from /home/airflow/.local/lib/python3.7/site-packages/airflow/example_dags/example_sla_dag.py
[2023-04-08T12:01:24.938+0000] {processor.py:753} INFO - DAG(s) dict_keys(['example_sla_dag']) retrieved from /home/airflow/.local/lib/python3.7/site-packages/airflow/example_dags/example_sla_dag.py
[2023-04-08T12:01:25.191+0000] {logging_mixin.py:137} INFO - [2023-04-08T12:01:25.190+0000] {manager.py:504} INFO - Created Permission View: can delete on DAG:example_sla_dag
[2023-04-08T12:01:25.212+0000] {logging_mixin.py:137} INFO - [2023-04-08T12:01:25.212+0000] {manager.py:504} INFO - Created Permission View: can edit on DAG:example_sla_dag
[2023-04-08T12:01:25.228+0000] {logging_mixin.py:137} INFO - [2023-04-08T12:01:25.228+0000] {manager.py:504} INFO - Created Permission View: can read on DAG:example_sla_dag
[2023-04-08T12:01:25.229+0000] {logging_mixin.py:137} INFO - [2023-04-08T12:01:25.229+0000] {dag.py:2705} INFO - Sync 1 DAGs
[2023-04-08T12:01:25.274+0000] {logging_mixin.py:137} INFO - [2023-04-08T12:01:25.273+0000] {dag.py:2726} INFO - Creating ORM DAG for example_sla_dag
[2023-04-08T12:01:25.335+0000] {logging_mixin.py:137} INFO - [2023-04-08T12:01:25.335+0000] {dag.py:3456} INFO - Setting next_dagrun for example_sla_dag to 2023-04-08T11:58:00+00:00, run_after=2023-04-08T12:00:00+00:00
[2023-04-08T12:01:25.389+0000] {processor.py:175} INFO - Processing /home/airflow/.local/lib/python3.7/site-packages/airflow/example_dags/example_sla_dag.py took 0.558 seconds
[2023-04-08T12:01:56.163+0000] {processor.py:153} INFO - Started process (PID=115) to work on /home/airflow/.local/lib/python3.7/site-packages/airflow/example_dags/example_sla_dag.py
[2023-04-08T12:01:56.164+0000] {processor.py:743} INFO - Processing file /home/airflow/.local/lib/python3.7/site-packages/airflow/example_dags/example_sla_dag.py for tasks to queue
[2023-04-08T12:01:56.165+0000] {logging_mixin.py:137} INFO - [2023-04-08T12:01:56.165+0000] {dagbag.py:532} INFO - Filling up the DagBag from /home/airflow/.local/lib/python3.7/site-packages/airflow/example_dags/example_sla_dag.py
[2023-04-08T12:01:56.200+0000] {processor.py:753} INFO - DAG(s) dict_keys(['example_sla_dag']) retrieved from /home/airflow/.local/lib/python3.7/site-packages/airflow/example_dags/example_sla_dag.py
[2023-04-08T12:01:56.233+0000] {logging_mixin.py:137} INFO - [2023-04-08T12:01:56.233+0000] {dag.py:2705} INFO - Sync 1 DAGs
[2023-04-08T12:01:56.281+0000] {logging_mixin.py:137} INFO - [2023-04-08T12:01:56.281+0000] {dag.py:3456} INFO - Setting next_dagrun for example_sla_dag to 2023-04-08T11:58:00+00:00, run_after=2023-04-08T12:00:00+00:00
[2023-04-08T12:01:56.303+0000] {processor.py:175} INFO - Processing /home/airflow/.local/lib/python3.7/site-packages/airflow/example_dags/example_sla_dag.py took 0.145 seconds
[2023-04-08T12:02:27.096+0000] {processor.py:153} INFO - Started process (PID=164) to work on /home/airflow/.local/lib/python3.7/site-packages/airflow/example_dags/example_sla_dag.py
[2023-04-08T12:02:27.097+0000] {processor.py:743} INFO - Processing file /home/airflow/.local/lib/python3.7/site-packages/airflow/example_dags/example_sla_dag.py for tasks to queue
[2023-04-08T12:02:27.098+0000] {logging_mixin.py:137} INFO - [2023-04-08T12:02:27.098+0000] {dagbag.py:532} INFO - Filling up the DagBag from /home/airflow/.local/lib/python3.7/site-packages/airflow/example_dags/example_sla_dag.py
[2023-04-08T12:02:27.132+0000] {processor.py:753} INFO - DAG(s) dict_keys(['example_sla_dag']) retrieved from /home/airflow/.local/lib/python3.7/site-packages/airflow/example_dags/example_sla_dag.py
[2023-04-08T12:02:27.176+0000] {logging_mixin.py:137} INFO - [2023-04-08T12:02:27.176+0000] {dag.py:2705} INFO - Sync 1 DAGs
[2023-04-08T12:02:27.246+0000] {logging_mixin.py:137} INFO - [2023-04-08T12:02:27.246+0000] {dag.py:3456} INFO - Setting next_dagrun for example_sla_dag to 2023-04-08T12:00:00+00:00, run_after=2023-04-08T12:02:00+00:00
[2023-04-08T12:02:27.274+0000] {processor.py:175} INFO - Processing /home/airflow/.local/lib/python3.7/site-packages/airflow/example_dags/example_sla_dag.py took 0.183 seconds
[2023-04-08T12:02:57.357+0000] {processor.py:153} INFO - Started process (PID=214) to work on /home/airflow/.local/lib/python3.7/site-packages/airflow/example_dags/example_sla_dag.py
[2023-04-08T12:02:57.358+0000] {processor.py:743} INFO - Processing file /home/airflow/.local/lib/python3.7/site-packages/airflow/example_dags/example_sla_dag.py for tasks to queue
[2023-04-08T12:02:57.359+0000] {logging_mixin.py:137} INFO - [2023-04-08T12:02:57.359+0000] {dagbag.py:532} INFO - Filling up the DagBag from /home/airflow/.local/lib/python3.7/site-packages/airflow/example_dags/example_sla_dag.py
[2023-04-08T12:02:57.417+0000] {processor.py:753} INFO - DAG(s) dict_keys(['example_sla_dag']) retrieved from /home/airflow/.local/lib/python3.7/site-packages/airflow/example_dags/example_sla_dag.py
[2023-04-08T12:02:57.455+0000] {logging_mixin.py:137} INFO - [2023-04-08T12:02:57.454+0000] {dag.py:2705} INFO - Sync 1 DAGs
[2023-04-08T12:02:57.534+0000] {logging_mixin.py:137} INFO - [2023-04-08T12:02:57.534+0000] {dag.py:3456} INFO - Setting next_dagrun for example_sla_dag to 2023-04-08T12:00:00+00:00, run_after=2023-04-08T12:02:00+00:00
[2023-04-08T12:02:57.578+0000] {processor.py:175} INFO - Processing /home/airflow/.local/lib/python3.7/site-packages/airflow/example_dags/example_sla_dag.py took 0.230 seconds
[2023-04-08T12:03:28.593+0000] {processor.py:153} INFO - Started process (PID=264) to work on /home/airflow/.local/lib/python3.7/site-packages/airflow/example_dags/example_sla_dag.py
[2023-04-08T12:03:28.601+0000] {processor.py:743} INFO - Processing file /home/airflow/.local/lib/python3.7/site-packages/airflow/example_dags/example_sla_dag.py for tasks to queue
[2023-04-08T12:03:28.602+0000] {logging_mixin.py:137} INFO - [2023-04-08T12:03:28.602+0000] {dagbag.py:532} INFO - Filling up the DagBag from /home/airflow/.local/lib/python3.7/site-packages/airflow/example_dags/example_sla_dag.py
[2023-04-08T12:03:28.713+0000] {processor.py:753} INFO - DAG(s) dict_keys(['example_sla_dag']) retrieved from /home/airflow/.local/lib/python3.7/site-packages/airflow/example_dags/example_sla_dag.py
[2023-04-08T12:03:28.809+0000] {logging_mixin.py:137} INFO - [2023-04-08T12:03:28.808+0000] {dag.py:2705} INFO - Sync 1 DAGs
[2023-04-08T12:03:28.931+0000] {logging_mixin.py:137} INFO - [2023-04-08T12:03:28.931+0000] {dag.py:3456} INFO - Setting next_dagrun for example_sla_dag to 2023-04-08T12:00:00+00:00, run_after=2023-04-08T12:02:00+00:00
[2023-04-08T12:03:29.030+0000] {processor.py:175} INFO - Processing /home/airflow/.local/lib/python3.7/site-packages/airflow/example_dags/example_sla_dag.py took 0.449 seconds
[2023-04-08T12:03:59.506+0000] {processor.py:153} INFO - Started process (PID=314) to work on /home/airflow/.local/lib/python3.7/site-packages/airflow/example_dags/example_sla_dag.py
[2023-04-08T12:03:59.507+0000] {processor.py:743} INFO - Processing file /home/airflow/.local/lib/python3.7/site-packages/airflow/example_dags/example_sla_dag.py for tasks to queue
[2023-04-08T12:03:59.508+0000] {logging_mixin.py:137} INFO - [2023-04-08T12:03:59.508+0000] {dagbag.py:532} INFO - Filling up the DagBag from /home/airflow/.local/lib/python3.7/site-packages/airflow/example_dags/example_sla_dag.py
[2023-04-08T12:03:59.530+0000] {processor.py:753} INFO - DAG(s) dict_keys(['example_sla_dag']) retrieved from /home/airflow/.local/lib/python3.7/site-packages/airflow/example_dags/example_sla_dag.py
[2023-04-08T12:03:59.554+0000] {logging_mixin.py:137} INFO - [2023-04-08T12:03:59.553+0000] {dag.py:2705} INFO - Sync 1 DAGs
[2023-04-08T12:03:59.586+0000] {logging_mixin.py:137} INFO - [2023-04-08T12:03:59.586+0000] {dag.py:3456} INFO - Setting next_dagrun for example_sla_dag to 2023-04-08T12:00:00+00:00, run_after=2023-04-08T12:02:00+00:00
[2023-04-08T12:03:59.603+0000] {processor.py:175} INFO - Processing /home/airflow/.local/lib/python3.7/site-packages/airflow/example_dags/example_sla_dag.py took 0.100 seconds
[2023-04-08T12:04:29.907+0000] {processor.py:153} INFO - Started process (PID=365) to work on /home/airflow/.local/lib/python3.7/site-packages/airflow/example_dags/example_sla_dag.py
[2023-04-08T12:04:29.908+0000] {processor.py:743} INFO - Processing file /home/airflow/.local/lib/python3.7/site-packages/airflow/example_dags/example_sla_dag.py for tasks to queue
[2023-04-08T12:04:29.909+0000] {logging_mixin.py:137} INFO - [2023-04-08T12:04:29.909+0000] {dagbag.py:532} INFO - Filling up the DagBag from /home/airflow/.local/lib/python3.7/site-packages/airflow/example_dags/example_sla_dag.py
[2023-04-08T12:04:29.968+0000] {processor.py:753} INFO - DAG(s) dict_keys(['example_sla_dag']) retrieved from /home/airflow/.local/lib/python3.7/site-packages/airflow/example_dags/example_sla_dag.py
[2023-04-08T12:04:30.004+0000] {logging_mixin.py:137} INFO - [2023-04-08T12:04:30.004+0000] {dag.py:2705} INFO - Sync 1 DAGs
[2023-04-08T12:04:30.040+0000] {logging_mixin.py:137} INFO - [2023-04-08T12:04:30.039+0000] {dag.py:3456} INFO - Setting next_dagrun for example_sla_dag to 2023-04-08T12:02:00+00:00, run_after=2023-04-08T12:04:00+00:00
[2023-04-08T12:04:30.072+0000] {processor.py:175} INFO - Processing /home/airflow/.local/lib/python3.7/site-packages/airflow/example_dags/example_sla_dag.py took 0.176 seconds
[2023-04-08T12:05:00.254+0000] {processor.py:153} INFO - Started process (PID=415) to work on /home/airflow/.local/lib/python3.7/site-packages/airflow/example_dags/example_sla_dag.py
[2023-04-08T12:05:00.254+0000] {processor.py:743} INFO - Processing file /home/airflow/.local/lib/python3.7/site-packages/airflow/example_dags/example_sla_dag.py for tasks to queue
[2023-04-08T12:05:00.255+0000] {logging_mixin.py:137} INFO - [2023-04-08T12:05:00.255+0000] {dagbag.py:532} INFO - Filling up the DagBag from /home/airflow/.local/lib/python3.7/site-packages/airflow/example_dags/example_sla_dag.py
[2023-04-08T12:05:00.277+0000] {processor.py:753} INFO - DAG(s) dict_keys(['example_sla_dag']) retrieved from /home/airflow/.local/lib/python3.7/site-packages/airflow/example_dags/example_sla_dag.py
[2023-04-08T12:05:00.301+0000] {logging_mixin.py:137} INFO - [2023-04-08T12:05:00.301+0000] {dag.py:2705} INFO - Sync 1 DAGs
[2023-04-08T12:05:00.328+0000] {logging_mixin.py:137} INFO - [2023-04-08T12:05:00.328+0000] {dag.py:3456} INFO - Setting next_dagrun for example_sla_dag to 2023-04-08T12:02:00+00:00, run_after=2023-04-08T12:04:00+00:00
[2023-04-08T12:05:00.344+0000] {processor.py:175} INFO - Processing /home/airflow/.local/lib/python3.7/site-packages/airflow/example_dags/example_sla_dag.py took 0.094 seconds
[2023-04-08T12:05:30.566+0000] {processor.py:153} INFO - Started process (PID=466) to work on /home/airflow/.local/lib/python3.7/site-packages/airflow/example_dags/example_sla_dag.py
[2023-04-08T12:05:30.568+0000] {processor.py:743} INFO - Processing file /home/airflow/.local/lib/python3.7/site-packages/airflow/example_dags/example_sla_dag.py for tasks to queue
[2023-04-08T12:05:30.568+0000] {logging_mixin.py:137} INFO - [2023-04-08T12:05:30.568+0000] {dagbag.py:532} INFO - Filling up the DagBag from /home/airflow/.local/lib/python3.7/site-packages/airflow/example_dags/example_sla_dag.py
[2023-04-08T12:05:30.590+0000] {processor.py:753} INFO - DAG(s) dict_keys(['example_sla_dag']) retrieved from /home/airflow/.local/lib/python3.7/site-packages/airflow/example_dags/example_sla_dag.py
[2023-04-08T12:05:30.613+0000] {logging_mixin.py:137} INFO - [2023-04-08T12:05:30.613+0000] {dag.py:2705} INFO - Sync 1 DAGs
[2023-04-08T12:05:30.642+0000] {logging_mixin.py:137} INFO - [2023-04-08T12:05:30.641+0000] {dag.py:3456} INFO - Setting next_dagrun for example_sla_dag to 2023-04-08T12:02:00+00:00, run_after=2023-04-08T12:04:00+00:00
[2023-04-08T12:05:30.658+0000] {processor.py:175} INFO - Processing /home/airflow/.local/lib/python3.7/site-packages/airflow/example_dags/example_sla_dag.py took 0.094 seconds
[2023-04-08T12:06:00.769+0000] {processor.py:153} INFO - Started process (PID=516) to work on /home/airflow/.local/lib/python3.7/site-packages/airflow/example_dags/example_sla_dag.py
[2023-04-08T12:06:00.770+0000] {processor.py:743} INFO - Processing file /home/airflow/.local/lib/python3.7/site-packages/airflow/example_dags/example_sla_dag.py for tasks to queue
[2023-04-08T12:06:00.770+0000] {logging_mixin.py:137} INFO - [2023-04-08T12:06:00.770+0000] {dagbag.py:532} INFO - Filling up the DagBag from /home/airflow/.local/lib/python3.7/site-packages/airflow/example_dags/example_sla_dag.py
[2023-04-08T12:06:00.792+0000] {processor.py:753} INFO - DAG(s) dict_keys(['example_sla_dag']) retrieved from /home/airflow/.local/lib/python3.7/site-packages/airflow/example_dags/example_sla_dag.py
[2023-04-08T12:06:00.815+0000] {logging_mixin.py:137} INFO - [2023-04-08T12:06:00.815+0000] {dag.py:2705} INFO - Sync 1 DAGs
[2023-04-08T12:06:00.843+0000] {logging_mixin.py:137} INFO - [2023-04-08T12:06:00.843+0000] {dag.py:3456} INFO - Setting next_dagrun for example_sla_dag to 2023-04-08T12:04:00+00:00, run_after=2023-04-08T12:06:00+00:00
[2023-04-08T12:06:00.859+0000] {processor.py:175} INFO - Processing /home/airflow/.local/lib/python3.7/site-packages/airflow/example_dags/example_sla_dag.py took 0.093 seconds
[2023-04-08T12:06:31.040+0000] {processor.py:153} INFO - Started process (PID=566) to work on /home/airflow/.local/lib/python3.7/site-packages/airflow/example_dags/example_sla_dag.py
[2023-04-08T12:06:31.041+0000] {processor.py:743} INFO - Processing file /home/airflow/.local/lib/python3.7/site-packages/airflow/example_dags/example_sla_dag.py for tasks to queue
[2023-04-08T12:06:31.042+0000] {logging_mixin.py:137} INFO - [2023-04-08T12:06:31.042+0000] {dagbag.py:532} INFO - Filling up the DagBag from /home/airflow/.local/lib/python3.7/site-packages/airflow/example_dags/example_sla_dag.py
[2023-04-08T12:06:31.076+0000] {processor.py:753} INFO - DAG(s) dict_keys(['example_sla_dag']) retrieved from /home/airflow/.local/lib/python3.7/site-packages/airflow/example_dags/example_sla_dag.py
[2023-04-08T12:06:31.112+0000] {logging_mixin.py:137} INFO - [2023-04-08T12:06:31.112+0000] {dag.py:2705} INFO - Sync 1 DAGs
[2023-04-08T12:06:31.155+0000] {logging_mixin.py:137} INFO - [2023-04-08T12:06:31.155+0000] {dag.py:3456} INFO - Setting next_dagrun for example_sla_dag to 2023-04-08T12:04:00+00:00, run_after=2023-04-08T12:06:00+00:00
[2023-04-08T12:06:31.182+0000] {processor.py:175} INFO - Processing /home/airflow/.local/lib/python3.7/site-packages/airflow/example_dags/example_sla_dag.py took 0.146 seconds
[2023-04-08T12:07:01.353+0000] {processor.py:153} INFO - Started process (PID=616) to work on /home/airflow/.local/lib/python3.7/site-packages/airflow/example_dags/example_sla_dag.py
[2023-04-08T12:07:01.353+0000] {processor.py:743} INFO - Processing file /home/airflow/.local/lib/python3.7/site-packages/airflow/example_dags/example_sla_dag.py for tasks to queue
[2023-04-08T12:07:01.354+0000] {logging_mixin.py:137} INFO - [2023-04-08T12:07:01.354+0000] {dagbag.py:532} INFO - Filling up the DagBag from /home/airflow/.local/lib/python3.7/site-packages/airflow/example_dags/example_sla_dag.py
[2023-04-08T12:07:01.392+0000] {processor.py:753} INFO - DAG(s) dict_keys(['example_sla_dag']) retrieved from /home/airflow/.local/lib/python3.7/site-packages/airflow/example_dags/example_sla_dag.py
[2023-04-08T12:07:01.427+0000] {logging_mixin.py:137} INFO - [2023-04-08T12:07:01.427+0000] {dag.py:2705} INFO - Sync 1 DAGs
[2023-04-08T12:07:01.473+0000] {logging_mixin.py:137} INFO - [2023-04-08T12:07:01.473+0000] {dag.py:3456} INFO - Setting next_dagrun for example_sla_dag to 2023-04-08T12:04:00+00:00, run_after=2023-04-08T12:06:00+00:00
[2023-04-08T12:07:01.500+0000] {processor.py:175} INFO - Processing /home/airflow/.local/lib/python3.7/site-packages/airflow/example_dags/example_sla_dag.py took 0.152 seconds
[2023-04-08T12:07:32.091+0000] {processor.py:153} INFO - Started process (PID=665) to work on /home/airflow/.local/lib/python3.7/site-packages/airflow/example_dags/example_sla_dag.py
[2023-04-08T12:07:32.092+0000] {processor.py:743} INFO - Processing file /home/airflow/.local/lib/python3.7/site-packages/airflow/example_dags/example_sla_dag.py for tasks to queue
[2023-04-08T12:07:32.093+0000] {logging_mixin.py:137} INFO - [2023-04-08T12:07:32.093+0000] {dagbag.py:532} INFO - Filling up the DagBag from /home/airflow/.local/lib/python3.7/site-packages/airflow/example_dags/example_sla_dag.py
[2023-04-08T12:07:32.126+0000] {processor.py:753} INFO - DAG(s) dict_keys(['example_sla_dag']) retrieved from /home/airflow/.local/lib/python3.7/site-packages/airflow/example_dags/example_sla_dag.py
[2023-04-08T12:07:32.160+0000] {logging_mixin.py:137} INFO - [2023-04-08T12:07:32.160+0000] {dag.py:2705} INFO - Sync 1 DAGs
[2023-04-08T12:07:32.205+0000] {logging_mixin.py:137} INFO - [2023-04-08T12:07:32.205+0000] {dag.py:3456} INFO - Setting next_dagrun for example_sla_dag to 2023-04-08T12:04:00+00:00, run_after=2023-04-08T12:06:00+00:00
[2023-04-08T12:07:32.231+0000] {processor.py:175} INFO - Processing /home/airflow/.local/lib/python3.7/site-packages/airflow/example_dags/example_sla_dag.py took 0.144 seconds
[2023-04-08T12:08:02.694+0000] {processor.py:153} INFO - Started process (PID=715) to work on /home/airflow/.local/lib/python3.7/site-packages/airflow/example_dags/example_sla_dag.py
[2023-04-08T12:08:02.705+0000] {processor.py:743} INFO - Processing file /home/airflow/.local/lib/python3.7/site-packages/airflow/example_dags/example_sla_dag.py for tasks to queue
[2023-04-08T12:08:02.706+0000] {logging_mixin.py:137} INFO - [2023-04-08T12:08:02.706+0000] {dagbag.py:532} INFO - Filling up the DagBag from /home/airflow/.local/lib/python3.7/site-packages/airflow/example_dags/example_sla_dag.py
[2023-04-08T12:08:02.776+0000] {processor.py:753} INFO - DAG(s) dict_keys(['example_sla_dag']) retrieved from /home/airflow/.local/lib/python3.7/site-packages/airflow/example_dags/example_sla_dag.py
[2023-04-08T12:08:02.885+0000] {logging_mixin.py:137} INFO - [2023-04-08T12:08:02.885+0000] {dag.py:2705} INFO - Sync 1 DAGs
[2023-04-08T12:08:03.003+0000] {logging_mixin.py:137} INFO - [2023-04-08T12:08:03.002+0000] {dag.py:3456} INFO - Setting next_dagrun for example_sla_dag to 2023-04-08T12:06:00+00:00, run_after=2023-04-08T12:08:00+00:00
[2023-04-08T12:08:03.070+0000] {processor.py:175} INFO - Processing /home/airflow/.local/lib/python3.7/site-packages/airflow/example_dags/example_sla_dag.py took 0.390 seconds
[2023-04-08T12:08:33.256+0000] {processor.py:153} INFO - Started process (PID=766) to work on /home/airflow/.local/lib/python3.7/site-packages/airflow/example_dags/example_sla_dag.py
[2023-04-08T12:08:33.262+0000] {processor.py:743} INFO - Processing file /home/airflow/.local/lib/python3.7/site-packages/airflow/example_dags/example_sla_dag.py for tasks to queue
[2023-04-08T12:08:33.262+0000] {logging_mixin.py:137} INFO - [2023-04-08T12:08:33.262+0000] {dagbag.py:532} INFO - Filling up the DagBag from /home/airflow/.local/lib/python3.7/site-packages/airflow/example_dags/example_sla_dag.py
[2023-04-08T12:08:33.299+0000] {processor.py:753} INFO - DAG(s) dict_keys(['example_sla_dag']) retrieved from /home/airflow/.local/lib/python3.7/site-packages/airflow/example_dags/example_sla_dag.py
[2023-04-08T12:08:33.334+0000] {logging_mixin.py:137} INFO - [2023-04-08T12:08:33.334+0000] {dag.py:2705} INFO - Sync 1 DAGs
[2023-04-08T12:08:33.383+0000] {logging_mixin.py:137} INFO - [2023-04-08T12:08:33.382+0000] {dag.py:3456} INFO - Setting next_dagrun for example_sla_dag to 2023-04-08T12:06:00+00:00, run_after=2023-04-08T12:08:00+00:00
[2023-04-08T12:08:33.438+0000] {processor.py:175} INFO - Processing /home/airflow/.local/lib/python3.7/site-packages/airflow/example_dags/example_sla_dag.py took 0.186 seconds
[2023-04-08T12:09:03.532+0000] {processor.py:153} INFO - Started process (PID=816) to work on /home/airflow/.local/lib/python3.7/site-packages/airflow/example_dags/example_sla_dag.py
[2023-04-08T12:09:03.533+0000] {processor.py:743} INFO - Processing file /home/airflow/.local/lib/python3.7/site-packages/airflow/example_dags/example_sla_dag.py for tasks to queue
[2023-04-08T12:09:03.534+0000] {logging_mixin.py:137} INFO - [2023-04-08T12:09:03.534+0000] {dagbag.py:532} INFO - Filling up the DagBag from /home/airflow/.local/lib/python3.7/site-packages/airflow/example_dags/example_sla_dag.py
[2023-04-08T12:09:03.568+0000] {processor.py:753} INFO - DAG(s) dict_keys(['example_sla_dag']) retrieved from /home/airflow/.local/lib/python3.7/site-packages/airflow/example_dags/example_sla_dag.py
[2023-04-08T12:09:03.604+0000] {logging_mixin.py:137} INFO - [2023-04-08T12:09:03.603+0000] {dag.py:2705} INFO - Sync 1 DAGs
[2023-04-08T12:09:03.648+0000] {logging_mixin.py:137} INFO - [2023-04-08T12:09:03.648+0000] {dag.py:3456} INFO - Setting next_dagrun for example_sla_dag to 2023-04-08T12:06:00+00:00, run_after=2023-04-08T12:08:00+00:00
[2023-04-08T12:09:03.675+0000] {processor.py:175} INFO - Processing /home/airflow/.local/lib/python3.7/site-packages/airflow/example_dags/example_sla_dag.py took 0.147 seconds
[2023-04-08T12:09:33.712+0000] {processor.py:153} INFO - Started process (PID=865) to work on /home/airflow/.local/lib/python3.7/site-packages/airflow/example_dags/example_sla_dag.py
[2023-04-08T12:09:33.713+0000] {processor.py:743} INFO - Processing file /home/airflow/.local/lib/python3.7/site-packages/airflow/example_dags/example_sla_dag.py for tasks to queue
[2023-04-08T12:09:33.714+0000] {logging_mixin.py:137} INFO - [2023-04-08T12:09:33.714+0000] {dagbag.py:532} INFO - Filling up the DagBag from /home/airflow/.local/lib/python3.7/site-packages/airflow/example_dags/example_sla_dag.py
[2023-04-08T12:09:33.747+0000] {processor.py:753} INFO - DAG(s) dict_keys(['example_sla_dag']) retrieved from /home/airflow/.local/lib/python3.7/site-packages/airflow/example_dags/example_sla_dag.py
[2023-04-08T12:09:33.781+0000] {logging_mixin.py:137} INFO - [2023-04-08T12:09:33.781+0000] {dag.py:2705} INFO - Sync 1 DAGs
[2023-04-08T12:09:33.827+0000] {logging_mixin.py:137} INFO - [2023-04-08T12:09:33.827+0000] {dag.py:3456} INFO - Setting next_dagrun for example_sla_dag to 2023-04-08T12:06:00+00:00, run_after=2023-04-08T12:08:00+00:00
[2023-04-08T12:09:33.849+0000] {processor.py:175} INFO - Processing /home/airflow/.local/lib/python3.7/site-packages/airflow/example_dags/example_sla_dag.py took 0.142 seconds
[2023-04-08T12:10:04.315+0000] {processor.py:153} INFO - Started process (PID=915) to work on /home/airflow/.local/lib/python3.7/site-packages/airflow/example_dags/example_sla_dag.py
[2023-04-08T12:10:04.316+0000] {processor.py:743} INFO - Processing file /home/airflow/.local/lib/python3.7/site-packages/airflow/example_dags/example_sla_dag.py for tasks to queue
[2023-04-08T12:10:04.317+0000] {logging_mixin.py:137} INFO - [2023-04-08T12:10:04.316+0000] {dagbag.py:532} INFO - Filling up the DagBag from /home/airflow/.local/lib/python3.7/site-packages/airflow/example_dags/example_sla_dag.py
[2023-04-08T12:10:04.355+0000] {processor.py:753} INFO - DAG(s) dict_keys(['example_sla_dag']) retrieved from /home/airflow/.local/lib/python3.7/site-packages/airflow/example_dags/example_sla_dag.py
[2023-04-08T12:10:04.392+0000] {logging_mixin.py:137} INFO - [2023-04-08T12:10:04.392+0000] {dag.py:2705} INFO - Sync 1 DAGs
[2023-04-08T12:10:04.437+0000] {logging_mixin.py:137} INFO - [2023-04-08T12:10:04.436+0000] {dag.py:3456} INFO - Setting next_dagrun for example_sla_dag to 2023-04-08T12:08:00+00:00, run_after=2023-04-08T12:10:00+00:00
[2023-04-08T12:10:04.461+0000] {processor.py:175} INFO - Processing /home/airflow/.local/lib/python3.7/site-packages/airflow/example_dags/example_sla_dag.py took 0.151 seconds
[2023-04-08T12:10:34.538+0000] {processor.py:153} INFO - Started process (PID=964) to work on /home/airflow/.local/lib/python3.7/site-packages/airflow/example_dags/example_sla_dag.py
[2023-04-08T12:10:34.539+0000] {processor.py:743} INFO - Processing file /home/airflow/.local/lib/python3.7/site-packages/airflow/example_dags/example_sla_dag.py for tasks to queue
[2023-04-08T12:10:34.540+0000] {logging_mixin.py:137} INFO - [2023-04-08T12:10:34.540+0000] {dagbag.py:532} INFO - Filling up the DagBag from /home/airflow/.local/lib/python3.7/site-packages/airflow/example_dags/example_sla_dag.py
[2023-04-08T12:10:34.573+0000] {processor.py:753} INFO - DAG(s) dict_keys(['example_sla_dag']) retrieved from /home/airflow/.local/lib/python3.7/site-packages/airflow/example_dags/example_sla_dag.py
[2023-04-08T12:10:34.605+0000] {logging_mixin.py:137} INFO - [2023-04-08T12:10:34.605+0000] {dag.py:2705} INFO - Sync 1 DAGs
[2023-04-08T12:10:34.647+0000] {logging_mixin.py:137} INFO - [2023-04-08T12:10:34.647+0000] {dag.py:3456} INFO - Setting next_dagrun for example_sla_dag to 2023-04-08T12:08:00+00:00, run_after=2023-04-08T12:10:00+00:00
[2023-04-08T12:10:34.672+0000] {processor.py:175} INFO - Processing /home/airflow/.local/lib/python3.7/site-packages/airflow/example_dags/example_sla_dag.py took 0.151 seconds
