[2023-04-08T12:01:21.862+0000] {processor.py:153} INFO - Started process (PID=59) to work on /home/airflow/.local/lib/python3.7/site-packages/airflow/example_dags/example_nested_branch_dag.py
[2023-04-08T12:01:21.863+0000] {processor.py:743} INFO - Processing file /home/airflow/.local/lib/python3.7/site-packages/airflow/example_dags/example_nested_branch_dag.py for tasks to queue
[2023-04-08T12:01:21.864+0000] {logging_mixin.py:137} INFO - [2023-04-08T12:01:21.864+0000] {dagbag.py:532} INFO - Filling up the DagBag from /home/airflow/.local/lib/python3.7/site-packages/airflow/example_dags/example_nested_branch_dag.py
[2023-04-08T12:01:21.975+0000] {processor.py:753} INFO - DAG(s) dict_keys(['example_nested_branch_dag']) retrieved from /home/airflow/.local/lib/python3.7/site-packages/airflow/example_dags/example_nested_branch_dag.py
[2023-04-08T12:01:22.574+0000] {logging_mixin.py:137} INFO - [2023-04-08T12:01:22.574+0000] {manager.py:504} INFO - Created Permission View: can delete on DAG:example_nested_branch_dag
[2023-04-08T12:01:22.620+0000] {logging_mixin.py:137} INFO - [2023-04-08T12:01:22.620+0000] {manager.py:504} INFO - Created Permission View: can edit on DAG:example_nested_branch_dag
[2023-04-08T12:01:22.653+0000] {logging_mixin.py:137} INFO - [2023-04-08T12:01:22.653+0000] {manager.py:504} INFO - Created Permission View: can read on DAG:example_nested_branch_dag
[2023-04-08T12:01:22.654+0000] {logging_mixin.py:137} INFO - [2023-04-08T12:01:22.654+0000] {dag.py:2705} INFO - Sync 1 DAGs
[2023-04-08T12:01:22.710+0000] {logging_mixin.py:137} INFO - [2023-04-08T12:01:22.710+0000] {dag.py:2726} INFO - Creating ORM DAG for example_nested_branch_dag
[2023-04-08T12:01:22.781+0000] {logging_mixin.py:137} INFO - [2023-04-08T12:01:22.781+0000] {dag.py:3456} INFO - Setting next_dagrun for example_nested_branch_dag to 2023-04-07T00:00:00+00:00, run_after=2023-04-08T00:00:00+00:00
[2023-04-08T12:01:22.864+0000] {processor.py:175} INFO - Processing /home/airflow/.local/lib/python3.7/site-packages/airflow/example_dags/example_nested_branch_dag.py took 1.016 seconds
[2023-04-08T12:01:53.859+0000] {processor.py:153} INFO - Started process (PID=109) to work on /home/airflow/.local/lib/python3.7/site-packages/airflow/example_dags/example_nested_branch_dag.py
[2023-04-08T12:01:53.859+0000] {processor.py:743} INFO - Processing file /home/airflow/.local/lib/python3.7/site-packages/airflow/example_dags/example_nested_branch_dag.py for tasks to queue
[2023-04-08T12:01:53.860+0000] {logging_mixin.py:137} INFO - [2023-04-08T12:01:53.860+0000] {dagbag.py:532} INFO - Filling up the DagBag from /home/airflow/.local/lib/python3.7/site-packages/airflow/example_dags/example_nested_branch_dag.py
[2023-04-08T12:01:53.897+0000] {processor.py:753} INFO - DAG(s) dict_keys(['example_nested_branch_dag']) retrieved from /home/airflow/.local/lib/python3.7/site-packages/airflow/example_dags/example_nested_branch_dag.py
[2023-04-08T12:01:53.933+0000] {logging_mixin.py:137} INFO - [2023-04-08T12:01:53.933+0000] {dag.py:2705} INFO - Sync 1 DAGs
[2023-04-08T12:01:53.974+0000] {logging_mixin.py:137} INFO - [2023-04-08T12:01:53.974+0000] {dag.py:3456} INFO - Setting next_dagrun for example_nested_branch_dag to 2023-04-07T00:00:00+00:00, run_after=2023-04-08T00:00:00+00:00
[2023-04-08T12:01:53.997+0000] {processor.py:175} INFO - Processing /home/airflow/.local/lib/python3.7/site-packages/airflow/example_dags/example_nested_branch_dag.py took 0.143 seconds
[2023-04-08T12:02:24.666+0000] {processor.py:153} INFO - Started process (PID=158) to work on /home/airflow/.local/lib/python3.7/site-packages/airflow/example_dags/example_nested_branch_dag.py
[2023-04-08T12:02:24.667+0000] {processor.py:743} INFO - Processing file /home/airflow/.local/lib/python3.7/site-packages/airflow/example_dags/example_nested_branch_dag.py for tasks to queue
[2023-04-08T12:02:24.668+0000] {logging_mixin.py:137} INFO - [2023-04-08T12:02:24.668+0000] {dagbag.py:532} INFO - Filling up the DagBag from /home/airflow/.local/lib/python3.7/site-packages/airflow/example_dags/example_nested_branch_dag.py
[2023-04-08T12:02:24.704+0000] {processor.py:753} INFO - DAG(s) dict_keys(['example_nested_branch_dag']) retrieved from /home/airflow/.local/lib/python3.7/site-packages/airflow/example_dags/example_nested_branch_dag.py
[2023-04-08T12:02:24.742+0000] {logging_mixin.py:137} INFO - [2023-04-08T12:02:24.742+0000] {dag.py:2705} INFO - Sync 1 DAGs
[2023-04-08T12:02:24.783+0000] {logging_mixin.py:137} INFO - [2023-04-08T12:02:24.783+0000] {dag.py:3456} INFO - Setting next_dagrun for example_nested_branch_dag to 2023-04-07T00:00:00+00:00, run_after=2023-04-08T00:00:00+00:00
[2023-04-08T12:02:24.807+0000] {processor.py:175} INFO - Processing /home/airflow/.local/lib/python3.7/site-packages/airflow/example_dags/example_nested_branch_dag.py took 0.146 seconds
[2023-04-08T12:02:54.870+0000] {processor.py:153} INFO - Started process (PID=208) to work on /home/airflow/.local/lib/python3.7/site-packages/airflow/example_dags/example_nested_branch_dag.py
[2023-04-08T12:02:54.870+0000] {processor.py:743} INFO - Processing file /home/airflow/.local/lib/python3.7/site-packages/airflow/example_dags/example_nested_branch_dag.py for tasks to queue
[2023-04-08T12:02:54.871+0000] {logging_mixin.py:137} INFO - [2023-04-08T12:02:54.871+0000] {dagbag.py:532} INFO - Filling up the DagBag from /home/airflow/.local/lib/python3.7/site-packages/airflow/example_dags/example_nested_branch_dag.py
[2023-04-08T12:02:54.983+0000] {processor.py:753} INFO - DAG(s) dict_keys(['example_nested_branch_dag']) retrieved from /home/airflow/.local/lib/python3.7/site-packages/airflow/example_dags/example_nested_branch_dag.py
[2023-04-08T12:02:55.106+0000] {logging_mixin.py:137} INFO - [2023-04-08T12:02:55.105+0000] {dag.py:2705} INFO - Sync 1 DAGs
[2023-04-08T12:02:55.236+0000] {logging_mixin.py:137} INFO - [2023-04-08T12:02:55.236+0000] {dag.py:3456} INFO - Setting next_dagrun for example_nested_branch_dag to 2023-04-07T00:00:00+00:00, run_after=2023-04-08T00:00:00+00:00
[2023-04-08T12:02:55.316+0000] {processor.py:175} INFO - Processing /home/airflow/.local/lib/python3.7/site-packages/airflow/example_dags/example_nested_branch_dag.py took 0.451 seconds
[2023-04-08T12:03:25.674+0000] {processor.py:153} INFO - Started process (PID=258) to work on /home/airflow/.local/lib/python3.7/site-packages/airflow/example_dags/example_nested_branch_dag.py
[2023-04-08T12:03:25.675+0000] {processor.py:743} INFO - Processing file /home/airflow/.local/lib/python3.7/site-packages/airflow/example_dags/example_nested_branch_dag.py for tasks to queue
[2023-04-08T12:03:25.676+0000] {logging_mixin.py:137} INFO - [2023-04-08T12:03:25.676+0000] {dagbag.py:532} INFO - Filling up the DagBag from /home/airflow/.local/lib/python3.7/site-packages/airflow/example_dags/example_nested_branch_dag.py
[2023-04-08T12:03:25.713+0000] {processor.py:753} INFO - DAG(s) dict_keys(['example_nested_branch_dag']) retrieved from /home/airflow/.local/lib/python3.7/site-packages/airflow/example_dags/example_nested_branch_dag.py
[2023-04-08T12:03:25.751+0000] {logging_mixin.py:137} INFO - [2023-04-08T12:03:25.751+0000] {dag.py:2705} INFO - Sync 1 DAGs
[2023-04-08T12:03:25.794+0000] {logging_mixin.py:137} INFO - [2023-04-08T12:03:25.794+0000] {dag.py:3456} INFO - Setting next_dagrun for example_nested_branch_dag to 2023-04-07T00:00:00+00:00, run_after=2023-04-08T00:00:00+00:00
[2023-04-08T12:03:25.821+0000] {processor.py:175} INFO - Processing /home/airflow/.local/lib/python3.7/site-packages/airflow/example_dags/example_nested_branch_dag.py took 0.151 seconds
[2023-04-08T12:03:56.134+0000] {processor.py:153} INFO - Started process (PID=308) to work on /home/airflow/.local/lib/python3.7/site-packages/airflow/example_dags/example_nested_branch_dag.py
[2023-04-08T12:03:56.135+0000] {processor.py:743} INFO - Processing file /home/airflow/.local/lib/python3.7/site-packages/airflow/example_dags/example_nested_branch_dag.py for tasks to queue
[2023-04-08T12:03:56.135+0000] {logging_mixin.py:137} INFO - [2023-04-08T12:03:56.135+0000] {dagbag.py:532} INFO - Filling up the DagBag from /home/airflow/.local/lib/python3.7/site-packages/airflow/example_dags/example_nested_branch_dag.py
[2023-04-08T12:03:56.159+0000] {processor.py:753} INFO - DAG(s) dict_keys(['example_nested_branch_dag']) retrieved from /home/airflow/.local/lib/python3.7/site-packages/airflow/example_dags/example_nested_branch_dag.py
[2023-04-08T12:03:56.184+0000] {logging_mixin.py:137} INFO - [2023-04-08T12:03:56.183+0000] {dag.py:2705} INFO - Sync 1 DAGs
[2023-04-08T12:03:56.210+0000] {logging_mixin.py:137} INFO - [2023-04-08T12:03:56.210+0000] {dag.py:3456} INFO - Setting next_dagrun for example_nested_branch_dag to 2023-04-07T00:00:00+00:00, run_after=2023-04-08T00:00:00+00:00
[2023-04-08T12:03:56.226+0000] {processor.py:175} INFO - Processing /home/airflow/.local/lib/python3.7/site-packages/airflow/example_dags/example_nested_branch_dag.py took 0.095 seconds
[2023-04-08T12:04:26.400+0000] {processor.py:153} INFO - Started process (PID=359) to work on /home/airflow/.local/lib/python3.7/site-packages/airflow/example_dags/example_nested_branch_dag.py
[2023-04-08T12:04:26.401+0000] {processor.py:743} INFO - Processing file /home/airflow/.local/lib/python3.7/site-packages/airflow/example_dags/example_nested_branch_dag.py for tasks to queue
[2023-04-08T12:04:26.402+0000] {logging_mixin.py:137} INFO - [2023-04-08T12:04:26.401+0000] {dagbag.py:532} INFO - Filling up the DagBag from /home/airflow/.local/lib/python3.7/site-packages/airflow/example_dags/example_nested_branch_dag.py
[2023-04-08T12:04:26.425+0000] {processor.py:753} INFO - DAG(s) dict_keys(['example_nested_branch_dag']) retrieved from /home/airflow/.local/lib/python3.7/site-packages/airflow/example_dags/example_nested_branch_dag.py
[2023-04-08T12:04:26.450+0000] {logging_mixin.py:137} INFO - [2023-04-08T12:04:26.450+0000] {dag.py:2705} INFO - Sync 1 DAGs
[2023-04-08T12:04:26.476+0000] {logging_mixin.py:137} INFO - [2023-04-08T12:04:26.476+0000] {dag.py:3456} INFO - Setting next_dagrun for example_nested_branch_dag to 2023-04-07T00:00:00+00:00, run_after=2023-04-08T00:00:00+00:00
[2023-04-08T12:04:26.492+0000] {processor.py:175} INFO - Processing /home/airflow/.local/lib/python3.7/site-packages/airflow/example_dags/example_nested_branch_dag.py took 0.095 seconds
[2023-04-08T12:04:56.933+0000] {processor.py:153} INFO - Started process (PID=409) to work on /home/airflow/.local/lib/python3.7/site-packages/airflow/example_dags/example_nested_branch_dag.py
[2023-04-08T12:04:56.934+0000] {processor.py:743} INFO - Processing file /home/airflow/.local/lib/python3.7/site-packages/airflow/example_dags/example_nested_branch_dag.py for tasks to queue
[2023-04-08T12:04:56.934+0000] {logging_mixin.py:137} INFO - [2023-04-08T12:04:56.934+0000] {dagbag.py:532} INFO - Filling up the DagBag from /home/airflow/.local/lib/python3.7/site-packages/airflow/example_dags/example_nested_branch_dag.py
[2023-04-08T12:04:56.970+0000] {processor.py:753} INFO - DAG(s) dict_keys(['example_nested_branch_dag']) retrieved from /home/airflow/.local/lib/python3.7/site-packages/airflow/example_dags/example_nested_branch_dag.py
[2023-04-08T12:04:57.008+0000] {logging_mixin.py:137} INFO - [2023-04-08T12:04:57.008+0000] {dag.py:2705} INFO - Sync 1 DAGs
[2023-04-08T12:04:57.050+0000] {logging_mixin.py:137} INFO - [2023-04-08T12:04:57.050+0000] {dag.py:3456} INFO - Setting next_dagrun for example_nested_branch_dag to 2023-04-07T00:00:00+00:00, run_after=2023-04-08T00:00:00+00:00
[2023-04-08T12:04:57.073+0000] {processor.py:175} INFO - Processing /home/airflow/.local/lib/python3.7/site-packages/airflow/example_dags/example_nested_branch_dag.py took 0.145 seconds
[2023-04-08T12:05:27.191+0000] {processor.py:153} INFO - Started process (PID=460) to work on /home/airflow/.local/lib/python3.7/site-packages/airflow/example_dags/example_nested_branch_dag.py
[2023-04-08T12:05:27.192+0000] {processor.py:743} INFO - Processing file /home/airflow/.local/lib/python3.7/site-packages/airflow/example_dags/example_nested_branch_dag.py for tasks to queue
[2023-04-08T12:05:27.192+0000] {logging_mixin.py:137} INFO - [2023-04-08T12:05:27.192+0000] {dagbag.py:532} INFO - Filling up the DagBag from /home/airflow/.local/lib/python3.7/site-packages/airflow/example_dags/example_nested_branch_dag.py
[2023-04-08T12:05:27.215+0000] {processor.py:753} INFO - DAG(s) dict_keys(['example_nested_branch_dag']) retrieved from /home/airflow/.local/lib/python3.7/site-packages/airflow/example_dags/example_nested_branch_dag.py
[2023-04-08T12:05:27.240+0000] {logging_mixin.py:137} INFO - [2023-04-08T12:05:27.240+0000] {dag.py:2705} INFO - Sync 1 DAGs
[2023-04-08T12:05:27.267+0000] {logging_mixin.py:137} INFO - [2023-04-08T12:05:27.267+0000] {dag.py:3456} INFO - Setting next_dagrun for example_nested_branch_dag to 2023-04-07T00:00:00+00:00, run_after=2023-04-08T00:00:00+00:00
[2023-04-08T12:05:27.284+0000] {processor.py:175} INFO - Processing /home/airflow/.local/lib/python3.7/site-packages/airflow/example_dags/example_nested_branch_dag.py took 0.096 seconds
[2023-04-08T12:05:57.571+0000] {processor.py:153} INFO - Started process (PID=510) to work on /home/airflow/.local/lib/python3.7/site-packages/airflow/example_dags/example_nested_branch_dag.py
[2023-04-08T12:05:57.572+0000] {processor.py:743} INFO - Processing file /home/airflow/.local/lib/python3.7/site-packages/airflow/example_dags/example_nested_branch_dag.py for tasks to queue
[2023-04-08T12:05:57.573+0000] {logging_mixin.py:137} INFO - [2023-04-08T12:05:57.573+0000] {dagbag.py:532} INFO - Filling up the DagBag from /home/airflow/.local/lib/python3.7/site-packages/airflow/example_dags/example_nested_branch_dag.py
[2023-04-08T12:05:57.651+0000] {processor.py:753} INFO - DAG(s) dict_keys(['example_nested_branch_dag']) retrieved from /home/airflow/.local/lib/python3.7/site-packages/airflow/example_dags/example_nested_branch_dag.py
[2023-04-08T12:05:57.689+0000] {logging_mixin.py:137} INFO - [2023-04-08T12:05:57.689+0000] {dag.py:2705} INFO - Sync 1 DAGs
[2023-04-08T12:05:57.731+0000] {logging_mixin.py:137} INFO - [2023-04-08T12:05:57.731+0000] {dag.py:3456} INFO - Setting next_dagrun for example_nested_branch_dag to 2023-04-07T00:00:00+00:00, run_after=2023-04-08T00:00:00+00:00
[2023-04-08T12:05:57.757+0000] {processor.py:175} INFO - Processing /home/airflow/.local/lib/python3.7/site-packages/airflow/example_dags/example_nested_branch_dag.py took 0.190 seconds
[2023-04-08T12:06:28.472+0000] {processor.py:153} INFO - Started process (PID=560) to work on /home/airflow/.local/lib/python3.7/site-packages/airflow/example_dags/example_nested_branch_dag.py
[2023-04-08T12:06:28.473+0000] {processor.py:743} INFO - Processing file /home/airflow/.local/lib/python3.7/site-packages/airflow/example_dags/example_nested_branch_dag.py for tasks to queue
[2023-04-08T12:06:28.475+0000] {logging_mixin.py:137} INFO - [2023-04-08T12:06:28.474+0000] {dagbag.py:532} INFO - Filling up the DagBag from /home/airflow/.local/lib/python3.7/site-packages/airflow/example_dags/example_nested_branch_dag.py
[2023-04-08T12:06:28.522+0000] {processor.py:753} INFO - DAG(s) dict_keys(['example_nested_branch_dag']) retrieved from /home/airflow/.local/lib/python3.7/site-packages/airflow/example_dags/example_nested_branch_dag.py
[2023-04-08T12:06:28.639+0000] {logging_mixin.py:137} INFO - [2023-04-08T12:06:28.639+0000] {dag.py:2705} INFO - Sync 1 DAGs
[2023-04-08T12:06:28.698+0000] {logging_mixin.py:137} INFO - [2023-04-08T12:06:28.698+0000] {dag.py:3456} INFO - Setting next_dagrun for example_nested_branch_dag to 2023-04-07T00:00:00+00:00, run_after=2023-04-08T00:00:00+00:00
[2023-04-08T12:06:28.716+0000] {processor.py:175} INFO - Processing /home/airflow/.local/lib/python3.7/site-packages/airflow/example_dags/example_nested_branch_dag.py took 0.248 seconds
[2023-04-08T12:06:58.792+0000] {processor.py:153} INFO - Started process (PID=610) to work on /home/airflow/.local/lib/python3.7/site-packages/airflow/example_dags/example_nested_branch_dag.py
[2023-04-08T12:06:58.793+0000] {processor.py:743} INFO - Processing file /home/airflow/.local/lib/python3.7/site-packages/airflow/example_dags/example_nested_branch_dag.py for tasks to queue
[2023-04-08T12:06:58.793+0000] {logging_mixin.py:137} INFO - [2023-04-08T12:06:58.793+0000] {dagbag.py:532} INFO - Filling up the DagBag from /home/airflow/.local/lib/python3.7/site-packages/airflow/example_dags/example_nested_branch_dag.py
[2023-04-08T12:06:58.817+0000] {processor.py:753} INFO - DAG(s) dict_keys(['example_nested_branch_dag']) retrieved from /home/airflow/.local/lib/python3.7/site-packages/airflow/example_dags/example_nested_branch_dag.py
[2023-04-08T12:06:58.841+0000] {logging_mixin.py:137} INFO - [2023-04-08T12:06:58.841+0000] {dag.py:2705} INFO - Sync 1 DAGs
[2023-04-08T12:06:58.867+0000] {logging_mixin.py:137} INFO - [2023-04-08T12:06:58.866+0000] {dag.py:3456} INFO - Setting next_dagrun for example_nested_branch_dag to 2023-04-07T00:00:00+00:00, run_after=2023-04-08T00:00:00+00:00
[2023-04-08T12:06:58.884+0000] {processor.py:175} INFO - Processing /home/airflow/.local/lib/python3.7/site-packages/airflow/example_dags/example_nested_branch_dag.py took 0.095 seconds
[2023-04-08T12:07:29.751+0000] {processor.py:153} INFO - Started process (PID=659) to work on /home/airflow/.local/lib/python3.7/site-packages/airflow/example_dags/example_nested_branch_dag.py
[2023-04-08T12:07:29.761+0000] {processor.py:743} INFO - Processing file /home/airflow/.local/lib/python3.7/site-packages/airflow/example_dags/example_nested_branch_dag.py for tasks to queue
[2023-04-08T12:07:29.762+0000] {logging_mixin.py:137} INFO - [2023-04-08T12:07:29.762+0000] {dagbag.py:532} INFO - Filling up the DagBag from /home/airflow/.local/lib/python3.7/site-packages/airflow/example_dags/example_nested_branch_dag.py
[2023-04-08T12:07:29.828+0000] {processor.py:753} INFO - DAG(s) dict_keys(['example_nested_branch_dag']) retrieved from /home/airflow/.local/lib/python3.7/site-packages/airflow/example_dags/example_nested_branch_dag.py
[2023-04-08T12:07:29.898+0000] {logging_mixin.py:137} INFO - [2023-04-08T12:07:29.897+0000] {dag.py:2705} INFO - Sync 1 DAGs
[2023-04-08T12:07:29.983+0000] {logging_mixin.py:137} INFO - [2023-04-08T12:07:29.983+0000] {dag.py:3456} INFO - Setting next_dagrun for example_nested_branch_dag to 2023-04-07T00:00:00+00:00, run_after=2023-04-08T00:00:00+00:00
[2023-04-08T12:07:30.030+0000] {processor.py:175} INFO - Processing /home/airflow/.local/lib/python3.7/site-packages/airflow/example_dags/example_nested_branch_dag.py took 0.283 seconds
[2023-04-08T12:08:00.864+0000] {processor.py:153} INFO - Started process (PID=709) to work on /home/airflow/.local/lib/python3.7/site-packages/airflow/example_dags/example_nested_branch_dag.py
[2023-04-08T12:08:00.865+0000] {processor.py:743} INFO - Processing file /home/airflow/.local/lib/python3.7/site-packages/airflow/example_dags/example_nested_branch_dag.py for tasks to queue
[2023-04-08T12:08:00.866+0000] {logging_mixin.py:137} INFO - [2023-04-08T12:08:00.865+0000] {dagbag.py:532} INFO - Filling up the DagBag from /home/airflow/.local/lib/python3.7/site-packages/airflow/example_dags/example_nested_branch_dag.py
[2023-04-08T12:08:00.902+0000] {processor.py:753} INFO - DAG(s) dict_keys(['example_nested_branch_dag']) retrieved from /home/airflow/.local/lib/python3.7/site-packages/airflow/example_dags/example_nested_branch_dag.py
[2023-04-08T12:08:00.947+0000] {logging_mixin.py:137} INFO - [2023-04-08T12:08:00.947+0000] {dag.py:2705} INFO - Sync 1 DAGs
[2023-04-08T12:08:01.021+0000] {logging_mixin.py:137} INFO - [2023-04-08T12:08:01.017+0000] {dag.py:3456} INFO - Setting next_dagrun for example_nested_branch_dag to 2023-04-07T00:00:00+00:00, run_after=2023-04-08T00:00:00+00:00
[2023-04-08T12:08:01.071+0000] {processor.py:175} INFO - Processing /home/airflow/.local/lib/python3.7/site-packages/airflow/example_dags/example_nested_branch_dag.py took 0.212 seconds
[2023-04-08T12:08:31.406+0000] {processor.py:153} INFO - Started process (PID=759) to work on /home/airflow/.local/lib/python3.7/site-packages/airflow/example_dags/example_nested_branch_dag.py
[2023-04-08T12:08:31.407+0000] {processor.py:743} INFO - Processing file /home/airflow/.local/lib/python3.7/site-packages/airflow/example_dags/example_nested_branch_dag.py for tasks to queue
[2023-04-08T12:08:31.408+0000] {logging_mixin.py:137} INFO - [2023-04-08T12:08:31.408+0000] {dagbag.py:532} INFO - Filling up the DagBag from /home/airflow/.local/lib/python3.7/site-packages/airflow/example_dags/example_nested_branch_dag.py
[2023-04-08T12:08:31.493+0000] {processor.py:753} INFO - DAG(s) dict_keys(['example_nested_branch_dag']) retrieved from /home/airflow/.local/lib/python3.7/site-packages/airflow/example_dags/example_nested_branch_dag.py
[2023-04-08T12:08:31.566+0000] {logging_mixin.py:137} INFO - [2023-04-08T12:08:31.566+0000] {dag.py:2705} INFO - Sync 1 DAGs
[2023-04-08T12:08:31.644+0000] {logging_mixin.py:137} INFO - [2023-04-08T12:08:31.644+0000] {dag.py:3456} INFO - Setting next_dagrun for example_nested_branch_dag to 2023-04-07T00:00:00+00:00, run_after=2023-04-08T00:00:00+00:00
[2023-04-08T12:08:31.692+0000] {processor.py:175} INFO - Processing /home/airflow/.local/lib/python3.7/site-packages/airflow/example_dags/example_nested_branch_dag.py took 0.297 seconds
[2023-04-08T12:09:02.010+0000] {processor.py:153} INFO - Started process (PID=810) to work on /home/airflow/.local/lib/python3.7/site-packages/airflow/example_dags/example_nested_branch_dag.py
[2023-04-08T12:09:02.010+0000] {processor.py:743} INFO - Processing file /home/airflow/.local/lib/python3.7/site-packages/airflow/example_dags/example_nested_branch_dag.py for tasks to queue
[2023-04-08T12:09:02.011+0000] {logging_mixin.py:137} INFO - [2023-04-08T12:09:02.011+0000] {dagbag.py:532} INFO - Filling up the DagBag from /home/airflow/.local/lib/python3.7/site-packages/airflow/example_dags/example_nested_branch_dag.py
[2023-04-08T12:09:02.035+0000] {processor.py:753} INFO - DAG(s) dict_keys(['example_nested_branch_dag']) retrieved from /home/airflow/.local/lib/python3.7/site-packages/airflow/example_dags/example_nested_branch_dag.py
[2023-04-08T12:09:02.061+0000] {logging_mixin.py:137} INFO - [2023-04-08T12:09:02.061+0000] {dag.py:2705} INFO - Sync 1 DAGs
[2023-04-08T12:09:02.093+0000] {logging_mixin.py:137} INFO - [2023-04-08T12:09:02.093+0000] {dag.py:3456} INFO - Setting next_dagrun for example_nested_branch_dag to 2023-04-07T00:00:00+00:00, run_after=2023-04-08T00:00:00+00:00
[2023-04-08T12:09:02.112+0000] {processor.py:175} INFO - Processing /home/airflow/.local/lib/python3.7/site-packages/airflow/example_dags/example_nested_branch_dag.py took 0.106 seconds
[2023-04-08T12:09:32.254+0000] {processor.py:153} INFO - Started process (PID=859) to work on /home/airflow/.local/lib/python3.7/site-packages/airflow/example_dags/example_nested_branch_dag.py
[2023-04-08T12:09:32.254+0000] {processor.py:743} INFO - Processing file /home/airflow/.local/lib/python3.7/site-packages/airflow/example_dags/example_nested_branch_dag.py for tasks to queue
[2023-04-08T12:09:32.255+0000] {logging_mixin.py:137} INFO - [2023-04-08T12:09:32.255+0000] {dagbag.py:532} INFO - Filling up the DagBag from /home/airflow/.local/lib/python3.7/site-packages/airflow/example_dags/example_nested_branch_dag.py
[2023-04-08T12:09:32.279+0000] {processor.py:753} INFO - DAG(s) dict_keys(['example_nested_branch_dag']) retrieved from /home/airflow/.local/lib/python3.7/site-packages/airflow/example_dags/example_nested_branch_dag.py
[2023-04-08T12:09:32.304+0000] {logging_mixin.py:137} INFO - [2023-04-08T12:09:32.304+0000] {dag.py:2705} INFO - Sync 1 DAGs
[2023-04-08T12:09:32.331+0000] {logging_mixin.py:137} INFO - [2023-04-08T12:09:32.330+0000] {dag.py:3456} INFO - Setting next_dagrun for example_nested_branch_dag to 2023-04-07T00:00:00+00:00, run_after=2023-04-08T00:00:00+00:00
[2023-04-08T12:09:32.347+0000] {processor.py:175} INFO - Processing /home/airflow/.local/lib/python3.7/site-packages/airflow/example_dags/example_nested_branch_dag.py took 0.097 seconds
[2023-04-08T12:10:02.856+0000] {processor.py:153} INFO - Started process (PID=909) to work on /home/airflow/.local/lib/python3.7/site-packages/airflow/example_dags/example_nested_branch_dag.py
[2023-04-08T12:10:02.857+0000] {processor.py:743} INFO - Processing file /home/airflow/.local/lib/python3.7/site-packages/airflow/example_dags/example_nested_branch_dag.py for tasks to queue
[2023-04-08T12:10:02.858+0000] {logging_mixin.py:137} INFO - [2023-04-08T12:10:02.858+0000] {dagbag.py:532} INFO - Filling up the DagBag from /home/airflow/.local/lib/python3.7/site-packages/airflow/example_dags/example_nested_branch_dag.py
[2023-04-08T12:10:02.895+0000] {processor.py:753} INFO - DAG(s) dict_keys(['example_nested_branch_dag']) retrieved from /home/airflow/.local/lib/python3.7/site-packages/airflow/example_dags/example_nested_branch_dag.py
[2023-04-08T12:10:02.949+0000] {logging_mixin.py:137} INFO - [2023-04-08T12:10:02.948+0000] {dag.py:2705} INFO - Sync 1 DAGs
[2023-04-08T12:10:02.991+0000] {logging_mixin.py:137} INFO - [2023-04-08T12:10:02.991+0000] {dag.py:3456} INFO - Setting next_dagrun for example_nested_branch_dag to 2023-04-07T00:00:00+00:00, run_after=2023-04-08T00:00:00+00:00
[2023-04-08T12:10:03.015+0000] {processor.py:175} INFO - Processing /home/airflow/.local/lib/python3.7/site-packages/airflow/example_dags/example_nested_branch_dag.py took 0.163 seconds
[2023-04-08T12:10:33.205+0000] {processor.py:153} INFO - Started process (PID=958) to work on /home/airflow/.local/lib/python3.7/site-packages/airflow/example_dags/example_nested_branch_dag.py
[2023-04-08T12:10:33.206+0000] {processor.py:743} INFO - Processing file /home/airflow/.local/lib/python3.7/site-packages/airflow/example_dags/example_nested_branch_dag.py for tasks to queue
[2023-04-08T12:10:33.207+0000] {logging_mixin.py:137} INFO - [2023-04-08T12:10:33.207+0000] {dagbag.py:532} INFO - Filling up the DagBag from /home/airflow/.local/lib/python3.7/site-packages/airflow/example_dags/example_nested_branch_dag.py
[2023-04-08T12:10:33.244+0000] {processor.py:753} INFO - DAG(s) dict_keys(['example_nested_branch_dag']) retrieved from /home/airflow/.local/lib/python3.7/site-packages/airflow/example_dags/example_nested_branch_dag.py
[2023-04-08T12:10:33.281+0000] {logging_mixin.py:137} INFO - [2023-04-08T12:10:33.280+0000] {dag.py:2705} INFO - Sync 1 DAGs
[2023-04-08T12:10:33.321+0000] {logging_mixin.py:137} INFO - [2023-04-08T12:10:33.321+0000] {dag.py:3456} INFO - Setting next_dagrun for example_nested_branch_dag to 2023-04-07T00:00:00+00:00, run_after=2023-04-08T00:00:00+00:00
[2023-04-08T12:10:33.345+0000] {processor.py:175} INFO - Processing /home/airflow/.local/lib/python3.7/site-packages/airflow/example_dags/example_nested_branch_dag.py took 0.144 seconds
