[2023-04-08T12:01:17.793+0000] {processor.py:153} INFO - Started process (PID=52) to work on /home/airflow/.local/lib/python3.7/site-packages/airflow/example_dags/example_bash_operator.py
[2023-04-08T12:01:17.794+0000] {processor.py:743} INFO - Processing file /home/airflow/.local/lib/python3.7/site-packages/airflow/example_dags/example_bash_operator.py for tasks to queue
[2023-04-08T12:01:17.795+0000] {logging_mixin.py:137} INFO - [2023-04-08T12:01:17.794+0000] {dagbag.py:532} INFO - Filling up the DagBag from /home/airflow/.local/lib/python3.7/site-packages/airflow/example_dags/example_bash_operator.py
[2023-04-08T12:01:17.896+0000] {processor.py:753} INFO - DAG(s) dict_keys(['example_bash_operator']) retrieved from /home/airflow/.local/lib/python3.7/site-packages/airflow/example_dags/example_bash_operator.py
[2023-04-08T12:01:18.483+0000] {logging_mixin.py:137} INFO - [2023-04-08T12:01:18.483+0000] {manager.py:504} INFO - Created Permission View: can delete on DAG:example_bash_operator
[2023-04-08T12:01:18.541+0000] {logging_mixin.py:137} INFO - [2023-04-08T12:01:18.541+0000] {manager.py:504} INFO - Created Permission View: can edit on DAG:example_bash_operator
[2023-04-08T12:01:18.586+0000] {logging_mixin.py:137} INFO - [2023-04-08T12:01:18.585+0000] {manager.py:504} INFO - Created Permission View: can read on DAG:example_bash_operator
[2023-04-08T12:01:18.586+0000] {logging_mixin.py:137} INFO - [2023-04-08T12:01:18.586+0000] {dag.py:2705} INFO - Sync 1 DAGs
[2023-04-08T12:01:18.665+0000] {logging_mixin.py:137} INFO - [2023-04-08T12:01:18.665+0000] {dag.py:2726} INFO - Creating ORM DAG for example_bash_operator
[2023-04-08T12:01:18.717+0000] {logging_mixin.py:137} INFO - [2023-04-08T12:01:18.713+0000] {dag.py:3456} INFO - Setting next_dagrun for example_bash_operator to 2023-04-07T00:00:00+00:00, run_after=2023-04-08T00:00:00+00:00
[2023-04-08T12:01:18.790+0000] {processor.py:175} INFO - Processing /home/airflow/.local/lib/python3.7/site-packages/airflow/example_dags/example_bash_operator.py took 1.010 seconds
[2023-04-08T12:01:49.294+0000] {processor.py:153} INFO - Started process (PID=102) to work on /home/airflow/.local/lib/python3.7/site-packages/airflow/example_dags/example_bash_operator.py
[2023-04-08T12:01:49.295+0000] {processor.py:743} INFO - Processing file /home/airflow/.local/lib/python3.7/site-packages/airflow/example_dags/example_bash_operator.py for tasks to queue
[2023-04-08T12:01:49.295+0000] {logging_mixin.py:137} INFO - [2023-04-08T12:01:49.295+0000] {dagbag.py:532} INFO - Filling up the DagBag from /home/airflow/.local/lib/python3.7/site-packages/airflow/example_dags/example_bash_operator.py
[2023-04-08T12:01:49.315+0000] {processor.py:753} INFO - DAG(s) dict_keys(['example_bash_operator']) retrieved from /home/airflow/.local/lib/python3.7/site-packages/airflow/example_dags/example_bash_operator.py
[2023-04-08T12:01:49.352+0000] {logging_mixin.py:137} INFO - [2023-04-08T12:01:49.352+0000] {dag.py:2705} INFO - Sync 1 DAGs
[2023-04-08T12:01:49.379+0000] {logging_mixin.py:137} INFO - [2023-04-08T12:01:49.379+0000] {dag.py:3456} INFO - Setting next_dagrun for example_bash_operator to 2023-04-07T00:00:00+00:00, run_after=2023-04-08T00:00:00+00:00
[2023-04-08T12:01:49.395+0000] {processor.py:175} INFO - Processing /home/airflow/.local/lib/python3.7/site-packages/airflow/example_dags/example_bash_operator.py took 0.105 seconds
[2023-04-08T12:02:19.485+0000] {processor.py:153} INFO - Started process (PID=151) to work on /home/airflow/.local/lib/python3.7/site-packages/airflow/example_dags/example_bash_operator.py
[2023-04-08T12:02:19.497+0000] {processor.py:743} INFO - Processing file /home/airflow/.local/lib/python3.7/site-packages/airflow/example_dags/example_bash_operator.py for tasks to queue
[2023-04-08T12:02:19.498+0000] {logging_mixin.py:137} INFO - [2023-04-08T12:02:19.498+0000] {dagbag.py:532} INFO - Filling up the DagBag from /home/airflow/.local/lib/python3.7/site-packages/airflow/example_dags/example_bash_operator.py
[2023-04-08T12:02:19.559+0000] {processor.py:753} INFO - DAG(s) dict_keys(['example_bash_operator']) retrieved from /home/airflow/.local/lib/python3.7/site-packages/airflow/example_dags/example_bash_operator.py
[2023-04-08T12:02:19.665+0000] {logging_mixin.py:137} INFO - [2023-04-08T12:02:19.665+0000] {dag.py:2705} INFO - Sync 1 DAGs
[2023-04-08T12:02:19.740+0000] {logging_mixin.py:137} INFO - [2023-04-08T12:02:19.740+0000] {dag.py:3456} INFO - Setting next_dagrun for example_bash_operator to 2023-04-07T00:00:00+00:00, run_after=2023-04-08T00:00:00+00:00
[2023-04-08T12:02:19.792+0000] {processor.py:175} INFO - Processing /home/airflow/.local/lib/python3.7/site-packages/airflow/example_dags/example_bash_operator.py took 0.311 seconds
[2023-04-08T12:02:49.829+0000] {processor.py:153} INFO - Started process (PID=201) to work on /home/airflow/.local/lib/python3.7/site-packages/airflow/example_dags/example_bash_operator.py
[2023-04-08T12:02:49.830+0000] {processor.py:743} INFO - Processing file /home/airflow/.local/lib/python3.7/site-packages/airflow/example_dags/example_bash_operator.py for tasks to queue
[2023-04-08T12:02:49.831+0000] {logging_mixin.py:137} INFO - [2023-04-08T12:02:49.830+0000] {dagbag.py:532} INFO - Filling up the DagBag from /home/airflow/.local/lib/python3.7/site-packages/airflow/example_dags/example_bash_operator.py
[2023-04-08T12:02:49.852+0000] {processor.py:753} INFO - DAG(s) dict_keys(['example_bash_operator']) retrieved from /home/airflow/.local/lib/python3.7/site-packages/airflow/example_dags/example_bash_operator.py
[2023-04-08T12:02:49.889+0000] {logging_mixin.py:137} INFO - [2023-04-08T12:02:49.889+0000] {dag.py:2705} INFO - Sync 1 DAGs
[2023-04-08T12:02:49.915+0000] {logging_mixin.py:137} INFO - [2023-04-08T12:02:49.915+0000] {dag.py:3456} INFO - Setting next_dagrun for example_bash_operator to 2023-04-07T00:00:00+00:00, run_after=2023-04-08T00:00:00+00:00
[2023-04-08T12:02:49.931+0000] {processor.py:175} INFO - Processing /home/airflow/.local/lib/python3.7/site-packages/airflow/example_dags/example_bash_operator.py took 0.105 seconds
[2023-04-08T12:03:20.039+0000] {processor.py:153} INFO - Started process (PID=251) to work on /home/airflow/.local/lib/python3.7/site-packages/airflow/example_dags/example_bash_operator.py
[2023-04-08T12:03:20.040+0000] {processor.py:743} INFO - Processing file /home/airflow/.local/lib/python3.7/site-packages/airflow/example_dags/example_bash_operator.py for tasks to queue
[2023-04-08T12:03:20.041+0000] {logging_mixin.py:137} INFO - [2023-04-08T12:03:20.041+0000] {dagbag.py:532} INFO - Filling up the DagBag from /home/airflow/.local/lib/python3.7/site-packages/airflow/example_dags/example_bash_operator.py
[2023-04-08T12:03:20.062+0000] {processor.py:753} INFO - DAG(s) dict_keys(['example_bash_operator']) retrieved from /home/airflow/.local/lib/python3.7/site-packages/airflow/example_dags/example_bash_operator.py
[2023-04-08T12:03:20.100+0000] {logging_mixin.py:137} INFO - [2023-04-08T12:03:20.100+0000] {dag.py:2705} INFO - Sync 1 DAGs
[2023-04-08T12:03:20.127+0000] {logging_mixin.py:137} INFO - [2023-04-08T12:03:20.126+0000] {dag.py:3456} INFO - Setting next_dagrun for example_bash_operator to 2023-04-07T00:00:00+00:00, run_after=2023-04-08T00:00:00+00:00
[2023-04-08T12:03:20.147+0000] {processor.py:175} INFO - Processing /home/airflow/.local/lib/python3.7/site-packages/airflow/example_dags/example_bash_operator.py took 0.111 seconds
[2023-04-08T12:03:50.601+0000] {processor.py:153} INFO - Started process (PID=301) to work on /home/airflow/.local/lib/python3.7/site-packages/airflow/example_dags/example_bash_operator.py
[2023-04-08T12:03:50.602+0000] {processor.py:743} INFO - Processing file /home/airflow/.local/lib/python3.7/site-packages/airflow/example_dags/example_bash_operator.py for tasks to queue
[2023-04-08T12:03:50.602+0000] {logging_mixin.py:137} INFO - [2023-04-08T12:03:50.602+0000] {dagbag.py:532} INFO - Filling up the DagBag from /home/airflow/.local/lib/python3.7/site-packages/airflow/example_dags/example_bash_operator.py
[2023-04-08T12:03:50.624+0000] {processor.py:753} INFO - DAG(s) dict_keys(['example_bash_operator']) retrieved from /home/airflow/.local/lib/python3.7/site-packages/airflow/example_dags/example_bash_operator.py
[2023-04-08T12:03:50.662+0000] {logging_mixin.py:137} INFO - [2023-04-08T12:03:50.662+0000] {dag.py:2705} INFO - Sync 1 DAGs
[2023-04-08T12:03:50.689+0000] {logging_mixin.py:137} INFO - [2023-04-08T12:03:50.689+0000] {dag.py:3456} INFO - Setting next_dagrun for example_bash_operator to 2023-04-07T00:00:00+00:00, run_after=2023-04-08T00:00:00+00:00
[2023-04-08T12:03:50.706+0000] {processor.py:175} INFO - Processing /home/airflow/.local/lib/python3.7/site-packages/airflow/example_dags/example_bash_operator.py took 0.108 seconds
[2023-04-08T12:04:20.778+0000] {processor.py:153} INFO - Started process (PID=352) to work on /home/airflow/.local/lib/python3.7/site-packages/airflow/example_dags/example_bash_operator.py
[2023-04-08T12:04:20.778+0000] {processor.py:743} INFO - Processing file /home/airflow/.local/lib/python3.7/site-packages/airflow/example_dags/example_bash_operator.py for tasks to queue
[2023-04-08T12:04:20.779+0000] {logging_mixin.py:137} INFO - [2023-04-08T12:04:20.779+0000] {dagbag.py:532} INFO - Filling up the DagBag from /home/airflow/.local/lib/python3.7/site-packages/airflow/example_dags/example_bash_operator.py
[2023-04-08T12:04:20.799+0000] {processor.py:753} INFO - DAG(s) dict_keys(['example_bash_operator']) retrieved from /home/airflow/.local/lib/python3.7/site-packages/airflow/example_dags/example_bash_operator.py
[2023-04-08T12:04:20.838+0000] {logging_mixin.py:137} INFO - [2023-04-08T12:04:20.838+0000] {dag.py:2705} INFO - Sync 1 DAGs
[2023-04-08T12:04:20.864+0000] {logging_mixin.py:137} INFO - [2023-04-08T12:04:20.864+0000] {dag.py:3456} INFO - Setting next_dagrun for example_bash_operator to 2023-04-07T00:00:00+00:00, run_after=2023-04-08T00:00:00+00:00
[2023-04-08T12:04:20.881+0000] {processor.py:175} INFO - Processing /home/airflow/.local/lib/python3.7/site-packages/airflow/example_dags/example_bash_operator.py took 0.107 seconds
[2023-04-08T12:04:51.269+0000] {processor.py:153} INFO - Started process (PID=402) to work on /home/airflow/.local/lib/python3.7/site-packages/airflow/example_dags/example_bash_operator.py
[2023-04-08T12:04:51.269+0000] {processor.py:743} INFO - Processing file /home/airflow/.local/lib/python3.7/site-packages/airflow/example_dags/example_bash_operator.py for tasks to queue
[2023-04-08T12:04:51.270+0000] {logging_mixin.py:137} INFO - [2023-04-08T12:04:51.270+0000] {dagbag.py:532} INFO - Filling up the DagBag from /home/airflow/.local/lib/python3.7/site-packages/airflow/example_dags/example_bash_operator.py
[2023-04-08T12:04:51.291+0000] {processor.py:753} INFO - DAG(s) dict_keys(['example_bash_operator']) retrieved from /home/airflow/.local/lib/python3.7/site-packages/airflow/example_dags/example_bash_operator.py
[2023-04-08T12:04:51.328+0000] {logging_mixin.py:137} INFO - [2023-04-08T12:04:51.328+0000] {dag.py:2705} INFO - Sync 1 DAGs
[2023-04-08T12:04:51.358+0000] {logging_mixin.py:137} INFO - [2023-04-08T12:04:51.358+0000] {dag.py:3456} INFO - Setting next_dagrun for example_bash_operator to 2023-04-07T00:00:00+00:00, run_after=2023-04-08T00:00:00+00:00
[2023-04-08T12:04:51.379+0000] {processor.py:175} INFO - Processing /home/airflow/.local/lib/python3.7/site-packages/airflow/example_dags/example_bash_operator.py took 0.113 seconds
[2023-04-08T12:05:21.585+0000] {processor.py:153} INFO - Started process (PID=453) to work on /home/airflow/.local/lib/python3.7/site-packages/airflow/example_dags/example_bash_operator.py
[2023-04-08T12:05:21.586+0000] {processor.py:743} INFO - Processing file /home/airflow/.local/lib/python3.7/site-packages/airflow/example_dags/example_bash_operator.py for tasks to queue
[2023-04-08T12:05:21.586+0000] {logging_mixin.py:137} INFO - [2023-04-08T12:05:21.586+0000] {dagbag.py:532} INFO - Filling up the DagBag from /home/airflow/.local/lib/python3.7/site-packages/airflow/example_dags/example_bash_operator.py
[2023-04-08T12:05:21.607+0000] {processor.py:753} INFO - DAG(s) dict_keys(['example_bash_operator']) retrieved from /home/airflow/.local/lib/python3.7/site-packages/airflow/example_dags/example_bash_operator.py
[2023-04-08T12:05:21.644+0000] {logging_mixin.py:137} INFO - [2023-04-08T12:05:21.644+0000] {dag.py:2705} INFO - Sync 1 DAGs
[2023-04-08T12:05:21.670+0000] {logging_mixin.py:137} INFO - [2023-04-08T12:05:21.670+0000] {dag.py:3456} INFO - Setting next_dagrun for example_bash_operator to 2023-04-07T00:00:00+00:00, run_after=2023-04-08T00:00:00+00:00
[2023-04-08T12:05:21.689+0000] {processor.py:175} INFO - Processing /home/airflow/.local/lib/python3.7/site-packages/airflow/example_dags/example_bash_operator.py took 0.107 seconds
[2023-04-08T12:05:51.896+0000] {processor.py:153} INFO - Started process (PID=503) to work on /home/airflow/.local/lib/python3.7/site-packages/airflow/example_dags/example_bash_operator.py
[2023-04-08T12:05:51.897+0000] {processor.py:743} INFO - Processing file /home/airflow/.local/lib/python3.7/site-packages/airflow/example_dags/example_bash_operator.py for tasks to queue
[2023-04-08T12:05:51.898+0000] {logging_mixin.py:137} INFO - [2023-04-08T12:05:51.898+0000] {dagbag.py:532} INFO - Filling up the DagBag from /home/airflow/.local/lib/python3.7/site-packages/airflow/example_dags/example_bash_operator.py
[2023-04-08T12:05:51.919+0000] {processor.py:753} INFO - DAG(s) dict_keys(['example_bash_operator']) retrieved from /home/airflow/.local/lib/python3.7/site-packages/airflow/example_dags/example_bash_operator.py
[2023-04-08T12:05:51.956+0000] {logging_mixin.py:137} INFO - [2023-04-08T12:05:51.956+0000] {dag.py:2705} INFO - Sync 1 DAGs
[2023-04-08T12:05:51.984+0000] {logging_mixin.py:137} INFO - [2023-04-08T12:05:51.984+0000] {dag.py:3456} INFO - Setting next_dagrun for example_bash_operator to 2023-04-07T00:00:00+00:00, run_after=2023-04-08T00:00:00+00:00
[2023-04-08T12:05:52.001+0000] {processor.py:175} INFO - Processing /home/airflow/.local/lib/python3.7/site-packages/airflow/example_dags/example_bash_operator.py took 0.107 seconds
[2023-04-08T12:06:22.667+0000] {processor.py:153} INFO - Started process (PID=553) to work on /home/airflow/.local/lib/python3.7/site-packages/airflow/example_dags/example_bash_operator.py
[2023-04-08T12:06:22.683+0000] {processor.py:743} INFO - Processing file /home/airflow/.local/lib/python3.7/site-packages/airflow/example_dags/example_bash_operator.py for tasks to queue
[2023-04-08T12:06:22.684+0000] {logging_mixin.py:137} INFO - [2023-04-08T12:06:22.684+0000] {dagbag.py:532} INFO - Filling up the DagBag from /home/airflow/.local/lib/python3.7/site-packages/airflow/example_dags/example_bash_operator.py
[2023-04-08T12:06:22.796+0000] {processor.py:753} INFO - DAG(s) dict_keys(['example_bash_operator']) retrieved from /home/airflow/.local/lib/python3.7/site-packages/airflow/example_dags/example_bash_operator.py
[2023-04-08T12:06:22.919+0000] {logging_mixin.py:137} INFO - [2023-04-08T12:06:22.919+0000] {dag.py:2705} INFO - Sync 1 DAGs
[2023-04-08T12:06:23.011+0000] {logging_mixin.py:137} INFO - [2023-04-08T12:06:23.010+0000] {dag.py:3456} INFO - Setting next_dagrun for example_bash_operator to 2023-04-07T00:00:00+00:00, run_after=2023-04-08T00:00:00+00:00
[2023-04-08T12:06:23.055+0000] {processor.py:175} INFO - Processing /home/airflow/.local/lib/python3.7/site-packages/airflow/example_dags/example_bash_operator.py took 0.392 seconds
[2023-04-08T12:06:53.719+0000] {processor.py:153} INFO - Started process (PID=603) to work on /home/airflow/.local/lib/python3.7/site-packages/airflow/example_dags/example_bash_operator.py
[2023-04-08T12:06:53.725+0000] {processor.py:743} INFO - Processing file /home/airflow/.local/lib/python3.7/site-packages/airflow/example_dags/example_bash_operator.py for tasks to queue
[2023-04-08T12:06:53.726+0000] {logging_mixin.py:137} INFO - [2023-04-08T12:06:53.726+0000] {dagbag.py:532} INFO - Filling up the DagBag from /home/airflow/.local/lib/python3.7/site-packages/airflow/example_dags/example_bash_operator.py
[2023-04-08T12:06:53.774+0000] {processor.py:753} INFO - DAG(s) dict_keys(['example_bash_operator']) retrieved from /home/airflow/.local/lib/python3.7/site-packages/airflow/example_dags/example_bash_operator.py
[2023-04-08T12:06:53.833+0000] {logging_mixin.py:137} INFO - [2023-04-08T12:06:53.833+0000] {dag.py:2705} INFO - Sync 1 DAGs
[2023-04-08T12:06:53.879+0000] {logging_mixin.py:137} INFO - [2023-04-08T12:06:53.877+0000] {dag.py:3456} INFO - Setting next_dagrun for example_bash_operator to 2023-04-07T00:00:00+00:00, run_after=2023-04-08T00:00:00+00:00
[2023-04-08T12:06:53.924+0000] {processor.py:175} INFO - Processing /home/airflow/.local/lib/python3.7/site-packages/airflow/example_dags/example_bash_operator.py took 0.222 seconds
[2023-04-08T12:07:24.616+0000] {processor.py:153} INFO - Started process (PID=652) to work on /home/airflow/.local/lib/python3.7/site-packages/airflow/example_dags/example_bash_operator.py
[2023-04-08T12:07:24.617+0000] {processor.py:743} INFO - Processing file /home/airflow/.local/lib/python3.7/site-packages/airflow/example_dags/example_bash_operator.py for tasks to queue
[2023-04-08T12:07:24.618+0000] {logging_mixin.py:137} INFO - [2023-04-08T12:07:24.618+0000] {dagbag.py:532} INFO - Filling up the DagBag from /home/airflow/.local/lib/python3.7/site-packages/airflow/example_dags/example_bash_operator.py
[2023-04-08T12:07:24.648+0000] {processor.py:753} INFO - DAG(s) dict_keys(['example_bash_operator']) retrieved from /home/airflow/.local/lib/python3.7/site-packages/airflow/example_dags/example_bash_operator.py
[2023-04-08T12:07:24.709+0000] {logging_mixin.py:137} INFO - [2023-04-08T12:07:24.709+0000] {dag.py:2705} INFO - Sync 1 DAGs
[2023-04-08T12:07:24.751+0000] {logging_mixin.py:137} INFO - [2023-04-08T12:07:24.751+0000] {dag.py:3456} INFO - Setting next_dagrun for example_bash_operator to 2023-04-07T00:00:00+00:00, run_after=2023-04-08T00:00:00+00:00
[2023-04-08T12:07:24.775+0000] {processor.py:175} INFO - Processing /home/airflow/.local/lib/python3.7/site-packages/airflow/example_dags/example_bash_operator.py took 0.163 seconds
[2023-04-08T12:07:55.169+0000] {processor.py:153} INFO - Started process (PID=702) to work on /home/airflow/.local/lib/python3.7/site-packages/airflow/example_dags/example_bash_operator.py
[2023-04-08T12:07:55.170+0000] {processor.py:743} INFO - Processing file /home/airflow/.local/lib/python3.7/site-packages/airflow/example_dags/example_bash_operator.py for tasks to queue
[2023-04-08T12:07:55.170+0000] {logging_mixin.py:137} INFO - [2023-04-08T12:07:55.170+0000] {dagbag.py:532} INFO - Filling up the DagBag from /home/airflow/.local/lib/python3.7/site-packages/airflow/example_dags/example_bash_operator.py
[2023-04-08T12:07:55.204+0000] {processor.py:753} INFO - DAG(s) dict_keys(['example_bash_operator']) retrieved from /home/airflow/.local/lib/python3.7/site-packages/airflow/example_dags/example_bash_operator.py
[2023-04-08T12:07:55.264+0000] {logging_mixin.py:137} INFO - [2023-04-08T12:07:55.264+0000] {dag.py:2705} INFO - Sync 1 DAGs
[2023-04-08T12:07:55.306+0000] {logging_mixin.py:137} INFO - [2023-04-08T12:07:55.306+0000] {dag.py:3456} INFO - Setting next_dagrun for example_bash_operator to 2023-04-07T00:00:00+00:00, run_after=2023-04-08T00:00:00+00:00
[2023-04-08T12:07:55.333+0000] {processor.py:175} INFO - Processing /home/airflow/.local/lib/python3.7/site-packages/airflow/example_dags/example_bash_operator.py took 0.169 seconds
[2023-04-08T12:08:25.592+0000] {processor.py:153} INFO - Started process (PID=752) to work on /home/airflow/.local/lib/python3.7/site-packages/airflow/example_dags/example_bash_operator.py
[2023-04-08T12:08:25.593+0000] {processor.py:743} INFO - Processing file /home/airflow/.local/lib/python3.7/site-packages/airflow/example_dags/example_bash_operator.py for tasks to queue
[2023-04-08T12:08:25.594+0000] {logging_mixin.py:137} INFO - [2023-04-08T12:08:25.594+0000] {dagbag.py:532} INFO - Filling up the DagBag from /home/airflow/.local/lib/python3.7/site-packages/airflow/example_dags/example_bash_operator.py
[2023-04-08T12:08:25.626+0000] {processor.py:753} INFO - DAG(s) dict_keys(['example_bash_operator']) retrieved from /home/airflow/.local/lib/python3.7/site-packages/airflow/example_dags/example_bash_operator.py
[2023-04-08T12:08:25.685+0000] {logging_mixin.py:137} INFO - [2023-04-08T12:08:25.685+0000] {dag.py:2705} INFO - Sync 1 DAGs
[2023-04-08T12:08:25.727+0000] {logging_mixin.py:137} INFO - [2023-04-08T12:08:25.727+0000] {dag.py:3456} INFO - Setting next_dagrun for example_bash_operator to 2023-04-07T00:00:00+00:00, run_after=2023-04-08T00:00:00+00:00
[2023-04-08T12:08:25.751+0000] {processor.py:175} INFO - Processing /home/airflow/.local/lib/python3.7/site-packages/airflow/example_dags/example_bash_operator.py took 0.163 seconds
[2023-04-08T12:08:56.283+0000] {processor.py:153} INFO - Started process (PID=803) to work on /home/airflow/.local/lib/python3.7/site-packages/airflow/example_dags/example_bash_operator.py
[2023-04-08T12:08:56.284+0000] {processor.py:743} INFO - Processing file /home/airflow/.local/lib/python3.7/site-packages/airflow/example_dags/example_bash_operator.py for tasks to queue
[2023-04-08T12:08:56.285+0000] {logging_mixin.py:137} INFO - [2023-04-08T12:08:56.284+0000] {dagbag.py:532} INFO - Filling up the DagBag from /home/airflow/.local/lib/python3.7/site-packages/airflow/example_dags/example_bash_operator.py
[2023-04-08T12:08:56.317+0000] {processor.py:753} INFO - DAG(s) dict_keys(['example_bash_operator']) retrieved from /home/airflow/.local/lib/python3.7/site-packages/airflow/example_dags/example_bash_operator.py
[2023-04-08T12:08:56.375+0000] {logging_mixin.py:137} INFO - [2023-04-08T12:08:56.375+0000] {dag.py:2705} INFO - Sync 1 DAGs
[2023-04-08T12:08:56.417+0000] {logging_mixin.py:137} INFO - [2023-04-08T12:08:56.417+0000] {dag.py:3456} INFO - Setting next_dagrun for example_bash_operator to 2023-04-07T00:00:00+00:00, run_after=2023-04-08T00:00:00+00:00
[2023-04-08T12:08:56.441+0000] {processor.py:175} INFO - Processing /home/airflow/.local/lib/python3.7/site-packages/airflow/example_dags/example_bash_operator.py took 0.162 seconds
[2023-04-08T12:09:26.716+0000] {processor.py:153} INFO - Started process (PID=852) to work on /home/airflow/.local/lib/python3.7/site-packages/airflow/example_dags/example_bash_operator.py
[2023-04-08T12:09:26.717+0000] {processor.py:743} INFO - Processing file /home/airflow/.local/lib/python3.7/site-packages/airflow/example_dags/example_bash_operator.py for tasks to queue
[2023-04-08T12:09:26.718+0000] {logging_mixin.py:137} INFO - [2023-04-08T12:09:26.718+0000] {dagbag.py:532} INFO - Filling up the DagBag from /home/airflow/.local/lib/python3.7/site-packages/airflow/example_dags/example_bash_operator.py
[2023-04-08T12:09:26.747+0000] {processor.py:753} INFO - DAG(s) dict_keys(['example_bash_operator']) retrieved from /home/airflow/.local/lib/python3.7/site-packages/airflow/example_dags/example_bash_operator.py
[2023-04-08T12:09:26.783+0000] {logging_mixin.py:137} INFO - [2023-04-08T12:09:26.783+0000] {dag.py:2705} INFO - Sync 1 DAGs
[2023-04-08T12:09:26.810+0000] {logging_mixin.py:137} INFO - [2023-04-08T12:09:26.809+0000] {dag.py:3456} INFO - Setting next_dagrun for example_bash_operator to 2023-04-07T00:00:00+00:00, run_after=2023-04-08T00:00:00+00:00
[2023-04-08T12:09:26.826+0000] {processor.py:175} INFO - Processing /home/airflow/.local/lib/python3.7/site-packages/airflow/example_dags/example_bash_operator.py took 0.115 seconds
[2023-04-08T12:09:57.180+0000] {processor.py:153} INFO - Started process (PID=902) to work on /home/airflow/.local/lib/python3.7/site-packages/airflow/example_dags/example_bash_operator.py
[2023-04-08T12:09:57.180+0000] {processor.py:743} INFO - Processing file /home/airflow/.local/lib/python3.7/site-packages/airflow/example_dags/example_bash_operator.py for tasks to queue
[2023-04-08T12:09:57.181+0000] {logging_mixin.py:137} INFO - [2023-04-08T12:09:57.181+0000] {dagbag.py:532} INFO - Filling up the DagBag from /home/airflow/.local/lib/python3.7/site-packages/airflow/example_dags/example_bash_operator.py
[2023-04-08T12:09:57.211+0000] {processor.py:753} INFO - DAG(s) dict_keys(['example_bash_operator']) retrieved from /home/airflow/.local/lib/python3.7/site-packages/airflow/example_dags/example_bash_operator.py
[2023-04-08T12:09:57.271+0000] {logging_mixin.py:137} INFO - [2023-04-08T12:09:57.271+0000] {dag.py:2705} INFO - Sync 1 DAGs
[2023-04-08T12:09:57.313+0000] {logging_mixin.py:137} INFO - [2023-04-08T12:09:57.312+0000] {dag.py:3456} INFO - Setting next_dagrun for example_bash_operator to 2023-04-07T00:00:00+00:00, run_after=2023-04-08T00:00:00+00:00
[2023-04-08T12:09:57.339+0000] {processor.py:175} INFO - Processing /home/airflow/.local/lib/python3.7/site-packages/airflow/example_dags/example_bash_operator.py took 0.165 seconds
[2023-04-08T12:10:27.710+0000] {processor.py:153} INFO - Started process (PID=951) to work on /home/airflow/.local/lib/python3.7/site-packages/airflow/example_dags/example_bash_operator.py
[2023-04-08T12:10:27.711+0000] {processor.py:743} INFO - Processing file /home/airflow/.local/lib/python3.7/site-packages/airflow/example_dags/example_bash_operator.py for tasks to queue
[2023-04-08T12:10:27.712+0000] {logging_mixin.py:137} INFO - [2023-04-08T12:10:27.712+0000] {dagbag.py:532} INFO - Filling up the DagBag from /home/airflow/.local/lib/python3.7/site-packages/airflow/example_dags/example_bash_operator.py
[2023-04-08T12:10:27.733+0000] {processor.py:753} INFO - DAG(s) dict_keys(['example_bash_operator']) retrieved from /home/airflow/.local/lib/python3.7/site-packages/airflow/example_dags/example_bash_operator.py
[2023-04-08T12:10:27.771+0000] {logging_mixin.py:137} INFO - [2023-04-08T12:10:27.771+0000] {dag.py:2705} INFO - Sync 1 DAGs
[2023-04-08T12:10:27.807+0000] {logging_mixin.py:137} INFO - [2023-04-08T12:10:27.806+0000] {dag.py:3456} INFO - Setting next_dagrun for example_bash_operator to 2023-04-07T00:00:00+00:00, run_after=2023-04-08T00:00:00+00:00
[2023-04-08T12:10:27.823+0000] {processor.py:175} INFO - Processing /home/airflow/.local/lib/python3.7/site-packages/airflow/example_dags/example_bash_operator.py took 0.117 seconds
