[2023-04-08T12:01:14.992+0000] {processor.py:153} INFO - Started process (PID=46) to work on /home/airflow/.local/lib/python3.7/site-packages/airflow/example_dags/example_sensors.py
[2023-04-08T12:01:14.995+0000] {processor.py:743} INFO - Processing file /home/airflow/.local/lib/python3.7/site-packages/airflow/example_dags/example_sensors.py for tasks to queue
[2023-04-08T12:01:14.995+0000] {logging_mixin.py:137} INFO - [2023-04-08T12:01:14.995+0000] {dagbag.py:532} INFO - Filling up the DagBag from /home/airflow/.local/lib/python3.7/site-packages/airflow/example_dags/example_sensors.py
[2023-04-08T12:01:15.171+0000] {processor.py:753} INFO - DAG(s) dict_keys(['example_sensors']) retrieved from /home/airflow/.local/lib/python3.7/site-packages/airflow/example_dags/example_sensors.py
[2023-04-08T12:01:15.727+0000] {logging_mixin.py:137} INFO - [2023-04-08T12:01:15.727+0000] {manager.py:504} INFO - Created Permission View: can delete on DAG:example_sensors
[2023-04-08T12:01:15.759+0000] {logging_mixin.py:137} INFO - [2023-04-08T12:01:15.759+0000] {manager.py:504} INFO - Created Permission View: can edit on DAG:example_sensors
[2023-04-08T12:01:15.784+0000] {logging_mixin.py:137} INFO - [2023-04-08T12:01:15.783+0000] {manager.py:504} INFO - Created Permission View: can read on DAG:example_sensors
[2023-04-08T12:01:15.784+0000] {logging_mixin.py:137} INFO - [2023-04-08T12:01:15.784+0000] {dag.py:2705} INFO - Sync 1 DAGs
[2023-04-08T12:01:15.841+0000] {logging_mixin.py:137} INFO - [2023-04-08T12:01:15.841+0000] {dag.py:2726} INFO - Creating ORM DAG for example_sensors
[2023-04-08T12:01:15.892+0000] {logging_mixin.py:137} INFO - [2023-04-08T12:01:15.892+0000] {dag.py:3456} INFO - Setting next_dagrun for example_sensors to None, run_after=None
[2023-04-08T12:01:15.971+0000] {processor.py:175} INFO - Processing /home/airflow/.local/lib/python3.7/site-packages/airflow/example_dags/example_sensors.py took 0.992 seconds
[2023-04-08T12:01:46.566+0000] {processor.py:153} INFO - Started process (PID=96) to work on /home/airflow/.local/lib/python3.7/site-packages/airflow/example_dags/example_sensors.py
[2023-04-08T12:01:46.570+0000] {processor.py:743} INFO - Processing file /home/airflow/.local/lib/python3.7/site-packages/airflow/example_dags/example_sensors.py for tasks to queue
[2023-04-08T12:01:46.571+0000] {logging_mixin.py:137} INFO - [2023-04-08T12:01:46.571+0000] {dagbag.py:532} INFO - Filling up the DagBag from /home/airflow/.local/lib/python3.7/site-packages/airflow/example_dags/example_sensors.py
[2023-04-08T12:01:46.695+0000] {processor.py:753} INFO - DAG(s) dict_keys(['example_sensors']) retrieved from /home/airflow/.local/lib/python3.7/site-packages/airflow/example_dags/example_sensors.py
[2023-04-08T12:01:46.838+0000] {logging_mixin.py:137} INFO - [2023-04-08T12:01:46.837+0000] {dag.py:2705} INFO - Sync 1 DAGs
[2023-04-08T12:01:46.953+0000] {logging_mixin.py:137} INFO - [2023-04-08T12:01:46.953+0000] {dag.py:3456} INFO - Setting next_dagrun for example_sensors to None, run_after=None
[2023-04-08T12:01:47.018+0000] {processor.py:175} INFO - Processing /home/airflow/.local/lib/python3.7/site-packages/airflow/example_dags/example_sensors.py took 0.469 seconds
[2023-04-08T12:02:17.916+0000] {processor.py:153} INFO - Started process (PID=145) to work on /home/airflow/.local/lib/python3.7/site-packages/airflow/example_dags/example_sensors.py
[2023-04-08T12:02:17.917+0000] {processor.py:743} INFO - Processing file /home/airflow/.local/lib/python3.7/site-packages/airflow/example_dags/example_sensors.py for tasks to queue
[2023-04-08T12:02:17.918+0000] {logging_mixin.py:137} INFO - [2023-04-08T12:02:17.918+0000] {dagbag.py:532} INFO - Filling up the DagBag from /home/airflow/.local/lib/python3.7/site-packages/airflow/example_dags/example_sensors.py
[2023-04-08T12:02:17.947+0000] {processor.py:753} INFO - DAG(s) dict_keys(['example_sensors']) retrieved from /home/airflow/.local/lib/python3.7/site-packages/airflow/example_dags/example_sensors.py
[2023-04-08T12:02:18.023+0000] {logging_mixin.py:137} INFO - [2023-04-08T12:02:18.023+0000] {dag.py:2705} INFO - Sync 1 DAGs
[2023-04-08T12:02:18.063+0000] {logging_mixin.py:137} INFO - [2023-04-08T12:02:18.063+0000] {dag.py:3456} INFO - Setting next_dagrun for example_sensors to None, run_after=None
[2023-04-08T12:02:18.088+0000] {processor.py:175} INFO - Processing /home/airflow/.local/lib/python3.7/site-packages/airflow/example_dags/example_sensors.py took 0.177 seconds
[2023-04-08T12:02:48.263+0000] {processor.py:153} INFO - Started process (PID=195) to work on /home/airflow/.local/lib/python3.7/site-packages/airflow/example_dags/example_sensors.py
[2023-04-08T12:02:48.264+0000] {processor.py:743} INFO - Processing file /home/airflow/.local/lib/python3.7/site-packages/airflow/example_dags/example_sensors.py for tasks to queue
[2023-04-08T12:02:48.265+0000] {logging_mixin.py:137} INFO - [2023-04-08T12:02:48.265+0000] {dagbag.py:532} INFO - Filling up the DagBag from /home/airflow/.local/lib/python3.7/site-packages/airflow/example_dags/example_sensors.py
[2023-04-08T12:02:48.294+0000] {processor.py:753} INFO - DAG(s) dict_keys(['example_sensors']) retrieved from /home/airflow/.local/lib/python3.7/site-packages/airflow/example_dags/example_sensors.py
[2023-04-08T12:02:48.337+0000] {logging_mixin.py:137} INFO - [2023-04-08T12:02:48.337+0000] {dag.py:2705} INFO - Sync 1 DAGs
[2023-04-08T12:02:48.401+0000] {logging_mixin.py:137} INFO - [2023-04-08T12:02:48.401+0000] {dag.py:3456} INFO - Setting next_dagrun for example_sensors to None, run_after=None
[2023-04-08T12:02:48.425+0000] {processor.py:175} INFO - Processing /home/airflow/.local/lib/python3.7/site-packages/airflow/example_dags/example_sensors.py took 0.166 seconds
[2023-04-08T12:03:18.596+0000] {processor.py:153} INFO - Started process (PID=245) to work on /home/airflow/.local/lib/python3.7/site-packages/airflow/example_dags/example_sensors.py
[2023-04-08T12:03:18.596+0000] {processor.py:743} INFO - Processing file /home/airflow/.local/lib/python3.7/site-packages/airflow/example_dags/example_sensors.py for tasks to queue
[2023-04-08T12:03:18.597+0000] {logging_mixin.py:137} INFO - [2023-04-08T12:03:18.597+0000] {dagbag.py:532} INFO - Filling up the DagBag from /home/airflow/.local/lib/python3.7/site-packages/airflow/example_dags/example_sensors.py
[2023-04-08T12:03:18.626+0000] {processor.py:753} INFO - DAG(s) dict_keys(['example_sensors']) retrieved from /home/airflow/.local/lib/python3.7/site-packages/airflow/example_dags/example_sensors.py
[2023-04-08T12:03:18.670+0000] {logging_mixin.py:137} INFO - [2023-04-08T12:03:18.670+0000] {dag.py:2705} INFO - Sync 1 DAGs
[2023-04-08T12:03:18.708+0000] {logging_mixin.py:137} INFO - [2023-04-08T12:03:18.708+0000] {dag.py:3456} INFO - Setting next_dagrun for example_sensors to None, run_after=None
[2023-04-08T12:03:18.734+0000] {processor.py:175} INFO - Processing /home/airflow/.local/lib/python3.7/site-packages/airflow/example_dags/example_sensors.py took 0.142 seconds
[2023-04-08T12:03:49.112+0000] {processor.py:153} INFO - Started process (PID=295) to work on /home/airflow/.local/lib/python3.7/site-packages/airflow/example_dags/example_sensors.py
[2023-04-08T12:03:49.113+0000] {processor.py:743} INFO - Processing file /home/airflow/.local/lib/python3.7/site-packages/airflow/example_dags/example_sensors.py for tasks to queue
[2023-04-08T12:03:49.114+0000] {logging_mixin.py:137} INFO - [2023-04-08T12:03:49.114+0000] {dagbag.py:532} INFO - Filling up the DagBag from /home/airflow/.local/lib/python3.7/site-packages/airflow/example_dags/example_sensors.py
[2023-04-08T12:03:49.144+0000] {processor.py:753} INFO - DAG(s) dict_keys(['example_sensors']) retrieved from /home/airflow/.local/lib/python3.7/site-packages/airflow/example_dags/example_sensors.py
[2023-04-08T12:03:49.189+0000] {logging_mixin.py:137} INFO - [2023-04-08T12:03:49.189+0000] {dag.py:2705} INFO - Sync 1 DAGs
[2023-04-08T12:03:49.229+0000] {logging_mixin.py:137} INFO - [2023-04-08T12:03:49.229+0000] {dag.py:3456} INFO - Setting next_dagrun for example_sensors to None, run_after=None
[2023-04-08T12:03:49.254+0000] {processor.py:175} INFO - Processing /home/airflow/.local/lib/python3.7/site-packages/airflow/example_dags/example_sensors.py took 0.146 seconds
[2023-04-08T12:04:19.334+0000] {processor.py:153} INFO - Started process (PID=346) to work on /home/airflow/.local/lib/python3.7/site-packages/airflow/example_dags/example_sensors.py
[2023-04-08T12:04:19.335+0000] {processor.py:743} INFO - Processing file /home/airflow/.local/lib/python3.7/site-packages/airflow/example_dags/example_sensors.py for tasks to queue
[2023-04-08T12:04:19.336+0000] {logging_mixin.py:137} INFO - [2023-04-08T12:04:19.335+0000] {dagbag.py:532} INFO - Filling up the DagBag from /home/airflow/.local/lib/python3.7/site-packages/airflow/example_dags/example_sensors.py
[2023-04-08T12:04:19.364+0000] {processor.py:753} INFO - DAG(s) dict_keys(['example_sensors']) retrieved from /home/airflow/.local/lib/python3.7/site-packages/airflow/example_dags/example_sensors.py
[2023-04-08T12:04:19.408+0000] {logging_mixin.py:137} INFO - [2023-04-08T12:04:19.408+0000] {dag.py:2705} INFO - Sync 1 DAGs
[2023-04-08T12:04:19.462+0000] {logging_mixin.py:137} INFO - [2023-04-08T12:04:19.462+0000] {dag.py:3456} INFO - Setting next_dagrun for example_sensors to None, run_after=None
[2023-04-08T12:04:19.494+0000] {processor.py:175} INFO - Processing /home/airflow/.local/lib/python3.7/site-packages/airflow/example_dags/example_sensors.py took 0.165 seconds
[2023-04-08T12:04:49.836+0000] {processor.py:153} INFO - Started process (PID=396) to work on /home/airflow/.local/lib/python3.7/site-packages/airflow/example_dags/example_sensors.py
[2023-04-08T12:04:49.837+0000] {processor.py:743} INFO - Processing file /home/airflow/.local/lib/python3.7/site-packages/airflow/example_dags/example_sensors.py for tasks to queue
[2023-04-08T12:04:49.838+0000] {logging_mixin.py:137} INFO - [2023-04-08T12:04:49.838+0000] {dagbag.py:532} INFO - Filling up the DagBag from /home/airflow/.local/lib/python3.7/site-packages/airflow/example_dags/example_sensors.py
[2023-04-08T12:04:49.868+0000] {processor.py:753} INFO - DAG(s) dict_keys(['example_sensors']) retrieved from /home/airflow/.local/lib/python3.7/site-packages/airflow/example_dags/example_sensors.py
[2023-04-08T12:04:49.911+0000] {logging_mixin.py:137} INFO - [2023-04-08T12:04:49.911+0000] {dag.py:2705} INFO - Sync 1 DAGs
[2023-04-08T12:04:49.950+0000] {logging_mixin.py:137} INFO - [2023-04-08T12:04:49.950+0000] {dag.py:3456} INFO - Setting next_dagrun for example_sensors to None, run_after=None
[2023-04-08T12:04:49.974+0000] {processor.py:175} INFO - Processing /home/airflow/.local/lib/python3.7/site-packages/airflow/example_dags/example_sensors.py took 0.145 seconds
[2023-04-08T12:05:20.142+0000] {processor.py:153} INFO - Started process (PID=447) to work on /home/airflow/.local/lib/python3.7/site-packages/airflow/example_dags/example_sensors.py
[2023-04-08T12:05:20.149+0000] {processor.py:743} INFO - Processing file /home/airflow/.local/lib/python3.7/site-packages/airflow/example_dags/example_sensors.py for tasks to queue
[2023-04-08T12:05:20.150+0000] {logging_mixin.py:137} INFO - [2023-04-08T12:05:20.150+0000] {dagbag.py:532} INFO - Filling up the DagBag from /home/airflow/.local/lib/python3.7/site-packages/airflow/example_dags/example_sensors.py
[2023-04-08T12:05:20.179+0000] {processor.py:753} INFO - DAG(s) dict_keys(['example_sensors']) retrieved from /home/airflow/.local/lib/python3.7/site-packages/airflow/example_dags/example_sensors.py
[2023-04-08T12:05:20.223+0000] {logging_mixin.py:137} INFO - [2023-04-08T12:05:20.223+0000] {dag.py:2705} INFO - Sync 1 DAGs
[2023-04-08T12:05:20.262+0000] {logging_mixin.py:137} INFO - [2023-04-08T12:05:20.262+0000] {dag.py:3456} INFO - Setting next_dagrun for example_sensors to None, run_after=None
[2023-04-08T12:05:20.287+0000] {processor.py:175} INFO - Processing /home/airflow/.local/lib/python3.7/site-packages/airflow/example_dags/example_sensors.py took 0.149 seconds
[2023-04-08T12:05:50.452+0000] {processor.py:153} INFO - Started process (PID=497) to work on /home/airflow/.local/lib/python3.7/site-packages/airflow/example_dags/example_sensors.py
[2023-04-08T12:05:50.453+0000] {processor.py:743} INFO - Processing file /home/airflow/.local/lib/python3.7/site-packages/airflow/example_dags/example_sensors.py for tasks to queue
[2023-04-08T12:05:50.454+0000] {logging_mixin.py:137} INFO - [2023-04-08T12:05:50.454+0000] {dagbag.py:532} INFO - Filling up the DagBag from /home/airflow/.local/lib/python3.7/site-packages/airflow/example_dags/example_sensors.py
[2023-04-08T12:05:50.482+0000] {processor.py:753} INFO - DAG(s) dict_keys(['example_sensors']) retrieved from /home/airflow/.local/lib/python3.7/site-packages/airflow/example_dags/example_sensors.py
[2023-04-08T12:05:50.528+0000] {logging_mixin.py:137} INFO - [2023-04-08T12:05:50.528+0000] {dag.py:2705} INFO - Sync 1 DAGs
[2023-04-08T12:05:50.570+0000] {logging_mixin.py:137} INFO - [2023-04-08T12:05:50.569+0000] {dag.py:3456} INFO - Setting next_dagrun for example_sensors to None, run_after=None
[2023-04-08T12:05:50.592+0000] {processor.py:175} INFO - Processing /home/airflow/.local/lib/python3.7/site-packages/airflow/example_dags/example_sensors.py took 0.145 seconds
[2023-04-08T12:06:21.415+0000] {processor.py:153} INFO - Started process (PID=547) to work on /home/airflow/.local/lib/python3.7/site-packages/airflow/example_dags/example_sensors.py
[2023-04-08T12:06:21.421+0000] {processor.py:743} INFO - Processing file /home/airflow/.local/lib/python3.7/site-packages/airflow/example_dags/example_sensors.py for tasks to queue
[2023-04-08T12:06:21.422+0000] {logging_mixin.py:137} INFO - [2023-04-08T12:06:21.422+0000] {dagbag.py:532} INFO - Filling up the DagBag from /home/airflow/.local/lib/python3.7/site-packages/airflow/example_dags/example_sensors.py
[2023-04-08T12:06:21.557+0000] {processor.py:753} INFO - DAG(s) dict_keys(['example_sensors']) retrieved from /home/airflow/.local/lib/python3.7/site-packages/airflow/example_dags/example_sensors.py
[2023-04-08T12:06:21.751+0000] {logging_mixin.py:137} INFO - [2023-04-08T12:06:21.750+0000] {dag.py:2705} INFO - Sync 1 DAGs
[2023-04-08T12:06:21.879+0000] {logging_mixin.py:137} INFO - [2023-04-08T12:06:21.878+0000] {dag.py:3456} INFO - Setting next_dagrun for example_sensors to None, run_after=None
[2023-04-08T12:06:21.970+0000] {processor.py:175} INFO - Processing /home/airflow/.local/lib/python3.7/site-packages/airflow/example_dags/example_sensors.py took 0.564 seconds
[2023-04-08T12:06:52.897+0000] {processor.py:153} INFO - Started process (PID=597) to work on /home/airflow/.local/lib/python3.7/site-packages/airflow/example_dags/example_sensors.py
[2023-04-08T12:06:52.898+0000] {processor.py:743} INFO - Processing file /home/airflow/.local/lib/python3.7/site-packages/airflow/example_dags/example_sensors.py for tasks to queue
[2023-04-08T12:06:52.899+0000] {logging_mixin.py:137} INFO - [2023-04-08T12:06:52.899+0000] {dagbag.py:532} INFO - Filling up the DagBag from /home/airflow/.local/lib/python3.7/site-packages/airflow/example_dags/example_sensors.py
[2023-04-08T12:06:52.957+0000] {processor.py:753} INFO - DAG(s) dict_keys(['example_sensors']) retrieved from /home/airflow/.local/lib/python3.7/site-packages/airflow/example_dags/example_sensors.py
[2023-04-08T12:06:53.032+0000] {logging_mixin.py:137} INFO - [2023-04-08T12:06:53.032+0000] {dag.py:2705} INFO - Sync 1 DAGs
[2023-04-08T12:06:53.105+0000] {logging_mixin.py:137} INFO - [2023-04-08T12:06:53.105+0000] {dag.py:3456} INFO - Setting next_dagrun for example_sensors to None, run_after=None
[2023-04-08T12:06:53.149+0000] {processor.py:175} INFO - Processing /home/airflow/.local/lib/python3.7/site-packages/airflow/example_dags/example_sensors.py took 0.269 seconds
[2023-04-08T12:07:23.182+0000] {processor.py:153} INFO - Started process (PID=646) to work on /home/airflow/.local/lib/python3.7/site-packages/airflow/example_dags/example_sensors.py
[2023-04-08T12:07:23.183+0000] {processor.py:743} INFO - Processing file /home/airflow/.local/lib/python3.7/site-packages/airflow/example_dags/example_sensors.py for tasks to queue
[2023-04-08T12:07:23.183+0000] {logging_mixin.py:137} INFO - [2023-04-08T12:07:23.183+0000] {dagbag.py:532} INFO - Filling up the DagBag from /home/airflow/.local/lib/python3.7/site-packages/airflow/example_dags/example_sensors.py
[2023-04-08T12:07:23.208+0000] {processor.py:753} INFO - DAG(s) dict_keys(['example_sensors']) retrieved from /home/airflow/.local/lib/python3.7/site-packages/airflow/example_dags/example_sensors.py
[2023-04-08T12:07:23.252+0000] {logging_mixin.py:137} INFO - [2023-04-08T12:07:23.252+0000] {dag.py:2705} INFO - Sync 1 DAGs
[2023-04-08T12:07:23.293+0000] {logging_mixin.py:137} INFO - [2023-04-08T12:07:23.293+0000] {dag.py:3456} INFO - Setting next_dagrun for example_sensors to None, run_after=None
[2023-04-08T12:07:23.316+0000] {processor.py:175} INFO - Processing /home/airflow/.local/lib/python3.7/site-packages/airflow/example_dags/example_sensors.py took 0.138 seconds
[2023-04-08T12:07:53.867+0000] {processor.py:153} INFO - Started process (PID=696) to work on /home/airflow/.local/lib/python3.7/site-packages/airflow/example_dags/example_sensors.py
[2023-04-08T12:07:53.869+0000] {processor.py:743} INFO - Processing file /home/airflow/.local/lib/python3.7/site-packages/airflow/example_dags/example_sensors.py for tasks to queue
[2023-04-08T12:07:53.869+0000] {logging_mixin.py:137} INFO - [2023-04-08T12:07:53.869+0000] {dagbag.py:532} INFO - Filling up the DagBag from /home/airflow/.local/lib/python3.7/site-packages/airflow/example_dags/example_sensors.py
[2023-04-08T12:07:53.898+0000] {processor.py:753} INFO - DAG(s) dict_keys(['example_sensors']) retrieved from /home/airflow/.local/lib/python3.7/site-packages/airflow/example_dags/example_sensors.py
[2023-04-08T12:07:53.943+0000] {logging_mixin.py:137} INFO - [2023-04-08T12:07:53.943+0000] {dag.py:2705} INFO - Sync 1 DAGs
[2023-04-08T12:07:53.983+0000] {logging_mixin.py:137} INFO - [2023-04-08T12:07:53.983+0000] {dag.py:3456} INFO - Setting next_dagrun for example_sensors to None, run_after=None
[2023-04-08T12:07:54.006+0000] {processor.py:175} INFO - Processing /home/airflow/.local/lib/python3.7/site-packages/airflow/example_dags/example_sensors.py took 0.143 seconds
[2023-04-08T12:08:24.144+0000] {processor.py:153} INFO - Started process (PID=746) to work on /home/airflow/.local/lib/python3.7/site-packages/airflow/example_dags/example_sensors.py
[2023-04-08T12:08:24.145+0000] {processor.py:743} INFO - Processing file /home/airflow/.local/lib/python3.7/site-packages/airflow/example_dags/example_sensors.py for tasks to queue
[2023-04-08T12:08:24.146+0000] {logging_mixin.py:137} INFO - [2023-04-08T12:08:24.146+0000] {dagbag.py:532} INFO - Filling up the DagBag from /home/airflow/.local/lib/python3.7/site-packages/airflow/example_dags/example_sensors.py
[2023-04-08T12:08:24.175+0000] {processor.py:753} INFO - DAG(s) dict_keys(['example_sensors']) retrieved from /home/airflow/.local/lib/python3.7/site-packages/airflow/example_dags/example_sensors.py
[2023-04-08T12:08:24.219+0000] {logging_mixin.py:137} INFO - [2023-04-08T12:08:24.218+0000] {dag.py:2705} INFO - Sync 1 DAGs
[2023-04-08T12:08:24.281+0000] {logging_mixin.py:137} INFO - [2023-04-08T12:08:24.281+0000] {dag.py:3456} INFO - Setting next_dagrun for example_sensors to None, run_after=None
[2023-04-08T12:08:24.307+0000] {processor.py:175} INFO - Processing /home/airflow/.local/lib/python3.7/site-packages/airflow/example_dags/example_sensors.py took 0.168 seconds
[2023-04-08T12:08:54.831+0000] {processor.py:153} INFO - Started process (PID=797) to work on /home/airflow/.local/lib/python3.7/site-packages/airflow/example_dags/example_sensors.py
[2023-04-08T12:08:54.832+0000] {processor.py:743} INFO - Processing file /home/airflow/.local/lib/python3.7/site-packages/airflow/example_dags/example_sensors.py for tasks to queue
[2023-04-08T12:08:54.833+0000] {logging_mixin.py:137} INFO - [2023-04-08T12:08:54.833+0000] {dagbag.py:532} INFO - Filling up the DagBag from /home/airflow/.local/lib/python3.7/site-packages/airflow/example_dags/example_sensors.py
[2023-04-08T12:08:54.862+0000] {processor.py:753} INFO - DAG(s) dict_keys(['example_sensors']) retrieved from /home/airflow/.local/lib/python3.7/site-packages/airflow/example_dags/example_sensors.py
[2023-04-08T12:08:54.906+0000] {logging_mixin.py:137} INFO - [2023-04-08T12:08:54.905+0000] {dag.py:2705} INFO - Sync 1 DAGs
[2023-04-08T12:08:54.944+0000] {logging_mixin.py:137} INFO - [2023-04-08T12:08:54.944+0000] {dag.py:3456} INFO - Setting next_dagrun for example_sensors to None, run_after=None
[2023-04-08T12:08:54.968+0000] {processor.py:175} INFO - Processing /home/airflow/.local/lib/python3.7/site-packages/airflow/example_dags/example_sensors.py took 0.141 seconds
[2023-04-08T12:09:25.211+0000] {processor.py:153} INFO - Started process (PID=846) to work on /home/airflow/.local/lib/python3.7/site-packages/airflow/example_dags/example_sensors.py
[2023-04-08T12:09:25.212+0000] {processor.py:743} INFO - Processing file /home/airflow/.local/lib/python3.7/site-packages/airflow/example_dags/example_sensors.py for tasks to queue
[2023-04-08T12:09:25.213+0000] {logging_mixin.py:137} INFO - [2023-04-08T12:09:25.213+0000] {dagbag.py:532} INFO - Filling up the DagBag from /home/airflow/.local/lib/python3.7/site-packages/airflow/example_dags/example_sensors.py
[2023-04-08T12:09:25.242+0000] {processor.py:753} INFO - DAG(s) dict_keys(['example_sensors']) retrieved from /home/airflow/.local/lib/python3.7/site-packages/airflow/example_dags/example_sensors.py
[2023-04-08T12:09:25.285+0000] {logging_mixin.py:137} INFO - [2023-04-08T12:09:25.285+0000] {dag.py:2705} INFO - Sync 1 DAGs
[2023-04-08T12:09:25.326+0000] {logging_mixin.py:137} INFO - [2023-04-08T12:09:25.326+0000] {dag.py:3456} INFO - Setting next_dagrun for example_sensors to None, run_after=None
[2023-04-08T12:09:25.350+0000] {processor.py:175} INFO - Processing /home/airflow/.local/lib/python3.7/site-packages/airflow/example_dags/example_sensors.py took 0.142 seconds
[2023-04-08T12:09:55.664+0000] {processor.py:153} INFO - Started process (PID=896) to work on /home/airflow/.local/lib/python3.7/site-packages/airflow/example_dags/example_sensors.py
[2023-04-08T12:09:55.665+0000] {processor.py:743} INFO - Processing file /home/airflow/.local/lib/python3.7/site-packages/airflow/example_dags/example_sensors.py for tasks to queue
[2023-04-08T12:09:55.666+0000] {logging_mixin.py:137} INFO - [2023-04-08T12:09:55.666+0000] {dagbag.py:532} INFO - Filling up the DagBag from /home/airflow/.local/lib/python3.7/site-packages/airflow/example_dags/example_sensors.py
[2023-04-08T12:09:55.726+0000] {processor.py:753} INFO - DAG(s) dict_keys(['example_sensors']) retrieved from /home/airflow/.local/lib/python3.7/site-packages/airflow/example_dags/example_sensors.py
[2023-04-08T12:09:55.808+0000] {logging_mixin.py:137} INFO - [2023-04-08T12:09:55.808+0000] {dag.py:2705} INFO - Sync 1 DAGs
[2023-04-08T12:09:55.880+0000] {logging_mixin.py:137} INFO - [2023-04-08T12:09:55.879+0000] {dag.py:3456} INFO - Setting next_dagrun for example_sensors to None, run_after=None
[2023-04-08T12:09:55.902+0000] {processor.py:175} INFO - Processing /home/airflow/.local/lib/python3.7/site-packages/airflow/example_dags/example_sensors.py took 0.242 seconds
[2023-04-08T12:10:26.221+0000] {processor.py:153} INFO - Started process (PID=945) to work on /home/airflow/.local/lib/python3.7/site-packages/airflow/example_dags/example_sensors.py
[2023-04-08T12:10:26.222+0000] {processor.py:743} INFO - Processing file /home/airflow/.local/lib/python3.7/site-packages/airflow/example_dags/example_sensors.py for tasks to queue
[2023-04-08T12:10:26.223+0000] {logging_mixin.py:137} INFO - [2023-04-08T12:10:26.223+0000] {dagbag.py:532} INFO - Filling up the DagBag from /home/airflow/.local/lib/python3.7/site-packages/airflow/example_dags/example_sensors.py
[2023-04-08T12:10:26.253+0000] {processor.py:753} INFO - DAG(s) dict_keys(['example_sensors']) retrieved from /home/airflow/.local/lib/python3.7/site-packages/airflow/example_dags/example_sensors.py
[2023-04-08T12:10:26.299+0000] {logging_mixin.py:137} INFO - [2023-04-08T12:10:26.298+0000] {dag.py:2705} INFO - Sync 1 DAGs
[2023-04-08T12:10:26.338+0000] {logging_mixin.py:137} INFO - [2023-04-08T12:10:26.338+0000] {dag.py:3456} INFO - Setting next_dagrun for example_sensors to None, run_after=None
[2023-04-08T12:10:26.361+0000] {processor.py:175} INFO - Processing /home/airflow/.local/lib/python3.7/site-packages/airflow/example_dags/example_sensors.py took 0.145 seconds
