[2023-04-08T12:01:16.923+0000] {processor.py:153} INFO - Started process (PID=50) to work on /home/airflow/.local/lib/python3.7/site-packages/airflow/example_dags/example_xcom.py
[2023-04-08T12:01:16.923+0000] {processor.py:743} INFO - Processing file /home/airflow/.local/lib/python3.7/site-packages/airflow/example_dags/example_xcom.py for tasks to queue
[2023-04-08T12:01:16.924+0000] {logging_mixin.py:137} INFO - [2023-04-08T12:01:16.924+0000] {dagbag.py:532} INFO - Filling up the DagBag from /home/airflow/.local/lib/python3.7/site-packages/airflow/example_dags/example_xcom.py
[2023-04-08T12:01:16.984+0000] {processor.py:753} INFO - DAG(s) dict_keys(['example_xcom']) retrieved from /home/airflow/.local/lib/python3.7/site-packages/airflow/example_dags/example_xcom.py
[2023-04-08T12:01:17.489+0000] {logging_mixin.py:137} INFO - [2023-04-08T12:01:17.489+0000] {manager.py:504} INFO - Created Permission View: can delete on DAG:example_xcom
[2023-04-08T12:01:17.519+0000] {logging_mixin.py:137} INFO - [2023-04-08T12:01:17.519+0000] {manager.py:504} INFO - Created Permission View: can edit on DAG:example_xcom
[2023-04-08T12:01:17.555+0000] {logging_mixin.py:137} INFO - [2023-04-08T12:01:17.555+0000] {manager.py:504} INFO - Created Permission View: can read on DAG:example_xcom
[2023-04-08T12:01:17.556+0000] {logging_mixin.py:137} INFO - [2023-04-08T12:01:17.555+0000] {dag.py:2705} INFO - Sync 1 DAGs
[2023-04-08T12:01:17.612+0000] {logging_mixin.py:137} INFO - [2023-04-08T12:01:17.611+0000] {dag.py:2726} INFO - Creating ORM DAG for example_xcom
[2023-04-08T12:01:17.666+0000] {logging_mixin.py:137} INFO - [2023-04-08T12:01:17.666+0000] {dag.py:3456} INFO - Setting next_dagrun for example_xcom to 2021-01-01T00:00:00+00:00, run_after=2021-01-01T00:00:00+00:00
[2023-04-08T12:01:17.742+0000] {processor.py:175} INFO - Processing /home/airflow/.local/lib/python3.7/site-packages/airflow/example_dags/example_xcom.py took 0.824 seconds
[2023-04-08T12:01:48.101+0000] {processor.py:153} INFO - Started process (PID=100) to work on /home/airflow/.local/lib/python3.7/site-packages/airflow/example_dags/example_xcom.py
[2023-04-08T12:01:48.102+0000] {processor.py:743} INFO - Processing file /home/airflow/.local/lib/python3.7/site-packages/airflow/example_dags/example_xcom.py for tasks to queue
[2023-04-08T12:01:48.103+0000] {logging_mixin.py:137} INFO - [2023-04-08T12:01:48.103+0000] {dagbag.py:532} INFO - Filling up the DagBag from /home/airflow/.local/lib/python3.7/site-packages/airflow/example_dags/example_xcom.py
[2023-04-08T12:01:48.157+0000] {processor.py:753} INFO - DAG(s) dict_keys(['example_xcom']) retrieved from /home/airflow/.local/lib/python3.7/site-packages/airflow/example_dags/example_xcom.py
[2023-04-08T12:01:48.195+0000] {logging_mixin.py:137} INFO - [2023-04-08T12:01:48.195+0000] {dag.py:2705} INFO - Sync 1 DAGs
[2023-04-08T12:01:48.236+0000] {logging_mixin.py:137} INFO - [2023-04-08T12:01:48.236+0000] {dag.py:3456} INFO - Setting next_dagrun for example_xcom to 2021-01-01T00:00:00+00:00, run_after=2021-01-01T00:00:00+00:00
[2023-04-08T12:01:48.260+0000] {processor.py:175} INFO - Processing /home/airflow/.local/lib/python3.7/site-packages/airflow/example_dags/example_xcom.py took 0.163 seconds
[2023-04-08T12:02:18.312+0000] {processor.py:153} INFO - Started process (PID=149) to work on /home/airflow/.local/lib/python3.7/site-packages/airflow/example_dags/example_xcom.py
[2023-04-08T12:02:18.313+0000] {processor.py:743} INFO - Processing file /home/airflow/.local/lib/python3.7/site-packages/airflow/example_dags/example_xcom.py for tasks to queue
[2023-04-08T12:02:18.314+0000] {logging_mixin.py:137} INFO - [2023-04-08T12:02:18.314+0000] {dagbag.py:532} INFO - Filling up the DagBag from /home/airflow/.local/lib/python3.7/site-packages/airflow/example_dags/example_xcom.py
[2023-04-08T12:02:18.347+0000] {processor.py:753} INFO - DAG(s) dict_keys(['example_xcom']) retrieved from /home/airflow/.local/lib/python3.7/site-packages/airflow/example_dags/example_xcom.py
[2023-04-08T12:02:18.385+0000] {logging_mixin.py:137} INFO - [2023-04-08T12:02:18.384+0000] {dag.py:2705} INFO - Sync 1 DAGs
[2023-04-08T12:02:18.424+0000] {logging_mixin.py:137} INFO - [2023-04-08T12:02:18.423+0000] {dag.py:3456} INFO - Setting next_dagrun for example_xcom to 2021-01-01T00:00:00+00:00, run_after=2021-01-01T00:00:00+00:00
[2023-04-08T12:02:18.447+0000] {processor.py:175} INFO - Processing /home/airflow/.local/lib/python3.7/site-packages/airflow/example_dags/example_xcom.py took 0.140 seconds
[2023-04-08T12:02:48.599+0000] {processor.py:153} INFO - Started process (PID=199) to work on /home/airflow/.local/lib/python3.7/site-packages/airflow/example_dags/example_xcom.py
[2023-04-08T12:02:48.600+0000] {processor.py:743} INFO - Processing file /home/airflow/.local/lib/python3.7/site-packages/airflow/example_dags/example_xcom.py for tasks to queue
[2023-04-08T12:02:48.601+0000] {logging_mixin.py:137} INFO - [2023-04-08T12:02:48.600+0000] {dagbag.py:532} INFO - Filling up the DagBag from /home/airflow/.local/lib/python3.7/site-packages/airflow/example_dags/example_xcom.py
[2023-04-08T12:02:48.624+0000] {processor.py:753} INFO - DAG(s) dict_keys(['example_xcom']) retrieved from /home/airflow/.local/lib/python3.7/site-packages/airflow/example_dags/example_xcom.py
[2023-04-08T12:02:48.648+0000] {logging_mixin.py:137} INFO - [2023-04-08T12:02:48.648+0000] {dag.py:2705} INFO - Sync 1 DAGs
[2023-04-08T12:02:48.673+0000] {logging_mixin.py:137} INFO - [2023-04-08T12:02:48.672+0000] {dag.py:3456} INFO - Setting next_dagrun for example_xcom to 2021-01-01T00:00:00+00:00, run_after=2021-01-01T00:00:00+00:00
[2023-04-08T12:02:48.689+0000] {processor.py:175} INFO - Processing /home/airflow/.local/lib/python3.7/site-packages/airflow/example_dags/example_xcom.py took 0.093 seconds
[2023-04-08T12:03:18.876+0000] {processor.py:153} INFO - Started process (PID=249) to work on /home/airflow/.local/lib/python3.7/site-packages/airflow/example_dags/example_xcom.py
[2023-04-08T12:03:18.877+0000] {processor.py:743} INFO - Processing file /home/airflow/.local/lib/python3.7/site-packages/airflow/example_dags/example_xcom.py for tasks to queue
[2023-04-08T12:03:18.878+0000] {logging_mixin.py:137} INFO - [2023-04-08T12:03:18.878+0000] {dagbag.py:532} INFO - Filling up the DagBag from /home/airflow/.local/lib/python3.7/site-packages/airflow/example_dags/example_xcom.py
[2023-04-08T12:03:18.912+0000] {processor.py:753} INFO - DAG(s) dict_keys(['example_xcom']) retrieved from /home/airflow/.local/lib/python3.7/site-packages/airflow/example_dags/example_xcom.py
[2023-04-08T12:03:18.947+0000] {logging_mixin.py:137} INFO - [2023-04-08T12:03:18.947+0000] {dag.py:2705} INFO - Sync 1 DAGs
[2023-04-08T12:03:18.988+0000] {logging_mixin.py:137} INFO - [2023-04-08T12:03:18.988+0000] {dag.py:3456} INFO - Setting next_dagrun for example_xcom to 2021-01-01T00:00:00+00:00, run_after=2021-01-01T00:00:00+00:00
[2023-04-08T12:03:19.014+0000] {processor.py:175} INFO - Processing /home/airflow/.local/lib/python3.7/site-packages/airflow/example_dags/example_xcom.py took 0.142 seconds
[2023-04-08T12:03:49.434+0000] {processor.py:153} INFO - Started process (PID=299) to work on /home/airflow/.local/lib/python3.7/site-packages/airflow/example_dags/example_xcom.py
[2023-04-08T12:03:49.435+0000] {processor.py:743} INFO - Processing file /home/airflow/.local/lib/python3.7/site-packages/airflow/example_dags/example_xcom.py for tasks to queue
[2023-04-08T12:03:49.436+0000] {logging_mixin.py:137} INFO - [2023-04-08T12:03:49.436+0000] {dagbag.py:532} INFO - Filling up the DagBag from /home/airflow/.local/lib/python3.7/site-packages/airflow/example_dags/example_xcom.py
[2023-04-08T12:03:49.469+0000] {processor.py:753} INFO - DAG(s) dict_keys(['example_xcom']) retrieved from /home/airflow/.local/lib/python3.7/site-packages/airflow/example_dags/example_xcom.py
[2023-04-08T12:03:49.506+0000] {logging_mixin.py:137} INFO - [2023-04-08T12:03:49.506+0000] {dag.py:2705} INFO - Sync 1 DAGs
[2023-04-08T12:03:49.547+0000] {logging_mixin.py:137} INFO - [2023-04-08T12:03:49.547+0000] {dag.py:3456} INFO - Setting next_dagrun for example_xcom to 2021-01-01T00:00:00+00:00, run_after=2021-01-01T00:00:00+00:00
[2023-04-08T12:03:49.571+0000] {processor.py:175} INFO - Processing /home/airflow/.local/lib/python3.7/site-packages/airflow/example_dags/example_xcom.py took 0.141 seconds
[2023-04-08T12:04:19.659+0000] {processor.py:153} INFO - Started process (PID=350) to work on /home/airflow/.local/lib/python3.7/site-packages/airflow/example_dags/example_xcom.py
[2023-04-08T12:04:19.660+0000] {processor.py:743} INFO - Processing file /home/airflow/.local/lib/python3.7/site-packages/airflow/example_dags/example_xcom.py for tasks to queue
[2023-04-08T12:04:19.660+0000] {logging_mixin.py:137} INFO - [2023-04-08T12:04:19.660+0000] {dagbag.py:532} INFO - Filling up the DagBag from /home/airflow/.local/lib/python3.7/site-packages/airflow/example_dags/example_xcom.py
[2023-04-08T12:04:19.683+0000] {processor.py:753} INFO - DAG(s) dict_keys(['example_xcom']) retrieved from /home/airflow/.local/lib/python3.7/site-packages/airflow/example_dags/example_xcom.py
[2023-04-08T12:04:19.709+0000] {logging_mixin.py:137} INFO - [2023-04-08T12:04:19.709+0000] {dag.py:2705} INFO - Sync 1 DAGs
[2023-04-08T12:04:19.733+0000] {logging_mixin.py:137} INFO - [2023-04-08T12:04:19.733+0000] {dag.py:3456} INFO - Setting next_dagrun for example_xcom to 2021-01-01T00:00:00+00:00, run_after=2021-01-01T00:00:00+00:00
[2023-04-08T12:04:19.750+0000] {processor.py:175} INFO - Processing /home/airflow/.local/lib/python3.7/site-packages/airflow/example_dags/example_xcom.py took 0.094 seconds
[2023-04-08T12:04:50.105+0000] {processor.py:153} INFO - Started process (PID=400) to work on /home/airflow/.local/lib/python3.7/site-packages/airflow/example_dags/example_xcom.py
[2023-04-08T12:04:50.106+0000] {processor.py:743} INFO - Processing file /home/airflow/.local/lib/python3.7/site-packages/airflow/example_dags/example_xcom.py for tasks to queue
[2023-04-08T12:04:50.107+0000] {logging_mixin.py:137} INFO - [2023-04-08T12:04:50.107+0000] {dagbag.py:532} INFO - Filling up the DagBag from /home/airflow/.local/lib/python3.7/site-packages/airflow/example_dags/example_xcom.py
[2023-04-08T12:04:50.141+0000] {processor.py:753} INFO - DAG(s) dict_keys(['example_xcom']) retrieved from /home/airflow/.local/lib/python3.7/site-packages/airflow/example_dags/example_xcom.py
[2023-04-08T12:04:50.178+0000] {logging_mixin.py:137} INFO - [2023-04-08T12:04:50.178+0000] {dag.py:2705} INFO - Sync 1 DAGs
[2023-04-08T12:04:50.216+0000] {logging_mixin.py:137} INFO - [2023-04-08T12:04:50.216+0000] {dag.py:3456} INFO - Setting next_dagrun for example_xcom to 2021-01-01T00:00:00+00:00, run_after=2021-01-01T00:00:00+00:00
[2023-04-08T12:04:50.239+0000] {processor.py:175} INFO - Processing /home/airflow/.local/lib/python3.7/site-packages/airflow/example_dags/example_xcom.py took 0.138 seconds
[2023-04-08T12:05:20.418+0000] {processor.py:153} INFO - Started process (PID=451) to work on /home/airflow/.local/lib/python3.7/site-packages/airflow/example_dags/example_xcom.py
[2023-04-08T12:05:20.419+0000] {processor.py:743} INFO - Processing file /home/airflow/.local/lib/python3.7/site-packages/airflow/example_dags/example_xcom.py for tasks to queue
[2023-04-08T12:05:20.420+0000] {logging_mixin.py:137} INFO - [2023-04-08T12:05:20.420+0000] {dagbag.py:532} INFO - Filling up the DagBag from /home/airflow/.local/lib/python3.7/site-packages/airflow/example_dags/example_xcom.py
[2023-04-08T12:05:20.454+0000] {processor.py:753} INFO - DAG(s) dict_keys(['example_xcom']) retrieved from /home/airflow/.local/lib/python3.7/site-packages/airflow/example_dags/example_xcom.py
[2023-04-08T12:05:20.492+0000] {logging_mixin.py:137} INFO - [2023-04-08T12:05:20.491+0000] {dag.py:2705} INFO - Sync 1 DAGs
[2023-04-08T12:05:20.532+0000] {logging_mixin.py:137} INFO - [2023-04-08T12:05:20.532+0000] {dag.py:3456} INFO - Setting next_dagrun for example_xcom to 2021-01-01T00:00:00+00:00, run_after=2021-01-01T00:00:00+00:00
[2023-04-08T12:05:20.555+0000] {processor.py:175} INFO - Processing /home/airflow/.local/lib/python3.7/site-packages/airflow/example_dags/example_xcom.py took 0.141 seconds
[2023-04-08T12:05:50.721+0000] {processor.py:153} INFO - Started process (PID=501) to work on /home/airflow/.local/lib/python3.7/site-packages/airflow/example_dags/example_xcom.py
[2023-04-08T12:05:50.722+0000] {processor.py:743} INFO - Processing file /home/airflow/.local/lib/python3.7/site-packages/airflow/example_dags/example_xcom.py for tasks to queue
[2023-04-08T12:05:50.723+0000] {logging_mixin.py:137} INFO - [2023-04-08T12:05:50.723+0000] {dagbag.py:532} INFO - Filling up the DagBag from /home/airflow/.local/lib/python3.7/site-packages/airflow/example_dags/example_xcom.py
[2023-04-08T12:05:50.757+0000] {processor.py:753} INFO - DAG(s) dict_keys(['example_xcom']) retrieved from /home/airflow/.local/lib/python3.7/site-packages/airflow/example_dags/example_xcom.py
[2023-04-08T12:05:50.794+0000] {logging_mixin.py:137} INFO - [2023-04-08T12:05:50.793+0000] {dag.py:2705} INFO - Sync 1 DAGs
[2023-04-08T12:05:50.834+0000] {logging_mixin.py:137} INFO - [2023-04-08T12:05:50.834+0000] {dag.py:3456} INFO - Setting next_dagrun for example_xcom to 2021-01-01T00:00:00+00:00, run_after=2021-01-01T00:00:00+00:00
[2023-04-08T12:05:50.865+0000] {processor.py:175} INFO - Processing /home/airflow/.local/lib/python3.7/site-packages/airflow/example_dags/example_xcom.py took 0.148 seconds
[2023-04-08T12:06:22.267+0000] {processor.py:153} INFO - Started process (PID=551) to work on /home/airflow/.local/lib/python3.7/site-packages/airflow/example_dags/example_xcom.py
[2023-04-08T12:06:22.268+0000] {processor.py:743} INFO - Processing file /home/airflow/.local/lib/python3.7/site-packages/airflow/example_dags/example_xcom.py for tasks to queue
[2023-04-08T12:06:22.269+0000] {logging_mixin.py:137} INFO - [2023-04-08T12:06:22.269+0000] {dagbag.py:532} INFO - Filling up the DagBag from /home/airflow/.local/lib/python3.7/site-packages/airflow/example_dags/example_xcom.py
[2023-04-08T12:06:22.402+0000] {processor.py:753} INFO - DAG(s) dict_keys(['example_xcom']) retrieved from /home/airflow/.local/lib/python3.7/site-packages/airflow/example_dags/example_xcom.py
[2023-04-08T12:06:22.518+0000] {logging_mixin.py:137} INFO - [2023-04-08T12:06:22.518+0000] {dag.py:2705} INFO - Sync 1 DAGs
[2023-04-08T12:06:22.603+0000] {logging_mixin.py:137} INFO - [2023-04-08T12:06:22.603+0000] {dag.py:3456} INFO - Setting next_dagrun for example_xcom to 2021-01-01T00:00:00+00:00, run_after=2021-01-01T00:00:00+00:00
[2023-04-08T12:06:22.637+0000] {processor.py:175} INFO - Processing /home/airflow/.local/lib/python3.7/site-packages/airflow/example_dags/example_xcom.py took 0.374 seconds
[2023-04-08T12:06:53.464+0000] {processor.py:153} INFO - Started process (PID=601) to work on /home/airflow/.local/lib/python3.7/site-packages/airflow/example_dags/example_xcom.py
[2023-04-08T12:06:53.466+0000] {processor.py:743} INFO - Processing file /home/airflow/.local/lib/python3.7/site-packages/airflow/example_dags/example_xcom.py for tasks to queue
[2023-04-08T12:06:53.467+0000] {logging_mixin.py:137} INFO - [2023-04-08T12:06:53.467+0000] {dagbag.py:532} INFO - Filling up the DagBag from /home/airflow/.local/lib/python3.7/site-packages/airflow/example_dags/example_xcom.py
[2023-04-08T12:06:53.551+0000] {processor.py:753} INFO - DAG(s) dict_keys(['example_xcom']) retrieved from /home/airflow/.local/lib/python3.7/site-packages/airflow/example_dags/example_xcom.py
[2023-04-08T12:06:53.591+0000] {logging_mixin.py:137} INFO - [2023-04-08T12:06:53.591+0000] {dag.py:2705} INFO - Sync 1 DAGs
[2023-04-08T12:06:53.635+0000] {logging_mixin.py:137} INFO - [2023-04-08T12:06:53.635+0000] {dag.py:3456} INFO - Setting next_dagrun for example_xcom to 2021-01-01T00:00:00+00:00, run_after=2021-01-01T00:00:00+00:00
[2023-04-08T12:06:53.672+0000] {processor.py:175} INFO - Processing /home/airflow/.local/lib/python3.7/site-packages/airflow/example_dags/example_xcom.py took 0.211 seconds
[2023-04-08T12:07:24.498+0000] {processor.py:153} INFO - Started process (PID=650) to work on /home/airflow/.local/lib/python3.7/site-packages/airflow/example_dags/example_xcom.py
[2023-04-08T12:07:24.499+0000] {processor.py:743} INFO - Processing file /home/airflow/.local/lib/python3.7/site-packages/airflow/example_dags/example_xcom.py for tasks to queue
[2023-04-08T12:07:24.500+0000] {logging_mixin.py:137} INFO - [2023-04-08T12:07:24.500+0000] {dagbag.py:532} INFO - Filling up the DagBag from /home/airflow/.local/lib/python3.7/site-packages/airflow/example_dags/example_xcom.py
[2023-04-08T12:07:24.522+0000] {processor.py:753} INFO - DAG(s) dict_keys(['example_xcom']) retrieved from /home/airflow/.local/lib/python3.7/site-packages/airflow/example_dags/example_xcom.py
[2023-04-08T12:07:24.547+0000] {logging_mixin.py:137} INFO - [2023-04-08T12:07:24.547+0000] {dag.py:2705} INFO - Sync 1 DAGs
[2023-04-08T12:07:24.573+0000] {logging_mixin.py:137} INFO - [2023-04-08T12:07:24.573+0000] {dag.py:3456} INFO - Setting next_dagrun for example_xcom to 2021-01-01T00:00:00+00:00, run_after=2021-01-01T00:00:00+00:00
[2023-04-08T12:07:24.590+0000] {processor.py:175} INFO - Processing /home/airflow/.local/lib/python3.7/site-packages/airflow/example_dags/example_xcom.py took 0.094 seconds
[2023-04-08T12:07:55.047+0000] {processor.py:153} INFO - Started process (PID=700) to work on /home/airflow/.local/lib/python3.7/site-packages/airflow/example_dags/example_xcom.py
[2023-04-08T12:07:55.047+0000] {processor.py:743} INFO - Processing file /home/airflow/.local/lib/python3.7/site-packages/airflow/example_dags/example_xcom.py for tasks to queue
[2023-04-08T12:07:55.048+0000] {logging_mixin.py:137} INFO - [2023-04-08T12:07:55.048+0000] {dagbag.py:532} INFO - Filling up the DagBag from /home/airflow/.local/lib/python3.7/site-packages/airflow/example_dags/example_xcom.py
[2023-04-08T12:07:55.070+0000] {processor.py:753} INFO - DAG(s) dict_keys(['example_xcom']) retrieved from /home/airflow/.local/lib/python3.7/site-packages/airflow/example_dags/example_xcom.py
[2023-04-08T12:07:55.095+0000] {logging_mixin.py:137} INFO - [2023-04-08T12:07:55.095+0000] {dag.py:2705} INFO - Sync 1 DAGs
[2023-04-08T12:07:55.125+0000] {logging_mixin.py:137} INFO - [2023-04-08T12:07:55.125+0000] {dag.py:3456} INFO - Setting next_dagrun for example_xcom to 2021-01-01T00:00:00+00:00, run_after=2021-01-01T00:00:00+00:00
[2023-04-08T12:07:55.142+0000] {processor.py:175} INFO - Processing /home/airflow/.local/lib/python3.7/site-packages/airflow/example_dags/example_xcom.py took 0.098 seconds
[2023-04-08T12:08:25.471+0000] {processor.py:153} INFO - Started process (PID=750) to work on /home/airflow/.local/lib/python3.7/site-packages/airflow/example_dags/example_xcom.py
[2023-04-08T12:08:25.472+0000] {processor.py:743} INFO - Processing file /home/airflow/.local/lib/python3.7/site-packages/airflow/example_dags/example_xcom.py for tasks to queue
[2023-04-08T12:08:25.473+0000] {logging_mixin.py:137} INFO - [2023-04-08T12:08:25.472+0000] {dagbag.py:532} INFO - Filling up the DagBag from /home/airflow/.local/lib/python3.7/site-packages/airflow/example_dags/example_xcom.py
[2023-04-08T12:08:25.495+0000] {processor.py:753} INFO - DAG(s) dict_keys(['example_xcom']) retrieved from /home/airflow/.local/lib/python3.7/site-packages/airflow/example_dags/example_xcom.py
[2023-04-08T12:08:25.520+0000] {logging_mixin.py:137} INFO - [2023-04-08T12:08:25.520+0000] {dag.py:2705} INFO - Sync 1 DAGs
[2023-04-08T12:08:25.546+0000] {logging_mixin.py:137} INFO - [2023-04-08T12:08:25.546+0000] {dag.py:3456} INFO - Setting next_dagrun for example_xcom to 2021-01-01T00:00:00+00:00, run_after=2021-01-01T00:00:00+00:00
[2023-04-08T12:08:25.565+0000] {processor.py:175} INFO - Processing /home/airflow/.local/lib/python3.7/site-packages/airflow/example_dags/example_xcom.py took 0.097 seconds
[2023-04-08T12:08:56.155+0000] {processor.py:153} INFO - Started process (PID=801) to work on /home/airflow/.local/lib/python3.7/site-packages/airflow/example_dags/example_xcom.py
[2023-04-08T12:08:56.156+0000] {processor.py:743} INFO - Processing file /home/airflow/.local/lib/python3.7/site-packages/airflow/example_dags/example_xcom.py for tasks to queue
[2023-04-08T12:08:56.157+0000] {logging_mixin.py:137} INFO - [2023-04-08T12:08:56.157+0000] {dagbag.py:532} INFO - Filling up the DagBag from /home/airflow/.local/lib/python3.7/site-packages/airflow/example_dags/example_xcom.py
[2023-04-08T12:08:56.179+0000] {processor.py:753} INFO - DAG(s) dict_keys(['example_xcom']) retrieved from /home/airflow/.local/lib/python3.7/site-packages/airflow/example_dags/example_xcom.py
[2023-04-08T12:08:56.204+0000] {logging_mixin.py:137} INFO - [2023-04-08T12:08:56.204+0000] {dag.py:2705} INFO - Sync 1 DAGs
[2023-04-08T12:08:56.236+0000] {logging_mixin.py:137} INFO - [2023-04-08T12:08:56.236+0000] {dag.py:3456} INFO - Setting next_dagrun for example_xcom to 2021-01-01T00:00:00+00:00, run_after=2021-01-01T00:00:00+00:00
[2023-04-08T12:08:56.257+0000] {processor.py:175} INFO - Processing /home/airflow/.local/lib/python3.7/site-packages/airflow/example_dags/example_xcom.py took 0.104 seconds
[2023-04-08T12:09:26.539+0000] {processor.py:153} INFO - Started process (PID=850) to work on /home/airflow/.local/lib/python3.7/site-packages/airflow/example_dags/example_xcom.py
[2023-04-08T12:09:26.540+0000] {processor.py:743} INFO - Processing file /home/airflow/.local/lib/python3.7/site-packages/airflow/example_dags/example_xcom.py for tasks to queue
[2023-04-08T12:09:26.541+0000] {logging_mixin.py:137} INFO - [2023-04-08T12:09:26.541+0000] {dagbag.py:532} INFO - Filling up the DagBag from /home/airflow/.local/lib/python3.7/site-packages/airflow/example_dags/example_xcom.py
[2023-04-08T12:09:26.587+0000] {processor.py:753} INFO - DAG(s) dict_keys(['example_xcom']) retrieved from /home/airflow/.local/lib/python3.7/site-packages/airflow/example_dags/example_xcom.py
[2023-04-08T12:09:26.624+0000] {logging_mixin.py:137} INFO - [2023-04-08T12:09:26.624+0000] {dag.py:2705} INFO - Sync 1 DAGs
[2023-04-08T12:09:26.665+0000] {logging_mixin.py:137} INFO - [2023-04-08T12:09:26.664+0000] {dag.py:3456} INFO - Setting next_dagrun for example_xcom to 2021-01-01T00:00:00+00:00, run_after=2021-01-01T00:00:00+00:00
[2023-04-08T12:09:26.688+0000] {processor.py:175} INFO - Processing /home/airflow/.local/lib/python3.7/site-packages/airflow/example_dags/example_xcom.py took 0.154 seconds
[2023-04-08T12:09:57.064+0000] {processor.py:153} INFO - Started process (PID=900) to work on /home/airflow/.local/lib/python3.7/site-packages/airflow/example_dags/example_xcom.py
[2023-04-08T12:09:57.064+0000] {processor.py:743} INFO - Processing file /home/airflow/.local/lib/python3.7/site-packages/airflow/example_dags/example_xcom.py for tasks to queue
[2023-04-08T12:09:57.065+0000] {logging_mixin.py:137} INFO - [2023-04-08T12:09:57.065+0000] {dagbag.py:532} INFO - Filling up the DagBag from /home/airflow/.local/lib/python3.7/site-packages/airflow/example_dags/example_xcom.py
[2023-04-08T12:09:57.087+0000] {processor.py:753} INFO - DAG(s) dict_keys(['example_xcom']) retrieved from /home/airflow/.local/lib/python3.7/site-packages/airflow/example_dags/example_xcom.py
[2023-04-08T12:09:57.112+0000] {logging_mixin.py:137} INFO - [2023-04-08T12:09:57.112+0000] {dag.py:2705} INFO - Sync 1 DAGs
[2023-04-08T12:09:57.136+0000] {logging_mixin.py:137} INFO - [2023-04-08T12:09:57.136+0000] {dag.py:3456} INFO - Setting next_dagrun for example_xcom to 2021-01-01T00:00:00+00:00, run_after=2021-01-01T00:00:00+00:00
[2023-04-08T12:09:57.153+0000] {processor.py:175} INFO - Processing /home/airflow/.local/lib/python3.7/site-packages/airflow/example_dags/example_xcom.py took 0.092 seconds
[2023-04-08T12:10:27.543+0000] {processor.py:153} INFO - Started process (PID=949) to work on /home/airflow/.local/lib/python3.7/site-packages/airflow/example_dags/example_xcom.py
[2023-04-08T12:10:27.545+0000] {processor.py:743} INFO - Processing file /home/airflow/.local/lib/python3.7/site-packages/airflow/example_dags/example_xcom.py for tasks to queue
[2023-04-08T12:10:27.546+0000] {logging_mixin.py:137} INFO - [2023-04-08T12:10:27.545+0000] {dagbag.py:532} INFO - Filling up the DagBag from /home/airflow/.local/lib/python3.7/site-packages/airflow/example_dags/example_xcom.py
[2023-04-08T12:10:27.585+0000] {processor.py:753} INFO - DAG(s) dict_keys(['example_xcom']) retrieved from /home/airflow/.local/lib/python3.7/site-packages/airflow/example_dags/example_xcom.py
[2023-04-08T12:10:27.621+0000] {logging_mixin.py:137} INFO - [2023-04-08T12:10:27.621+0000] {dag.py:2705} INFO - Sync 1 DAGs
[2023-04-08T12:10:27.659+0000] {logging_mixin.py:137} INFO - [2023-04-08T12:10:27.659+0000] {dag.py:3456} INFO - Setting next_dagrun for example_xcom to 2021-01-01T00:00:00+00:00, run_after=2021-01-01T00:00:00+00:00
[2023-04-08T12:10:27.683+0000] {processor.py:175} INFO - Processing /home/airflow/.local/lib/python3.7/site-packages/airflow/example_dags/example_xcom.py took 0.144 seconds
