[2023-04-08T12:01:17.101+0000] {processor.py:153} INFO - Started process (PID=51) to work on /home/airflow/.local/lib/python3.7/site-packages/airflow/example_dags/example_subdag_operator.py
[2023-04-08T12:01:17.102+0000] {processor.py:743} INFO - Processing file /home/airflow/.local/lib/python3.7/site-packages/airflow/example_dags/example_subdag_operator.py for tasks to queue
[2023-04-08T12:01:17.103+0000] {logging_mixin.py:137} INFO - [2023-04-08T12:01:17.103+0000] {dagbag.py:532} INFO - Filling up the DagBag from /home/airflow/.local/lib/python3.7/site-packages/airflow/example_dags/example_subdag_operator.py
[2023-04-08T12:01:17.250+0000] {processor.py:753} INFO - DAG(s) dict_keys(['example_subdag_operator.section-1', 'example_subdag_operator.section-2', 'example_subdag_operator']) retrieved from /home/airflow/.local/lib/python3.7/site-packages/airflow/example_dags/example_subdag_operator.py
[2023-04-08T12:01:17.803+0000] {logging_mixin.py:137} INFO - [2023-04-08T12:01:17.802+0000] {manager.py:504} INFO - Created Permission View: can delete on DAG:example_subdag_operator
[2023-04-08T12:01:17.833+0000] {logging_mixin.py:137} INFO - [2023-04-08T12:01:17.833+0000] {manager.py:504} INFO - Created Permission View: can edit on DAG:example_subdag_operator
[2023-04-08T12:01:17.846+0000] {logging_mixin.py:137} INFO - [2023-04-08T12:01:17.846+0000] {manager.py:504} INFO - Created Permission View: can read on DAG:example_subdag_operator
[2023-04-08T12:01:17.846+0000] {logging_mixin.py:137} INFO - [2023-04-08T12:01:17.846+0000] {dag.py:2705} INFO - Sync 3 DAGs
[2023-04-08T12:01:17.907+0000] {logging_mixin.py:137} INFO - [2023-04-08T12:01:17.907+0000] {dag.py:2726} INFO - Creating ORM DAG for example_subdag_operator.section-2
[2023-04-08T12:01:17.908+0000] {logging_mixin.py:137} INFO - [2023-04-08T12:01:17.908+0000] {dag.py:2726} INFO - Creating ORM DAG for example_subdag_operator.section-1
[2023-04-08T12:01:17.913+0000] {logging_mixin.py:137} INFO - [2023-04-08T12:01:17.909+0000] {dag.py:2726} INFO - Creating ORM DAG for example_subdag_operator
[2023-04-08T12:01:17.951+0000] {logging_mixin.py:137} INFO - [2023-04-08T12:01:17.951+0000] {dag.py:3456} INFO - Setting next_dagrun for example_subdag_operator to 2022-01-01T00:00:00+00:00, run_after=2022-01-01T00:00:00+00:00
[2023-04-08T12:01:17.952+0000] {logging_mixin.py:137} INFO - [2023-04-08T12:01:17.952+0000] {dag.py:3456} INFO - Setting next_dagrun for example_subdag_operator.section-1 to None, run_after=None
[2023-04-08T12:01:17.952+0000] {logging_mixin.py:137} INFO - [2023-04-08T12:01:17.952+0000] {dag.py:3456} INFO - Setting next_dagrun for example_subdag_operator.section-2 to None, run_after=None
[2023-04-08T12:01:17.998+0000] {logging_mixin.py:137} INFO - [2023-04-08T12:01:17.998+0000] {dag.py:2705} INFO - Sync 2 DAGs
[2023-04-08T12:01:18.025+0000] {logging_mixin.py:137} INFO - [2023-04-08T12:01:18.025+0000] {dag.py:3456} INFO - Setting next_dagrun for example_subdag_operator.section-1 to None, run_after=None
[2023-04-08T12:01:18.034+0000] {logging_mixin.py:137} INFO - [2023-04-08T12:01:18.033+0000] {dag.py:3456} INFO - Setting next_dagrun for example_subdag_operator.section-2 to None, run_after=None
[2023-04-08T12:01:18.099+0000] {processor.py:175} INFO - Processing /home/airflow/.local/lib/python3.7/site-packages/airflow/example_dags/example_subdag_operator.py took 1.020 seconds
[2023-04-08T12:01:48.288+0000] {processor.py:153} INFO - Started process (PID=101) to work on /home/airflow/.local/lib/python3.7/site-packages/airflow/example_dags/example_subdag_operator.py
[2023-04-08T12:01:48.289+0000] {processor.py:743} INFO - Processing file /home/airflow/.local/lib/python3.7/site-packages/airflow/example_dags/example_subdag_operator.py for tasks to queue
[2023-04-08T12:01:48.290+0000] {logging_mixin.py:137} INFO - [2023-04-08T12:01:48.290+0000] {dagbag.py:532} INFO - Filling up the DagBag from /home/airflow/.local/lib/python3.7/site-packages/airflow/example_dags/example_subdag_operator.py
[2023-04-08T12:01:48.330+0000] {processor.py:753} INFO - DAG(s) dict_keys(['example_subdag_operator.section-1', 'example_subdag_operator.section-2', 'example_subdag_operator']) retrieved from /home/airflow/.local/lib/python3.7/site-packages/airflow/example_dags/example_subdag_operator.py
[2023-04-08T12:01:48.361+0000] {logging_mixin.py:137} INFO - [2023-04-08T12:01:48.360+0000] {dag.py:2705} INFO - Sync 3 DAGs
[2023-04-08T12:01:48.402+0000] {logging_mixin.py:137} INFO - [2023-04-08T12:01:48.401+0000] {dag.py:3456} INFO - Setting next_dagrun for example_subdag_operator to 2022-01-01T00:00:00+00:00, run_after=2022-01-01T00:00:00+00:00
[2023-04-08T12:01:48.406+0000] {logging_mixin.py:137} INFO - [2023-04-08T12:01:48.406+0000] {dag.py:3456} INFO - Setting next_dagrun for example_subdag_operator.section-1 to None, run_after=None
[2023-04-08T12:01:48.408+0000] {logging_mixin.py:137} INFO - [2023-04-08T12:01:48.407+0000] {dag.py:3456} INFO - Setting next_dagrun for example_subdag_operator.section-2 to None, run_after=None
[2023-04-08T12:01:48.417+0000] {logging_mixin.py:137} INFO - [2023-04-08T12:01:48.417+0000] {dag.py:2705} INFO - Sync 2 DAGs
[2023-04-08T12:01:48.424+0000] {logging_mixin.py:137} INFO - [2023-04-08T12:01:48.424+0000] {dag.py:3456} INFO - Setting next_dagrun for example_subdag_operator.section-1 to None, run_after=None
[2023-04-08T12:01:48.425+0000] {logging_mixin.py:137} INFO - [2023-04-08T12:01:48.425+0000] {dag.py:3456} INFO - Setting next_dagrun for example_subdag_operator.section-2 to None, run_after=None
[2023-04-08T12:01:48.438+0000] {processor.py:175} INFO - Processing /home/airflow/.local/lib/python3.7/site-packages/airflow/example_dags/example_subdag_operator.py took 0.154 seconds
[2023-04-08T12:02:18.476+0000] {processor.py:153} INFO - Started process (PID=150) to work on /home/airflow/.local/lib/python3.7/site-packages/airflow/example_dags/example_subdag_operator.py
[2023-04-08T12:02:18.477+0000] {processor.py:743} INFO - Processing file /home/airflow/.local/lib/python3.7/site-packages/airflow/example_dags/example_subdag_operator.py for tasks to queue
[2023-04-08T12:02:18.478+0000] {logging_mixin.py:137} INFO - [2023-04-08T12:02:18.478+0000] {dagbag.py:532} INFO - Filling up the DagBag from /home/airflow/.local/lib/python3.7/site-packages/airflow/example_dags/example_subdag_operator.py
[2023-04-08T12:02:18.521+0000] {processor.py:753} INFO - DAG(s) dict_keys(['example_subdag_operator.section-1', 'example_subdag_operator.section-2', 'example_subdag_operator']) retrieved from /home/airflow/.local/lib/python3.7/site-packages/airflow/example_dags/example_subdag_operator.py
[2023-04-08T12:02:18.552+0000] {logging_mixin.py:137} INFO - [2023-04-08T12:02:18.552+0000] {dag.py:2705} INFO - Sync 3 DAGs
[2023-04-08T12:02:18.592+0000] {logging_mixin.py:137} INFO - [2023-04-08T12:02:18.592+0000] {dag.py:3456} INFO - Setting next_dagrun for example_subdag_operator to 2022-01-01T00:00:00+00:00, run_after=2022-01-01T00:00:00+00:00
[2023-04-08T12:02:18.596+0000] {logging_mixin.py:137} INFO - [2023-04-08T12:02:18.596+0000] {dag.py:3456} INFO - Setting next_dagrun for example_subdag_operator.section-1 to None, run_after=None
[2023-04-08T12:02:18.598+0000] {logging_mixin.py:137} INFO - [2023-04-08T12:02:18.598+0000] {dag.py:3456} INFO - Setting next_dagrun for example_subdag_operator.section-2 to None, run_after=None
[2023-04-08T12:02:18.608+0000] {logging_mixin.py:137} INFO - [2023-04-08T12:02:18.608+0000] {dag.py:2705} INFO - Sync 2 DAGs
[2023-04-08T12:02:18.616+0000] {logging_mixin.py:137} INFO - [2023-04-08T12:02:18.615+0000] {dag.py:3456} INFO - Setting next_dagrun for example_subdag_operator.section-1 to None, run_after=None
[2023-04-08T12:02:18.616+0000] {logging_mixin.py:137} INFO - [2023-04-08T12:02:18.616+0000] {dag.py:3456} INFO - Setting next_dagrun for example_subdag_operator.section-2 to None, run_after=None
[2023-04-08T12:02:18.629+0000] {processor.py:175} INFO - Processing /home/airflow/.local/lib/python3.7/site-packages/airflow/example_dags/example_subdag_operator.py took 0.158 seconds
[2023-04-08T12:02:48.708+0000] {processor.py:153} INFO - Started process (PID=200) to work on /home/airflow/.local/lib/python3.7/site-packages/airflow/example_dags/example_subdag_operator.py
[2023-04-08T12:02:48.709+0000] {processor.py:743} INFO - Processing file /home/airflow/.local/lib/python3.7/site-packages/airflow/example_dags/example_subdag_operator.py for tasks to queue
[2023-04-08T12:02:48.709+0000] {logging_mixin.py:137} INFO - [2023-04-08T12:02:48.709+0000] {dagbag.py:532} INFO - Filling up the DagBag from /home/airflow/.local/lib/python3.7/site-packages/airflow/example_dags/example_subdag_operator.py
[2023-04-08T12:02:48.738+0000] {processor.py:753} INFO - DAG(s) dict_keys(['example_subdag_operator.section-1', 'example_subdag_operator.section-2', 'example_subdag_operator']) retrieved from /home/airflow/.local/lib/python3.7/site-packages/airflow/example_dags/example_subdag_operator.py
[2023-04-08T12:02:48.757+0000] {logging_mixin.py:137} INFO - [2023-04-08T12:02:48.757+0000] {dag.py:2705} INFO - Sync 3 DAGs
[2023-04-08T12:02:48.781+0000] {logging_mixin.py:137} INFO - [2023-04-08T12:02:48.781+0000] {dag.py:3456} INFO - Setting next_dagrun for example_subdag_operator to 2022-01-01T00:00:00+00:00, run_after=2022-01-01T00:00:00+00:00
[2023-04-08T12:02:48.784+0000] {logging_mixin.py:137} INFO - [2023-04-08T12:02:48.784+0000] {dag.py:3456} INFO - Setting next_dagrun for example_subdag_operator.section-1 to None, run_after=None
[2023-04-08T12:02:48.785+0000] {logging_mixin.py:137} INFO - [2023-04-08T12:02:48.785+0000] {dag.py:3456} INFO - Setting next_dagrun for example_subdag_operator.section-2 to None, run_after=None
[2023-04-08T12:02:48.792+0000] {logging_mixin.py:137} INFO - [2023-04-08T12:02:48.792+0000] {dag.py:2705} INFO - Sync 2 DAGs
[2023-04-08T12:02:48.797+0000] {logging_mixin.py:137} INFO - [2023-04-08T12:02:48.797+0000] {dag.py:3456} INFO - Setting next_dagrun for example_subdag_operator.section-1 to None, run_after=None
[2023-04-08T12:02:48.797+0000] {logging_mixin.py:137} INFO - [2023-04-08T12:02:48.797+0000] {dag.py:3456} INFO - Setting next_dagrun for example_subdag_operator.section-2 to None, run_after=None
[2023-04-08T12:02:48.806+0000] {processor.py:175} INFO - Processing /home/airflow/.local/lib/python3.7/site-packages/airflow/example_dags/example_subdag_operator.py took 0.102 seconds
[2023-04-08T12:03:19.030+0000] {processor.py:153} INFO - Started process (PID=250) to work on /home/airflow/.local/lib/python3.7/site-packages/airflow/example_dags/example_subdag_operator.py
[2023-04-08T12:03:19.031+0000] {processor.py:743} INFO - Processing file /home/airflow/.local/lib/python3.7/site-packages/airflow/example_dags/example_subdag_operator.py for tasks to queue
[2023-04-08T12:03:19.031+0000] {logging_mixin.py:137} INFO - [2023-04-08T12:03:19.031+0000] {dagbag.py:532} INFO - Filling up the DagBag from /home/airflow/.local/lib/python3.7/site-packages/airflow/example_dags/example_subdag_operator.py
[2023-04-08T12:03:19.061+0000] {processor.py:753} INFO - DAG(s) dict_keys(['example_subdag_operator.section-1', 'example_subdag_operator.section-2', 'example_subdag_operator']) retrieved from /home/airflow/.local/lib/python3.7/site-packages/airflow/example_dags/example_subdag_operator.py
[2023-04-08T12:03:19.080+0000] {logging_mixin.py:137} INFO - [2023-04-08T12:03:19.079+0000] {dag.py:2705} INFO - Sync 3 DAGs
[2023-04-08T12:03:19.104+0000] {logging_mixin.py:137} INFO - [2023-04-08T12:03:19.103+0000] {dag.py:3456} INFO - Setting next_dagrun for example_subdag_operator to 2022-01-01T00:00:00+00:00, run_after=2022-01-01T00:00:00+00:00
[2023-04-08T12:03:19.107+0000] {logging_mixin.py:137} INFO - [2023-04-08T12:03:19.106+0000] {dag.py:3456} INFO - Setting next_dagrun for example_subdag_operator.section-1 to None, run_after=None
[2023-04-08T12:03:19.108+0000] {logging_mixin.py:137} INFO - [2023-04-08T12:03:19.107+0000] {dag.py:3456} INFO - Setting next_dagrun for example_subdag_operator.section-2 to None, run_after=None
[2023-04-08T12:03:19.114+0000] {logging_mixin.py:137} INFO - [2023-04-08T12:03:19.114+0000] {dag.py:2705} INFO - Sync 2 DAGs
[2023-04-08T12:03:19.119+0000] {logging_mixin.py:137} INFO - [2023-04-08T12:03:19.119+0000] {dag.py:3456} INFO - Setting next_dagrun for example_subdag_operator.section-1 to None, run_after=None
[2023-04-08T12:03:19.119+0000] {logging_mixin.py:137} INFO - [2023-04-08T12:03:19.119+0000] {dag.py:3456} INFO - Setting next_dagrun for example_subdag_operator.section-2 to None, run_after=None
[2023-04-08T12:03:19.129+0000] {processor.py:175} INFO - Processing /home/airflow/.local/lib/python3.7/site-packages/airflow/example_dags/example_subdag_operator.py took 0.102 seconds
[2023-04-08T12:03:49.475+0000] {processor.py:153} INFO - Started process (PID=300) to work on /home/airflow/.local/lib/python3.7/site-packages/airflow/example_dags/example_subdag_operator.py
[2023-04-08T12:03:49.476+0000] {processor.py:743} INFO - Processing file /home/airflow/.local/lib/python3.7/site-packages/airflow/example_dags/example_subdag_operator.py for tasks to queue
[2023-04-08T12:03:49.477+0000] {logging_mixin.py:137} INFO - [2023-04-08T12:03:49.477+0000] {dagbag.py:532} INFO - Filling up the DagBag from /home/airflow/.local/lib/python3.7/site-packages/airflow/example_dags/example_subdag_operator.py
[2023-04-08T12:03:49.520+0000] {processor.py:753} INFO - DAG(s) dict_keys(['example_subdag_operator.section-1', 'example_subdag_operator.section-2', 'example_subdag_operator']) retrieved from /home/airflow/.local/lib/python3.7/site-packages/airflow/example_dags/example_subdag_operator.py
[2023-04-08T12:03:49.549+0000] {logging_mixin.py:137} INFO - [2023-04-08T12:03:49.549+0000] {dag.py:2705} INFO - Sync 3 DAGs
[2023-04-08T12:03:49.588+0000] {logging_mixin.py:137} INFO - [2023-04-08T12:03:49.588+0000] {dag.py:3456} INFO - Setting next_dagrun for example_subdag_operator to 2022-01-01T00:00:00+00:00, run_after=2022-01-01T00:00:00+00:00
[2023-04-08T12:03:49.591+0000] {logging_mixin.py:137} INFO - [2023-04-08T12:03:49.591+0000] {dag.py:3456} INFO - Setting next_dagrun for example_subdag_operator.section-1 to None, run_after=None
[2023-04-08T12:03:49.592+0000] {logging_mixin.py:137} INFO - [2023-04-08T12:03:49.592+0000] {dag.py:3456} INFO - Setting next_dagrun for example_subdag_operator.section-2 to None, run_after=None
[2023-04-08T12:03:49.599+0000] {logging_mixin.py:137} INFO - [2023-04-08T12:03:49.598+0000] {dag.py:2705} INFO - Sync 2 DAGs
[2023-04-08T12:03:49.604+0000] {logging_mixin.py:137} INFO - [2023-04-08T12:03:49.604+0000] {dag.py:3456} INFO - Setting next_dagrun for example_subdag_operator.section-1 to None, run_after=None
[2023-04-08T12:03:49.604+0000] {logging_mixin.py:137} INFO - [2023-04-08T12:03:49.604+0000] {dag.py:3456} INFO - Setting next_dagrun for example_subdag_operator.section-2 to None, run_after=None
[2023-04-08T12:03:49.614+0000] {processor.py:175} INFO - Processing /home/airflow/.local/lib/python3.7/site-packages/airflow/example_dags/example_subdag_operator.py took 0.143 seconds
[2023-04-08T12:04:19.769+0000] {processor.py:153} INFO - Started process (PID=351) to work on /home/airflow/.local/lib/python3.7/site-packages/airflow/example_dags/example_subdag_operator.py
[2023-04-08T12:04:19.769+0000] {processor.py:743} INFO - Processing file /home/airflow/.local/lib/python3.7/site-packages/airflow/example_dags/example_subdag_operator.py for tasks to queue
[2023-04-08T12:04:19.770+0000] {logging_mixin.py:137} INFO - [2023-04-08T12:04:19.770+0000] {dagbag.py:532} INFO - Filling up the DagBag from /home/airflow/.local/lib/python3.7/site-packages/airflow/example_dags/example_subdag_operator.py
[2023-04-08T12:04:19.799+0000] {processor.py:753} INFO - DAG(s) dict_keys(['example_subdag_operator.section-1', 'example_subdag_operator.section-2', 'example_subdag_operator']) retrieved from /home/airflow/.local/lib/python3.7/site-packages/airflow/example_dags/example_subdag_operator.py
[2023-04-08T12:04:19.819+0000] {logging_mixin.py:137} INFO - [2023-04-08T12:04:19.819+0000] {dag.py:2705} INFO - Sync 3 DAGs
[2023-04-08T12:04:19.845+0000] {logging_mixin.py:137} INFO - [2023-04-08T12:04:19.844+0000] {dag.py:3456} INFO - Setting next_dagrun for example_subdag_operator to 2022-01-01T00:00:00+00:00, run_after=2022-01-01T00:00:00+00:00
[2023-04-08T12:04:19.848+0000] {logging_mixin.py:137} INFO - [2023-04-08T12:04:19.848+0000] {dag.py:3456} INFO - Setting next_dagrun for example_subdag_operator.section-1 to None, run_after=None
[2023-04-08T12:04:19.849+0000] {logging_mixin.py:137} INFO - [2023-04-08T12:04:19.849+0000] {dag.py:3456} INFO - Setting next_dagrun for example_subdag_operator.section-2 to None, run_after=None
[2023-04-08T12:04:19.856+0000] {logging_mixin.py:137} INFO - [2023-04-08T12:04:19.855+0000] {dag.py:2705} INFO - Sync 2 DAGs
[2023-04-08T12:04:19.861+0000] {logging_mixin.py:137} INFO - [2023-04-08T12:04:19.861+0000] {dag.py:3456} INFO - Setting next_dagrun for example_subdag_operator.section-1 to None, run_after=None
[2023-04-08T12:04:19.861+0000] {logging_mixin.py:137} INFO - [2023-04-08T12:04:19.861+0000] {dag.py:3456} INFO - Setting next_dagrun for example_subdag_operator.section-2 to None, run_after=None
[2023-04-08T12:04:19.870+0000] {processor.py:175} INFO - Processing /home/airflow/.local/lib/python3.7/site-packages/airflow/example_dags/example_subdag_operator.py took 0.106 seconds
[2023-04-08T12:04:50.252+0000] {processor.py:153} INFO - Started process (PID=401) to work on /home/airflow/.local/lib/python3.7/site-packages/airflow/example_dags/example_subdag_operator.py
[2023-04-08T12:04:50.253+0000] {processor.py:743} INFO - Processing file /home/airflow/.local/lib/python3.7/site-packages/airflow/example_dags/example_subdag_operator.py for tasks to queue
[2023-04-08T12:04:50.254+0000] {logging_mixin.py:137} INFO - [2023-04-08T12:04:50.253+0000] {dagbag.py:532} INFO - Filling up the DagBag from /home/airflow/.local/lib/python3.7/site-packages/airflow/example_dags/example_subdag_operator.py
[2023-04-08T12:04:50.282+0000] {processor.py:753} INFO - DAG(s) dict_keys(['example_subdag_operator.section-1', 'example_subdag_operator.section-2', 'example_subdag_operator']) retrieved from /home/airflow/.local/lib/python3.7/site-packages/airflow/example_dags/example_subdag_operator.py
[2023-04-08T12:04:50.301+0000] {logging_mixin.py:137} INFO - [2023-04-08T12:04:50.301+0000] {dag.py:2705} INFO - Sync 3 DAGs
[2023-04-08T12:04:50.325+0000] {logging_mixin.py:137} INFO - [2023-04-08T12:04:50.325+0000] {dag.py:3456} INFO - Setting next_dagrun for example_subdag_operator to 2022-01-01T00:00:00+00:00, run_after=2022-01-01T00:00:00+00:00
[2023-04-08T12:04:50.328+0000] {logging_mixin.py:137} INFO - [2023-04-08T12:04:50.328+0000] {dag.py:3456} INFO - Setting next_dagrun for example_subdag_operator.section-1 to None, run_after=None
[2023-04-08T12:04:50.329+0000] {logging_mixin.py:137} INFO - [2023-04-08T12:04:50.329+0000] {dag.py:3456} INFO - Setting next_dagrun for example_subdag_operator.section-2 to None, run_after=None
[2023-04-08T12:04:50.336+0000] {logging_mixin.py:137} INFO - [2023-04-08T12:04:50.336+0000] {dag.py:2705} INFO - Sync 2 DAGs
[2023-04-08T12:04:50.344+0000] {logging_mixin.py:137} INFO - [2023-04-08T12:04:50.343+0000] {dag.py:3456} INFO - Setting next_dagrun for example_subdag_operator.section-1 to None, run_after=None
[2023-04-08T12:04:50.344+0000] {logging_mixin.py:137} INFO - [2023-04-08T12:04:50.344+0000] {dag.py:3456} INFO - Setting next_dagrun for example_subdag_operator.section-2 to None, run_after=None
[2023-04-08T12:04:50.354+0000] {processor.py:175} INFO - Processing /home/airflow/.local/lib/python3.7/site-packages/airflow/example_dags/example_subdag_operator.py took 0.107 seconds
[2023-04-08T12:05:20.562+0000] {processor.py:153} INFO - Started process (PID=452) to work on /home/airflow/.local/lib/python3.7/site-packages/airflow/example_dags/example_subdag_operator.py
[2023-04-08T12:05:20.563+0000] {processor.py:743} INFO - Processing file /home/airflow/.local/lib/python3.7/site-packages/airflow/example_dags/example_subdag_operator.py for tasks to queue
[2023-04-08T12:05:20.564+0000] {logging_mixin.py:137} INFO - [2023-04-08T12:05:20.564+0000] {dagbag.py:532} INFO - Filling up the DagBag from /home/airflow/.local/lib/python3.7/site-packages/airflow/example_dags/example_subdag_operator.py
[2023-04-08T12:05:20.595+0000] {processor.py:753} INFO - DAG(s) dict_keys(['example_subdag_operator.section-1', 'example_subdag_operator.section-2', 'example_subdag_operator']) retrieved from /home/airflow/.local/lib/python3.7/site-packages/airflow/example_dags/example_subdag_operator.py
[2023-04-08T12:05:20.614+0000] {logging_mixin.py:137} INFO - [2023-04-08T12:05:20.614+0000] {dag.py:2705} INFO - Sync 3 DAGs
[2023-04-08T12:05:20.639+0000] {logging_mixin.py:137} INFO - [2023-04-08T12:05:20.638+0000] {dag.py:3456} INFO - Setting next_dagrun for example_subdag_operator to 2022-01-01T00:00:00+00:00, run_after=2022-01-01T00:00:00+00:00
[2023-04-08T12:05:20.642+0000] {logging_mixin.py:137} INFO - [2023-04-08T12:05:20.642+0000] {dag.py:3456} INFO - Setting next_dagrun for example_subdag_operator.section-1 to None, run_after=None
[2023-04-08T12:05:20.643+0000] {logging_mixin.py:137} INFO - [2023-04-08T12:05:20.643+0000] {dag.py:3456} INFO - Setting next_dagrun for example_subdag_operator.section-2 to None, run_after=None
[2023-04-08T12:05:20.650+0000] {logging_mixin.py:137} INFO - [2023-04-08T12:05:20.649+0000] {dag.py:2705} INFO - Sync 2 DAGs
[2023-04-08T12:05:20.655+0000] {logging_mixin.py:137} INFO - [2023-04-08T12:05:20.655+0000] {dag.py:3456} INFO - Setting next_dagrun for example_subdag_operator.section-1 to None, run_after=None
[2023-04-08T12:05:20.655+0000] {logging_mixin.py:137} INFO - [2023-04-08T12:05:20.655+0000] {dag.py:3456} INFO - Setting next_dagrun for example_subdag_operator.section-2 to None, run_after=None
[2023-04-08T12:05:20.664+0000] {processor.py:175} INFO - Processing /home/airflow/.local/lib/python3.7/site-packages/airflow/example_dags/example_subdag_operator.py took 0.106 seconds
[2023-04-08T12:05:50.864+0000] {processor.py:153} INFO - Started process (PID=502) to work on /home/airflow/.local/lib/python3.7/site-packages/airflow/example_dags/example_subdag_operator.py
[2023-04-08T12:05:50.865+0000] {processor.py:743} INFO - Processing file /home/airflow/.local/lib/python3.7/site-packages/airflow/example_dags/example_subdag_operator.py for tasks to queue
[2023-04-08T12:05:50.866+0000] {logging_mixin.py:137} INFO - [2023-04-08T12:05:50.866+0000] {dagbag.py:532} INFO - Filling up the DagBag from /home/airflow/.local/lib/python3.7/site-packages/airflow/example_dags/example_subdag_operator.py
[2023-04-08T12:05:50.899+0000] {processor.py:753} INFO - DAG(s) dict_keys(['example_subdag_operator.section-1', 'example_subdag_operator.section-2', 'example_subdag_operator']) retrieved from /home/airflow/.local/lib/python3.7/site-packages/airflow/example_dags/example_subdag_operator.py
[2023-04-08T12:05:50.918+0000] {logging_mixin.py:137} INFO - [2023-04-08T12:05:50.918+0000] {dag.py:2705} INFO - Sync 3 DAGs
[2023-04-08T12:05:50.944+0000] {logging_mixin.py:137} INFO - [2023-04-08T12:05:50.943+0000] {dag.py:3456} INFO - Setting next_dagrun for example_subdag_operator to 2022-01-01T00:00:00+00:00, run_after=2022-01-01T00:00:00+00:00
[2023-04-08T12:05:50.947+0000] {logging_mixin.py:137} INFO - [2023-04-08T12:05:50.947+0000] {dag.py:3456} INFO - Setting next_dagrun for example_subdag_operator.section-1 to None, run_after=None
[2023-04-08T12:05:50.948+0000] {logging_mixin.py:137} INFO - [2023-04-08T12:05:50.948+0000] {dag.py:3456} INFO - Setting next_dagrun for example_subdag_operator.section-2 to None, run_after=None
[2023-04-08T12:05:50.954+0000] {logging_mixin.py:137} INFO - [2023-04-08T12:05:50.954+0000] {dag.py:2705} INFO - Sync 2 DAGs
[2023-04-08T12:05:50.959+0000] {logging_mixin.py:137} INFO - [2023-04-08T12:05:50.959+0000] {dag.py:3456} INFO - Setting next_dagrun for example_subdag_operator.section-1 to None, run_after=None
[2023-04-08T12:05:50.959+0000] {logging_mixin.py:137} INFO - [2023-04-08T12:05:50.959+0000] {dag.py:3456} INFO - Setting next_dagrun for example_subdag_operator.section-2 to None, run_after=None
[2023-04-08T12:05:50.969+0000] {processor.py:175} INFO - Processing /home/airflow/.local/lib/python3.7/site-packages/airflow/example_dags/example_subdag_operator.py took 0.109 seconds
[2023-04-08T12:06:22.363+0000] {processor.py:153} INFO - Started process (PID=552) to work on /home/airflow/.local/lib/python3.7/site-packages/airflow/example_dags/example_subdag_operator.py
[2023-04-08T12:06:22.373+0000] {processor.py:743} INFO - Processing file /home/airflow/.local/lib/python3.7/site-packages/airflow/example_dags/example_subdag_operator.py for tasks to queue
[2023-04-08T12:06:22.374+0000] {logging_mixin.py:137} INFO - [2023-04-08T12:06:22.374+0000] {dagbag.py:532} INFO - Filling up the DagBag from /home/airflow/.local/lib/python3.7/site-packages/airflow/example_dags/example_subdag_operator.py
[2023-04-08T12:06:22.519+0000] {processor.py:753} INFO - DAG(s) dict_keys(['example_subdag_operator.section-1', 'example_subdag_operator.section-2', 'example_subdag_operator']) retrieved from /home/airflow/.local/lib/python3.7/site-packages/airflow/example_dags/example_subdag_operator.py
[2023-04-08T12:06:22.565+0000] {logging_mixin.py:137} INFO - [2023-04-08T12:06:22.565+0000] {dag.py:2705} INFO - Sync 3 DAGs
[2023-04-08T12:06:22.650+0000] {logging_mixin.py:137} INFO - [2023-04-08T12:06:22.650+0000] {dag.py:3456} INFO - Setting next_dagrun for example_subdag_operator to 2022-01-01T00:00:00+00:00, run_after=2022-01-01T00:00:00+00:00
[2023-04-08T12:06:22.662+0000] {logging_mixin.py:137} INFO - [2023-04-08T12:06:22.662+0000] {dag.py:3456} INFO - Setting next_dagrun for example_subdag_operator.section-1 to None, run_after=None
[2023-04-08T12:06:22.664+0000] {logging_mixin.py:137} INFO - [2023-04-08T12:06:22.664+0000] {dag.py:3456} INFO - Setting next_dagrun for example_subdag_operator.section-2 to None, run_after=None
[2023-04-08T12:06:22.696+0000] {logging_mixin.py:137} INFO - [2023-04-08T12:06:22.696+0000] {dag.py:2705} INFO - Sync 2 DAGs
[2023-04-08T12:06:22.711+0000] {logging_mixin.py:137} INFO - [2023-04-08T12:06:22.711+0000] {dag.py:3456} INFO - Setting next_dagrun for example_subdag_operator.section-1 to None, run_after=None
[2023-04-08T12:06:22.712+0000] {logging_mixin.py:137} INFO - [2023-04-08T12:06:22.712+0000] {dag.py:3456} INFO - Setting next_dagrun for example_subdag_operator.section-2 to None, run_after=None
[2023-04-08T12:06:22.756+0000] {processor.py:175} INFO - Processing /home/airflow/.local/lib/python3.7/site-packages/airflow/example_dags/example_subdag_operator.py took 0.403 seconds
[2023-04-08T12:06:53.530+0000] {processor.py:153} INFO - Started process (PID=602) to work on /home/airflow/.local/lib/python3.7/site-packages/airflow/example_dags/example_subdag_operator.py
[2023-04-08T12:06:53.531+0000] {processor.py:743} INFO - Processing file /home/airflow/.local/lib/python3.7/site-packages/airflow/example_dags/example_subdag_operator.py for tasks to queue
[2023-04-08T12:06:53.532+0000] {logging_mixin.py:137} INFO - [2023-04-08T12:06:53.531+0000] {dagbag.py:532} INFO - Filling up the DagBag from /home/airflow/.local/lib/python3.7/site-packages/airflow/example_dags/example_subdag_operator.py
[2023-04-08T12:06:53.652+0000] {processor.py:753} INFO - DAG(s) dict_keys(['example_subdag_operator.section-1', 'example_subdag_operator.section-2', 'example_subdag_operator']) retrieved from /home/airflow/.local/lib/python3.7/site-packages/airflow/example_dags/example_subdag_operator.py
[2023-04-08T12:06:53.712+0000] {logging_mixin.py:137} INFO - [2023-04-08T12:06:53.712+0000] {dag.py:2705} INFO - Sync 3 DAGs
[2023-04-08T12:06:53.752+0000] {logging_mixin.py:137} INFO - [2023-04-08T12:06:53.752+0000] {dag.py:3456} INFO - Setting next_dagrun for example_subdag_operator to 2022-01-01T00:00:00+00:00, run_after=2022-01-01T00:00:00+00:00
[2023-04-08T12:06:53.768+0000] {logging_mixin.py:137} INFO - [2023-04-08T12:06:53.768+0000] {dag.py:3456} INFO - Setting next_dagrun for example_subdag_operator.section-1 to None, run_after=None
[2023-04-08T12:06:53.778+0000] {logging_mixin.py:137} INFO - [2023-04-08T12:06:53.778+0000] {dag.py:3456} INFO - Setting next_dagrun for example_subdag_operator.section-2 to None, run_after=None
[2023-04-08T12:06:53.799+0000] {logging_mixin.py:137} INFO - [2023-04-08T12:06:53.799+0000] {dag.py:2705} INFO - Sync 2 DAGs
[2023-04-08T12:06:53.823+0000] {logging_mixin.py:137} INFO - [2023-04-08T12:06:53.823+0000] {dag.py:3456} INFO - Setting next_dagrun for example_subdag_operator.section-1 to None, run_after=None
[2023-04-08T12:06:53.824+0000] {logging_mixin.py:137} INFO - [2023-04-08T12:06:53.824+0000] {dag.py:3456} INFO - Setting next_dagrun for example_subdag_operator.section-2 to None, run_after=None
[2023-04-08T12:06:53.880+0000] {processor.py:175} INFO - Processing /home/airflow/.local/lib/python3.7/site-packages/airflow/example_dags/example_subdag_operator.py took 0.359 seconds
[2023-04-08T12:07:24.609+0000] {processor.py:153} INFO - Started process (PID=651) to work on /home/airflow/.local/lib/python3.7/site-packages/airflow/example_dags/example_subdag_operator.py
[2023-04-08T12:07:24.610+0000] {processor.py:743} INFO - Processing file /home/airflow/.local/lib/python3.7/site-packages/airflow/example_dags/example_subdag_operator.py for tasks to queue
[2023-04-08T12:07:24.611+0000] {logging_mixin.py:137} INFO - [2023-04-08T12:07:24.611+0000] {dagbag.py:532} INFO - Filling up the DagBag from /home/airflow/.local/lib/python3.7/site-packages/airflow/example_dags/example_subdag_operator.py
[2023-04-08T12:07:24.658+0000] {processor.py:753} INFO - DAG(s) dict_keys(['example_subdag_operator.section-1', 'example_subdag_operator.section-2', 'example_subdag_operator']) retrieved from /home/airflow/.local/lib/python3.7/site-packages/airflow/example_dags/example_subdag_operator.py
[2023-04-08T12:07:24.699+0000] {logging_mixin.py:137} INFO - [2023-04-08T12:07:24.699+0000] {dag.py:2705} INFO - Sync 3 DAGs
[2023-04-08T12:07:24.738+0000] {logging_mixin.py:137} INFO - [2023-04-08T12:07:24.738+0000] {dag.py:3456} INFO - Setting next_dagrun for example_subdag_operator to 2022-01-01T00:00:00+00:00, run_after=2022-01-01T00:00:00+00:00
[2023-04-08T12:07:24.744+0000] {logging_mixin.py:137} INFO - [2023-04-08T12:07:24.744+0000] {dag.py:3456} INFO - Setting next_dagrun for example_subdag_operator.section-1 to None, run_after=None
[2023-04-08T12:07:24.745+0000] {logging_mixin.py:137} INFO - [2023-04-08T12:07:24.745+0000] {dag.py:3456} INFO - Setting next_dagrun for example_subdag_operator.section-2 to None, run_after=None
[2023-04-08T12:07:24.755+0000] {logging_mixin.py:137} INFO - [2023-04-08T12:07:24.755+0000] {dag.py:2705} INFO - Sync 2 DAGs
[2023-04-08T12:07:24.763+0000] {logging_mixin.py:137} INFO - [2023-04-08T12:07:24.763+0000] {dag.py:3456} INFO - Setting next_dagrun for example_subdag_operator.section-1 to None, run_after=None
[2023-04-08T12:07:24.763+0000] {logging_mixin.py:137} INFO - [2023-04-08T12:07:24.763+0000] {dag.py:3456} INFO - Setting next_dagrun for example_subdag_operator.section-2 to None, run_after=None
[2023-04-08T12:07:24.782+0000] {processor.py:175} INFO - Processing /home/airflow/.local/lib/python3.7/site-packages/airflow/example_dags/example_subdag_operator.py took 0.177 seconds
[2023-04-08T12:07:55.162+0000] {processor.py:153} INFO - Started process (PID=701) to work on /home/airflow/.local/lib/python3.7/site-packages/airflow/example_dags/example_subdag_operator.py
[2023-04-08T12:07:55.163+0000] {processor.py:743} INFO - Processing file /home/airflow/.local/lib/python3.7/site-packages/airflow/example_dags/example_subdag_operator.py for tasks to queue
[2023-04-08T12:07:55.164+0000] {logging_mixin.py:137} INFO - [2023-04-08T12:07:55.164+0000] {dagbag.py:532} INFO - Filling up the DagBag from /home/airflow/.local/lib/python3.7/site-packages/airflow/example_dags/example_subdag_operator.py
[2023-04-08T12:07:55.208+0000] {processor.py:753} INFO - DAG(s) dict_keys(['example_subdag_operator.section-1', 'example_subdag_operator.section-2', 'example_subdag_operator']) retrieved from /home/airflow/.local/lib/python3.7/site-packages/airflow/example_dags/example_subdag_operator.py
[2023-04-08T12:07:55.239+0000] {logging_mixin.py:137} INFO - [2023-04-08T12:07:55.239+0000] {dag.py:2705} INFO - Sync 3 DAGs
[2023-04-08T12:07:55.280+0000] {logging_mixin.py:137} INFO - [2023-04-08T12:07:55.280+0000] {dag.py:3456} INFO - Setting next_dagrun for example_subdag_operator to 2022-01-01T00:00:00+00:00, run_after=2022-01-01T00:00:00+00:00
[2023-04-08T12:07:55.285+0000] {logging_mixin.py:137} INFO - [2023-04-08T12:07:55.285+0000] {dag.py:3456} INFO - Setting next_dagrun for example_subdag_operator.section-1 to None, run_after=None
[2023-04-08T12:07:55.286+0000] {logging_mixin.py:137} INFO - [2023-04-08T12:07:55.286+0000] {dag.py:3456} INFO - Setting next_dagrun for example_subdag_operator.section-2 to None, run_after=None
[2023-04-08T12:07:55.296+0000] {logging_mixin.py:137} INFO - [2023-04-08T12:07:55.296+0000] {dag.py:2705} INFO - Sync 2 DAGs
[2023-04-08T12:07:55.306+0000] {logging_mixin.py:137} INFO - [2023-04-08T12:07:55.305+0000] {dag.py:3456} INFO - Setting next_dagrun for example_subdag_operator.section-1 to None, run_after=None
[2023-04-08T12:07:55.306+0000] {logging_mixin.py:137} INFO - [2023-04-08T12:07:55.306+0000] {dag.py:3456} INFO - Setting next_dagrun for example_subdag_operator.section-2 to None, run_after=None
[2023-04-08T12:07:55.319+0000] {processor.py:175} INFO - Processing /home/airflow/.local/lib/python3.7/site-packages/airflow/example_dags/example_subdag_operator.py took 0.162 seconds
[2023-04-08T12:08:25.586+0000] {processor.py:153} INFO - Started process (PID=751) to work on /home/airflow/.local/lib/python3.7/site-packages/airflow/example_dags/example_subdag_operator.py
[2023-04-08T12:08:25.587+0000] {processor.py:743} INFO - Processing file /home/airflow/.local/lib/python3.7/site-packages/airflow/example_dags/example_subdag_operator.py for tasks to queue
[2023-04-08T12:08:25.588+0000] {logging_mixin.py:137} INFO - [2023-04-08T12:08:25.588+0000] {dagbag.py:532} INFO - Filling up the DagBag from /home/airflow/.local/lib/python3.7/site-packages/airflow/example_dags/example_subdag_operator.py
[2023-04-08T12:08:25.633+0000] {processor.py:753} INFO - DAG(s) dict_keys(['example_subdag_operator.section-1', 'example_subdag_operator.section-2', 'example_subdag_operator']) retrieved from /home/airflow/.local/lib/python3.7/site-packages/airflow/example_dags/example_subdag_operator.py
[2023-04-08T12:08:25.663+0000] {logging_mixin.py:137} INFO - [2023-04-08T12:08:25.663+0000] {dag.py:2705} INFO - Sync 3 DAGs
[2023-04-08T12:08:25.703+0000] {logging_mixin.py:137} INFO - [2023-04-08T12:08:25.702+0000] {dag.py:3456} INFO - Setting next_dagrun for example_subdag_operator to 2022-01-01T00:00:00+00:00, run_after=2022-01-01T00:00:00+00:00
[2023-04-08T12:08:25.707+0000] {logging_mixin.py:137} INFO - [2023-04-08T12:08:25.707+0000] {dag.py:3456} INFO - Setting next_dagrun for example_subdag_operator.section-1 to None, run_after=None
[2023-04-08T12:08:25.709+0000] {logging_mixin.py:137} INFO - [2023-04-08T12:08:25.708+0000] {dag.py:3456} INFO - Setting next_dagrun for example_subdag_operator.section-2 to None, run_after=None
[2023-04-08T12:08:25.718+0000] {logging_mixin.py:137} INFO - [2023-04-08T12:08:25.718+0000] {dag.py:2705} INFO - Sync 2 DAGs
[2023-04-08T12:08:25.726+0000] {logging_mixin.py:137} INFO - [2023-04-08T12:08:25.726+0000] {dag.py:3456} INFO - Setting next_dagrun for example_subdag_operator.section-1 to None, run_after=None
[2023-04-08T12:08:25.727+0000] {logging_mixin.py:137} INFO - [2023-04-08T12:08:25.726+0000] {dag.py:3456} INFO - Setting next_dagrun for example_subdag_operator.section-2 to None, run_after=None
[2023-04-08T12:08:25.740+0000] {processor.py:175} INFO - Processing /home/airflow/.local/lib/python3.7/site-packages/airflow/example_dags/example_subdag_operator.py took 0.158 seconds
[2023-04-08T12:08:56.276+0000] {processor.py:153} INFO - Started process (PID=802) to work on /home/airflow/.local/lib/python3.7/site-packages/airflow/example_dags/example_subdag_operator.py
[2023-04-08T12:08:56.277+0000] {processor.py:743} INFO - Processing file /home/airflow/.local/lib/python3.7/site-packages/airflow/example_dags/example_subdag_operator.py for tasks to queue
[2023-04-08T12:08:56.278+0000] {logging_mixin.py:137} INFO - [2023-04-08T12:08:56.278+0000] {dagbag.py:532} INFO - Filling up the DagBag from /home/airflow/.local/lib/python3.7/site-packages/airflow/example_dags/example_subdag_operator.py
[2023-04-08T12:08:56.324+0000] {processor.py:753} INFO - DAG(s) dict_keys(['example_subdag_operator.section-1', 'example_subdag_operator.section-2', 'example_subdag_operator']) retrieved from /home/airflow/.local/lib/python3.7/site-packages/airflow/example_dags/example_subdag_operator.py
[2023-04-08T12:08:56.353+0000] {logging_mixin.py:137} INFO - [2023-04-08T12:08:56.353+0000] {dag.py:2705} INFO - Sync 3 DAGs
[2023-04-08T12:08:56.393+0000] {logging_mixin.py:137} INFO - [2023-04-08T12:08:56.392+0000] {dag.py:3456} INFO - Setting next_dagrun for example_subdag_operator to 2022-01-01T00:00:00+00:00, run_after=2022-01-01T00:00:00+00:00
[2023-04-08T12:08:56.397+0000] {logging_mixin.py:137} INFO - [2023-04-08T12:08:56.397+0000] {dag.py:3456} INFO - Setting next_dagrun for example_subdag_operator.section-1 to None, run_after=None
[2023-04-08T12:08:56.399+0000] {logging_mixin.py:137} INFO - [2023-04-08T12:08:56.399+0000] {dag.py:3456} INFO - Setting next_dagrun for example_subdag_operator.section-2 to None, run_after=None
[2023-04-08T12:08:56.408+0000] {logging_mixin.py:137} INFO - [2023-04-08T12:08:56.408+0000] {dag.py:2705} INFO - Sync 2 DAGs
[2023-04-08T12:08:56.428+0000] {logging_mixin.py:137} INFO - [2023-04-08T12:08:56.428+0000] {dag.py:3456} INFO - Setting next_dagrun for example_subdag_operator.section-1 to None, run_after=None
[2023-04-08T12:08:56.429+0000] {logging_mixin.py:137} INFO - [2023-04-08T12:08:56.429+0000] {dag.py:3456} INFO - Setting next_dagrun for example_subdag_operator.section-2 to None, run_after=None
[2023-04-08T12:08:56.457+0000] {processor.py:175} INFO - Processing /home/airflow/.local/lib/python3.7/site-packages/airflow/example_dags/example_subdag_operator.py took 0.185 seconds
[2023-04-08T12:09:26.577+0000] {processor.py:153} INFO - Started process (PID=851) to work on /home/airflow/.local/lib/python3.7/site-packages/airflow/example_dags/example_subdag_operator.py
[2023-04-08T12:09:26.578+0000] {processor.py:743} INFO - Processing file /home/airflow/.local/lib/python3.7/site-packages/airflow/example_dags/example_subdag_operator.py for tasks to queue
[2023-04-08T12:09:26.578+0000] {logging_mixin.py:137} INFO - [2023-04-08T12:09:26.578+0000] {dagbag.py:532} INFO - Filling up the DagBag from /home/airflow/.local/lib/python3.7/site-packages/airflow/example_dags/example_subdag_operator.py
[2023-04-08T12:09:26.621+0000] {processor.py:753} INFO - DAG(s) dict_keys(['example_subdag_operator.section-1', 'example_subdag_operator.section-2', 'example_subdag_operator']) retrieved from /home/airflow/.local/lib/python3.7/site-packages/airflow/example_dags/example_subdag_operator.py
[2023-04-08T12:09:26.651+0000] {logging_mixin.py:137} INFO - [2023-04-08T12:09:26.651+0000] {dag.py:2705} INFO - Sync 3 DAGs
[2023-04-08T12:09:26.690+0000] {logging_mixin.py:137} INFO - [2023-04-08T12:09:26.690+0000] {dag.py:3456} INFO - Setting next_dagrun for example_subdag_operator to 2022-01-01T00:00:00+00:00, run_after=2022-01-01T00:00:00+00:00
[2023-04-08T12:09:26.695+0000] {logging_mixin.py:137} INFO - [2023-04-08T12:09:26.694+0000] {dag.py:3456} INFO - Setting next_dagrun for example_subdag_operator.section-1 to None, run_after=None
[2023-04-08T12:09:26.696+0000] {logging_mixin.py:137} INFO - [2023-04-08T12:09:26.696+0000] {dag.py:3456} INFO - Setting next_dagrun for example_subdag_operator.section-2 to None, run_after=None
[2023-04-08T12:09:26.705+0000] {logging_mixin.py:137} INFO - [2023-04-08T12:09:26.705+0000] {dag.py:2705} INFO - Sync 2 DAGs
[2023-04-08T12:09:26.714+0000] {logging_mixin.py:137} INFO - [2023-04-08T12:09:26.713+0000] {dag.py:3456} INFO - Setting next_dagrun for example_subdag_operator.section-1 to None, run_after=None
[2023-04-08T12:09:26.714+0000] {logging_mixin.py:137} INFO - [2023-04-08T12:09:26.714+0000] {dag.py:3456} INFO - Setting next_dagrun for example_subdag_operator.section-2 to None, run_after=None
[2023-04-08T12:09:26.728+0000] {processor.py:175} INFO - Processing /home/airflow/.local/lib/python3.7/site-packages/airflow/example_dags/example_subdag_operator.py took 0.155 seconds
[2023-04-08T12:09:57.173+0000] {processor.py:153} INFO - Started process (PID=901) to work on /home/airflow/.local/lib/python3.7/site-packages/airflow/example_dags/example_subdag_operator.py
[2023-04-08T12:09:57.174+0000] {processor.py:743} INFO - Processing file /home/airflow/.local/lib/python3.7/site-packages/airflow/example_dags/example_subdag_operator.py for tasks to queue
[2023-04-08T12:09:57.175+0000] {logging_mixin.py:137} INFO - [2023-04-08T12:09:57.175+0000] {dagbag.py:532} INFO - Filling up the DagBag from /home/airflow/.local/lib/python3.7/site-packages/airflow/example_dags/example_subdag_operator.py
[2023-04-08T12:09:57.219+0000] {processor.py:753} INFO - DAG(s) dict_keys(['example_subdag_operator.section-1', 'example_subdag_operator.section-2', 'example_subdag_operator']) retrieved from /home/airflow/.local/lib/python3.7/site-packages/airflow/example_dags/example_subdag_operator.py
[2023-04-08T12:09:57.248+0000] {logging_mixin.py:137} INFO - [2023-04-08T12:09:57.248+0000] {dag.py:2705} INFO - Sync 3 DAGs
[2023-04-08T12:09:57.289+0000] {logging_mixin.py:137} INFO - [2023-04-08T12:09:57.288+0000] {dag.py:3456} INFO - Setting next_dagrun for example_subdag_operator to 2022-01-01T00:00:00+00:00, run_after=2022-01-01T00:00:00+00:00
[2023-04-08T12:09:57.293+0000] {logging_mixin.py:137} INFO - [2023-04-08T12:09:57.293+0000] {dag.py:3456} INFO - Setting next_dagrun for example_subdag_operator.section-1 to None, run_after=None
[2023-04-08T12:09:57.295+0000] {logging_mixin.py:137} INFO - [2023-04-08T12:09:57.295+0000] {dag.py:3456} INFO - Setting next_dagrun for example_subdag_operator.section-2 to None, run_after=None
[2023-04-08T12:09:57.304+0000] {logging_mixin.py:137} INFO - [2023-04-08T12:09:57.304+0000] {dag.py:2705} INFO - Sync 2 DAGs
[2023-04-08T12:09:57.312+0000] {logging_mixin.py:137} INFO - [2023-04-08T12:09:57.312+0000] {dag.py:3456} INFO - Setting next_dagrun for example_subdag_operator.section-1 to None, run_after=None
[2023-04-08T12:09:57.313+0000] {logging_mixin.py:137} INFO - [2023-04-08T12:09:57.312+0000] {dag.py:3456} INFO - Setting next_dagrun for example_subdag_operator.section-2 to None, run_after=None
[2023-04-08T12:09:57.328+0000] {processor.py:175} INFO - Processing /home/airflow/.local/lib/python3.7/site-packages/airflow/example_dags/example_subdag_operator.py took 0.160 seconds
[2023-04-08T12:10:27.549+0000] {processor.py:153} INFO - Started process (PID=950) to work on /home/airflow/.local/lib/python3.7/site-packages/airflow/example_dags/example_subdag_operator.py
[2023-04-08T12:10:27.550+0000] {processor.py:743} INFO - Processing file /home/airflow/.local/lib/python3.7/site-packages/airflow/example_dags/example_subdag_operator.py for tasks to queue
[2023-04-08T12:10:27.551+0000] {logging_mixin.py:137} INFO - [2023-04-08T12:10:27.551+0000] {dagbag.py:532} INFO - Filling up the DagBag from /home/airflow/.local/lib/python3.7/site-packages/airflow/example_dags/example_subdag_operator.py
[2023-04-08T12:10:27.593+0000] {processor.py:753} INFO - DAG(s) dict_keys(['example_subdag_operator.section-1', 'example_subdag_operator.section-2', 'example_subdag_operator']) retrieved from /home/airflow/.local/lib/python3.7/site-packages/airflow/example_dags/example_subdag_operator.py
[2023-04-08T12:10:27.623+0000] {logging_mixin.py:137} INFO - [2023-04-08T12:10:27.623+0000] {dag.py:2705} INFO - Sync 3 DAGs
[2023-04-08T12:10:27.663+0000] {logging_mixin.py:137} INFO - [2023-04-08T12:10:27.662+0000] {dag.py:3456} INFO - Setting next_dagrun for example_subdag_operator to 2022-01-01T00:00:00+00:00, run_after=2022-01-01T00:00:00+00:00
[2023-04-08T12:10:27.667+0000] {logging_mixin.py:137} INFO - [2023-04-08T12:10:27.667+0000] {dag.py:3456} INFO - Setting next_dagrun for example_subdag_operator.section-1 to None, run_after=None
[2023-04-08T12:10:27.669+0000] {logging_mixin.py:137} INFO - [2023-04-08T12:10:27.668+0000] {dag.py:3456} INFO - Setting next_dagrun for example_subdag_operator.section-2 to None, run_after=None
[2023-04-08T12:10:27.678+0000] {logging_mixin.py:137} INFO - [2023-04-08T12:10:27.678+0000] {dag.py:2705} INFO - Sync 2 DAGs
[2023-04-08T12:10:27.686+0000] {logging_mixin.py:137} INFO - [2023-04-08T12:10:27.685+0000] {dag.py:3456} INFO - Setting next_dagrun for example_subdag_operator.section-1 to None, run_after=None
[2023-04-08T12:10:27.686+0000] {logging_mixin.py:137} INFO - [2023-04-08T12:10:27.686+0000] {dag.py:3456} INFO - Setting next_dagrun for example_subdag_operator.section-2 to None, run_after=None
[2023-04-08T12:10:27.699+0000] {processor.py:175} INFO - Processing /home/airflow/.local/lib/python3.7/site-packages/airflow/example_dags/example_subdag_operator.py took 0.154 seconds
