[2023-04-08T12:01:26.660+0000] {processor.py:153} INFO - Started process (PID=71) to work on /home/airflow/.local/lib/python3.7/site-packages/airflow/example_dags/example_branch_operator.py
[2023-04-08T12:01:26.660+0000] {processor.py:743} INFO - Processing file /home/airflow/.local/lib/python3.7/site-packages/airflow/example_dags/example_branch_operator.py for tasks to queue
[2023-04-08T12:01:26.661+0000] {logging_mixin.py:137} INFO - [2023-04-08T12:01:26.661+0000] {dagbag.py:532} INFO - Filling up the DagBag from /home/airflow/.local/lib/python3.7/site-packages/airflow/example_dags/example_branch_operator.py
[2023-04-08T12:01:26.690+0000] {processor.py:753} INFO - DAG(s) dict_keys(['example_branch_operator']) retrieved from /home/airflow/.local/lib/python3.7/site-packages/airflow/example_dags/example_branch_operator.py
[2023-04-08T12:01:27.028+0000] {logging_mixin.py:137} INFO - [2023-04-08T12:01:27.028+0000] {manager.py:504} INFO - Created Permission View: can delete on DAG:example_branch_operator
[2023-04-08T12:01:27.058+0000] {logging_mixin.py:137} INFO - [2023-04-08T12:01:27.058+0000] {manager.py:504} INFO - Created Permission View: can edit on DAG:example_branch_operator
[2023-04-08T12:01:27.073+0000] {logging_mixin.py:137} INFO - [2023-04-08T12:01:27.073+0000] {manager.py:504} INFO - Created Permission View: can read on DAG:example_branch_operator
[2023-04-08T12:01:27.073+0000] {logging_mixin.py:137} INFO - [2023-04-08T12:01:27.073+0000] {dag.py:2705} INFO - Sync 1 DAGs
[2023-04-08T12:01:27.113+0000] {logging_mixin.py:137} INFO - [2023-04-08T12:01:27.113+0000] {dag.py:2726} INFO - Creating ORM DAG for example_branch_operator
[2023-04-08T12:01:27.147+0000] {logging_mixin.py:137} INFO - [2023-04-08T12:01:27.146+0000] {dag.py:3456} INFO - Setting next_dagrun for example_branch_operator to 2023-04-07T00:00:00+00:00, run_after=2023-04-08T00:00:00+00:00
[2023-04-08T12:01:27.199+0000] {processor.py:175} INFO - Processing /home/airflow/.local/lib/python3.7/site-packages/airflow/example_dags/example_branch_operator.py took 0.544 seconds
[2023-04-08T12:01:57.639+0000] {processor.py:153} INFO - Started process (PID=121) to work on /home/airflow/.local/lib/python3.7/site-packages/airflow/example_dags/example_branch_operator.py
[2023-04-08T12:01:57.640+0000] {processor.py:743} INFO - Processing file /home/airflow/.local/lib/python3.7/site-packages/airflow/example_dags/example_branch_operator.py for tasks to queue
[2023-04-08T12:01:57.641+0000] {logging_mixin.py:137} INFO - [2023-04-08T12:01:57.640+0000] {dagbag.py:532} INFO - Filling up the DagBag from /home/airflow/.local/lib/python3.7/site-packages/airflow/example_dags/example_branch_operator.py
[2023-04-08T12:01:57.657+0000] {processor.py:753} INFO - DAG(s) dict_keys(['example_branch_operator']) retrieved from /home/airflow/.local/lib/python3.7/site-packages/airflow/example_dags/example_branch_operator.py
[2023-04-08T12:01:57.683+0000] {logging_mixin.py:137} INFO - [2023-04-08T12:01:57.683+0000] {dag.py:2705} INFO - Sync 1 DAGs
[2023-04-08T12:01:57.709+0000] {logging_mixin.py:137} INFO - [2023-04-08T12:01:57.709+0000] {dag.py:3456} INFO - Setting next_dagrun for example_branch_operator to 2023-04-07T00:00:00+00:00, run_after=2023-04-08T00:00:00+00:00
[2023-04-08T12:01:57.726+0000] {processor.py:175} INFO - Processing /home/airflow/.local/lib/python3.7/site-packages/airflow/example_dags/example_branch_operator.py took 0.090 seconds
[2023-04-08T12:02:28.591+0000] {processor.py:153} INFO - Started process (PID=170) to work on /home/airflow/.local/lib/python3.7/site-packages/airflow/example_dags/example_branch_operator.py
[2023-04-08T12:02:28.592+0000] {processor.py:743} INFO - Processing file /home/airflow/.local/lib/python3.7/site-packages/airflow/example_dags/example_branch_operator.py for tasks to queue
[2023-04-08T12:02:28.593+0000] {logging_mixin.py:137} INFO - [2023-04-08T12:02:28.593+0000] {dagbag.py:532} INFO - Filling up the DagBag from /home/airflow/.local/lib/python3.7/site-packages/airflow/example_dags/example_branch_operator.py
[2023-04-08T12:02:28.618+0000] {processor.py:753} INFO - DAG(s) dict_keys(['example_branch_operator']) retrieved from /home/airflow/.local/lib/python3.7/site-packages/airflow/example_dags/example_branch_operator.py
[2023-04-08T12:02:28.660+0000] {logging_mixin.py:137} INFO - [2023-04-08T12:02:28.659+0000] {dag.py:2705} INFO - Sync 1 DAGs
[2023-04-08T12:02:28.707+0000] {logging_mixin.py:137} INFO - [2023-04-08T12:02:28.707+0000] {dag.py:3456} INFO - Setting next_dagrun for example_branch_operator to 2023-04-07T00:00:00+00:00, run_after=2023-04-08T00:00:00+00:00
[2023-04-08T12:02:28.731+0000] {processor.py:175} INFO - Processing /home/airflow/.local/lib/python3.7/site-packages/airflow/example_dags/example_branch_operator.py took 0.145 seconds
[2023-04-08T12:02:59.032+0000] {processor.py:153} INFO - Started process (PID=220) to work on /home/airflow/.local/lib/python3.7/site-packages/airflow/example_dags/example_branch_operator.py
[2023-04-08T12:02:59.033+0000] {processor.py:743} INFO - Processing file /home/airflow/.local/lib/python3.7/site-packages/airflow/example_dags/example_branch_operator.py for tasks to queue
[2023-04-08T12:02:59.034+0000] {logging_mixin.py:137} INFO - [2023-04-08T12:02:59.034+0000] {dagbag.py:532} INFO - Filling up the DagBag from /home/airflow/.local/lib/python3.7/site-packages/airflow/example_dags/example_branch_operator.py
[2023-04-08T12:02:59.060+0000] {processor.py:753} INFO - DAG(s) dict_keys(['example_branch_operator']) retrieved from /home/airflow/.local/lib/python3.7/site-packages/airflow/example_dags/example_branch_operator.py
[2023-04-08T12:02:59.103+0000] {logging_mixin.py:137} INFO - [2023-04-08T12:02:59.103+0000] {dag.py:2705} INFO - Sync 1 DAGs
[2023-04-08T12:02:59.145+0000] {logging_mixin.py:137} INFO - [2023-04-08T12:02:59.145+0000] {dag.py:3456} INFO - Setting next_dagrun for example_branch_operator to 2023-04-07T00:00:00+00:00, run_after=2023-04-08T00:00:00+00:00
[2023-04-08T12:02:59.168+0000] {processor.py:175} INFO - Processing /home/airflow/.local/lib/python3.7/site-packages/airflow/example_dags/example_branch_operator.py took 0.140 seconds
[2023-04-08T12:03:30.062+0000] {processor.py:153} INFO - Started process (PID=270) to work on /home/airflow/.local/lib/python3.7/site-packages/airflow/example_dags/example_branch_operator.py
[2023-04-08T12:03:30.069+0000] {processor.py:743} INFO - Processing file /home/airflow/.local/lib/python3.7/site-packages/airflow/example_dags/example_branch_operator.py for tasks to queue
[2023-04-08T12:03:30.070+0000] {logging_mixin.py:137} INFO - [2023-04-08T12:03:30.070+0000] {dagbag.py:532} INFO - Filling up the DagBag from /home/airflow/.local/lib/python3.7/site-packages/airflow/example_dags/example_branch_operator.py
[2023-04-08T12:03:30.166+0000] {processor.py:753} INFO - DAG(s) dict_keys(['example_branch_operator']) retrieved from /home/airflow/.local/lib/python3.7/site-packages/airflow/example_dags/example_branch_operator.py
[2023-04-08T12:03:30.302+0000] {logging_mixin.py:137} INFO - [2023-04-08T12:03:30.301+0000] {dag.py:2705} INFO - Sync 1 DAGs
[2023-04-08T12:03:30.430+0000] {logging_mixin.py:137} INFO - [2023-04-08T12:03:30.430+0000] {dag.py:3456} INFO - Setting next_dagrun for example_branch_operator to 2023-04-07T00:00:00+00:00, run_after=2023-04-08T00:00:00+00:00
[2023-04-08T12:03:30.532+0000] {processor.py:175} INFO - Processing /home/airflow/.local/lib/python3.7/site-packages/airflow/example_dags/example_branch_operator.py took 0.486 seconds
[2023-04-08T12:04:01.059+0000] {processor.py:153} INFO - Started process (PID=320) to work on /home/airflow/.local/lib/python3.7/site-packages/airflow/example_dags/example_branch_operator.py
[2023-04-08T12:04:01.060+0000] {processor.py:743} INFO - Processing file /home/airflow/.local/lib/python3.7/site-packages/airflow/example_dags/example_branch_operator.py for tasks to queue
[2023-04-08T12:04:01.061+0000] {logging_mixin.py:137} INFO - [2023-04-08T12:04:01.061+0000] {dagbag.py:532} INFO - Filling up the DagBag from /home/airflow/.local/lib/python3.7/site-packages/airflow/example_dags/example_branch_operator.py
[2023-04-08T12:04:01.085+0000] {processor.py:753} INFO - DAG(s) dict_keys(['example_branch_operator']) retrieved from /home/airflow/.local/lib/python3.7/site-packages/airflow/example_dags/example_branch_operator.py
[2023-04-08T12:04:01.124+0000] {logging_mixin.py:137} INFO - [2023-04-08T12:04:01.124+0000] {dag.py:2705} INFO - Sync 1 DAGs
[2023-04-08T12:04:01.168+0000] {logging_mixin.py:137} INFO - [2023-04-08T12:04:01.168+0000] {dag.py:3456} INFO - Setting next_dagrun for example_branch_operator to 2023-04-07T00:00:00+00:00, run_after=2023-04-08T00:00:00+00:00
[2023-04-08T12:04:01.192+0000] {processor.py:175} INFO - Processing /home/airflow/.local/lib/python3.7/site-packages/airflow/example_dags/example_branch_operator.py took 0.138 seconds
[2023-04-08T12:04:31.556+0000] {processor.py:153} INFO - Started process (PID=371) to work on /home/airflow/.local/lib/python3.7/site-packages/airflow/example_dags/example_branch_operator.py
[2023-04-08T12:04:31.557+0000] {processor.py:743} INFO - Processing file /home/airflow/.local/lib/python3.7/site-packages/airflow/example_dags/example_branch_operator.py for tasks to queue
[2023-04-08T12:04:31.558+0000] {logging_mixin.py:137} INFO - [2023-04-08T12:04:31.558+0000] {dagbag.py:532} INFO - Filling up the DagBag from /home/airflow/.local/lib/python3.7/site-packages/airflow/example_dags/example_branch_operator.py
[2023-04-08T12:04:31.584+0000] {processor.py:753} INFO - DAG(s) dict_keys(['example_branch_operator']) retrieved from /home/airflow/.local/lib/python3.7/site-packages/airflow/example_dags/example_branch_operator.py
[2023-04-08T12:04:31.625+0000] {logging_mixin.py:137} INFO - [2023-04-08T12:04:31.625+0000] {dag.py:2705} INFO - Sync 1 DAGs
[2023-04-08T12:04:31.667+0000] {logging_mixin.py:137} INFO - [2023-04-08T12:04:31.667+0000] {dag.py:3456} INFO - Setting next_dagrun for example_branch_operator to 2023-04-07T00:00:00+00:00, run_after=2023-04-08T00:00:00+00:00
[2023-04-08T12:04:31.691+0000] {processor.py:175} INFO - Processing /home/airflow/.local/lib/python3.7/site-packages/airflow/example_dags/example_branch_operator.py took 0.139 seconds
[2023-04-08T12:05:01.756+0000] {processor.py:153} INFO - Started process (PID=421) to work on /home/airflow/.local/lib/python3.7/site-packages/airflow/example_dags/example_branch_operator.py
[2023-04-08T12:05:01.757+0000] {processor.py:743} INFO - Processing file /home/airflow/.local/lib/python3.7/site-packages/airflow/example_dags/example_branch_operator.py for tasks to queue
[2023-04-08T12:05:01.757+0000] {logging_mixin.py:137} INFO - [2023-04-08T12:05:01.757+0000] {dagbag.py:532} INFO - Filling up the DagBag from /home/airflow/.local/lib/python3.7/site-packages/airflow/example_dags/example_branch_operator.py
[2023-04-08T12:05:01.774+0000] {processor.py:753} INFO - DAG(s) dict_keys(['example_branch_operator']) retrieved from /home/airflow/.local/lib/python3.7/site-packages/airflow/example_dags/example_branch_operator.py
[2023-04-08T12:05:01.801+0000] {logging_mixin.py:137} INFO - [2023-04-08T12:05:01.801+0000] {dag.py:2705} INFO - Sync 1 DAGs
[2023-04-08T12:05:01.828+0000] {logging_mixin.py:137} INFO - [2023-04-08T12:05:01.828+0000] {dag.py:3456} INFO - Setting next_dagrun for example_branch_operator to 2023-04-07T00:00:00+00:00, run_after=2023-04-08T00:00:00+00:00
[2023-04-08T12:05:01.847+0000] {processor.py:175} INFO - Processing /home/airflow/.local/lib/python3.7/site-packages/airflow/example_dags/example_branch_operator.py took 0.094 seconds
[2023-04-08T12:05:32.020+0000] {processor.py:153} INFO - Started process (PID=472) to work on /home/airflow/.local/lib/python3.7/site-packages/airflow/example_dags/example_branch_operator.py
[2023-04-08T12:05:32.021+0000] {processor.py:743} INFO - Processing file /home/airflow/.local/lib/python3.7/site-packages/airflow/example_dags/example_branch_operator.py for tasks to queue
[2023-04-08T12:05:32.022+0000] {logging_mixin.py:137} INFO - [2023-04-08T12:05:32.021+0000] {dagbag.py:532} INFO - Filling up the DagBag from /home/airflow/.local/lib/python3.7/site-packages/airflow/example_dags/example_branch_operator.py
[2023-04-08T12:05:32.038+0000] {processor.py:753} INFO - DAG(s) dict_keys(['example_branch_operator']) retrieved from /home/airflow/.local/lib/python3.7/site-packages/airflow/example_dags/example_branch_operator.py
[2023-04-08T12:05:32.064+0000] {logging_mixin.py:137} INFO - [2023-04-08T12:05:32.064+0000] {dag.py:2705} INFO - Sync 1 DAGs
[2023-04-08T12:05:32.090+0000] {logging_mixin.py:137} INFO - [2023-04-08T12:05:32.090+0000] {dag.py:3456} INFO - Setting next_dagrun for example_branch_operator to 2023-04-07T00:00:00+00:00, run_after=2023-04-08T00:00:00+00:00
[2023-04-08T12:05:32.108+0000] {processor.py:175} INFO - Processing /home/airflow/.local/lib/python3.7/site-packages/airflow/example_dags/example_branch_operator.py took 0.091 seconds
[2023-04-08T12:06:02.222+0000] {processor.py:153} INFO - Started process (PID=522) to work on /home/airflow/.local/lib/python3.7/site-packages/airflow/example_dags/example_branch_operator.py
[2023-04-08T12:06:02.223+0000] {processor.py:743} INFO - Processing file /home/airflow/.local/lib/python3.7/site-packages/airflow/example_dags/example_branch_operator.py for tasks to queue
[2023-04-08T12:06:02.223+0000] {logging_mixin.py:137} INFO - [2023-04-08T12:06:02.223+0000] {dagbag.py:532} INFO - Filling up the DagBag from /home/airflow/.local/lib/python3.7/site-packages/airflow/example_dags/example_branch_operator.py
[2023-04-08T12:06:02.240+0000] {processor.py:753} INFO - DAG(s) dict_keys(['example_branch_operator']) retrieved from /home/airflow/.local/lib/python3.7/site-packages/airflow/example_dags/example_branch_operator.py
[2023-04-08T12:06:02.267+0000] {logging_mixin.py:137} INFO - [2023-04-08T12:06:02.267+0000] {dag.py:2705} INFO - Sync 1 DAGs
[2023-04-08T12:06:02.295+0000] {logging_mixin.py:137} INFO - [2023-04-08T12:06:02.295+0000] {dag.py:3456} INFO - Setting next_dagrun for example_branch_operator to 2023-04-07T00:00:00+00:00, run_after=2023-04-08T00:00:00+00:00
[2023-04-08T12:06:02.313+0000] {processor.py:175} INFO - Processing /home/airflow/.local/lib/python3.7/site-packages/airflow/example_dags/example_branch_operator.py took 0.094 seconds
[2023-04-08T12:06:32.531+0000] {processor.py:153} INFO - Started process (PID=572) to work on /home/airflow/.local/lib/python3.7/site-packages/airflow/example_dags/example_branch_operator.py
[2023-04-08T12:06:32.532+0000] {processor.py:743} INFO - Processing file /home/airflow/.local/lib/python3.7/site-packages/airflow/example_dags/example_branch_operator.py for tasks to queue
[2023-04-08T12:06:32.533+0000] {logging_mixin.py:137} INFO - [2023-04-08T12:06:32.533+0000] {dagbag.py:532} INFO - Filling up the DagBag from /home/airflow/.local/lib/python3.7/site-packages/airflow/example_dags/example_branch_operator.py
[2023-04-08T12:06:32.549+0000] {processor.py:753} INFO - DAG(s) dict_keys(['example_branch_operator']) retrieved from /home/airflow/.local/lib/python3.7/site-packages/airflow/example_dags/example_branch_operator.py
[2023-04-08T12:06:32.576+0000] {logging_mixin.py:137} INFO - [2023-04-08T12:06:32.575+0000] {dag.py:2705} INFO - Sync 1 DAGs
[2023-04-08T12:06:32.601+0000] {logging_mixin.py:137} INFO - [2023-04-08T12:06:32.601+0000] {dag.py:3456} INFO - Setting next_dagrun for example_branch_operator to 2023-04-07T00:00:00+00:00, run_after=2023-04-08T00:00:00+00:00
[2023-04-08T12:06:32.618+0000] {processor.py:175} INFO - Processing /home/airflow/.local/lib/python3.7/site-packages/airflow/example_dags/example_branch_operator.py took 0.090 seconds
[2023-04-08T12:07:02.871+0000] {processor.py:153} INFO - Started process (PID=622) to work on /home/airflow/.local/lib/python3.7/site-packages/airflow/example_dags/example_branch_operator.py
[2023-04-08T12:07:02.872+0000] {processor.py:743} INFO - Processing file /home/airflow/.local/lib/python3.7/site-packages/airflow/example_dags/example_branch_operator.py for tasks to queue
[2023-04-08T12:07:02.873+0000] {logging_mixin.py:137} INFO - [2023-04-08T12:07:02.873+0000] {dagbag.py:532} INFO - Filling up the DagBag from /home/airflow/.local/lib/python3.7/site-packages/airflow/example_dags/example_branch_operator.py
[2023-04-08T12:07:02.892+0000] {processor.py:753} INFO - DAG(s) dict_keys(['example_branch_operator']) retrieved from /home/airflow/.local/lib/python3.7/site-packages/airflow/example_dags/example_branch_operator.py
[2023-04-08T12:07:02.921+0000] {logging_mixin.py:137} INFO - [2023-04-08T12:07:02.920+0000] {dag.py:2705} INFO - Sync 1 DAGs
[2023-04-08T12:07:02.948+0000] {logging_mixin.py:137} INFO - [2023-04-08T12:07:02.948+0000] {dag.py:3456} INFO - Setting next_dagrun for example_branch_operator to 2023-04-07T00:00:00+00:00, run_after=2023-04-08T00:00:00+00:00
[2023-04-08T12:07:02.966+0000] {processor.py:175} INFO - Processing /home/airflow/.local/lib/python3.7/site-packages/airflow/example_dags/example_branch_operator.py took 0.099 seconds
[2023-04-08T12:07:33.583+0000] {processor.py:153} INFO - Started process (PID=671) to work on /home/airflow/.local/lib/python3.7/site-packages/airflow/example_dags/example_branch_operator.py
[2023-04-08T12:07:33.584+0000] {processor.py:743} INFO - Processing file /home/airflow/.local/lib/python3.7/site-packages/airflow/example_dags/example_branch_operator.py for tasks to queue
[2023-04-08T12:07:33.585+0000] {logging_mixin.py:137} INFO - [2023-04-08T12:07:33.585+0000] {dagbag.py:532} INFO - Filling up the DagBag from /home/airflow/.local/lib/python3.7/site-packages/airflow/example_dags/example_branch_operator.py
[2023-04-08T12:07:33.610+0000] {processor.py:753} INFO - DAG(s) dict_keys(['example_branch_operator']) retrieved from /home/airflow/.local/lib/python3.7/site-packages/airflow/example_dags/example_branch_operator.py
[2023-04-08T12:07:33.650+0000] {logging_mixin.py:137} INFO - [2023-04-08T12:07:33.650+0000] {dag.py:2705} INFO - Sync 1 DAGs
[2023-04-08T12:07:33.693+0000] {logging_mixin.py:137} INFO - [2023-04-08T12:07:33.693+0000] {dag.py:3456} INFO - Setting next_dagrun for example_branch_operator to 2023-04-07T00:00:00+00:00, run_after=2023-04-08T00:00:00+00:00
[2023-04-08T12:07:33.717+0000] {processor.py:175} INFO - Processing /home/airflow/.local/lib/python3.7/site-packages/airflow/example_dags/example_branch_operator.py took 0.138 seconds
[2023-04-08T12:08:04.394+0000] {processor.py:153} INFO - Started process (PID=721) to work on /home/airflow/.local/lib/python3.7/site-packages/airflow/example_dags/example_branch_operator.py
[2023-04-08T12:08:04.395+0000] {processor.py:743} INFO - Processing file /home/airflow/.local/lib/python3.7/site-packages/airflow/example_dags/example_branch_operator.py for tasks to queue
[2023-04-08T12:08:04.396+0000] {logging_mixin.py:137} INFO - [2023-04-08T12:08:04.396+0000] {dagbag.py:532} INFO - Filling up the DagBag from /home/airflow/.local/lib/python3.7/site-packages/airflow/example_dags/example_branch_operator.py
[2023-04-08T12:08:04.421+0000] {processor.py:753} INFO - DAG(s) dict_keys(['example_branch_operator']) retrieved from /home/airflow/.local/lib/python3.7/site-packages/airflow/example_dags/example_branch_operator.py
[2023-04-08T12:08:04.460+0000] {logging_mixin.py:137} INFO - [2023-04-08T12:08:04.460+0000] {dag.py:2705} INFO - Sync 1 DAGs
[2023-04-08T12:08:04.505+0000] {logging_mixin.py:137} INFO - [2023-04-08T12:08:04.504+0000] {dag.py:3456} INFO - Setting next_dagrun for example_branch_operator to 2023-04-07T00:00:00+00:00, run_after=2023-04-08T00:00:00+00:00
[2023-04-08T12:08:04.533+0000] {processor.py:175} INFO - Processing /home/airflow/.local/lib/python3.7/site-packages/airflow/example_dags/example_branch_operator.py took 0.143 seconds
[2023-04-08T12:08:34.979+0000] {processor.py:153} INFO - Started process (PID=771) to work on /home/airflow/.local/lib/python3.7/site-packages/airflow/example_dags/example_branch_operator.py
[2023-04-08T12:08:34.990+0000] {processor.py:743} INFO - Processing file /home/airflow/.local/lib/python3.7/site-packages/airflow/example_dags/example_branch_operator.py for tasks to queue
[2023-04-08T12:08:34.997+0000] {logging_mixin.py:137} INFO - [2023-04-08T12:08:34.996+0000] {dagbag.py:532} INFO - Filling up the DagBag from /home/airflow/.local/lib/python3.7/site-packages/airflow/example_dags/example_branch_operator.py
[2023-04-08T12:08:35.088+0000] {processor.py:753} INFO - DAG(s) dict_keys(['example_branch_operator']) retrieved from /home/airflow/.local/lib/python3.7/site-packages/airflow/example_dags/example_branch_operator.py
[2023-04-08T12:08:35.188+0000] {logging_mixin.py:137} INFO - [2023-04-08T12:08:35.188+0000] {dag.py:2705} INFO - Sync 1 DAGs
[2023-04-08T12:08:35.264+0000] {logging_mixin.py:137} INFO - [2023-04-08T12:08:35.264+0000] {dag.py:3456} INFO - Setting next_dagrun for example_branch_operator to 2023-04-07T00:00:00+00:00, run_after=2023-04-08T00:00:00+00:00
[2023-04-08T12:08:35.311+0000] {processor.py:175} INFO - Processing /home/airflow/.local/lib/python3.7/site-packages/airflow/example_dags/example_branch_operator.py took 0.336 seconds
[2023-04-08T12:09:06.094+0000] {processor.py:153} INFO - Started process (PID=822) to work on /home/airflow/.local/lib/python3.7/site-packages/airflow/example_dags/example_branch_operator.py
[2023-04-08T12:09:06.095+0000] {processor.py:743} INFO - Processing file /home/airflow/.local/lib/python3.7/site-packages/airflow/example_dags/example_branch_operator.py for tasks to queue
[2023-04-08T12:09:06.096+0000] {logging_mixin.py:137} INFO - [2023-04-08T12:09:06.096+0000] {dagbag.py:532} INFO - Filling up the DagBag from /home/airflow/.local/lib/python3.7/site-packages/airflow/example_dags/example_branch_operator.py
[2023-04-08T12:09:06.156+0000] {processor.py:753} INFO - DAG(s) dict_keys(['example_branch_operator']) retrieved from /home/airflow/.local/lib/python3.7/site-packages/airflow/example_dags/example_branch_operator.py
[2023-04-08T12:09:06.290+0000] {logging_mixin.py:137} INFO - [2023-04-08T12:09:06.289+0000] {dag.py:2705} INFO - Sync 1 DAGs
[2023-04-08T12:09:06.373+0000] {logging_mixin.py:137} INFO - [2023-04-08T12:09:06.373+0000] {dag.py:3456} INFO - Setting next_dagrun for example_branch_operator to 2023-04-07T00:00:00+00:00, run_after=2023-04-08T00:00:00+00:00
[2023-04-08T12:09:06.453+0000] {processor.py:175} INFO - Processing /home/airflow/.local/lib/python3.7/site-packages/airflow/example_dags/example_branch_operator.py took 0.370 seconds
[2023-04-08T12:09:37.240+0000] {processor.py:153} INFO - Started process (PID=871) to work on /home/airflow/.local/lib/python3.7/site-packages/airflow/example_dags/example_branch_operator.py
[2023-04-08T12:09:37.241+0000] {processor.py:743} INFO - Processing file /home/airflow/.local/lib/python3.7/site-packages/airflow/example_dags/example_branch_operator.py for tasks to queue
[2023-04-08T12:09:37.242+0000] {logging_mixin.py:137} INFO - [2023-04-08T12:09:37.241+0000] {dagbag.py:532} INFO - Filling up the DagBag from /home/airflow/.local/lib/python3.7/site-packages/airflow/example_dags/example_branch_operator.py
[2023-04-08T12:09:37.289+0000] {processor.py:753} INFO - DAG(s) dict_keys(['example_branch_operator']) retrieved from /home/airflow/.local/lib/python3.7/site-packages/airflow/example_dags/example_branch_operator.py
[2023-04-08T12:09:37.364+0000] {logging_mixin.py:137} INFO - [2023-04-08T12:09:37.364+0000] {dag.py:2705} INFO - Sync 1 DAGs
[2023-04-08T12:09:37.448+0000] {logging_mixin.py:137} INFO - [2023-04-08T12:09:37.448+0000] {dag.py:3456} INFO - Setting next_dagrun for example_branch_operator to 2023-04-07T00:00:00+00:00, run_after=2023-04-08T00:00:00+00:00
[2023-04-08T12:09:37.501+0000] {processor.py:175} INFO - Processing /home/airflow/.local/lib/python3.7/site-packages/airflow/example_dags/example_branch_operator.py took 0.276 seconds
[2023-04-08T12:10:07.781+0000] {processor.py:153} INFO - Started process (PID=921) to work on /home/airflow/.local/lib/python3.7/site-packages/airflow/example_dags/example_branch_operator.py
[2023-04-08T12:10:07.784+0000] {processor.py:743} INFO - Processing file /home/airflow/.local/lib/python3.7/site-packages/airflow/example_dags/example_branch_operator.py for tasks to queue
[2023-04-08T12:10:07.785+0000] {logging_mixin.py:137} INFO - [2023-04-08T12:10:07.785+0000] {dagbag.py:532} INFO - Filling up the DagBag from /home/airflow/.local/lib/python3.7/site-packages/airflow/example_dags/example_branch_operator.py
[2023-04-08T12:10:07.818+0000] {processor.py:753} INFO - DAG(s) dict_keys(['example_branch_operator']) retrieved from /home/airflow/.local/lib/python3.7/site-packages/airflow/example_dags/example_branch_operator.py
[2023-04-08T12:10:07.883+0000] {logging_mixin.py:137} INFO - [2023-04-08T12:10:07.883+0000] {dag.py:2705} INFO - Sync 1 DAGs
[2023-04-08T12:10:08.061+0000] {logging_mixin.py:137} INFO - [2023-04-08T12:10:08.061+0000] {dag.py:3456} INFO - Setting next_dagrun for example_branch_operator to 2023-04-07T00:00:00+00:00, run_after=2023-04-08T00:00:00+00:00
[2023-04-08T12:10:08.120+0000] {processor.py:175} INFO - Processing /home/airflow/.local/lib/python3.7/site-packages/airflow/example_dags/example_branch_operator.py took 0.348 seconds
[2023-04-08T12:10:38.976+0000] {processor.py:153} INFO - Started process (PID=977) to work on /home/airflow/.local/lib/python3.7/site-packages/airflow/example_dags/example_branch_operator.py
[2023-04-08T12:10:38.977+0000] {processor.py:743} INFO - Processing file /home/airflow/.local/lib/python3.7/site-packages/airflow/example_dags/example_branch_operator.py for tasks to queue
[2023-04-08T12:10:38.978+0000] {logging_mixin.py:137} INFO - [2023-04-08T12:10:38.978+0000] {dagbag.py:532} INFO - Filling up the DagBag from /home/airflow/.local/lib/python3.7/site-packages/airflow/example_dags/example_branch_operator.py
[2023-04-08T12:10:39.003+0000] {processor.py:753} INFO - DAG(s) dict_keys(['example_branch_operator']) retrieved from /home/airflow/.local/lib/python3.7/site-packages/airflow/example_dags/example_branch_operator.py
[2023-04-08T12:10:39.044+0000] {logging_mixin.py:137} INFO - [2023-04-08T12:10:39.044+0000] {dag.py:2705} INFO - Sync 1 DAGs
[2023-04-08T12:10:39.089+0000] {logging_mixin.py:137} INFO - [2023-04-08T12:10:39.089+0000] {dag.py:3456} INFO - Setting next_dagrun for example_branch_operator to 2023-04-07T00:00:00+00:00, run_after=2023-04-08T00:00:00+00:00
[2023-04-08T12:10:39.113+0000] {processor.py:175} INFO - Processing /home/airflow/.local/lib/python3.7/site-packages/airflow/example_dags/example_branch_operator.py took 0.141 seconds
