[2023-04-08T12:01:19.867+0000] {processor.py:153} INFO - Started process (PID=56) to work on /home/airflow/.local/lib/python3.7/site-packages/airflow/example_dags/example_external_task_marker_dag.py
[2023-04-08T12:01:19.868+0000] {processor.py:743} INFO - Processing file /home/airflow/.local/lib/python3.7/site-packages/airflow/example_dags/example_external_task_marker_dag.py for tasks to queue
[2023-04-08T12:01:19.869+0000] {logging_mixin.py:137} INFO - [2023-04-08T12:01:19.868+0000] {dagbag.py:532} INFO - Filling up the DagBag from /home/airflow/.local/lib/python3.7/site-packages/airflow/example_dags/example_external_task_marker_dag.py
[2023-04-08T12:01:19.967+0000] {processor.py:753} INFO - DAG(s) dict_keys(['example_external_task_marker_parent', 'example_external_task_marker_child']) retrieved from /home/airflow/.local/lib/python3.7/site-packages/airflow/example_dags/example_external_task_marker_dag.py
[2023-04-08T12:01:20.546+0000] {logging_mixin.py:137} INFO - [2023-04-08T12:01:20.546+0000] {manager.py:504} INFO - Created Permission View: can delete on DAG:example_external_task_marker_parent
[2023-04-08T12:01:20.581+0000] {logging_mixin.py:137} INFO - [2023-04-08T12:01:20.581+0000] {manager.py:504} INFO - Created Permission View: can edit on DAG:example_external_task_marker_parent
[2023-04-08T12:01:20.622+0000] {logging_mixin.py:137} INFO - [2023-04-08T12:01:20.618+0000] {manager.py:504} INFO - Created Permission View: can read on DAG:example_external_task_marker_parent
[2023-04-08T12:01:20.703+0000] {logging_mixin.py:137} INFO - [2023-04-08T12:01:20.702+0000] {manager.py:504} INFO - Created Permission View: can delete on DAG:example_external_task_marker_child
[2023-04-08T12:01:20.725+0000] {logging_mixin.py:137} INFO - [2023-04-08T12:01:20.725+0000] {manager.py:504} INFO - Created Permission View: can edit on DAG:example_external_task_marker_child
[2023-04-08T12:01:20.753+0000] {logging_mixin.py:137} INFO - [2023-04-08T12:01:20.753+0000] {manager.py:504} INFO - Created Permission View: can read on DAG:example_external_task_marker_child
[2023-04-08T12:01:20.753+0000] {logging_mixin.py:137} INFO - [2023-04-08T12:01:20.753+0000] {dag.py:2705} INFO - Sync 2 DAGs
[2023-04-08T12:01:20.817+0000] {logging_mixin.py:137} INFO - [2023-04-08T12:01:20.817+0000] {dag.py:2726} INFO - Creating ORM DAG for example_external_task_marker_parent
[2023-04-08T12:01:20.818+0000] {logging_mixin.py:137} INFO - [2023-04-08T12:01:20.818+0000] {dag.py:2726} INFO - Creating ORM DAG for example_external_task_marker_child
[2023-04-08T12:01:20.894+0000] {logging_mixin.py:137} INFO - [2023-04-08T12:01:20.894+0000] {dag.py:3456} INFO - Setting next_dagrun for example_external_task_marker_child to None, run_after=None
[2023-04-08T12:01:20.895+0000] {logging_mixin.py:137} INFO - [2023-04-08T12:01:20.894+0000] {dag.py:3456} INFO - Setting next_dagrun for example_external_task_marker_parent to None, run_after=None
[2023-04-08T12:01:21.024+0000] {processor.py:175} INFO - Processing /home/airflow/.local/lib/python3.7/site-packages/airflow/example_dags/example_external_task_marker_dag.py took 1.178 seconds
[2023-04-08T12:01:51.500+0000] {processor.py:153} INFO - Started process (PID=106) to work on /home/airflow/.local/lib/python3.7/site-packages/airflow/example_dags/example_external_task_marker_dag.py
[2023-04-08T12:01:51.502+0000] {processor.py:743} INFO - Processing file /home/airflow/.local/lib/python3.7/site-packages/airflow/example_dags/example_external_task_marker_dag.py for tasks to queue
[2023-04-08T12:01:51.503+0000] {logging_mixin.py:137} INFO - [2023-04-08T12:01:51.503+0000] {dagbag.py:532} INFO - Filling up the DagBag from /home/airflow/.local/lib/python3.7/site-packages/airflow/example_dags/example_external_task_marker_dag.py
[2023-04-08T12:01:51.543+0000] {processor.py:753} INFO - DAG(s) dict_keys(['example_external_task_marker_parent', 'example_external_task_marker_child']) retrieved from /home/airflow/.local/lib/python3.7/site-packages/airflow/example_dags/example_external_task_marker_dag.py
[2023-04-08T12:01:51.593+0000] {logging_mixin.py:137} INFO - [2023-04-08T12:01:51.593+0000] {dag.py:2705} INFO - Sync 2 DAGs
[2023-04-08T12:01:51.632+0000] {logging_mixin.py:137} INFO - [2023-04-08T12:01:51.631+0000] {dag.py:3456} INFO - Setting next_dagrun for example_external_task_marker_child to None, run_after=None
[2023-04-08T12:01:51.639+0000] {logging_mixin.py:137} INFO - [2023-04-08T12:01:51.639+0000] {dag.py:3456} INFO - Setting next_dagrun for example_external_task_marker_parent to None, run_after=None
[2023-04-08T12:01:51.661+0000] {processor.py:175} INFO - Processing /home/airflow/.local/lib/python3.7/site-packages/airflow/example_dags/example_external_task_marker_dag.py took 0.169 seconds
[2023-04-08T12:02:22.264+0000] {processor.py:153} INFO - Started process (PID=155) to work on /home/airflow/.local/lib/python3.7/site-packages/airflow/example_dags/example_external_task_marker_dag.py
[2023-04-08T12:02:22.273+0000] {processor.py:743} INFO - Processing file /home/airflow/.local/lib/python3.7/site-packages/airflow/example_dags/example_external_task_marker_dag.py for tasks to queue
[2023-04-08T12:02:22.274+0000] {logging_mixin.py:137} INFO - [2023-04-08T12:02:22.274+0000] {dagbag.py:532} INFO - Filling up the DagBag from /home/airflow/.local/lib/python3.7/site-packages/airflow/example_dags/example_external_task_marker_dag.py
[2023-04-08T12:02:22.315+0000] {processor.py:753} INFO - DAG(s) dict_keys(['example_external_task_marker_parent', 'example_external_task_marker_child']) retrieved from /home/airflow/.local/lib/python3.7/site-packages/airflow/example_dags/example_external_task_marker_dag.py
[2023-04-08T12:02:22.441+0000] {logging_mixin.py:137} INFO - [2023-04-08T12:02:22.441+0000] {dag.py:2705} INFO - Sync 2 DAGs
[2023-04-08T12:02:22.558+0000] {logging_mixin.py:137} INFO - [2023-04-08T12:02:22.557+0000] {dag.py:3456} INFO - Setting next_dagrun for example_external_task_marker_child to None, run_after=None
[2023-04-08T12:02:22.570+0000] {logging_mixin.py:137} INFO - [2023-04-08T12:02:22.569+0000] {dag.py:3456} INFO - Setting next_dagrun for example_external_task_marker_parent to None, run_after=None
[2023-04-08T12:02:22.629+0000] {processor.py:175} INFO - Processing /home/airflow/.local/lib/python3.7/site-packages/airflow/example_dags/example_external_task_marker_dag.py took 0.377 seconds
[2023-04-08T12:02:53.046+0000] {processor.py:153} INFO - Started process (PID=205) to work on /home/airflow/.local/lib/python3.7/site-packages/airflow/example_dags/example_external_task_marker_dag.py
[2023-04-08T12:02:53.051+0000] {processor.py:743} INFO - Processing file /home/airflow/.local/lib/python3.7/site-packages/airflow/example_dags/example_external_task_marker_dag.py for tasks to queue
[2023-04-08T12:02:53.052+0000] {logging_mixin.py:137} INFO - [2023-04-08T12:02:53.052+0000] {dagbag.py:532} INFO - Filling up the DagBag from /home/airflow/.local/lib/python3.7/site-packages/airflow/example_dags/example_external_task_marker_dag.py
[2023-04-08T12:02:53.081+0000] {processor.py:753} INFO - DAG(s) dict_keys(['example_external_task_marker_parent', 'example_external_task_marker_child']) retrieved from /home/airflow/.local/lib/python3.7/site-packages/airflow/example_dags/example_external_task_marker_dag.py
[2023-04-08T12:02:53.157+0000] {logging_mixin.py:137} INFO - [2023-04-08T12:02:53.157+0000] {dag.py:2705} INFO - Sync 2 DAGs
[2023-04-08T12:02:53.225+0000] {logging_mixin.py:137} INFO - [2023-04-08T12:02:53.224+0000] {dag.py:3456} INFO - Setting next_dagrun for example_external_task_marker_child to None, run_after=None
[2023-04-08T12:02:53.234+0000] {logging_mixin.py:137} INFO - [2023-04-08T12:02:53.233+0000] {dag.py:3456} INFO - Setting next_dagrun for example_external_task_marker_parent to None, run_after=None
[2023-04-08T12:02:53.275+0000] {processor.py:175} INFO - Processing /home/airflow/.local/lib/python3.7/site-packages/airflow/example_dags/example_external_task_marker_dag.py took 0.251 seconds
[2023-04-08T12:03:23.346+0000] {processor.py:153} INFO - Started process (PID=255) to work on /home/airflow/.local/lib/python3.7/site-packages/airflow/example_dags/example_external_task_marker_dag.py
[2023-04-08T12:03:23.347+0000] {processor.py:743} INFO - Processing file /home/airflow/.local/lib/python3.7/site-packages/airflow/example_dags/example_external_task_marker_dag.py for tasks to queue
[2023-04-08T12:03:23.352+0000] {logging_mixin.py:137} INFO - [2023-04-08T12:03:23.348+0000] {dagbag.py:532} INFO - Filling up the DagBag from /home/airflow/.local/lib/python3.7/site-packages/airflow/example_dags/example_external_task_marker_dag.py
[2023-04-08T12:03:23.372+0000] {processor.py:753} INFO - DAG(s) dict_keys(['example_external_task_marker_child', 'example_external_task_marker_parent']) retrieved from /home/airflow/.local/lib/python3.7/site-packages/airflow/example_dags/example_external_task_marker_dag.py
[2023-04-08T12:03:23.409+0000] {logging_mixin.py:137} INFO - [2023-04-08T12:03:23.409+0000] {dag.py:2705} INFO - Sync 2 DAGs
[2023-04-08T12:03:23.448+0000] {logging_mixin.py:137} INFO - [2023-04-08T12:03:23.447+0000] {dag.py:3456} INFO - Setting next_dagrun for example_external_task_marker_child to None, run_after=None
[2023-04-08T12:03:23.452+0000] {logging_mixin.py:137} INFO - [2023-04-08T12:03:23.452+0000] {dag.py:3456} INFO - Setting next_dagrun for example_external_task_marker_parent to None, run_after=None
[2023-04-08T12:03:23.472+0000] {processor.py:175} INFO - Processing /home/airflow/.local/lib/python3.7/site-packages/airflow/example_dags/example_external_task_marker_dag.py took 0.131 seconds
[2023-04-08T12:03:53.827+0000] {processor.py:153} INFO - Started process (PID=305) to work on /home/airflow/.local/lib/python3.7/site-packages/airflow/example_dags/example_external_task_marker_dag.py
[2023-04-08T12:03:53.828+0000] {processor.py:743} INFO - Processing file /home/airflow/.local/lib/python3.7/site-packages/airflow/example_dags/example_external_task_marker_dag.py for tasks to queue
[2023-04-08T12:03:53.828+0000] {logging_mixin.py:137} INFO - [2023-04-08T12:03:53.828+0000] {dagbag.py:532} INFO - Filling up the DagBag from /home/airflow/.local/lib/python3.7/site-packages/airflow/example_dags/example_external_task_marker_dag.py
[2023-04-08T12:03:53.854+0000] {processor.py:753} INFO - DAG(s) dict_keys(['example_external_task_marker_child', 'example_external_task_marker_parent']) retrieved from /home/airflow/.local/lib/python3.7/site-packages/airflow/example_dags/example_external_task_marker_dag.py
[2023-04-08T12:03:53.891+0000] {logging_mixin.py:137} INFO - [2023-04-08T12:03:53.890+0000] {dag.py:2705} INFO - Sync 2 DAGs
[2023-04-08T12:03:53.930+0000] {logging_mixin.py:137} INFO - [2023-04-08T12:03:53.930+0000] {dag.py:3456} INFO - Setting next_dagrun for example_external_task_marker_child to None, run_after=None
[2023-04-08T12:03:53.935+0000] {logging_mixin.py:137} INFO - [2023-04-08T12:03:53.935+0000] {dag.py:3456} INFO - Setting next_dagrun for example_external_task_marker_parent to None, run_after=None
[2023-04-08T12:03:53.954+0000] {processor.py:175} INFO - Processing /home/airflow/.local/lib/python3.7/site-packages/airflow/example_dags/example_external_task_marker_dag.py took 0.133 seconds
[2023-04-08T12:04:24.095+0000] {processor.py:153} INFO - Started process (PID=356) to work on /home/airflow/.local/lib/python3.7/site-packages/airflow/example_dags/example_external_task_marker_dag.py
[2023-04-08T12:04:24.096+0000] {processor.py:743} INFO - Processing file /home/airflow/.local/lib/python3.7/site-packages/airflow/example_dags/example_external_task_marker_dag.py for tasks to queue
[2023-04-08T12:04:24.097+0000] {logging_mixin.py:137} INFO - [2023-04-08T12:04:24.096+0000] {dagbag.py:532} INFO - Filling up the DagBag from /home/airflow/.local/lib/python3.7/site-packages/airflow/example_dags/example_external_task_marker_dag.py
[2023-04-08T12:04:24.122+0000] {processor.py:753} INFO - DAG(s) dict_keys(['example_external_task_marker_parent', 'example_external_task_marker_child']) retrieved from /home/airflow/.local/lib/python3.7/site-packages/airflow/example_dags/example_external_task_marker_dag.py
[2023-04-08T12:04:24.160+0000] {logging_mixin.py:137} INFO - [2023-04-08T12:04:24.159+0000] {dag.py:2705} INFO - Sync 2 DAGs
[2023-04-08T12:04:24.199+0000] {logging_mixin.py:137} INFO - [2023-04-08T12:04:24.199+0000] {dag.py:3456} INFO - Setting next_dagrun for example_external_task_marker_child to None, run_after=None
[2023-04-08T12:04:24.204+0000] {logging_mixin.py:137} INFO - [2023-04-08T12:04:24.204+0000] {dag.py:3456} INFO - Setting next_dagrun for example_external_task_marker_parent to None, run_after=None
[2023-04-08T12:04:24.222+0000] {processor.py:175} INFO - Processing /home/airflow/.local/lib/python3.7/site-packages/airflow/example_dags/example_external_task_marker_dag.py took 0.132 seconds
[2023-04-08T12:04:54.575+0000] {processor.py:153} INFO - Started process (PID=406) to work on /home/airflow/.local/lib/python3.7/site-packages/airflow/example_dags/example_external_task_marker_dag.py
[2023-04-08T12:04:54.576+0000] {processor.py:743} INFO - Processing file /home/airflow/.local/lib/python3.7/site-packages/airflow/example_dags/example_external_task_marker_dag.py for tasks to queue
[2023-04-08T12:04:54.577+0000] {logging_mixin.py:137} INFO - [2023-04-08T12:04:54.577+0000] {dagbag.py:532} INFO - Filling up the DagBag from /home/airflow/.local/lib/python3.7/site-packages/airflow/example_dags/example_external_task_marker_dag.py
[2023-04-08T12:04:54.595+0000] {processor.py:753} INFO - DAG(s) dict_keys(['example_external_task_marker_child', 'example_external_task_marker_parent']) retrieved from /home/airflow/.local/lib/python3.7/site-packages/airflow/example_dags/example_external_task_marker_dag.py
[2023-04-08T12:04:54.633+0000] {logging_mixin.py:137} INFO - [2023-04-08T12:04:54.633+0000] {dag.py:2705} INFO - Sync 2 DAGs
[2023-04-08T12:04:54.678+0000] {logging_mixin.py:137} INFO - [2023-04-08T12:04:54.678+0000] {dag.py:3456} INFO - Setting next_dagrun for example_external_task_marker_child to None, run_after=None
[2023-04-08T12:04:54.683+0000] {logging_mixin.py:137} INFO - [2023-04-08T12:04:54.683+0000] {dag.py:3456} INFO - Setting next_dagrun for example_external_task_marker_parent to None, run_after=None
[2023-04-08T12:04:54.717+0000] {processor.py:175} INFO - Processing /home/airflow/.local/lib/python3.7/site-packages/airflow/example_dags/example_external_task_marker_dag.py took 0.147 seconds
[2023-04-08T12:05:24.885+0000] {processor.py:153} INFO - Started process (PID=457) to work on /home/airflow/.local/lib/python3.7/site-packages/airflow/example_dags/example_external_task_marker_dag.py
[2023-04-08T12:05:24.885+0000] {processor.py:743} INFO - Processing file /home/airflow/.local/lib/python3.7/site-packages/airflow/example_dags/example_external_task_marker_dag.py for tasks to queue
[2023-04-08T12:05:24.886+0000] {logging_mixin.py:137} INFO - [2023-04-08T12:05:24.886+0000] {dagbag.py:532} INFO - Filling up the DagBag from /home/airflow/.local/lib/python3.7/site-packages/airflow/example_dags/example_external_task_marker_dag.py
[2023-04-08T12:05:24.912+0000] {processor.py:753} INFO - DAG(s) dict_keys(['example_external_task_marker_parent', 'example_external_task_marker_child']) retrieved from /home/airflow/.local/lib/python3.7/site-packages/airflow/example_dags/example_external_task_marker_dag.py
[2023-04-08T12:05:24.949+0000] {logging_mixin.py:137} INFO - [2023-04-08T12:05:24.949+0000] {dag.py:2705} INFO - Sync 2 DAGs
[2023-04-08T12:05:24.987+0000] {logging_mixin.py:137} INFO - [2023-04-08T12:05:24.987+0000] {dag.py:3456} INFO - Setting next_dagrun for example_external_task_marker_child to None, run_after=None
[2023-04-08T12:05:24.992+0000] {logging_mixin.py:137} INFO - [2023-04-08T12:05:24.992+0000] {dag.py:3456} INFO - Setting next_dagrun for example_external_task_marker_parent to None, run_after=None
[2023-04-08T12:05:25.011+0000] {processor.py:175} INFO - Processing /home/airflow/.local/lib/python3.7/site-packages/airflow/example_dags/example_external_task_marker_dag.py took 0.131 seconds
[2023-04-08T12:05:55.184+0000] {processor.py:153} INFO - Started process (PID=507) to work on /home/airflow/.local/lib/python3.7/site-packages/airflow/example_dags/example_external_task_marker_dag.py
[2023-04-08T12:05:55.186+0000] {processor.py:743} INFO - Processing file /home/airflow/.local/lib/python3.7/site-packages/airflow/example_dags/example_external_task_marker_dag.py for tasks to queue
[2023-04-08T12:05:55.186+0000] {logging_mixin.py:137} INFO - [2023-04-08T12:05:55.186+0000] {dagbag.py:532} INFO - Filling up the DagBag from /home/airflow/.local/lib/python3.7/site-packages/airflow/example_dags/example_external_task_marker_dag.py
[2023-04-08T12:05:55.211+0000] {processor.py:753} INFO - DAG(s) dict_keys(['example_external_task_marker_parent', 'example_external_task_marker_child']) retrieved from /home/airflow/.local/lib/python3.7/site-packages/airflow/example_dags/example_external_task_marker_dag.py
[2023-04-08T12:05:55.248+0000] {logging_mixin.py:137} INFO - [2023-04-08T12:05:55.248+0000] {dag.py:2705} INFO - Sync 2 DAGs
[2023-04-08T12:05:55.288+0000] {logging_mixin.py:137} INFO - [2023-04-08T12:05:55.287+0000] {dag.py:3456} INFO - Setting next_dagrun for example_external_task_marker_child to None, run_after=None
[2023-04-08T12:05:55.292+0000] {logging_mixin.py:137} INFO - [2023-04-08T12:05:55.292+0000] {dag.py:3456} INFO - Setting next_dagrun for example_external_task_marker_parent to None, run_after=None
[2023-04-08T12:05:55.311+0000] {processor.py:175} INFO - Processing /home/airflow/.local/lib/python3.7/site-packages/airflow/example_dags/example_external_task_marker_dag.py took 0.132 seconds
[2023-04-08T12:06:26.066+0000] {processor.py:153} INFO - Started process (PID=557) to work on /home/airflow/.local/lib/python3.7/site-packages/airflow/example_dags/example_external_task_marker_dag.py
[2023-04-08T12:06:26.067+0000] {processor.py:743} INFO - Processing file /home/airflow/.local/lib/python3.7/site-packages/airflow/example_dags/example_external_task_marker_dag.py for tasks to queue
[2023-04-08T12:06:26.067+0000] {logging_mixin.py:137} INFO - [2023-04-08T12:06:26.067+0000] {dagbag.py:532} INFO - Filling up the DagBag from /home/airflow/.local/lib/python3.7/site-packages/airflow/example_dags/example_external_task_marker_dag.py
[2023-04-08T12:06:26.090+0000] {processor.py:753} INFO - DAG(s) dict_keys(['example_external_task_marker_parent', 'example_external_task_marker_child']) retrieved from /home/airflow/.local/lib/python3.7/site-packages/airflow/example_dags/example_external_task_marker_dag.py
[2023-04-08T12:06:26.128+0000] {logging_mixin.py:137} INFO - [2023-04-08T12:06:26.128+0000] {dag.py:2705} INFO - Sync 2 DAGs
[2023-04-08T12:06:26.167+0000] {logging_mixin.py:137} INFO - [2023-04-08T12:06:26.167+0000] {dag.py:3456} INFO - Setting next_dagrun for example_external_task_marker_child to None, run_after=None
[2023-04-08T12:06:26.172+0000] {logging_mixin.py:137} INFO - [2023-04-08T12:06:26.171+0000] {dag.py:3456} INFO - Setting next_dagrun for example_external_task_marker_parent to None, run_after=None
[2023-04-08T12:06:26.190+0000] {processor.py:175} INFO - Processing /home/airflow/.local/lib/python3.7/site-packages/airflow/example_dags/example_external_task_marker_dag.py took 0.133 seconds
[2023-04-08T12:06:56.377+0000] {processor.py:153} INFO - Started process (PID=607) to work on /home/airflow/.local/lib/python3.7/site-packages/airflow/example_dags/example_external_task_marker_dag.py
[2023-04-08T12:06:56.378+0000] {processor.py:743} INFO - Processing file /home/airflow/.local/lib/python3.7/site-packages/airflow/example_dags/example_external_task_marker_dag.py for tasks to queue
[2023-04-08T12:06:56.379+0000] {logging_mixin.py:137} INFO - [2023-04-08T12:06:56.379+0000] {dagbag.py:532} INFO - Filling up the DagBag from /home/airflow/.local/lib/python3.7/site-packages/airflow/example_dags/example_external_task_marker_dag.py
[2023-04-08T12:06:56.412+0000] {processor.py:753} INFO - DAG(s) dict_keys(['example_external_task_marker_parent', 'example_external_task_marker_child']) retrieved from /home/airflow/.local/lib/python3.7/site-packages/airflow/example_dags/example_external_task_marker_dag.py
[2023-04-08T12:06:56.510+0000] {logging_mixin.py:137} INFO - [2023-04-08T12:06:56.509+0000] {dag.py:2705} INFO - Sync 2 DAGs
[2023-04-08T12:06:56.586+0000] {logging_mixin.py:137} INFO - [2023-04-08T12:06:56.586+0000] {dag.py:3456} INFO - Setting next_dagrun for example_external_task_marker_child to None, run_after=None
[2023-04-08T12:06:56.596+0000] {logging_mixin.py:137} INFO - [2023-04-08T12:06:56.596+0000] {dag.py:3456} INFO - Setting next_dagrun for example_external_task_marker_parent to None, run_after=None
[2023-04-08T12:06:56.618+0000] {processor.py:175} INFO - Processing /home/airflow/.local/lib/python3.7/site-packages/airflow/example_dags/example_external_task_marker_dag.py took 0.253 seconds
[2023-04-08T12:07:27.250+0000] {processor.py:153} INFO - Started process (PID=656) to work on /home/airflow/.local/lib/python3.7/site-packages/airflow/example_dags/example_external_task_marker_dag.py
[2023-04-08T12:07:27.251+0000] {processor.py:743} INFO - Processing file /home/airflow/.local/lib/python3.7/site-packages/airflow/example_dags/example_external_task_marker_dag.py for tasks to queue
[2023-04-08T12:07:27.251+0000] {logging_mixin.py:137} INFO - [2023-04-08T12:07:27.251+0000] {dagbag.py:532} INFO - Filling up the DagBag from /home/airflow/.local/lib/python3.7/site-packages/airflow/example_dags/example_external_task_marker_dag.py
[2023-04-08T12:07:27.324+0000] {processor.py:753} INFO - DAG(s) dict_keys(['example_external_task_marker_child', 'example_external_task_marker_parent']) retrieved from /home/airflow/.local/lib/python3.7/site-packages/airflow/example_dags/example_external_task_marker_dag.py
[2023-04-08T12:07:27.375+0000] {logging_mixin.py:137} INFO - [2023-04-08T12:07:27.375+0000] {dag.py:2705} INFO - Sync 2 DAGs
[2023-04-08T12:07:27.414+0000] {logging_mixin.py:137} INFO - [2023-04-08T12:07:27.414+0000] {dag.py:3456} INFO - Setting next_dagrun for example_external_task_marker_child to None, run_after=None
[2023-04-08T12:07:27.418+0000] {logging_mixin.py:137} INFO - [2023-04-08T12:07:27.418+0000] {dag.py:3456} INFO - Setting next_dagrun for example_external_task_marker_parent to None, run_after=None
[2023-04-08T12:07:27.441+0000] {processor.py:175} INFO - Processing /home/airflow/.local/lib/python3.7/site-packages/airflow/example_dags/example_external_task_marker_dag.py took 0.195 seconds
[2023-04-08T12:07:57.562+0000] {processor.py:153} INFO - Started process (PID=706) to work on /home/airflow/.local/lib/python3.7/site-packages/airflow/example_dags/example_external_task_marker_dag.py
[2023-04-08T12:07:57.563+0000] {processor.py:743} INFO - Processing file /home/airflow/.local/lib/python3.7/site-packages/airflow/example_dags/example_external_task_marker_dag.py for tasks to queue
[2023-04-08T12:07:57.564+0000] {logging_mixin.py:137} INFO - [2023-04-08T12:07:57.564+0000] {dagbag.py:532} INFO - Filling up the DagBag from /home/airflow/.local/lib/python3.7/site-packages/airflow/example_dags/example_external_task_marker_dag.py
[2023-04-08T12:07:57.582+0000] {processor.py:753} INFO - DAG(s) dict_keys(['example_external_task_marker_child', 'example_external_task_marker_parent']) retrieved from /home/airflow/.local/lib/python3.7/site-packages/airflow/example_dags/example_external_task_marker_dag.py
[2023-04-08T12:07:57.619+0000] {logging_mixin.py:137} INFO - [2023-04-08T12:07:57.619+0000] {dag.py:2705} INFO - Sync 2 DAGs
[2023-04-08T12:07:57.655+0000] {logging_mixin.py:137} INFO - [2023-04-08T12:07:57.655+0000] {dag.py:3456} INFO - Setting next_dagrun for example_external_task_marker_child to None, run_after=None
[2023-04-08T12:07:57.658+0000] {logging_mixin.py:137} INFO - [2023-04-08T12:07:57.658+0000] {dag.py:3456} INFO - Setting next_dagrun for example_external_task_marker_parent to None, run_after=None
[2023-04-08T12:07:57.672+0000] {processor.py:175} INFO - Processing /home/airflow/.local/lib/python3.7/site-packages/airflow/example_dags/example_external_task_marker_dag.py took 0.115 seconds
[2023-04-08T12:08:27.987+0000] {processor.py:153} INFO - Started process (PID=756) to work on /home/airflow/.local/lib/python3.7/site-packages/airflow/example_dags/example_external_task_marker_dag.py
[2023-04-08T12:08:27.988+0000] {processor.py:743} INFO - Processing file /home/airflow/.local/lib/python3.7/site-packages/airflow/example_dags/example_external_task_marker_dag.py for tasks to queue
[2023-04-08T12:08:27.988+0000] {logging_mixin.py:137} INFO - [2023-04-08T12:08:27.988+0000] {dagbag.py:532} INFO - Filling up the DagBag from /home/airflow/.local/lib/python3.7/site-packages/airflow/example_dags/example_external_task_marker_dag.py
[2023-04-08T12:08:28.006+0000] {processor.py:753} INFO - DAG(s) dict_keys(['example_external_task_marker_child', 'example_external_task_marker_parent']) retrieved from /home/airflow/.local/lib/python3.7/site-packages/airflow/example_dags/example_external_task_marker_dag.py
[2023-04-08T12:08:28.045+0000] {logging_mixin.py:137} INFO - [2023-04-08T12:08:28.044+0000] {dag.py:2705} INFO - Sync 2 DAGs
[2023-04-08T12:08:28.078+0000] {logging_mixin.py:137} INFO - [2023-04-08T12:08:28.078+0000] {dag.py:3456} INFO - Setting next_dagrun for example_external_task_marker_child to None, run_after=None
[2023-04-08T12:08:28.082+0000] {logging_mixin.py:137} INFO - [2023-04-08T12:08:28.081+0000] {dag.py:3456} INFO - Setting next_dagrun for example_external_task_marker_parent to None, run_after=None
[2023-04-08T12:08:28.096+0000] {processor.py:175} INFO - Processing /home/airflow/.local/lib/python3.7/site-packages/airflow/example_dags/example_external_task_marker_dag.py took 0.114 seconds
[2023-04-08T12:08:58.697+0000] {processor.py:153} INFO - Started process (PID=807) to work on /home/airflow/.local/lib/python3.7/site-packages/airflow/example_dags/example_external_task_marker_dag.py
[2023-04-08T12:08:58.698+0000] {processor.py:743} INFO - Processing file /home/airflow/.local/lib/python3.7/site-packages/airflow/example_dags/example_external_task_marker_dag.py for tasks to queue
[2023-04-08T12:08:58.698+0000] {logging_mixin.py:137} INFO - [2023-04-08T12:08:58.698+0000] {dagbag.py:532} INFO - Filling up the DagBag from /home/airflow/.local/lib/python3.7/site-packages/airflow/example_dags/example_external_task_marker_dag.py
[2023-04-08T12:08:58.718+0000] {processor.py:753} INFO - DAG(s) dict_keys(['example_external_task_marker_parent', 'example_external_task_marker_child']) retrieved from /home/airflow/.local/lib/python3.7/site-packages/airflow/example_dags/example_external_task_marker_dag.py
[2023-04-08T12:08:58.755+0000] {logging_mixin.py:137} INFO - [2023-04-08T12:08:58.755+0000] {dag.py:2705} INFO - Sync 2 DAGs
[2023-04-08T12:08:58.793+0000] {logging_mixin.py:137} INFO - [2023-04-08T12:08:58.793+0000] {dag.py:3456} INFO - Setting next_dagrun for example_external_task_marker_child to None, run_after=None
[2023-04-08T12:08:58.798+0000] {logging_mixin.py:137} INFO - [2023-04-08T12:08:58.797+0000] {dag.py:3456} INFO - Setting next_dagrun for example_external_task_marker_parent to None, run_after=None
[2023-04-08T12:08:58.818+0000] {processor.py:175} INFO - Processing /home/airflow/.local/lib/python3.7/site-packages/airflow/example_dags/example_external_task_marker_dag.py took 0.125 seconds
[2023-04-08T12:09:28.975+0000] {processor.py:153} INFO - Started process (PID=856) to work on /home/airflow/.local/lib/python3.7/site-packages/airflow/example_dags/example_external_task_marker_dag.py
[2023-04-08T12:09:28.976+0000] {processor.py:743} INFO - Processing file /home/airflow/.local/lib/python3.7/site-packages/airflow/example_dags/example_external_task_marker_dag.py for tasks to queue
[2023-04-08T12:09:28.976+0000] {logging_mixin.py:137} INFO - [2023-04-08T12:09:28.976+0000] {dagbag.py:532} INFO - Filling up the DagBag from /home/airflow/.local/lib/python3.7/site-packages/airflow/example_dags/example_external_task_marker_dag.py
[2023-04-08T12:09:28.994+0000] {processor.py:753} INFO - DAG(s) dict_keys(['example_external_task_marker_child', 'example_external_task_marker_parent']) retrieved from /home/airflow/.local/lib/python3.7/site-packages/airflow/example_dags/example_external_task_marker_dag.py
[2023-04-08T12:09:29.032+0000] {logging_mixin.py:137} INFO - [2023-04-08T12:09:29.031+0000] {dag.py:2705} INFO - Sync 2 DAGs
[2023-04-08T12:09:29.068+0000] {logging_mixin.py:137} INFO - [2023-04-08T12:09:29.068+0000] {dag.py:3456} INFO - Setting next_dagrun for example_external_task_marker_child to None, run_after=None
[2023-04-08T12:09:29.071+0000] {logging_mixin.py:137} INFO - [2023-04-08T12:09:29.071+0000] {dag.py:3456} INFO - Setting next_dagrun for example_external_task_marker_parent to None, run_after=None
[2023-04-08T12:09:29.085+0000] {processor.py:175} INFO - Processing /home/airflow/.local/lib/python3.7/site-packages/airflow/example_dags/example_external_task_marker_dag.py took 0.116 seconds
[2023-04-08T12:09:59.570+0000] {processor.py:153} INFO - Started process (PID=906) to work on /home/airflow/.local/lib/python3.7/site-packages/airflow/example_dags/example_external_task_marker_dag.py
[2023-04-08T12:09:59.571+0000] {processor.py:743} INFO - Processing file /home/airflow/.local/lib/python3.7/site-packages/airflow/example_dags/example_external_task_marker_dag.py for tasks to queue
[2023-04-08T12:09:59.574+0000] {logging_mixin.py:137} INFO - [2023-04-08T12:09:59.574+0000] {dagbag.py:532} INFO - Filling up the DagBag from /home/airflow/.local/lib/python3.7/site-packages/airflow/example_dags/example_external_task_marker_dag.py
[2023-04-08T12:09:59.592+0000] {processor.py:753} INFO - DAG(s) dict_keys(['example_external_task_marker_child', 'example_external_task_marker_parent']) retrieved from /home/airflow/.local/lib/python3.7/site-packages/airflow/example_dags/example_external_task_marker_dag.py
[2023-04-08T12:09:59.630+0000] {logging_mixin.py:137} INFO - [2023-04-08T12:09:59.629+0000] {dag.py:2705} INFO - Sync 2 DAGs
[2023-04-08T12:09:59.664+0000] {logging_mixin.py:137} INFO - [2023-04-08T12:09:59.664+0000] {dag.py:3456} INFO - Setting next_dagrun for example_external_task_marker_child to None, run_after=None
[2023-04-08T12:09:59.667+0000] {logging_mixin.py:137} INFO - [2023-04-08T12:09:59.667+0000] {dag.py:3456} INFO - Setting next_dagrun for example_external_task_marker_parent to None, run_after=None
[2023-04-08T12:09:59.682+0000] {processor.py:175} INFO - Processing /home/airflow/.local/lib/python3.7/site-packages/airflow/example_dags/example_external_task_marker_dag.py took 0.116 seconds
[2023-04-08T12:10:30.026+0000] {processor.py:153} INFO - Started process (PID=955) to work on /home/airflow/.local/lib/python3.7/site-packages/airflow/example_dags/example_external_task_marker_dag.py
[2023-04-08T12:10:30.027+0000] {processor.py:743} INFO - Processing file /home/airflow/.local/lib/python3.7/site-packages/airflow/example_dags/example_external_task_marker_dag.py for tasks to queue
[2023-04-08T12:10:30.027+0000] {logging_mixin.py:137} INFO - [2023-04-08T12:10:30.027+0000] {dagbag.py:532} INFO - Filling up the DagBag from /home/airflow/.local/lib/python3.7/site-packages/airflow/example_dags/example_external_task_marker_dag.py
[2023-04-08T12:10:30.040+0000] {processor.py:753} INFO - DAG(s) dict_keys(['example_external_task_marker_child', 'example_external_task_marker_parent']) retrieved from /home/airflow/.local/lib/python3.7/site-packages/airflow/example_dags/example_external_task_marker_dag.py
[2023-04-08T12:10:30.067+0000] {logging_mixin.py:137} INFO - [2023-04-08T12:10:30.067+0000] {dag.py:2705} INFO - Sync 2 DAGs
[2023-04-08T12:10:30.092+0000] {logging_mixin.py:137} INFO - [2023-04-08T12:10:30.092+0000] {dag.py:3456} INFO - Setting next_dagrun for example_external_task_marker_child to None, run_after=None
[2023-04-08T12:10:30.095+0000] {logging_mixin.py:137} INFO - [2023-04-08T12:10:30.095+0000] {dag.py:3456} INFO - Setting next_dagrun for example_external_task_marker_parent to None, run_after=None
[2023-04-08T12:10:30.110+0000] {processor.py:175} INFO - Processing /home/airflow/.local/lib/python3.7/site-packages/airflow/example_dags/example_external_task_marker_dag.py took 0.087 seconds
