[2023-04-08T12:01:18.860+0000] {processor.py:153} INFO - Started process (PID=54) to work on /home/airflow/.local/lib/python3.7/site-packages/airflow/example_dags/example_trigger_target_dag.py
[2023-04-08T12:01:18.861+0000] {processor.py:743} INFO - Processing file /home/airflow/.local/lib/python3.7/site-packages/airflow/example_dags/example_trigger_target_dag.py for tasks to queue
[2023-04-08T12:01:18.869+0000] {logging_mixin.py:137} INFO - [2023-04-08T12:01:18.869+0000] {dagbag.py:532} INFO - Filling up the DagBag from /home/airflow/.local/lib/python3.7/site-packages/airflow/example_dags/example_trigger_target_dag.py
[2023-04-08T12:01:18.966+0000] {processor.py:753} INFO - DAG(s) dict_keys(['example_trigger_target_dag']) retrieved from /home/airflow/.local/lib/python3.7/site-packages/airflow/example_dags/example_trigger_target_dag.py
[2023-04-08T12:01:19.511+0000] {logging_mixin.py:137} INFO - [2023-04-08T12:01:19.510+0000] {manager.py:504} INFO - Created Permission View: can delete on DAG:example_trigger_target_dag
[2023-04-08T12:01:19.534+0000] {logging_mixin.py:137} INFO - [2023-04-08T12:01:19.533+0000] {manager.py:504} INFO - Created Permission View: can edit on DAG:example_trigger_target_dag
[2023-04-08T12:01:19.562+0000] {logging_mixin.py:137} INFO - [2023-04-08T12:01:19.562+0000] {manager.py:504} INFO - Created Permission View: can read on DAG:example_trigger_target_dag
[2023-04-08T12:01:19.563+0000] {logging_mixin.py:137} INFO - [2023-04-08T12:01:19.562+0000] {dag.py:2705} INFO - Sync 1 DAGs
[2023-04-08T12:01:19.620+0000] {logging_mixin.py:137} INFO - [2023-04-08T12:01:19.619+0000] {dag.py:2726} INFO - Creating ORM DAG for example_trigger_target_dag
[2023-04-08T12:01:19.720+0000] {logging_mixin.py:137} INFO - [2023-04-08T12:01:19.720+0000] {dag.py:3456} INFO - Setting next_dagrun for example_trigger_target_dag to None, run_after=None
[2023-04-08T12:01:19.786+0000] {processor.py:175} INFO - Processing /home/airflow/.local/lib/python3.7/site-packages/airflow/example_dags/example_trigger_target_dag.py took 0.938 seconds
[2023-04-08T12:01:50.311+0000] {processor.py:153} INFO - Started process (PID=104) to work on /home/airflow/.local/lib/python3.7/site-packages/airflow/example_dags/example_trigger_target_dag.py
[2023-04-08T12:01:50.312+0000] {processor.py:743} INFO - Processing file /home/airflow/.local/lib/python3.7/site-packages/airflow/example_dags/example_trigger_target_dag.py for tasks to queue
[2023-04-08T12:01:50.313+0000] {logging_mixin.py:137} INFO - [2023-04-08T12:01:50.313+0000] {dagbag.py:532} INFO - Filling up the DagBag from /home/airflow/.local/lib/python3.7/site-packages/airflow/example_dags/example_trigger_target_dag.py
[2023-04-08T12:01:50.356+0000] {processor.py:753} INFO - DAG(s) dict_keys(['example_trigger_target_dag']) retrieved from /home/airflow/.local/lib/python3.7/site-packages/airflow/example_dags/example_trigger_target_dag.py
[2023-04-08T12:01:50.391+0000] {logging_mixin.py:137} INFO - [2023-04-08T12:01:50.391+0000] {dag.py:2705} INFO - Sync 1 DAGs
[2023-04-08T12:01:50.438+0000] {logging_mixin.py:137} INFO - [2023-04-08T12:01:50.438+0000] {dag.py:3456} INFO - Setting next_dagrun for example_trigger_target_dag to None, run_after=None
[2023-04-08T12:01:50.461+0000] {processor.py:175} INFO - Processing /home/airflow/.local/lib/python3.7/site-packages/airflow/example_dags/example_trigger_target_dag.py took 0.154 seconds
[2023-04-08T12:02:20.695+0000] {processor.py:153} INFO - Started process (PID=153) to work on /home/airflow/.local/lib/python3.7/site-packages/airflow/example_dags/example_trigger_target_dag.py
[2023-04-08T12:02:20.705+0000] {processor.py:743} INFO - Processing file /home/airflow/.local/lib/python3.7/site-packages/airflow/example_dags/example_trigger_target_dag.py for tasks to queue
[2023-04-08T12:02:20.706+0000] {logging_mixin.py:137} INFO - [2023-04-08T12:02:20.706+0000] {dagbag.py:532} INFO - Filling up the DagBag from /home/airflow/.local/lib/python3.7/site-packages/airflow/example_dags/example_trigger_target_dag.py
[2023-04-08T12:02:20.800+0000] {processor.py:753} INFO - DAG(s) dict_keys(['example_trigger_target_dag']) retrieved from /home/airflow/.local/lib/python3.7/site-packages/airflow/example_dags/example_trigger_target_dag.py
[2023-04-08T12:02:20.926+0000] {logging_mixin.py:137} INFO - [2023-04-08T12:02:20.925+0000] {dag.py:2705} INFO - Sync 1 DAGs
[2023-04-08T12:02:21.114+0000] {logging_mixin.py:137} INFO - [2023-04-08T12:02:21.113+0000] {dag.py:3456} INFO - Setting next_dagrun for example_trigger_target_dag to None, run_after=None
[2023-04-08T12:02:21.179+0000] {processor.py:175} INFO - Processing /home/airflow/.local/lib/python3.7/site-packages/airflow/example_dags/example_trigger_target_dag.py took 0.488 seconds
[2023-04-08T12:02:51.851+0000] {processor.py:153} INFO - Started process (PID=203) to work on /home/airflow/.local/lib/python3.7/site-packages/airflow/example_dags/example_trigger_target_dag.py
[2023-04-08T12:02:51.852+0000] {processor.py:743} INFO - Processing file /home/airflow/.local/lib/python3.7/site-packages/airflow/example_dags/example_trigger_target_dag.py for tasks to queue
[2023-04-08T12:02:51.853+0000] {logging_mixin.py:137} INFO - [2023-04-08T12:02:51.853+0000] {dagbag.py:532} INFO - Filling up the DagBag from /home/airflow/.local/lib/python3.7/site-packages/airflow/example_dags/example_trigger_target_dag.py
[2023-04-08T12:02:51.884+0000] {processor.py:753} INFO - DAG(s) dict_keys(['example_trigger_target_dag']) retrieved from /home/airflow/.local/lib/python3.7/site-packages/airflow/example_dags/example_trigger_target_dag.py
[2023-04-08T12:02:51.918+0000] {logging_mixin.py:137} INFO - [2023-04-08T12:02:51.918+0000] {dag.py:2705} INFO - Sync 1 DAGs
[2023-04-08T12:02:51.963+0000] {logging_mixin.py:137} INFO - [2023-04-08T12:02:51.963+0000] {dag.py:3456} INFO - Setting next_dagrun for example_trigger_target_dag to None, run_after=None
[2023-04-08T12:02:51.986+0000] {processor.py:175} INFO - Processing /home/airflow/.local/lib/python3.7/site-packages/airflow/example_dags/example_trigger_target_dag.py took 0.140 seconds
[2023-04-08T12:03:22.176+0000] {processor.py:153} INFO - Started process (PID=253) to work on /home/airflow/.local/lib/python3.7/site-packages/airflow/example_dags/example_trigger_target_dag.py
[2023-04-08T12:03:22.178+0000] {processor.py:743} INFO - Processing file /home/airflow/.local/lib/python3.7/site-packages/airflow/example_dags/example_trigger_target_dag.py for tasks to queue
[2023-04-08T12:03:22.181+0000] {logging_mixin.py:137} INFO - [2023-04-08T12:03:22.181+0000] {dagbag.py:532} INFO - Filling up the DagBag from /home/airflow/.local/lib/python3.7/site-packages/airflow/example_dags/example_trigger_target_dag.py
[2023-04-08T12:03:22.213+0000] {processor.py:753} INFO - DAG(s) dict_keys(['example_trigger_target_dag']) retrieved from /home/airflow/.local/lib/python3.7/site-packages/airflow/example_dags/example_trigger_target_dag.py
[2023-04-08T12:03:22.246+0000] {logging_mixin.py:137} INFO - [2023-04-08T12:03:22.245+0000] {dag.py:2705} INFO - Sync 1 DAGs
[2023-04-08T12:03:22.285+0000] {logging_mixin.py:137} INFO - [2023-04-08T12:03:22.285+0000] {dag.py:3456} INFO - Setting next_dagrun for example_trigger_target_dag to None, run_after=None
[2023-04-08T12:03:22.309+0000] {processor.py:175} INFO - Processing /home/airflow/.local/lib/python3.7/site-packages/airflow/example_dags/example_trigger_target_dag.py took 0.137 seconds
[2023-04-08T12:03:52.656+0000] {processor.py:153} INFO - Started process (PID=303) to work on /home/airflow/.local/lib/python3.7/site-packages/airflow/example_dags/example_trigger_target_dag.py
[2023-04-08T12:03:52.657+0000] {processor.py:743} INFO - Processing file /home/airflow/.local/lib/python3.7/site-packages/airflow/example_dags/example_trigger_target_dag.py for tasks to queue
[2023-04-08T12:03:52.658+0000] {logging_mixin.py:137} INFO - [2023-04-08T12:03:52.658+0000] {dagbag.py:532} INFO - Filling up the DagBag from /home/airflow/.local/lib/python3.7/site-packages/airflow/example_dags/example_trigger_target_dag.py
[2023-04-08T12:03:52.689+0000] {processor.py:753} INFO - DAG(s) dict_keys(['example_trigger_target_dag']) retrieved from /home/airflow/.local/lib/python3.7/site-packages/airflow/example_dags/example_trigger_target_dag.py
[2023-04-08T12:03:52.724+0000] {logging_mixin.py:137} INFO - [2023-04-08T12:03:52.724+0000] {dag.py:2705} INFO - Sync 1 DAGs
[2023-04-08T12:03:52.766+0000] {logging_mixin.py:137} INFO - [2023-04-08T12:03:52.766+0000] {dag.py:3456} INFO - Setting next_dagrun for example_trigger_target_dag to None, run_after=None
[2023-04-08T12:03:52.790+0000] {processor.py:175} INFO - Processing /home/airflow/.local/lib/python3.7/site-packages/airflow/example_dags/example_trigger_target_dag.py took 0.138 seconds
[2023-04-08T12:04:22.925+0000] {processor.py:153} INFO - Started process (PID=354) to work on /home/airflow/.local/lib/python3.7/site-packages/airflow/example_dags/example_trigger_target_dag.py
[2023-04-08T12:04:22.927+0000] {processor.py:743} INFO - Processing file /home/airflow/.local/lib/python3.7/site-packages/airflow/example_dags/example_trigger_target_dag.py for tasks to queue
[2023-04-08T12:04:22.928+0000] {logging_mixin.py:137} INFO - [2023-04-08T12:04:22.928+0000] {dagbag.py:532} INFO - Filling up the DagBag from /home/airflow/.local/lib/python3.7/site-packages/airflow/example_dags/example_trigger_target_dag.py
[2023-04-08T12:04:22.960+0000] {processor.py:753} INFO - DAG(s) dict_keys(['example_trigger_target_dag']) retrieved from /home/airflow/.local/lib/python3.7/site-packages/airflow/example_dags/example_trigger_target_dag.py
[2023-04-08T12:04:22.996+0000] {logging_mixin.py:137} INFO - [2023-04-08T12:04:22.996+0000] {dag.py:2705} INFO - Sync 1 DAGs
[2023-04-08T12:04:23.035+0000] {logging_mixin.py:137} INFO - [2023-04-08T12:04:23.035+0000] {dag.py:3456} INFO - Setting next_dagrun for example_trigger_target_dag to None, run_after=None
[2023-04-08T12:04:23.059+0000] {processor.py:175} INFO - Processing /home/airflow/.local/lib/python3.7/site-packages/airflow/example_dags/example_trigger_target_dag.py took 0.141 seconds
[2023-04-08T12:04:53.404+0000] {processor.py:153} INFO - Started process (PID=404) to work on /home/airflow/.local/lib/python3.7/site-packages/airflow/example_dags/example_trigger_target_dag.py
[2023-04-08T12:04:53.404+0000] {processor.py:743} INFO - Processing file /home/airflow/.local/lib/python3.7/site-packages/airflow/example_dags/example_trigger_target_dag.py for tasks to queue
[2023-04-08T12:04:53.407+0000] {logging_mixin.py:137} INFO - [2023-04-08T12:04:53.407+0000] {dagbag.py:532} INFO - Filling up the DagBag from /home/airflow/.local/lib/python3.7/site-packages/airflow/example_dags/example_trigger_target_dag.py
[2023-04-08T12:04:53.438+0000] {processor.py:753} INFO - DAG(s) dict_keys(['example_trigger_target_dag']) retrieved from /home/airflow/.local/lib/python3.7/site-packages/airflow/example_dags/example_trigger_target_dag.py
[2023-04-08T12:04:53.471+0000] {logging_mixin.py:137} INFO - [2023-04-08T12:04:53.471+0000] {dag.py:2705} INFO - Sync 1 DAGs
[2023-04-08T12:04:53.510+0000] {logging_mixin.py:137} INFO - [2023-04-08T12:04:53.510+0000] {dag.py:3456} INFO - Setting next_dagrun for example_trigger_target_dag to None, run_after=None
[2023-04-08T12:04:53.537+0000] {processor.py:175} INFO - Processing /home/airflow/.local/lib/python3.7/site-packages/airflow/example_dags/example_trigger_target_dag.py took 0.137 seconds
[2023-04-08T12:05:23.711+0000] {processor.py:153} INFO - Started process (PID=455) to work on /home/airflow/.local/lib/python3.7/site-packages/airflow/example_dags/example_trigger_target_dag.py
[2023-04-08T12:05:23.714+0000] {processor.py:743} INFO - Processing file /home/airflow/.local/lib/python3.7/site-packages/airflow/example_dags/example_trigger_target_dag.py for tasks to queue
[2023-04-08T12:05:23.715+0000] {logging_mixin.py:137} INFO - [2023-04-08T12:05:23.715+0000] {dagbag.py:532} INFO - Filling up the DagBag from /home/airflow/.local/lib/python3.7/site-packages/airflow/example_dags/example_trigger_target_dag.py
[2023-04-08T12:05:23.746+0000] {processor.py:753} INFO - DAG(s) dict_keys(['example_trigger_target_dag']) retrieved from /home/airflow/.local/lib/python3.7/site-packages/airflow/example_dags/example_trigger_target_dag.py
[2023-04-08T12:05:23.781+0000] {logging_mixin.py:137} INFO - [2023-04-08T12:05:23.781+0000] {dag.py:2705} INFO - Sync 1 DAGs
[2023-04-08T12:05:23.824+0000] {logging_mixin.py:137} INFO - [2023-04-08T12:05:23.824+0000] {dag.py:3456} INFO - Setting next_dagrun for example_trigger_target_dag to None, run_after=None
[2023-04-08T12:05:23.847+0000] {processor.py:175} INFO - Processing /home/airflow/.local/lib/python3.7/site-packages/airflow/example_dags/example_trigger_target_dag.py took 0.140 seconds
[2023-04-08T12:05:54.011+0000] {processor.py:153} INFO - Started process (PID=505) to work on /home/airflow/.local/lib/python3.7/site-packages/airflow/example_dags/example_trigger_target_dag.py
[2023-04-08T12:05:54.012+0000] {processor.py:743} INFO - Processing file /home/airflow/.local/lib/python3.7/site-packages/airflow/example_dags/example_trigger_target_dag.py for tasks to queue
[2023-04-08T12:05:54.016+0000] {logging_mixin.py:137} INFO - [2023-04-08T12:05:54.013+0000] {dagbag.py:532} INFO - Filling up the DagBag from /home/airflow/.local/lib/python3.7/site-packages/airflow/example_dags/example_trigger_target_dag.py
[2023-04-08T12:05:54.050+0000] {processor.py:753} INFO - DAG(s) dict_keys(['example_trigger_target_dag']) retrieved from /home/airflow/.local/lib/python3.7/site-packages/airflow/example_dags/example_trigger_target_dag.py
[2023-04-08T12:05:54.083+0000] {logging_mixin.py:137} INFO - [2023-04-08T12:05:54.083+0000] {dag.py:2705} INFO - Sync 1 DAGs
[2023-04-08T12:05:54.123+0000] {logging_mixin.py:137} INFO - [2023-04-08T12:05:54.123+0000] {dag.py:3456} INFO - Setting next_dagrun for example_trigger_target_dag to None, run_after=None
[2023-04-08T12:05:54.147+0000] {processor.py:175} INFO - Processing /home/airflow/.local/lib/python3.7/site-packages/airflow/example_dags/example_trigger_target_dag.py took 0.140 seconds
[2023-04-08T12:06:24.854+0000] {processor.py:153} INFO - Started process (PID=555) to work on /home/airflow/.local/lib/python3.7/site-packages/airflow/example_dags/example_trigger_target_dag.py
[2023-04-08T12:06:24.865+0000] {processor.py:743} INFO - Processing file /home/airflow/.local/lib/python3.7/site-packages/airflow/example_dags/example_trigger_target_dag.py for tasks to queue
[2023-04-08T12:06:24.866+0000] {logging_mixin.py:137} INFO - [2023-04-08T12:06:24.866+0000] {dagbag.py:532} INFO - Filling up the DagBag from /home/airflow/.local/lib/python3.7/site-packages/airflow/example_dags/example_trigger_target_dag.py
[2023-04-08T12:06:24.923+0000] {processor.py:753} INFO - DAG(s) dict_keys(['example_trigger_target_dag']) retrieved from /home/airflow/.local/lib/python3.7/site-packages/airflow/example_dags/example_trigger_target_dag.py
[2023-04-08T12:06:24.959+0000] {logging_mixin.py:137} INFO - [2023-04-08T12:06:24.959+0000] {dag.py:2705} INFO - Sync 1 DAGs
[2023-04-08T12:06:24.998+0000] {logging_mixin.py:137} INFO - [2023-04-08T12:06:24.998+0000] {dag.py:3456} INFO - Setting next_dagrun for example_trigger_target_dag to None, run_after=None
[2023-04-08T12:06:25.022+0000] {processor.py:175} INFO - Processing /home/airflow/.local/lib/python3.7/site-packages/airflow/example_dags/example_trigger_target_dag.py took 0.176 seconds
[2023-04-08T12:06:55.932+0000] {processor.py:153} INFO - Started process (PID=605) to work on /home/airflow/.local/lib/python3.7/site-packages/airflow/example_dags/example_trigger_target_dag.py
[2023-04-08T12:06:55.933+0000] {processor.py:743} INFO - Processing file /home/airflow/.local/lib/python3.7/site-packages/airflow/example_dags/example_trigger_target_dag.py for tasks to queue
[2023-04-08T12:06:55.934+0000] {logging_mixin.py:137} INFO - [2023-04-08T12:06:55.934+0000] {dagbag.py:532} INFO - Filling up the DagBag from /home/airflow/.local/lib/python3.7/site-packages/airflow/example_dags/example_trigger_target_dag.py
[2023-04-08T12:06:55.992+0000] {processor.py:753} INFO - DAG(s) dict_keys(['example_trigger_target_dag']) retrieved from /home/airflow/.local/lib/python3.7/site-packages/airflow/example_dags/example_trigger_target_dag.py
[2023-04-08T12:06:56.026+0000] {logging_mixin.py:137} INFO - [2023-04-08T12:06:56.026+0000] {dag.py:2705} INFO - Sync 1 DAGs
[2023-04-08T12:06:56.070+0000] {logging_mixin.py:137} INFO - [2023-04-08T12:06:56.070+0000] {dag.py:3456} INFO - Setting next_dagrun for example_trigger_target_dag to None, run_after=None
[2023-04-08T12:06:56.125+0000] {processor.py:175} INFO - Processing /home/airflow/.local/lib/python3.7/site-packages/airflow/example_dags/example_trigger_target_dag.py took 0.198 seconds
[2023-04-08T12:07:26.842+0000] {processor.py:153} INFO - Started process (PID=654) to work on /home/airflow/.local/lib/python3.7/site-packages/airflow/example_dags/example_trigger_target_dag.py
[2023-04-08T12:07:26.844+0000] {processor.py:743} INFO - Processing file /home/airflow/.local/lib/python3.7/site-packages/airflow/example_dags/example_trigger_target_dag.py for tasks to queue
[2023-04-08T12:07:26.845+0000] {logging_mixin.py:137} INFO - [2023-04-08T12:07:26.845+0000] {dagbag.py:532} INFO - Filling up the DagBag from /home/airflow/.local/lib/python3.7/site-packages/airflow/example_dags/example_trigger_target_dag.py
[2023-04-08T12:07:26.896+0000] {processor.py:753} INFO - DAG(s) dict_keys(['example_trigger_target_dag']) retrieved from /home/airflow/.local/lib/python3.7/site-packages/airflow/example_dags/example_trigger_target_dag.py
[2023-04-08T12:07:26.963+0000] {logging_mixin.py:137} INFO - [2023-04-08T12:07:26.963+0000] {dag.py:2705} INFO - Sync 1 DAGs
[2023-04-08T12:07:27.046+0000] {logging_mixin.py:137} INFO - [2023-04-08T12:07:27.045+0000] {dag.py:3456} INFO - Setting next_dagrun for example_trigger_target_dag to None, run_after=None
[2023-04-08T12:07:27.080+0000] {processor.py:175} INFO - Processing /home/airflow/.local/lib/python3.7/site-packages/airflow/example_dags/example_trigger_target_dag.py took 0.255 seconds
[2023-04-08T12:07:57.365+0000] {processor.py:153} INFO - Started process (PID=704) to work on /home/airflow/.local/lib/python3.7/site-packages/airflow/example_dags/example_trigger_target_dag.py
[2023-04-08T12:07:57.365+0000] {processor.py:743} INFO - Processing file /home/airflow/.local/lib/python3.7/site-packages/airflow/example_dags/example_trigger_target_dag.py for tasks to queue
[2023-04-08T12:07:57.366+0000] {logging_mixin.py:137} INFO - [2023-04-08T12:07:57.366+0000] {dagbag.py:532} INFO - Filling up the DagBag from /home/airflow/.local/lib/python3.7/site-packages/airflow/example_dags/example_trigger_target_dag.py
[2023-04-08T12:07:57.396+0000] {processor.py:753} INFO - DAG(s) dict_keys(['example_trigger_target_dag']) retrieved from /home/airflow/.local/lib/python3.7/site-packages/airflow/example_dags/example_trigger_target_dag.py
[2023-04-08T12:07:57.431+0000] {logging_mixin.py:137} INFO - [2023-04-08T12:07:57.430+0000] {dag.py:2705} INFO - Sync 1 DAGs
[2023-04-08T12:07:57.469+0000] {logging_mixin.py:137} INFO - [2023-04-08T12:07:57.469+0000] {dag.py:3456} INFO - Setting next_dagrun for example_trigger_target_dag to None, run_after=None
[2023-04-08T12:07:57.493+0000] {processor.py:175} INFO - Processing /home/airflow/.local/lib/python3.7/site-packages/airflow/example_dags/example_trigger_target_dag.py took 0.136 seconds
[2023-04-08T12:08:27.788+0000] {processor.py:153} INFO - Started process (PID=754) to work on /home/airflow/.local/lib/python3.7/site-packages/airflow/example_dags/example_trigger_target_dag.py
[2023-04-08T12:08:27.789+0000] {processor.py:743} INFO - Processing file /home/airflow/.local/lib/python3.7/site-packages/airflow/example_dags/example_trigger_target_dag.py for tasks to queue
[2023-04-08T12:08:27.790+0000] {logging_mixin.py:137} INFO - [2023-04-08T12:08:27.790+0000] {dagbag.py:532} INFO - Filling up the DagBag from /home/airflow/.local/lib/python3.7/site-packages/airflow/example_dags/example_trigger_target_dag.py
[2023-04-08T12:08:27.820+0000] {processor.py:753} INFO - DAG(s) dict_keys(['example_trigger_target_dag']) retrieved from /home/airflow/.local/lib/python3.7/site-packages/airflow/example_dags/example_trigger_target_dag.py
[2023-04-08T12:08:27.854+0000] {logging_mixin.py:137} INFO - [2023-04-08T12:08:27.854+0000] {dag.py:2705} INFO - Sync 1 DAGs
[2023-04-08T12:08:27.893+0000] {logging_mixin.py:137} INFO - [2023-04-08T12:08:27.893+0000] {dag.py:3456} INFO - Setting next_dagrun for example_trigger_target_dag to None, run_after=None
[2023-04-08T12:08:27.917+0000] {processor.py:175} INFO - Processing /home/airflow/.local/lib/python3.7/site-packages/airflow/example_dags/example_trigger_target_dag.py took 0.132 seconds
[2023-04-08T12:08:58.489+0000] {processor.py:153} INFO - Started process (PID=805) to work on /home/airflow/.local/lib/python3.7/site-packages/airflow/example_dags/example_trigger_target_dag.py
[2023-04-08T12:08:58.490+0000] {processor.py:743} INFO - Processing file /home/airflow/.local/lib/python3.7/site-packages/airflow/example_dags/example_trigger_target_dag.py for tasks to queue
[2023-04-08T12:08:58.491+0000] {logging_mixin.py:137} INFO - [2023-04-08T12:08:58.491+0000] {dagbag.py:532} INFO - Filling up the DagBag from /home/airflow/.local/lib/python3.7/site-packages/airflow/example_dags/example_trigger_target_dag.py
[2023-04-08T12:08:58.534+0000] {processor.py:753} INFO - DAG(s) dict_keys(['example_trigger_target_dag']) retrieved from /home/airflow/.local/lib/python3.7/site-packages/airflow/example_dags/example_trigger_target_dag.py
[2023-04-08T12:08:58.586+0000] {logging_mixin.py:137} INFO - [2023-04-08T12:08:58.586+0000] {dag.py:2705} INFO - Sync 1 DAGs
[2023-04-08T12:08:58.625+0000] {logging_mixin.py:137} INFO - [2023-04-08T12:08:58.625+0000] {dag.py:3456} INFO - Setting next_dagrun for example_trigger_target_dag to None, run_after=None
[2023-04-08T12:08:58.650+0000] {processor.py:175} INFO - Processing /home/airflow/.local/lib/python3.7/site-packages/airflow/example_dags/example_trigger_target_dag.py took 0.166 seconds
[2023-04-08T12:09:28.770+0000] {processor.py:153} INFO - Started process (PID=854) to work on /home/airflow/.local/lib/python3.7/site-packages/airflow/example_dags/example_trigger_target_dag.py
[2023-04-08T12:09:28.771+0000] {processor.py:743} INFO - Processing file /home/airflow/.local/lib/python3.7/site-packages/airflow/example_dags/example_trigger_target_dag.py for tasks to queue
[2023-04-08T12:09:28.772+0000] {logging_mixin.py:137} INFO - [2023-04-08T12:09:28.772+0000] {dagbag.py:532} INFO - Filling up the DagBag from /home/airflow/.local/lib/python3.7/site-packages/airflow/example_dags/example_trigger_target_dag.py
[2023-04-08T12:09:28.803+0000] {processor.py:753} INFO - DAG(s) dict_keys(['example_trigger_target_dag']) retrieved from /home/airflow/.local/lib/python3.7/site-packages/airflow/example_dags/example_trigger_target_dag.py
[2023-04-08T12:09:28.838+0000] {logging_mixin.py:137} INFO - [2023-04-08T12:09:28.837+0000] {dag.py:2705} INFO - Sync 1 DAGs
[2023-04-08T12:09:28.883+0000] {logging_mixin.py:137} INFO - [2023-04-08T12:09:28.883+0000] {dag.py:3456} INFO - Setting next_dagrun for example_trigger_target_dag to None, run_after=None
[2023-04-08T12:09:28.907+0000] {processor.py:175} INFO - Processing /home/airflow/.local/lib/python3.7/site-packages/airflow/example_dags/example_trigger_target_dag.py took 0.142 seconds
[2023-04-08T12:09:59.371+0000] {processor.py:153} INFO - Started process (PID=904) to work on /home/airflow/.local/lib/python3.7/site-packages/airflow/example_dags/example_trigger_target_dag.py
[2023-04-08T12:09:59.372+0000] {processor.py:743} INFO - Processing file /home/airflow/.local/lib/python3.7/site-packages/airflow/example_dags/example_trigger_target_dag.py for tasks to queue
[2023-04-08T12:09:59.374+0000] {logging_mixin.py:137} INFO - [2023-04-08T12:09:59.373+0000] {dagbag.py:532} INFO - Filling up the DagBag from /home/airflow/.local/lib/python3.7/site-packages/airflow/example_dags/example_trigger_target_dag.py
[2023-04-08T12:09:59.405+0000] {processor.py:753} INFO - DAG(s) dict_keys(['example_trigger_target_dag']) retrieved from /home/airflow/.local/lib/python3.7/site-packages/airflow/example_dags/example_trigger_target_dag.py
[2023-04-08T12:09:59.440+0000] {logging_mixin.py:137} INFO - [2023-04-08T12:09:59.439+0000] {dag.py:2705} INFO - Sync 1 DAGs
[2023-04-08T12:09:59.478+0000] {logging_mixin.py:137} INFO - [2023-04-08T12:09:59.478+0000] {dag.py:3456} INFO - Setting next_dagrun for example_trigger_target_dag to None, run_after=None
[2023-04-08T12:09:59.502+0000] {processor.py:175} INFO - Processing /home/airflow/.local/lib/python3.7/site-packages/airflow/example_dags/example_trigger_target_dag.py took 0.135 seconds
[2023-04-08T12:10:29.743+0000] {processor.py:153} INFO - Started process (PID=953) to work on /home/airflow/.local/lib/python3.7/site-packages/airflow/example_dags/example_trigger_target_dag.py
[2023-04-08T12:10:29.744+0000] {processor.py:743} INFO - Processing file /home/airflow/.local/lib/python3.7/site-packages/airflow/example_dags/example_trigger_target_dag.py for tasks to queue
[2023-04-08T12:10:29.744+0000] {logging_mixin.py:137} INFO - [2023-04-08T12:10:29.744+0000] {dagbag.py:532} INFO - Filling up the DagBag from /home/airflow/.local/lib/python3.7/site-packages/airflow/example_dags/example_trigger_target_dag.py
[2023-04-08T12:10:29.777+0000] {processor.py:753} INFO - DAG(s) dict_keys(['example_trigger_target_dag']) retrieved from /home/airflow/.local/lib/python3.7/site-packages/airflow/example_dags/example_trigger_target_dag.py
[2023-04-08T12:10:29.812+0000] {logging_mixin.py:137} INFO - [2023-04-08T12:10:29.811+0000] {dag.py:2705} INFO - Sync 1 DAGs
[2023-04-08T12:10:29.871+0000] {logging_mixin.py:137} INFO - [2023-04-08T12:10:29.871+0000] {dag.py:3456} INFO - Setting next_dagrun for example_trigger_target_dag to None, run_after=None
[2023-04-08T12:10:29.910+0000] {processor.py:175} INFO - Processing /home/airflow/.local/lib/python3.7/site-packages/airflow/example_dags/example_trigger_target_dag.py took 0.172 seconds
