[2023-04-08T12:01:26.042+0000] {processor.py:153} INFO - Started process (PID=69) to work on /home/airflow/.local/lib/python3.7/site-packages/airflow/example_dags/example_complex.py
[2023-04-08T12:01:26.043+0000] {processor.py:743} INFO - Processing file /home/airflow/.local/lib/python3.7/site-packages/airflow/example_dags/example_complex.py for tasks to queue
[2023-04-08T12:01:26.043+0000] {logging_mixin.py:137} INFO - [2023-04-08T12:01:26.043+0000] {dagbag.py:532} INFO - Filling up the DagBag from /home/airflow/.local/lib/python3.7/site-packages/airflow/example_dags/example_complex.py
[2023-04-08T12:01:26.065+0000] {logging_mixin.py:137} INFO - [2023-04-08T12:01:26.065+0000] {taskmixin.py:211} WARNING - Dependency <Task(BashOperator): create_entry_group>, delete_entry_group already registered for DAG: example_complex
[2023-04-08T12:01:26.066+0000] {logging_mixin.py:137} INFO - [2023-04-08T12:01:26.065+0000] {taskmixin.py:211} WARNING - Dependency <Task(BashOperator): delete_entry_group>, create_entry_group already registered for DAG: example_complex
[2023-04-08T12:01:26.066+0000] {logging_mixin.py:137} INFO - [2023-04-08T12:01:26.066+0000] {taskmixin.py:211} WARNING - Dependency <Task(BashOperator): create_entry_gcs>, delete_entry already registered for DAG: example_complex
[2023-04-08T12:01:26.066+0000] {logging_mixin.py:137} INFO - [2023-04-08T12:01:26.066+0000] {taskmixin.py:211} WARNING - Dependency <Task(BashOperator): delete_entry>, create_entry_gcs already registered for DAG: example_complex
[2023-04-08T12:01:26.067+0000] {logging_mixin.py:137} INFO - [2023-04-08T12:01:26.067+0000] {taskmixin.py:211} WARNING - Dependency <Task(BashOperator): create_tag>, delete_tag already registered for DAG: example_complex
[2023-04-08T12:01:26.067+0000] {logging_mixin.py:137} INFO - [2023-04-08T12:01:26.067+0000] {taskmixin.py:211} WARNING - Dependency <Task(BashOperator): delete_tag>, create_tag already registered for DAG: example_complex
[2023-04-08T12:01:26.077+0000] {processor.py:753} INFO - DAG(s) dict_keys(['example_complex']) retrieved from /home/airflow/.local/lib/python3.7/site-packages/airflow/example_dags/example_complex.py
[2023-04-08T12:01:26.467+0000] {logging_mixin.py:137} INFO - [2023-04-08T12:01:26.466+0000] {manager.py:504} INFO - Created Permission View: can delete on DAG:example_complex
[2023-04-08T12:01:26.486+0000] {logging_mixin.py:137} INFO - [2023-04-08T12:01:26.485+0000] {manager.py:504} INFO - Created Permission View: can edit on DAG:example_complex
[2023-04-08T12:01:26.502+0000] {logging_mixin.py:137} INFO - [2023-04-08T12:01:26.502+0000] {manager.py:504} INFO - Created Permission View: can read on DAG:example_complex
[2023-04-08T12:01:26.502+0000] {logging_mixin.py:137} INFO - [2023-04-08T12:01:26.502+0000] {dag.py:2705} INFO - Sync 1 DAGs
[2023-04-08T12:01:26.539+0000] {logging_mixin.py:137} INFO - [2023-04-08T12:01:26.539+0000] {dag.py:2726} INFO - Creating ORM DAG for example_complex
[2023-04-08T12:01:26.572+0000] {logging_mixin.py:137} INFO - [2023-04-08T12:01:26.572+0000] {dag.py:3456} INFO - Setting next_dagrun for example_complex to None, run_after=None
[2023-04-08T12:01:26.622+0000] {processor.py:175} INFO - Processing /home/airflow/.local/lib/python3.7/site-packages/airflow/example_dags/example_complex.py took 0.584 seconds
[2023-04-08T12:01:57.466+0000] {processor.py:153} INFO - Started process (PID=119) to work on /home/airflow/.local/lib/python3.7/site-packages/airflow/example_dags/example_complex.py
[2023-04-08T12:01:57.468+0000] {processor.py:743} INFO - Processing file /home/airflow/.local/lib/python3.7/site-packages/airflow/example_dags/example_complex.py for tasks to queue
[2023-04-08T12:01:57.468+0000] {logging_mixin.py:137} INFO - [2023-04-08T12:01:57.468+0000] {dagbag.py:532} INFO - Filling up the DagBag from /home/airflow/.local/lib/python3.7/site-packages/airflow/example_dags/example_complex.py
[2023-04-08T12:01:57.487+0000] {logging_mixin.py:137} INFO - [2023-04-08T12:01:57.487+0000] {taskmixin.py:211} WARNING - Dependency <Task(BashOperator): create_entry_group>, delete_entry_group already registered for DAG: example_complex
[2023-04-08T12:01:57.487+0000] {logging_mixin.py:137} INFO - [2023-04-08T12:01:57.487+0000] {taskmixin.py:211} WARNING - Dependency <Task(BashOperator): delete_entry_group>, create_entry_group already registered for DAG: example_complex
[2023-04-08T12:01:57.488+0000] {logging_mixin.py:137} INFO - [2023-04-08T12:01:57.488+0000] {taskmixin.py:211} WARNING - Dependency <Task(BashOperator): create_entry_gcs>, delete_entry already registered for DAG: example_complex
[2023-04-08T12:01:57.488+0000] {logging_mixin.py:137} INFO - [2023-04-08T12:01:57.488+0000] {taskmixin.py:211} WARNING - Dependency <Task(BashOperator): delete_entry>, create_entry_gcs already registered for DAG: example_complex
[2023-04-08T12:01:57.488+0000] {logging_mixin.py:137} INFO - [2023-04-08T12:01:57.488+0000] {taskmixin.py:211} WARNING - Dependency <Task(BashOperator): create_tag>, delete_tag already registered for DAG: example_complex
[2023-04-08T12:01:57.489+0000] {logging_mixin.py:137} INFO - [2023-04-08T12:01:57.489+0000] {taskmixin.py:211} WARNING - Dependency <Task(BashOperator): delete_tag>, create_tag already registered for DAG: example_complex
[2023-04-08T12:01:57.499+0000] {processor.py:753} INFO - DAG(s) dict_keys(['example_complex']) retrieved from /home/airflow/.local/lib/python3.7/site-packages/airflow/example_dags/example_complex.py
[2023-04-08T12:01:57.553+0000] {logging_mixin.py:137} INFO - [2023-04-08T12:01:57.553+0000] {dag.py:2705} INFO - Sync 1 DAGs
[2023-04-08T12:01:57.593+0000] {logging_mixin.py:137} INFO - [2023-04-08T12:01:57.593+0000] {dag.py:3456} INFO - Setting next_dagrun for example_complex to None, run_after=None
[2023-04-08T12:01:57.618+0000] {processor.py:175} INFO - Processing /home/airflow/.local/lib/python3.7/site-packages/airflow/example_dags/example_complex.py took 0.157 seconds
[2023-04-08T12:02:28.416+0000] {processor.py:153} INFO - Started process (PID=168) to work on /home/airflow/.local/lib/python3.7/site-packages/airflow/example_dags/example_complex.py
[2023-04-08T12:02:28.417+0000] {processor.py:743} INFO - Processing file /home/airflow/.local/lib/python3.7/site-packages/airflow/example_dags/example_complex.py for tasks to queue
[2023-04-08T12:02:28.418+0000] {logging_mixin.py:137} INFO - [2023-04-08T12:02:28.418+0000] {dagbag.py:532} INFO - Filling up the DagBag from /home/airflow/.local/lib/python3.7/site-packages/airflow/example_dags/example_complex.py
[2023-04-08T12:02:28.437+0000] {logging_mixin.py:137} INFO - [2023-04-08T12:02:28.436+0000] {taskmixin.py:211} WARNING - Dependency <Task(BashOperator): create_entry_group>, delete_entry_group already registered for DAG: example_complex
[2023-04-08T12:02:28.437+0000] {logging_mixin.py:137} INFO - [2023-04-08T12:02:28.437+0000] {taskmixin.py:211} WARNING - Dependency <Task(BashOperator): delete_entry_group>, create_entry_group already registered for DAG: example_complex
[2023-04-08T12:02:28.437+0000] {logging_mixin.py:137} INFO - [2023-04-08T12:02:28.437+0000] {taskmixin.py:211} WARNING - Dependency <Task(BashOperator): create_entry_gcs>, delete_entry already registered for DAG: example_complex
[2023-04-08T12:02:28.437+0000] {logging_mixin.py:137} INFO - [2023-04-08T12:02:28.437+0000] {taskmixin.py:211} WARNING - Dependency <Task(BashOperator): delete_entry>, create_entry_gcs already registered for DAG: example_complex
[2023-04-08T12:02:28.438+0000] {logging_mixin.py:137} INFO - [2023-04-08T12:02:28.438+0000] {taskmixin.py:211} WARNING - Dependency <Task(BashOperator): create_tag>, delete_tag already registered for DAG: example_complex
[2023-04-08T12:02:28.438+0000] {logging_mixin.py:137} INFO - [2023-04-08T12:02:28.438+0000] {taskmixin.py:211} WARNING - Dependency <Task(BashOperator): delete_tag>, create_tag already registered for DAG: example_complex
[2023-04-08T12:02:28.450+0000] {processor.py:753} INFO - DAG(s) dict_keys(['example_complex']) retrieved from /home/airflow/.local/lib/python3.7/site-packages/airflow/example_dags/example_complex.py
[2023-04-08T12:02:28.506+0000] {logging_mixin.py:137} INFO - [2023-04-08T12:02:28.506+0000] {dag.py:2705} INFO - Sync 1 DAGs
[2023-04-08T12:02:28.544+0000] {logging_mixin.py:137} INFO - [2023-04-08T12:02:28.544+0000] {dag.py:3456} INFO - Setting next_dagrun for example_complex to None, run_after=None
[2023-04-08T12:02:28.569+0000] {processor.py:175} INFO - Processing /home/airflow/.local/lib/python3.7/site-packages/airflow/example_dags/example_complex.py took 0.158 seconds
[2023-04-08T12:02:58.861+0000] {processor.py:153} INFO - Started process (PID=218) to work on /home/airflow/.local/lib/python3.7/site-packages/airflow/example_dags/example_complex.py
[2023-04-08T12:02:58.862+0000] {processor.py:743} INFO - Processing file /home/airflow/.local/lib/python3.7/site-packages/airflow/example_dags/example_complex.py for tasks to queue
[2023-04-08T12:02:58.863+0000] {logging_mixin.py:137} INFO - [2023-04-08T12:02:58.863+0000] {dagbag.py:532} INFO - Filling up the DagBag from /home/airflow/.local/lib/python3.7/site-packages/airflow/example_dags/example_complex.py
[2023-04-08T12:02:58.882+0000] {logging_mixin.py:137} INFO - [2023-04-08T12:02:58.882+0000] {taskmixin.py:211} WARNING - Dependency <Task(BashOperator): create_entry_group>, delete_entry_group already registered for DAG: example_complex
[2023-04-08T12:02:58.882+0000] {logging_mixin.py:137} INFO - [2023-04-08T12:02:58.882+0000] {taskmixin.py:211} WARNING - Dependency <Task(BashOperator): delete_entry_group>, create_entry_group already registered for DAG: example_complex
[2023-04-08T12:02:58.883+0000] {logging_mixin.py:137} INFO - [2023-04-08T12:02:58.883+0000] {taskmixin.py:211} WARNING - Dependency <Task(BashOperator): create_entry_gcs>, delete_entry already registered for DAG: example_complex
[2023-04-08T12:02:58.883+0000] {logging_mixin.py:137} INFO - [2023-04-08T12:02:58.883+0000] {taskmixin.py:211} WARNING - Dependency <Task(BashOperator): delete_entry>, create_entry_gcs already registered for DAG: example_complex
[2023-04-08T12:02:58.884+0000] {logging_mixin.py:137} INFO - [2023-04-08T12:02:58.883+0000] {taskmixin.py:211} WARNING - Dependency <Task(BashOperator): create_tag>, delete_tag already registered for DAG: example_complex
[2023-04-08T12:02:58.884+0000] {logging_mixin.py:137} INFO - [2023-04-08T12:02:58.884+0000] {taskmixin.py:211} WARNING - Dependency <Task(BashOperator): delete_tag>, create_tag already registered for DAG: example_complex
[2023-04-08T12:02:58.894+0000] {processor.py:753} INFO - DAG(s) dict_keys(['example_complex']) retrieved from /home/airflow/.local/lib/python3.7/site-packages/airflow/example_dags/example_complex.py
[2023-04-08T12:02:58.950+0000] {logging_mixin.py:137} INFO - [2023-04-08T12:02:58.950+0000] {dag.py:2705} INFO - Sync 1 DAGs
[2023-04-08T12:02:58.988+0000] {logging_mixin.py:137} INFO - [2023-04-08T12:02:58.987+0000] {dag.py:3456} INFO - Setting next_dagrun for example_complex to None, run_after=None
[2023-04-08T12:02:59.011+0000] {processor.py:175} INFO - Processing /home/airflow/.local/lib/python3.7/site-packages/airflow/example_dags/example_complex.py took 0.154 seconds
[2023-04-08T12:03:29.543+0000] {processor.py:153} INFO - Started process (PID=268) to work on /home/airflow/.local/lib/python3.7/site-packages/airflow/example_dags/example_complex.py
[2023-04-08T12:03:29.544+0000] {processor.py:743} INFO - Processing file /home/airflow/.local/lib/python3.7/site-packages/airflow/example_dags/example_complex.py for tasks to queue
[2023-04-08T12:03:29.558+0000] {logging_mixin.py:137} INFO - [2023-04-08T12:03:29.558+0000] {dagbag.py:532} INFO - Filling up the DagBag from /home/airflow/.local/lib/python3.7/site-packages/airflow/example_dags/example_complex.py
[2023-04-08T12:03:29.613+0000] {logging_mixin.py:137} INFO - [2023-04-08T12:03:29.605+0000] {taskmixin.py:211} WARNING - Dependency <Task(BashOperator): create_entry_group>, delete_entry_group already registered for DAG: example_complex
[2023-04-08T12:03:29.614+0000] {logging_mixin.py:137} INFO - [2023-04-08T12:03:29.613+0000] {taskmixin.py:211} WARNING - Dependency <Task(BashOperator): delete_entry_group>, create_entry_group already registered for DAG: example_complex
[2023-04-08T12:03:29.615+0000] {logging_mixin.py:137} INFO - [2023-04-08T12:03:29.615+0000] {taskmixin.py:211} WARNING - Dependency <Task(BashOperator): create_entry_gcs>, delete_entry already registered for DAG: example_complex
[2023-04-08T12:03:29.615+0000] {logging_mixin.py:137} INFO - [2023-04-08T12:03:29.615+0000] {taskmixin.py:211} WARNING - Dependency <Task(BashOperator): delete_entry>, create_entry_gcs already registered for DAG: example_complex
[2023-04-08T12:03:29.616+0000] {logging_mixin.py:137} INFO - [2023-04-08T12:03:29.616+0000] {taskmixin.py:211} WARNING - Dependency <Task(BashOperator): create_tag>, delete_tag already registered for DAG: example_complex
[2023-04-08T12:03:29.616+0000] {logging_mixin.py:137} INFO - [2023-04-08T12:03:29.616+0000] {taskmixin.py:211} WARNING - Dependency <Task(BashOperator): delete_tag>, create_tag already registered for DAG: example_complex
[2023-04-08T12:03:29.655+0000] {processor.py:753} INFO - DAG(s) dict_keys(['example_complex']) retrieved from /home/airflow/.local/lib/python3.7/site-packages/airflow/example_dags/example_complex.py
[2023-04-08T12:03:29.798+0000] {logging_mixin.py:137} INFO - [2023-04-08T12:03:29.797+0000] {dag.py:2705} INFO - Sync 1 DAGs
[2023-04-08T12:03:29.930+0000] {logging_mixin.py:137} INFO - [2023-04-08T12:03:29.930+0000] {dag.py:3456} INFO - Setting next_dagrun for example_complex to None, run_after=None
[2023-04-08T12:03:30.009+0000] {processor.py:175} INFO - Processing /home/airflow/.local/lib/python3.7/site-packages/airflow/example_dags/example_complex.py took 0.481 seconds
[2023-04-08T12:04:00.877+0000] {processor.py:153} INFO - Started process (PID=318) to work on /home/airflow/.local/lib/python3.7/site-packages/airflow/example_dags/example_complex.py
[2023-04-08T12:04:00.878+0000] {processor.py:743} INFO - Processing file /home/airflow/.local/lib/python3.7/site-packages/airflow/example_dags/example_complex.py for tasks to queue
[2023-04-08T12:04:00.879+0000] {logging_mixin.py:137} INFO - [2023-04-08T12:04:00.879+0000] {dagbag.py:532} INFO - Filling up the DagBag from /home/airflow/.local/lib/python3.7/site-packages/airflow/example_dags/example_complex.py
[2023-04-08T12:04:00.899+0000] {logging_mixin.py:137} INFO - [2023-04-08T12:04:00.899+0000] {taskmixin.py:211} WARNING - Dependency <Task(BashOperator): create_entry_group>, delete_entry_group already registered for DAG: example_complex
[2023-04-08T12:04:00.899+0000] {logging_mixin.py:137} INFO - [2023-04-08T12:04:00.899+0000] {taskmixin.py:211} WARNING - Dependency <Task(BashOperator): delete_entry_group>, create_entry_group already registered for DAG: example_complex
[2023-04-08T12:04:00.899+0000] {logging_mixin.py:137} INFO - [2023-04-08T12:04:00.899+0000] {taskmixin.py:211} WARNING - Dependency <Task(BashOperator): create_entry_gcs>, delete_entry already registered for DAG: example_complex
[2023-04-08T12:04:00.900+0000] {logging_mixin.py:137} INFO - [2023-04-08T12:04:00.900+0000] {taskmixin.py:211} WARNING - Dependency <Task(BashOperator): delete_entry>, create_entry_gcs already registered for DAG: example_complex
[2023-04-08T12:04:00.900+0000] {logging_mixin.py:137} INFO - [2023-04-08T12:04:00.900+0000] {taskmixin.py:211} WARNING - Dependency <Task(BashOperator): create_tag>, delete_tag already registered for DAG: example_complex
[2023-04-08T12:04:00.901+0000] {logging_mixin.py:137} INFO - [2023-04-08T12:04:00.900+0000] {taskmixin.py:211} WARNING - Dependency <Task(BashOperator): delete_tag>, create_tag already registered for DAG: example_complex
[2023-04-08T12:04:00.911+0000] {processor.py:753} INFO - DAG(s) dict_keys(['example_complex']) retrieved from /home/airflow/.local/lib/python3.7/site-packages/airflow/example_dags/example_complex.py
[2023-04-08T12:04:00.966+0000] {logging_mixin.py:137} INFO - [2023-04-08T12:04:00.966+0000] {dag.py:2705} INFO - Sync 1 DAGs
[2023-04-08T12:04:01.039+0000] {logging_mixin.py:137} INFO - [2023-04-08T12:04:01.039+0000] {dag.py:3456} INFO - Setting next_dagrun for example_complex to None, run_after=None
[2023-04-08T12:04:01.063+0000] {processor.py:175} INFO - Processing /home/airflow/.local/lib/python3.7/site-packages/airflow/example_dags/example_complex.py took 0.191 seconds
[2023-04-08T12:04:31.384+0000] {processor.py:153} INFO - Started process (PID=369) to work on /home/airflow/.local/lib/python3.7/site-packages/airflow/example_dags/example_complex.py
[2023-04-08T12:04:31.385+0000] {processor.py:743} INFO - Processing file /home/airflow/.local/lib/python3.7/site-packages/airflow/example_dags/example_complex.py for tasks to queue
[2023-04-08T12:04:31.385+0000] {logging_mixin.py:137} INFO - [2023-04-08T12:04:31.385+0000] {dagbag.py:532} INFO - Filling up the DagBag from /home/airflow/.local/lib/python3.7/site-packages/airflow/example_dags/example_complex.py
[2023-04-08T12:04:31.404+0000] {logging_mixin.py:137} INFO - [2023-04-08T12:04:31.404+0000] {taskmixin.py:211} WARNING - Dependency <Task(BashOperator): create_entry_group>, delete_entry_group already registered for DAG: example_complex
[2023-04-08T12:04:31.404+0000] {logging_mixin.py:137} INFO - [2023-04-08T12:04:31.404+0000] {taskmixin.py:211} WARNING - Dependency <Task(BashOperator): delete_entry_group>, create_entry_group already registered for DAG: example_complex
[2023-04-08T12:04:31.405+0000] {logging_mixin.py:137} INFO - [2023-04-08T12:04:31.405+0000] {taskmixin.py:211} WARNING - Dependency <Task(BashOperator): create_entry_gcs>, delete_entry already registered for DAG: example_complex
[2023-04-08T12:04:31.405+0000] {logging_mixin.py:137} INFO - [2023-04-08T12:04:31.405+0000] {taskmixin.py:211} WARNING - Dependency <Task(BashOperator): delete_entry>, create_entry_gcs already registered for DAG: example_complex
[2023-04-08T12:04:31.406+0000] {logging_mixin.py:137} INFO - [2023-04-08T12:04:31.405+0000] {taskmixin.py:211} WARNING - Dependency <Task(BashOperator): create_tag>, delete_tag already registered for DAG: example_complex
[2023-04-08T12:04:31.406+0000] {logging_mixin.py:137} INFO - [2023-04-08T12:04:31.406+0000] {taskmixin.py:211} WARNING - Dependency <Task(BashOperator): delete_tag>, create_tag already registered for DAG: example_complex
[2023-04-08T12:04:31.416+0000] {processor.py:753} INFO - DAG(s) dict_keys(['example_complex']) retrieved from /home/airflow/.local/lib/python3.7/site-packages/airflow/example_dags/example_complex.py
[2023-04-08T12:04:31.473+0000] {logging_mixin.py:137} INFO - [2023-04-08T12:04:31.473+0000] {dag.py:2705} INFO - Sync 1 DAGs
[2023-04-08T12:04:31.511+0000] {logging_mixin.py:137} INFO - [2023-04-08T12:04:31.511+0000] {dag.py:3456} INFO - Setting next_dagrun for example_complex to None, run_after=None
[2023-04-08T12:04:31.535+0000] {processor.py:175} INFO - Processing /home/airflow/.local/lib/python3.7/site-packages/airflow/example_dags/example_complex.py took 0.156 seconds
[2023-04-08T12:05:01.577+0000] {processor.py:153} INFO - Started process (PID=419) to work on /home/airflow/.local/lib/python3.7/site-packages/airflow/example_dags/example_complex.py
[2023-04-08T12:05:01.578+0000] {processor.py:743} INFO - Processing file /home/airflow/.local/lib/python3.7/site-packages/airflow/example_dags/example_complex.py for tasks to queue
[2023-04-08T12:05:01.579+0000] {logging_mixin.py:137} INFO - [2023-04-08T12:05:01.579+0000] {dagbag.py:532} INFO - Filling up the DagBag from /home/airflow/.local/lib/python3.7/site-packages/airflow/example_dags/example_complex.py
[2023-04-08T12:05:01.598+0000] {logging_mixin.py:137} INFO - [2023-04-08T12:05:01.598+0000] {taskmixin.py:211} WARNING - Dependency <Task(BashOperator): create_entry_group>, delete_entry_group already registered for DAG: example_complex
[2023-04-08T12:05:01.599+0000] {logging_mixin.py:137} INFO - [2023-04-08T12:05:01.598+0000] {taskmixin.py:211} WARNING - Dependency <Task(BashOperator): delete_entry_group>, create_entry_group already registered for DAG: example_complex
[2023-04-08T12:05:01.599+0000] {logging_mixin.py:137} INFO - [2023-04-08T12:05:01.599+0000] {taskmixin.py:211} WARNING - Dependency <Task(BashOperator): create_entry_gcs>, delete_entry already registered for DAG: example_complex
[2023-04-08T12:05:01.599+0000] {logging_mixin.py:137} INFO - [2023-04-08T12:05:01.599+0000] {taskmixin.py:211} WARNING - Dependency <Task(BashOperator): delete_entry>, create_entry_gcs already registered for DAG: example_complex
[2023-04-08T12:05:01.600+0000] {logging_mixin.py:137} INFO - [2023-04-08T12:05:01.600+0000] {taskmixin.py:211} WARNING - Dependency <Task(BashOperator): create_tag>, delete_tag already registered for DAG: example_complex
[2023-04-08T12:05:01.600+0000] {logging_mixin.py:137} INFO - [2023-04-08T12:05:01.600+0000] {taskmixin.py:211} WARNING - Dependency <Task(BashOperator): delete_tag>, create_tag already registered for DAG: example_complex
[2023-04-08T12:05:01.611+0000] {processor.py:753} INFO - DAG(s) dict_keys(['example_complex']) retrieved from /home/airflow/.local/lib/python3.7/site-packages/airflow/example_dags/example_complex.py
[2023-04-08T12:05:01.668+0000] {logging_mixin.py:137} INFO - [2023-04-08T12:05:01.667+0000] {dag.py:2705} INFO - Sync 1 DAGs
[2023-04-08T12:05:01.709+0000] {logging_mixin.py:137} INFO - [2023-04-08T12:05:01.709+0000] {dag.py:3456} INFO - Setting next_dagrun for example_complex to None, run_after=None
[2023-04-08T12:05:01.734+0000] {processor.py:175} INFO - Processing /home/airflow/.local/lib/python3.7/site-packages/airflow/example_dags/example_complex.py took 0.161 seconds
[2023-04-08T12:05:31.838+0000] {processor.py:153} INFO - Started process (PID=470) to work on /home/airflow/.local/lib/python3.7/site-packages/airflow/example_dags/example_complex.py
[2023-04-08T12:05:31.838+0000] {processor.py:743} INFO - Processing file /home/airflow/.local/lib/python3.7/site-packages/airflow/example_dags/example_complex.py for tasks to queue
[2023-04-08T12:05:31.839+0000] {logging_mixin.py:137} INFO - [2023-04-08T12:05:31.839+0000] {dagbag.py:532} INFO - Filling up the DagBag from /home/airflow/.local/lib/python3.7/site-packages/airflow/example_dags/example_complex.py
[2023-04-08T12:05:31.858+0000] {logging_mixin.py:137} INFO - [2023-04-08T12:05:31.858+0000] {taskmixin.py:211} WARNING - Dependency <Task(BashOperator): create_entry_group>, delete_entry_group already registered for DAG: example_complex
[2023-04-08T12:05:31.859+0000] {logging_mixin.py:137} INFO - [2023-04-08T12:05:31.858+0000] {taskmixin.py:211} WARNING - Dependency <Task(BashOperator): delete_entry_group>, create_entry_group already registered for DAG: example_complex
[2023-04-08T12:05:31.859+0000] {logging_mixin.py:137} INFO - [2023-04-08T12:05:31.859+0000] {taskmixin.py:211} WARNING - Dependency <Task(BashOperator): create_entry_gcs>, delete_entry already registered for DAG: example_complex
[2023-04-08T12:05:31.859+0000] {logging_mixin.py:137} INFO - [2023-04-08T12:05:31.859+0000] {taskmixin.py:211} WARNING - Dependency <Task(BashOperator): delete_entry>, create_entry_gcs already registered for DAG: example_complex
[2023-04-08T12:05:31.860+0000] {logging_mixin.py:137} INFO - [2023-04-08T12:05:31.860+0000] {taskmixin.py:211} WARNING - Dependency <Task(BashOperator): create_tag>, delete_tag already registered for DAG: example_complex
[2023-04-08T12:05:31.860+0000] {logging_mixin.py:137} INFO - [2023-04-08T12:05:31.860+0000] {taskmixin.py:211} WARNING - Dependency <Task(BashOperator): delete_tag>, create_tag already registered for DAG: example_complex
[2023-04-08T12:05:31.870+0000] {processor.py:753} INFO - DAG(s) dict_keys(['example_complex']) retrieved from /home/airflow/.local/lib/python3.7/site-packages/airflow/example_dags/example_complex.py
[2023-04-08T12:05:31.928+0000] {logging_mixin.py:137} INFO - [2023-04-08T12:05:31.928+0000] {dag.py:2705} INFO - Sync 1 DAGs
[2023-04-08T12:05:31.973+0000] {logging_mixin.py:137} INFO - [2023-04-08T12:05:31.973+0000] {dag.py:3456} INFO - Setting next_dagrun for example_complex to None, run_after=None
[2023-04-08T12:05:31.999+0000] {processor.py:175} INFO - Processing /home/airflow/.local/lib/python3.7/site-packages/airflow/example_dags/example_complex.py took 0.166 seconds
[2023-04-08T12:06:02.045+0000] {processor.py:153} INFO - Started process (PID=520) to work on /home/airflow/.local/lib/python3.7/site-packages/airflow/example_dags/example_complex.py
[2023-04-08T12:06:02.047+0000] {processor.py:743} INFO - Processing file /home/airflow/.local/lib/python3.7/site-packages/airflow/example_dags/example_complex.py for tasks to queue
[2023-04-08T12:06:02.048+0000] {logging_mixin.py:137} INFO - [2023-04-08T12:06:02.047+0000] {dagbag.py:532} INFO - Filling up the DagBag from /home/airflow/.local/lib/python3.7/site-packages/airflow/example_dags/example_complex.py
[2023-04-08T12:06:02.067+0000] {logging_mixin.py:137} INFO - [2023-04-08T12:06:02.066+0000] {taskmixin.py:211} WARNING - Dependency <Task(BashOperator): create_entry_group>, delete_entry_group already registered for DAG: example_complex
[2023-04-08T12:06:02.067+0000] {logging_mixin.py:137} INFO - [2023-04-08T12:06:02.067+0000] {taskmixin.py:211} WARNING - Dependency <Task(BashOperator): delete_entry_group>, create_entry_group already registered for DAG: example_complex
[2023-04-08T12:06:02.067+0000] {logging_mixin.py:137} INFO - [2023-04-08T12:06:02.067+0000] {taskmixin.py:211} WARNING - Dependency <Task(BashOperator): create_entry_gcs>, delete_entry already registered for DAG: example_complex
[2023-04-08T12:06:02.067+0000] {logging_mixin.py:137} INFO - [2023-04-08T12:06:02.067+0000] {taskmixin.py:211} WARNING - Dependency <Task(BashOperator): delete_entry>, create_entry_gcs already registered for DAG: example_complex
[2023-04-08T12:06:02.068+0000] {logging_mixin.py:137} INFO - [2023-04-08T12:06:02.068+0000] {taskmixin.py:211} WARNING - Dependency <Task(BashOperator): create_tag>, delete_tag already registered for DAG: example_complex
[2023-04-08T12:06:02.068+0000] {logging_mixin.py:137} INFO - [2023-04-08T12:06:02.068+0000] {taskmixin.py:211} WARNING - Dependency <Task(BashOperator): delete_tag>, create_tag already registered for DAG: example_complex
[2023-04-08T12:06:02.079+0000] {processor.py:753} INFO - DAG(s) dict_keys(['example_complex']) retrieved from /home/airflow/.local/lib/python3.7/site-packages/airflow/example_dags/example_complex.py
[2023-04-08T12:06:02.136+0000] {logging_mixin.py:137} INFO - [2023-04-08T12:06:02.135+0000] {dag.py:2705} INFO - Sync 1 DAGs
[2023-04-08T12:06:02.177+0000] {logging_mixin.py:137} INFO - [2023-04-08T12:06:02.177+0000] {dag.py:3456} INFO - Setting next_dagrun for example_complex to None, run_after=None
[2023-04-08T12:06:02.201+0000] {processor.py:175} INFO - Processing /home/airflow/.local/lib/python3.7/site-packages/airflow/example_dags/example_complex.py took 0.160 seconds
[2023-04-08T12:06:32.359+0000] {processor.py:153} INFO - Started process (PID=570) to work on /home/airflow/.local/lib/python3.7/site-packages/airflow/example_dags/example_complex.py
[2023-04-08T12:06:32.360+0000] {processor.py:743} INFO - Processing file /home/airflow/.local/lib/python3.7/site-packages/airflow/example_dags/example_complex.py for tasks to queue
[2023-04-08T12:06:32.361+0000] {logging_mixin.py:137} INFO - [2023-04-08T12:06:32.361+0000] {dagbag.py:532} INFO - Filling up the DagBag from /home/airflow/.local/lib/python3.7/site-packages/airflow/example_dags/example_complex.py
[2023-04-08T12:06:32.380+0000] {logging_mixin.py:137} INFO - [2023-04-08T12:06:32.380+0000] {taskmixin.py:211} WARNING - Dependency <Task(BashOperator): create_entry_group>, delete_entry_group already registered for DAG: example_complex
[2023-04-08T12:06:32.380+0000] {logging_mixin.py:137} INFO - [2023-04-08T12:06:32.380+0000] {taskmixin.py:211} WARNING - Dependency <Task(BashOperator): delete_entry_group>, create_entry_group already registered for DAG: example_complex
[2023-04-08T12:06:32.380+0000] {logging_mixin.py:137} INFO - [2023-04-08T12:06:32.380+0000] {taskmixin.py:211} WARNING - Dependency <Task(BashOperator): create_entry_gcs>, delete_entry already registered for DAG: example_complex
[2023-04-08T12:06:32.381+0000] {logging_mixin.py:137} INFO - [2023-04-08T12:06:32.381+0000] {taskmixin.py:211} WARNING - Dependency <Task(BashOperator): delete_entry>, create_entry_gcs already registered for DAG: example_complex
[2023-04-08T12:06:32.381+0000] {logging_mixin.py:137} INFO - [2023-04-08T12:06:32.381+0000] {taskmixin.py:211} WARNING - Dependency <Task(BashOperator): create_tag>, delete_tag already registered for DAG: example_complex
[2023-04-08T12:06:32.382+0000] {logging_mixin.py:137} INFO - [2023-04-08T12:06:32.381+0000] {taskmixin.py:211} WARNING - Dependency <Task(BashOperator): delete_tag>, create_tag already registered for DAG: example_complex
[2023-04-08T12:06:32.392+0000] {processor.py:753} INFO - DAG(s) dict_keys(['example_complex']) retrieved from /home/airflow/.local/lib/python3.7/site-packages/airflow/example_dags/example_complex.py
[2023-04-08T12:06:32.450+0000] {logging_mixin.py:137} INFO - [2023-04-08T12:06:32.449+0000] {dag.py:2705} INFO - Sync 1 DAGs
[2023-04-08T12:06:32.488+0000] {logging_mixin.py:137} INFO - [2023-04-08T12:06:32.488+0000] {dag.py:3456} INFO - Setting next_dagrun for example_complex to None, run_after=None
[2023-04-08T12:06:32.511+0000] {processor.py:175} INFO - Processing /home/airflow/.local/lib/python3.7/site-packages/airflow/example_dags/example_complex.py took 0.156 seconds
[2023-04-08T12:07:02.686+0000] {processor.py:153} INFO - Started process (PID=620) to work on /home/airflow/.local/lib/python3.7/site-packages/airflow/example_dags/example_complex.py
[2023-04-08T12:07:02.687+0000] {processor.py:743} INFO - Processing file /home/airflow/.local/lib/python3.7/site-packages/airflow/example_dags/example_complex.py for tasks to queue
[2023-04-08T12:07:02.688+0000] {logging_mixin.py:137} INFO - [2023-04-08T12:07:02.688+0000] {dagbag.py:532} INFO - Filling up the DagBag from /home/airflow/.local/lib/python3.7/site-packages/airflow/example_dags/example_complex.py
[2023-04-08T12:07:02.708+0000] {logging_mixin.py:137} INFO - [2023-04-08T12:07:02.708+0000] {taskmixin.py:211} WARNING - Dependency <Task(BashOperator): create_entry_group>, delete_entry_group already registered for DAG: example_complex
[2023-04-08T12:07:02.708+0000] {logging_mixin.py:137} INFO - [2023-04-08T12:07:02.708+0000] {taskmixin.py:211} WARNING - Dependency <Task(BashOperator): delete_entry_group>, create_entry_group already registered for DAG: example_complex
[2023-04-08T12:07:02.708+0000] {logging_mixin.py:137} INFO - [2023-04-08T12:07:02.708+0000] {taskmixin.py:211} WARNING - Dependency <Task(BashOperator): create_entry_gcs>, delete_entry already registered for DAG: example_complex
[2023-04-08T12:07:02.709+0000] {logging_mixin.py:137} INFO - [2023-04-08T12:07:02.709+0000] {taskmixin.py:211} WARNING - Dependency <Task(BashOperator): delete_entry>, create_entry_gcs already registered for DAG: example_complex
[2023-04-08T12:07:02.709+0000] {logging_mixin.py:137} INFO - [2023-04-08T12:07:02.709+0000] {taskmixin.py:211} WARNING - Dependency <Task(BashOperator): create_tag>, delete_tag already registered for DAG: example_complex
[2023-04-08T12:07:02.710+0000] {logging_mixin.py:137} INFO - [2023-04-08T12:07:02.709+0000] {taskmixin.py:211} WARNING - Dependency <Task(BashOperator): delete_tag>, create_tag already registered for DAG: example_complex
[2023-04-08T12:07:02.720+0000] {processor.py:753} INFO - DAG(s) dict_keys(['example_complex']) retrieved from /home/airflow/.local/lib/python3.7/site-packages/airflow/example_dags/example_complex.py
[2023-04-08T12:07:02.775+0000] {logging_mixin.py:137} INFO - [2023-04-08T12:07:02.775+0000] {dag.py:2705} INFO - Sync 1 DAGs
[2023-04-08T12:07:02.816+0000] {logging_mixin.py:137} INFO - [2023-04-08T12:07:02.815+0000] {dag.py:3456} INFO - Setting next_dagrun for example_complex to None, run_after=None
[2023-04-08T12:07:02.850+0000] {processor.py:175} INFO - Processing /home/airflow/.local/lib/python3.7/site-packages/airflow/example_dags/example_complex.py took 0.169 seconds
[2023-04-08T12:07:33.409+0000] {processor.py:153} INFO - Started process (PID=669) to work on /home/airflow/.local/lib/python3.7/site-packages/airflow/example_dags/example_complex.py
[2023-04-08T12:07:33.410+0000] {processor.py:743} INFO - Processing file /home/airflow/.local/lib/python3.7/site-packages/airflow/example_dags/example_complex.py for tasks to queue
[2023-04-08T12:07:33.411+0000] {logging_mixin.py:137} INFO - [2023-04-08T12:07:33.411+0000] {dagbag.py:532} INFO - Filling up the DagBag from /home/airflow/.local/lib/python3.7/site-packages/airflow/example_dags/example_complex.py
[2023-04-08T12:07:33.430+0000] {logging_mixin.py:137} INFO - [2023-04-08T12:07:33.430+0000] {taskmixin.py:211} WARNING - Dependency <Task(BashOperator): create_entry_group>, delete_entry_group already registered for DAG: example_complex
[2023-04-08T12:07:33.430+0000] {logging_mixin.py:137} INFO - [2023-04-08T12:07:33.430+0000] {taskmixin.py:211} WARNING - Dependency <Task(BashOperator): delete_entry_group>, create_entry_group already registered for DAG: example_complex
[2023-04-08T12:07:33.431+0000] {logging_mixin.py:137} INFO - [2023-04-08T12:07:33.430+0000] {taskmixin.py:211} WARNING - Dependency <Task(BashOperator): create_entry_gcs>, delete_entry already registered for DAG: example_complex
[2023-04-08T12:07:33.431+0000] {logging_mixin.py:137} INFO - [2023-04-08T12:07:33.431+0000] {taskmixin.py:211} WARNING - Dependency <Task(BashOperator): delete_entry>, create_entry_gcs already registered for DAG: example_complex
[2023-04-08T12:07:33.431+0000] {logging_mixin.py:137} INFO - [2023-04-08T12:07:33.431+0000] {taskmixin.py:211} WARNING - Dependency <Task(BashOperator): create_tag>, delete_tag already registered for DAG: example_complex
[2023-04-08T12:07:33.432+0000] {logging_mixin.py:137} INFO - [2023-04-08T12:07:33.432+0000] {taskmixin.py:211} WARNING - Dependency <Task(BashOperator): delete_tag>, create_tag already registered for DAG: example_complex
[2023-04-08T12:07:33.442+0000] {processor.py:753} INFO - DAG(s) dict_keys(['example_complex']) retrieved from /home/airflow/.local/lib/python3.7/site-packages/airflow/example_dags/example_complex.py
[2023-04-08T12:07:33.499+0000] {logging_mixin.py:137} INFO - [2023-04-08T12:07:33.499+0000] {dag.py:2705} INFO - Sync 1 DAGs
[2023-04-08T12:07:33.538+0000] {logging_mixin.py:137} INFO - [2023-04-08T12:07:33.538+0000] {dag.py:3456} INFO - Setting next_dagrun for example_complex to None, run_after=None
[2023-04-08T12:07:33.561+0000] {processor.py:175} INFO - Processing /home/airflow/.local/lib/python3.7/site-packages/airflow/example_dags/example_complex.py took 0.156 seconds
[2023-04-08T12:08:04.150+0000] {processor.py:153} INFO - Started process (PID=719) to work on /home/airflow/.local/lib/python3.7/site-packages/airflow/example_dags/example_complex.py
[2023-04-08T12:08:04.160+0000] {processor.py:743} INFO - Processing file /home/airflow/.local/lib/python3.7/site-packages/airflow/example_dags/example_complex.py for tasks to queue
[2023-04-08T12:08:04.161+0000] {logging_mixin.py:137} INFO - [2023-04-08T12:08:04.161+0000] {dagbag.py:532} INFO - Filling up the DagBag from /home/airflow/.local/lib/python3.7/site-packages/airflow/example_dags/example_complex.py
[2023-04-08T12:08:04.191+0000] {logging_mixin.py:137} INFO - [2023-04-08T12:08:04.190+0000] {taskmixin.py:211} WARNING - Dependency <Task(BashOperator): create_entry_group>, delete_entry_group already registered for DAG: example_complex
[2023-04-08T12:08:04.191+0000] {logging_mixin.py:137} INFO - [2023-04-08T12:08:04.191+0000] {taskmixin.py:211} WARNING - Dependency <Task(BashOperator): delete_entry_group>, create_entry_group already registered for DAG: example_complex
[2023-04-08T12:08:04.191+0000] {logging_mixin.py:137} INFO - [2023-04-08T12:08:04.191+0000] {taskmixin.py:211} WARNING - Dependency <Task(BashOperator): create_entry_gcs>, delete_entry already registered for DAG: example_complex
[2023-04-08T12:08:04.191+0000] {logging_mixin.py:137} INFO - [2023-04-08T12:08:04.191+0000] {taskmixin.py:211} WARNING - Dependency <Task(BashOperator): delete_entry>, create_entry_gcs already registered for DAG: example_complex
[2023-04-08T12:08:04.201+0000] {logging_mixin.py:137} INFO - [2023-04-08T12:08:04.192+0000] {taskmixin.py:211} WARNING - Dependency <Task(BashOperator): create_tag>, delete_tag already registered for DAG: example_complex
[2023-04-08T12:08:04.201+0000] {logging_mixin.py:137} INFO - [2023-04-08T12:08:04.201+0000] {taskmixin.py:211} WARNING - Dependency <Task(BashOperator): delete_tag>, create_tag already registered for DAG: example_complex
[2023-04-08T12:08:04.220+0000] {processor.py:753} INFO - DAG(s) dict_keys(['example_complex']) retrieved from /home/airflow/.local/lib/python3.7/site-packages/airflow/example_dags/example_complex.py
[2023-04-08T12:08:04.328+0000] {logging_mixin.py:137} INFO - [2023-04-08T12:08:04.328+0000] {dag.py:2705} INFO - Sync 1 DAGs
[2023-04-08T12:08:04.367+0000] {logging_mixin.py:137} INFO - [2023-04-08T12:08:04.367+0000] {dag.py:3456} INFO - Setting next_dagrun for example_complex to None, run_after=None
[2023-04-08T12:08:04.391+0000] {processor.py:175} INFO - Processing /home/airflow/.local/lib/python3.7/site-packages/airflow/example_dags/example_complex.py took 0.245 seconds
[2023-04-08T12:08:34.609+0000] {processor.py:153} INFO - Started process (PID=769) to work on /home/airflow/.local/lib/python3.7/site-packages/airflow/example_dags/example_complex.py
[2023-04-08T12:08:34.610+0000] {processor.py:743} INFO - Processing file /home/airflow/.local/lib/python3.7/site-packages/airflow/example_dags/example_complex.py for tasks to queue
[2023-04-08T12:08:34.611+0000] {logging_mixin.py:137} INFO - [2023-04-08T12:08:34.611+0000] {dagbag.py:532} INFO - Filling up the DagBag from /home/airflow/.local/lib/python3.7/site-packages/airflow/example_dags/example_complex.py
[2023-04-08T12:08:34.645+0000] {logging_mixin.py:137} INFO - [2023-04-08T12:08:34.645+0000] {taskmixin.py:211} WARNING - Dependency <Task(BashOperator): create_entry_group>, delete_entry_group already registered for DAG: example_complex
[2023-04-08T12:08:34.645+0000] {logging_mixin.py:137} INFO - [2023-04-08T12:08:34.645+0000] {taskmixin.py:211} WARNING - Dependency <Task(BashOperator): delete_entry_group>, create_entry_group already registered for DAG: example_complex
[2023-04-08T12:08:34.646+0000] {logging_mixin.py:137} INFO - [2023-04-08T12:08:34.646+0000] {taskmixin.py:211} WARNING - Dependency <Task(BashOperator): create_entry_gcs>, delete_entry already registered for DAG: example_complex
[2023-04-08T12:08:34.646+0000] {logging_mixin.py:137} INFO - [2023-04-08T12:08:34.646+0000] {taskmixin.py:211} WARNING - Dependency <Task(BashOperator): delete_entry>, create_entry_gcs already registered for DAG: example_complex
[2023-04-08T12:08:34.647+0000] {logging_mixin.py:137} INFO - [2023-04-08T12:08:34.646+0000] {taskmixin.py:211} WARNING - Dependency <Task(BashOperator): create_tag>, delete_tag already registered for DAG: example_complex
[2023-04-08T12:08:34.647+0000] {logging_mixin.py:137} INFO - [2023-04-08T12:08:34.647+0000] {taskmixin.py:211} WARNING - Dependency <Task(BashOperator): delete_tag>, create_tag already registered for DAG: example_complex
[2023-04-08T12:08:34.673+0000] {processor.py:753} INFO - DAG(s) dict_keys(['example_complex']) retrieved from /home/airflow/.local/lib/python3.7/site-packages/airflow/example_dags/example_complex.py
[2023-04-08T12:08:34.786+0000] {logging_mixin.py:137} INFO - [2023-04-08T12:08:34.785+0000] {dag.py:2705} INFO - Sync 1 DAGs
[2023-04-08T12:08:34.857+0000] {logging_mixin.py:137} INFO - [2023-04-08T12:08:34.857+0000] {dag.py:3456} INFO - Setting next_dagrun for example_complex to None, run_after=None
[2023-04-08T12:08:34.909+0000] {processor.py:175} INFO - Processing /home/airflow/.local/lib/python3.7/site-packages/airflow/example_dags/example_complex.py took 0.304 seconds
[2023-04-08T12:09:05.820+0000] {processor.py:153} INFO - Started process (PID=820) to work on /home/airflow/.local/lib/python3.7/site-packages/airflow/example_dags/example_complex.py
[2023-04-08T12:09:05.821+0000] {processor.py:743} INFO - Processing file /home/airflow/.local/lib/python3.7/site-packages/airflow/example_dags/example_complex.py for tasks to queue
[2023-04-08T12:09:05.822+0000] {logging_mixin.py:137} INFO - [2023-04-08T12:09:05.822+0000] {dagbag.py:532} INFO - Filling up the DagBag from /home/airflow/.local/lib/python3.7/site-packages/airflow/example_dags/example_complex.py
[2023-04-08T12:09:05.856+0000] {logging_mixin.py:137} INFO - [2023-04-08T12:09:05.856+0000] {taskmixin.py:211} WARNING - Dependency <Task(BashOperator): create_entry_group>, delete_entry_group already registered for DAG: example_complex
[2023-04-08T12:09:05.856+0000] {logging_mixin.py:137} INFO - [2023-04-08T12:09:05.856+0000] {taskmixin.py:211} WARNING - Dependency <Task(BashOperator): delete_entry_group>, create_entry_group already registered for DAG: example_complex
[2023-04-08T12:09:05.857+0000] {logging_mixin.py:137} INFO - [2023-04-08T12:09:05.857+0000] {taskmixin.py:211} WARNING - Dependency <Task(BashOperator): create_entry_gcs>, delete_entry already registered for DAG: example_complex
[2023-04-08T12:09:05.857+0000] {logging_mixin.py:137} INFO - [2023-04-08T12:09:05.857+0000] {taskmixin.py:211} WARNING - Dependency <Task(BashOperator): delete_entry>, create_entry_gcs already registered for DAG: example_complex
[2023-04-08T12:09:05.860+0000] {logging_mixin.py:137} INFO - [2023-04-08T12:09:05.860+0000] {taskmixin.py:211} WARNING - Dependency <Task(BashOperator): create_tag>, delete_tag already registered for DAG: example_complex
[2023-04-08T12:09:05.860+0000] {logging_mixin.py:137} INFO - [2023-04-08T12:09:05.860+0000] {taskmixin.py:211} WARNING - Dependency <Task(BashOperator): delete_tag>, create_tag already registered for DAG: example_complex
[2023-04-08T12:09:05.880+0000] {processor.py:753} INFO - DAG(s) dict_keys(['example_complex']) retrieved from /home/airflow/.local/lib/python3.7/site-packages/airflow/example_dags/example_complex.py
[2023-04-08T12:09:06.020+0000] {logging_mixin.py:137} INFO - [2023-04-08T12:09:06.020+0000] {dag.py:2705} INFO - Sync 1 DAGs
[2023-04-08T12:09:06.073+0000] {logging_mixin.py:137} INFO - [2023-04-08T12:09:06.073+0000] {dag.py:3456} INFO - Setting next_dagrun for example_complex to None, run_after=None
[2023-04-08T12:09:06.118+0000] {processor.py:175} INFO - Processing /home/airflow/.local/lib/python3.7/site-packages/airflow/example_dags/example_complex.py took 0.310 seconds
[2023-04-08T12:09:36.210+0000] {processor.py:153} INFO - Started process (PID=870) to work on /home/airflow/.local/lib/python3.7/site-packages/airflow/example_dags/example_complex.py
[2023-04-08T12:09:36.211+0000] {processor.py:743} INFO - Processing file /home/airflow/.local/lib/python3.7/site-packages/airflow/example_dags/example_complex.py for tasks to queue
[2023-04-08T12:09:36.211+0000] {logging_mixin.py:137} INFO - [2023-04-08T12:09:36.211+0000] {dagbag.py:532} INFO - Filling up the DagBag from /home/airflow/.local/lib/python3.7/site-packages/airflow/example_dags/example_complex.py
[2023-04-08T12:09:36.223+0000] {logging_mixin.py:137} INFO - [2023-04-08T12:09:36.223+0000] {taskmixin.py:211} WARNING - Dependency <Task(BashOperator): create_entry_group>, delete_entry_group already registered for DAG: example_complex
[2023-04-08T12:09:36.223+0000] {logging_mixin.py:137} INFO - [2023-04-08T12:09:36.223+0000] {taskmixin.py:211} WARNING - Dependency <Task(BashOperator): delete_entry_group>, create_entry_group already registered for DAG: example_complex
[2023-04-08T12:09:36.224+0000] {logging_mixin.py:137} INFO - [2023-04-08T12:09:36.223+0000] {taskmixin.py:211} WARNING - Dependency <Task(BashOperator): create_entry_gcs>, delete_entry already registered for DAG: example_complex
[2023-04-08T12:09:36.224+0000] {logging_mixin.py:137} INFO - [2023-04-08T12:09:36.224+0000] {taskmixin.py:211} WARNING - Dependency <Task(BashOperator): delete_entry>, create_entry_gcs already registered for DAG: example_complex
[2023-04-08T12:09:36.224+0000] {logging_mixin.py:137} INFO - [2023-04-08T12:09:36.224+0000] {taskmixin.py:211} WARNING - Dependency <Task(BashOperator): create_tag>, delete_tag already registered for DAG: example_complex
[2023-04-08T12:09:36.224+0000] {logging_mixin.py:137} INFO - [2023-04-08T12:09:36.224+0000] {taskmixin.py:211} WARNING - Dependency <Task(BashOperator): delete_tag>, create_tag already registered for DAG: example_complex
[2023-04-08T12:09:36.231+0000] {processor.py:753} INFO - DAG(s) dict_keys(['example_complex']) retrieved from /home/airflow/.local/lib/python3.7/site-packages/airflow/example_dags/example_complex.py
[2023-04-08T12:09:36.264+0000] {logging_mixin.py:137} INFO - [2023-04-08T12:09:36.264+0000] {dag.py:2705} INFO - Sync 1 DAGs
[2023-04-08T12:09:36.289+0000] {logging_mixin.py:137} INFO - [2023-04-08T12:09:36.289+0000] {dag.py:3456} INFO - Setting next_dagrun for example_complex to None, run_after=None
[2023-04-08T12:09:36.306+0000] {processor.py:175} INFO - Processing /home/airflow/.local/lib/python3.7/site-packages/airflow/example_dags/example_complex.py took 0.100 seconds
[2023-04-08T12:10:06.656+0000] {processor.py:153} INFO - Started process (PID=919) to work on /home/airflow/.local/lib/python3.7/site-packages/airflow/example_dags/example_complex.py
[2023-04-08T12:10:06.657+0000] {processor.py:743} INFO - Processing file /home/airflow/.local/lib/python3.7/site-packages/airflow/example_dags/example_complex.py for tasks to queue
[2023-04-08T12:10:06.658+0000] {logging_mixin.py:137} INFO - [2023-04-08T12:10:06.658+0000] {dagbag.py:532} INFO - Filling up the DagBag from /home/airflow/.local/lib/python3.7/site-packages/airflow/example_dags/example_complex.py
[2023-04-08T12:10:06.677+0000] {logging_mixin.py:137} INFO - [2023-04-08T12:10:06.676+0000] {taskmixin.py:211} WARNING - Dependency <Task(BashOperator): create_entry_group>, delete_entry_group already registered for DAG: example_complex
[2023-04-08T12:10:06.677+0000] {logging_mixin.py:137} INFO - [2023-04-08T12:10:06.677+0000] {taskmixin.py:211} WARNING - Dependency <Task(BashOperator): delete_entry_group>, create_entry_group already registered for DAG: example_complex
[2023-04-08T12:10:06.677+0000] {logging_mixin.py:137} INFO - [2023-04-08T12:10:06.677+0000] {taskmixin.py:211} WARNING - Dependency <Task(BashOperator): create_entry_gcs>, delete_entry already registered for DAG: example_complex
[2023-04-08T12:10:06.678+0000] {logging_mixin.py:137} INFO - [2023-04-08T12:10:06.677+0000] {taskmixin.py:211} WARNING - Dependency <Task(BashOperator): delete_entry>, create_entry_gcs already registered for DAG: example_complex
[2023-04-08T12:10:06.678+0000] {logging_mixin.py:137} INFO - [2023-04-08T12:10:06.678+0000] {taskmixin.py:211} WARNING - Dependency <Task(BashOperator): create_tag>, delete_tag already registered for DAG: example_complex
[2023-04-08T12:10:06.678+0000] {logging_mixin.py:137} INFO - [2023-04-08T12:10:06.678+0000] {taskmixin.py:211} WARNING - Dependency <Task(BashOperator): delete_tag>, create_tag already registered for DAG: example_complex
[2023-04-08T12:10:06.689+0000] {processor.py:753} INFO - DAG(s) dict_keys(['example_complex']) retrieved from /home/airflow/.local/lib/python3.7/site-packages/airflow/example_dags/example_complex.py
[2023-04-08T12:10:06.746+0000] {logging_mixin.py:137} INFO - [2023-04-08T12:10:06.746+0000] {dag.py:2705} INFO - Sync 1 DAGs
[2023-04-08T12:10:06.786+0000] {logging_mixin.py:137} INFO - [2023-04-08T12:10:06.786+0000] {dag.py:3456} INFO - Setting next_dagrun for example_complex to None, run_after=None
[2023-04-08T12:10:06.811+0000] {processor.py:175} INFO - Processing /home/airflow/.local/lib/python3.7/site-packages/airflow/example_dags/example_complex.py took 0.160 seconds
[2023-04-08T12:10:36.884+0000] {processor.py:153} INFO - Started process (PID=968) to work on /home/airflow/.local/lib/python3.7/site-packages/airflow/example_dags/example_complex.py
[2023-04-08T12:10:36.885+0000] {processor.py:743} INFO - Processing file /home/airflow/.local/lib/python3.7/site-packages/airflow/example_dags/example_complex.py for tasks to queue
[2023-04-08T12:10:36.886+0000] {logging_mixin.py:137} INFO - [2023-04-08T12:10:36.886+0000] {dagbag.py:532} INFO - Filling up the DagBag from /home/airflow/.local/lib/python3.7/site-packages/airflow/example_dags/example_complex.py
[2023-04-08T12:10:36.905+0000] {logging_mixin.py:137} INFO - [2023-04-08T12:10:36.904+0000] {taskmixin.py:211} WARNING - Dependency <Task(BashOperator): create_entry_group>, delete_entry_group already registered for DAG: example_complex
[2023-04-08T12:10:36.905+0000] {logging_mixin.py:137} INFO - [2023-04-08T12:10:36.905+0000] {taskmixin.py:211} WARNING - Dependency <Task(BashOperator): delete_entry_group>, create_entry_group already registered for DAG: example_complex
[2023-04-08T12:10:36.905+0000] {logging_mixin.py:137} INFO - [2023-04-08T12:10:36.905+0000] {taskmixin.py:211} WARNING - Dependency <Task(BashOperator): create_entry_gcs>, delete_entry already registered for DAG: example_complex
[2023-04-08T12:10:36.906+0000] {logging_mixin.py:137} INFO - [2023-04-08T12:10:36.906+0000] {taskmixin.py:211} WARNING - Dependency <Task(BashOperator): delete_entry>, create_entry_gcs already registered for DAG: example_complex
[2023-04-08T12:10:36.906+0000] {logging_mixin.py:137} INFO - [2023-04-08T12:10:36.906+0000] {taskmixin.py:211} WARNING - Dependency <Task(BashOperator): create_tag>, delete_tag already registered for DAG: example_complex
[2023-04-08T12:10:36.907+0000] {logging_mixin.py:137} INFO - [2023-04-08T12:10:36.906+0000] {taskmixin.py:211} WARNING - Dependency <Task(BashOperator): delete_tag>, create_tag already registered for DAG: example_complex
[2023-04-08T12:10:36.918+0000] {processor.py:753} INFO - DAG(s) dict_keys(['example_complex']) retrieved from /home/airflow/.local/lib/python3.7/site-packages/airflow/example_dags/example_complex.py
[2023-04-08T12:10:36.977+0000] {logging_mixin.py:137} INFO - [2023-04-08T12:10:36.977+0000] {dag.py:2705} INFO - Sync 1 DAGs
[2023-04-08T12:10:37.015+0000] {logging_mixin.py:137} INFO - [2023-04-08T12:10:37.015+0000] {dag.py:3456} INFO - Setting next_dagrun for example_complex to None, run_after=None
[2023-04-08T12:10:37.038+0000] {processor.py:175} INFO - Processing /home/airflow/.local/lib/python3.7/site-packages/airflow/example_dags/example_complex.py took 0.158 seconds
