[2023-04-08T12:01:25.434+0000] {processor.py:153} INFO - Started process (PID=67) to work on /home/airflow/.local/lib/python3.7/site-packages/airflow/example_dags/example_latest_only_with_trigger.py
[2023-04-08T12:01:25.435+0000] {processor.py:743} INFO - Processing file /home/airflow/.local/lib/python3.7/site-packages/airflow/example_dags/example_latest_only_with_trigger.py for tasks to queue
[2023-04-08T12:01:25.435+0000] {logging_mixin.py:137} INFO - [2023-04-08T12:01:25.435+0000] {dagbag.py:532} INFO - Filling up the DagBag from /home/airflow/.local/lib/python3.7/site-packages/airflow/example_dags/example_latest_only_with_trigger.py
[2023-04-08T12:01:25.472+0000] {processor.py:753} INFO - DAG(s) dict_keys(['latest_only_with_trigger']) retrieved from /home/airflow/.local/lib/python3.7/site-packages/airflow/example_dags/example_latest_only_with_trigger.py
[2023-04-08T12:01:25.885+0000] {logging_mixin.py:137} INFO - [2023-04-08T12:01:25.885+0000] {manager.py:504} INFO - Created Permission View: can delete on DAG:latest_only_with_trigger
[2023-04-08T12:01:25.909+0000] {logging_mixin.py:137} INFO - [2023-04-08T12:01:25.908+0000] {manager.py:504} INFO - Created Permission View: can edit on DAG:latest_only_with_trigger
[2023-04-08T12:01:25.925+0000] {logging_mixin.py:137} INFO - [2023-04-08T12:01:25.925+0000] {manager.py:504} INFO - Created Permission View: can read on DAG:latest_only_with_trigger
[2023-04-08T12:01:25.926+0000] {logging_mixin.py:137} INFO - [2023-04-08T12:01:25.926+0000] {dag.py:2705} INFO - Sync 1 DAGs
[2023-04-08T12:01:25.964+0000] {logging_mixin.py:137} INFO - [2023-04-08T12:01:25.963+0000] {dag.py:2726} INFO - Creating ORM DAG for latest_only_with_trigger
[2023-04-08T12:01:25.998+0000] {logging_mixin.py:137} INFO - [2023-04-08T12:01:25.997+0000] {dag.py:3456} INFO - Setting next_dagrun for latest_only_with_trigger to 2023-04-08T08:01:25.997573+00:00, run_after=2023-04-08T12:01:25.997573+00:00
[2023-04-08T12:01:26.062+0000] {processor.py:175} INFO - Processing /home/airflow/.local/lib/python3.7/site-packages/airflow/example_dags/example_latest_only_with_trigger.py took 0.633 seconds
[2023-04-08T12:01:56.314+0000] {processor.py:153} INFO - Started process (PID=117) to work on /home/airflow/.local/lib/python3.7/site-packages/airflow/example_dags/example_latest_only_with_trigger.py
[2023-04-08T12:01:56.315+0000] {processor.py:743} INFO - Processing file /home/airflow/.local/lib/python3.7/site-packages/airflow/example_dags/example_latest_only_with_trigger.py for tasks to queue
[2023-04-08T12:01:56.316+0000] {logging_mixin.py:137} INFO - [2023-04-08T12:01:56.316+0000] {dagbag.py:532} INFO - Filling up the DagBag from /home/airflow/.local/lib/python3.7/site-packages/airflow/example_dags/example_latest_only_with_trigger.py
[2023-04-08T12:01:56.335+0000] {processor.py:753} INFO - DAG(s) dict_keys(['latest_only_with_trigger']) retrieved from /home/airflow/.local/lib/python3.7/site-packages/airflow/example_dags/example_latest_only_with_trigger.py
[2023-04-08T12:01:56.369+0000] {logging_mixin.py:137} INFO - [2023-04-08T12:01:56.368+0000] {dag.py:2705} INFO - Sync 1 DAGs
[2023-04-08T12:01:56.411+0000] {logging_mixin.py:137} INFO - [2023-04-08T12:01:56.411+0000] {dag.py:3456} INFO - Setting next_dagrun for latest_only_with_trigger to 2023-04-08T08:01:56.410706+00:00, run_after=2023-04-08T12:01:56.410706+00:00
[2023-04-08T12:01:56.435+0000] {processor.py:175} INFO - Processing /home/airflow/.local/lib/python3.7/site-packages/airflow/example_dags/example_latest_only_with_trigger.py took 0.125 seconds
[2023-04-08T12:02:27.264+0000] {processor.py:153} INFO - Started process (PID=166) to work on /home/airflow/.local/lib/python3.7/site-packages/airflow/example_dags/example_latest_only_with_trigger.py
[2023-04-08T12:02:27.265+0000] {processor.py:743} INFO - Processing file /home/airflow/.local/lib/python3.7/site-packages/airflow/example_dags/example_latest_only_with_trigger.py for tasks to queue
[2023-04-08T12:02:27.266+0000] {logging_mixin.py:137} INFO - [2023-04-08T12:02:27.266+0000] {dagbag.py:532} INFO - Filling up the DagBag from /home/airflow/.local/lib/python3.7/site-packages/airflow/example_dags/example_latest_only_with_trigger.py
[2023-04-08T12:02:27.285+0000] {processor.py:753} INFO - DAG(s) dict_keys(['latest_only_with_trigger']) retrieved from /home/airflow/.local/lib/python3.7/site-packages/airflow/example_dags/example_latest_only_with_trigger.py
[2023-04-08T12:02:27.320+0000] {logging_mixin.py:137} INFO - [2023-04-08T12:02:27.319+0000] {dag.py:2705} INFO - Sync 1 DAGs
[2023-04-08T12:02:27.361+0000] {logging_mixin.py:137} INFO - [2023-04-08T12:02:27.360+0000] {dag.py:3456} INFO - Setting next_dagrun for latest_only_with_trigger to 2023-04-08T08:02:27.360489+00:00, run_after=2023-04-08T12:02:27.360489+00:00
[2023-04-08T12:02:27.385+0000] {processor.py:175} INFO - Processing /home/airflow/.local/lib/python3.7/site-packages/airflow/example_dags/example_latest_only_with_trigger.py took 0.127 seconds
[2023-04-08T12:02:57.632+0000] {processor.py:153} INFO - Started process (PID=216) to work on /home/airflow/.local/lib/python3.7/site-packages/airflow/example_dags/example_latest_only_with_trigger.py
[2023-04-08T12:02:57.637+0000] {processor.py:743} INFO - Processing file /home/airflow/.local/lib/python3.7/site-packages/airflow/example_dags/example_latest_only_with_trigger.py for tasks to queue
[2023-04-08T12:02:57.638+0000] {logging_mixin.py:137} INFO - [2023-04-08T12:02:57.638+0000] {dagbag.py:532} INFO - Filling up the DagBag from /home/airflow/.local/lib/python3.7/site-packages/airflow/example_dags/example_latest_only_with_trigger.py
[2023-04-08T12:02:57.664+0000] {processor.py:753} INFO - DAG(s) dict_keys(['latest_only_with_trigger']) retrieved from /home/airflow/.local/lib/python3.7/site-packages/airflow/example_dags/example_latest_only_with_trigger.py
[2023-04-08T12:02:57.730+0000] {logging_mixin.py:137} INFO - [2023-04-08T12:02:57.729+0000] {dag.py:2705} INFO - Sync 1 DAGs
[2023-04-08T12:02:57.780+0000] {logging_mixin.py:137} INFO - [2023-04-08T12:02:57.780+0000] {dag.py:3456} INFO - Setting next_dagrun for latest_only_with_trigger to 2023-04-08T08:02:57.779993+00:00, run_after=2023-04-08T12:02:57.779993+00:00
[2023-04-08T12:02:57.820+0000] {processor.py:175} INFO - Processing /home/airflow/.local/lib/python3.7/site-packages/airflow/example_dags/example_latest_only_with_trigger.py took 0.207 seconds
[2023-04-08T12:03:29.080+0000] {processor.py:153} INFO - Started process (PID=266) to work on /home/airflow/.local/lib/python3.7/site-packages/airflow/example_dags/example_latest_only_with_trigger.py
[2023-04-08T12:03:29.089+0000] {processor.py:743} INFO - Processing file /home/airflow/.local/lib/python3.7/site-packages/airflow/example_dags/example_latest_only_with_trigger.py for tasks to queue
[2023-04-08T12:03:29.090+0000] {logging_mixin.py:137} INFO - [2023-04-08T12:03:29.090+0000] {dagbag.py:532} INFO - Filling up the DagBag from /home/airflow/.local/lib/python3.7/site-packages/airflow/example_dags/example_latest_only_with_trigger.py
[2023-04-08T12:03:29.152+0000] {processor.py:753} INFO - DAG(s) dict_keys(['latest_only_with_trigger']) retrieved from /home/airflow/.local/lib/python3.7/site-packages/airflow/example_dags/example_latest_only_with_trigger.py
[2023-04-08T12:03:29.268+0000] {logging_mixin.py:137} INFO - [2023-04-08T12:03:29.268+0000] {dag.py:2705} INFO - Sync 1 DAGs
[2023-04-08T12:03:29.401+0000] {logging_mixin.py:137} INFO - [2023-04-08T12:03:29.400+0000] {dag.py:3456} INFO - Setting next_dagrun for latest_only_with_trigger to 2023-04-08T08:03:29.400605+00:00, run_after=2023-04-08T12:03:29.400605+00:00
[2023-04-08T12:03:29.477+0000] {processor.py:175} INFO - Processing /home/airflow/.local/lib/python3.7/site-packages/airflow/example_dags/example_latest_only_with_trigger.py took 0.425 seconds
[2023-04-08T12:03:59.720+0000] {processor.py:153} INFO - Started process (PID=316) to work on /home/airflow/.local/lib/python3.7/site-packages/airflow/example_dags/example_latest_only_with_trigger.py
[2023-04-08T12:03:59.721+0000] {processor.py:743} INFO - Processing file /home/airflow/.local/lib/python3.7/site-packages/airflow/example_dags/example_latest_only_with_trigger.py for tasks to queue
[2023-04-08T12:03:59.722+0000] {logging_mixin.py:137} INFO - [2023-04-08T12:03:59.722+0000] {dagbag.py:532} INFO - Filling up the DagBag from /home/airflow/.local/lib/python3.7/site-packages/airflow/example_dags/example_latest_only_with_trigger.py
[2023-04-08T12:03:59.742+0000] {processor.py:753} INFO - DAG(s) dict_keys(['latest_only_with_trigger']) retrieved from /home/airflow/.local/lib/python3.7/site-packages/airflow/example_dags/example_latest_only_with_trigger.py
[2023-04-08T12:03:59.778+0000] {logging_mixin.py:137} INFO - [2023-04-08T12:03:59.778+0000] {dag.py:2705} INFO - Sync 1 DAGs
[2023-04-08T12:03:59.821+0000] {logging_mixin.py:137} INFO - [2023-04-08T12:03:59.821+0000] {dag.py:3456} INFO - Setting next_dagrun for latest_only_with_trigger to 2023-04-08T08:03:59.820975+00:00, run_after=2023-04-08T12:03:59.820975+00:00
[2023-04-08T12:03:59.845+0000] {processor.py:175} INFO - Processing /home/airflow/.local/lib/python3.7/site-packages/airflow/example_dags/example_latest_only_with_trigger.py took 0.129 seconds
[2023-04-08T12:04:30.125+0000] {processor.py:153} INFO - Started process (PID=367) to work on /home/airflow/.local/lib/python3.7/site-packages/airflow/example_dags/example_latest_only_with_trigger.py
[2023-04-08T12:04:30.127+0000] {processor.py:743} INFO - Processing file /home/airflow/.local/lib/python3.7/site-packages/airflow/example_dags/example_latest_only_with_trigger.py for tasks to queue
[2023-04-08T12:04:30.128+0000] {logging_mixin.py:137} INFO - [2023-04-08T12:04:30.128+0000] {dagbag.py:532} INFO - Filling up the DagBag from /home/airflow/.local/lib/python3.7/site-packages/airflow/example_dags/example_latest_only_with_trigger.py
[2023-04-08T12:04:30.159+0000] {processor.py:753} INFO - DAG(s) dict_keys(['latest_only_with_trigger']) retrieved from /home/airflow/.local/lib/python3.7/site-packages/airflow/example_dags/example_latest_only_with_trigger.py
[2023-04-08T12:04:30.213+0000] {logging_mixin.py:137} INFO - [2023-04-08T12:04:30.213+0000] {dag.py:2705} INFO - Sync 1 DAGs
[2023-04-08T12:04:30.289+0000] {logging_mixin.py:137} INFO - [2023-04-08T12:04:30.289+0000] {dag.py:3456} INFO - Setting next_dagrun for latest_only_with_trigger to 2023-04-08T08:04:30.288902+00:00, run_after=2023-04-08T12:04:30.288902+00:00
[2023-04-08T12:04:30.338+0000] {processor.py:175} INFO - Processing /home/airflow/.local/lib/python3.7/site-packages/airflow/example_dags/example_latest_only_with_trigger.py took 0.224 seconds
[2023-04-08T12:05:00.465+0000] {processor.py:153} INFO - Started process (PID=417) to work on /home/airflow/.local/lib/python3.7/site-packages/airflow/example_dags/example_latest_only_with_trigger.py
[2023-04-08T12:05:00.466+0000] {processor.py:743} INFO - Processing file /home/airflow/.local/lib/python3.7/site-packages/airflow/example_dags/example_latest_only_with_trigger.py for tasks to queue
[2023-04-08T12:05:00.466+0000] {logging_mixin.py:137} INFO - [2023-04-08T12:05:00.466+0000] {dagbag.py:532} INFO - Filling up the DagBag from /home/airflow/.local/lib/python3.7/site-packages/airflow/example_dags/example_latest_only_with_trigger.py
[2023-04-08T12:05:00.483+0000] {processor.py:753} INFO - DAG(s) dict_keys(['latest_only_with_trigger']) retrieved from /home/airflow/.local/lib/python3.7/site-packages/airflow/example_dags/example_latest_only_with_trigger.py
[2023-04-08T12:05:00.508+0000] {logging_mixin.py:137} INFO - [2023-04-08T12:05:00.508+0000] {dag.py:2705} INFO - Sync 1 DAGs
[2023-04-08T12:05:00.532+0000] {logging_mixin.py:137} INFO - [2023-04-08T12:05:00.532+0000] {dag.py:3456} INFO - Setting next_dagrun for latest_only_with_trigger to 2023-04-08T08:05:00.532133+00:00, run_after=2023-04-08T12:05:00.532133+00:00
[2023-04-08T12:05:00.548+0000] {processor.py:175} INFO - Processing /home/airflow/.local/lib/python3.7/site-packages/airflow/example_dags/example_latest_only_with_trigger.py took 0.087 seconds
[2023-04-08T12:05:30.685+0000] {processor.py:153} INFO - Started process (PID=468) to work on /home/airflow/.local/lib/python3.7/site-packages/airflow/example_dags/example_latest_only_with_trigger.py
[2023-04-08T12:05:30.686+0000] {processor.py:743} INFO - Processing file /home/airflow/.local/lib/python3.7/site-packages/airflow/example_dags/example_latest_only_with_trigger.py for tasks to queue
[2023-04-08T12:05:30.687+0000] {logging_mixin.py:137} INFO - [2023-04-08T12:05:30.687+0000] {dagbag.py:532} INFO - Filling up the DagBag from /home/airflow/.local/lib/python3.7/site-packages/airflow/example_dags/example_latest_only_with_trigger.py
[2023-04-08T12:05:30.706+0000] {processor.py:753} INFO - DAG(s) dict_keys(['latest_only_with_trigger']) retrieved from /home/airflow/.local/lib/python3.7/site-packages/airflow/example_dags/example_latest_only_with_trigger.py
[2023-04-08T12:05:30.743+0000] {logging_mixin.py:137} INFO - [2023-04-08T12:05:30.743+0000] {dag.py:2705} INFO - Sync 1 DAGs
[2023-04-08T12:05:30.782+0000] {logging_mixin.py:137} INFO - [2023-04-08T12:05:30.782+0000] {dag.py:3456} INFO - Setting next_dagrun for latest_only_with_trigger to 2023-04-08T08:05:30.782278+00:00, run_after=2023-04-08T12:05:30.782278+00:00
[2023-04-08T12:05:30.807+0000] {processor.py:175} INFO - Processing /home/airflow/.local/lib/python3.7/site-packages/airflow/example_dags/example_latest_only_with_trigger.py took 0.127 seconds
[2023-04-08T12:06:00.886+0000] {processor.py:153} INFO - Started process (PID=518) to work on /home/airflow/.local/lib/python3.7/site-packages/airflow/example_dags/example_latest_only_with_trigger.py
[2023-04-08T12:06:00.887+0000] {processor.py:743} INFO - Processing file /home/airflow/.local/lib/python3.7/site-packages/airflow/example_dags/example_latest_only_with_trigger.py for tasks to queue
[2023-04-08T12:06:00.888+0000] {logging_mixin.py:137} INFO - [2023-04-08T12:06:00.888+0000] {dagbag.py:532} INFO - Filling up the DagBag from /home/airflow/.local/lib/python3.7/site-packages/airflow/example_dags/example_latest_only_with_trigger.py
[2023-04-08T12:06:00.907+0000] {processor.py:753} INFO - DAG(s) dict_keys(['latest_only_with_trigger']) retrieved from /home/airflow/.local/lib/python3.7/site-packages/airflow/example_dags/example_latest_only_with_trigger.py
[2023-04-08T12:06:00.942+0000] {logging_mixin.py:137} INFO - [2023-04-08T12:06:00.942+0000] {dag.py:2705} INFO - Sync 1 DAGs
[2023-04-08T12:06:00.982+0000] {logging_mixin.py:137} INFO - [2023-04-08T12:06:00.982+0000] {dag.py:3456} INFO - Setting next_dagrun for latest_only_with_trigger to 2023-04-08T08:06:00.981944+00:00, run_after=2023-04-08T12:06:00.981944+00:00
[2023-04-08T12:06:01.013+0000] {processor.py:175} INFO - Processing /home/airflow/.local/lib/python3.7/site-packages/airflow/example_dags/example_latest_only_with_trigger.py took 0.131 seconds
[2023-04-08T12:06:31.210+0000] {processor.py:153} INFO - Started process (PID=568) to work on /home/airflow/.local/lib/python3.7/site-packages/airflow/example_dags/example_latest_only_with_trigger.py
[2023-04-08T12:06:31.211+0000] {processor.py:743} INFO - Processing file /home/airflow/.local/lib/python3.7/site-packages/airflow/example_dags/example_latest_only_with_trigger.py for tasks to queue
[2023-04-08T12:06:31.212+0000] {logging_mixin.py:137} INFO - [2023-04-08T12:06:31.212+0000] {dagbag.py:532} INFO - Filling up the DagBag from /home/airflow/.local/lib/python3.7/site-packages/airflow/example_dags/example_latest_only_with_trigger.py
[2023-04-08T12:06:31.231+0000] {processor.py:753} INFO - DAG(s) dict_keys(['latest_only_with_trigger']) retrieved from /home/airflow/.local/lib/python3.7/site-packages/airflow/example_dags/example_latest_only_with_trigger.py
[2023-04-08T12:06:31.266+0000] {logging_mixin.py:137} INFO - [2023-04-08T12:06:31.265+0000] {dag.py:2705} INFO - Sync 1 DAGs
[2023-04-08T12:06:31.304+0000] {logging_mixin.py:137} INFO - [2023-04-08T12:06:31.303+0000] {dag.py:3456} INFO - Setting next_dagrun for latest_only_with_trigger to 2023-04-08T08:06:31.303641+00:00, run_after=2023-04-08T12:06:31.303641+00:00
[2023-04-08T12:06:31.328+0000] {processor.py:175} INFO - Processing /home/airflow/.local/lib/python3.7/site-packages/airflow/example_dags/example_latest_only_with_trigger.py took 0.122 seconds
[2023-04-08T12:07:01.527+0000] {processor.py:153} INFO - Started process (PID=618) to work on /home/airflow/.local/lib/python3.7/site-packages/airflow/example_dags/example_latest_only_with_trigger.py
[2023-04-08T12:07:01.529+0000] {processor.py:743} INFO - Processing file /home/airflow/.local/lib/python3.7/site-packages/airflow/example_dags/example_latest_only_with_trigger.py for tasks to queue
[2023-04-08T12:07:01.529+0000] {logging_mixin.py:137} INFO - [2023-04-08T12:07:01.529+0000] {dagbag.py:532} INFO - Filling up the DagBag from /home/airflow/.local/lib/python3.7/site-packages/airflow/example_dags/example_latest_only_with_trigger.py
[2023-04-08T12:07:01.549+0000] {processor.py:753} INFO - DAG(s) dict_keys(['latest_only_with_trigger']) retrieved from /home/airflow/.local/lib/python3.7/site-packages/airflow/example_dags/example_latest_only_with_trigger.py
[2023-04-08T12:07:01.589+0000] {logging_mixin.py:137} INFO - [2023-04-08T12:07:01.589+0000] {dag.py:2705} INFO - Sync 1 DAGs
[2023-04-08T12:07:01.630+0000] {logging_mixin.py:137} INFO - [2023-04-08T12:07:01.629+0000] {dag.py:3456} INFO - Setting next_dagrun for latest_only_with_trigger to 2023-04-08T08:07:01.629470+00:00, run_after=2023-04-08T12:07:01.629470+00:00
[2023-04-08T12:07:01.654+0000] {processor.py:175} INFO - Processing /home/airflow/.local/lib/python3.7/site-packages/airflow/example_dags/example_latest_only_with_trigger.py took 0.131 seconds
[2023-04-08T12:07:32.259+0000] {processor.py:153} INFO - Started process (PID=667) to work on /home/airflow/.local/lib/python3.7/site-packages/airflow/example_dags/example_latest_only_with_trigger.py
[2023-04-08T12:07:32.259+0000] {processor.py:743} INFO - Processing file /home/airflow/.local/lib/python3.7/site-packages/airflow/example_dags/example_latest_only_with_trigger.py for tasks to queue
[2023-04-08T12:07:32.260+0000] {logging_mixin.py:137} INFO - [2023-04-08T12:07:32.260+0000] {dagbag.py:532} INFO - Filling up the DagBag from /home/airflow/.local/lib/python3.7/site-packages/airflow/example_dags/example_latest_only_with_trigger.py
[2023-04-08T12:07:32.279+0000] {processor.py:753} INFO - DAG(s) dict_keys(['latest_only_with_trigger']) retrieved from /home/airflow/.local/lib/python3.7/site-packages/airflow/example_dags/example_latest_only_with_trigger.py
[2023-04-08T12:07:32.315+0000] {logging_mixin.py:137} INFO - [2023-04-08T12:07:32.315+0000] {dag.py:2705} INFO - Sync 1 DAGs
[2023-04-08T12:07:32.354+0000] {logging_mixin.py:137} INFO - [2023-04-08T12:07:32.354+0000] {dag.py:3456} INFO - Setting next_dagrun for latest_only_with_trigger to 2023-04-08T08:07:32.354373+00:00, run_after=2023-04-08T12:07:32.354373+00:00
[2023-04-08T12:07:32.378+0000] {processor.py:175} INFO - Processing /home/airflow/.local/lib/python3.7/site-packages/airflow/example_dags/example_latest_only_with_trigger.py took 0.124 seconds
[2023-04-08T12:08:02.944+0000] {processor.py:153} INFO - Started process (PID=717) to work on /home/airflow/.local/lib/python3.7/site-packages/airflow/example_dags/example_latest_only_with_trigger.py
[2023-04-08T12:08:02.953+0000] {processor.py:743} INFO - Processing file /home/airflow/.local/lib/python3.7/site-packages/airflow/example_dags/example_latest_only_with_trigger.py for tasks to queue
[2023-04-08T12:08:02.954+0000] {logging_mixin.py:137} INFO - [2023-04-08T12:08:02.954+0000] {dagbag.py:532} INFO - Filling up the DagBag from /home/airflow/.local/lib/python3.7/site-packages/airflow/example_dags/example_latest_only_with_trigger.py
[2023-04-08T12:08:02.973+0000] {processor.py:753} INFO - DAG(s) dict_keys(['latest_only_with_trigger']) retrieved from /home/airflow/.local/lib/python3.7/site-packages/airflow/example_dags/example_latest_only_with_trigger.py
[2023-04-08T12:08:03.011+0000] {logging_mixin.py:137} INFO - [2023-04-08T12:08:03.011+0000] {dag.py:2705} INFO - Sync 1 DAGs
[2023-04-08T12:08:03.053+0000] {logging_mixin.py:137} INFO - [2023-04-08T12:08:03.053+0000] {dag.py:3456} INFO - Setting next_dagrun for latest_only_with_trigger to 2023-04-08T08:08:03.053352+00:00, run_after=2023-04-08T12:08:03.053352+00:00
[2023-04-08T12:08:03.108+0000] {processor.py:175} INFO - Processing /home/airflow/.local/lib/python3.7/site-packages/airflow/example_dags/example_latest_only_with_trigger.py took 0.170 seconds
[2023-04-08T12:08:33.279+0000] {processor.py:153} INFO - Started process (PID=767) to work on /home/airflow/.local/lib/python3.7/site-packages/airflow/example_dags/example_latest_only_with_trigger.py
[2023-04-08T12:08:33.280+0000] {processor.py:743} INFO - Processing file /home/airflow/.local/lib/python3.7/site-packages/airflow/example_dags/example_latest_only_with_trigger.py for tasks to queue
[2023-04-08T12:08:33.281+0000] {logging_mixin.py:137} INFO - [2023-04-08T12:08:33.280+0000] {dagbag.py:532} INFO - Filling up the DagBag from /home/airflow/.local/lib/python3.7/site-packages/airflow/example_dags/example_latest_only_with_trigger.py
[2023-04-08T12:08:33.361+0000] {processor.py:753} INFO - DAG(s) dict_keys(['latest_only_with_trigger']) retrieved from /home/airflow/.local/lib/python3.7/site-packages/airflow/example_dags/example_latest_only_with_trigger.py
[2023-04-08T12:08:33.453+0000] {logging_mixin.py:137} INFO - [2023-04-08T12:08:33.453+0000] {dag.py:2705} INFO - Sync 1 DAGs
[2023-04-08T12:08:33.511+0000] {logging_mixin.py:137} INFO - [2023-04-08T12:08:33.511+0000] {dag.py:3456} INFO - Setting next_dagrun for latest_only_with_trigger to 2023-04-08T08:08:33.510841+00:00, run_after=2023-04-08T12:08:33.510841+00:00
[2023-04-08T12:08:33.550+0000] {processor.py:175} INFO - Processing /home/airflow/.local/lib/python3.7/site-packages/airflow/example_dags/example_latest_only_with_trigger.py took 0.300 seconds
[2023-04-08T12:09:03.690+0000] {processor.py:153} INFO - Started process (PID=818) to work on /home/airflow/.local/lib/python3.7/site-packages/airflow/example_dags/example_latest_only_with_trigger.py
[2023-04-08T12:09:03.691+0000] {processor.py:743} INFO - Processing file /home/airflow/.local/lib/python3.7/site-packages/airflow/example_dags/example_latest_only_with_trigger.py for tasks to queue
[2023-04-08T12:09:03.691+0000] {logging_mixin.py:137} INFO - [2023-04-08T12:09:03.691+0000] {dagbag.py:532} INFO - Filling up the DagBag from /home/airflow/.local/lib/python3.7/site-packages/airflow/example_dags/example_latest_only_with_trigger.py
[2023-04-08T12:09:03.704+0000] {processor.py:753} INFO - DAG(s) dict_keys(['latest_only_with_trigger']) retrieved from /home/airflow/.local/lib/python3.7/site-packages/airflow/example_dags/example_latest_only_with_trigger.py
[2023-04-08T12:09:03.728+0000] {logging_mixin.py:137} INFO - [2023-04-08T12:09:03.727+0000] {dag.py:2705} INFO - Sync 1 DAGs
[2023-04-08T12:09:03.752+0000] {logging_mixin.py:137} INFO - [2023-04-08T12:09:03.752+0000] {dag.py:3456} INFO - Setting next_dagrun for latest_only_with_trigger to 2023-04-08T08:09:03.752239+00:00, run_after=2023-04-08T12:09:03.752239+00:00
[2023-04-08T12:09:03.769+0000] {processor.py:175} INFO - Processing /home/airflow/.local/lib/python3.7/site-packages/airflow/example_dags/example_latest_only_with_trigger.py took 0.083 seconds
[2023-04-08T12:09:33.876+0000] {processor.py:153} INFO - Started process (PID=867) to work on /home/airflow/.local/lib/python3.7/site-packages/airflow/example_dags/example_latest_only_with_trigger.py
[2023-04-08T12:09:33.877+0000] {processor.py:743} INFO - Processing file /home/airflow/.local/lib/python3.7/site-packages/airflow/example_dags/example_latest_only_with_trigger.py for tasks to queue
[2023-04-08T12:09:33.878+0000] {logging_mixin.py:137} INFO - [2023-04-08T12:09:33.878+0000] {dagbag.py:532} INFO - Filling up the DagBag from /home/airflow/.local/lib/python3.7/site-packages/airflow/example_dags/example_latest_only_with_trigger.py
[2023-04-08T12:09:33.891+0000] {processor.py:753} INFO - DAG(s) dict_keys(['latest_only_with_trigger']) retrieved from /home/airflow/.local/lib/python3.7/site-packages/airflow/example_dags/example_latest_only_with_trigger.py
[2023-04-08T12:09:33.914+0000] {logging_mixin.py:137} INFO - [2023-04-08T12:09:33.914+0000] {dag.py:2705} INFO - Sync 1 DAGs
[2023-04-08T12:09:33.940+0000] {logging_mixin.py:137} INFO - [2023-04-08T12:09:33.939+0000] {dag.py:3456} INFO - Setting next_dagrun for latest_only_with_trigger to 2023-04-08T08:09:33.939744+00:00, run_after=2023-04-08T12:09:33.939744+00:00
[2023-04-08T12:09:33.956+0000] {processor.py:175} INFO - Processing /home/airflow/.local/lib/python3.7/site-packages/airflow/example_dags/example_latest_only_with_trigger.py took 0.085 seconds
[2023-04-08T12:10:04.492+0000] {processor.py:153} INFO - Started process (PID=917) to work on /home/airflow/.local/lib/python3.7/site-packages/airflow/example_dags/example_latest_only_with_trigger.py
[2023-04-08T12:10:04.493+0000] {processor.py:743} INFO - Processing file /home/airflow/.local/lib/python3.7/site-packages/airflow/example_dags/example_latest_only_with_trigger.py for tasks to queue
[2023-04-08T12:10:04.495+0000] {logging_mixin.py:137} INFO - [2023-04-08T12:10:04.495+0000] {dagbag.py:532} INFO - Filling up the DagBag from /home/airflow/.local/lib/python3.7/site-packages/airflow/example_dags/example_latest_only_with_trigger.py
[2023-04-08T12:10:04.515+0000] {processor.py:753} INFO - DAG(s) dict_keys(['latest_only_with_trigger']) retrieved from /home/airflow/.local/lib/python3.7/site-packages/airflow/example_dags/example_latest_only_with_trigger.py
[2023-04-08T12:10:04.556+0000] {logging_mixin.py:137} INFO - [2023-04-08T12:10:04.556+0000] {dag.py:2705} INFO - Sync 1 DAGs
[2023-04-08T12:10:04.595+0000] {logging_mixin.py:137} INFO - [2023-04-08T12:10:04.595+0000] {dag.py:3456} INFO - Setting next_dagrun for latest_only_with_trigger to 2023-04-08T08:10:04.595086+00:00, run_after=2023-04-08T12:10:04.595086+00:00
[2023-04-08T12:10:04.619+0000] {processor.py:175} INFO - Processing /home/airflow/.local/lib/python3.7/site-packages/airflow/example_dags/example_latest_only_with_trigger.py took 0.132 seconds
[2023-04-08T12:10:34.701+0000] {processor.py:153} INFO - Started process (PID=966) to work on /home/airflow/.local/lib/python3.7/site-packages/airflow/example_dags/example_latest_only_with_trigger.py
[2023-04-08T12:10:34.701+0000] {processor.py:743} INFO - Processing file /home/airflow/.local/lib/python3.7/site-packages/airflow/example_dags/example_latest_only_with_trigger.py for tasks to queue
[2023-04-08T12:10:34.702+0000] {logging_mixin.py:137} INFO - [2023-04-08T12:10:34.702+0000] {dagbag.py:532} INFO - Filling up the DagBag from /home/airflow/.local/lib/python3.7/site-packages/airflow/example_dags/example_latest_only_with_trigger.py
[2023-04-08T12:10:34.722+0000] {processor.py:753} INFO - DAG(s) dict_keys(['latest_only_with_trigger']) retrieved from /home/airflow/.local/lib/python3.7/site-packages/airflow/example_dags/example_latest_only_with_trigger.py
[2023-04-08T12:10:34.778+0000] {logging_mixin.py:137} INFO - [2023-04-08T12:10:34.777+0000] {dag.py:2705} INFO - Sync 1 DAGs
[2023-04-08T12:10:34.823+0000] {logging_mixin.py:137} INFO - [2023-04-08T12:10:34.823+0000] {dag.py:3456} INFO - Setting next_dagrun for latest_only_with_trigger to 2023-04-08T08:10:34.823317+00:00, run_after=2023-04-08T12:10:34.823317+00:00
[2023-04-08T12:10:34.848+0000] {processor.py:175} INFO - Processing /home/airflow/.local/lib/python3.7/site-packages/airflow/example_dags/example_latest_only_with_trigger.py took 0.152 seconds
