[2023-04-08T12:01:16.047+0000] {processor.py:153} INFO - Started process (PID=48) to work on /home/airflow/.local/lib/python3.7/site-packages/airflow/example_dags/example_short_circuit_operator.py
[2023-04-08T12:01:16.048+0000] {processor.py:743} INFO - Processing file /home/airflow/.local/lib/python3.7/site-packages/airflow/example_dags/example_short_circuit_operator.py for tasks to queue
[2023-04-08T12:01:16.049+0000] {logging_mixin.py:137} INFO - [2023-04-08T12:01:16.049+0000] {dagbag.py:532} INFO - Filling up the DagBag from /home/airflow/.local/lib/python3.7/site-packages/airflow/example_dags/example_short_circuit_operator.py
[2023-04-08T12:01:16.127+0000] {processor.py:753} INFO - DAG(s) dict_keys(['example_short_circuit_operator']) retrieved from /home/airflow/.local/lib/python3.7/site-packages/airflow/example_dags/example_short_circuit_operator.py
[2023-04-08T12:01:16.627+0000] {logging_mixin.py:137} INFO - [2023-04-08T12:01:16.626+0000] {manager.py:504} INFO - Created Permission View: can delete on DAG:example_short_circuit_operator
[2023-04-08T12:01:16.659+0000] {logging_mixin.py:137} INFO - [2023-04-08T12:01:16.659+0000] {manager.py:504} INFO - Created Permission View: can edit on DAG:example_short_circuit_operator
[2023-04-08T12:01:16.685+0000] {logging_mixin.py:137} INFO - [2023-04-08T12:01:16.685+0000] {manager.py:504} INFO - Created Permission View: can read on DAG:example_short_circuit_operator
[2023-04-08T12:01:16.686+0000] {logging_mixin.py:137} INFO - [2023-04-08T12:01:16.686+0000] {dag.py:2705} INFO - Sync 1 DAGs
[2023-04-08T12:01:16.747+0000] {logging_mixin.py:137} INFO - [2023-04-08T12:01:16.747+0000] {dag.py:2726} INFO - Creating ORM DAG for example_short_circuit_operator
[2023-04-08T12:01:16.798+0000] {logging_mixin.py:137} INFO - [2023-04-08T12:01:16.798+0000] {dag.py:3456} INFO - Setting next_dagrun for example_short_circuit_operator to 2023-04-07T12:01:16.798169+00:00, run_after=2023-04-08T12:01:16.798169+00:00
[2023-04-08T12:01:16.881+0000] {processor.py:175} INFO - Processing /home/airflow/.local/lib/python3.7/site-packages/airflow/example_dags/example_short_circuit_operator.py took 0.847 seconds
[2023-04-08T12:01:47.073+0000] {processor.py:153} INFO - Started process (PID=98) to work on /home/airflow/.local/lib/python3.7/site-packages/airflow/example_dags/example_short_circuit_operator.py
[2023-04-08T12:01:47.074+0000] {processor.py:743} INFO - Processing file /home/airflow/.local/lib/python3.7/site-packages/airflow/example_dags/example_short_circuit_operator.py for tasks to queue
[2023-04-08T12:01:47.075+0000] {logging_mixin.py:137} INFO - [2023-04-08T12:01:47.074+0000] {dagbag.py:532} INFO - Filling up the DagBag from /home/airflow/.local/lib/python3.7/site-packages/airflow/example_dags/example_short_circuit_operator.py
[2023-04-08T12:01:47.158+0000] {processor.py:753} INFO - DAG(s) dict_keys(['example_short_circuit_operator']) retrieved from /home/airflow/.local/lib/python3.7/site-packages/airflow/example_dags/example_short_circuit_operator.py
[2023-04-08T12:01:47.271+0000] {logging_mixin.py:137} INFO - [2023-04-08T12:01:47.271+0000] {dag.py:2705} INFO - Sync 1 DAGs
[2023-04-08T12:01:47.382+0000] {logging_mixin.py:137} INFO - [2023-04-08T12:01:47.382+0000] {dag.py:3456} INFO - Setting next_dagrun for example_short_circuit_operator to 2023-04-07T12:01:47.381967+00:00, run_after=2023-04-08T12:01:47.381967+00:00
[2023-04-08T12:01:47.459+0000] {processor.py:175} INFO - Processing /home/airflow/.local/lib/python3.7/site-packages/airflow/example_dags/example_short_circuit_operator.py took 0.390 seconds
[2023-04-08T12:02:18.093+0000] {processor.py:153} INFO - Started process (PID=147) to work on /home/airflow/.local/lib/python3.7/site-packages/airflow/example_dags/example_short_circuit_operator.py
[2023-04-08T12:02:18.094+0000] {processor.py:743} INFO - Processing file /home/airflow/.local/lib/python3.7/site-packages/airflow/example_dags/example_short_circuit_operator.py for tasks to queue
[2023-04-08T12:02:18.094+0000] {logging_mixin.py:137} INFO - [2023-04-08T12:02:18.094+0000] {dagbag.py:532} INFO - Filling up the DagBag from /home/airflow/.local/lib/python3.7/site-packages/airflow/example_dags/example_short_circuit_operator.py
[2023-04-08T12:02:18.117+0000] {processor.py:753} INFO - DAG(s) dict_keys(['example_short_circuit_operator']) retrieved from /home/airflow/.local/lib/python3.7/site-packages/airflow/example_dags/example_short_circuit_operator.py
[2023-04-08T12:02:18.159+0000] {logging_mixin.py:137} INFO - [2023-04-08T12:02:18.159+0000] {dag.py:2705} INFO - Sync 1 DAGs
[2023-04-08T12:02:18.221+0000] {logging_mixin.py:137} INFO - [2023-04-08T12:02:18.221+0000] {dag.py:3456} INFO - Setting next_dagrun for example_short_circuit_operator to 2023-04-07T12:02:18.221305+00:00, run_after=2023-04-08T12:02:18.221305+00:00
[2023-04-08T12:02:18.251+0000] {processor.py:175} INFO - Processing /home/airflow/.local/lib/python3.7/site-packages/airflow/example_dags/example_short_circuit_operator.py took 0.162 seconds
[2023-04-08T12:02:48.437+0000] {processor.py:153} INFO - Started process (PID=197) to work on /home/airflow/.local/lib/python3.7/site-packages/airflow/example_dags/example_short_circuit_operator.py
[2023-04-08T12:02:48.438+0000] {processor.py:743} INFO - Processing file /home/airflow/.local/lib/python3.7/site-packages/airflow/example_dags/example_short_circuit_operator.py for tasks to queue
[2023-04-08T12:02:48.439+0000] {logging_mixin.py:137} INFO - [2023-04-08T12:02:48.439+0000] {dagbag.py:532} INFO - Filling up the DagBag from /home/airflow/.local/lib/python3.7/site-packages/airflow/example_dags/example_short_circuit_operator.py
[2023-04-08T12:02:48.462+0000] {processor.py:753} INFO - DAG(s) dict_keys(['example_short_circuit_operator']) retrieved from /home/airflow/.local/lib/python3.7/site-packages/airflow/example_dags/example_short_circuit_operator.py
[2023-04-08T12:02:48.502+0000] {logging_mixin.py:137} INFO - [2023-04-08T12:02:48.502+0000] {dag.py:2705} INFO - Sync 1 DAGs
[2023-04-08T12:02:48.553+0000] {logging_mixin.py:137} INFO - [2023-04-08T12:02:48.553+0000] {dag.py:3456} INFO - Setting next_dagrun for example_short_circuit_operator to 2023-04-07T12:02:48.552857+00:00, run_after=2023-04-08T12:02:48.552857+00:00
[2023-04-08T12:02:48.577+0000] {processor.py:175} INFO - Processing /home/airflow/.local/lib/python3.7/site-packages/airflow/example_dags/example_short_circuit_operator.py took 0.144 seconds
[2023-04-08T12:03:18.761+0000] {processor.py:153} INFO - Started process (PID=247) to work on /home/airflow/.local/lib/python3.7/site-packages/airflow/example_dags/example_short_circuit_operator.py
[2023-04-08T12:03:18.762+0000] {processor.py:743} INFO - Processing file /home/airflow/.local/lib/python3.7/site-packages/airflow/example_dags/example_short_circuit_operator.py for tasks to queue
[2023-04-08T12:03:18.763+0000] {logging_mixin.py:137} INFO - [2023-04-08T12:03:18.763+0000] {dagbag.py:532} INFO - Filling up the DagBag from /home/airflow/.local/lib/python3.7/site-packages/airflow/example_dags/example_short_circuit_operator.py
[2023-04-08T12:03:18.783+0000] {processor.py:753} INFO - DAG(s) dict_keys(['example_short_circuit_operator']) retrieved from /home/airflow/.local/lib/python3.7/site-packages/airflow/example_dags/example_short_circuit_operator.py
[2023-04-08T12:03:18.809+0000] {logging_mixin.py:137} INFO - [2023-04-08T12:03:18.809+0000] {dag.py:2705} INFO - Sync 1 DAGs
[2023-04-08T12:03:18.834+0000] {logging_mixin.py:137} INFO - [2023-04-08T12:03:18.834+0000] {dag.py:3456} INFO - Setting next_dagrun for example_short_circuit_operator to 2023-04-07T12:03:18.833945+00:00, run_after=2023-04-08T12:03:18.833945+00:00
[2023-04-08T12:03:18.851+0000] {processor.py:175} INFO - Processing /home/airflow/.local/lib/python3.7/site-packages/airflow/example_dags/example_short_circuit_operator.py took 0.093 seconds
[2023-04-08T12:03:49.279+0000] {processor.py:153} INFO - Started process (PID=297) to work on /home/airflow/.local/lib/python3.7/site-packages/airflow/example_dags/example_short_circuit_operator.py
[2023-04-08T12:03:49.279+0000] {processor.py:743} INFO - Processing file /home/airflow/.local/lib/python3.7/site-packages/airflow/example_dags/example_short_circuit_operator.py for tasks to queue
[2023-04-08T12:03:49.280+0000] {logging_mixin.py:137} INFO - [2023-04-08T12:03:49.280+0000] {dagbag.py:532} INFO - Filling up the DagBag from /home/airflow/.local/lib/python3.7/site-packages/airflow/example_dags/example_short_circuit_operator.py
[2023-04-08T12:03:49.303+0000] {processor.py:753} INFO - DAG(s) dict_keys(['example_short_circuit_operator']) retrieved from /home/airflow/.local/lib/python3.7/site-packages/airflow/example_dags/example_short_circuit_operator.py
[2023-04-08T12:03:49.342+0000] {logging_mixin.py:137} INFO - [2023-04-08T12:03:49.341+0000] {dag.py:2705} INFO - Sync 1 DAGs
[2023-04-08T12:03:49.383+0000] {logging_mixin.py:137} INFO - [2023-04-08T12:03:49.383+0000] {dag.py:3456} INFO - Setting next_dagrun for example_short_circuit_operator to 2023-04-07T12:03:49.383033+00:00, run_after=2023-04-08T12:03:49.383033+00:00
[2023-04-08T12:03:49.407+0000] {processor.py:175} INFO - Processing /home/airflow/.local/lib/python3.7/site-packages/airflow/example_dags/example_short_circuit_operator.py took 0.133 seconds
[2023-04-08T12:04:19.503+0000] {processor.py:153} INFO - Started process (PID=348) to work on /home/airflow/.local/lib/python3.7/site-packages/airflow/example_dags/example_short_circuit_operator.py
[2023-04-08T12:04:19.504+0000] {processor.py:743} INFO - Processing file /home/airflow/.local/lib/python3.7/site-packages/airflow/example_dags/example_short_circuit_operator.py for tasks to queue
[2023-04-08T12:04:19.505+0000] {logging_mixin.py:137} INFO - [2023-04-08T12:04:19.505+0000] {dagbag.py:532} INFO - Filling up the DagBag from /home/airflow/.local/lib/python3.7/site-packages/airflow/example_dags/example_short_circuit_operator.py
[2023-04-08T12:04:19.528+0000] {processor.py:753} INFO - DAG(s) dict_keys(['example_short_circuit_operator']) retrieved from /home/airflow/.local/lib/python3.7/site-packages/airflow/example_dags/example_short_circuit_operator.py
[2023-04-08T12:04:19.569+0000] {logging_mixin.py:137} INFO - [2023-04-08T12:04:19.569+0000] {dag.py:2705} INFO - Sync 1 DAGs
[2023-04-08T12:04:19.609+0000] {logging_mixin.py:137} INFO - [2023-04-08T12:04:19.609+0000] {dag.py:3456} INFO - Setting next_dagrun for example_short_circuit_operator to 2023-04-07T12:04:19.609161+00:00, run_after=2023-04-08T12:04:19.609161+00:00
[2023-04-08T12:04:19.636+0000] {processor.py:175} INFO - Processing /home/airflow/.local/lib/python3.7/site-packages/airflow/example_dags/example_short_circuit_operator.py took 0.136 seconds
[2023-04-08T12:04:49.995+0000] {processor.py:153} INFO - Started process (PID=398) to work on /home/airflow/.local/lib/python3.7/site-packages/airflow/example_dags/example_short_circuit_operator.py
[2023-04-08T12:04:49.996+0000] {processor.py:743} INFO - Processing file /home/airflow/.local/lib/python3.7/site-packages/airflow/example_dags/example_short_circuit_operator.py for tasks to queue
[2023-04-08T12:04:49.996+0000] {logging_mixin.py:137} INFO - [2023-04-08T12:04:49.996+0000] {dagbag.py:532} INFO - Filling up the DagBag from /home/airflow/.local/lib/python3.7/site-packages/airflow/example_dags/example_short_circuit_operator.py
[2023-04-08T12:04:50.011+0000] {processor.py:753} INFO - DAG(s) dict_keys(['example_short_circuit_operator']) retrieved from /home/airflow/.local/lib/python3.7/site-packages/airflow/example_dags/example_short_circuit_operator.py
[2023-04-08T12:04:50.038+0000] {logging_mixin.py:137} INFO - [2023-04-08T12:04:50.037+0000] {dag.py:2705} INFO - Sync 1 DAGs
[2023-04-08T12:04:50.062+0000] {logging_mixin.py:137} INFO - [2023-04-08T12:04:50.062+0000] {dag.py:3456} INFO - Setting next_dagrun for example_short_circuit_operator to 2023-04-07T12:04:50.062338+00:00, run_after=2023-04-08T12:04:50.062338+00:00
[2023-04-08T12:04:50.079+0000] {processor.py:175} INFO - Processing /home/airflow/.local/lib/python3.7/site-packages/airflow/example_dags/example_short_circuit_operator.py took 0.087 seconds
[2023-04-08T12:05:20.305+0000] {processor.py:153} INFO - Started process (PID=449) to work on /home/airflow/.local/lib/python3.7/site-packages/airflow/example_dags/example_short_circuit_operator.py
[2023-04-08T12:05:20.306+0000] {processor.py:743} INFO - Processing file /home/airflow/.local/lib/python3.7/site-packages/airflow/example_dags/example_short_circuit_operator.py for tasks to queue
[2023-04-08T12:05:20.307+0000] {logging_mixin.py:137} INFO - [2023-04-08T12:05:20.307+0000] {dagbag.py:532} INFO - Filling up the DagBag from /home/airflow/.local/lib/python3.7/site-packages/airflow/example_dags/example_short_circuit_operator.py
[2023-04-08T12:05:20.322+0000] {processor.py:753} INFO - DAG(s) dict_keys(['example_short_circuit_operator']) retrieved from /home/airflow/.local/lib/python3.7/site-packages/airflow/example_dags/example_short_circuit_operator.py
[2023-04-08T12:05:20.349+0000] {logging_mixin.py:137} INFO - [2023-04-08T12:05:20.349+0000] {dag.py:2705} INFO - Sync 1 DAGs
[2023-04-08T12:05:20.374+0000] {logging_mixin.py:137} INFO - [2023-04-08T12:05:20.374+0000] {dag.py:3456} INFO - Setting next_dagrun for example_short_circuit_operator to 2023-04-07T12:05:20.374156+00:00, run_after=2023-04-08T12:05:20.374156+00:00
[2023-04-08T12:05:20.391+0000] {processor.py:175} INFO - Processing /home/airflow/.local/lib/python3.7/site-packages/airflow/example_dags/example_short_circuit_operator.py took 0.089 seconds
[2023-04-08T12:05:50.610+0000] {processor.py:153} INFO - Started process (PID=499) to work on /home/airflow/.local/lib/python3.7/site-packages/airflow/example_dags/example_short_circuit_operator.py
[2023-04-08T12:05:50.611+0000] {processor.py:743} INFO - Processing file /home/airflow/.local/lib/python3.7/site-packages/airflow/example_dags/example_short_circuit_operator.py for tasks to queue
[2023-04-08T12:05:50.611+0000] {logging_mixin.py:137} INFO - [2023-04-08T12:05:50.611+0000] {dagbag.py:532} INFO - Filling up the DagBag from /home/airflow/.local/lib/python3.7/site-packages/airflow/example_dags/example_short_circuit_operator.py
[2023-04-08T12:05:50.627+0000] {processor.py:753} INFO - DAG(s) dict_keys(['example_short_circuit_operator']) retrieved from /home/airflow/.local/lib/python3.7/site-packages/airflow/example_dags/example_short_circuit_operator.py
[2023-04-08T12:05:50.652+0000] {logging_mixin.py:137} INFO - [2023-04-08T12:05:50.652+0000] {dag.py:2705} INFO - Sync 1 DAGs
[2023-04-08T12:05:50.678+0000] {logging_mixin.py:137} INFO - [2023-04-08T12:05:50.678+0000] {dag.py:3456} INFO - Setting next_dagrun for example_short_circuit_operator to 2023-04-07T12:05:50.677887+00:00, run_after=2023-04-08T12:05:50.677887+00:00
[2023-04-08T12:05:50.695+0000] {processor.py:175} INFO - Processing /home/airflow/.local/lib/python3.7/site-packages/airflow/example_dags/example_short_circuit_operator.py took 0.087 seconds
[2023-04-08T12:06:21.948+0000] {processor.py:153} INFO - Started process (PID=549) to work on /home/airflow/.local/lib/python3.7/site-packages/airflow/example_dags/example_short_circuit_operator.py
[2023-04-08T12:06:21.965+0000] {processor.py:743} INFO - Processing file /home/airflow/.local/lib/python3.7/site-packages/airflow/example_dags/example_short_circuit_operator.py for tasks to queue
[2023-04-08T12:06:21.966+0000] {logging_mixin.py:137} INFO - [2023-04-08T12:06:21.966+0000] {dagbag.py:532} INFO - Filling up the DagBag from /home/airflow/.local/lib/python3.7/site-packages/airflow/example_dags/example_short_circuit_operator.py
[2023-04-08T12:06:22.026+0000] {processor.py:753} INFO - DAG(s) dict_keys(['example_short_circuit_operator']) retrieved from /home/airflow/.local/lib/python3.7/site-packages/airflow/example_dags/example_short_circuit_operator.py
[2023-04-08T12:06:22.097+0000] {logging_mixin.py:137} INFO - [2023-04-08T12:06:22.097+0000] {dag.py:2705} INFO - Sync 1 DAGs
[2023-04-08T12:06:22.166+0000] {logging_mixin.py:137} INFO - [2023-04-08T12:06:22.166+0000] {dag.py:3456} INFO - Setting next_dagrun for example_short_circuit_operator to 2023-04-07T12:06:22.166364+00:00, run_after=2023-04-08T12:06:22.166364+00:00
[2023-04-08T12:06:22.219+0000] {processor.py:175} INFO - Processing /home/airflow/.local/lib/python3.7/site-packages/airflow/example_dags/example_short_circuit_operator.py took 0.283 seconds
[2023-04-08T12:06:53.199+0000] {processor.py:153} INFO - Started process (PID=599) to work on /home/airflow/.local/lib/python3.7/site-packages/airflow/example_dags/example_short_circuit_operator.py
[2023-04-08T12:06:53.200+0000] {processor.py:743} INFO - Processing file /home/airflow/.local/lib/python3.7/site-packages/airflow/example_dags/example_short_circuit_operator.py for tasks to queue
[2023-04-08T12:06:53.201+0000] {logging_mixin.py:137} INFO - [2023-04-08T12:06:53.201+0000] {dagbag.py:532} INFO - Filling up the DagBag from /home/airflow/.local/lib/python3.7/site-packages/airflow/example_dags/example_short_circuit_operator.py
[2023-04-08T12:06:53.248+0000] {processor.py:753} INFO - DAG(s) dict_keys(['example_short_circuit_operator']) retrieved from /home/airflow/.local/lib/python3.7/site-packages/airflow/example_dags/example_short_circuit_operator.py
[2023-04-08T12:06:53.304+0000] {logging_mixin.py:137} INFO - [2023-04-08T12:06:53.303+0000] {dag.py:2705} INFO - Sync 1 DAGs
[2023-04-08T12:06:53.382+0000] {logging_mixin.py:137} INFO - [2023-04-08T12:06:53.382+0000] {dag.py:3456} INFO - Setting next_dagrun for example_short_circuit_operator to 2023-04-07T12:06:53.382235+00:00, run_after=2023-04-08T12:06:53.382235+00:00
[2023-04-08T12:06:53.430+0000] {processor.py:175} INFO - Processing /home/airflow/.local/lib/python3.7/site-packages/airflow/example_dags/example_short_circuit_operator.py took 0.237 seconds
[2023-04-08T12:07:24.347+0000] {processor.py:153} INFO - Started process (PID=648) to work on /home/airflow/.local/lib/python3.7/site-packages/airflow/example_dags/example_short_circuit_operator.py
[2023-04-08T12:07:24.353+0000] {processor.py:743} INFO - Processing file /home/airflow/.local/lib/python3.7/site-packages/airflow/example_dags/example_short_circuit_operator.py for tasks to queue
[2023-04-08T12:07:24.354+0000] {logging_mixin.py:137} INFO - [2023-04-08T12:07:24.354+0000] {dagbag.py:532} INFO - Filling up the DagBag from /home/airflow/.local/lib/python3.7/site-packages/airflow/example_dags/example_short_circuit_operator.py
[2023-04-08T12:07:24.376+0000] {processor.py:753} INFO - DAG(s) dict_keys(['example_short_circuit_operator']) retrieved from /home/airflow/.local/lib/python3.7/site-packages/airflow/example_dags/example_short_circuit_operator.py
[2023-04-08T12:07:24.415+0000] {logging_mixin.py:137} INFO - [2023-04-08T12:07:24.415+0000] {dag.py:2705} INFO - Sync 1 DAGs
[2023-04-08T12:07:24.454+0000] {logging_mixin.py:137} INFO - [2023-04-08T12:07:24.454+0000] {dag.py:3456} INFO - Setting next_dagrun for example_short_circuit_operator to 2023-04-07T12:07:24.453824+00:00, run_after=2023-04-08T12:07:24.453824+00:00
[2023-04-08T12:07:24.481+0000] {processor.py:175} INFO - Processing /home/airflow/.local/lib/python3.7/site-packages/airflow/example_dags/example_short_circuit_operator.py took 0.138 seconds
[2023-04-08T12:07:54.898+0000] {processor.py:153} INFO - Started process (PID=698) to work on /home/airflow/.local/lib/python3.7/site-packages/airflow/example_dags/example_short_circuit_operator.py
[2023-04-08T12:07:54.899+0000] {processor.py:743} INFO - Processing file /home/airflow/.local/lib/python3.7/site-packages/airflow/example_dags/example_short_circuit_operator.py for tasks to queue
[2023-04-08T12:07:54.900+0000] {logging_mixin.py:137} INFO - [2023-04-08T12:07:54.900+0000] {dagbag.py:532} INFO - Filling up the DagBag from /home/airflow/.local/lib/python3.7/site-packages/airflow/example_dags/example_short_circuit_operator.py
[2023-04-08T12:07:54.923+0000] {processor.py:753} INFO - DAG(s) dict_keys(['example_short_circuit_operator']) retrieved from /home/airflow/.local/lib/python3.7/site-packages/airflow/example_dags/example_short_circuit_operator.py
[2023-04-08T12:07:54.963+0000] {logging_mixin.py:137} INFO - [2023-04-08T12:07:54.963+0000] {dag.py:2705} INFO - Sync 1 DAGs
[2023-04-08T12:07:55.002+0000] {logging_mixin.py:137} INFO - [2023-04-08T12:07:55.002+0000] {dag.py:3456} INFO - Setting next_dagrun for example_short_circuit_operator to 2023-04-07T12:07:55.002176+00:00, run_after=2023-04-08T12:07:55.002176+00:00
[2023-04-08T12:07:55.030+0000] {processor.py:175} INFO - Processing /home/airflow/.local/lib/python3.7/site-packages/airflow/example_dags/example_short_circuit_operator.py took 0.137 seconds
[2023-04-08T12:08:25.320+0000] {processor.py:153} INFO - Started process (PID=748) to work on /home/airflow/.local/lib/python3.7/site-packages/airflow/example_dags/example_short_circuit_operator.py
[2023-04-08T12:08:25.321+0000] {processor.py:743} INFO - Processing file /home/airflow/.local/lib/python3.7/site-packages/airflow/example_dags/example_short_circuit_operator.py for tasks to queue
[2023-04-08T12:08:25.322+0000] {logging_mixin.py:137} INFO - [2023-04-08T12:08:25.322+0000] {dagbag.py:532} INFO - Filling up the DagBag from /home/airflow/.local/lib/python3.7/site-packages/airflow/example_dags/example_short_circuit_operator.py
[2023-04-08T12:08:25.346+0000] {processor.py:753} INFO - DAG(s) dict_keys(['example_short_circuit_operator']) retrieved from /home/airflow/.local/lib/python3.7/site-packages/airflow/example_dags/example_short_circuit_operator.py
[2023-04-08T12:08:25.389+0000] {logging_mixin.py:137} INFO - [2023-04-08T12:08:25.389+0000] {dag.py:2705} INFO - Sync 1 DAGs
[2023-04-08T12:08:25.427+0000] {logging_mixin.py:137} INFO - [2023-04-08T12:08:25.427+0000] {dag.py:3456} INFO - Setting next_dagrun for example_short_circuit_operator to 2023-04-07T12:08:25.427072+00:00, run_after=2023-04-08T12:08:25.427072+00:00
[2023-04-08T12:08:25.450+0000] {processor.py:175} INFO - Processing /home/airflow/.local/lib/python3.7/site-packages/airflow/example_dags/example_short_circuit_operator.py took 0.135 seconds
[2023-04-08T12:08:56.002+0000] {processor.py:153} INFO - Started process (PID=799) to work on /home/airflow/.local/lib/python3.7/site-packages/airflow/example_dags/example_short_circuit_operator.py
[2023-04-08T12:08:56.006+0000] {processor.py:743} INFO - Processing file /home/airflow/.local/lib/python3.7/site-packages/airflow/example_dags/example_short_circuit_operator.py for tasks to queue
[2023-04-08T12:08:56.007+0000] {logging_mixin.py:137} INFO - [2023-04-08T12:08:56.007+0000] {dagbag.py:532} INFO - Filling up the DagBag from /home/airflow/.local/lib/python3.7/site-packages/airflow/example_dags/example_short_circuit_operator.py
[2023-04-08T12:08:56.035+0000] {processor.py:753} INFO - DAG(s) dict_keys(['example_short_circuit_operator']) retrieved from /home/airflow/.local/lib/python3.7/site-packages/airflow/example_dags/example_short_circuit_operator.py
[2023-04-08T12:08:56.073+0000] {logging_mixin.py:137} INFO - [2023-04-08T12:08:56.072+0000] {dag.py:2705} INFO - Sync 1 DAGs
[2023-04-08T12:08:56.113+0000] {logging_mixin.py:137} INFO - [2023-04-08T12:08:56.113+0000] {dag.py:3456} INFO - Setting next_dagrun for example_short_circuit_operator to 2023-04-07T12:08:56.113108+00:00, run_after=2023-04-08T12:08:56.113108+00:00
[2023-04-08T12:08:56.137+0000] {processor.py:175} INFO - Processing /home/airflow/.local/lib/python3.7/site-packages/airflow/example_dags/example_short_circuit_operator.py took 0.144 seconds
[2023-04-08T12:09:26.378+0000] {processor.py:153} INFO - Started process (PID=848) to work on /home/airflow/.local/lib/python3.7/site-packages/airflow/example_dags/example_short_circuit_operator.py
[2023-04-08T12:09:26.379+0000] {processor.py:743} INFO - Processing file /home/airflow/.local/lib/python3.7/site-packages/airflow/example_dags/example_short_circuit_operator.py for tasks to queue
[2023-04-08T12:09:26.380+0000] {logging_mixin.py:137} INFO - [2023-04-08T12:09:26.380+0000] {dagbag.py:532} INFO - Filling up the DagBag from /home/airflow/.local/lib/python3.7/site-packages/airflow/example_dags/example_short_circuit_operator.py
[2023-04-08T12:09:26.405+0000] {processor.py:753} INFO - DAG(s) dict_keys(['example_short_circuit_operator']) retrieved from /home/airflow/.local/lib/python3.7/site-packages/airflow/example_dags/example_short_circuit_operator.py
[2023-04-08T12:09:26.445+0000] {logging_mixin.py:137} INFO - [2023-04-08T12:09:26.445+0000] {dag.py:2705} INFO - Sync 1 DAGs
[2023-04-08T12:09:26.486+0000] {logging_mixin.py:137} INFO - [2023-04-08T12:09:26.486+0000] {dag.py:3456} INFO - Setting next_dagrun for example_short_circuit_operator to 2023-04-07T12:09:26.486202+00:00, run_after=2023-04-08T12:09:26.486202+00:00
[2023-04-08T12:09:26.510+0000] {processor.py:175} INFO - Processing /home/airflow/.local/lib/python3.7/site-packages/airflow/example_dags/example_short_circuit_operator.py took 0.136 seconds
[2023-04-08T12:09:56.913+0000] {processor.py:153} INFO - Started process (PID=898) to work on /home/airflow/.local/lib/python3.7/site-packages/airflow/example_dags/example_short_circuit_operator.py
[2023-04-08T12:09:56.915+0000] {processor.py:743} INFO - Processing file /home/airflow/.local/lib/python3.7/site-packages/airflow/example_dags/example_short_circuit_operator.py for tasks to queue
[2023-04-08T12:09:56.915+0000] {logging_mixin.py:137} INFO - [2023-04-08T12:09:56.915+0000] {dagbag.py:532} INFO - Filling up the DagBag from /home/airflow/.local/lib/python3.7/site-packages/airflow/example_dags/example_short_circuit_operator.py
[2023-04-08T12:09:56.938+0000] {processor.py:753} INFO - DAG(s) dict_keys(['example_short_circuit_operator']) retrieved from /home/airflow/.local/lib/python3.7/site-packages/airflow/example_dags/example_short_circuit_operator.py
[2023-04-08T12:09:56.978+0000] {logging_mixin.py:137} INFO - [2023-04-08T12:09:56.978+0000] {dag.py:2705} INFO - Sync 1 DAGs
[2023-04-08T12:09:57.019+0000] {logging_mixin.py:137} INFO - [2023-04-08T12:09:57.018+0000] {dag.py:3456} INFO - Setting next_dagrun for example_short_circuit_operator to 2023-04-07T12:09:57.018525+00:00, run_after=2023-04-08T12:09:57.018525+00:00
[2023-04-08T12:09:57.043+0000] {processor.py:175} INFO - Processing /home/airflow/.local/lib/python3.7/site-packages/airflow/example_dags/example_short_circuit_operator.py took 0.134 seconds
[2023-04-08T12:10:27.392+0000] {processor.py:153} INFO - Started process (PID=947) to work on /home/airflow/.local/lib/python3.7/site-packages/airflow/example_dags/example_short_circuit_operator.py
[2023-04-08T12:10:27.393+0000] {processor.py:743} INFO - Processing file /home/airflow/.local/lib/python3.7/site-packages/airflow/example_dags/example_short_circuit_operator.py for tasks to queue
[2023-04-08T12:10:27.394+0000] {logging_mixin.py:137} INFO - [2023-04-08T12:10:27.393+0000] {dagbag.py:532} INFO - Filling up the DagBag from /home/airflow/.local/lib/python3.7/site-packages/airflow/example_dags/example_short_circuit_operator.py
[2023-04-08T12:10:27.417+0000] {processor.py:753} INFO - DAG(s) dict_keys(['example_short_circuit_operator']) retrieved from /home/airflow/.local/lib/python3.7/site-packages/airflow/example_dags/example_short_circuit_operator.py
[2023-04-08T12:10:27.458+0000] {logging_mixin.py:137} INFO - [2023-04-08T12:10:27.458+0000] {dag.py:2705} INFO - Sync 1 DAGs
[2023-04-08T12:10:27.497+0000] {logging_mixin.py:137} INFO - [2023-04-08T12:10:27.497+0000] {dag.py:3456} INFO - Setting next_dagrun for example_short_circuit_operator to 2023-04-07T12:10:27.496733+00:00, run_after=2023-04-08T12:10:27.496733+00:00
[2023-04-08T12:10:27.521+0000] {processor.py:175} INFO - Processing /home/airflow/.local/lib/python3.7/site-packages/airflow/example_dags/example_short_circuit_operator.py took 0.134 seconds
