[2023-04-08T12:01:09.990+0000] {processor.py:153} INFO - Started process (PID=40) to work on /home/airflow/.local/lib/python3.7/site-packages/airflow/example_dags/example_kubernetes_executor.py
[2023-04-08T12:01:09.991+0000] {processor.py:743} INFO - Processing file /home/airflow/.local/lib/python3.7/site-packages/airflow/example_dags/example_kubernetes_executor.py for tasks to queue
[2023-04-08T12:01:09.992+0000] {logging_mixin.py:137} INFO - [2023-04-08T12:01:09.992+0000] {dagbag.py:532} INFO - Filling up the DagBag from /home/airflow/.local/lib/python3.7/site-packages/airflow/example_dags/example_kubernetes_executor.py
[2023-04-08T12:01:10.839+0000] {processor.py:753} INFO - DAG(s) dict_keys(['example_kubernetes_executor']) retrieved from /home/airflow/.local/lib/python3.7/site-packages/airflow/example_dags/example_kubernetes_executor.py
[2023-04-08T12:01:12.228+0000] {logging_mixin.py:137} INFO - [2023-04-08T12:01:12.228+0000] {manager.py:504} INFO - Created Permission View: can delete on DAG:example_kubernetes_executor
[2023-04-08T12:01:12.276+0000] {logging_mixin.py:137} INFO - [2023-04-08T12:01:12.275+0000] {manager.py:504} INFO - Created Permission View: can edit on DAG:example_kubernetes_executor
[2023-04-08T12:01:12.317+0000] {logging_mixin.py:137} INFO - [2023-04-08T12:01:12.317+0000] {manager.py:504} INFO - Created Permission View: can read on DAG:example_kubernetes_executor
[2023-04-08T12:01:12.318+0000] {logging_mixin.py:137} INFO - [2023-04-08T12:01:12.318+0000] {dag.py:2705} INFO - Sync 1 DAGs
[2023-04-08T12:01:12.402+0000] {logging_mixin.py:137} INFO - [2023-04-08T12:01:12.401+0000] {dag.py:2726} INFO - Creating ORM DAG for example_kubernetes_executor
[2023-04-08T12:01:12.482+0000] {logging_mixin.py:137} INFO - [2023-04-08T12:01:12.482+0000] {dag.py:3456} INFO - Setting next_dagrun for example_kubernetes_executor to None, run_after=None
[2023-04-08T12:01:12.591+0000] {processor.py:175} INFO - Processing /home/airflow/.local/lib/python3.7/site-packages/airflow/example_dags/example_kubernetes_executor.py took 2.635 seconds
[2023-04-08T12:01:42.895+0000] {processor.py:153} INFO - Started process (PID=90) to work on /home/airflow/.local/lib/python3.7/site-packages/airflow/example_dags/example_kubernetes_executor.py
[2023-04-08T12:01:42.896+0000] {processor.py:743} INFO - Processing file /home/airflow/.local/lib/python3.7/site-packages/airflow/example_dags/example_kubernetes_executor.py for tasks to queue
[2023-04-08T12:01:42.897+0000] {logging_mixin.py:137} INFO - [2023-04-08T12:01:42.897+0000] {dagbag.py:532} INFO - Filling up the DagBag from /home/airflow/.local/lib/python3.7/site-packages/airflow/example_dags/example_kubernetes_executor.py
[2023-04-08T12:01:42.940+0000] {processor.py:753} INFO - DAG(s) dict_keys(['example_kubernetes_executor']) retrieved from /home/airflow/.local/lib/python3.7/site-packages/airflow/example_dags/example_kubernetes_executor.py
[2023-04-08T12:01:42.984+0000] {logging_mixin.py:137} INFO - [2023-04-08T12:01:42.984+0000] {dag.py:2705} INFO - Sync 1 DAGs
[2023-04-08T12:01:43.023+0000] {logging_mixin.py:137} INFO - [2023-04-08T12:01:43.023+0000] {dag.py:3456} INFO - Setting next_dagrun for example_kubernetes_executor to None, run_after=None
[2023-04-08T12:01:43.047+0000] {processor.py:175} INFO - Processing /home/airflow/.local/lib/python3.7/site-packages/airflow/example_dags/example_kubernetes_executor.py took 0.156 seconds
[2023-04-08T12:02:13.420+0000] {processor.py:153} INFO - Started process (PID=139) to work on /home/airflow/.local/lib/python3.7/site-packages/airflow/example_dags/example_kubernetes_executor.py
[2023-04-08T12:02:13.421+0000] {processor.py:743} INFO - Processing file /home/airflow/.local/lib/python3.7/site-packages/airflow/example_dags/example_kubernetes_executor.py for tasks to queue
[2023-04-08T12:02:13.422+0000] {logging_mixin.py:137} INFO - [2023-04-08T12:02:13.422+0000] {dagbag.py:532} INFO - Filling up the DagBag from /home/airflow/.local/lib/python3.7/site-packages/airflow/example_dags/example_kubernetes_executor.py
[2023-04-08T12:02:13.466+0000] {processor.py:753} INFO - DAG(s) dict_keys(['example_kubernetes_executor']) retrieved from /home/airflow/.local/lib/python3.7/site-packages/airflow/example_dags/example_kubernetes_executor.py
[2023-04-08T12:02:13.511+0000] {logging_mixin.py:137} INFO - [2023-04-08T12:02:13.510+0000] {dag.py:2705} INFO - Sync 1 DAGs
[2023-04-08T12:02:13.551+0000] {logging_mixin.py:137} INFO - [2023-04-08T12:02:13.551+0000] {dag.py:3456} INFO - Setting next_dagrun for example_kubernetes_executor to None, run_after=None
[2023-04-08T12:02:13.575+0000] {processor.py:175} INFO - Processing /home/airflow/.local/lib/python3.7/site-packages/airflow/example_dags/example_kubernetes_executor.py took 0.159 seconds
[2023-04-08T12:02:43.769+0000] {processor.py:153} INFO - Started process (PID=189) to work on /home/airflow/.local/lib/python3.7/site-packages/airflow/example_dags/example_kubernetes_executor.py
[2023-04-08T12:02:43.770+0000] {processor.py:743} INFO - Processing file /home/airflow/.local/lib/python3.7/site-packages/airflow/example_dags/example_kubernetes_executor.py for tasks to queue
[2023-04-08T12:02:43.771+0000] {logging_mixin.py:137} INFO - [2023-04-08T12:02:43.770+0000] {dagbag.py:532} INFO - Filling up the DagBag from /home/airflow/.local/lib/python3.7/site-packages/airflow/example_dags/example_kubernetes_executor.py
[2023-04-08T12:02:43.814+0000] {processor.py:753} INFO - DAG(s) dict_keys(['example_kubernetes_executor']) retrieved from /home/airflow/.local/lib/python3.7/site-packages/airflow/example_dags/example_kubernetes_executor.py
[2023-04-08T12:02:43.859+0000] {logging_mixin.py:137} INFO - [2023-04-08T12:02:43.859+0000] {dag.py:2705} INFO - Sync 1 DAGs
[2023-04-08T12:02:43.898+0000] {logging_mixin.py:137} INFO - [2023-04-08T12:02:43.898+0000] {dag.py:3456} INFO - Setting next_dagrun for example_kubernetes_executor to None, run_after=None
[2023-04-08T12:02:43.922+0000] {processor.py:175} INFO - Processing /home/airflow/.local/lib/python3.7/site-packages/airflow/example_dags/example_kubernetes_executor.py took 0.158 seconds
[2023-04-08T12:03:14.238+0000] {processor.py:153} INFO - Started process (PID=239) to work on /home/airflow/.local/lib/python3.7/site-packages/airflow/example_dags/example_kubernetes_executor.py
[2023-04-08T12:03:14.239+0000] {processor.py:743} INFO - Processing file /home/airflow/.local/lib/python3.7/site-packages/airflow/example_dags/example_kubernetes_executor.py for tasks to queue
[2023-04-08T12:03:14.239+0000] {logging_mixin.py:137} INFO - [2023-04-08T12:03:14.239+0000] {dagbag.py:532} INFO - Filling up the DagBag from /home/airflow/.local/lib/python3.7/site-packages/airflow/example_dags/example_kubernetes_executor.py
[2023-04-08T12:03:14.283+0000] {processor.py:753} INFO - DAG(s) dict_keys(['example_kubernetes_executor']) retrieved from /home/airflow/.local/lib/python3.7/site-packages/airflow/example_dags/example_kubernetes_executor.py
[2023-04-08T12:03:14.326+0000] {logging_mixin.py:137} INFO - [2023-04-08T12:03:14.326+0000] {dag.py:2705} INFO - Sync 1 DAGs
[2023-04-08T12:03:14.365+0000] {logging_mixin.py:137} INFO - [2023-04-08T12:03:14.365+0000] {dag.py:3456} INFO - Setting next_dagrun for example_kubernetes_executor to None, run_after=None
[2023-04-08T12:03:14.390+0000] {processor.py:175} INFO - Processing /home/airflow/.local/lib/python3.7/site-packages/airflow/example_dags/example_kubernetes_executor.py took 0.156 seconds
[2023-04-08T12:03:44.616+0000] {processor.py:153} INFO - Started process (PID=289) to work on /home/airflow/.local/lib/python3.7/site-packages/airflow/example_dags/example_kubernetes_executor.py
[2023-04-08T12:03:44.617+0000] {processor.py:743} INFO - Processing file /home/airflow/.local/lib/python3.7/site-packages/airflow/example_dags/example_kubernetes_executor.py for tasks to queue
[2023-04-08T12:03:44.618+0000] {logging_mixin.py:137} INFO - [2023-04-08T12:03:44.618+0000] {dagbag.py:532} INFO - Filling up the DagBag from /home/airflow/.local/lib/python3.7/site-packages/airflow/example_dags/example_kubernetes_executor.py
[2023-04-08T12:03:44.661+0000] {processor.py:753} INFO - DAG(s) dict_keys(['example_kubernetes_executor']) retrieved from /home/airflow/.local/lib/python3.7/site-packages/airflow/example_dags/example_kubernetes_executor.py
[2023-04-08T12:03:44.704+0000] {logging_mixin.py:137} INFO - [2023-04-08T12:03:44.704+0000] {dag.py:2705} INFO - Sync 1 DAGs
[2023-04-08T12:03:44.744+0000] {logging_mixin.py:137} INFO - [2023-04-08T12:03:44.744+0000] {dag.py:3456} INFO - Setting next_dagrun for example_kubernetes_executor to None, run_after=None
[2023-04-08T12:03:44.768+0000] {processor.py:175} INFO - Processing /home/airflow/.local/lib/python3.7/site-packages/airflow/example_dags/example_kubernetes_executor.py took 0.156 seconds
[2023-04-08T12:04:14.825+0000] {processor.py:153} INFO - Started process (PID=340) to work on /home/airflow/.local/lib/python3.7/site-packages/airflow/example_dags/example_kubernetes_executor.py
[2023-04-08T12:04:14.826+0000] {processor.py:743} INFO - Processing file /home/airflow/.local/lib/python3.7/site-packages/airflow/example_dags/example_kubernetes_executor.py for tasks to queue
[2023-04-08T12:04:14.827+0000] {logging_mixin.py:137} INFO - [2023-04-08T12:04:14.827+0000] {dagbag.py:532} INFO - Filling up the DagBag from /home/airflow/.local/lib/python3.7/site-packages/airflow/example_dags/example_kubernetes_executor.py
[2023-04-08T12:04:14.859+0000] {processor.py:753} INFO - DAG(s) dict_keys(['example_kubernetes_executor']) retrieved from /home/airflow/.local/lib/python3.7/site-packages/airflow/example_dags/example_kubernetes_executor.py
[2023-04-08T12:04:14.888+0000] {logging_mixin.py:137} INFO - [2023-04-08T12:04:14.888+0000] {dag.py:2705} INFO - Sync 1 DAGs
[2023-04-08T12:04:14.913+0000] {logging_mixin.py:137} INFO - [2023-04-08T12:04:14.912+0000] {dag.py:3456} INFO - Setting next_dagrun for example_kubernetes_executor to None, run_after=None
[2023-04-08T12:04:14.929+0000] {processor.py:175} INFO - Processing /home/airflow/.local/lib/python3.7/site-packages/airflow/example_dags/example_kubernetes_executor.py took 0.107 seconds
[2023-04-08T12:04:45.334+0000] {processor.py:153} INFO - Started process (PID=390) to work on /home/airflow/.local/lib/python3.7/site-packages/airflow/example_dags/example_kubernetes_executor.py
[2023-04-08T12:04:45.335+0000] {processor.py:743} INFO - Processing file /home/airflow/.local/lib/python3.7/site-packages/airflow/example_dags/example_kubernetes_executor.py for tasks to queue
[2023-04-08T12:04:45.336+0000] {logging_mixin.py:137} INFO - [2023-04-08T12:04:45.336+0000] {dagbag.py:532} INFO - Filling up the DagBag from /home/airflow/.local/lib/python3.7/site-packages/airflow/example_dags/example_kubernetes_executor.py
[2023-04-08T12:04:45.379+0000] {processor.py:753} INFO - DAG(s) dict_keys(['example_kubernetes_executor']) retrieved from /home/airflow/.local/lib/python3.7/site-packages/airflow/example_dags/example_kubernetes_executor.py
[2023-04-08T12:04:45.423+0000] {logging_mixin.py:137} INFO - [2023-04-08T12:04:45.423+0000] {dag.py:2705} INFO - Sync 1 DAGs
[2023-04-08T12:04:45.461+0000] {logging_mixin.py:137} INFO - [2023-04-08T12:04:45.461+0000] {dag.py:3456} INFO - Setting next_dagrun for example_kubernetes_executor to None, run_after=None
[2023-04-08T12:04:45.485+0000] {processor.py:175} INFO - Processing /home/airflow/.local/lib/python3.7/site-packages/airflow/example_dags/example_kubernetes_executor.py took 0.155 seconds
[2023-04-08T12:05:15.634+0000] {processor.py:153} INFO - Started process (PID=441) to work on /home/airflow/.local/lib/python3.7/site-packages/airflow/example_dags/example_kubernetes_executor.py
[2023-04-08T12:05:15.635+0000] {processor.py:743} INFO - Processing file /home/airflow/.local/lib/python3.7/site-packages/airflow/example_dags/example_kubernetes_executor.py for tasks to queue
[2023-04-08T12:05:15.636+0000] {logging_mixin.py:137} INFO - [2023-04-08T12:05:15.635+0000] {dagbag.py:532} INFO - Filling up the DagBag from /home/airflow/.local/lib/python3.7/site-packages/airflow/example_dags/example_kubernetes_executor.py
[2023-04-08T12:05:15.679+0000] {processor.py:753} INFO - DAG(s) dict_keys(['example_kubernetes_executor']) retrieved from /home/airflow/.local/lib/python3.7/site-packages/airflow/example_dags/example_kubernetes_executor.py
[2023-04-08T12:05:15.725+0000] {logging_mixin.py:137} INFO - [2023-04-08T12:05:15.724+0000] {dag.py:2705} INFO - Sync 1 DAGs
[2023-04-08T12:05:15.766+0000] {logging_mixin.py:137} INFO - [2023-04-08T12:05:15.765+0000] {dag.py:3456} INFO - Setting next_dagrun for example_kubernetes_executor to None, run_after=None
[2023-04-08T12:05:15.789+0000] {processor.py:175} INFO - Processing /home/airflow/.local/lib/python3.7/site-packages/airflow/example_dags/example_kubernetes_executor.py took 0.160 seconds
[2023-04-08T12:05:45.901+0000] {processor.py:153} INFO - Started process (PID=491) to work on /home/airflow/.local/lib/python3.7/site-packages/airflow/example_dags/example_kubernetes_executor.py
[2023-04-08T12:05:45.910+0000] {processor.py:743} INFO - Processing file /home/airflow/.local/lib/python3.7/site-packages/airflow/example_dags/example_kubernetes_executor.py for tasks to queue
[2023-04-08T12:05:45.911+0000] {logging_mixin.py:137} INFO - [2023-04-08T12:05:45.910+0000] {dagbag.py:532} INFO - Filling up the DagBag from /home/airflow/.local/lib/python3.7/site-packages/airflow/example_dags/example_kubernetes_executor.py
[2023-04-08T12:05:46.046+0000] {processor.py:753} INFO - DAG(s) dict_keys(['example_kubernetes_executor']) retrieved from /home/airflow/.local/lib/python3.7/site-packages/airflow/example_dags/example_kubernetes_executor.py
[2023-04-08T12:05:46.186+0000] {logging_mixin.py:137} INFO - [2023-04-08T12:05:46.185+0000] {dag.py:2705} INFO - Sync 1 DAGs
[2023-04-08T12:05:46.284+0000] {logging_mixin.py:137} INFO - [2023-04-08T12:05:46.284+0000] {dag.py:3456} INFO - Setting next_dagrun for example_kubernetes_executor to None, run_after=None
[2023-04-08T12:05:46.389+0000] {processor.py:175} INFO - Processing /home/airflow/.local/lib/python3.7/site-packages/airflow/example_dags/example_kubernetes_executor.py took 0.494 seconds
[2023-04-08T12:06:16.594+0000] {processor.py:153} INFO - Started process (PID=541) to work on /home/airflow/.local/lib/python3.7/site-packages/airflow/example_dags/example_kubernetes_executor.py
[2023-04-08T12:06:16.595+0000] {processor.py:743} INFO - Processing file /home/airflow/.local/lib/python3.7/site-packages/airflow/example_dags/example_kubernetes_executor.py for tasks to queue
[2023-04-08T12:06:16.596+0000] {logging_mixin.py:137} INFO - [2023-04-08T12:06:16.596+0000] {dagbag.py:532} INFO - Filling up the DagBag from /home/airflow/.local/lib/python3.7/site-packages/airflow/example_dags/example_kubernetes_executor.py
[2023-04-08T12:06:16.628+0000] {processor.py:753} INFO - DAG(s) dict_keys(['example_kubernetes_executor']) retrieved from /home/airflow/.local/lib/python3.7/site-packages/airflow/example_dags/example_kubernetes_executor.py
[2023-04-08T12:06:16.657+0000] {logging_mixin.py:137} INFO - [2023-04-08T12:06:16.657+0000] {dag.py:2705} INFO - Sync 1 DAGs
[2023-04-08T12:06:16.681+0000] {logging_mixin.py:137} INFO - [2023-04-08T12:06:16.681+0000] {dag.py:3456} INFO - Setting next_dagrun for example_kubernetes_executor to None, run_after=None
[2023-04-08T12:06:16.698+0000] {processor.py:175} INFO - Processing /home/airflow/.local/lib/python3.7/site-packages/airflow/example_dags/example_kubernetes_executor.py took 0.106 seconds
[2023-04-08T12:06:47.320+0000] {processor.py:153} INFO - Started process (PID=591) to work on /home/airflow/.local/lib/python3.7/site-packages/airflow/example_dags/example_kubernetes_executor.py
[2023-04-08T12:06:47.321+0000] {processor.py:743} INFO - Processing file /home/airflow/.local/lib/python3.7/site-packages/airflow/example_dags/example_kubernetes_executor.py for tasks to queue
[2023-04-08T12:06:47.322+0000] {logging_mixin.py:137} INFO - [2023-04-08T12:06:47.322+0000] {dagbag.py:532} INFO - Filling up the DagBag from /home/airflow/.local/lib/python3.7/site-packages/airflow/example_dags/example_kubernetes_executor.py
[2023-04-08T12:06:47.365+0000] {processor.py:753} INFO - DAG(s) dict_keys(['example_kubernetes_executor']) retrieved from /home/airflow/.local/lib/python3.7/site-packages/airflow/example_dags/example_kubernetes_executor.py
[2023-04-08T12:06:47.409+0000] {logging_mixin.py:137} INFO - [2023-04-08T12:06:47.408+0000] {dag.py:2705} INFO - Sync 1 DAGs
[2023-04-08T12:06:47.447+0000] {logging_mixin.py:137} INFO - [2023-04-08T12:06:47.447+0000] {dag.py:3456} INFO - Setting next_dagrun for example_kubernetes_executor to None, run_after=None
[2023-04-08T12:06:47.471+0000] {processor.py:175} INFO - Processing /home/airflow/.local/lib/python3.7/site-packages/airflow/example_dags/example_kubernetes_executor.py took 0.155 seconds
[2023-04-08T12:07:17.683+0000] {processor.py:153} INFO - Started process (PID=640) to work on /home/airflow/.local/lib/python3.7/site-packages/airflow/example_dags/example_kubernetes_executor.py
[2023-04-08T12:07:17.684+0000] {processor.py:743} INFO - Processing file /home/airflow/.local/lib/python3.7/site-packages/airflow/example_dags/example_kubernetes_executor.py for tasks to queue
[2023-04-08T12:07:17.685+0000] {logging_mixin.py:137} INFO - [2023-04-08T12:07:17.685+0000] {dagbag.py:532} INFO - Filling up the DagBag from /home/airflow/.local/lib/python3.7/site-packages/airflow/example_dags/example_kubernetes_executor.py
[2023-04-08T12:07:17.728+0000] {processor.py:753} INFO - DAG(s) dict_keys(['example_kubernetes_executor']) retrieved from /home/airflow/.local/lib/python3.7/site-packages/airflow/example_dags/example_kubernetes_executor.py
[2023-04-08T12:07:17.772+0000] {logging_mixin.py:137} INFO - [2023-04-08T12:07:17.772+0000] {dag.py:2705} INFO - Sync 1 DAGs
[2023-04-08T12:07:17.812+0000] {logging_mixin.py:137} INFO - [2023-04-08T12:07:17.812+0000] {dag.py:3456} INFO - Setting next_dagrun for example_kubernetes_executor to None, run_after=None
[2023-04-08T12:07:17.836+0000] {processor.py:175} INFO - Processing /home/airflow/.local/lib/python3.7/site-packages/airflow/example_dags/example_kubernetes_executor.py took 0.158 seconds
[2023-04-08T12:07:48.367+0000] {processor.py:153} INFO - Started process (PID=690) to work on /home/airflow/.local/lib/python3.7/site-packages/airflow/example_dags/example_kubernetes_executor.py
[2023-04-08T12:07:48.368+0000] {processor.py:743} INFO - Processing file /home/airflow/.local/lib/python3.7/site-packages/airflow/example_dags/example_kubernetes_executor.py for tasks to queue
[2023-04-08T12:07:48.368+0000] {logging_mixin.py:137} INFO - [2023-04-08T12:07:48.368+0000] {dagbag.py:532} INFO - Filling up the DagBag from /home/airflow/.local/lib/python3.7/site-packages/airflow/example_dags/example_kubernetes_executor.py
[2023-04-08T12:07:48.411+0000] {processor.py:753} INFO - DAG(s) dict_keys(['example_kubernetes_executor']) retrieved from /home/airflow/.local/lib/python3.7/site-packages/airflow/example_dags/example_kubernetes_executor.py
[2023-04-08T12:07:48.457+0000] {logging_mixin.py:137} INFO - [2023-04-08T12:07:48.456+0000] {dag.py:2705} INFO - Sync 1 DAGs
[2023-04-08T12:07:48.496+0000] {logging_mixin.py:137} INFO - [2023-04-08T12:07:48.496+0000] {dag.py:3456} INFO - Setting next_dagrun for example_kubernetes_executor to None, run_after=None
[2023-04-08T12:07:48.520+0000] {processor.py:175} INFO - Processing /home/airflow/.local/lib/python3.7/site-packages/airflow/example_dags/example_kubernetes_executor.py took 0.157 seconds
[2023-04-08T12:08:18.639+0000] {processor.py:153} INFO - Started process (PID=740) to work on /home/airflow/.local/lib/python3.7/site-packages/airflow/example_dags/example_kubernetes_executor.py
[2023-04-08T12:08:18.640+0000] {processor.py:743} INFO - Processing file /home/airflow/.local/lib/python3.7/site-packages/airflow/example_dags/example_kubernetes_executor.py for tasks to queue
[2023-04-08T12:08:18.641+0000] {logging_mixin.py:137} INFO - [2023-04-08T12:08:18.641+0000] {dagbag.py:532} INFO - Filling up the DagBag from /home/airflow/.local/lib/python3.7/site-packages/airflow/example_dags/example_kubernetes_executor.py
[2023-04-08T12:08:18.683+0000] {processor.py:753} INFO - DAG(s) dict_keys(['example_kubernetes_executor']) retrieved from /home/airflow/.local/lib/python3.7/site-packages/airflow/example_dags/example_kubernetes_executor.py
[2023-04-08T12:08:18.728+0000] {logging_mixin.py:137} INFO - [2023-04-08T12:08:18.728+0000] {dag.py:2705} INFO - Sync 1 DAGs
[2023-04-08T12:08:18.767+0000] {logging_mixin.py:137} INFO - [2023-04-08T12:08:18.766+0000] {dag.py:3456} INFO - Setting next_dagrun for example_kubernetes_executor to None, run_after=None
[2023-04-08T12:08:18.790+0000] {processor.py:175} INFO - Processing /home/airflow/.local/lib/python3.7/site-packages/airflow/example_dags/example_kubernetes_executor.py took 0.156 seconds
[2023-04-08T12:08:49.314+0000] {processor.py:153} INFO - Started process (PID=791) to work on /home/airflow/.local/lib/python3.7/site-packages/airflow/example_dags/example_kubernetes_executor.py
[2023-04-08T12:08:49.315+0000] {processor.py:743} INFO - Processing file /home/airflow/.local/lib/python3.7/site-packages/airflow/example_dags/example_kubernetes_executor.py for tasks to queue
[2023-04-08T12:08:49.316+0000] {logging_mixin.py:137} INFO - [2023-04-08T12:08:49.315+0000] {dagbag.py:532} INFO - Filling up the DagBag from /home/airflow/.local/lib/python3.7/site-packages/airflow/example_dags/example_kubernetes_executor.py
[2023-04-08T12:08:49.359+0000] {processor.py:753} INFO - DAG(s) dict_keys(['example_kubernetes_executor']) retrieved from /home/airflow/.local/lib/python3.7/site-packages/airflow/example_dags/example_kubernetes_executor.py
[2023-04-08T12:08:49.404+0000] {logging_mixin.py:137} INFO - [2023-04-08T12:08:49.403+0000] {dag.py:2705} INFO - Sync 1 DAGs
[2023-04-08T12:08:49.444+0000] {logging_mixin.py:137} INFO - [2023-04-08T12:08:49.444+0000] {dag.py:3456} INFO - Setting next_dagrun for example_kubernetes_executor to None, run_after=None
[2023-04-08T12:08:49.470+0000] {processor.py:175} INFO - Processing /home/airflow/.local/lib/python3.7/site-packages/airflow/example_dags/example_kubernetes_executor.py took 0.160 seconds
[2023-04-08T12:09:19.711+0000] {processor.py:153} INFO - Started process (PID=840) to work on /home/airflow/.local/lib/python3.7/site-packages/airflow/example_dags/example_kubernetes_executor.py
[2023-04-08T12:09:19.712+0000] {processor.py:743} INFO - Processing file /home/airflow/.local/lib/python3.7/site-packages/airflow/example_dags/example_kubernetes_executor.py for tasks to queue
[2023-04-08T12:09:19.713+0000] {logging_mixin.py:137} INFO - [2023-04-08T12:09:19.713+0000] {dagbag.py:532} INFO - Filling up the DagBag from /home/airflow/.local/lib/python3.7/site-packages/airflow/example_dags/example_kubernetes_executor.py
[2023-04-08T12:09:19.757+0000] {processor.py:753} INFO - DAG(s) dict_keys(['example_kubernetes_executor']) retrieved from /home/airflow/.local/lib/python3.7/site-packages/airflow/example_dags/example_kubernetes_executor.py
[2023-04-08T12:09:19.801+0000] {logging_mixin.py:137} INFO - [2023-04-08T12:09:19.801+0000] {dag.py:2705} INFO - Sync 1 DAGs
[2023-04-08T12:09:19.842+0000] {logging_mixin.py:137} INFO - [2023-04-08T12:09:19.841+0000] {dag.py:3456} INFO - Setting next_dagrun for example_kubernetes_executor to None, run_after=None
[2023-04-08T12:09:19.865+0000] {processor.py:175} INFO - Processing /home/airflow/.local/lib/python3.7/site-packages/airflow/example_dags/example_kubernetes_executor.py took 0.158 seconds
[2023-04-08T12:09:50.133+0000] {processor.py:153} INFO - Started process (PID=890) to work on /home/airflow/.local/lib/python3.7/site-packages/airflow/example_dags/example_kubernetes_executor.py
[2023-04-08T12:09:50.134+0000] {processor.py:743} INFO - Processing file /home/airflow/.local/lib/python3.7/site-packages/airflow/example_dags/example_kubernetes_executor.py for tasks to queue
[2023-04-08T12:09:50.135+0000] {logging_mixin.py:137} INFO - [2023-04-08T12:09:50.134+0000] {dagbag.py:532} INFO - Filling up the DagBag from /home/airflow/.local/lib/python3.7/site-packages/airflow/example_dags/example_kubernetes_executor.py
[2023-04-08T12:09:50.178+0000] {processor.py:753} INFO - DAG(s) dict_keys(['example_kubernetes_executor']) retrieved from /home/airflow/.local/lib/python3.7/site-packages/airflow/example_dags/example_kubernetes_executor.py
[2023-04-08T12:09:50.224+0000] {logging_mixin.py:137} INFO - [2023-04-08T12:09:50.223+0000] {dag.py:2705} INFO - Sync 1 DAGs
[2023-04-08T12:09:50.262+0000] {logging_mixin.py:137} INFO - [2023-04-08T12:09:50.262+0000] {dag.py:3456} INFO - Setting next_dagrun for example_kubernetes_executor to None, run_after=None
[2023-04-08T12:09:50.286+0000] {processor.py:175} INFO - Processing /home/airflow/.local/lib/python3.7/site-packages/airflow/example_dags/example_kubernetes_executor.py took 0.158 seconds
[2023-04-08T12:10:20.723+0000] {processor.py:153} INFO - Started process (PID=939) to work on /home/airflow/.local/lib/python3.7/site-packages/airflow/example_dags/example_kubernetes_executor.py
[2023-04-08T12:10:20.724+0000] {processor.py:743} INFO - Processing file /home/airflow/.local/lib/python3.7/site-packages/airflow/example_dags/example_kubernetes_executor.py for tasks to queue
[2023-04-08T12:10:20.725+0000] {logging_mixin.py:137} INFO - [2023-04-08T12:10:20.724+0000] {dagbag.py:532} INFO - Filling up the DagBag from /home/airflow/.local/lib/python3.7/site-packages/airflow/example_dags/example_kubernetes_executor.py
[2023-04-08T12:10:20.769+0000] {processor.py:753} INFO - DAG(s) dict_keys(['example_kubernetes_executor']) retrieved from /home/airflow/.local/lib/python3.7/site-packages/airflow/example_dags/example_kubernetes_executor.py
[2023-04-08T12:10:20.813+0000] {logging_mixin.py:137} INFO - [2023-04-08T12:10:20.813+0000] {dag.py:2705} INFO - Sync 1 DAGs
[2023-04-08T12:10:20.852+0000] {logging_mixin.py:137} INFO - [2023-04-08T12:10:20.852+0000] {dag.py:3456} INFO - Setting next_dagrun for example_kubernetes_executor to None, run_after=None
[2023-04-08T12:10:20.876+0000] {processor.py:175} INFO - Processing /home/airflow/.local/lib/python3.7/site-packages/airflow/example_dags/example_kubernetes_executor.py took 0.158 seconds
[2023-04-08T12:10:51.282+0000] {processor.py:153} INFO - Started process (PID=989) to work on /home/airflow/.local/lib/python3.7/site-packages/airflow/example_dags/example_kubernetes_executor.py
[2023-04-08T12:10:51.283+0000] {processor.py:743} INFO - Processing file /home/airflow/.local/lib/python3.7/site-packages/airflow/example_dags/example_kubernetes_executor.py for tasks to queue
[2023-04-08T12:10:51.283+0000] {logging_mixin.py:137} INFO - [2023-04-08T12:10:51.283+0000] {dagbag.py:532} INFO - Filling up the DagBag from /home/airflow/.local/lib/python3.7/site-packages/airflow/example_dags/example_kubernetes_executor.py
[2023-04-08T12:10:51.328+0000] {processor.py:753} INFO - DAG(s) dict_keys(['example_kubernetes_executor']) retrieved from /home/airflow/.local/lib/python3.7/site-packages/airflow/example_dags/example_kubernetes_executor.py
[2023-04-08T12:10:51.377+0000] {logging_mixin.py:137} INFO - [2023-04-08T12:10:51.377+0000] {dag.py:2705} INFO - Sync 1 DAGs
[2023-04-08T12:10:51.416+0000] {logging_mixin.py:137} INFO - [2023-04-08T12:10:51.416+0000] {dag.py:3456} INFO - Setting next_dagrun for example_kubernetes_executor to None, run_after=None
[2023-04-08T12:10:51.441+0000] {processor.py:175} INFO - Processing /home/airflow/.local/lib/python3.7/site-packages/airflow/example_dags/example_kubernetes_executor.py took 0.164 seconds
