[2023-04-08T12:01:22.931+0000] {processor.py:153} INFO - Started process (PID=61) to work on /home/airflow/.local/lib/python3.7/site-packages/airflow/example_dags/example_branch_datetime_operator.py
[2023-04-08T12:01:22.932+0000] {processor.py:743} INFO - Processing file /home/airflow/.local/lib/python3.7/site-packages/airflow/example_dags/example_branch_datetime_operator.py for tasks to queue
[2023-04-08T12:01:22.932+0000] {logging_mixin.py:137} INFO - [2023-04-08T12:01:22.932+0000] {dagbag.py:532} INFO - Filling up the DagBag from /home/airflow/.local/lib/python3.7/site-packages/airflow/example_dags/example_branch_datetime_operator.py
[2023-04-08T12:01:23.017+0000] {processor.py:753} INFO - DAG(s) dict_keys(['example_branch_datetime_operator_2', 'example_branch_datetime_operator_3', 'example_branch_datetime_operator']) retrieved from /home/airflow/.local/lib/python3.7/site-packages/airflow/example_dags/example_branch_datetime_operator.py
[2023-04-08T12:01:23.589+0000] {logging_mixin.py:137} INFO - [2023-04-08T12:01:23.589+0000] {manager.py:504} INFO - Created Permission View: can delete on DAG:example_branch_datetime_operator_2
[2023-04-08T12:01:23.646+0000] {logging_mixin.py:137} INFO - [2023-04-08T12:01:23.646+0000] {manager.py:504} INFO - Created Permission View: can edit on DAG:example_branch_datetime_operator_2
[2023-04-08T12:01:23.675+0000] {logging_mixin.py:137} INFO - [2023-04-08T12:01:23.675+0000] {manager.py:504} INFO - Created Permission View: can read on DAG:example_branch_datetime_operator_2
[2023-04-08T12:01:23.732+0000] {logging_mixin.py:137} INFO - [2023-04-08T12:01:23.732+0000] {manager.py:504} INFO - Created Permission View: can delete on DAG:example_branch_datetime_operator_3
[2023-04-08T12:01:23.750+0000] {logging_mixin.py:137} INFO - [2023-04-08T12:01:23.750+0000] {manager.py:504} INFO - Created Permission View: can edit on DAG:example_branch_datetime_operator_3
[2023-04-08T12:01:23.769+0000] {logging_mixin.py:137} INFO - [2023-04-08T12:01:23.769+0000] {manager.py:504} INFO - Created Permission View: can read on DAG:example_branch_datetime_operator_3
[2023-04-08T12:01:23.812+0000] {logging_mixin.py:137} INFO - [2023-04-08T12:01:23.811+0000] {manager.py:504} INFO - Created Permission View: can delete on DAG:example_branch_datetime_operator
[2023-04-08T12:01:23.829+0000] {logging_mixin.py:137} INFO - [2023-04-08T12:01:23.829+0000] {manager.py:504} INFO - Created Permission View: can edit on DAG:example_branch_datetime_operator
[2023-04-08T12:01:23.853+0000] {logging_mixin.py:137} INFO - [2023-04-08T12:01:23.853+0000] {manager.py:504} INFO - Created Permission View: can read on DAG:example_branch_datetime_operator
[2023-04-08T12:01:23.854+0000] {logging_mixin.py:137} INFO - [2023-04-08T12:01:23.853+0000] {dag.py:2705} INFO - Sync 3 DAGs
[2023-04-08T12:01:23.905+0000] {logging_mixin.py:137} INFO - [2023-04-08T12:01:23.905+0000] {dag.py:2726} INFO - Creating ORM DAG for example_branch_datetime_operator_3
[2023-04-08T12:01:23.906+0000] {logging_mixin.py:137} INFO - [2023-04-08T12:01:23.906+0000] {dag.py:2726} INFO - Creating ORM DAG for example_branch_datetime_operator
[2023-04-08T12:01:23.907+0000] {logging_mixin.py:137} INFO - [2023-04-08T12:01:23.907+0000] {dag.py:2726} INFO - Creating ORM DAG for example_branch_datetime_operator_2
[2023-04-08T12:01:23.965+0000] {logging_mixin.py:137} INFO - [2023-04-08T12:01:23.965+0000] {dag.py:3456} INFO - Setting next_dagrun for example_branch_datetime_operator to 2023-04-07T00:00:00+00:00, run_after=2023-04-08T00:00:00+00:00
[2023-04-08T12:01:23.977+0000] {logging_mixin.py:137} INFO - [2023-04-08T12:01:23.977+0000] {dag.py:3456} INFO - Setting next_dagrun for example_branch_datetime_operator_2 to 2023-04-07T00:00:00+00:00, run_after=2023-04-08T00:00:00+00:00
[2023-04-08T12:01:23.983+0000] {logging_mixin.py:137} INFO - [2023-04-08T12:01:23.983+0000] {dag.py:3456} INFO - Setting next_dagrun for example_branch_datetime_operator_3 to 2023-04-07T00:00:00+00:00, run_after=2023-04-08T00:00:00+00:00
[2023-04-08T12:01:24.066+0000] {processor.py:175} INFO - Processing /home/airflow/.local/lib/python3.7/site-packages/airflow/example_dags/example_branch_datetime_operator.py took 1.144 seconds
[2023-04-08T12:01:54.886+0000] {processor.py:153} INFO - Started process (PID=111) to work on /home/airflow/.local/lib/python3.7/site-packages/airflow/example_dags/example_branch_datetime_operator.py
[2023-04-08T12:01:54.887+0000] {processor.py:743} INFO - Processing file /home/airflow/.local/lib/python3.7/site-packages/airflow/example_dags/example_branch_datetime_operator.py for tasks to queue
[2023-04-08T12:01:54.888+0000] {logging_mixin.py:137} INFO - [2023-04-08T12:01:54.888+0000] {dagbag.py:532} INFO - Filling up the DagBag from /home/airflow/.local/lib/python3.7/site-packages/airflow/example_dags/example_branch_datetime_operator.py
[2023-04-08T12:01:54.914+0000] {processor.py:753} INFO - DAG(s) dict_keys(['example_branch_datetime_operator', 'example_branch_datetime_operator_3', 'example_branch_datetime_operator_2']) retrieved from /home/airflow/.local/lib/python3.7/site-packages/airflow/example_dags/example_branch_datetime_operator.py
[2023-04-08T12:01:54.961+0000] {logging_mixin.py:137} INFO - [2023-04-08T12:01:54.961+0000] {dag.py:2705} INFO - Sync 3 DAGs
[2023-04-08T12:01:55.004+0000] {logging_mixin.py:137} INFO - [2023-04-08T12:01:55.004+0000] {dag.py:3456} INFO - Setting next_dagrun for example_branch_datetime_operator to 2023-04-07T00:00:00+00:00, run_after=2023-04-08T00:00:00+00:00
[2023-04-08T12:01:55.016+0000] {logging_mixin.py:137} INFO - [2023-04-08T12:01:55.016+0000] {dag.py:3456} INFO - Setting next_dagrun for example_branch_datetime_operator_2 to 2023-04-07T00:00:00+00:00, run_after=2023-04-08T00:00:00+00:00
[2023-04-08T12:01:55.020+0000] {logging_mixin.py:137} INFO - [2023-04-08T12:01:55.020+0000] {dag.py:3456} INFO - Setting next_dagrun for example_branch_datetime_operator_3 to 2023-04-07T00:00:00+00:00, run_after=2023-04-08T00:00:00+00:00
[2023-04-08T12:01:55.040+0000] {processor.py:175} INFO - Processing /home/airflow/.local/lib/python3.7/site-packages/airflow/example_dags/example_branch_datetime_operator.py took 0.158 seconds
[2023-04-08T12:02:25.816+0000] {processor.py:153} INFO - Started process (PID=160) to work on /home/airflow/.local/lib/python3.7/site-packages/airflow/example_dags/example_branch_datetime_operator.py
[2023-04-08T12:02:25.817+0000] {processor.py:743} INFO - Processing file /home/airflow/.local/lib/python3.7/site-packages/airflow/example_dags/example_branch_datetime_operator.py for tasks to queue
[2023-04-08T12:02:25.818+0000] {logging_mixin.py:137} INFO - [2023-04-08T12:02:25.818+0000] {dagbag.py:532} INFO - Filling up the DagBag from /home/airflow/.local/lib/python3.7/site-packages/airflow/example_dags/example_branch_datetime_operator.py
[2023-04-08T12:02:25.844+0000] {processor.py:753} INFO - DAG(s) dict_keys(['example_branch_datetime_operator_3', 'example_branch_datetime_operator', 'example_branch_datetime_operator_2']) retrieved from /home/airflow/.local/lib/python3.7/site-packages/airflow/example_dags/example_branch_datetime_operator.py
[2023-04-08T12:02:25.890+0000] {logging_mixin.py:137} INFO - [2023-04-08T12:02:25.890+0000] {dag.py:2705} INFO - Sync 3 DAGs
[2023-04-08T12:02:25.934+0000] {logging_mixin.py:137} INFO - [2023-04-08T12:02:25.934+0000] {dag.py:3456} INFO - Setting next_dagrun for example_branch_datetime_operator to 2023-04-07T00:00:00+00:00, run_after=2023-04-08T00:00:00+00:00
[2023-04-08T12:02:25.941+0000] {logging_mixin.py:137} INFO - [2023-04-08T12:02:25.941+0000] {dag.py:3456} INFO - Setting next_dagrun for example_branch_datetime_operator_2 to 2023-04-07T00:00:00+00:00, run_after=2023-04-08T00:00:00+00:00
[2023-04-08T12:02:25.945+0000] {logging_mixin.py:137} INFO - [2023-04-08T12:02:25.945+0000] {dag.py:3456} INFO - Setting next_dagrun for example_branch_datetime_operator_3 to 2023-04-07T00:00:00+00:00, run_after=2023-04-08T00:00:00+00:00
[2023-04-08T12:02:25.966+0000] {processor.py:175} INFO - Processing /home/airflow/.local/lib/python3.7/site-packages/airflow/example_dags/example_branch_datetime_operator.py took 0.156 seconds
[2023-04-08T12:02:56.403+0000] {processor.py:153} INFO - Started process (PID=210) to work on /home/airflow/.local/lib/python3.7/site-packages/airflow/example_dags/example_branch_datetime_operator.py
[2023-04-08T12:02:56.404+0000] {processor.py:743} INFO - Processing file /home/airflow/.local/lib/python3.7/site-packages/airflow/example_dags/example_branch_datetime_operator.py for tasks to queue
[2023-04-08T12:02:56.426+0000] {logging_mixin.py:137} INFO - [2023-04-08T12:02:56.426+0000] {dagbag.py:532} INFO - Filling up the DagBag from /home/airflow/.local/lib/python3.7/site-packages/airflow/example_dags/example_branch_datetime_operator.py
[2023-04-08T12:02:56.519+0000] {processor.py:753} INFO - DAG(s) dict_keys(['example_branch_datetime_operator', 'example_branch_datetime_operator_2', 'example_branch_datetime_operator_3']) retrieved from /home/airflow/.local/lib/python3.7/site-packages/airflow/example_dags/example_branch_datetime_operator.py
[2023-04-08T12:02:56.697+0000] {logging_mixin.py:137} INFO - [2023-04-08T12:02:56.697+0000] {dag.py:2705} INFO - Sync 3 DAGs
[2023-04-08T12:02:56.800+0000] {logging_mixin.py:137} INFO - [2023-04-08T12:02:56.800+0000] {dag.py:3456} INFO - Setting next_dagrun for example_branch_datetime_operator to 2023-04-07T00:00:00+00:00, run_after=2023-04-08T00:00:00+00:00
[2023-04-08T12:02:56.842+0000] {logging_mixin.py:137} INFO - [2023-04-08T12:02:56.842+0000] {dag.py:3456} INFO - Setting next_dagrun for example_branch_datetime_operator_2 to 2023-04-07T00:00:00+00:00, run_after=2023-04-08T00:00:00+00:00
[2023-04-08T12:02:56.846+0000] {logging_mixin.py:137} INFO - [2023-04-08T12:02:56.846+0000] {dag.py:3456} INFO - Setting next_dagrun for example_branch_datetime_operator_3 to 2023-04-07T00:00:00+00:00, run_after=2023-04-08T00:00:00+00:00
[2023-04-08T12:02:56.924+0000] {processor.py:175} INFO - Processing /home/airflow/.local/lib/python3.7/site-packages/airflow/example_dags/example_branch_datetime_operator.py took 0.540 seconds
[2023-04-08T12:03:27.722+0000] {processor.py:153} INFO - Started process (PID=260) to work on /home/airflow/.local/lib/python3.7/site-packages/airflow/example_dags/example_branch_datetime_operator.py
[2023-04-08T12:03:27.724+0000] {processor.py:743} INFO - Processing file /home/airflow/.local/lib/python3.7/site-packages/airflow/example_dags/example_branch_datetime_operator.py for tasks to queue
[2023-04-08T12:03:27.725+0000] {logging_mixin.py:137} INFO - [2023-04-08T12:03:27.725+0000] {dagbag.py:532} INFO - Filling up the DagBag from /home/airflow/.local/lib/python3.7/site-packages/airflow/example_dags/example_branch_datetime_operator.py
[2023-04-08T12:03:27.775+0000] {processor.py:753} INFO - DAG(s) dict_keys(['example_branch_datetime_operator_2', 'example_branch_datetime_operator', 'example_branch_datetime_operator_3']) retrieved from /home/airflow/.local/lib/python3.7/site-packages/airflow/example_dags/example_branch_datetime_operator.py
[2023-04-08T12:03:27.879+0000] {logging_mixin.py:137} INFO - [2023-04-08T12:03:27.879+0000] {dag.py:2705} INFO - Sync 3 DAGs
[2023-04-08T12:03:28.013+0000] {logging_mixin.py:137} INFO - [2023-04-08T12:03:28.013+0000] {dag.py:3456} INFO - Setting next_dagrun for example_branch_datetime_operator to 2023-04-07T00:00:00+00:00, run_after=2023-04-08T00:00:00+00:00
[2023-04-08T12:03:28.033+0000] {logging_mixin.py:137} INFO - [2023-04-08T12:03:28.033+0000] {dag.py:3456} INFO - Setting next_dagrun for example_branch_datetime_operator_2 to 2023-04-07T00:00:00+00:00, run_after=2023-04-08T00:00:00+00:00
[2023-04-08T12:03:28.048+0000] {logging_mixin.py:137} INFO - [2023-04-08T12:03:28.048+0000] {dag.py:3456} INFO - Setting next_dagrun for example_branch_datetime_operator_3 to 2023-04-07T00:00:00+00:00, run_after=2023-04-08T00:00:00+00:00
[2023-04-08T12:03:28.109+0000] {processor.py:175} INFO - Processing /home/airflow/.local/lib/python3.7/site-packages/airflow/example_dags/example_branch_datetime_operator.py took 0.400 seconds
[2023-04-08T12:03:58.263+0000] {processor.py:153} INFO - Started process (PID=310) to work on /home/airflow/.local/lib/python3.7/site-packages/airflow/example_dags/example_branch_datetime_operator.py
[2023-04-08T12:03:58.264+0000] {processor.py:743} INFO - Processing file /home/airflow/.local/lib/python3.7/site-packages/airflow/example_dags/example_branch_datetime_operator.py for tasks to queue
[2023-04-08T12:03:58.265+0000] {logging_mixin.py:137} INFO - [2023-04-08T12:03:58.265+0000] {dagbag.py:532} INFO - Filling up the DagBag from /home/airflow/.local/lib/python3.7/site-packages/airflow/example_dags/example_branch_datetime_operator.py
[2023-04-08T12:03:58.290+0000] {processor.py:753} INFO - DAG(s) dict_keys(['example_branch_datetime_operator', 'example_branch_datetime_operator_3', 'example_branch_datetime_operator_2']) retrieved from /home/airflow/.local/lib/python3.7/site-packages/airflow/example_dags/example_branch_datetime_operator.py
[2023-04-08T12:03:58.336+0000] {logging_mixin.py:137} INFO - [2023-04-08T12:03:58.336+0000] {dag.py:2705} INFO - Sync 3 DAGs
[2023-04-08T12:03:58.384+0000] {logging_mixin.py:137} INFO - [2023-04-08T12:03:58.384+0000] {dag.py:3456} INFO - Setting next_dagrun for example_branch_datetime_operator to 2023-04-07T00:00:00+00:00, run_after=2023-04-08T00:00:00+00:00
[2023-04-08T12:03:58.391+0000] {logging_mixin.py:137} INFO - [2023-04-08T12:03:58.391+0000] {dag.py:3456} INFO - Setting next_dagrun for example_branch_datetime_operator_2 to 2023-04-07T00:00:00+00:00, run_after=2023-04-08T00:00:00+00:00
[2023-04-08T12:03:58.395+0000] {logging_mixin.py:137} INFO - [2023-04-08T12:03:58.394+0000] {dag.py:3456} INFO - Setting next_dagrun for example_branch_datetime_operator_3 to 2023-04-07T00:00:00+00:00, run_after=2023-04-08T00:00:00+00:00
[2023-04-08T12:03:58.416+0000] {processor.py:175} INFO - Processing /home/airflow/.local/lib/python3.7/site-packages/airflow/example_dags/example_branch_datetime_operator.py took 0.157 seconds
[2023-04-08T12:04:28.527+0000] {processor.py:153} INFO - Started process (PID=361) to work on /home/airflow/.local/lib/python3.7/site-packages/airflow/example_dags/example_branch_datetime_operator.py
[2023-04-08T12:04:28.528+0000] {processor.py:743} INFO - Processing file /home/airflow/.local/lib/python3.7/site-packages/airflow/example_dags/example_branch_datetime_operator.py for tasks to queue
[2023-04-08T12:04:28.529+0000] {logging_mixin.py:137} INFO - [2023-04-08T12:04:28.529+0000] {dagbag.py:532} INFO - Filling up the DagBag from /home/airflow/.local/lib/python3.7/site-packages/airflow/example_dags/example_branch_datetime_operator.py
[2023-04-08T12:04:28.555+0000] {processor.py:753} INFO - DAG(s) dict_keys(['example_branch_datetime_operator', 'example_branch_datetime_operator_3', 'example_branch_datetime_operator_2']) retrieved from /home/airflow/.local/lib/python3.7/site-packages/airflow/example_dags/example_branch_datetime_operator.py
[2023-04-08T12:04:28.605+0000] {logging_mixin.py:137} INFO - [2023-04-08T12:04:28.605+0000] {dag.py:2705} INFO - Sync 3 DAGs
[2023-04-08T12:04:28.654+0000] {logging_mixin.py:137} INFO - [2023-04-08T12:04:28.654+0000] {dag.py:3456} INFO - Setting next_dagrun for example_branch_datetime_operator to 2023-04-07T00:00:00+00:00, run_after=2023-04-08T00:00:00+00:00
[2023-04-08T12:04:28.661+0000] {logging_mixin.py:137} INFO - [2023-04-08T12:04:28.661+0000] {dag.py:3456} INFO - Setting next_dagrun for example_branch_datetime_operator_2 to 2023-04-07T00:00:00+00:00, run_after=2023-04-08T00:00:00+00:00
[2023-04-08T12:04:28.664+0000] {logging_mixin.py:137} INFO - [2023-04-08T12:04:28.664+0000] {dag.py:3456} INFO - Setting next_dagrun for example_branch_datetime_operator_3 to 2023-04-07T00:00:00+00:00, run_after=2023-04-08T00:00:00+00:00
[2023-04-08T12:04:28.688+0000] {processor.py:175} INFO - Processing /home/airflow/.local/lib/python3.7/site-packages/airflow/example_dags/example_branch_datetime_operator.py took 0.167 seconds
[2023-04-08T12:04:58.960+0000] {processor.py:153} INFO - Started process (PID=411) to work on /home/airflow/.local/lib/python3.7/site-packages/airflow/example_dags/example_branch_datetime_operator.py
[2023-04-08T12:04:58.960+0000] {processor.py:743} INFO - Processing file /home/airflow/.local/lib/python3.7/site-packages/airflow/example_dags/example_branch_datetime_operator.py for tasks to queue
[2023-04-08T12:04:58.961+0000] {logging_mixin.py:137} INFO - [2023-04-08T12:04:58.961+0000] {dagbag.py:532} INFO - Filling up the DagBag from /home/airflow/.local/lib/python3.7/site-packages/airflow/example_dags/example_branch_datetime_operator.py
[2023-04-08T12:04:58.987+0000] {processor.py:753} INFO - DAG(s) dict_keys(['example_branch_datetime_operator_2', 'example_branch_datetime_operator', 'example_branch_datetime_operator_3']) retrieved from /home/airflow/.local/lib/python3.7/site-packages/airflow/example_dags/example_branch_datetime_operator.py
[2023-04-08T12:04:59.034+0000] {logging_mixin.py:137} INFO - [2023-04-08T12:04:59.033+0000] {dag.py:2705} INFO - Sync 3 DAGs
[2023-04-08T12:04:59.076+0000] {logging_mixin.py:137} INFO - [2023-04-08T12:04:59.076+0000] {dag.py:3456} INFO - Setting next_dagrun for example_branch_datetime_operator to 2023-04-07T00:00:00+00:00, run_after=2023-04-08T00:00:00+00:00
[2023-04-08T12:04:59.083+0000] {logging_mixin.py:137} INFO - [2023-04-08T12:04:59.083+0000] {dag.py:3456} INFO - Setting next_dagrun for example_branch_datetime_operator_2 to 2023-04-07T00:00:00+00:00, run_after=2023-04-08T00:00:00+00:00
[2023-04-08T12:04:59.087+0000] {logging_mixin.py:137} INFO - [2023-04-08T12:04:59.086+0000] {dag.py:3456} INFO - Setting next_dagrun for example_branch_datetime_operator_3 to 2023-04-07T00:00:00+00:00, run_after=2023-04-08T00:00:00+00:00
[2023-04-08T12:04:59.110+0000] {processor.py:175} INFO - Processing /home/airflow/.local/lib/python3.7/site-packages/airflow/example_dags/example_branch_datetime_operator.py took 0.154 seconds
[2023-04-08T12:05:29.316+0000] {processor.py:153} INFO - Started process (PID=462) to work on /home/airflow/.local/lib/python3.7/site-packages/airflow/example_dags/example_branch_datetime_operator.py
[2023-04-08T12:05:29.317+0000] {processor.py:743} INFO - Processing file /home/airflow/.local/lib/python3.7/site-packages/airflow/example_dags/example_branch_datetime_operator.py for tasks to queue
[2023-04-08T12:05:29.318+0000] {logging_mixin.py:137} INFO - [2023-04-08T12:05:29.318+0000] {dagbag.py:532} INFO - Filling up the DagBag from /home/airflow/.local/lib/python3.7/site-packages/airflow/example_dags/example_branch_datetime_operator.py
[2023-04-08T12:05:29.344+0000] {processor.py:753} INFO - DAG(s) dict_keys(['example_branch_datetime_operator_3', 'example_branch_datetime_operator_2', 'example_branch_datetime_operator']) retrieved from /home/airflow/.local/lib/python3.7/site-packages/airflow/example_dags/example_branch_datetime_operator.py
[2023-04-08T12:05:29.390+0000] {logging_mixin.py:137} INFO - [2023-04-08T12:05:29.390+0000] {dag.py:2705} INFO - Sync 3 DAGs
[2023-04-08T12:05:29.436+0000] {logging_mixin.py:137} INFO - [2023-04-08T12:05:29.436+0000] {dag.py:3456} INFO - Setting next_dagrun for example_branch_datetime_operator to 2023-04-07T00:00:00+00:00, run_after=2023-04-08T00:00:00+00:00
[2023-04-08T12:05:29.443+0000] {logging_mixin.py:137} INFO - [2023-04-08T12:05:29.443+0000] {dag.py:3456} INFO - Setting next_dagrun for example_branch_datetime_operator_2 to 2023-04-07T00:00:00+00:00, run_after=2023-04-08T00:00:00+00:00
[2023-04-08T12:05:29.447+0000] {logging_mixin.py:137} INFO - [2023-04-08T12:05:29.447+0000] {dag.py:3456} INFO - Setting next_dagrun for example_branch_datetime_operator_3 to 2023-04-07T00:00:00+00:00, run_after=2023-04-08T00:00:00+00:00
[2023-04-08T12:05:29.469+0000] {processor.py:175} INFO - Processing /home/airflow/.local/lib/python3.7/site-packages/airflow/example_dags/example_branch_datetime_operator.py took 0.158 seconds
[2023-04-08T12:05:59.610+0000] {processor.py:153} INFO - Started process (PID=512) to work on /home/airflow/.local/lib/python3.7/site-packages/airflow/example_dags/example_branch_datetime_operator.py
[2023-04-08T12:05:59.611+0000] {processor.py:743} INFO - Processing file /home/airflow/.local/lib/python3.7/site-packages/airflow/example_dags/example_branch_datetime_operator.py for tasks to queue
[2023-04-08T12:05:59.612+0000] {logging_mixin.py:137} INFO - [2023-04-08T12:05:59.612+0000] {dagbag.py:532} INFO - Filling up the DagBag from /home/airflow/.local/lib/python3.7/site-packages/airflow/example_dags/example_branch_datetime_operator.py
[2023-04-08T12:05:59.638+0000] {processor.py:753} INFO - DAG(s) dict_keys(['example_branch_datetime_operator', 'example_branch_datetime_operator_2', 'example_branch_datetime_operator_3']) retrieved from /home/airflow/.local/lib/python3.7/site-packages/airflow/example_dags/example_branch_datetime_operator.py
[2023-04-08T12:05:59.684+0000] {logging_mixin.py:137} INFO - [2023-04-08T12:05:59.684+0000] {dag.py:2705} INFO - Sync 3 DAGs
[2023-04-08T12:05:59.728+0000] {logging_mixin.py:137} INFO - [2023-04-08T12:05:59.728+0000] {dag.py:3456} INFO - Setting next_dagrun for example_branch_datetime_operator to 2023-04-07T00:00:00+00:00, run_after=2023-04-08T00:00:00+00:00
[2023-04-08T12:05:59.735+0000] {logging_mixin.py:137} INFO - [2023-04-08T12:05:59.735+0000] {dag.py:3456} INFO - Setting next_dagrun for example_branch_datetime_operator_2 to 2023-04-07T00:00:00+00:00, run_after=2023-04-08T00:00:00+00:00
[2023-04-08T12:05:59.739+0000] {logging_mixin.py:137} INFO - [2023-04-08T12:05:59.739+0000] {dag.py:3456} INFO - Setting next_dagrun for example_branch_datetime_operator_3 to 2023-04-07T00:00:00+00:00, run_after=2023-04-08T00:00:00+00:00
[2023-04-08T12:05:59.759+0000] {processor.py:175} INFO - Processing /home/airflow/.local/lib/python3.7/site-packages/airflow/example_dags/example_branch_datetime_operator.py took 0.154 seconds
[2023-04-08T12:06:30.734+0000] {processor.py:153} INFO - Started process (PID=562) to work on /home/airflow/.local/lib/python3.7/site-packages/airflow/example_dags/example_branch_datetime_operator.py
[2023-04-08T12:06:30.735+0000] {processor.py:743} INFO - Processing file /home/airflow/.local/lib/python3.7/site-packages/airflow/example_dags/example_branch_datetime_operator.py for tasks to queue
[2023-04-08T12:06:30.736+0000] {logging_mixin.py:137} INFO - [2023-04-08T12:06:30.736+0000] {dagbag.py:532} INFO - Filling up the DagBag from /home/airflow/.local/lib/python3.7/site-packages/airflow/example_dags/example_branch_datetime_operator.py
[2023-04-08T12:06:30.764+0000] {processor.py:753} INFO - DAG(s) dict_keys(['example_branch_datetime_operator', 'example_branch_datetime_operator_2', 'example_branch_datetime_operator_3']) retrieved from /home/airflow/.local/lib/python3.7/site-packages/airflow/example_dags/example_branch_datetime_operator.py
[2023-04-08T12:06:30.821+0000] {logging_mixin.py:137} INFO - [2023-04-08T12:06:30.821+0000] {dag.py:2705} INFO - Sync 3 DAGs
[2023-04-08T12:06:30.881+0000] {logging_mixin.py:137} INFO - [2023-04-08T12:06:30.881+0000] {dag.py:3456} INFO - Setting next_dagrun for example_branch_datetime_operator to 2023-04-07T00:00:00+00:00, run_after=2023-04-08T00:00:00+00:00
[2023-04-08T12:06:30.889+0000] {logging_mixin.py:137} INFO - [2023-04-08T12:06:30.888+0000] {dag.py:3456} INFO - Setting next_dagrun for example_branch_datetime_operator_2 to 2023-04-07T00:00:00+00:00, run_after=2023-04-08T00:00:00+00:00
[2023-04-08T12:06:30.892+0000] {logging_mixin.py:137} INFO - [2023-04-08T12:06:30.892+0000] {dag.py:3456} INFO - Setting next_dagrun for example_branch_datetime_operator_3 to 2023-04-07T00:00:00+00:00, run_after=2023-04-08T00:00:00+00:00
[2023-04-08T12:06:30.913+0000] {processor.py:175} INFO - Processing /home/airflow/.local/lib/python3.7/site-packages/airflow/example_dags/example_branch_datetime_operator.py took 0.184 seconds
[2023-04-08T12:07:01.022+0000] {processor.py:153} INFO - Started process (PID=612) to work on /home/airflow/.local/lib/python3.7/site-packages/airflow/example_dags/example_branch_datetime_operator.py
[2023-04-08T12:07:01.023+0000] {processor.py:743} INFO - Processing file /home/airflow/.local/lib/python3.7/site-packages/airflow/example_dags/example_branch_datetime_operator.py for tasks to queue
[2023-04-08T12:07:01.024+0000] {logging_mixin.py:137} INFO - [2023-04-08T12:07:01.024+0000] {dagbag.py:532} INFO - Filling up the DagBag from /home/airflow/.local/lib/python3.7/site-packages/airflow/example_dags/example_branch_datetime_operator.py
[2023-04-08T12:07:01.050+0000] {processor.py:753} INFO - DAG(s) dict_keys(['example_branch_datetime_operator_2', 'example_branch_datetime_operator_3', 'example_branch_datetime_operator']) retrieved from /home/airflow/.local/lib/python3.7/site-packages/airflow/example_dags/example_branch_datetime_operator.py
[2023-04-08T12:07:01.097+0000] {logging_mixin.py:137} INFO - [2023-04-08T12:07:01.097+0000] {dag.py:2705} INFO - Sync 3 DAGs
[2023-04-08T12:07:01.140+0000] {logging_mixin.py:137} INFO - [2023-04-08T12:07:01.139+0000] {dag.py:3456} INFO - Setting next_dagrun for example_branch_datetime_operator to 2023-04-07T00:00:00+00:00, run_after=2023-04-08T00:00:00+00:00
[2023-04-08T12:07:01.148+0000] {logging_mixin.py:137} INFO - [2023-04-08T12:07:01.147+0000] {dag.py:3456} INFO - Setting next_dagrun for example_branch_datetime_operator_2 to 2023-04-07T00:00:00+00:00, run_after=2023-04-08T00:00:00+00:00
[2023-04-08T12:07:01.151+0000] {logging_mixin.py:137} INFO - [2023-04-08T12:07:01.151+0000] {dag.py:3456} INFO - Setting next_dagrun for example_branch_datetime_operator_3 to 2023-04-07T00:00:00+00:00, run_after=2023-04-08T00:00:00+00:00
[2023-04-08T12:07:01.173+0000] {processor.py:175} INFO - Processing /home/airflow/.local/lib/python3.7/site-packages/airflow/example_dags/example_branch_datetime_operator.py took 0.155 seconds
[2023-04-08T12:07:31.787+0000] {processor.py:153} INFO - Started process (PID=661) to work on /home/airflow/.local/lib/python3.7/site-packages/airflow/example_dags/example_branch_datetime_operator.py
[2023-04-08T12:07:31.788+0000] {processor.py:743} INFO - Processing file /home/airflow/.local/lib/python3.7/site-packages/airflow/example_dags/example_branch_datetime_operator.py for tasks to queue
[2023-04-08T12:07:31.789+0000] {logging_mixin.py:137} INFO - [2023-04-08T12:07:31.789+0000] {dagbag.py:532} INFO - Filling up the DagBag from /home/airflow/.local/lib/python3.7/site-packages/airflow/example_dags/example_branch_datetime_operator.py
[2023-04-08T12:07:31.815+0000] {processor.py:753} INFO - DAG(s) dict_keys(['example_branch_datetime_operator', 'example_branch_datetime_operator_3', 'example_branch_datetime_operator_2']) retrieved from /home/airflow/.local/lib/python3.7/site-packages/airflow/example_dags/example_branch_datetime_operator.py
[2023-04-08T12:07:31.865+0000] {logging_mixin.py:137} INFO - [2023-04-08T12:07:31.865+0000] {dag.py:2705} INFO - Sync 3 DAGs
[2023-04-08T12:07:31.908+0000] {logging_mixin.py:137} INFO - [2023-04-08T12:07:31.908+0000] {dag.py:3456} INFO - Setting next_dagrun for example_branch_datetime_operator to 2023-04-07T00:00:00+00:00, run_after=2023-04-08T00:00:00+00:00
[2023-04-08T12:07:31.916+0000] {logging_mixin.py:137} INFO - [2023-04-08T12:07:31.916+0000] {dag.py:3456} INFO - Setting next_dagrun for example_branch_datetime_operator_2 to 2023-04-07T00:00:00+00:00, run_after=2023-04-08T00:00:00+00:00
[2023-04-08T12:07:31.920+0000] {logging_mixin.py:137} INFO - [2023-04-08T12:07:31.920+0000] {dag.py:3456} INFO - Setting next_dagrun for example_branch_datetime_operator_3 to 2023-04-07T00:00:00+00:00, run_after=2023-04-08T00:00:00+00:00
[2023-04-08T12:07:31.964+0000] {processor.py:175} INFO - Processing /home/airflow/.local/lib/python3.7/site-packages/airflow/example_dags/example_branch_datetime_operator.py took 0.182 seconds
[2023-04-08T12:08:02.111+0000] {processor.py:153} INFO - Started process (PID=711) to work on /home/airflow/.local/lib/python3.7/site-packages/airflow/example_dags/example_branch_datetime_operator.py
[2023-04-08T12:08:02.112+0000] {processor.py:743} INFO - Processing file /home/airflow/.local/lib/python3.7/site-packages/airflow/example_dags/example_branch_datetime_operator.py for tasks to queue
[2023-04-08T12:08:02.113+0000] {logging_mixin.py:137} INFO - [2023-04-08T12:08:02.112+0000] {dagbag.py:532} INFO - Filling up the DagBag from /home/airflow/.local/lib/python3.7/site-packages/airflow/example_dags/example_branch_datetime_operator.py
[2023-04-08T12:08:02.158+0000] {processor.py:753} INFO - DAG(s) dict_keys(['example_branch_datetime_operator_2', 'example_branch_datetime_operator_3', 'example_branch_datetime_operator']) retrieved from /home/airflow/.local/lib/python3.7/site-packages/airflow/example_dags/example_branch_datetime_operator.py
[2023-04-08T12:08:02.275+0000] {logging_mixin.py:137} INFO - [2023-04-08T12:08:02.275+0000] {dag.py:2705} INFO - Sync 3 DAGs
[2023-04-08T12:08:02.361+0000] {logging_mixin.py:137} INFO - [2023-04-08T12:08:02.360+0000] {dag.py:3456} INFO - Setting next_dagrun for example_branch_datetime_operator to 2023-04-07T00:00:00+00:00, run_after=2023-04-08T00:00:00+00:00
[2023-04-08T12:08:02.372+0000] {logging_mixin.py:137} INFO - [2023-04-08T12:08:02.372+0000] {dag.py:3456} INFO - Setting next_dagrun for example_branch_datetime_operator_2 to 2023-04-07T00:00:00+00:00, run_after=2023-04-08T00:00:00+00:00
[2023-04-08T12:08:02.381+0000] {logging_mixin.py:137} INFO - [2023-04-08T12:08:02.381+0000] {dag.py:3456} INFO - Setting next_dagrun for example_branch_datetime_operator_3 to 2023-04-07T00:00:00+00:00, run_after=2023-04-08T00:00:00+00:00
[2023-04-08T12:08:02.413+0000] {processor.py:175} INFO - Processing /home/airflow/.local/lib/python3.7/site-packages/airflow/example_dags/example_branch_datetime_operator.py took 0.328 seconds
[2023-04-08T12:08:32.452+0000] {processor.py:153} INFO - Started process (PID=761) to work on /home/airflow/.local/lib/python3.7/site-packages/airflow/example_dags/example_branch_datetime_operator.py
[2023-04-08T12:08:32.453+0000] {processor.py:743} INFO - Processing file /home/airflow/.local/lib/python3.7/site-packages/airflow/example_dags/example_branch_datetime_operator.py for tasks to queue
[2023-04-08T12:08:32.454+0000] {logging_mixin.py:137} INFO - [2023-04-08T12:08:32.454+0000] {dagbag.py:532} INFO - Filling up the DagBag from /home/airflow/.local/lib/python3.7/site-packages/airflow/example_dags/example_branch_datetime_operator.py
[2023-04-08T12:08:32.478+0000] {processor.py:753} INFO - DAG(s) dict_keys(['example_branch_datetime_operator_3', 'example_branch_datetime_operator', 'example_branch_datetime_operator_2']) retrieved from /home/airflow/.local/lib/python3.7/site-packages/airflow/example_dags/example_branch_datetime_operator.py
[2023-04-08T12:08:32.521+0000] {logging_mixin.py:137} INFO - [2023-04-08T12:08:32.521+0000] {dag.py:2705} INFO - Sync 3 DAGs
[2023-04-08T12:08:32.565+0000] {logging_mixin.py:137} INFO - [2023-04-08T12:08:32.565+0000] {dag.py:3456} INFO - Setting next_dagrun for example_branch_datetime_operator to 2023-04-07T00:00:00+00:00, run_after=2023-04-08T00:00:00+00:00
[2023-04-08T12:08:32.572+0000] {logging_mixin.py:137} INFO - [2023-04-08T12:08:32.572+0000] {dag.py:3456} INFO - Setting next_dagrun for example_branch_datetime_operator_2 to 2023-04-07T00:00:00+00:00, run_after=2023-04-08T00:00:00+00:00
[2023-04-08T12:08:32.576+0000] {logging_mixin.py:137} INFO - [2023-04-08T12:08:32.575+0000] {dag.py:3456} INFO - Setting next_dagrun for example_branch_datetime_operator_3 to 2023-04-07T00:00:00+00:00, run_after=2023-04-08T00:00:00+00:00
[2023-04-08T12:08:32.597+0000] {processor.py:175} INFO - Processing /home/airflow/.local/lib/python3.7/site-packages/airflow/example_dags/example_branch_datetime_operator.py took 0.149 seconds
[2023-04-08T12:09:03.142+0000] {processor.py:153} INFO - Started process (PID=812) to work on /home/airflow/.local/lib/python3.7/site-packages/airflow/example_dags/example_branch_datetime_operator.py
[2023-04-08T12:09:03.143+0000] {processor.py:743} INFO - Processing file /home/airflow/.local/lib/python3.7/site-packages/airflow/example_dags/example_branch_datetime_operator.py for tasks to queue
[2023-04-08T12:09:03.144+0000] {logging_mixin.py:137} INFO - [2023-04-08T12:09:03.144+0000] {dagbag.py:532} INFO - Filling up the DagBag from /home/airflow/.local/lib/python3.7/site-packages/airflow/example_dags/example_branch_datetime_operator.py
[2023-04-08T12:09:03.170+0000] {processor.py:753} INFO - DAG(s) dict_keys(['example_branch_datetime_operator_3', 'example_branch_datetime_operator_2', 'example_branch_datetime_operator']) retrieved from /home/airflow/.local/lib/python3.7/site-packages/airflow/example_dags/example_branch_datetime_operator.py
[2023-04-08T12:09:03.218+0000] {logging_mixin.py:137} INFO - [2023-04-08T12:09:03.218+0000] {dag.py:2705} INFO - Sync 3 DAGs
[2023-04-08T12:09:03.264+0000] {logging_mixin.py:137} INFO - [2023-04-08T12:09:03.264+0000] {dag.py:3456} INFO - Setting next_dagrun for example_branch_datetime_operator to 2023-04-07T00:00:00+00:00, run_after=2023-04-08T00:00:00+00:00
[2023-04-08T12:09:03.271+0000] {logging_mixin.py:137} INFO - [2023-04-08T12:09:03.271+0000] {dag.py:3456} INFO - Setting next_dagrun for example_branch_datetime_operator_2 to 2023-04-07T00:00:00+00:00, run_after=2023-04-08T00:00:00+00:00
[2023-04-08T12:09:03.275+0000] {logging_mixin.py:137} INFO - [2023-04-08T12:09:03.275+0000] {dag.py:3456} INFO - Setting next_dagrun for example_branch_datetime_operator_3 to 2023-04-07T00:00:00+00:00, run_after=2023-04-08T00:00:00+00:00
[2023-04-08T12:09:03.298+0000] {processor.py:175} INFO - Processing /home/airflow/.local/lib/python3.7/site-packages/airflow/example_dags/example_branch_datetime_operator.py took 0.160 seconds
[2023-04-08T12:09:33.376+0000] {processor.py:153} INFO - Started process (PID=861) to work on /home/airflow/.local/lib/python3.7/site-packages/airflow/example_dags/example_branch_datetime_operator.py
[2023-04-08T12:09:33.377+0000] {processor.py:743} INFO - Processing file /home/airflow/.local/lib/python3.7/site-packages/airflow/example_dags/example_branch_datetime_operator.py for tasks to queue
[2023-04-08T12:09:33.378+0000] {logging_mixin.py:137} INFO - [2023-04-08T12:09:33.378+0000] {dagbag.py:532} INFO - Filling up the DagBag from /home/airflow/.local/lib/python3.7/site-packages/airflow/example_dags/example_branch_datetime_operator.py
[2023-04-08T12:09:33.404+0000] {processor.py:753} INFO - DAG(s) dict_keys(['example_branch_datetime_operator_2', 'example_branch_datetime_operator', 'example_branch_datetime_operator_3']) retrieved from /home/airflow/.local/lib/python3.7/site-packages/airflow/example_dags/example_branch_datetime_operator.py
[2023-04-08T12:09:33.451+0000] {logging_mixin.py:137} INFO - [2023-04-08T12:09:33.451+0000] {dag.py:2705} INFO - Sync 3 DAGs
[2023-04-08T12:09:33.527+0000] {logging_mixin.py:137} INFO - [2023-04-08T12:09:33.527+0000] {dag.py:3456} INFO - Setting next_dagrun for example_branch_datetime_operator to 2023-04-07T00:00:00+00:00, run_after=2023-04-08T00:00:00+00:00
[2023-04-08T12:09:33.545+0000] {logging_mixin.py:137} INFO - [2023-04-08T12:09:33.545+0000] {dag.py:3456} INFO - Setting next_dagrun for example_branch_datetime_operator_2 to 2023-04-07T00:00:00+00:00, run_after=2023-04-08T00:00:00+00:00
[2023-04-08T12:09:33.548+0000] {logging_mixin.py:137} INFO - [2023-04-08T12:09:33.548+0000] {dag.py:3456} INFO - Setting next_dagrun for example_branch_datetime_operator_3 to 2023-04-07T00:00:00+00:00, run_after=2023-04-08T00:00:00+00:00
[2023-04-08T12:09:33.570+0000] {processor.py:175} INFO - Processing /home/airflow/.local/lib/python3.7/site-packages/airflow/example_dags/example_branch_datetime_operator.py took 0.198 seconds
[2023-04-08T12:10:04.027+0000] {processor.py:153} INFO - Started process (PID=911) to work on /home/airflow/.local/lib/python3.7/site-packages/airflow/example_dags/example_branch_datetime_operator.py
[2023-04-08T12:10:04.027+0000] {processor.py:743} INFO - Processing file /home/airflow/.local/lib/python3.7/site-packages/airflow/example_dags/example_branch_datetime_operator.py for tasks to queue
[2023-04-08T12:10:04.028+0000] {logging_mixin.py:137} INFO - [2023-04-08T12:10:04.028+0000] {dagbag.py:532} INFO - Filling up the DagBag from /home/airflow/.local/lib/python3.7/site-packages/airflow/example_dags/example_branch_datetime_operator.py
[2023-04-08T12:10:04.055+0000] {processor.py:753} INFO - DAG(s) dict_keys(['example_branch_datetime_operator_3', 'example_branch_datetime_operator_2', 'example_branch_datetime_operator']) retrieved from /home/airflow/.local/lib/python3.7/site-packages/airflow/example_dags/example_branch_datetime_operator.py
[2023-04-08T12:10:04.103+0000] {logging_mixin.py:137} INFO - [2023-04-08T12:10:04.103+0000] {dag.py:2705} INFO - Sync 3 DAGs
[2023-04-08T12:10:04.147+0000] {logging_mixin.py:137} INFO - [2023-04-08T12:10:04.147+0000] {dag.py:3456} INFO - Setting next_dagrun for example_branch_datetime_operator to 2023-04-07T00:00:00+00:00, run_after=2023-04-08T00:00:00+00:00
[2023-04-08T12:10:04.155+0000] {logging_mixin.py:137} INFO - [2023-04-08T12:10:04.155+0000] {dag.py:3456} INFO - Setting next_dagrun for example_branch_datetime_operator_2 to 2023-04-07T00:00:00+00:00, run_after=2023-04-08T00:00:00+00:00
[2023-04-08T12:10:04.159+0000] {logging_mixin.py:137} INFO - [2023-04-08T12:10:04.159+0000] {dag.py:3456} INFO - Setting next_dagrun for example_branch_datetime_operator_3 to 2023-04-07T00:00:00+00:00, run_after=2023-04-08T00:00:00+00:00
[2023-04-08T12:10:04.181+0000] {processor.py:175} INFO - Processing /home/airflow/.local/lib/python3.7/site-packages/airflow/example_dags/example_branch_datetime_operator.py took 0.159 seconds
[2023-04-08T12:10:34.229+0000] {processor.py:153} INFO - Started process (PID=960) to work on /home/airflow/.local/lib/python3.7/site-packages/airflow/example_dags/example_branch_datetime_operator.py
[2023-04-08T12:10:34.230+0000] {processor.py:743} INFO - Processing file /home/airflow/.local/lib/python3.7/site-packages/airflow/example_dags/example_branch_datetime_operator.py for tasks to queue
[2023-04-08T12:10:34.231+0000] {logging_mixin.py:137} INFO - [2023-04-08T12:10:34.231+0000] {dagbag.py:532} INFO - Filling up the DagBag from /home/airflow/.local/lib/python3.7/site-packages/airflow/example_dags/example_branch_datetime_operator.py
[2023-04-08T12:10:34.257+0000] {processor.py:753} INFO - DAG(s) dict_keys(['example_branch_datetime_operator_3', 'example_branch_datetime_operator_2', 'example_branch_datetime_operator']) retrieved from /home/airflow/.local/lib/python3.7/site-packages/airflow/example_dags/example_branch_datetime_operator.py
[2023-04-08T12:10:34.304+0000] {logging_mixin.py:137} INFO - [2023-04-08T12:10:34.304+0000] {dag.py:2705} INFO - Sync 3 DAGs
[2023-04-08T12:10:34.354+0000] {logging_mixin.py:137} INFO - [2023-04-08T12:10:34.354+0000] {dag.py:3456} INFO - Setting next_dagrun for example_branch_datetime_operator to 2023-04-07T00:00:00+00:00, run_after=2023-04-08T00:00:00+00:00
[2023-04-08T12:10:34.361+0000] {logging_mixin.py:137} INFO - [2023-04-08T12:10:34.361+0000] {dag.py:3456} INFO - Setting next_dagrun for example_branch_datetime_operator_2 to 2023-04-07T00:00:00+00:00, run_after=2023-04-08T00:00:00+00:00
[2023-04-08T12:10:34.365+0000] {logging_mixin.py:137} INFO - [2023-04-08T12:10:34.365+0000] {dag.py:3456} INFO - Setting next_dagrun for example_branch_datetime_operator_3 to 2023-04-07T00:00:00+00:00, run_after=2023-04-08T00:00:00+00:00
[2023-04-08T12:10:34.406+0000] {processor.py:175} INFO - Processing /home/airflow/.local/lib/python3.7/site-packages/airflow/example_dags/example_branch_datetime_operator.py took 0.182 seconds
