[2023-04-08T12:01:23.095+0000] {processor.py:153} INFO - Started process (PID=62) to work on /home/airflow/.local/lib/python3.7/site-packages/airflow/example_dags/example_branch_operator_decorator.py
[2023-04-08T12:01:23.095+0000] {processor.py:743} INFO - Processing file /home/airflow/.local/lib/python3.7/site-packages/airflow/example_dags/example_branch_operator_decorator.py for tasks to queue
[2023-04-08T12:01:23.096+0000] {logging_mixin.py:137} INFO - [2023-04-08T12:01:23.096+0000] {dagbag.py:532} INFO - Filling up the DagBag from /home/airflow/.local/lib/python3.7/site-packages/airflow/example_dags/example_branch_operator_decorator.py
[2023-04-08T12:01:23.224+0000] {processor.py:753} INFO - DAG(s) dict_keys(['example_branch_python_operator_decorator']) retrieved from /home/airflow/.local/lib/python3.7/site-packages/airflow/example_dags/example_branch_operator_decorator.py
[2023-04-08T12:01:23.771+0000] {logging_mixin.py:137} INFO - [2023-04-08T12:01:23.771+0000] {manager.py:504} INFO - Created Permission View: can delete on DAG:example_branch_python_operator_decorator
[2023-04-08T12:01:23.807+0000] {logging_mixin.py:137} INFO - [2023-04-08T12:01:23.807+0000] {manager.py:504} INFO - Created Permission View: can edit on DAG:example_branch_python_operator_decorator
[2023-04-08T12:01:23.830+0000] {logging_mixin.py:137} INFO - [2023-04-08T12:01:23.830+0000] {manager.py:504} INFO - Created Permission View: can read on DAG:example_branch_python_operator_decorator
[2023-04-08T12:01:23.831+0000] {logging_mixin.py:137} INFO - [2023-04-08T12:01:23.830+0000] {dag.py:2705} INFO - Sync 1 DAGs
[2023-04-08T12:01:23.900+0000] {logging_mixin.py:137} INFO - [2023-04-08T12:01:23.899+0000] {dag.py:2726} INFO - Creating ORM DAG for example_branch_python_operator_decorator
[2023-04-08T12:01:23.949+0000] {logging_mixin.py:137} INFO - [2023-04-08T12:01:23.949+0000] {dag.py:3456} INFO - Setting next_dagrun for example_branch_python_operator_decorator to 2023-04-07T00:00:00+00:00, run_after=2023-04-08T00:00:00+00:00
[2023-04-08T12:01:24.029+0000] {processor.py:175} INFO - Processing /home/airflow/.local/lib/python3.7/site-packages/airflow/example_dags/example_branch_operator_decorator.py took 0.955 seconds
[2023-04-08T12:01:54.893+0000] {processor.py:153} INFO - Started process (PID=112) to work on /home/airflow/.local/lib/python3.7/site-packages/airflow/example_dags/example_branch_operator_decorator.py
[2023-04-08T12:01:54.894+0000] {processor.py:743} INFO - Processing file /home/airflow/.local/lib/python3.7/site-packages/airflow/example_dags/example_branch_operator_decorator.py for tasks to queue
[2023-04-08T12:01:54.895+0000] {logging_mixin.py:137} INFO - [2023-04-08T12:01:54.895+0000] {dagbag.py:532} INFO - Filling up the DagBag from /home/airflow/.local/lib/python3.7/site-packages/airflow/example_dags/example_branch_operator_decorator.py
[2023-04-08T12:01:54.931+0000] {processor.py:753} INFO - DAG(s) dict_keys(['example_branch_python_operator_decorator']) retrieved from /home/airflow/.local/lib/python3.7/site-packages/airflow/example_dags/example_branch_operator_decorator.py
[2023-04-08T12:01:54.969+0000] {logging_mixin.py:137} INFO - [2023-04-08T12:01:54.969+0000] {dag.py:2705} INFO - Sync 1 DAGs
[2023-04-08T12:01:55.011+0000] {logging_mixin.py:137} INFO - [2023-04-08T12:01:55.011+0000] {dag.py:3456} INFO - Setting next_dagrun for example_branch_python_operator_decorator to 2023-04-07T00:00:00+00:00, run_after=2023-04-08T00:00:00+00:00
[2023-04-08T12:01:55.035+0000] {processor.py:175} INFO - Processing /home/airflow/.local/lib/python3.7/site-packages/airflow/example_dags/example_branch_operator_decorator.py took 0.146 seconds
[2023-04-08T12:02:25.828+0000] {processor.py:153} INFO - Started process (PID=161) to work on /home/airflow/.local/lib/python3.7/site-packages/airflow/example_dags/example_branch_operator_decorator.py
[2023-04-08T12:02:25.830+0000] {processor.py:743} INFO - Processing file /home/airflow/.local/lib/python3.7/site-packages/airflow/example_dags/example_branch_operator_decorator.py for tasks to queue
[2023-04-08T12:02:25.831+0000] {logging_mixin.py:137} INFO - [2023-04-08T12:02:25.830+0000] {dagbag.py:532} INFO - Filling up the DagBag from /home/airflow/.local/lib/python3.7/site-packages/airflow/example_dags/example_branch_operator_decorator.py
[2023-04-08T12:02:25.868+0000] {processor.py:753} INFO - DAG(s) dict_keys(['example_branch_python_operator_decorator']) retrieved from /home/airflow/.local/lib/python3.7/site-packages/airflow/example_dags/example_branch_operator_decorator.py
[2023-04-08T12:02:25.907+0000] {logging_mixin.py:137} INFO - [2023-04-08T12:02:25.907+0000] {dag.py:2705} INFO - Sync 1 DAGs
[2023-04-08T12:02:25.949+0000] {logging_mixin.py:137} INFO - [2023-04-08T12:02:25.948+0000] {dag.py:3456} INFO - Setting next_dagrun for example_branch_python_operator_decorator to 2023-04-07T00:00:00+00:00, run_after=2023-04-08T00:00:00+00:00
[2023-04-08T12:02:25.971+0000] {processor.py:175} INFO - Processing /home/airflow/.local/lib/python3.7/site-packages/airflow/example_dags/example_branch_operator_decorator.py took 0.153 seconds
[2023-04-08T12:02:56.442+0000] {processor.py:153} INFO - Started process (PID=211) to work on /home/airflow/.local/lib/python3.7/site-packages/airflow/example_dags/example_branch_operator_decorator.py
[2023-04-08T12:02:56.442+0000] {processor.py:743} INFO - Processing file /home/airflow/.local/lib/python3.7/site-packages/airflow/example_dags/example_branch_operator_decorator.py for tasks to queue
[2023-04-08T12:02:56.443+0000] {logging_mixin.py:137} INFO - [2023-04-08T12:02:56.443+0000] {dagbag.py:532} INFO - Filling up the DagBag from /home/airflow/.local/lib/python3.7/site-packages/airflow/example_dags/example_branch_operator_decorator.py
[2023-04-08T12:02:56.602+0000] {processor.py:753} INFO - DAG(s) dict_keys(['example_branch_python_operator_decorator']) retrieved from /home/airflow/.local/lib/python3.7/site-packages/airflow/example_dags/example_branch_operator_decorator.py
[2023-04-08T12:02:56.722+0000] {logging_mixin.py:137} INFO - [2023-04-08T12:02:56.721+0000] {dag.py:2705} INFO - Sync 1 DAGs
[2023-04-08T12:02:56.841+0000] {logging_mixin.py:137} INFO - [2023-04-08T12:02:56.840+0000] {dag.py:3456} INFO - Setting next_dagrun for example_branch_python_operator_decorator to 2023-04-07T00:00:00+00:00, run_after=2023-04-08T00:00:00+00:00
[2023-04-08T12:02:56.911+0000] {processor.py:175} INFO - Processing /home/airflow/.local/lib/python3.7/site-packages/airflow/example_dags/example_branch_operator_decorator.py took 0.494 seconds
[2023-04-08T12:03:27.723+0000] {processor.py:153} INFO - Started process (PID=261) to work on /home/airflow/.local/lib/python3.7/site-packages/airflow/example_dags/example_branch_operator_decorator.py
[2023-04-08T12:03:27.733+0000] {processor.py:743} INFO - Processing file /home/airflow/.local/lib/python3.7/site-packages/airflow/example_dags/example_branch_operator_decorator.py for tasks to queue
[2023-04-08T12:03:27.734+0000] {logging_mixin.py:137} INFO - [2023-04-08T12:03:27.734+0000] {dagbag.py:532} INFO - Filling up the DagBag from /home/airflow/.local/lib/python3.7/site-packages/airflow/example_dags/example_branch_operator_decorator.py
[2023-04-08T12:03:27.803+0000] {processor.py:753} INFO - DAG(s) dict_keys(['example_branch_python_operator_decorator']) retrieved from /home/airflow/.local/lib/python3.7/site-packages/airflow/example_dags/example_branch_operator_decorator.py
[2023-04-08T12:03:27.919+0000] {logging_mixin.py:137} INFO - [2023-04-08T12:03:27.919+0000] {dag.py:2705} INFO - Sync 1 DAGs
[2023-04-08T12:03:28.033+0000] {logging_mixin.py:137} INFO - [2023-04-08T12:03:28.033+0000] {dag.py:3456} INFO - Setting next_dagrun for example_branch_python_operator_decorator to 2023-04-07T00:00:00+00:00, run_after=2023-04-08T00:00:00+00:00
[2023-04-08T12:03:28.106+0000] {processor.py:175} INFO - Processing /home/airflow/.local/lib/python3.7/site-packages/airflow/example_dags/example_branch_operator_decorator.py took 0.390 seconds
[2023-04-08T12:03:58.269+0000] {processor.py:153} INFO - Started process (PID=311) to work on /home/airflow/.local/lib/python3.7/site-packages/airflow/example_dags/example_branch_operator_decorator.py
[2023-04-08T12:03:58.270+0000] {processor.py:743} INFO - Processing file /home/airflow/.local/lib/python3.7/site-packages/airflow/example_dags/example_branch_operator_decorator.py for tasks to queue
[2023-04-08T12:03:58.271+0000] {logging_mixin.py:137} INFO - [2023-04-08T12:03:58.271+0000] {dagbag.py:532} INFO - Filling up the DagBag from /home/airflow/.local/lib/python3.7/site-packages/airflow/example_dags/example_branch_operator_decorator.py
[2023-04-08T12:03:58.308+0000] {processor.py:753} INFO - DAG(s) dict_keys(['example_branch_python_operator_decorator']) retrieved from /home/airflow/.local/lib/python3.7/site-packages/airflow/example_dags/example_branch_operator_decorator.py
[2023-04-08T12:03:58.351+0000] {logging_mixin.py:137} INFO - [2023-04-08T12:03:58.351+0000] {dag.py:2705} INFO - Sync 1 DAGs
[2023-04-08T12:03:58.393+0000] {logging_mixin.py:137} INFO - [2023-04-08T12:03:58.393+0000] {dag.py:3456} INFO - Setting next_dagrun for example_branch_python_operator_decorator to 2023-04-07T00:00:00+00:00, run_after=2023-04-08T00:00:00+00:00
[2023-04-08T12:03:58.416+0000] {processor.py:175} INFO - Processing /home/airflow/.local/lib/python3.7/site-packages/airflow/example_dags/example_branch_operator_decorator.py took 0.152 seconds
[2023-04-08T12:04:28.533+0000] {processor.py:153} INFO - Started process (PID=362) to work on /home/airflow/.local/lib/python3.7/site-packages/airflow/example_dags/example_branch_operator_decorator.py
[2023-04-08T12:04:28.534+0000] {processor.py:743} INFO - Processing file /home/airflow/.local/lib/python3.7/site-packages/airflow/example_dags/example_branch_operator_decorator.py for tasks to queue
[2023-04-08T12:04:28.535+0000] {logging_mixin.py:137} INFO - [2023-04-08T12:04:28.535+0000] {dagbag.py:532} INFO - Filling up the DagBag from /home/airflow/.local/lib/python3.7/site-packages/airflow/example_dags/example_branch_operator_decorator.py
[2023-04-08T12:04:28.570+0000] {processor.py:753} INFO - DAG(s) dict_keys(['example_branch_python_operator_decorator']) retrieved from /home/airflow/.local/lib/python3.7/site-packages/airflow/example_dags/example_branch_operator_decorator.py
[2023-04-08T12:04:28.609+0000] {logging_mixin.py:137} INFO - [2023-04-08T12:04:28.609+0000] {dag.py:2705} INFO - Sync 1 DAGs
[2023-04-08T12:04:28.651+0000] {logging_mixin.py:137} INFO - [2023-04-08T12:04:28.651+0000] {dag.py:3456} INFO - Setting next_dagrun for example_branch_python_operator_decorator to 2023-04-07T00:00:00+00:00, run_after=2023-04-08T00:00:00+00:00
[2023-04-08T12:04:28.676+0000] {processor.py:175} INFO - Processing /home/airflow/.local/lib/python3.7/site-packages/airflow/example_dags/example_branch_operator_decorator.py took 0.147 seconds
[2023-04-08T12:04:58.967+0000] {processor.py:153} INFO - Started process (PID=412) to work on /home/airflow/.local/lib/python3.7/site-packages/airflow/example_dags/example_branch_operator_decorator.py
[2023-04-08T12:04:58.968+0000] {processor.py:743} INFO - Processing file /home/airflow/.local/lib/python3.7/site-packages/airflow/example_dags/example_branch_operator_decorator.py for tasks to queue
[2023-04-08T12:04:58.969+0000] {logging_mixin.py:137} INFO - [2023-04-08T12:04:58.968+0000] {dagbag.py:532} INFO - Filling up the DagBag from /home/airflow/.local/lib/python3.7/site-packages/airflow/example_dags/example_branch_operator_decorator.py
[2023-04-08T12:04:59.006+0000] {processor.py:753} INFO - DAG(s) dict_keys(['example_branch_python_operator_decorator']) retrieved from /home/airflow/.local/lib/python3.7/site-packages/airflow/example_dags/example_branch_operator_decorator.py
[2023-04-08T12:04:59.044+0000] {logging_mixin.py:137} INFO - [2023-04-08T12:04:59.044+0000] {dag.py:2705} INFO - Sync 1 DAGs
[2023-04-08T12:04:59.085+0000] {logging_mixin.py:137} INFO - [2023-04-08T12:04:59.085+0000] {dag.py:3456} INFO - Setting next_dagrun for example_branch_python_operator_decorator to 2023-04-07T00:00:00+00:00, run_after=2023-04-08T00:00:00+00:00
[2023-04-08T12:04:59.113+0000] {processor.py:175} INFO - Processing /home/airflow/.local/lib/python3.7/site-packages/airflow/example_dags/example_branch_operator_decorator.py took 0.150 seconds
[2023-04-08T12:05:29.323+0000] {processor.py:153} INFO - Started process (PID=463) to work on /home/airflow/.local/lib/python3.7/site-packages/airflow/example_dags/example_branch_operator_decorator.py
[2023-04-08T12:05:29.324+0000] {processor.py:743} INFO - Processing file /home/airflow/.local/lib/python3.7/site-packages/airflow/example_dags/example_branch_operator_decorator.py for tasks to queue
[2023-04-08T12:05:29.325+0000] {logging_mixin.py:137} INFO - [2023-04-08T12:05:29.325+0000] {dagbag.py:532} INFO - Filling up the DagBag from /home/airflow/.local/lib/python3.7/site-packages/airflow/example_dags/example_branch_operator_decorator.py
[2023-04-08T12:05:29.361+0000] {processor.py:753} INFO - DAG(s) dict_keys(['example_branch_python_operator_decorator']) retrieved from /home/airflow/.local/lib/python3.7/site-packages/airflow/example_dags/example_branch_operator_decorator.py
[2023-04-08T12:05:29.402+0000] {logging_mixin.py:137} INFO - [2023-04-08T12:05:29.400+0000] {dag.py:2705} INFO - Sync 1 DAGs
[2023-04-08T12:05:29.444+0000] {logging_mixin.py:137} INFO - [2023-04-08T12:05:29.444+0000] {dag.py:3456} INFO - Setting next_dagrun for example_branch_python_operator_decorator to 2023-04-07T00:00:00+00:00, run_after=2023-04-08T00:00:00+00:00
[2023-04-08T12:05:29.467+0000] {processor.py:175} INFO - Processing /home/airflow/.local/lib/python3.7/site-packages/airflow/example_dags/example_branch_operator_decorator.py took 0.148 seconds
[2023-04-08T12:05:59.617+0000] {processor.py:153} INFO - Started process (PID=513) to work on /home/airflow/.local/lib/python3.7/site-packages/airflow/example_dags/example_branch_operator_decorator.py
[2023-04-08T12:05:59.618+0000] {processor.py:743} INFO - Processing file /home/airflow/.local/lib/python3.7/site-packages/airflow/example_dags/example_branch_operator_decorator.py for tasks to queue
[2023-04-08T12:05:59.619+0000] {logging_mixin.py:137} INFO - [2023-04-08T12:05:59.618+0000] {dagbag.py:532} INFO - Filling up the DagBag from /home/airflow/.local/lib/python3.7/site-packages/airflow/example_dags/example_branch_operator_decorator.py
[2023-04-08T12:05:59.655+0000] {processor.py:753} INFO - DAG(s) dict_keys(['example_branch_python_operator_decorator']) retrieved from /home/airflow/.local/lib/python3.7/site-packages/airflow/example_dags/example_branch_operator_decorator.py
[2023-04-08T12:05:59.693+0000] {logging_mixin.py:137} INFO - [2023-04-08T12:05:59.693+0000] {dag.py:2705} INFO - Sync 1 DAGs
[2023-04-08T12:05:59.735+0000] {logging_mixin.py:137} INFO - [2023-04-08T12:05:59.735+0000] {dag.py:3456} INFO - Setting next_dagrun for example_branch_python_operator_decorator to 2023-04-07T00:00:00+00:00, run_after=2023-04-08T00:00:00+00:00
[2023-04-08T12:05:59.758+0000] {processor.py:175} INFO - Processing /home/airflow/.local/lib/python3.7/site-packages/airflow/example_dags/example_branch_operator_decorator.py took 0.146 seconds
[2023-04-08T12:06:30.754+0000] {processor.py:153} INFO - Started process (PID=563) to work on /home/airflow/.local/lib/python3.7/site-packages/airflow/example_dags/example_branch_operator_decorator.py
[2023-04-08T12:06:30.757+0000] {processor.py:743} INFO - Processing file /home/airflow/.local/lib/python3.7/site-packages/airflow/example_dags/example_branch_operator_decorator.py for tasks to queue
[2023-04-08T12:06:30.758+0000] {logging_mixin.py:137} INFO - [2023-04-08T12:06:30.758+0000] {dagbag.py:532} INFO - Filling up the DagBag from /home/airflow/.local/lib/python3.7/site-packages/airflow/example_dags/example_branch_operator_decorator.py
[2023-04-08T12:06:30.808+0000] {processor.py:753} INFO - DAG(s) dict_keys(['example_branch_python_operator_decorator']) retrieved from /home/airflow/.local/lib/python3.7/site-packages/airflow/example_dags/example_branch_operator_decorator.py
[2023-04-08T12:06:30.847+0000] {logging_mixin.py:137} INFO - [2023-04-08T12:06:30.847+0000] {dag.py:2705} INFO - Sync 1 DAGs
[2023-04-08T12:06:30.892+0000] {logging_mixin.py:137} INFO - [2023-04-08T12:06:30.892+0000] {dag.py:3456} INFO - Setting next_dagrun for example_branch_python_operator_decorator to 2023-04-07T00:00:00+00:00, run_after=2023-04-08T00:00:00+00:00
[2023-04-08T12:06:30.915+0000] {processor.py:175} INFO - Processing /home/airflow/.local/lib/python3.7/site-packages/airflow/example_dags/example_branch_operator_decorator.py took 0.171 seconds
[2023-04-08T12:07:01.030+0000] {processor.py:153} INFO - Started process (PID=613) to work on /home/airflow/.local/lib/python3.7/site-packages/airflow/example_dags/example_branch_operator_decorator.py
[2023-04-08T12:07:01.031+0000] {processor.py:743} INFO - Processing file /home/airflow/.local/lib/python3.7/site-packages/airflow/example_dags/example_branch_operator_decorator.py for tasks to queue
[2023-04-08T12:07:01.031+0000] {logging_mixin.py:137} INFO - [2023-04-08T12:07:01.031+0000] {dagbag.py:532} INFO - Filling up the DagBag from /home/airflow/.local/lib/python3.7/site-packages/airflow/example_dags/example_branch_operator_decorator.py
[2023-04-08T12:07:01.082+0000] {processor.py:753} INFO - DAG(s) dict_keys(['example_branch_python_operator_decorator']) retrieved from /home/airflow/.local/lib/python3.7/site-packages/airflow/example_dags/example_branch_operator_decorator.py
[2023-04-08T12:07:01.139+0000] {logging_mixin.py:137} INFO - [2023-04-08T12:07:01.139+0000] {dag.py:2705} INFO - Sync 1 DAGs
[2023-04-08T12:07:01.180+0000] {logging_mixin.py:137} INFO - [2023-04-08T12:07:01.180+0000] {dag.py:3456} INFO - Setting next_dagrun for example_branch_python_operator_decorator to 2023-04-07T00:00:00+00:00, run_after=2023-04-08T00:00:00+00:00
[2023-04-08T12:07:01.206+0000] {processor.py:175} INFO - Processing /home/airflow/.local/lib/python3.7/site-packages/airflow/example_dags/example_branch_operator_decorator.py took 0.181 seconds
[2023-04-08T12:07:31.794+0000] {processor.py:153} INFO - Started process (PID=662) to work on /home/airflow/.local/lib/python3.7/site-packages/airflow/example_dags/example_branch_operator_decorator.py
[2023-04-08T12:07:31.795+0000] {processor.py:743} INFO - Processing file /home/airflow/.local/lib/python3.7/site-packages/airflow/example_dags/example_branch_operator_decorator.py for tasks to queue
[2023-04-08T12:07:31.796+0000] {logging_mixin.py:137} INFO - [2023-04-08T12:07:31.796+0000] {dagbag.py:532} INFO - Filling up the DagBag from /home/airflow/.local/lib/python3.7/site-packages/airflow/example_dags/example_branch_operator_decorator.py
[2023-04-08T12:07:31.850+0000] {processor.py:753} INFO - DAG(s) dict_keys(['example_branch_python_operator_decorator']) retrieved from /home/airflow/.local/lib/python3.7/site-packages/airflow/example_dags/example_branch_operator_decorator.py
[2023-04-08T12:07:31.888+0000] {logging_mixin.py:137} INFO - [2023-04-08T12:07:31.888+0000] {dag.py:2705} INFO - Sync 1 DAGs
[2023-04-08T12:07:31.932+0000] {logging_mixin.py:137} INFO - [2023-04-08T12:07:31.932+0000] {dag.py:3456} INFO - Setting next_dagrun for example_branch_python_operator_decorator to 2023-04-07T00:00:00+00:00, run_after=2023-04-08T00:00:00+00:00
[2023-04-08T12:07:31.962+0000] {processor.py:175} INFO - Processing /home/airflow/.local/lib/python3.7/site-packages/airflow/example_dags/example_branch_operator_decorator.py took 0.172 seconds
[2023-04-08T12:08:02.125+0000] {processor.py:153} INFO - Started process (PID=712) to work on /home/airflow/.local/lib/python3.7/site-packages/airflow/example_dags/example_branch_operator_decorator.py
[2023-04-08T12:08:02.126+0000] {processor.py:743} INFO - Processing file /home/airflow/.local/lib/python3.7/site-packages/airflow/example_dags/example_branch_operator_decorator.py for tasks to queue
[2023-04-08T12:08:02.127+0000] {logging_mixin.py:137} INFO - [2023-04-08T12:08:02.127+0000] {dagbag.py:532} INFO - Filling up the DagBag from /home/airflow/.local/lib/python3.7/site-packages/airflow/example_dags/example_branch_operator_decorator.py
[2023-04-08T12:08:02.214+0000] {processor.py:753} INFO - DAG(s) dict_keys(['example_branch_python_operator_decorator']) retrieved from /home/airflow/.local/lib/python3.7/site-packages/airflow/example_dags/example_branch_operator_decorator.py
[2023-04-08T12:08:02.308+0000] {logging_mixin.py:137} INFO - [2023-04-08T12:08:02.308+0000] {dag.py:2705} INFO - Sync 1 DAGs
[2023-04-08T12:08:02.388+0000] {logging_mixin.py:137} INFO - [2023-04-08T12:08:02.388+0000] {dag.py:3456} INFO - Setting next_dagrun for example_branch_python_operator_decorator to 2023-04-07T00:00:00+00:00, run_after=2023-04-08T00:00:00+00:00
[2023-04-08T12:08:02.454+0000] {processor.py:175} INFO - Processing /home/airflow/.local/lib/python3.7/site-packages/airflow/example_dags/example_branch_operator_decorator.py took 0.349 seconds
[2023-04-08T12:08:32.625+0000] {processor.py:153} INFO - Started process (PID=762) to work on /home/airflow/.local/lib/python3.7/site-packages/airflow/example_dags/example_branch_operator_decorator.py
[2023-04-08T12:08:32.626+0000] {processor.py:743} INFO - Processing file /home/airflow/.local/lib/python3.7/site-packages/airflow/example_dags/example_branch_operator_decorator.py for tasks to queue
[2023-04-08T12:08:32.627+0000] {logging_mixin.py:137} INFO - [2023-04-08T12:08:32.627+0000] {dagbag.py:532} INFO - Filling up the DagBag from /home/airflow/.local/lib/python3.7/site-packages/airflow/example_dags/example_branch_operator_decorator.py
[2023-04-08T12:08:32.682+0000] {processor.py:753} INFO - DAG(s) dict_keys(['example_branch_python_operator_decorator']) retrieved from /home/airflow/.local/lib/python3.7/site-packages/airflow/example_dags/example_branch_operator_decorator.py
[2023-04-08T12:08:32.721+0000] {logging_mixin.py:137} INFO - [2023-04-08T12:08:32.721+0000] {dag.py:2705} INFO - Sync 1 DAGs
[2023-04-08T12:08:32.763+0000] {logging_mixin.py:137} INFO - [2023-04-08T12:08:32.763+0000] {dag.py:3456} INFO - Setting next_dagrun for example_branch_python_operator_decorator to 2023-04-07T00:00:00+00:00, run_after=2023-04-08T00:00:00+00:00
[2023-04-08T12:08:32.787+0000] {processor.py:175} INFO - Processing /home/airflow/.local/lib/python3.7/site-packages/airflow/example_dags/example_branch_operator_decorator.py took 0.167 seconds
[2023-04-08T12:09:03.150+0000] {processor.py:153} INFO - Started process (PID=813) to work on /home/airflow/.local/lib/python3.7/site-packages/airflow/example_dags/example_branch_operator_decorator.py
[2023-04-08T12:09:03.150+0000] {processor.py:743} INFO - Processing file /home/airflow/.local/lib/python3.7/site-packages/airflow/example_dags/example_branch_operator_decorator.py for tasks to queue
[2023-04-08T12:09:03.151+0000] {logging_mixin.py:137} INFO - [2023-04-08T12:09:03.151+0000] {dagbag.py:532} INFO - Filling up the DagBag from /home/airflow/.local/lib/python3.7/site-packages/airflow/example_dags/example_branch_operator_decorator.py
[2023-04-08T12:09:03.188+0000] {processor.py:753} INFO - DAG(s) dict_keys(['example_branch_python_operator_decorator']) retrieved from /home/airflow/.local/lib/python3.7/site-packages/airflow/example_dags/example_branch_operator_decorator.py
[2023-04-08T12:09:03.230+0000] {logging_mixin.py:137} INFO - [2023-04-08T12:09:03.230+0000] {dag.py:2705} INFO - Sync 1 DAGs
[2023-04-08T12:09:03.272+0000] {logging_mixin.py:137} INFO - [2023-04-08T12:09:03.272+0000] {dag.py:3456} INFO - Setting next_dagrun for example_branch_python_operator_decorator to 2023-04-07T00:00:00+00:00, run_after=2023-04-08T00:00:00+00:00
[2023-04-08T12:09:03.298+0000] {processor.py:175} INFO - Processing /home/airflow/.local/lib/python3.7/site-packages/airflow/example_dags/example_branch_operator_decorator.py took 0.152 seconds
[2023-04-08T12:09:33.383+0000] {processor.py:153} INFO - Started process (PID=862) to work on /home/airflow/.local/lib/python3.7/site-packages/airflow/example_dags/example_branch_operator_decorator.py
[2023-04-08T12:09:33.384+0000] {processor.py:743} INFO - Processing file /home/airflow/.local/lib/python3.7/site-packages/airflow/example_dags/example_branch_operator_decorator.py for tasks to queue
[2023-04-08T12:09:33.385+0000] {logging_mixin.py:137} INFO - [2023-04-08T12:09:33.385+0000] {dagbag.py:532} INFO - Filling up the DagBag from /home/airflow/.local/lib/python3.7/site-packages/airflow/example_dags/example_branch_operator_decorator.py
[2023-04-08T12:09:33.422+0000] {processor.py:753} INFO - DAG(s) dict_keys(['example_branch_python_operator_decorator']) retrieved from /home/airflow/.local/lib/python3.7/site-packages/airflow/example_dags/example_branch_operator_decorator.py
[2023-04-08T12:09:33.459+0000] {logging_mixin.py:137} INFO - [2023-04-08T12:09:33.459+0000] {dag.py:2705} INFO - Sync 1 DAGs
[2023-04-08T12:09:33.506+0000] {logging_mixin.py:137} INFO - [2023-04-08T12:09:33.506+0000] {dag.py:3456} INFO - Setting next_dagrun for example_branch_python_operator_decorator to 2023-04-07T00:00:00+00:00, run_after=2023-04-08T00:00:00+00:00
[2023-04-08T12:09:33.538+0000] {processor.py:175} INFO - Processing /home/airflow/.local/lib/python3.7/site-packages/airflow/example_dags/example_branch_operator_decorator.py took 0.159 seconds
[2023-04-08T12:10:04.040+0000] {processor.py:153} INFO - Started process (PID=912) to work on /home/airflow/.local/lib/python3.7/site-packages/airflow/example_dags/example_branch_operator_decorator.py
[2023-04-08T12:10:04.040+0000] {processor.py:743} INFO - Processing file /home/airflow/.local/lib/python3.7/site-packages/airflow/example_dags/example_branch_operator_decorator.py for tasks to queue
[2023-04-08T12:10:04.041+0000] {logging_mixin.py:137} INFO - [2023-04-08T12:10:04.041+0000] {dagbag.py:532} INFO - Filling up the DagBag from /home/airflow/.local/lib/python3.7/site-packages/airflow/example_dags/example_branch_operator_decorator.py
[2023-04-08T12:10:04.079+0000] {processor.py:753} INFO - DAG(s) dict_keys(['example_branch_python_operator_decorator']) retrieved from /home/airflow/.local/lib/python3.7/site-packages/airflow/example_dags/example_branch_operator_decorator.py
[2023-04-08T12:10:04.120+0000] {logging_mixin.py:137} INFO - [2023-04-08T12:10:04.120+0000] {dag.py:2705} INFO - Sync 1 DAGs
[2023-04-08T12:10:04.162+0000] {logging_mixin.py:137} INFO - [2023-04-08T12:10:04.162+0000] {dag.py:3456} INFO - Setting next_dagrun for example_branch_python_operator_decorator to 2023-04-07T00:00:00+00:00, run_after=2023-04-08T00:00:00+00:00
[2023-04-08T12:10:04.188+0000] {processor.py:175} INFO - Processing /home/airflow/.local/lib/python3.7/site-packages/airflow/example_dags/example_branch_operator_decorator.py took 0.154 seconds
[2023-04-08T12:10:34.236+0000] {processor.py:153} INFO - Started process (PID=961) to work on /home/airflow/.local/lib/python3.7/site-packages/airflow/example_dags/example_branch_operator_decorator.py
[2023-04-08T12:10:34.237+0000] {processor.py:743} INFO - Processing file /home/airflow/.local/lib/python3.7/site-packages/airflow/example_dags/example_branch_operator_decorator.py for tasks to queue
[2023-04-08T12:10:34.238+0000] {logging_mixin.py:137} INFO - [2023-04-08T12:10:34.238+0000] {dagbag.py:532} INFO - Filling up the DagBag from /home/airflow/.local/lib/python3.7/site-packages/airflow/example_dags/example_branch_operator_decorator.py
[2023-04-08T12:10:34.276+0000] {processor.py:753} INFO - DAG(s) dict_keys(['example_branch_python_operator_decorator']) retrieved from /home/airflow/.local/lib/python3.7/site-packages/airflow/example_dags/example_branch_operator_decorator.py
[2023-04-08T12:10:34.323+0000] {logging_mixin.py:137} INFO - [2023-04-08T12:10:34.323+0000] {dag.py:2705} INFO - Sync 1 DAGs
[2023-04-08T12:10:34.370+0000] {logging_mixin.py:137} INFO - [2023-04-08T12:10:34.370+0000] {dag.py:3456} INFO - Setting next_dagrun for example_branch_python_operator_decorator to 2023-04-07T00:00:00+00:00, run_after=2023-04-08T00:00:00+00:00
[2023-04-08T12:10:34.397+0000] {processor.py:175} INFO - Processing /home/airflow/.local/lib/python3.7/site-packages/airflow/example_dags/example_branch_operator_decorator.py took 0.165 seconds
