[2023-04-08T12:01:10.064+0000] {processor.py:153} INFO - Started process (PID=41) to work on /home/airflow/.local/lib/python3.7/site-packages/airflow/example_dags/example_dag_decorator.py
[2023-04-08T12:01:10.065+0000] {processor.py:743} INFO - Processing file /home/airflow/.local/lib/python3.7/site-packages/airflow/example_dags/example_dag_decorator.py for tasks to queue
[2023-04-08T12:01:10.066+0000] {logging_mixin.py:137} INFO - [2023-04-08T12:01:10.066+0000] {dagbag.py:532} INFO - Filling up the DagBag from /home/airflow/.local/lib/python3.7/site-packages/airflow/example_dags/example_dag_decorator.py
[2023-04-08T12:01:10.510+0000] {logging_mixin.py:137} INFO - [2023-04-08T12:01:10.510+0000] {taskmixin.py:211} WARNING - Dependency <Task(_PythonDecoratedOperator): prepare_email>, send_email already registered for DAG: example_dag_decorator
[2023-04-08T12:01:10.510+0000] {logging_mixin.py:137} INFO - [2023-04-08T12:01:10.510+0000] {taskmixin.py:211} WARNING - Dependency <Task(EmailOperator): send_email>, prepare_email already registered for DAG: example_dag_decorator
[2023-04-08T12:01:10.831+0000] {processor.py:753} INFO - DAG(s) dict_keys(['example_dag_decorator']) retrieved from /home/airflow/.local/lib/python3.7/site-packages/airflow/example_dags/example_dag_decorator.py
[2023-04-08T12:01:12.215+0000] {logging_mixin.py:137} INFO - [2023-04-08T12:01:12.215+0000] {manager.py:504} INFO - Created Permission View: can delete on DAG:example_dag_decorator
[2023-04-08T12:01:12.271+0000] {logging_mixin.py:137} INFO - [2023-04-08T12:01:12.271+0000] {manager.py:504} INFO - Created Permission View: can edit on DAG:example_dag_decorator
[2023-04-08T12:01:12.301+0000] {logging_mixin.py:137} INFO - [2023-04-08T12:01:12.301+0000] {manager.py:504} INFO - Created Permission View: can read on DAG:example_dag_decorator
[2023-04-08T12:01:12.302+0000] {logging_mixin.py:137} INFO - [2023-04-08T12:01:12.302+0000] {dag.py:2705} INFO - Sync 1 DAGs
[2023-04-08T12:01:12.390+0000] {logging_mixin.py:137} INFO - [2023-04-08T12:01:12.389+0000] {dag.py:2726} INFO - Creating ORM DAG for example_dag_decorator
[2023-04-08T12:01:12.474+0000] {logging_mixin.py:137} INFO - [2023-04-08T12:01:12.474+0000] {dag.py:3456} INFO - Setting next_dagrun for example_dag_decorator to None, run_after=None
[2023-04-08T12:01:12.586+0000] {processor.py:175} INFO - Processing /home/airflow/.local/lib/python3.7/site-packages/airflow/example_dags/example_dag_decorator.py took 2.558 seconds
[2023-04-08T12:01:42.902+0000] {processor.py:153} INFO - Started process (PID=91) to work on /home/airflow/.local/lib/python3.7/site-packages/airflow/example_dags/example_dag_decorator.py
[2023-04-08T12:01:42.903+0000] {processor.py:743} INFO - Processing file /home/airflow/.local/lib/python3.7/site-packages/airflow/example_dags/example_dag_decorator.py for tasks to queue
[2023-04-08T12:01:42.904+0000] {logging_mixin.py:137} INFO - [2023-04-08T12:01:42.904+0000] {dagbag.py:532} INFO - Filling up the DagBag from /home/airflow/.local/lib/python3.7/site-packages/airflow/example_dags/example_dag_decorator.py
[2023-04-08T12:01:42.928+0000] {logging_mixin.py:137} INFO - [2023-04-08T12:01:42.928+0000] {taskmixin.py:211} WARNING - Dependency <Task(_PythonDecoratedOperator): prepare_email>, send_email already registered for DAG: example_dag_decorator
[2023-04-08T12:01:42.928+0000] {logging_mixin.py:137} INFO - [2023-04-08T12:01:42.928+0000] {taskmixin.py:211} WARNING - Dependency <Task(EmailOperator): send_email>, prepare_email already registered for DAG: example_dag_decorator
[2023-04-08T12:01:42.945+0000] {processor.py:753} INFO - DAG(s) dict_keys(['example_dag_decorator']) retrieved from /home/airflow/.local/lib/python3.7/site-packages/airflow/example_dags/example_dag_decorator.py
[2023-04-08T12:01:43.052+0000] {logging_mixin.py:137} INFO - [2023-04-08T12:01:43.052+0000] {dag.py:2705} INFO - Sync 1 DAGs
[2023-04-08T12:01:43.078+0000] {logging_mixin.py:137} INFO - [2023-04-08T12:01:43.078+0000] {dag.py:3456} INFO - Setting next_dagrun for example_dag_decorator to None, run_after=None
[2023-04-08T12:01:43.096+0000] {processor.py:175} INFO - Processing /home/airflow/.local/lib/python3.7/site-packages/airflow/example_dags/example_dag_decorator.py took 0.198 seconds
[2023-04-08T12:02:13.428+0000] {processor.py:153} INFO - Started process (PID=140) to work on /home/airflow/.local/lib/python3.7/site-packages/airflow/example_dags/example_dag_decorator.py
[2023-04-08T12:02:13.429+0000] {processor.py:743} INFO - Processing file /home/airflow/.local/lib/python3.7/site-packages/airflow/example_dags/example_dag_decorator.py for tasks to queue
[2023-04-08T12:02:13.429+0000] {logging_mixin.py:137} INFO - [2023-04-08T12:02:13.429+0000] {dagbag.py:532} INFO - Filling up the DagBag from /home/airflow/.local/lib/python3.7/site-packages/airflow/example_dags/example_dag_decorator.py
[2023-04-08T12:02:13.454+0000] {logging_mixin.py:137} INFO - [2023-04-08T12:02:13.453+0000] {taskmixin.py:211} WARNING - Dependency <Task(_PythonDecoratedOperator): prepare_email>, send_email already registered for DAG: example_dag_decorator
[2023-04-08T12:02:13.454+0000] {logging_mixin.py:137} INFO - [2023-04-08T12:02:13.454+0000] {taskmixin.py:211} WARNING - Dependency <Task(EmailOperator): send_email>, prepare_email already registered for DAG: example_dag_decorator
[2023-04-08T12:02:13.470+0000] {processor.py:753} INFO - DAG(s) dict_keys(['example_dag_decorator']) retrieved from /home/airflow/.local/lib/python3.7/site-packages/airflow/example_dags/example_dag_decorator.py
[2023-04-08T12:02:13.578+0000] {logging_mixin.py:137} INFO - [2023-04-08T12:02:13.578+0000] {dag.py:2705} INFO - Sync 1 DAGs
[2023-04-08T12:02:13.605+0000] {logging_mixin.py:137} INFO - [2023-04-08T12:02:13.605+0000] {dag.py:3456} INFO - Setting next_dagrun for example_dag_decorator to None, run_after=None
[2023-04-08T12:02:13.624+0000] {processor.py:175} INFO - Processing /home/airflow/.local/lib/python3.7/site-packages/airflow/example_dags/example_dag_decorator.py took 0.201 seconds
[2023-04-08T12:02:43.776+0000] {processor.py:153} INFO - Started process (PID=190) to work on /home/airflow/.local/lib/python3.7/site-packages/airflow/example_dags/example_dag_decorator.py
[2023-04-08T12:02:43.777+0000] {processor.py:743} INFO - Processing file /home/airflow/.local/lib/python3.7/site-packages/airflow/example_dags/example_dag_decorator.py for tasks to queue
[2023-04-08T12:02:43.778+0000] {logging_mixin.py:137} INFO - [2023-04-08T12:02:43.778+0000] {dagbag.py:532} INFO - Filling up the DagBag from /home/airflow/.local/lib/python3.7/site-packages/airflow/example_dags/example_dag_decorator.py
[2023-04-08T12:02:43.802+0000] {logging_mixin.py:137} INFO - [2023-04-08T12:02:43.802+0000] {taskmixin.py:211} WARNING - Dependency <Task(_PythonDecoratedOperator): prepare_email>, send_email already registered for DAG: example_dag_decorator
[2023-04-08T12:02:43.802+0000] {logging_mixin.py:137} INFO - [2023-04-08T12:02:43.802+0000] {taskmixin.py:211} WARNING - Dependency <Task(EmailOperator): send_email>, prepare_email already registered for DAG: example_dag_decorator
[2023-04-08T12:02:43.819+0000] {processor.py:753} INFO - DAG(s) dict_keys(['example_dag_decorator']) retrieved from /home/airflow/.local/lib/python3.7/site-packages/airflow/example_dags/example_dag_decorator.py
[2023-04-08T12:02:43.924+0000] {logging_mixin.py:137} INFO - [2023-04-08T12:02:43.924+0000] {dag.py:2705} INFO - Sync 1 DAGs
[2023-04-08T12:02:43.953+0000] {logging_mixin.py:137} INFO - [2023-04-08T12:02:43.953+0000] {dag.py:3456} INFO - Setting next_dagrun for example_dag_decorator to None, run_after=None
[2023-04-08T12:02:43.971+0000] {processor.py:175} INFO - Processing /home/airflow/.local/lib/python3.7/site-packages/airflow/example_dags/example_dag_decorator.py took 0.199 seconds
[2023-04-08T12:03:14.245+0000] {processor.py:153} INFO - Started process (PID=240) to work on /home/airflow/.local/lib/python3.7/site-packages/airflow/example_dags/example_dag_decorator.py
[2023-04-08T12:03:14.246+0000] {processor.py:743} INFO - Processing file /home/airflow/.local/lib/python3.7/site-packages/airflow/example_dags/example_dag_decorator.py for tasks to queue
[2023-04-08T12:03:14.247+0000] {logging_mixin.py:137} INFO - [2023-04-08T12:03:14.247+0000] {dagbag.py:532} INFO - Filling up the DagBag from /home/airflow/.local/lib/python3.7/site-packages/airflow/example_dags/example_dag_decorator.py
[2023-04-08T12:03:14.271+0000] {logging_mixin.py:137} INFO - [2023-04-08T12:03:14.271+0000] {taskmixin.py:211} WARNING - Dependency <Task(_PythonDecoratedOperator): prepare_email>, send_email already registered for DAG: example_dag_decorator
[2023-04-08T12:03:14.271+0000] {logging_mixin.py:137} INFO - [2023-04-08T12:03:14.271+0000] {taskmixin.py:211} WARNING - Dependency <Task(EmailOperator): send_email>, prepare_email already registered for DAG: example_dag_decorator
[2023-04-08T12:03:14.288+0000] {processor.py:753} INFO - DAG(s) dict_keys(['example_dag_decorator']) retrieved from /home/airflow/.local/lib/python3.7/site-packages/airflow/example_dags/example_dag_decorator.py
[2023-04-08T12:03:14.396+0000] {logging_mixin.py:137} INFO - [2023-04-08T12:03:14.396+0000] {dag.py:2705} INFO - Sync 1 DAGs
[2023-04-08T12:03:14.422+0000] {logging_mixin.py:137} INFO - [2023-04-08T12:03:14.422+0000] {dag.py:3456} INFO - Setting next_dagrun for example_dag_decorator to None, run_after=None
[2023-04-08T12:03:14.440+0000] {processor.py:175} INFO - Processing /home/airflow/.local/lib/python3.7/site-packages/airflow/example_dags/example_dag_decorator.py took 0.199 seconds
[2023-04-08T12:03:44.624+0000] {processor.py:153} INFO - Started process (PID=290) to work on /home/airflow/.local/lib/python3.7/site-packages/airflow/example_dags/example_dag_decorator.py
[2023-04-08T12:03:44.625+0000] {processor.py:743} INFO - Processing file /home/airflow/.local/lib/python3.7/site-packages/airflow/example_dags/example_dag_decorator.py for tasks to queue
[2023-04-08T12:03:44.626+0000] {logging_mixin.py:137} INFO - [2023-04-08T12:03:44.626+0000] {dagbag.py:532} INFO - Filling up the DagBag from /home/airflow/.local/lib/python3.7/site-packages/airflow/example_dags/example_dag_decorator.py
[2023-04-08T12:03:44.650+0000] {logging_mixin.py:137} INFO - [2023-04-08T12:03:44.649+0000] {taskmixin.py:211} WARNING - Dependency <Task(_PythonDecoratedOperator): prepare_email>, send_email already registered for DAG: example_dag_decorator
[2023-04-08T12:03:44.650+0000] {logging_mixin.py:137} INFO - [2023-04-08T12:03:44.650+0000] {taskmixin.py:211} WARNING - Dependency <Task(EmailOperator): send_email>, prepare_email already registered for DAG: example_dag_decorator
[2023-04-08T12:03:44.668+0000] {processor.py:753} INFO - DAG(s) dict_keys(['example_dag_decorator']) retrieved from /home/airflow/.local/lib/python3.7/site-packages/airflow/example_dags/example_dag_decorator.py
[2023-04-08T12:03:44.777+0000] {logging_mixin.py:137} INFO - [2023-04-08T12:03:44.777+0000] {dag.py:2705} INFO - Sync 1 DAGs
[2023-04-08T12:03:44.802+0000] {logging_mixin.py:137} INFO - [2023-04-08T12:03:44.802+0000] {dag.py:3456} INFO - Setting next_dagrun for example_dag_decorator to None, run_after=None
[2023-04-08T12:03:44.820+0000] {processor.py:175} INFO - Processing /home/airflow/.local/lib/python3.7/site-packages/airflow/example_dags/example_dag_decorator.py took 0.201 seconds
[2023-04-08T12:04:14.948+0000] {processor.py:153} INFO - Started process (PID=341) to work on /home/airflow/.local/lib/python3.7/site-packages/airflow/example_dags/example_dag_decorator.py
[2023-04-08T12:04:14.949+0000] {processor.py:743} INFO - Processing file /home/airflow/.local/lib/python3.7/site-packages/airflow/example_dags/example_dag_decorator.py for tasks to queue
[2023-04-08T12:04:14.950+0000] {logging_mixin.py:137} INFO - [2023-04-08T12:04:14.949+0000] {dagbag.py:532} INFO - Filling up the DagBag from /home/airflow/.local/lib/python3.7/site-packages/airflow/example_dags/example_dag_decorator.py
[2023-04-08T12:04:14.966+0000] {logging_mixin.py:137} INFO - [2023-04-08T12:04:14.966+0000] {taskmixin.py:211} WARNING - Dependency <Task(_PythonDecoratedOperator): prepare_email>, send_email already registered for DAG: example_dag_decorator
[2023-04-08T12:04:14.966+0000] {logging_mixin.py:137} INFO - [2023-04-08T12:04:14.966+0000] {taskmixin.py:211} WARNING - Dependency <Task(EmailOperator): send_email>, prepare_email already registered for DAG: example_dag_decorator
[2023-04-08T12:04:14.977+0000] {processor.py:753} INFO - DAG(s) dict_keys(['example_dag_decorator']) retrieved from /home/airflow/.local/lib/python3.7/site-packages/airflow/example_dags/example_dag_decorator.py
[2023-04-08T12:04:15.044+0000] {logging_mixin.py:137} INFO - [2023-04-08T12:04:15.044+0000] {dag.py:2705} INFO - Sync 1 DAGs
[2023-04-08T12:04:15.066+0000] {logging_mixin.py:137} INFO - [2023-04-08T12:04:15.066+0000] {dag.py:3456} INFO - Setting next_dagrun for example_dag_decorator to None, run_after=None
[2023-04-08T12:04:15.085+0000] {processor.py:175} INFO - Processing /home/airflow/.local/lib/python3.7/site-packages/airflow/example_dags/example_dag_decorator.py took 0.140 seconds
[2023-04-08T12:04:45.341+0000] {processor.py:153} INFO - Started process (PID=391) to work on /home/airflow/.local/lib/python3.7/site-packages/airflow/example_dags/example_dag_decorator.py
[2023-04-08T12:04:45.342+0000] {processor.py:743} INFO - Processing file /home/airflow/.local/lib/python3.7/site-packages/airflow/example_dags/example_dag_decorator.py for tasks to queue
[2023-04-08T12:04:45.343+0000] {logging_mixin.py:137} INFO - [2023-04-08T12:04:45.343+0000] {dagbag.py:532} INFO - Filling up the DagBag from /home/airflow/.local/lib/python3.7/site-packages/airflow/example_dags/example_dag_decorator.py
[2023-04-08T12:04:45.367+0000] {logging_mixin.py:137} INFO - [2023-04-08T12:04:45.367+0000] {taskmixin.py:211} WARNING - Dependency <Task(_PythonDecoratedOperator): prepare_email>, send_email already registered for DAG: example_dag_decorator
[2023-04-08T12:04:45.367+0000] {logging_mixin.py:137} INFO - [2023-04-08T12:04:45.367+0000] {taskmixin.py:211} WARNING - Dependency <Task(EmailOperator): send_email>, prepare_email already registered for DAG: example_dag_decorator
[2023-04-08T12:04:45.384+0000] {processor.py:753} INFO - DAG(s) dict_keys(['example_dag_decorator']) retrieved from /home/airflow/.local/lib/python3.7/site-packages/airflow/example_dags/example_dag_decorator.py
[2023-04-08T12:04:45.491+0000] {logging_mixin.py:137} INFO - [2023-04-08T12:04:45.491+0000] {dag.py:2705} INFO - Sync 1 DAGs
[2023-04-08T12:04:45.519+0000] {logging_mixin.py:137} INFO - [2023-04-08T12:04:45.518+0000] {dag.py:3456} INFO - Setting next_dagrun for example_dag_decorator to None, run_after=None
[2023-04-08T12:04:45.536+0000] {processor.py:175} INFO - Processing /home/airflow/.local/lib/python3.7/site-packages/airflow/example_dags/example_dag_decorator.py took 0.200 seconds
[2023-04-08T12:05:15.641+0000] {processor.py:153} INFO - Started process (PID=442) to work on /home/airflow/.local/lib/python3.7/site-packages/airflow/example_dags/example_dag_decorator.py
[2023-04-08T12:05:15.642+0000] {processor.py:743} INFO - Processing file /home/airflow/.local/lib/python3.7/site-packages/airflow/example_dags/example_dag_decorator.py for tasks to queue
[2023-04-08T12:05:15.643+0000] {logging_mixin.py:137} INFO - [2023-04-08T12:05:15.642+0000] {dagbag.py:532} INFO - Filling up the DagBag from /home/airflow/.local/lib/python3.7/site-packages/airflow/example_dags/example_dag_decorator.py
[2023-04-08T12:05:15.667+0000] {logging_mixin.py:137} INFO - [2023-04-08T12:05:15.667+0000] {taskmixin.py:211} WARNING - Dependency <Task(_PythonDecoratedOperator): prepare_email>, send_email already registered for DAG: example_dag_decorator
[2023-04-08T12:05:15.667+0000] {logging_mixin.py:137} INFO - [2023-04-08T12:05:15.667+0000] {taskmixin.py:211} WARNING - Dependency <Task(EmailOperator): send_email>, prepare_email already registered for DAG: example_dag_decorator
[2023-04-08T12:05:15.684+0000] {processor.py:753} INFO - DAG(s) dict_keys(['example_dag_decorator']) retrieved from /home/airflow/.local/lib/python3.7/site-packages/airflow/example_dags/example_dag_decorator.py
[2023-04-08T12:05:15.805+0000] {logging_mixin.py:137} INFO - [2023-04-08T12:05:15.804+0000] {dag.py:2705} INFO - Sync 1 DAGs
[2023-04-08T12:05:15.828+0000] {logging_mixin.py:137} INFO - [2023-04-08T12:05:15.828+0000] {dag.py:3456} INFO - Setting next_dagrun for example_dag_decorator to None, run_after=None
[2023-04-08T12:05:15.845+0000] {processor.py:175} INFO - Processing /home/airflow/.local/lib/python3.7/site-packages/airflow/example_dags/example_dag_decorator.py took 0.209 seconds
[2023-04-08T12:05:45.938+0000] {processor.py:153} INFO - Started process (PID=492) to work on /home/airflow/.local/lib/python3.7/site-packages/airflow/example_dags/example_dag_decorator.py
[2023-04-08T12:05:45.939+0000] {processor.py:743} INFO - Processing file /home/airflow/.local/lib/python3.7/site-packages/airflow/example_dags/example_dag_decorator.py for tasks to queue
[2023-04-08T12:05:45.940+0000] {logging_mixin.py:137} INFO - [2023-04-08T12:05:45.940+0000] {dagbag.py:532} INFO - Filling up the DagBag from /home/airflow/.local/lib/python3.7/site-packages/airflow/example_dags/example_dag_decorator.py
[2023-04-08T12:05:46.015+0000] {logging_mixin.py:137} INFO - [2023-04-08T12:05:46.015+0000] {taskmixin.py:211} WARNING - Dependency <Task(_PythonDecoratedOperator): prepare_email>, send_email already registered for DAG: example_dag_decorator
[2023-04-08T12:05:46.015+0000] {logging_mixin.py:137} INFO - [2023-04-08T12:05:46.015+0000] {taskmixin.py:211} WARNING - Dependency <Task(EmailOperator): send_email>, prepare_email already registered for DAG: example_dag_decorator
[2023-04-08T12:05:46.063+0000] {processor.py:753} INFO - DAG(s) dict_keys(['example_dag_decorator']) retrieved from /home/airflow/.local/lib/python3.7/site-packages/airflow/example_dags/example_dag_decorator.py
[2023-04-08T12:05:46.440+0000] {logging_mixin.py:137} INFO - [2023-04-08T12:05:46.440+0000] {dag.py:2705} INFO - Sync 1 DAGs
[2023-04-08T12:05:46.534+0000] {logging_mixin.py:137} INFO - [2023-04-08T12:05:46.533+0000] {dag.py:3456} INFO - Setting next_dagrun for example_dag_decorator to None, run_after=None
[2023-04-08T12:05:46.586+0000] {processor.py:175} INFO - Processing /home/airflow/.local/lib/python3.7/site-packages/airflow/example_dags/example_dag_decorator.py took 0.661 seconds
[2023-04-08T12:06:16.717+0000] {processor.py:153} INFO - Started process (PID=542) to work on /home/airflow/.local/lib/python3.7/site-packages/airflow/example_dags/example_dag_decorator.py
[2023-04-08T12:06:16.718+0000] {processor.py:743} INFO - Processing file /home/airflow/.local/lib/python3.7/site-packages/airflow/example_dags/example_dag_decorator.py for tasks to queue
[2023-04-08T12:06:16.718+0000] {logging_mixin.py:137} INFO - [2023-04-08T12:06:16.718+0000] {dagbag.py:532} INFO - Filling up the DagBag from /home/airflow/.local/lib/python3.7/site-packages/airflow/example_dags/example_dag_decorator.py
[2023-04-08T12:06:16.735+0000] {logging_mixin.py:137} INFO - [2023-04-08T12:06:16.735+0000] {taskmixin.py:211} WARNING - Dependency <Task(_PythonDecoratedOperator): prepare_email>, send_email already registered for DAG: example_dag_decorator
[2023-04-08T12:06:16.735+0000] {logging_mixin.py:137} INFO - [2023-04-08T12:06:16.735+0000] {taskmixin.py:211} WARNING - Dependency <Task(EmailOperator): send_email>, prepare_email already registered for DAG: example_dag_decorator
[2023-04-08T12:06:16.746+0000] {processor.py:753} INFO - DAG(s) dict_keys(['example_dag_decorator']) retrieved from /home/airflow/.local/lib/python3.7/site-packages/airflow/example_dags/example_dag_decorator.py
[2023-04-08T12:06:16.813+0000] {logging_mixin.py:137} INFO - [2023-04-08T12:06:16.813+0000] {dag.py:2705} INFO - Sync 1 DAGs
[2023-04-08T12:06:16.835+0000] {logging_mixin.py:137} INFO - [2023-04-08T12:06:16.835+0000] {dag.py:3456} INFO - Setting next_dagrun for example_dag_decorator to None, run_after=None
[2023-04-08T12:06:16.854+0000] {processor.py:175} INFO - Processing /home/airflow/.local/lib/python3.7/site-packages/airflow/example_dags/example_dag_decorator.py took 0.140 seconds
[2023-04-08T12:06:47.327+0000] {processor.py:153} INFO - Started process (PID=592) to work on /home/airflow/.local/lib/python3.7/site-packages/airflow/example_dags/example_dag_decorator.py
[2023-04-08T12:06:47.329+0000] {processor.py:743} INFO - Processing file /home/airflow/.local/lib/python3.7/site-packages/airflow/example_dags/example_dag_decorator.py for tasks to queue
[2023-04-08T12:06:47.329+0000] {logging_mixin.py:137} INFO - [2023-04-08T12:06:47.329+0000] {dagbag.py:532} INFO - Filling up the DagBag from /home/airflow/.local/lib/python3.7/site-packages/airflow/example_dags/example_dag_decorator.py
[2023-04-08T12:06:47.353+0000] {logging_mixin.py:137} INFO - [2023-04-08T12:06:47.353+0000] {taskmixin.py:211} WARNING - Dependency <Task(_PythonDecoratedOperator): prepare_email>, send_email already registered for DAG: example_dag_decorator
[2023-04-08T12:06:47.354+0000] {logging_mixin.py:137} INFO - [2023-04-08T12:06:47.354+0000] {taskmixin.py:211} WARNING - Dependency <Task(EmailOperator): send_email>, prepare_email already registered for DAG: example_dag_decorator
[2023-04-08T12:06:47.371+0000] {processor.py:753} INFO - DAG(s) dict_keys(['example_dag_decorator']) retrieved from /home/airflow/.local/lib/python3.7/site-packages/airflow/example_dags/example_dag_decorator.py
[2023-04-08T12:06:47.477+0000] {logging_mixin.py:137} INFO - [2023-04-08T12:06:47.477+0000] {dag.py:2705} INFO - Sync 1 DAGs
[2023-04-08T12:06:47.504+0000] {logging_mixin.py:137} INFO - [2023-04-08T12:06:47.504+0000] {dag.py:3456} INFO - Setting next_dagrun for example_dag_decorator to None, run_after=None
[2023-04-08T12:06:47.521+0000] {processor.py:175} INFO - Processing /home/airflow/.local/lib/python3.7/site-packages/airflow/example_dags/example_dag_decorator.py took 0.198 seconds
[2023-04-08T12:07:17.690+0000] {processor.py:153} INFO - Started process (PID=641) to work on /home/airflow/.local/lib/python3.7/site-packages/airflow/example_dags/example_dag_decorator.py
[2023-04-08T12:07:17.691+0000] {processor.py:743} INFO - Processing file /home/airflow/.local/lib/python3.7/site-packages/airflow/example_dags/example_dag_decorator.py for tasks to queue
[2023-04-08T12:07:17.692+0000] {logging_mixin.py:137} INFO - [2023-04-08T12:07:17.692+0000] {dagbag.py:532} INFO - Filling up the DagBag from /home/airflow/.local/lib/python3.7/site-packages/airflow/example_dags/example_dag_decorator.py
[2023-04-08T12:07:17.715+0000] {logging_mixin.py:137} INFO - [2023-04-08T12:07:17.715+0000] {taskmixin.py:211} WARNING - Dependency <Task(_PythonDecoratedOperator): prepare_email>, send_email already registered for DAG: example_dag_decorator
[2023-04-08T12:07:17.715+0000] {logging_mixin.py:137} INFO - [2023-04-08T12:07:17.715+0000] {taskmixin.py:211} WARNING - Dependency <Task(EmailOperator): send_email>, prepare_email already registered for DAG: example_dag_decorator
[2023-04-08T12:07:17.732+0000] {processor.py:753} INFO - DAG(s) dict_keys(['example_dag_decorator']) retrieved from /home/airflow/.local/lib/python3.7/site-packages/airflow/example_dags/example_dag_decorator.py
[2023-04-08T12:07:17.841+0000] {logging_mixin.py:137} INFO - [2023-04-08T12:07:17.841+0000] {dag.py:2705} INFO - Sync 1 DAGs
[2023-04-08T12:07:17.868+0000] {logging_mixin.py:137} INFO - [2023-04-08T12:07:17.868+0000] {dag.py:3456} INFO - Setting next_dagrun for example_dag_decorator to None, run_after=None
[2023-04-08T12:07:17.885+0000] {processor.py:175} INFO - Processing /home/airflow/.local/lib/python3.7/site-packages/airflow/example_dags/example_dag_decorator.py took 0.200 seconds
[2023-04-08T12:07:48.374+0000] {processor.py:153} INFO - Started process (PID=691) to work on /home/airflow/.local/lib/python3.7/site-packages/airflow/example_dags/example_dag_decorator.py
[2023-04-08T12:07:48.375+0000] {processor.py:743} INFO - Processing file /home/airflow/.local/lib/python3.7/site-packages/airflow/example_dags/example_dag_decorator.py for tasks to queue
[2023-04-08T12:07:48.376+0000] {logging_mixin.py:137} INFO - [2023-04-08T12:07:48.376+0000] {dagbag.py:532} INFO - Filling up the DagBag from /home/airflow/.local/lib/python3.7/site-packages/airflow/example_dags/example_dag_decorator.py
[2023-04-08T12:07:48.400+0000] {logging_mixin.py:137} INFO - [2023-04-08T12:07:48.400+0000] {taskmixin.py:211} WARNING - Dependency <Task(_PythonDecoratedOperator): prepare_email>, send_email already registered for DAG: example_dag_decorator
[2023-04-08T12:07:48.400+0000] {logging_mixin.py:137} INFO - [2023-04-08T12:07:48.400+0000] {taskmixin.py:211} WARNING - Dependency <Task(EmailOperator): send_email>, prepare_email already registered for DAG: example_dag_decorator
[2023-04-08T12:07:48.418+0000] {processor.py:753} INFO - DAG(s) dict_keys(['example_dag_decorator']) retrieved from /home/airflow/.local/lib/python3.7/site-packages/airflow/example_dags/example_dag_decorator.py
[2023-04-08T12:07:48.525+0000] {logging_mixin.py:137} INFO - [2023-04-08T12:07:48.525+0000] {dag.py:2705} INFO - Sync 1 DAGs
[2023-04-08T12:07:48.552+0000] {logging_mixin.py:137} INFO - [2023-04-08T12:07:48.551+0000] {dag.py:3456} INFO - Setting next_dagrun for example_dag_decorator to None, run_after=None
[2023-04-08T12:07:48.571+0000] {processor.py:175} INFO - Processing /home/airflow/.local/lib/python3.7/site-packages/airflow/example_dags/example_dag_decorator.py took 0.201 seconds
[2023-04-08T12:08:18.646+0000] {processor.py:153} INFO - Started process (PID=741) to work on /home/airflow/.local/lib/python3.7/site-packages/airflow/example_dags/example_dag_decorator.py
[2023-04-08T12:08:18.647+0000] {processor.py:743} INFO - Processing file /home/airflow/.local/lib/python3.7/site-packages/airflow/example_dags/example_dag_decorator.py for tasks to queue
[2023-04-08T12:08:18.647+0000] {logging_mixin.py:137} INFO - [2023-04-08T12:08:18.647+0000] {dagbag.py:532} INFO - Filling up the DagBag from /home/airflow/.local/lib/python3.7/site-packages/airflow/example_dags/example_dag_decorator.py
[2023-04-08T12:08:18.671+0000] {logging_mixin.py:137} INFO - [2023-04-08T12:08:18.671+0000] {taskmixin.py:211} WARNING - Dependency <Task(_PythonDecoratedOperator): prepare_email>, send_email already registered for DAG: example_dag_decorator
[2023-04-08T12:08:18.672+0000] {logging_mixin.py:137} INFO - [2023-04-08T12:08:18.671+0000] {taskmixin.py:211} WARNING - Dependency <Task(EmailOperator): send_email>, prepare_email already registered for DAG: example_dag_decorator
[2023-04-08T12:08:18.690+0000] {processor.py:753} INFO - DAG(s) dict_keys(['example_dag_decorator']) retrieved from /home/airflow/.local/lib/python3.7/site-packages/airflow/example_dags/example_dag_decorator.py
[2023-04-08T12:08:18.796+0000] {logging_mixin.py:137} INFO - [2023-04-08T12:08:18.796+0000] {dag.py:2705} INFO - Sync 1 DAGs
[2023-04-08T12:08:18.823+0000] {logging_mixin.py:137} INFO - [2023-04-08T12:08:18.823+0000] {dag.py:3456} INFO - Setting next_dagrun for example_dag_decorator to None, run_after=None
[2023-04-08T12:08:18.840+0000] {processor.py:175} INFO - Processing /home/airflow/.local/lib/python3.7/site-packages/airflow/example_dags/example_dag_decorator.py took 0.199 seconds
[2023-04-08T12:08:49.321+0000] {processor.py:153} INFO - Started process (PID=792) to work on /home/airflow/.local/lib/python3.7/site-packages/airflow/example_dags/example_dag_decorator.py
[2023-04-08T12:08:49.322+0000] {processor.py:743} INFO - Processing file /home/airflow/.local/lib/python3.7/site-packages/airflow/example_dags/example_dag_decorator.py for tasks to queue
[2023-04-08T12:08:49.323+0000] {logging_mixin.py:137} INFO - [2023-04-08T12:08:49.323+0000] {dagbag.py:532} INFO - Filling up the DagBag from /home/airflow/.local/lib/python3.7/site-packages/airflow/example_dags/example_dag_decorator.py
[2023-04-08T12:08:49.347+0000] {logging_mixin.py:137} INFO - [2023-04-08T12:08:49.347+0000] {taskmixin.py:211} WARNING - Dependency <Task(_PythonDecoratedOperator): prepare_email>, send_email already registered for DAG: example_dag_decorator
[2023-04-08T12:08:49.348+0000] {logging_mixin.py:137} INFO - [2023-04-08T12:08:49.347+0000] {taskmixin.py:211} WARNING - Dependency <Task(EmailOperator): send_email>, prepare_email already registered for DAG: example_dag_decorator
[2023-04-08T12:08:49.364+0000] {processor.py:753} INFO - DAG(s) dict_keys(['example_dag_decorator']) retrieved from /home/airflow/.local/lib/python3.7/site-packages/airflow/example_dags/example_dag_decorator.py
[2023-04-08T12:08:49.470+0000] {logging_mixin.py:137} INFO - [2023-04-08T12:08:49.469+0000] {dag.py:2705} INFO - Sync 1 DAGs
[2023-04-08T12:08:49.499+0000] {logging_mixin.py:137} INFO - [2023-04-08T12:08:49.499+0000] {dag.py:3456} INFO - Setting next_dagrun for example_dag_decorator to None, run_after=None
[2023-04-08T12:08:49.518+0000] {processor.py:175} INFO - Processing /home/airflow/.local/lib/python3.7/site-packages/airflow/example_dags/example_dag_decorator.py took 0.201 seconds
[2023-04-08T12:09:19.719+0000] {processor.py:153} INFO - Started process (PID=841) to work on /home/airflow/.local/lib/python3.7/site-packages/airflow/example_dags/example_dag_decorator.py
[2023-04-08T12:09:19.720+0000] {processor.py:743} INFO - Processing file /home/airflow/.local/lib/python3.7/site-packages/airflow/example_dags/example_dag_decorator.py for tasks to queue
[2023-04-08T12:09:19.721+0000] {logging_mixin.py:137} INFO - [2023-04-08T12:09:19.720+0000] {dagbag.py:532} INFO - Filling up the DagBag from /home/airflow/.local/lib/python3.7/site-packages/airflow/example_dags/example_dag_decorator.py
[2023-04-08T12:09:19.745+0000] {logging_mixin.py:137} INFO - [2023-04-08T12:09:19.745+0000] {taskmixin.py:211} WARNING - Dependency <Task(_PythonDecoratedOperator): prepare_email>, send_email already registered for DAG: example_dag_decorator
[2023-04-08T12:09:19.745+0000] {logging_mixin.py:137} INFO - [2023-04-08T12:09:19.745+0000] {taskmixin.py:211} WARNING - Dependency <Task(EmailOperator): send_email>, prepare_email already registered for DAG: example_dag_decorator
[2023-04-08T12:09:19.762+0000] {processor.py:753} INFO - DAG(s) dict_keys(['example_dag_decorator']) retrieved from /home/airflow/.local/lib/python3.7/site-packages/airflow/example_dags/example_dag_decorator.py
[2023-04-08T12:09:19.870+0000] {logging_mixin.py:137} INFO - [2023-04-08T12:09:19.870+0000] {dag.py:2705} INFO - Sync 1 DAGs
[2023-04-08T12:09:19.897+0000] {logging_mixin.py:137} INFO - [2023-04-08T12:09:19.897+0000] {dag.py:3456} INFO - Setting next_dagrun for example_dag_decorator to None, run_after=None
[2023-04-08T12:09:19.914+0000] {processor.py:175} INFO - Processing /home/airflow/.local/lib/python3.7/site-packages/airflow/example_dags/example_dag_decorator.py took 0.200 seconds
[2023-04-08T12:09:50.140+0000] {processor.py:153} INFO - Started process (PID=891) to work on /home/airflow/.local/lib/python3.7/site-packages/airflow/example_dags/example_dag_decorator.py
[2023-04-08T12:09:50.141+0000] {processor.py:743} INFO - Processing file /home/airflow/.local/lib/python3.7/site-packages/airflow/example_dags/example_dag_decorator.py for tasks to queue
[2023-04-08T12:09:50.142+0000] {logging_mixin.py:137} INFO - [2023-04-08T12:09:50.142+0000] {dagbag.py:532} INFO - Filling up the DagBag from /home/airflow/.local/lib/python3.7/site-packages/airflow/example_dags/example_dag_decorator.py
[2023-04-08T12:09:50.168+0000] {logging_mixin.py:137} INFO - [2023-04-08T12:09:50.168+0000] {taskmixin.py:211} WARNING - Dependency <Task(_PythonDecoratedOperator): prepare_email>, send_email already registered for DAG: example_dag_decorator
[2023-04-08T12:09:50.168+0000] {logging_mixin.py:137} INFO - [2023-04-08T12:09:50.168+0000] {taskmixin.py:211} WARNING - Dependency <Task(EmailOperator): send_email>, prepare_email already registered for DAG: example_dag_decorator
[2023-04-08T12:09:50.185+0000] {processor.py:753} INFO - DAG(s) dict_keys(['example_dag_decorator']) retrieved from /home/airflow/.local/lib/python3.7/site-packages/airflow/example_dags/example_dag_decorator.py
[2023-04-08T12:09:50.293+0000] {logging_mixin.py:137} INFO - [2023-04-08T12:09:50.293+0000] {dag.py:2705} INFO - Sync 1 DAGs
[2023-04-08T12:09:50.319+0000] {logging_mixin.py:137} INFO - [2023-04-08T12:09:50.319+0000] {dag.py:3456} INFO - Setting next_dagrun for example_dag_decorator to None, run_after=None
[2023-04-08T12:09:50.338+0000] {processor.py:175} INFO - Processing /home/airflow/.local/lib/python3.7/site-packages/airflow/example_dags/example_dag_decorator.py took 0.202 seconds
[2023-04-08T12:10:20.730+0000] {processor.py:153} INFO - Started process (PID=940) to work on /home/airflow/.local/lib/python3.7/site-packages/airflow/example_dags/example_dag_decorator.py
[2023-04-08T12:10:20.731+0000] {processor.py:743} INFO - Processing file /home/airflow/.local/lib/python3.7/site-packages/airflow/example_dags/example_dag_decorator.py for tasks to queue
[2023-04-08T12:10:20.731+0000] {logging_mixin.py:137} INFO - [2023-04-08T12:10:20.731+0000] {dagbag.py:532} INFO - Filling up the DagBag from /home/airflow/.local/lib/python3.7/site-packages/airflow/example_dags/example_dag_decorator.py
[2023-04-08T12:10:20.756+0000] {logging_mixin.py:137} INFO - [2023-04-08T12:10:20.756+0000] {taskmixin.py:211} WARNING - Dependency <Task(_PythonDecoratedOperator): prepare_email>, send_email already registered for DAG: example_dag_decorator
[2023-04-08T12:10:20.756+0000] {logging_mixin.py:137} INFO - [2023-04-08T12:10:20.756+0000] {taskmixin.py:211} WARNING - Dependency <Task(EmailOperator): send_email>, prepare_email already registered for DAG: example_dag_decorator
[2023-04-08T12:10:20.773+0000] {processor.py:753} INFO - DAG(s) dict_keys(['example_dag_decorator']) retrieved from /home/airflow/.local/lib/python3.7/site-packages/airflow/example_dags/example_dag_decorator.py
[2023-04-08T12:10:20.881+0000] {logging_mixin.py:137} INFO - [2023-04-08T12:10:20.881+0000] {dag.py:2705} INFO - Sync 1 DAGs
[2023-04-08T12:10:20.909+0000] {logging_mixin.py:137} INFO - [2023-04-08T12:10:20.909+0000] {dag.py:3456} INFO - Setting next_dagrun for example_dag_decorator to None, run_after=None
[2023-04-08T12:10:20.927+0000] {processor.py:175} INFO - Processing /home/airflow/.local/lib/python3.7/site-packages/airflow/example_dags/example_dag_decorator.py took 0.202 seconds
[2023-04-08T12:10:51.289+0000] {processor.py:153} INFO - Started process (PID=990) to work on /home/airflow/.local/lib/python3.7/site-packages/airflow/example_dags/example_dag_decorator.py
[2023-04-08T12:10:51.290+0000] {processor.py:743} INFO - Processing file /home/airflow/.local/lib/python3.7/site-packages/airflow/example_dags/example_dag_decorator.py for tasks to queue
[2023-04-08T12:10:51.291+0000] {logging_mixin.py:137} INFO - [2023-04-08T12:10:51.291+0000] {dagbag.py:532} INFO - Filling up the DagBag from /home/airflow/.local/lib/python3.7/site-packages/airflow/example_dags/example_dag_decorator.py
[2023-04-08T12:10:51.315+0000] {logging_mixin.py:137} INFO - [2023-04-08T12:10:51.315+0000] {taskmixin.py:211} WARNING - Dependency <Task(_PythonDecoratedOperator): prepare_email>, send_email already registered for DAG: example_dag_decorator
[2023-04-08T12:10:51.315+0000] {logging_mixin.py:137} INFO - [2023-04-08T12:10:51.315+0000] {taskmixin.py:211} WARNING - Dependency <Task(EmailOperator): send_email>, prepare_email already registered for DAG: example_dag_decorator
[2023-04-08T12:10:51.344+0000] {processor.py:753} INFO - DAG(s) dict_keys(['example_dag_decorator']) retrieved from /home/airflow/.local/lib/python3.7/site-packages/airflow/example_dags/example_dag_decorator.py
[2023-04-08T12:10:51.478+0000] {logging_mixin.py:137} INFO - [2023-04-08T12:10:51.478+0000] {dag.py:2705} INFO - Sync 1 DAGs
[2023-04-08T12:10:51.600+0000] {logging_mixin.py:137} INFO - [2023-04-08T12:10:51.600+0000] {dag.py:3456} INFO - Setting next_dagrun for example_dag_decorator to None, run_after=None
[2023-04-08T12:10:51.654+0000] {processor.py:175} INFO - Processing /home/airflow/.local/lib/python3.7/site-packages/airflow/example_dags/example_dag_decorator.py took 0.370 seconds
