[2023-04-08T12:01:13.961+0000] {processor.py:153} INFO - Started process (PID=44) to work on /home/airflow/.local/lib/python3.7/site-packages/airflow/example_dags/example_task_group.py
[2023-04-08T12:01:13.963+0000] {processor.py:743} INFO - Processing file /home/airflow/.local/lib/python3.7/site-packages/airflow/example_dags/example_task_group.py for tasks to queue
[2023-04-08T12:01:13.963+0000] {logging_mixin.py:137} INFO - [2023-04-08T12:01:13.963+0000] {dagbag.py:532} INFO - Filling up the DagBag from /home/airflow/.local/lib/python3.7/site-packages/airflow/example_dags/example_task_group.py
[2023-04-08T12:01:14.079+0000] {processor.py:753} INFO - DAG(s) dict_keys(['example_task_group']) retrieved from /home/airflow/.local/lib/python3.7/site-packages/airflow/example_dags/example_task_group.py
[2023-04-08T12:01:14.649+0000] {logging_mixin.py:137} INFO - [2023-04-08T12:01:14.649+0000] {manager.py:504} INFO - Created Permission View: can delete on DAG:example_task_group
[2023-04-08T12:01:14.675+0000] {logging_mixin.py:137} INFO - [2023-04-08T12:01:14.675+0000] {manager.py:504} INFO - Created Permission View: can edit on DAG:example_task_group
[2023-04-08T12:01:14.701+0000] {logging_mixin.py:137} INFO - [2023-04-08T12:01:14.700+0000] {manager.py:504} INFO - Created Permission View: can read on DAG:example_task_group
[2023-04-08T12:01:14.705+0000] {logging_mixin.py:137} INFO - [2023-04-08T12:01:14.701+0000] {dag.py:2705} INFO - Sync 1 DAGs
[2023-04-08T12:01:14.749+0000] {logging_mixin.py:137} INFO - [2023-04-08T12:01:14.749+0000] {dag.py:2726} INFO - Creating ORM DAG for example_task_group
[2023-04-08T12:01:14.803+0000] {logging_mixin.py:137} INFO - [2023-04-08T12:01:14.803+0000] {dag.py:3456} INFO - Setting next_dagrun for example_task_group to 2023-04-07T12:01:14.802781+00:00, run_after=2023-04-08T12:01:14.802781+00:00
[2023-04-08T12:01:14.885+0000] {processor.py:175} INFO - Processing /home/airflow/.local/lib/python3.7/site-packages/airflow/example_dags/example_task_group.py took 0.946 seconds
[2023-04-08T12:01:45.240+0000] {processor.py:153} INFO - Started process (PID=94) to work on /home/airflow/.local/lib/python3.7/site-packages/airflow/example_dags/example_task_group.py
[2023-04-08T12:01:45.241+0000] {processor.py:743} INFO - Processing file /home/airflow/.local/lib/python3.7/site-packages/airflow/example_dags/example_task_group.py for tasks to queue
[2023-04-08T12:01:45.242+0000] {logging_mixin.py:137} INFO - [2023-04-08T12:01:45.242+0000] {dagbag.py:532} INFO - Filling up the DagBag from /home/airflow/.local/lib/python3.7/site-packages/airflow/example_dags/example_task_group.py
[2023-04-08T12:01:45.296+0000] {processor.py:753} INFO - DAG(s) dict_keys(['example_task_group']) retrieved from /home/airflow/.local/lib/python3.7/site-packages/airflow/example_dags/example_task_group.py
[2023-04-08T12:01:45.375+0000] {logging_mixin.py:137} INFO - [2023-04-08T12:01:45.375+0000] {dag.py:2705} INFO - Sync 1 DAGs
[2023-04-08T12:01:45.454+0000] {logging_mixin.py:137} INFO - [2023-04-08T12:01:45.454+0000] {dag.py:3456} INFO - Setting next_dagrun for example_task_group to 2023-04-07T12:01:45.454077+00:00, run_after=2023-04-08T12:01:45.454077+00:00
[2023-04-08T12:01:45.505+0000] {processor.py:175} INFO - Processing /home/airflow/.local/lib/python3.7/site-packages/airflow/example_dags/example_task_group.py took 0.269 seconds
[2023-04-08T12:02:15.754+0000] {processor.py:153} INFO - Started process (PID=143) to work on /home/airflow/.local/lib/python3.7/site-packages/airflow/example_dags/example_task_group.py
[2023-04-08T12:02:15.755+0000] {processor.py:743} INFO - Processing file /home/airflow/.local/lib/python3.7/site-packages/airflow/example_dags/example_task_group.py for tasks to queue
[2023-04-08T12:02:15.756+0000] {logging_mixin.py:137} INFO - [2023-04-08T12:02:15.756+0000] {dagbag.py:532} INFO - Filling up the DagBag from /home/airflow/.local/lib/python3.7/site-packages/airflow/example_dags/example_task_group.py
[2023-04-08T12:02:15.780+0000] {processor.py:753} INFO - DAG(s) dict_keys(['example_task_group']) retrieved from /home/airflow/.local/lib/python3.7/site-packages/airflow/example_dags/example_task_group.py
[2023-04-08T12:02:15.817+0000] {logging_mixin.py:137} INFO - [2023-04-08T12:02:15.816+0000] {dag.py:2705} INFO - Sync 1 DAGs
[2023-04-08T12:02:15.858+0000] {logging_mixin.py:137} INFO - [2023-04-08T12:02:15.858+0000] {dag.py:3456} INFO - Setting next_dagrun for example_task_group to 2023-04-07T12:02:15.857963+00:00, run_after=2023-04-08T12:02:15.857963+00:00
[2023-04-08T12:02:15.882+0000] {processor.py:175} INFO - Processing /home/airflow/.local/lib/python3.7/site-packages/airflow/example_dags/example_task_group.py took 0.133 seconds
[2023-04-08T12:02:46.101+0000] {processor.py:153} INFO - Started process (PID=193) to work on /home/airflow/.local/lib/python3.7/site-packages/airflow/example_dags/example_task_group.py
[2023-04-08T12:02:46.102+0000] {processor.py:743} INFO - Processing file /home/airflow/.local/lib/python3.7/site-packages/airflow/example_dags/example_task_group.py for tasks to queue
[2023-04-08T12:02:46.103+0000] {logging_mixin.py:137} INFO - [2023-04-08T12:02:46.103+0000] {dagbag.py:532} INFO - Filling up the DagBag from /home/airflow/.local/lib/python3.7/site-packages/airflow/example_dags/example_task_group.py
[2023-04-08T12:02:46.126+0000] {processor.py:753} INFO - DAG(s) dict_keys(['example_task_group']) retrieved from /home/airflow/.local/lib/python3.7/site-packages/airflow/example_dags/example_task_group.py
[2023-04-08T12:02:46.164+0000] {logging_mixin.py:137} INFO - [2023-04-08T12:02:46.164+0000] {dag.py:2705} INFO - Sync 1 DAGs
[2023-04-08T12:02:46.204+0000] {logging_mixin.py:137} INFO - [2023-04-08T12:02:46.204+0000] {dag.py:3456} INFO - Setting next_dagrun for example_task_group to 2023-04-07T12:02:46.204405+00:00, run_after=2023-04-08T12:02:46.204405+00:00
[2023-04-08T12:02:46.229+0000] {processor.py:175} INFO - Processing /home/airflow/.local/lib/python3.7/site-packages/airflow/example_dags/example_task_group.py took 0.132 seconds
[2023-04-08T12:03:16.569+0000] {processor.py:153} INFO - Started process (PID=243) to work on /home/airflow/.local/lib/python3.7/site-packages/airflow/example_dags/example_task_group.py
[2023-04-08T12:03:16.570+0000] {processor.py:743} INFO - Processing file /home/airflow/.local/lib/python3.7/site-packages/airflow/example_dags/example_task_group.py for tasks to queue
[2023-04-08T12:03:16.571+0000] {logging_mixin.py:137} INFO - [2023-04-08T12:03:16.570+0000] {dagbag.py:532} INFO - Filling up the DagBag from /home/airflow/.local/lib/python3.7/site-packages/airflow/example_dags/example_task_group.py
[2023-04-08T12:03:16.596+0000] {processor.py:753} INFO - DAG(s) dict_keys(['example_task_group']) retrieved from /home/airflow/.local/lib/python3.7/site-packages/airflow/example_dags/example_task_group.py
[2023-04-08T12:03:16.633+0000] {logging_mixin.py:137} INFO - [2023-04-08T12:03:16.633+0000] {dag.py:2705} INFO - Sync 1 DAGs
[2023-04-08T12:03:16.712+0000] {logging_mixin.py:137} INFO - [2023-04-08T12:03:16.712+0000] {dag.py:3456} INFO - Setting next_dagrun for example_task_group to 2023-04-07T12:03:16.712326+00:00, run_after=2023-04-08T12:03:16.712326+00:00
[2023-04-08T12:03:16.736+0000] {processor.py:175} INFO - Processing /home/airflow/.local/lib/python3.7/site-packages/airflow/example_dags/example_task_group.py took 0.172 seconds
[2023-04-08T12:03:46.948+0000] {processor.py:153} INFO - Started process (PID=293) to work on /home/airflow/.local/lib/python3.7/site-packages/airflow/example_dags/example_task_group.py
[2023-04-08T12:03:46.949+0000] {processor.py:743} INFO - Processing file /home/airflow/.local/lib/python3.7/site-packages/airflow/example_dags/example_task_group.py for tasks to queue
[2023-04-08T12:03:46.950+0000] {logging_mixin.py:137} INFO - [2023-04-08T12:03:46.950+0000] {dagbag.py:532} INFO - Filling up the DagBag from /home/airflow/.local/lib/python3.7/site-packages/airflow/example_dags/example_task_group.py
[2023-04-08T12:03:46.973+0000] {processor.py:753} INFO - DAG(s) dict_keys(['example_task_group']) retrieved from /home/airflow/.local/lib/python3.7/site-packages/airflow/example_dags/example_task_group.py
[2023-04-08T12:03:47.012+0000] {logging_mixin.py:137} INFO - [2023-04-08T12:03:47.012+0000] {dag.py:2705} INFO - Sync 1 DAGs
[2023-04-08T12:03:47.054+0000] {logging_mixin.py:137} INFO - [2023-04-08T12:03:47.054+0000] {dag.py:3456} INFO - Setting next_dagrun for example_task_group to 2023-04-07T12:03:47.053936+00:00, run_after=2023-04-08T12:03:47.053936+00:00
[2023-04-08T12:03:47.078+0000] {processor.py:175} INFO - Processing /home/airflow/.local/lib/python3.7/site-packages/airflow/example_dags/example_task_group.py took 0.135 seconds
[2023-04-08T12:04:17.107+0000] {processor.py:153} INFO - Started process (PID=344) to work on /home/airflow/.local/lib/python3.7/site-packages/airflow/example_dags/example_task_group.py
[2023-04-08T12:04:17.108+0000] {processor.py:743} INFO - Processing file /home/airflow/.local/lib/python3.7/site-packages/airflow/example_dags/example_task_group.py for tasks to queue
[2023-04-08T12:04:17.108+0000] {logging_mixin.py:137} INFO - [2023-04-08T12:04:17.108+0000] {dagbag.py:532} INFO - Filling up the DagBag from /home/airflow/.local/lib/python3.7/site-packages/airflow/example_dags/example_task_group.py
[2023-04-08T12:04:17.123+0000] {processor.py:753} INFO - DAG(s) dict_keys(['example_task_group']) retrieved from /home/airflow/.local/lib/python3.7/site-packages/airflow/example_dags/example_task_group.py
[2023-04-08T12:04:17.147+0000] {logging_mixin.py:137} INFO - [2023-04-08T12:04:17.147+0000] {dag.py:2705} INFO - Sync 1 DAGs
[2023-04-08T12:04:17.172+0000] {logging_mixin.py:137} INFO - [2023-04-08T12:04:17.172+0000] {dag.py:3456} INFO - Setting next_dagrun for example_task_group to 2023-04-07T12:04:17.172560+00:00, run_after=2023-04-08T12:04:17.172560+00:00
[2023-04-08T12:04:17.189+0000] {processor.py:175} INFO - Processing /home/airflow/.local/lib/python3.7/site-packages/airflow/example_dags/example_task_group.py took 0.086 seconds
[2023-04-08T12:04:47.673+0000] {processor.py:153} INFO - Started process (PID=394) to work on /home/airflow/.local/lib/python3.7/site-packages/airflow/example_dags/example_task_group.py
[2023-04-08T12:04:47.674+0000] {processor.py:743} INFO - Processing file /home/airflow/.local/lib/python3.7/site-packages/airflow/example_dags/example_task_group.py for tasks to queue
[2023-04-08T12:04:47.675+0000] {logging_mixin.py:137} INFO - [2023-04-08T12:04:47.675+0000] {dagbag.py:532} INFO - Filling up the DagBag from /home/airflow/.local/lib/python3.7/site-packages/airflow/example_dags/example_task_group.py
[2023-04-08T12:04:47.698+0000] {processor.py:753} INFO - DAG(s) dict_keys(['example_task_group']) retrieved from /home/airflow/.local/lib/python3.7/site-packages/airflow/example_dags/example_task_group.py
[2023-04-08T12:04:47.737+0000] {logging_mixin.py:137} INFO - [2023-04-08T12:04:47.737+0000] {dag.py:2705} INFO - Sync 1 DAGs
[2023-04-08T12:04:47.776+0000] {logging_mixin.py:137} INFO - [2023-04-08T12:04:47.776+0000] {dag.py:3456} INFO - Setting next_dagrun for example_task_group to 2023-04-07T12:04:47.775698+00:00, run_after=2023-04-08T12:04:47.775698+00:00
[2023-04-08T12:04:47.800+0000] {processor.py:175} INFO - Processing /home/airflow/.local/lib/python3.7/site-packages/airflow/example_dags/example_task_group.py took 0.140 seconds
[2023-04-08T12:05:17.981+0000] {processor.py:153} INFO - Started process (PID=445) to work on /home/airflow/.local/lib/python3.7/site-packages/airflow/example_dags/example_task_group.py
[2023-04-08T12:05:17.984+0000] {processor.py:743} INFO - Processing file /home/airflow/.local/lib/python3.7/site-packages/airflow/example_dags/example_task_group.py for tasks to queue
[2023-04-08T12:05:17.985+0000] {logging_mixin.py:137} INFO - [2023-04-08T12:05:17.985+0000] {dagbag.py:532} INFO - Filling up the DagBag from /home/airflow/.local/lib/python3.7/site-packages/airflow/example_dags/example_task_group.py
[2023-04-08T12:05:18.007+0000] {processor.py:753} INFO - DAG(s) dict_keys(['example_task_group']) retrieved from /home/airflow/.local/lib/python3.7/site-packages/airflow/example_dags/example_task_group.py
[2023-04-08T12:05:18.045+0000] {logging_mixin.py:137} INFO - [2023-04-08T12:05:18.045+0000] {dag.py:2705} INFO - Sync 1 DAGs
[2023-04-08T12:05:18.084+0000] {logging_mixin.py:137} INFO - [2023-04-08T12:05:18.084+0000] {dag.py:3456} INFO - Setting next_dagrun for example_task_group to 2023-04-07T12:05:18.084193+00:00, run_after=2023-04-08T12:05:18.084193+00:00
[2023-04-08T12:05:18.108+0000] {processor.py:175} INFO - Processing /home/airflow/.local/lib/python3.7/site-packages/airflow/example_dags/example_task_group.py took 0.132 seconds
[2023-04-08T12:05:49.064+0000] {processor.py:153} INFO - Started process (PID=495) to work on /home/airflow/.local/lib/python3.7/site-packages/airflow/example_dags/example_task_group.py
[2023-04-08T12:05:49.065+0000] {processor.py:743} INFO - Processing file /home/airflow/.local/lib/python3.7/site-packages/airflow/example_dags/example_task_group.py for tasks to queue
[2023-04-08T12:05:49.066+0000] {logging_mixin.py:137} INFO - [2023-04-08T12:05:49.066+0000] {dagbag.py:532} INFO - Filling up the DagBag from /home/airflow/.local/lib/python3.7/site-packages/airflow/example_dags/example_task_group.py
[2023-04-08T12:05:49.112+0000] {processor.py:753} INFO - DAG(s) dict_keys(['example_task_group']) retrieved from /home/airflow/.local/lib/python3.7/site-packages/airflow/example_dags/example_task_group.py
[2023-04-08T12:05:49.212+0000] {logging_mixin.py:137} INFO - [2023-04-08T12:05:49.212+0000] {dag.py:2705} INFO - Sync 1 DAGs
[2023-04-08T12:05:49.341+0000] {logging_mixin.py:137} INFO - [2023-04-08T12:05:49.340+0000] {dag.py:3456} INFO - Setting next_dagrun for example_task_group to 2023-04-07T12:05:49.340636+00:00, run_after=2023-04-08T12:05:49.340636+00:00
[2023-04-08T12:05:49.409+0000] {processor.py:175} INFO - Processing /home/airflow/.local/lib/python3.7/site-packages/airflow/example_dags/example_task_group.py took 0.364 seconds
[2023-04-08T12:06:19.954+0000] {processor.py:153} INFO - Started process (PID=545) to work on /home/airflow/.local/lib/python3.7/site-packages/airflow/example_dags/example_task_group.py
[2023-04-08T12:06:19.965+0000] {processor.py:743} INFO - Processing file /home/airflow/.local/lib/python3.7/site-packages/airflow/example_dags/example_task_group.py for tasks to queue
[2023-04-08T12:06:19.967+0000] {logging_mixin.py:137} INFO - [2023-04-08T12:06:19.967+0000] {dagbag.py:532} INFO - Filling up the DagBag from /home/airflow/.local/lib/python3.7/site-packages/airflow/example_dags/example_task_group.py
[2023-04-08T12:06:20.021+0000] {processor.py:753} INFO - DAG(s) dict_keys(['example_task_group']) retrieved from /home/airflow/.local/lib/python3.7/site-packages/airflow/example_dags/example_task_group.py
[2023-04-08T12:06:20.138+0000] {logging_mixin.py:137} INFO - [2023-04-08T12:06:20.137+0000] {dag.py:2705} INFO - Sync 1 DAGs
[2023-04-08T12:06:20.282+0000] {logging_mixin.py:137} INFO - [2023-04-08T12:06:20.282+0000] {dag.py:3456} INFO - Setting next_dagrun for example_task_group to 2023-04-07T12:06:20.282038+00:00, run_after=2023-04-08T12:06:20.282038+00:00
[2023-04-08T12:06:20.356+0000] {processor.py:175} INFO - Processing /home/airflow/.local/lib/python3.7/site-packages/airflow/example_dags/example_task_group.py took 0.406 seconds
[2023-04-08T12:06:50.714+0000] {processor.py:153} INFO - Started process (PID=595) to work on /home/airflow/.local/lib/python3.7/site-packages/airflow/example_dags/example_task_group.py
[2023-04-08T12:06:50.715+0000] {processor.py:743} INFO - Processing file /home/airflow/.local/lib/python3.7/site-packages/airflow/example_dags/example_task_group.py for tasks to queue
[2023-04-08T12:06:50.716+0000] {logging_mixin.py:137} INFO - [2023-04-08T12:06:50.716+0000] {dagbag.py:532} INFO - Filling up the DagBag from /home/airflow/.local/lib/python3.7/site-packages/airflow/example_dags/example_task_group.py
[2023-04-08T12:06:50.739+0000] {processor.py:753} INFO - DAG(s) dict_keys(['example_task_group']) retrieved from /home/airflow/.local/lib/python3.7/site-packages/airflow/example_dags/example_task_group.py
[2023-04-08T12:06:50.779+0000] {logging_mixin.py:137} INFO - [2023-04-08T12:06:50.779+0000] {dag.py:2705} INFO - Sync 1 DAGs
[2023-04-08T12:06:50.819+0000] {logging_mixin.py:137} INFO - [2023-04-08T12:06:50.819+0000] {dag.py:3456} INFO - Setting next_dagrun for example_task_group to 2023-04-07T12:06:50.819077+00:00, run_after=2023-04-08T12:06:50.819077+00:00
[2023-04-08T12:06:50.843+0000] {processor.py:175} INFO - Processing /home/airflow/.local/lib/python3.7/site-packages/airflow/example_dags/example_task_group.py took 0.134 seconds
[2023-04-08T12:07:21.022+0000] {processor.py:153} INFO - Started process (PID=644) to work on /home/airflow/.local/lib/python3.7/site-packages/airflow/example_dags/example_task_group.py
[2023-04-08T12:07:21.023+0000] {processor.py:743} INFO - Processing file /home/airflow/.local/lib/python3.7/site-packages/airflow/example_dags/example_task_group.py for tasks to queue
[2023-04-08T12:07:21.024+0000] {logging_mixin.py:137} INFO - [2023-04-08T12:07:21.024+0000] {dagbag.py:532} INFO - Filling up the DagBag from /home/airflow/.local/lib/python3.7/site-packages/airflow/example_dags/example_task_group.py
[2023-04-08T12:07:21.046+0000] {processor.py:753} INFO - DAG(s) dict_keys(['example_task_group']) retrieved from /home/airflow/.local/lib/python3.7/site-packages/airflow/example_dags/example_task_group.py
[2023-04-08T12:07:21.083+0000] {logging_mixin.py:137} INFO - [2023-04-08T12:07:21.083+0000] {dag.py:2705} INFO - Sync 1 DAGs
[2023-04-08T12:07:21.124+0000] {logging_mixin.py:137} INFO - [2023-04-08T12:07:21.124+0000] {dag.py:3456} INFO - Setting next_dagrun for example_task_group to 2023-04-07T12:07:21.123917+00:00, run_after=2023-04-08T12:07:21.123917+00:00
[2023-04-08T12:07:21.150+0000] {processor.py:175} INFO - Processing /home/airflow/.local/lib/python3.7/site-packages/airflow/example_dags/example_task_group.py took 0.132 seconds
[2023-04-08T12:07:51.705+0000] {processor.py:153} INFO - Started process (PID=694) to work on /home/airflow/.local/lib/python3.7/site-packages/airflow/example_dags/example_task_group.py
[2023-04-08T12:07:51.706+0000] {processor.py:743} INFO - Processing file /home/airflow/.local/lib/python3.7/site-packages/airflow/example_dags/example_task_group.py for tasks to queue
[2023-04-08T12:07:51.707+0000] {logging_mixin.py:137} INFO - [2023-04-08T12:07:51.707+0000] {dagbag.py:532} INFO - Filling up the DagBag from /home/airflow/.local/lib/python3.7/site-packages/airflow/example_dags/example_task_group.py
[2023-04-08T12:07:51.730+0000] {processor.py:753} INFO - DAG(s) dict_keys(['example_task_group']) retrieved from /home/airflow/.local/lib/python3.7/site-packages/airflow/example_dags/example_task_group.py
[2023-04-08T12:07:51.767+0000] {logging_mixin.py:137} INFO - [2023-04-08T12:07:51.767+0000] {dag.py:2705} INFO - Sync 1 DAGs
[2023-04-08T12:07:51.809+0000] {logging_mixin.py:137} INFO - [2023-04-08T12:07:51.809+0000] {dag.py:3456} INFO - Setting next_dagrun for example_task_group to 2023-04-07T12:07:51.808761+00:00, run_after=2023-04-08T12:07:51.808761+00:00
[2023-04-08T12:07:51.833+0000] {processor.py:175} INFO - Processing /home/airflow/.local/lib/python3.7/site-packages/airflow/example_dags/example_task_group.py took 0.133 seconds
[2023-04-08T12:08:21.981+0000] {processor.py:153} INFO - Started process (PID=744) to work on /home/airflow/.local/lib/python3.7/site-packages/airflow/example_dags/example_task_group.py
[2023-04-08T12:08:21.983+0000] {processor.py:743} INFO - Processing file /home/airflow/.local/lib/python3.7/site-packages/airflow/example_dags/example_task_group.py for tasks to queue
[2023-04-08T12:08:21.983+0000] {logging_mixin.py:137} INFO - [2023-04-08T12:08:21.983+0000] {dagbag.py:532} INFO - Filling up the DagBag from /home/airflow/.local/lib/python3.7/site-packages/airflow/example_dags/example_task_group.py
[2023-04-08T12:08:22.007+0000] {processor.py:753} INFO - DAG(s) dict_keys(['example_task_group']) retrieved from /home/airflow/.local/lib/python3.7/site-packages/airflow/example_dags/example_task_group.py
[2023-04-08T12:08:22.046+0000] {logging_mixin.py:137} INFO - [2023-04-08T12:08:22.046+0000] {dag.py:2705} INFO - Sync 1 DAGs
[2023-04-08T12:08:22.086+0000] {logging_mixin.py:137} INFO - [2023-04-08T12:08:22.085+0000] {dag.py:3456} INFO - Setting next_dagrun for example_task_group to 2023-04-07T12:08:22.085618+00:00, run_after=2023-04-08T12:08:22.085618+00:00
[2023-04-08T12:08:22.110+0000] {processor.py:175} INFO - Processing /home/airflow/.local/lib/python3.7/site-packages/airflow/example_dags/example_task_group.py took 0.133 seconds
[2023-04-08T12:08:52.670+0000] {processor.py:153} INFO - Started process (PID=795) to work on /home/airflow/.local/lib/python3.7/site-packages/airflow/example_dags/example_task_group.py
[2023-04-08T12:08:52.671+0000] {processor.py:743} INFO - Processing file /home/airflow/.local/lib/python3.7/site-packages/airflow/example_dags/example_task_group.py for tasks to queue
[2023-04-08T12:08:52.672+0000] {logging_mixin.py:137} INFO - [2023-04-08T12:08:52.671+0000] {dagbag.py:532} INFO - Filling up the DagBag from /home/airflow/.local/lib/python3.7/site-packages/airflow/example_dags/example_task_group.py
[2023-04-08T12:08:52.695+0000] {processor.py:753} INFO - DAG(s) dict_keys(['example_task_group']) retrieved from /home/airflow/.local/lib/python3.7/site-packages/airflow/example_dags/example_task_group.py
[2023-04-08T12:08:52.733+0000] {logging_mixin.py:137} INFO - [2023-04-08T12:08:52.732+0000] {dag.py:2705} INFO - Sync 1 DAGs
[2023-04-08T12:08:52.772+0000] {logging_mixin.py:137} INFO - [2023-04-08T12:08:52.772+0000] {dag.py:3456} INFO - Setting next_dagrun for example_task_group to 2023-04-07T12:08:52.772246+00:00, run_after=2023-04-08T12:08:52.772246+00:00
[2023-04-08T12:08:52.797+0000] {processor.py:175} INFO - Processing /home/airflow/.local/lib/python3.7/site-packages/airflow/example_dags/example_task_group.py took 0.132 seconds
[2023-04-08T12:09:23.050+0000] {processor.py:153} INFO - Started process (PID=844) to work on /home/airflow/.local/lib/python3.7/site-packages/airflow/example_dags/example_task_group.py
[2023-04-08T12:09:23.051+0000] {processor.py:743} INFO - Processing file /home/airflow/.local/lib/python3.7/site-packages/airflow/example_dags/example_task_group.py for tasks to queue
[2023-04-08T12:09:23.052+0000] {logging_mixin.py:137} INFO - [2023-04-08T12:09:23.052+0000] {dagbag.py:532} INFO - Filling up the DagBag from /home/airflow/.local/lib/python3.7/site-packages/airflow/example_dags/example_task_group.py
[2023-04-08T12:09:23.075+0000] {processor.py:753} INFO - DAG(s) dict_keys(['example_task_group']) retrieved from /home/airflow/.local/lib/python3.7/site-packages/airflow/example_dags/example_task_group.py
[2023-04-08T12:09:23.112+0000] {logging_mixin.py:137} INFO - [2023-04-08T12:09:23.112+0000] {dag.py:2705} INFO - Sync 1 DAGs
[2023-04-08T12:09:23.152+0000] {logging_mixin.py:137} INFO - [2023-04-08T12:09:23.152+0000] {dag.py:3456} INFO - Setting next_dagrun for example_task_group to 2023-04-07T12:09:23.152174+00:00, run_after=2023-04-08T12:09:23.152174+00:00
[2023-04-08T12:09:23.177+0000] {processor.py:175} INFO - Processing /home/airflow/.local/lib/python3.7/site-packages/airflow/example_dags/example_task_group.py took 0.132 seconds
[2023-04-08T12:09:53.471+0000] {processor.py:153} INFO - Started process (PID=894) to work on /home/airflow/.local/lib/python3.7/site-packages/airflow/example_dags/example_task_group.py
[2023-04-08T12:09:53.472+0000] {processor.py:743} INFO - Processing file /home/airflow/.local/lib/python3.7/site-packages/airflow/example_dags/example_task_group.py for tasks to queue
[2023-04-08T12:09:53.473+0000] {logging_mixin.py:137} INFO - [2023-04-08T12:09:53.473+0000] {dagbag.py:532} INFO - Filling up the DagBag from /home/airflow/.local/lib/python3.7/site-packages/airflow/example_dags/example_task_group.py
[2023-04-08T12:09:53.496+0000] {processor.py:753} INFO - DAG(s) dict_keys(['example_task_group']) retrieved from /home/airflow/.local/lib/python3.7/site-packages/airflow/example_dags/example_task_group.py
[2023-04-08T12:09:53.534+0000] {logging_mixin.py:137} INFO - [2023-04-08T12:09:53.533+0000] {dag.py:2705} INFO - Sync 1 DAGs
[2023-04-08T12:09:53.587+0000] {logging_mixin.py:137} INFO - [2023-04-08T12:09:53.586+0000] {dag.py:3456} INFO - Setting next_dagrun for example_task_group to 2023-04-07T12:09:53.586516+00:00, run_after=2023-04-08T12:09:53.586516+00:00
[2023-04-08T12:09:53.629+0000] {processor.py:175} INFO - Processing /home/airflow/.local/lib/python3.7/site-packages/airflow/example_dags/example_task_group.py took 0.163 seconds
[2023-04-08T12:10:24.060+0000] {processor.py:153} INFO - Started process (PID=943) to work on /home/airflow/.local/lib/python3.7/site-packages/airflow/example_dags/example_task_group.py
[2023-04-08T12:10:24.062+0000] {processor.py:743} INFO - Processing file /home/airflow/.local/lib/python3.7/site-packages/airflow/example_dags/example_task_group.py for tasks to queue
[2023-04-08T12:10:24.062+0000] {logging_mixin.py:137} INFO - [2023-04-08T12:10:24.062+0000] {dagbag.py:532} INFO - Filling up the DagBag from /home/airflow/.local/lib/python3.7/site-packages/airflow/example_dags/example_task_group.py
[2023-04-08T12:10:24.085+0000] {processor.py:753} INFO - DAG(s) dict_keys(['example_task_group']) retrieved from /home/airflow/.local/lib/python3.7/site-packages/airflow/example_dags/example_task_group.py
[2023-04-08T12:10:24.123+0000] {logging_mixin.py:137} INFO - [2023-04-08T12:10:24.123+0000] {dag.py:2705} INFO - Sync 1 DAGs
[2023-04-08T12:10:24.163+0000] {logging_mixin.py:137} INFO - [2023-04-08T12:10:24.163+0000] {dag.py:3456} INFO - Setting next_dagrun for example_task_group to 2023-04-07T12:10:24.163145+00:00, run_after=2023-04-08T12:10:24.163145+00:00
[2023-04-08T12:10:24.188+0000] {processor.py:175} INFO - Processing /home/airflow/.local/lib/python3.7/site-packages/airflow/example_dags/example_task_group.py took 0.132 seconds
