[2023-04-08T12:01:27.922+0000] {processor.py:153} INFO - Started process (PID=75) to work on /home/airflow/.local/lib/python3.7/site-packages/airflow/example_dags/example_params_ui_tutorial.py
[2023-04-08T12:01:27.923+0000] {processor.py:743} INFO - Processing file /home/airflow/.local/lib/python3.7/site-packages/airflow/example_dags/example_params_ui_tutorial.py for tasks to queue
[2023-04-08T12:01:27.923+0000] {logging_mixin.py:137} INFO - [2023-04-08T12:01:27.923+0000] {dagbag.py:532} INFO - Filling up the DagBag from /home/airflow/.local/lib/python3.7/site-packages/airflow/example_dags/example_params_ui_tutorial.py
[2023-04-08T12:01:28.019+0000] {processor.py:753} INFO - DAG(s) dict_keys(['example_params_ui_tutorial']) retrieved from /home/airflow/.local/lib/python3.7/site-packages/airflow/example_dags/example_params_ui_tutorial.py
[2023-04-08T12:01:28.407+0000] {logging_mixin.py:137} INFO - [2023-04-08T12:01:28.407+0000] {manager.py:504} INFO - Created Permission View: can delete on DAG:example_params_ui_tutorial
[2023-04-08T12:01:28.428+0000] {logging_mixin.py:137} INFO - [2023-04-08T12:01:28.428+0000] {manager.py:504} INFO - Created Permission View: can edit on DAG:example_params_ui_tutorial
[2023-04-08T12:01:28.445+0000] {logging_mixin.py:137} INFO - [2023-04-08T12:01:28.445+0000] {manager.py:504} INFO - Created Permission View: can read on DAG:example_params_ui_tutorial
[2023-04-08T12:01:28.445+0000] {logging_mixin.py:137} INFO - [2023-04-08T12:01:28.445+0000] {dag.py:2705} INFO - Sync 1 DAGs
[2023-04-08T12:01:28.478+0000] {logging_mixin.py:137} INFO - [2023-04-08T12:01:28.477+0000] {dag.py:2726} INFO - Creating ORM DAG for example_params_ui_tutorial
[2023-04-08T12:01:28.534+0000] {logging_mixin.py:137} INFO - [2023-04-08T12:01:28.533+0000] {dag.py:3456} INFO - Setting next_dagrun for example_params_ui_tutorial to None, run_after=None
[2023-04-08T12:01:28.584+0000] {processor.py:175} INFO - Processing /home/airflow/.local/lib/python3.7/site-packages/airflow/example_dags/example_params_ui_tutorial.py took 0.667 seconds
[2023-04-08T12:01:58.931+0000] {processor.py:153} INFO - Started process (PID=125) to work on /home/airflow/.local/lib/python3.7/site-packages/airflow/example_dags/example_params_ui_tutorial.py
[2023-04-08T12:01:58.932+0000] {processor.py:743} INFO - Processing file /home/airflow/.local/lib/python3.7/site-packages/airflow/example_dags/example_params_ui_tutorial.py for tasks to queue
[2023-04-08T12:01:58.933+0000] {logging_mixin.py:137} INFO - [2023-04-08T12:01:58.932+0000] {dagbag.py:532} INFO - Filling up the DagBag from /home/airflow/.local/lib/python3.7/site-packages/airflow/example_dags/example_params_ui_tutorial.py
[2023-04-08T12:01:59.019+0000] {processor.py:753} INFO - DAG(s) dict_keys(['example_params_ui_tutorial']) retrieved from /home/airflow/.local/lib/python3.7/site-packages/airflow/example_dags/example_params_ui_tutorial.py
[2023-04-08T12:01:59.127+0000] {logging_mixin.py:137} INFO - [2023-04-08T12:01:59.127+0000] {dag.py:2705} INFO - Sync 1 DAGs
[2023-04-08T12:01:59.166+0000] {logging_mixin.py:137} INFO - [2023-04-08T12:01:59.165+0000] {dag.py:3456} INFO - Setting next_dagrun for example_params_ui_tutorial to None, run_after=None
[2023-04-08T12:01:59.191+0000] {processor.py:175} INFO - Processing /home/airflow/.local/lib/python3.7/site-packages/airflow/example_dags/example_params_ui_tutorial.py took 0.265 seconds
[2023-04-08T12:02:29.926+0000] {processor.py:153} INFO - Started process (PID=174) to work on /home/airflow/.local/lib/python3.7/site-packages/airflow/example_dags/example_params_ui_tutorial.py
[2023-04-08T12:02:29.928+0000] {processor.py:743} INFO - Processing file /home/airflow/.local/lib/python3.7/site-packages/airflow/example_dags/example_params_ui_tutorial.py for tasks to queue
[2023-04-08T12:02:29.929+0000] {logging_mixin.py:137} INFO - [2023-04-08T12:02:29.928+0000] {dagbag.py:532} INFO - Filling up the DagBag from /home/airflow/.local/lib/python3.7/site-packages/airflow/example_dags/example_params_ui_tutorial.py
[2023-04-08T12:02:30.017+0000] {processor.py:753} INFO - DAG(s) dict_keys(['example_params_ui_tutorial']) retrieved from /home/airflow/.local/lib/python3.7/site-packages/airflow/example_dags/example_params_ui_tutorial.py
[2023-04-08T12:02:30.122+0000] {logging_mixin.py:137} INFO - [2023-04-08T12:02:30.121+0000] {dag.py:2705} INFO - Sync 1 DAGs
[2023-04-08T12:02:30.162+0000] {logging_mixin.py:137} INFO - [2023-04-08T12:02:30.162+0000] {dag.py:3456} INFO - Setting next_dagrun for example_params_ui_tutorial to None, run_after=None
[2023-04-08T12:02:30.188+0000] {processor.py:175} INFO - Processing /home/airflow/.local/lib/python3.7/site-packages/airflow/example_dags/example_params_ui_tutorial.py took 0.266 seconds
[2023-04-08T12:03:00.386+0000] {processor.py:153} INFO - Started process (PID=225) to work on /home/airflow/.local/lib/python3.7/site-packages/airflow/example_dags/example_params_ui_tutorial.py
[2023-04-08T12:03:00.387+0000] {processor.py:743} INFO - Processing file /home/airflow/.local/lib/python3.7/site-packages/airflow/example_dags/example_params_ui_tutorial.py for tasks to queue
[2023-04-08T12:03:00.388+0000] {logging_mixin.py:137} INFO - [2023-04-08T12:03:00.388+0000] {dagbag.py:532} INFO - Filling up the DagBag from /home/airflow/.local/lib/python3.7/site-packages/airflow/example_dags/example_params_ui_tutorial.py
[2023-04-08T12:03:00.475+0000] {processor.py:753} INFO - DAG(s) dict_keys(['example_params_ui_tutorial']) retrieved from /home/airflow/.local/lib/python3.7/site-packages/airflow/example_dags/example_params_ui_tutorial.py
[2023-04-08T12:03:00.581+0000] {logging_mixin.py:137} INFO - [2023-04-08T12:03:00.581+0000] {dag.py:2705} INFO - Sync 1 DAGs
[2023-04-08T12:03:00.623+0000] {logging_mixin.py:137} INFO - [2023-04-08T12:03:00.623+0000] {dag.py:3456} INFO - Setting next_dagrun for example_params_ui_tutorial to None, run_after=None
[2023-04-08T12:03:00.649+0000] {processor.py:175} INFO - Processing /home/airflow/.local/lib/python3.7/site-packages/airflow/example_dags/example_params_ui_tutorial.py took 0.267 seconds
[2023-04-08T12:03:31.323+0000] {processor.py:153} INFO - Started process (PID=275) to work on /home/airflow/.local/lib/python3.7/site-packages/airflow/example_dags/example_params_ui_tutorial.py
[2023-04-08T12:03:31.329+0000] {processor.py:743} INFO - Processing file /home/airflow/.local/lib/python3.7/site-packages/airflow/example_dags/example_params_ui_tutorial.py for tasks to queue
[2023-04-08T12:03:31.330+0000] {logging_mixin.py:137} INFO - [2023-04-08T12:03:31.330+0000] {dagbag.py:532} INFO - Filling up the DagBag from /home/airflow/.local/lib/python3.7/site-packages/airflow/example_dags/example_params_ui_tutorial.py
[2023-04-08T12:03:31.610+0000] {processor.py:753} INFO - DAG(s) dict_keys(['example_params_ui_tutorial']) retrieved from /home/airflow/.local/lib/python3.7/site-packages/airflow/example_dags/example_params_ui_tutorial.py
[2023-04-08T12:03:32.116+0000] {logging_mixin.py:137} INFO - [2023-04-08T12:03:32.116+0000] {dag.py:2705} INFO - Sync 1 DAGs
[2023-04-08T12:03:32.230+0000] {logging_mixin.py:137} INFO - [2023-04-08T12:03:32.230+0000] {dag.py:3456} INFO - Setting next_dagrun for example_params_ui_tutorial to None, run_after=None
[2023-04-08T12:03:32.323+0000] {processor.py:175} INFO - Processing /home/airflow/.local/lib/python3.7/site-packages/airflow/example_dags/example_params_ui_tutorial.py took 1.014 seconds
[2023-04-08T12:04:02.362+0000] {processor.py:153} INFO - Started process (PID=324) to work on /home/airflow/.local/lib/python3.7/site-packages/airflow/example_dags/example_params_ui_tutorial.py
[2023-04-08T12:04:02.363+0000] {processor.py:743} INFO - Processing file /home/airflow/.local/lib/python3.7/site-packages/airflow/example_dags/example_params_ui_tutorial.py for tasks to queue
[2023-04-08T12:04:02.364+0000] {logging_mixin.py:137} INFO - [2023-04-08T12:04:02.363+0000] {dagbag.py:532} INFO - Filling up the DagBag from /home/airflow/.local/lib/python3.7/site-packages/airflow/example_dags/example_params_ui_tutorial.py
[2023-04-08T12:04:02.463+0000] {processor.py:753} INFO - DAG(s) dict_keys(['example_params_ui_tutorial']) retrieved from /home/airflow/.local/lib/python3.7/site-packages/airflow/example_dags/example_params_ui_tutorial.py
[2023-04-08T12:04:02.569+0000] {logging_mixin.py:137} INFO - [2023-04-08T12:04:02.569+0000] {dag.py:2705} INFO - Sync 1 DAGs
[2023-04-08T12:04:02.610+0000] {logging_mixin.py:137} INFO - [2023-04-08T12:04:02.610+0000] {dag.py:3456} INFO - Setting next_dagrun for example_params_ui_tutorial to None, run_after=None
[2023-04-08T12:04:02.649+0000] {processor.py:175} INFO - Processing /home/airflow/.local/lib/python3.7/site-packages/airflow/example_dags/example_params_ui_tutorial.py took 0.295 seconds
[2023-04-08T12:04:32.893+0000] {processor.py:153} INFO - Started process (PID=375) to work on /home/airflow/.local/lib/python3.7/site-packages/airflow/example_dags/example_params_ui_tutorial.py
[2023-04-08T12:04:32.894+0000] {processor.py:743} INFO - Processing file /home/airflow/.local/lib/python3.7/site-packages/airflow/example_dags/example_params_ui_tutorial.py for tasks to queue
[2023-04-08T12:04:32.895+0000] {logging_mixin.py:137} INFO - [2023-04-08T12:04:32.895+0000] {dagbag.py:532} INFO - Filling up the DagBag from /home/airflow/.local/lib/python3.7/site-packages/airflow/example_dags/example_params_ui_tutorial.py
[2023-04-08T12:04:32.984+0000] {processor.py:753} INFO - DAG(s) dict_keys(['example_params_ui_tutorial']) retrieved from /home/airflow/.local/lib/python3.7/site-packages/airflow/example_dags/example_params_ui_tutorial.py
[2023-04-08T12:04:33.107+0000] {logging_mixin.py:137} INFO - [2023-04-08T12:04:33.106+0000] {dag.py:2705} INFO - Sync 1 DAGs
[2023-04-08T12:04:33.146+0000] {logging_mixin.py:137} INFO - [2023-04-08T12:04:33.146+0000] {dag.py:3456} INFO - Setting next_dagrun for example_params_ui_tutorial to None, run_after=None
[2023-04-08T12:04:33.171+0000] {processor.py:175} INFO - Processing /home/airflow/.local/lib/python3.7/site-packages/airflow/example_dags/example_params_ui_tutorial.py took 0.282 seconds
[2023-04-08T12:05:03.268+0000] {processor.py:153} INFO - Started process (PID=426) to work on /home/airflow/.local/lib/python3.7/site-packages/airflow/example_dags/example_params_ui_tutorial.py
[2023-04-08T12:05:03.268+0000] {processor.py:743} INFO - Processing file /home/airflow/.local/lib/python3.7/site-packages/airflow/example_dags/example_params_ui_tutorial.py for tasks to queue
[2023-04-08T12:05:03.269+0000] {logging_mixin.py:137} INFO - [2023-04-08T12:05:03.269+0000] {dagbag.py:532} INFO - Filling up the DagBag from /home/airflow/.local/lib/python3.7/site-packages/airflow/example_dags/example_params_ui_tutorial.py
[2023-04-08T12:05:03.357+0000] {processor.py:753} INFO - DAG(s) dict_keys(['example_params_ui_tutorial']) retrieved from /home/airflow/.local/lib/python3.7/site-packages/airflow/example_dags/example_params_ui_tutorial.py
[2023-04-08T12:05:03.463+0000] {logging_mixin.py:137} INFO - [2023-04-08T12:05:03.463+0000] {dag.py:2705} INFO - Sync 1 DAGs
[2023-04-08T12:05:03.504+0000] {logging_mixin.py:137} INFO - [2023-04-08T12:05:03.504+0000] {dag.py:3456} INFO - Setting next_dagrun for example_params_ui_tutorial to None, run_after=None
[2023-04-08T12:05:03.539+0000] {processor.py:175} INFO - Processing /home/airflow/.local/lib/python3.7/site-packages/airflow/example_dags/example_params_ui_tutorial.py took 0.276 seconds
[2023-04-08T12:05:33.592+0000] {processor.py:153} INFO - Started process (PID=479) to work on /home/airflow/.local/lib/python3.7/site-packages/airflow/example_dags/example_params_ui_tutorial.py
[2023-04-08T12:05:33.594+0000] {processor.py:743} INFO - Processing file /home/airflow/.local/lib/python3.7/site-packages/airflow/example_dags/example_params_ui_tutorial.py for tasks to queue
[2023-04-08T12:05:33.595+0000] {logging_mixin.py:137} INFO - [2023-04-08T12:05:33.595+0000] {dagbag.py:532} INFO - Filling up the DagBag from /home/airflow/.local/lib/python3.7/site-packages/airflow/example_dags/example_params_ui_tutorial.py
[2023-04-08T12:05:33.682+0000] {processor.py:753} INFO - DAG(s) dict_keys(['example_params_ui_tutorial']) retrieved from /home/airflow/.local/lib/python3.7/site-packages/airflow/example_dags/example_params_ui_tutorial.py
[2023-04-08T12:05:33.785+0000] {logging_mixin.py:137} INFO - [2023-04-08T12:05:33.785+0000] {dag.py:2705} INFO - Sync 1 DAGs
[2023-04-08T12:05:33.810+0000] {logging_mixin.py:137} INFO - [2023-04-08T12:05:33.810+0000] {dag.py:3456} INFO - Setting next_dagrun for example_params_ui_tutorial to None, run_after=None
[2023-04-08T12:05:33.826+0000] {processor.py:175} INFO - Processing /home/airflow/.local/lib/python3.7/site-packages/airflow/example_dags/example_params_ui_tutorial.py took 0.239 seconds
[2023-04-08T12:06:03.867+0000] {processor.py:153} INFO - Started process (PID=531) to work on /home/airflow/.local/lib/python3.7/site-packages/airflow/example_dags/example_params_ui_tutorial.py
[2023-04-08T12:06:03.868+0000] {processor.py:743} INFO - Processing file /home/airflow/.local/lib/python3.7/site-packages/airflow/example_dags/example_params_ui_tutorial.py for tasks to queue
[2023-04-08T12:06:03.868+0000] {logging_mixin.py:137} INFO - [2023-04-08T12:06:03.868+0000] {dagbag.py:532} INFO - Filling up the DagBag from /home/airflow/.local/lib/python3.7/site-packages/airflow/example_dags/example_params_ui_tutorial.py
[2023-04-08T12:06:03.922+0000] {processor.py:753} INFO - DAG(s) dict_keys(['example_params_ui_tutorial']) retrieved from /home/airflow/.local/lib/python3.7/site-packages/airflow/example_dags/example_params_ui_tutorial.py
[2023-04-08T12:06:03.986+0000] {logging_mixin.py:137} INFO - [2023-04-08T12:06:03.986+0000] {dag.py:2705} INFO - Sync 1 DAGs
[2023-04-08T12:06:04.010+0000] {logging_mixin.py:137} INFO - [2023-04-08T12:06:04.010+0000] {dag.py:3456} INFO - Setting next_dagrun for example_params_ui_tutorial to None, run_after=None
[2023-04-08T12:06:04.027+0000] {processor.py:175} INFO - Processing /home/airflow/.local/lib/python3.7/site-packages/airflow/example_dags/example_params_ui_tutorial.py took 0.162 seconds
[2023-04-08T12:06:34.082+0000] {processor.py:153} INFO - Started process (PID=581) to work on /home/airflow/.local/lib/python3.7/site-packages/airflow/example_dags/example_params_ui_tutorial.py
[2023-04-08T12:06:34.083+0000] {processor.py:743} INFO - Processing file /home/airflow/.local/lib/python3.7/site-packages/airflow/example_dags/example_params_ui_tutorial.py for tasks to queue
[2023-04-08T12:06:34.084+0000] {logging_mixin.py:137} INFO - [2023-04-08T12:06:34.084+0000] {dagbag.py:532} INFO - Filling up the DagBag from /home/airflow/.local/lib/python3.7/site-packages/airflow/example_dags/example_params_ui_tutorial.py
[2023-04-08T12:06:34.138+0000] {processor.py:753} INFO - DAG(s) dict_keys(['example_params_ui_tutorial']) retrieved from /home/airflow/.local/lib/python3.7/site-packages/airflow/example_dags/example_params_ui_tutorial.py
[2023-04-08T12:06:34.199+0000] {logging_mixin.py:137} INFO - [2023-04-08T12:06:34.199+0000] {dag.py:2705} INFO - Sync 1 DAGs
[2023-04-08T12:06:34.224+0000] {logging_mixin.py:137} INFO - [2023-04-08T12:06:34.224+0000] {dag.py:3456} INFO - Setting next_dagrun for example_params_ui_tutorial to None, run_after=None
[2023-04-08T12:06:34.241+0000] {processor.py:175} INFO - Processing /home/airflow/.local/lib/python3.7/site-packages/airflow/example_dags/example_params_ui_tutorial.py took 0.163 seconds
[2023-04-08T12:07:04.432+0000] {processor.py:153} INFO - Started process (PID=631) to work on /home/airflow/.local/lib/python3.7/site-packages/airflow/example_dags/example_params_ui_tutorial.py
[2023-04-08T12:07:04.433+0000] {processor.py:743} INFO - Processing file /home/airflow/.local/lib/python3.7/site-packages/airflow/example_dags/example_params_ui_tutorial.py for tasks to queue
[2023-04-08T12:07:04.433+0000] {logging_mixin.py:137} INFO - [2023-04-08T12:07:04.433+0000] {dagbag.py:532} INFO - Filling up the DagBag from /home/airflow/.local/lib/python3.7/site-packages/airflow/example_dags/example_params_ui_tutorial.py
[2023-04-08T12:07:04.486+0000] {processor.py:753} INFO - DAG(s) dict_keys(['example_params_ui_tutorial']) retrieved from /home/airflow/.local/lib/python3.7/site-packages/airflow/example_dags/example_params_ui_tutorial.py
[2023-04-08T12:07:04.561+0000] {logging_mixin.py:137} INFO - [2023-04-08T12:07:04.561+0000] {dag.py:2705} INFO - Sync 1 DAGs
[2023-04-08T12:07:04.586+0000] {logging_mixin.py:137} INFO - [2023-04-08T12:07:04.586+0000] {dag.py:3456} INFO - Setting next_dagrun for example_params_ui_tutorial to None, run_after=None
[2023-04-08T12:07:04.602+0000] {processor.py:175} INFO - Processing /home/airflow/.local/lib/python3.7/site-packages/airflow/example_dags/example_params_ui_tutorial.py took 0.176 seconds
[2023-04-08T12:07:34.923+0000] {processor.py:153} INFO - Started process (PID=675) to work on /home/airflow/.local/lib/python3.7/site-packages/airflow/example_dags/example_params_ui_tutorial.py
[2023-04-08T12:07:34.924+0000] {processor.py:743} INFO - Processing file /home/airflow/.local/lib/python3.7/site-packages/airflow/example_dags/example_params_ui_tutorial.py for tasks to queue
[2023-04-08T12:07:34.925+0000] {logging_mixin.py:137} INFO - [2023-04-08T12:07:34.925+0000] {dagbag.py:532} INFO - Filling up the DagBag from /home/airflow/.local/lib/python3.7/site-packages/airflow/example_dags/example_params_ui_tutorial.py
[2023-04-08T12:07:35.012+0000] {processor.py:753} INFO - DAG(s) dict_keys(['example_params_ui_tutorial']) retrieved from /home/airflow/.local/lib/python3.7/site-packages/airflow/example_dags/example_params_ui_tutorial.py
[2023-04-08T12:07:35.118+0000] {logging_mixin.py:137} INFO - [2023-04-08T12:07:35.118+0000] {dag.py:2705} INFO - Sync 1 DAGs
[2023-04-08T12:07:35.158+0000] {logging_mixin.py:137} INFO - [2023-04-08T12:07:35.158+0000] {dag.py:3456} INFO - Setting next_dagrun for example_params_ui_tutorial to None, run_after=None
[2023-04-08T12:07:35.182+0000] {processor.py:175} INFO - Processing /home/airflow/.local/lib/python3.7/site-packages/airflow/example_dags/example_params_ui_tutorial.py took 0.263 seconds
[2023-04-08T12:08:05.794+0000] {processor.py:153} INFO - Started process (PID=725) to work on /home/airflow/.local/lib/python3.7/site-packages/airflow/example_dags/example_params_ui_tutorial.py
[2023-04-08T12:08:05.795+0000] {processor.py:743} INFO - Processing file /home/airflow/.local/lib/python3.7/site-packages/airflow/example_dags/example_params_ui_tutorial.py for tasks to queue
[2023-04-08T12:08:05.796+0000] {logging_mixin.py:137} INFO - [2023-04-08T12:08:05.796+0000] {dagbag.py:532} INFO - Filling up the DagBag from /home/airflow/.local/lib/python3.7/site-packages/airflow/example_dags/example_params_ui_tutorial.py
[2023-04-08T12:08:05.885+0000] {processor.py:753} INFO - DAG(s) dict_keys(['example_params_ui_tutorial']) retrieved from /home/airflow/.local/lib/python3.7/site-packages/airflow/example_dags/example_params_ui_tutorial.py
[2023-04-08T12:08:05.990+0000] {logging_mixin.py:137} INFO - [2023-04-08T12:08:05.990+0000] {dag.py:2705} INFO - Sync 1 DAGs
[2023-04-08T12:08:06.030+0000] {logging_mixin.py:137} INFO - [2023-04-08T12:08:06.030+0000] {dag.py:3456} INFO - Setting next_dagrun for example_params_ui_tutorial to None, run_after=None
[2023-04-08T12:08:06.054+0000] {processor.py:175} INFO - Processing /home/airflow/.local/lib/python3.7/site-packages/airflow/example_dags/example_params_ui_tutorial.py took 0.264 seconds
[2023-04-08T12:08:36.513+0000] {processor.py:153} INFO - Started process (PID=775) to work on /home/airflow/.local/lib/python3.7/site-packages/airflow/example_dags/example_params_ui_tutorial.py
[2023-04-08T12:08:36.516+0000] {processor.py:743} INFO - Processing file /home/airflow/.local/lib/python3.7/site-packages/airflow/example_dags/example_params_ui_tutorial.py for tasks to queue
[2023-04-08T12:08:36.516+0000] {logging_mixin.py:137} INFO - [2023-04-08T12:08:36.516+0000] {dagbag.py:532} INFO - Filling up the DagBag from /home/airflow/.local/lib/python3.7/site-packages/airflow/example_dags/example_params_ui_tutorial.py
[2023-04-08T12:08:36.722+0000] {processor.py:753} INFO - DAG(s) dict_keys(['example_params_ui_tutorial']) retrieved from /home/airflow/.local/lib/python3.7/site-packages/airflow/example_dags/example_params_ui_tutorial.py
[2023-04-08T12:08:36.955+0000] {logging_mixin.py:137} INFO - [2023-04-08T12:08:36.955+0000] {dag.py:2705} INFO - Sync 1 DAGs
[2023-04-08T12:08:37.034+0000] {logging_mixin.py:137} INFO - [2023-04-08T12:08:37.034+0000] {dag.py:3456} INFO - Setting next_dagrun for example_params_ui_tutorial to None, run_after=None
[2023-04-08T12:08:37.097+0000] {processor.py:175} INFO - Processing /home/airflow/.local/lib/python3.7/site-packages/airflow/example_dags/example_params_ui_tutorial.py took 0.589 seconds
[2023-04-08T12:09:07.717+0000] {processor.py:153} INFO - Started process (PID=832) to work on /home/airflow/.local/lib/python3.7/site-packages/airflow/example_dags/example_params_ui_tutorial.py
[2023-04-08T12:09:07.718+0000] {processor.py:743} INFO - Processing file /home/airflow/.local/lib/python3.7/site-packages/airflow/example_dags/example_params_ui_tutorial.py for tasks to queue
[2023-04-08T12:09:07.720+0000] {logging_mixin.py:137} INFO - [2023-04-08T12:09:07.719+0000] {dagbag.py:532} INFO - Filling up the DagBag from /home/airflow/.local/lib/python3.7/site-packages/airflow/example_dags/example_params_ui_tutorial.py
[2023-04-08T12:09:07.810+0000] {processor.py:753} INFO - DAG(s) dict_keys(['example_params_ui_tutorial']) retrieved from /home/airflow/.local/lib/python3.7/site-packages/airflow/example_dags/example_params_ui_tutorial.py
[2023-04-08T12:09:07.976+0000] {logging_mixin.py:137} INFO - [2023-04-08T12:09:07.976+0000] {dag.py:2705} INFO - Sync 1 DAGs
[2023-04-08T12:09:08.086+0000] {logging_mixin.py:137} INFO - [2023-04-08T12:09:08.086+0000] {dag.py:3456} INFO - Setting next_dagrun for example_params_ui_tutorial to None, run_after=None
[2023-04-08T12:09:08.157+0000] {processor.py:175} INFO - Processing /home/airflow/.local/lib/python3.7/site-packages/airflow/example_dags/example_params_ui_tutorial.py took 0.452 seconds
[2023-04-08T12:09:38.268+0000] {processor.py:153} INFO - Started process (PID=884) to work on /home/airflow/.local/lib/python3.7/site-packages/airflow/example_dags/example_params_ui_tutorial.py
[2023-04-08T12:09:38.272+0000] {processor.py:743} INFO - Processing file /home/airflow/.local/lib/python3.7/site-packages/airflow/example_dags/example_params_ui_tutorial.py for tasks to queue
[2023-04-08T12:09:38.272+0000] {logging_mixin.py:137} INFO - [2023-04-08T12:09:38.272+0000] {dagbag.py:532} INFO - Filling up the DagBag from /home/airflow/.local/lib/python3.7/site-packages/airflow/example_dags/example_params_ui_tutorial.py
[2023-04-08T12:09:38.362+0000] {processor.py:753} INFO - DAG(s) dict_keys(['example_params_ui_tutorial']) retrieved from /home/airflow/.local/lib/python3.7/site-packages/airflow/example_dags/example_params_ui_tutorial.py
[2023-04-08T12:09:38.504+0000] {logging_mixin.py:137} INFO - [2023-04-08T12:09:38.503+0000] {dag.py:2705} INFO - Sync 1 DAGs
[2023-04-08T12:09:38.555+0000] {logging_mixin.py:137} INFO - [2023-04-08T12:09:38.555+0000] {dag.py:3456} INFO - Setting next_dagrun for example_params_ui_tutorial to None, run_after=None
[2023-04-08T12:09:38.587+0000] {processor.py:175} INFO - Processing /home/airflow/.local/lib/python3.7/site-packages/airflow/example_dags/example_params_ui_tutorial.py took 0.336 seconds
[2023-04-08T12:10:09.439+0000] {processor.py:153} INFO - Started process (PID=933) to work on /home/airflow/.local/lib/python3.7/site-packages/airflow/example_dags/example_params_ui_tutorial.py
[2023-04-08T12:10:09.440+0000] {processor.py:743} INFO - Processing file /home/airflow/.local/lib/python3.7/site-packages/airflow/example_dags/example_params_ui_tutorial.py for tasks to queue
[2023-04-08T12:10:09.441+0000] {logging_mixin.py:137} INFO - [2023-04-08T12:10:09.440+0000] {dagbag.py:532} INFO - Filling up the DagBag from /home/airflow/.local/lib/python3.7/site-packages/airflow/example_dags/example_params_ui_tutorial.py
[2023-04-08T12:10:09.528+0000] {processor.py:753} INFO - DAG(s) dict_keys(['example_params_ui_tutorial']) retrieved from /home/airflow/.local/lib/python3.7/site-packages/airflow/example_dags/example_params_ui_tutorial.py
[2023-04-08T12:10:09.609+0000] {logging_mixin.py:137} INFO - [2023-04-08T12:10:09.609+0000] {dag.py:2705} INFO - Sync 1 DAGs
[2023-04-08T12:10:09.634+0000] {logging_mixin.py:137} INFO - [2023-04-08T12:10:09.634+0000] {dag.py:3456} INFO - Setting next_dagrun for example_params_ui_tutorial to None, run_after=None
[2023-04-08T12:10:09.651+0000] {processor.py:175} INFO - Processing /home/airflow/.local/lib/python3.7/site-packages/airflow/example_dags/example_params_ui_tutorial.py took 0.217 seconds
[2023-04-08T12:10:40.589+0000] {processor.py:153} INFO - Started process (PID=986) to work on /home/airflow/.local/lib/python3.7/site-packages/airflow/example_dags/example_params_ui_tutorial.py
[2023-04-08T12:10:40.590+0000] {processor.py:743} INFO - Processing file /home/airflow/.local/lib/python3.7/site-packages/airflow/example_dags/example_params_ui_tutorial.py for tasks to queue
[2023-04-08T12:10:40.590+0000] {logging_mixin.py:137} INFO - [2023-04-08T12:10:40.590+0000] {dagbag.py:532} INFO - Filling up the DagBag from /home/airflow/.local/lib/python3.7/site-packages/airflow/example_dags/example_params_ui_tutorial.py
[2023-04-08T12:10:40.646+0000] {processor.py:753} INFO - DAG(s) dict_keys(['example_params_ui_tutorial']) retrieved from /home/airflow/.local/lib/python3.7/site-packages/airflow/example_dags/example_params_ui_tutorial.py
[2023-04-08T12:10:40.708+0000] {logging_mixin.py:137} INFO - [2023-04-08T12:10:40.708+0000] {dag.py:2705} INFO - Sync 1 DAGs
[2023-04-08T12:10:40.733+0000] {logging_mixin.py:137} INFO - [2023-04-08T12:10:40.733+0000] {dag.py:3456} INFO - Setting next_dagrun for example_params_ui_tutorial to None, run_after=None
[2023-04-08T12:10:40.750+0000] {processor.py:175} INFO - Processing /home/airflow/.local/lib/python3.7/site-packages/airflow/example_dags/example_params_ui_tutorial.py took 0.164 seconds
