[2023-04-08T12:01:16.089+0000] {processor.py:153} INFO - Started process (PID=49) to work on /home/airflow/.local/lib/python3.7/site-packages/airflow/example_dags/example_skip_dag.py
[2023-04-08T12:01:16.090+0000] {processor.py:743} INFO - Processing file /home/airflow/.local/lib/python3.7/site-packages/airflow/example_dags/example_skip_dag.py for tasks to queue
[2023-04-08T12:01:16.091+0000] {logging_mixin.py:137} INFO - [2023-04-08T12:01:16.091+0000] {dagbag.py:532} INFO - Filling up the DagBag from /home/airflow/.local/lib/python3.7/site-packages/airflow/example_dags/example_skip_dag.py
[2023-04-08T12:01:16.155+0000] {processor.py:753} INFO - DAG(s) dict_keys(['example_skip_dag']) retrieved from /home/airflow/.local/lib/python3.7/site-packages/airflow/example_dags/example_skip_dag.py
[2023-04-08T12:01:16.643+0000] {logging_mixin.py:137} INFO - [2023-04-08T12:01:16.642+0000] {manager.py:504} INFO - Created Permission View: can delete on DAG:example_skip_dag
[2023-04-08T12:01:16.671+0000] {logging_mixin.py:137} INFO - [2023-04-08T12:01:16.671+0000] {manager.py:504} INFO - Created Permission View: can edit on DAG:example_skip_dag
[2023-04-08T12:01:16.700+0000] {logging_mixin.py:137} INFO - [2023-04-08T12:01:16.700+0000] {manager.py:504} INFO - Created Permission View: can read on DAG:example_skip_dag
[2023-04-08T12:01:16.700+0000] {logging_mixin.py:137} INFO - [2023-04-08T12:01:16.700+0000] {dag.py:2705} INFO - Sync 1 DAGs
[2023-04-08T12:01:16.757+0000] {logging_mixin.py:137} INFO - [2023-04-08T12:01:16.757+0000] {dag.py:2726} INFO - Creating ORM DAG for example_skip_dag
[2023-04-08T12:01:16.801+0000] {logging_mixin.py:137} INFO - [2023-04-08T12:01:16.801+0000] {dag.py:3456} INFO - Setting next_dagrun for example_skip_dag to 2023-04-07T12:01:16.800904+00:00, run_after=2023-04-08T12:01:16.800904+00:00
[2023-04-08T12:01:16.868+0000] {processor.py:175} INFO - Processing /home/airflow/.local/lib/python3.7/site-packages/airflow/example_dags/example_skip_dag.py took 0.799 seconds
[2023-04-08T12:01:47.117+0000] {processor.py:153} INFO - Started process (PID=99) to work on /home/airflow/.local/lib/python3.7/site-packages/airflow/example_dags/example_skip_dag.py
[2023-04-08T12:01:47.118+0000] {processor.py:743} INFO - Processing file /home/airflow/.local/lib/python3.7/site-packages/airflow/example_dags/example_skip_dag.py for tasks to queue
[2023-04-08T12:01:47.119+0000] {logging_mixin.py:137} INFO - [2023-04-08T12:01:47.119+0000] {dagbag.py:532} INFO - Filling up the DagBag from /home/airflow/.local/lib/python3.7/site-packages/airflow/example_dags/example_skip_dag.py
[2023-04-08T12:01:47.177+0000] {processor.py:753} INFO - DAG(s) dict_keys(['example_skip_dag']) retrieved from /home/airflow/.local/lib/python3.7/site-packages/airflow/example_dags/example_skip_dag.py
[2023-04-08T12:01:47.272+0000] {logging_mixin.py:137} INFO - [2023-04-08T12:01:47.272+0000] {dag.py:2705} INFO - Sync 1 DAGs
[2023-04-08T12:01:47.385+0000] {logging_mixin.py:137} INFO - [2023-04-08T12:01:47.384+0000] {dag.py:3456} INFO - Setting next_dagrun for example_skip_dag to 2023-04-07T12:01:47.384614+00:00, run_after=2023-04-08T12:01:47.384614+00:00
[2023-04-08T12:01:47.457+0000] {processor.py:175} INFO - Processing /home/airflow/.local/lib/python3.7/site-packages/airflow/example_dags/example_skip_dag.py took 0.356 seconds
[2023-04-08T12:02:18.116+0000] {processor.py:153} INFO - Started process (PID=148) to work on /home/airflow/.local/lib/python3.7/site-packages/airflow/example_dags/example_skip_dag.py
[2023-04-08T12:02:18.117+0000] {processor.py:743} INFO - Processing file /home/airflow/.local/lib/python3.7/site-packages/airflow/example_dags/example_skip_dag.py for tasks to queue
[2023-04-08T12:02:18.118+0000] {logging_mixin.py:137} INFO - [2023-04-08T12:02:18.118+0000] {dagbag.py:532} INFO - Filling up the DagBag from /home/airflow/.local/lib/python3.7/site-packages/airflow/example_dags/example_skip_dag.py
[2023-04-08T12:02:18.138+0000] {processor.py:753} INFO - DAG(s) dict_keys(['example_skip_dag']) retrieved from /home/airflow/.local/lib/python3.7/site-packages/airflow/example_dags/example_skip_dag.py
[2023-04-08T12:02:18.205+0000] {logging_mixin.py:137} INFO - [2023-04-08T12:02:18.205+0000] {dag.py:2705} INFO - Sync 1 DAGs
[2023-04-08T12:02:18.260+0000] {logging_mixin.py:137} INFO - [2023-04-08T12:02:18.260+0000] {dag.py:3456} INFO - Setting next_dagrun for example_skip_dag to 2023-04-07T12:02:18.260103+00:00, run_after=2023-04-08T12:02:18.260103+00:00
[2023-04-08T12:02:18.287+0000] {processor.py:175} INFO - Processing /home/airflow/.local/lib/python3.7/site-packages/airflow/example_dags/example_skip_dag.py took 0.175 seconds
[2023-04-08T12:02:48.453+0000] {processor.py:153} INFO - Started process (PID=198) to work on /home/airflow/.local/lib/python3.7/site-packages/airflow/example_dags/example_skip_dag.py
[2023-04-08T12:02:48.454+0000] {processor.py:743} INFO - Processing file /home/airflow/.local/lib/python3.7/site-packages/airflow/example_dags/example_skip_dag.py for tasks to queue
[2023-04-08T12:02:48.455+0000] {logging_mixin.py:137} INFO - [2023-04-08T12:02:48.455+0000] {dagbag.py:532} INFO - Filling up the DagBag from /home/airflow/.local/lib/python3.7/site-packages/airflow/example_dags/example_skip_dag.py
[2023-04-08T12:02:48.475+0000] {processor.py:753} INFO - DAG(s) dict_keys(['example_skip_dag']) retrieved from /home/airflow/.local/lib/python3.7/site-packages/airflow/example_dags/example_skip_dag.py
[2023-04-08T12:02:48.515+0000] {logging_mixin.py:137} INFO - [2023-04-08T12:02:48.515+0000] {dag.py:2705} INFO - Sync 1 DAGs
[2023-04-08T12:02:48.553+0000] {logging_mixin.py:137} INFO - [2023-04-08T12:02:48.553+0000] {dag.py:3456} INFO - Setting next_dagrun for example_skip_dag to 2023-04-07T12:02:48.552857+00:00, run_after=2023-04-08T12:02:48.552857+00:00
[2023-04-08T12:02:48.577+0000] {processor.py:175} INFO - Processing /home/airflow/.local/lib/python3.7/site-packages/airflow/example_dags/example_skip_dag.py took 0.128 seconds
[2023-04-08T12:03:18.870+0000] {processor.py:153} INFO - Started process (PID=248) to work on /home/airflow/.local/lib/python3.7/site-packages/airflow/example_dags/example_skip_dag.py
[2023-04-08T12:03:18.871+0000] {processor.py:743} INFO - Processing file /home/airflow/.local/lib/python3.7/site-packages/airflow/example_dags/example_skip_dag.py for tasks to queue
[2023-04-08T12:03:18.872+0000] {logging_mixin.py:137} INFO - [2023-04-08T12:03:18.872+0000] {dagbag.py:532} INFO - Filling up the DagBag from /home/airflow/.local/lib/python3.7/site-packages/airflow/example_dags/example_skip_dag.py
[2023-04-08T12:03:18.892+0000] {processor.py:753} INFO - DAG(s) dict_keys(['example_skip_dag']) retrieved from /home/airflow/.local/lib/python3.7/site-packages/airflow/example_dags/example_skip_dag.py
[2023-04-08T12:03:18.932+0000] {logging_mixin.py:137} INFO - [2023-04-08T12:03:18.932+0000] {dag.py:2705} INFO - Sync 1 DAGs
[2023-04-08T12:03:18.973+0000] {logging_mixin.py:137} INFO - [2023-04-08T12:03:18.971+0000] {dag.py:3456} INFO - Setting next_dagrun for example_skip_dag to 2023-04-07T12:03:18.971379+00:00, run_after=2023-04-08T12:03:18.971379+00:00
[2023-04-08T12:03:19.007+0000] {processor.py:175} INFO - Processing /home/airflow/.local/lib/python3.7/site-packages/airflow/example_dags/example_skip_dag.py took 0.142 seconds
[2023-04-08T12:03:49.313+0000] {processor.py:153} INFO - Started process (PID=298) to work on /home/airflow/.local/lib/python3.7/site-packages/airflow/example_dags/example_skip_dag.py
[2023-04-08T12:03:49.313+0000] {processor.py:743} INFO - Processing file /home/airflow/.local/lib/python3.7/site-packages/airflow/example_dags/example_skip_dag.py for tasks to queue
[2023-04-08T12:03:49.314+0000] {logging_mixin.py:137} INFO - [2023-04-08T12:03:49.314+0000] {dagbag.py:532} INFO - Filling up the DagBag from /home/airflow/.local/lib/python3.7/site-packages/airflow/example_dags/example_skip_dag.py
[2023-04-08T12:03:49.333+0000] {processor.py:753} INFO - DAG(s) dict_keys(['example_skip_dag']) retrieved from /home/airflow/.local/lib/python3.7/site-packages/airflow/example_dags/example_skip_dag.py
[2023-04-08T12:03:49.369+0000] {logging_mixin.py:137} INFO - [2023-04-08T12:03:49.368+0000] {dag.py:2705} INFO - Sync 1 DAGs
[2023-04-08T12:03:49.407+0000] {logging_mixin.py:137} INFO - [2023-04-08T12:03:49.407+0000] {dag.py:3456} INFO - Setting next_dagrun for example_skip_dag to 2023-04-07T12:03:49.406959+00:00, run_after=2023-04-08T12:03:49.406959+00:00
[2023-04-08T12:03:49.432+0000] {processor.py:175} INFO - Processing /home/airflow/.local/lib/python3.7/site-packages/airflow/example_dags/example_skip_dag.py took 0.124 seconds
[2023-04-08T12:04:19.522+0000] {processor.py:153} INFO - Started process (PID=349) to work on /home/airflow/.local/lib/python3.7/site-packages/airflow/example_dags/example_skip_dag.py
[2023-04-08T12:04:19.523+0000] {processor.py:743} INFO - Processing file /home/airflow/.local/lib/python3.7/site-packages/airflow/example_dags/example_skip_dag.py for tasks to queue
[2023-04-08T12:04:19.524+0000] {logging_mixin.py:137} INFO - [2023-04-08T12:04:19.524+0000] {dagbag.py:532} INFO - Filling up the DagBag from /home/airflow/.local/lib/python3.7/site-packages/airflow/example_dags/example_skip_dag.py
[2023-04-08T12:04:19.543+0000] {processor.py:753} INFO - DAG(s) dict_keys(['example_skip_dag']) retrieved from /home/airflow/.local/lib/python3.7/site-packages/airflow/example_dags/example_skip_dag.py
[2023-04-08T12:04:19.579+0000] {logging_mixin.py:137} INFO - [2023-04-08T12:04:19.579+0000] {dag.py:2705} INFO - Sync 1 DAGs
[2023-04-08T12:04:19.619+0000] {logging_mixin.py:137} INFO - [2023-04-08T12:04:19.618+0000] {dag.py:3456} INFO - Setting next_dagrun for example_skip_dag to 2023-04-07T12:04:19.618540+00:00, run_after=2023-04-08T12:04:19.618540+00:00
[2023-04-08T12:04:19.641+0000] {processor.py:175} INFO - Processing /home/airflow/.local/lib/python3.7/site-packages/airflow/example_dags/example_skip_dag.py took 0.123 seconds
[2023-04-08T12:04:50.099+0000] {processor.py:153} INFO - Started process (PID=399) to work on /home/airflow/.local/lib/python3.7/site-packages/airflow/example_dags/example_skip_dag.py
[2023-04-08T12:04:50.100+0000] {processor.py:743} INFO - Processing file /home/airflow/.local/lib/python3.7/site-packages/airflow/example_dags/example_skip_dag.py for tasks to queue
[2023-04-08T12:04:50.101+0000] {logging_mixin.py:137} INFO - [2023-04-08T12:04:50.100+0000] {dagbag.py:532} INFO - Filling up the DagBag from /home/airflow/.local/lib/python3.7/site-packages/airflow/example_dags/example_skip_dag.py
[2023-04-08T12:04:50.120+0000] {processor.py:753} INFO - DAG(s) dict_keys(['example_skip_dag']) retrieved from /home/airflow/.local/lib/python3.7/site-packages/airflow/example_dags/example_skip_dag.py
[2023-04-08T12:04:50.159+0000] {logging_mixin.py:137} INFO - [2023-04-08T12:04:50.158+0000] {dag.py:2705} INFO - Sync 1 DAGs
[2023-04-08T12:04:50.199+0000] {logging_mixin.py:137} INFO - [2023-04-08T12:04:50.199+0000] {dag.py:3456} INFO - Setting next_dagrun for example_skip_dag to 2023-04-07T12:04:50.198895+00:00, run_after=2023-04-08T12:04:50.198895+00:00
[2023-04-08T12:04:50.224+0000] {processor.py:175} INFO - Processing /home/airflow/.local/lib/python3.7/site-packages/airflow/example_dags/example_skip_dag.py took 0.129 seconds
[2023-04-08T12:05:20.411+0000] {processor.py:153} INFO - Started process (PID=450) to work on /home/airflow/.local/lib/python3.7/site-packages/airflow/example_dags/example_skip_dag.py
[2023-04-08T12:05:20.412+0000] {processor.py:743} INFO - Processing file /home/airflow/.local/lib/python3.7/site-packages/airflow/example_dags/example_skip_dag.py for tasks to queue
[2023-04-08T12:05:20.413+0000] {logging_mixin.py:137} INFO - [2023-04-08T12:05:20.413+0000] {dagbag.py:532} INFO - Filling up the DagBag from /home/airflow/.local/lib/python3.7/site-packages/airflow/example_dags/example_skip_dag.py
[2023-04-08T12:05:20.433+0000] {processor.py:753} INFO - DAG(s) dict_keys(['example_skip_dag']) retrieved from /home/airflow/.local/lib/python3.7/site-packages/airflow/example_dags/example_skip_dag.py
[2023-04-08T12:05:20.471+0000] {logging_mixin.py:137} INFO - [2023-04-08T12:05:20.471+0000] {dag.py:2705} INFO - Sync 1 DAGs
[2023-04-08T12:05:20.511+0000] {logging_mixin.py:137} INFO - [2023-04-08T12:05:20.511+0000] {dag.py:3456} INFO - Setting next_dagrun for example_skip_dag to 2023-04-07T12:05:20.511023+00:00, run_after=2023-04-08T12:05:20.511023+00:00
[2023-04-08T12:05:20.535+0000] {processor.py:175} INFO - Processing /home/airflow/.local/lib/python3.7/site-packages/airflow/example_dags/example_skip_dag.py took 0.128 seconds
[2023-04-08T12:05:50.715+0000] {processor.py:153} INFO - Started process (PID=500) to work on /home/airflow/.local/lib/python3.7/site-packages/airflow/example_dags/example_skip_dag.py
[2023-04-08T12:05:50.716+0000] {processor.py:743} INFO - Processing file /home/airflow/.local/lib/python3.7/site-packages/airflow/example_dags/example_skip_dag.py for tasks to queue
[2023-04-08T12:05:50.717+0000] {logging_mixin.py:137} INFO - [2023-04-08T12:05:50.716+0000] {dagbag.py:532} INFO - Filling up the DagBag from /home/airflow/.local/lib/python3.7/site-packages/airflow/example_dags/example_skip_dag.py
[2023-04-08T12:05:50.736+0000] {processor.py:753} INFO - DAG(s) dict_keys(['example_skip_dag']) retrieved from /home/airflow/.local/lib/python3.7/site-packages/airflow/example_dags/example_skip_dag.py
[2023-04-08T12:05:50.774+0000] {logging_mixin.py:137} INFO - [2023-04-08T12:05:50.773+0000] {dag.py:2705} INFO - Sync 1 DAGs
[2023-04-08T12:05:50.814+0000] {logging_mixin.py:137} INFO - [2023-04-08T12:05:50.814+0000] {dag.py:3456} INFO - Setting next_dagrun for example_skip_dag to 2023-04-07T12:05:50.814184+00:00, run_after=2023-04-08T12:05:50.814184+00:00
[2023-04-08T12:05:50.839+0000] {processor.py:175} INFO - Processing /home/airflow/.local/lib/python3.7/site-packages/airflow/example_dags/example_skip_dag.py took 0.129 seconds
[2023-04-08T12:06:22.031+0000] {processor.py:153} INFO - Started process (PID=550) to work on /home/airflow/.local/lib/python3.7/site-packages/airflow/example_dags/example_skip_dag.py
[2023-04-08T12:06:22.032+0000] {processor.py:743} INFO - Processing file /home/airflow/.local/lib/python3.7/site-packages/airflow/example_dags/example_skip_dag.py for tasks to queue
[2023-04-08T12:06:22.033+0000] {logging_mixin.py:137} INFO - [2023-04-08T12:06:22.033+0000] {dagbag.py:532} INFO - Filling up the DagBag from /home/airflow/.local/lib/python3.7/site-packages/airflow/example_dags/example_skip_dag.py
[2023-04-08T12:06:22.052+0000] {processor.py:753} INFO - DAG(s) dict_keys(['example_skip_dag']) retrieved from /home/airflow/.local/lib/python3.7/site-packages/airflow/example_dags/example_skip_dag.py
[2023-04-08T12:06:22.138+0000] {logging_mixin.py:137} INFO - [2023-04-08T12:06:22.137+0000] {dag.py:2705} INFO - Sync 1 DAGs
[2023-04-08T12:06:22.214+0000] {logging_mixin.py:137} INFO - [2023-04-08T12:06:22.214+0000] {dag.py:3456} INFO - Setting next_dagrun for example_skip_dag to 2023-04-07T12:06:22.214139+00:00, run_after=2023-04-08T12:06:22.214139+00:00
[2023-04-08T12:06:22.285+0000] {processor.py:175} INFO - Processing /home/airflow/.local/lib/python3.7/site-packages/airflow/example_dags/example_skip_dag.py took 0.258 seconds
[2023-04-08T12:06:53.213+0000] {processor.py:153} INFO - Started process (PID=600) to work on /home/airflow/.local/lib/python3.7/site-packages/airflow/example_dags/example_skip_dag.py
[2023-04-08T12:06:53.221+0000] {processor.py:743} INFO - Processing file /home/airflow/.local/lib/python3.7/site-packages/airflow/example_dags/example_skip_dag.py for tasks to queue
[2023-04-08T12:06:53.222+0000] {logging_mixin.py:137} INFO - [2023-04-08T12:06:53.222+0000] {dagbag.py:532} INFO - Filling up the DagBag from /home/airflow/.local/lib/python3.7/site-packages/airflow/example_dags/example_skip_dag.py
[2023-04-08T12:06:53.259+0000] {processor.py:753} INFO - DAG(s) dict_keys(['example_skip_dag']) retrieved from /home/airflow/.local/lib/python3.7/site-packages/airflow/example_dags/example_skip_dag.py
[2023-04-08T12:06:53.344+0000] {logging_mixin.py:137} INFO - [2023-04-08T12:06:53.344+0000] {dag.py:2705} INFO - Sync 1 DAGs
[2023-04-08T12:06:53.418+0000] {logging_mixin.py:137} INFO - [2023-04-08T12:06:53.418+0000] {dag.py:3456} INFO - Setting next_dagrun for example_skip_dag to 2023-04-07T12:06:53.417777+00:00, run_after=2023-04-08T12:06:53.417777+00:00
[2023-04-08T12:06:53.482+0000] {processor.py:175} INFO - Processing /home/airflow/.local/lib/python3.7/site-packages/airflow/example_dags/example_skip_dag.py took 0.274 seconds
[2023-04-08T12:07:24.354+0000] {processor.py:153} INFO - Started process (PID=649) to work on /home/airflow/.local/lib/python3.7/site-packages/airflow/example_dags/example_skip_dag.py
[2023-04-08T12:07:24.355+0000] {processor.py:743} INFO - Processing file /home/airflow/.local/lib/python3.7/site-packages/airflow/example_dags/example_skip_dag.py for tasks to queue
[2023-04-08T12:07:24.356+0000] {logging_mixin.py:137} INFO - [2023-04-08T12:07:24.356+0000] {dagbag.py:532} INFO - Filling up the DagBag from /home/airflow/.local/lib/python3.7/site-packages/airflow/example_dags/example_skip_dag.py
[2023-04-08T12:07:24.375+0000] {processor.py:753} INFO - DAG(s) dict_keys(['example_skip_dag']) retrieved from /home/airflow/.local/lib/python3.7/site-packages/airflow/example_dags/example_skip_dag.py
[2023-04-08T12:07:24.412+0000] {logging_mixin.py:137} INFO - [2023-04-08T12:07:24.412+0000] {dag.py:2705} INFO - Sync 1 DAGs
[2023-04-08T12:07:24.451+0000] {logging_mixin.py:137} INFO - [2023-04-08T12:07:24.451+0000] {dag.py:3456} INFO - Setting next_dagrun for example_skip_dag to 2023-04-07T12:07:24.451065+00:00, run_after=2023-04-08T12:07:24.451065+00:00
[2023-04-08T12:07:24.477+0000] {processor.py:175} INFO - Processing /home/airflow/.local/lib/python3.7/site-packages/airflow/example_dags/example_skip_dag.py took 0.128 seconds
[2023-04-08T12:07:54.905+0000] {processor.py:153} INFO - Started process (PID=699) to work on /home/airflow/.local/lib/python3.7/site-packages/airflow/example_dags/example_skip_dag.py
[2023-04-08T12:07:54.906+0000] {processor.py:743} INFO - Processing file /home/airflow/.local/lib/python3.7/site-packages/airflow/example_dags/example_skip_dag.py for tasks to queue
[2023-04-08T12:07:54.907+0000] {logging_mixin.py:137} INFO - [2023-04-08T12:07:54.907+0000] {dagbag.py:532} INFO - Filling up the DagBag from /home/airflow/.local/lib/python3.7/site-packages/airflow/example_dags/example_skip_dag.py
[2023-04-08T12:07:54.927+0000] {processor.py:753} INFO - DAG(s) dict_keys(['example_skip_dag']) retrieved from /home/airflow/.local/lib/python3.7/site-packages/airflow/example_dags/example_skip_dag.py
[2023-04-08T12:07:54.963+0000] {logging_mixin.py:137} INFO - [2023-04-08T12:07:54.962+0000] {dag.py:2705} INFO - Sync 1 DAGs
[2023-04-08T12:07:55.002+0000] {logging_mixin.py:137} INFO - [2023-04-08T12:07:55.002+0000] {dag.py:3456} INFO - Setting next_dagrun for example_skip_dag to 2023-04-07T12:07:55.002176+00:00, run_after=2023-04-08T12:07:55.002176+00:00
[2023-04-08T12:07:55.026+0000] {processor.py:175} INFO - Processing /home/airflow/.local/lib/python3.7/site-packages/airflow/example_dags/example_skip_dag.py took 0.125 seconds
[2023-04-08T12:08:25.332+0000] {processor.py:153} INFO - Started process (PID=749) to work on /home/airflow/.local/lib/python3.7/site-packages/airflow/example_dags/example_skip_dag.py
[2023-04-08T12:08:25.333+0000] {processor.py:743} INFO - Processing file /home/airflow/.local/lib/python3.7/site-packages/airflow/example_dags/example_skip_dag.py for tasks to queue
[2023-04-08T12:08:25.334+0000] {logging_mixin.py:137} INFO - [2023-04-08T12:08:25.334+0000] {dagbag.py:532} INFO - Filling up the DagBag from /home/airflow/.local/lib/python3.7/site-packages/airflow/example_dags/example_skip_dag.py
[2023-04-08T12:08:25.354+0000] {processor.py:753} INFO - DAG(s) dict_keys(['example_skip_dag']) retrieved from /home/airflow/.local/lib/python3.7/site-packages/airflow/example_dags/example_skip_dag.py
[2023-04-08T12:08:25.389+0000] {logging_mixin.py:137} INFO - [2023-04-08T12:08:25.389+0000] {dag.py:2705} INFO - Sync 1 DAGs
[2023-04-08T12:08:25.430+0000] {logging_mixin.py:137} INFO - [2023-04-08T12:08:25.429+0000] {dag.py:3456} INFO - Setting next_dagrun for example_skip_dag to 2023-04-07T12:08:25.429632+00:00, run_after=2023-04-08T12:08:25.429632+00:00
[2023-04-08T12:08:25.453+0000] {processor.py:175} INFO - Processing /home/airflow/.local/lib/python3.7/site-packages/airflow/example_dags/example_skip_dag.py took 0.124 seconds
[2023-04-08T12:08:56.010+0000] {processor.py:153} INFO - Started process (PID=800) to work on /home/airflow/.local/lib/python3.7/site-packages/airflow/example_dags/example_skip_dag.py
[2023-04-08T12:08:56.012+0000] {processor.py:743} INFO - Processing file /home/airflow/.local/lib/python3.7/site-packages/airflow/example_dags/example_skip_dag.py for tasks to queue
[2023-04-08T12:08:56.013+0000] {logging_mixin.py:137} INFO - [2023-04-08T12:08:56.013+0000] {dagbag.py:532} INFO - Filling up the DagBag from /home/airflow/.local/lib/python3.7/site-packages/airflow/example_dags/example_skip_dag.py
[2023-04-08T12:08:56.033+0000] {processor.py:753} INFO - DAG(s) dict_keys(['example_skip_dag']) retrieved from /home/airflow/.local/lib/python3.7/site-packages/airflow/example_dags/example_skip_dag.py
[2023-04-08T12:08:56.070+0000] {logging_mixin.py:137} INFO - [2023-04-08T12:08:56.070+0000] {dag.py:2705} INFO - Sync 1 DAGs
[2023-04-08T12:08:56.110+0000] {logging_mixin.py:137} INFO - [2023-04-08T12:08:56.110+0000] {dag.py:3456} INFO - Setting next_dagrun for example_skip_dag to 2023-04-07T12:08:56.109698+00:00, run_after=2023-04-08T12:08:56.109698+00:00
[2023-04-08T12:08:56.135+0000] {processor.py:175} INFO - Processing /home/airflow/.local/lib/python3.7/site-packages/airflow/example_dags/example_skip_dag.py took 0.129 seconds
[2023-04-08T12:09:26.390+0000] {processor.py:153} INFO - Started process (PID=849) to work on /home/airflow/.local/lib/python3.7/site-packages/airflow/example_dags/example_skip_dag.py
[2023-04-08T12:09:26.392+0000] {processor.py:743} INFO - Processing file /home/airflow/.local/lib/python3.7/site-packages/airflow/example_dags/example_skip_dag.py for tasks to queue
[2023-04-08T12:09:26.393+0000] {logging_mixin.py:137} INFO - [2023-04-08T12:09:26.393+0000] {dagbag.py:532} INFO - Filling up the DagBag from /home/airflow/.local/lib/python3.7/site-packages/airflow/example_dags/example_skip_dag.py
[2023-04-08T12:09:26.412+0000] {processor.py:753} INFO - DAG(s) dict_keys(['example_skip_dag']) retrieved from /home/airflow/.local/lib/python3.7/site-packages/airflow/example_dags/example_skip_dag.py
[2023-04-08T12:09:26.460+0000] {logging_mixin.py:137} INFO - [2023-04-08T12:09:26.460+0000] {dag.py:2705} INFO - Sync 1 DAGs
[2023-04-08T12:09:26.499+0000] {logging_mixin.py:137} INFO - [2023-04-08T12:09:26.499+0000] {dag.py:3456} INFO - Setting next_dagrun for example_skip_dag to 2023-04-07T12:09:26.498972+00:00, run_after=2023-04-08T12:09:26.498972+00:00
[2023-04-08T12:09:26.546+0000] {processor.py:175} INFO - Processing /home/airflow/.local/lib/python3.7/site-packages/airflow/example_dags/example_skip_dag.py took 0.161 seconds
[2023-04-08T12:09:56.926+0000] {processor.py:153} INFO - Started process (PID=899) to work on /home/airflow/.local/lib/python3.7/site-packages/airflow/example_dags/example_skip_dag.py
[2023-04-08T12:09:56.929+0000] {processor.py:743} INFO - Processing file /home/airflow/.local/lib/python3.7/site-packages/airflow/example_dags/example_skip_dag.py for tasks to queue
[2023-04-08T12:09:56.929+0000] {logging_mixin.py:137} INFO - [2023-04-08T12:09:56.929+0000] {dagbag.py:532} INFO - Filling up the DagBag from /home/airflow/.local/lib/python3.7/site-packages/airflow/example_dags/example_skip_dag.py
[2023-04-08T12:09:56.949+0000] {processor.py:753} INFO - DAG(s) dict_keys(['example_skip_dag']) retrieved from /home/airflow/.local/lib/python3.7/site-packages/airflow/example_dags/example_skip_dag.py
[2023-04-08T12:09:56.984+0000] {logging_mixin.py:137} INFO - [2023-04-08T12:09:56.984+0000] {dag.py:2705} INFO - Sync 1 DAGs
[2023-04-08T12:09:57.023+0000] {logging_mixin.py:137} INFO - [2023-04-08T12:09:57.023+0000] {dag.py:3456} INFO - Setting next_dagrun for example_skip_dag to 2023-04-07T12:09:57.023106+00:00, run_after=2023-04-08T12:09:57.023106+00:00
[2023-04-08T12:09:57.046+0000] {processor.py:175} INFO - Processing /home/airflow/.local/lib/python3.7/site-packages/airflow/example_dags/example_skip_dag.py took 0.124 seconds
[2023-04-08T12:10:27.405+0000] {processor.py:153} INFO - Started process (PID=948) to work on /home/airflow/.local/lib/python3.7/site-packages/airflow/example_dags/example_skip_dag.py
[2023-04-08T12:10:27.405+0000] {processor.py:743} INFO - Processing file /home/airflow/.local/lib/python3.7/site-packages/airflow/example_dags/example_skip_dag.py for tasks to queue
[2023-04-08T12:10:27.406+0000] {logging_mixin.py:137} INFO - [2023-04-08T12:10:27.406+0000] {dagbag.py:532} INFO - Filling up the DagBag from /home/airflow/.local/lib/python3.7/site-packages/airflow/example_dags/example_skip_dag.py
[2023-04-08T12:10:27.425+0000] {processor.py:753} INFO - DAG(s) dict_keys(['example_skip_dag']) retrieved from /home/airflow/.local/lib/python3.7/site-packages/airflow/example_dags/example_skip_dag.py
[2023-04-08T12:10:27.460+0000] {logging_mixin.py:137} INFO - [2023-04-08T12:10:27.459+0000] {dag.py:2705} INFO - Sync 1 DAGs
[2023-04-08T12:10:27.498+0000] {logging_mixin.py:137} INFO - [2023-04-08T12:10:27.497+0000] {dag.py:3456} INFO - Setting next_dagrun for example_skip_dag to 2023-04-07T12:10:27.497551+00:00, run_after=2023-04-08T12:10:27.497551+00:00
[2023-04-08T12:10:27.521+0000] {processor.py:175} INFO - Processing /home/airflow/.local/lib/python3.7/site-packages/airflow/example_dags/example_skip_dag.py took 0.120 seconds
