[2023-04-08T12:01:24.153+0000] {processor.py:153} INFO - Started process (PID=64) to work on /home/airflow/.local/lib/python3.7/site-packages/airflow/example_dags/tutorial_dag.py
[2023-04-08T12:01:24.154+0000] {processor.py:743} INFO - Processing file /home/airflow/.local/lib/python3.7/site-packages/airflow/example_dags/tutorial_dag.py for tasks to queue
[2023-04-08T12:01:24.155+0000] {logging_mixin.py:137} INFO - [2023-04-08T12:01:24.155+0000] {dagbag.py:532} INFO - Filling up the DagBag from /home/airflow/.local/lib/python3.7/site-packages/airflow/example_dags/tutorial_dag.py
[2023-04-08T12:01:24.235+0000] {processor.py:753} INFO - DAG(s) dict_keys(['tutorial_dag']) retrieved from /home/airflow/.local/lib/python3.7/site-packages/airflow/example_dags/tutorial_dag.py
[2023-04-08T12:01:24.642+0000] {logging_mixin.py:137} INFO - [2023-04-08T12:01:24.642+0000] {manager.py:504} INFO - Created Permission View: can delete on DAG:tutorial_dag
[2023-04-08T12:01:24.656+0000] {logging_mixin.py:137} INFO - [2023-04-08T12:01:24.655+0000] {manager.py:504} INFO - Created Permission View: can edit on DAG:tutorial_dag
[2023-04-08T12:01:24.670+0000] {logging_mixin.py:137} INFO - [2023-04-08T12:01:24.670+0000] {manager.py:504} INFO - Created Permission View: can read on DAG:tutorial_dag
[2023-04-08T12:01:24.670+0000] {logging_mixin.py:137} INFO - [2023-04-08T12:01:24.670+0000] {dag.py:2705} INFO - Sync 1 DAGs
[2023-04-08T12:01:24.729+0000] {logging_mixin.py:137} INFO - [2023-04-08T12:01:24.729+0000] {dag.py:2726} INFO - Creating ORM DAG for tutorial_dag
[2023-04-08T12:01:24.763+0000] {logging_mixin.py:137} INFO - [2023-04-08T12:01:24.763+0000] {dag.py:3456} INFO - Setting next_dagrun for tutorial_dag to None, run_after=None
[2023-04-08T12:01:24.801+0000] {processor.py:175} INFO - Processing /home/airflow/.local/lib/python3.7/site-packages/airflow/example_dags/tutorial_dag.py took 0.660 seconds
[2023-04-08T12:01:55.153+0000] {processor.py:153} INFO - Started process (PID=114) to work on /home/airflow/.local/lib/python3.7/site-packages/airflow/example_dags/tutorial_dag.py
[2023-04-08T12:01:55.153+0000] {processor.py:743} INFO - Processing file /home/airflow/.local/lib/python3.7/site-packages/airflow/example_dags/tutorial_dag.py for tasks to queue
[2023-04-08T12:01:55.154+0000] {logging_mixin.py:137} INFO - [2023-04-08T12:01:55.154+0000] {dagbag.py:532} INFO - Filling up the DagBag from /home/airflow/.local/lib/python3.7/site-packages/airflow/example_dags/tutorial_dag.py
[2023-04-08T12:01:55.167+0000] {processor.py:753} INFO - DAG(s) dict_keys(['tutorial_dag']) retrieved from /home/airflow/.local/lib/python3.7/site-packages/airflow/example_dags/tutorial_dag.py
[2023-04-08T12:01:55.200+0000] {logging_mixin.py:137} INFO - [2023-04-08T12:01:55.200+0000] {dag.py:2705} INFO - Sync 1 DAGs
[2023-04-08T12:01:55.227+0000] {logging_mixin.py:137} INFO - [2023-04-08T12:01:55.227+0000] {dag.py:3456} INFO - Setting next_dagrun for tutorial_dag to None, run_after=None
[2023-04-08T12:01:55.244+0000] {processor.py:175} INFO - Processing /home/airflow/.local/lib/python3.7/site-packages/airflow/example_dags/tutorial_dag.py took 0.094 seconds
[2023-04-08T12:02:26.085+0000] {processor.py:153} INFO - Started process (PID=163) to work on /home/airflow/.local/lib/python3.7/site-packages/airflow/example_dags/tutorial_dag.py
[2023-04-08T12:02:26.086+0000] {processor.py:743} INFO - Processing file /home/airflow/.local/lib/python3.7/site-packages/airflow/example_dags/tutorial_dag.py for tasks to queue
[2023-04-08T12:02:26.086+0000] {logging_mixin.py:137} INFO - [2023-04-08T12:02:26.086+0000] {dagbag.py:532} INFO - Filling up the DagBag from /home/airflow/.local/lib/python3.7/site-packages/airflow/example_dags/tutorial_dag.py
[2023-04-08T12:02:26.098+0000] {processor.py:753} INFO - DAG(s) dict_keys(['tutorial_dag']) retrieved from /home/airflow/.local/lib/python3.7/site-packages/airflow/example_dags/tutorial_dag.py
[2023-04-08T12:02:26.128+0000] {logging_mixin.py:137} INFO - [2023-04-08T12:02:26.128+0000] {dag.py:2705} INFO - Sync 1 DAGs
[2023-04-08T12:02:26.159+0000] {logging_mixin.py:137} INFO - [2023-04-08T12:02:26.159+0000] {dag.py:3456} INFO - Setting next_dagrun for tutorial_dag to None, run_after=None
[2023-04-08T12:02:26.177+0000] {processor.py:175} INFO - Processing /home/airflow/.local/lib/python3.7/site-packages/airflow/example_dags/tutorial_dag.py took 0.095 seconds
[2023-04-08T12:02:57.188+0000] {processor.py:153} INFO - Started process (PID=213) to work on /home/airflow/.local/lib/python3.7/site-packages/airflow/example_dags/tutorial_dag.py
[2023-04-08T12:02:57.188+0000] {processor.py:743} INFO - Processing file /home/airflow/.local/lib/python3.7/site-packages/airflow/example_dags/tutorial_dag.py for tasks to queue
[2023-04-08T12:02:57.189+0000] {logging_mixin.py:137} INFO - [2023-04-08T12:02:57.189+0000] {dagbag.py:532} INFO - Filling up the DagBag from /home/airflow/.local/lib/python3.7/site-packages/airflow/example_dags/tutorial_dag.py
[2023-04-08T12:02:57.207+0000] {processor.py:753} INFO - DAG(s) dict_keys(['tutorial_dag']) retrieved from /home/airflow/.local/lib/python3.7/site-packages/airflow/example_dags/tutorial_dag.py
[2023-04-08T12:02:57.247+0000] {logging_mixin.py:137} INFO - [2023-04-08T12:02:57.247+0000] {dag.py:2705} INFO - Sync 1 DAGs
[2023-04-08T12:02:57.291+0000] {logging_mixin.py:137} INFO - [2023-04-08T12:02:57.291+0000] {dag.py:3456} INFO - Setting next_dagrun for tutorial_dag to None, run_after=None
[2023-04-08T12:02:57.318+0000] {processor.py:175} INFO - Processing /home/airflow/.local/lib/python3.7/site-packages/airflow/example_dags/tutorial_dag.py took 0.135 seconds
[2023-04-08T12:03:28.192+0000] {processor.py:153} INFO - Started process (PID=263) to work on /home/airflow/.local/lib/python3.7/site-packages/airflow/example_dags/tutorial_dag.py
[2023-04-08T12:03:28.200+0000] {processor.py:743} INFO - Processing file /home/airflow/.local/lib/python3.7/site-packages/airflow/example_dags/tutorial_dag.py for tasks to queue
[2023-04-08T12:03:28.200+0000] {logging_mixin.py:137} INFO - [2023-04-08T12:03:28.200+0000] {dagbag.py:532} INFO - Filling up the DagBag from /home/airflow/.local/lib/python3.7/site-packages/airflow/example_dags/tutorial_dag.py
[2023-04-08T12:03:28.242+0000] {processor.py:753} INFO - DAG(s) dict_keys(['tutorial_dag']) retrieved from /home/airflow/.local/lib/python3.7/site-packages/airflow/example_dags/tutorial_dag.py
[2023-04-08T12:03:28.350+0000] {logging_mixin.py:137} INFO - [2023-04-08T12:03:28.349+0000] {dag.py:2705} INFO - Sync 1 DAGs
[2023-04-08T12:03:28.458+0000] {logging_mixin.py:137} INFO - [2023-04-08T12:03:28.458+0000] {dag.py:3456} INFO - Setting next_dagrun for tutorial_dag to None, run_after=None
[2023-04-08T12:03:28.536+0000] {processor.py:175} INFO - Processing /home/airflow/.local/lib/python3.7/site-packages/airflow/example_dags/tutorial_dag.py took 0.367 seconds
[2023-04-08T12:03:59.369+0000] {processor.py:153} INFO - Started process (PID=313) to work on /home/airflow/.local/lib/python3.7/site-packages/airflow/example_dags/tutorial_dag.py
[2023-04-08T12:03:59.370+0000] {processor.py:743} INFO - Processing file /home/airflow/.local/lib/python3.7/site-packages/airflow/example_dags/tutorial_dag.py for tasks to queue
[2023-04-08T12:03:59.371+0000] {logging_mixin.py:137} INFO - [2023-04-08T12:03:59.371+0000] {dagbag.py:532} INFO - Filling up the DagBag from /home/airflow/.local/lib/python3.7/site-packages/airflow/example_dags/tutorial_dag.py
[2023-04-08T12:03:59.388+0000] {processor.py:753} INFO - DAG(s) dict_keys(['tutorial_dag']) retrieved from /home/airflow/.local/lib/python3.7/site-packages/airflow/example_dags/tutorial_dag.py
[2023-04-08T12:03:59.423+0000] {logging_mixin.py:137} INFO - [2023-04-08T12:03:59.423+0000] {dag.py:2705} INFO - Sync 1 DAGs
[2023-04-08T12:03:59.467+0000] {logging_mixin.py:137} INFO - [2023-04-08T12:03:59.466+0000] {dag.py:3456} INFO - Setting next_dagrun for tutorial_dag to None, run_after=None
[2023-04-08T12:03:59.491+0000] {processor.py:175} INFO - Processing /home/airflow/.local/lib/python3.7/site-packages/airflow/example_dags/tutorial_dag.py took 0.127 seconds
[2023-04-08T12:04:29.738+0000] {processor.py:153} INFO - Started process (PID=364) to work on /home/airflow/.local/lib/python3.7/site-packages/airflow/example_dags/tutorial_dag.py
[2023-04-08T12:04:29.739+0000] {processor.py:743} INFO - Processing file /home/airflow/.local/lib/python3.7/site-packages/airflow/example_dags/tutorial_dag.py for tasks to queue
[2023-04-08T12:04:29.740+0000] {logging_mixin.py:137} INFO - [2023-04-08T12:04:29.740+0000] {dagbag.py:532} INFO - Filling up the DagBag from /home/airflow/.local/lib/python3.7/site-packages/airflow/example_dags/tutorial_dag.py
[2023-04-08T12:04:29.773+0000] {processor.py:753} INFO - DAG(s) dict_keys(['tutorial_dag']) retrieved from /home/airflow/.local/lib/python3.7/site-packages/airflow/example_dags/tutorial_dag.py
[2023-04-08T12:04:29.809+0000] {logging_mixin.py:137} INFO - [2023-04-08T12:04:29.808+0000] {dag.py:2705} INFO - Sync 1 DAGs
[2023-04-08T12:04:29.848+0000] {logging_mixin.py:137} INFO - [2023-04-08T12:04:29.848+0000] {dag.py:3456} INFO - Setting next_dagrun for tutorial_dag to None, run_after=None
[2023-04-08T12:04:29.873+0000] {processor.py:175} INFO - Processing /home/airflow/.local/lib/python3.7/site-packages/airflow/example_dags/tutorial_dag.py took 0.148 seconds
[2023-04-08T12:05:00.117+0000] {processor.py:153} INFO - Started process (PID=414) to work on /home/airflow/.local/lib/python3.7/site-packages/airflow/example_dags/tutorial_dag.py
[2023-04-08T12:05:00.118+0000] {processor.py:743} INFO - Processing file /home/airflow/.local/lib/python3.7/site-packages/airflow/example_dags/tutorial_dag.py for tasks to queue
[2023-04-08T12:05:00.119+0000] {logging_mixin.py:137} INFO - [2023-04-08T12:05:00.118+0000] {dagbag.py:532} INFO - Filling up the DagBag from /home/airflow/.local/lib/python3.7/site-packages/airflow/example_dags/tutorial_dag.py
[2023-04-08T12:05:00.142+0000] {processor.py:753} INFO - DAG(s) dict_keys(['tutorial_dag']) retrieved from /home/airflow/.local/lib/python3.7/site-packages/airflow/example_dags/tutorial_dag.py
[2023-04-08T12:05:00.177+0000] {logging_mixin.py:137} INFO - [2023-04-08T12:05:00.177+0000] {dag.py:2705} INFO - Sync 1 DAGs
[2023-04-08T12:05:00.215+0000] {logging_mixin.py:137} INFO - [2023-04-08T12:05:00.215+0000] {dag.py:3456} INFO - Setting next_dagrun for tutorial_dag to None, run_after=None
[2023-04-08T12:05:00.238+0000] {processor.py:175} INFO - Processing /home/airflow/.local/lib/python3.7/site-packages/airflow/example_dags/tutorial_dag.py took 0.125 seconds
[2023-04-08T12:05:30.428+0000] {processor.py:153} INFO - Started process (PID=465) to work on /home/airflow/.local/lib/python3.7/site-packages/airflow/example_dags/tutorial_dag.py
[2023-04-08T12:05:30.429+0000] {processor.py:743} INFO - Processing file /home/airflow/.local/lib/python3.7/site-packages/airflow/example_dags/tutorial_dag.py for tasks to queue
[2023-04-08T12:05:30.430+0000] {logging_mixin.py:137} INFO - [2023-04-08T12:05:30.430+0000] {dagbag.py:532} INFO - Filling up the DagBag from /home/airflow/.local/lib/python3.7/site-packages/airflow/example_dags/tutorial_dag.py
[2023-04-08T12:05:30.447+0000] {processor.py:753} INFO - DAG(s) dict_keys(['tutorial_dag']) retrieved from /home/airflow/.local/lib/python3.7/site-packages/airflow/example_dags/tutorial_dag.py
[2023-04-08T12:05:30.482+0000] {logging_mixin.py:137} INFO - [2023-04-08T12:05:30.482+0000] {dag.py:2705} INFO - Sync 1 DAGs
[2023-04-08T12:05:30.520+0000] {logging_mixin.py:137} INFO - [2023-04-08T12:05:30.520+0000] {dag.py:3456} INFO - Setting next_dagrun for tutorial_dag to None, run_after=None
[2023-04-08T12:05:30.546+0000] {processor.py:175} INFO - Processing /home/airflow/.local/lib/python3.7/site-packages/airflow/example_dags/tutorial_dag.py took 0.122 seconds
[2023-04-08T12:06:00.631+0000] {processor.py:153} INFO - Started process (PID=515) to work on /home/airflow/.local/lib/python3.7/site-packages/airflow/example_dags/tutorial_dag.py
[2023-04-08T12:06:00.632+0000] {processor.py:743} INFO - Processing file /home/airflow/.local/lib/python3.7/site-packages/airflow/example_dags/tutorial_dag.py for tasks to queue
[2023-04-08T12:06:00.633+0000] {logging_mixin.py:137} INFO - [2023-04-08T12:06:00.632+0000] {dagbag.py:532} INFO - Filling up the DagBag from /home/airflow/.local/lib/python3.7/site-packages/airflow/example_dags/tutorial_dag.py
[2023-04-08T12:06:00.650+0000] {processor.py:753} INFO - DAG(s) dict_keys(['tutorial_dag']) retrieved from /home/airflow/.local/lib/python3.7/site-packages/airflow/example_dags/tutorial_dag.py
[2023-04-08T12:06:00.685+0000] {logging_mixin.py:137} INFO - [2023-04-08T12:06:00.685+0000] {dag.py:2705} INFO - Sync 1 DAGs
[2023-04-08T12:06:00.725+0000] {logging_mixin.py:137} INFO - [2023-04-08T12:06:00.724+0000] {dag.py:3456} INFO - Setting next_dagrun for tutorial_dag to None, run_after=None
[2023-04-08T12:06:00.748+0000] {processor.py:175} INFO - Processing /home/airflow/.local/lib/python3.7/site-packages/airflow/example_dags/tutorial_dag.py took 0.121 seconds
[2023-04-08T12:06:31.034+0000] {processor.py:153} INFO - Started process (PID=565) to work on /home/airflow/.local/lib/python3.7/site-packages/airflow/example_dags/tutorial_dag.py
[2023-04-08T12:06:31.035+0000] {processor.py:743} INFO - Processing file /home/airflow/.local/lib/python3.7/site-packages/airflow/example_dags/tutorial_dag.py for tasks to queue
[2023-04-08T12:06:31.036+0000] {logging_mixin.py:137} INFO - [2023-04-08T12:06:31.036+0000] {dagbag.py:532} INFO - Filling up the DagBag from /home/airflow/.local/lib/python3.7/site-packages/airflow/example_dags/tutorial_dag.py
[2023-04-08T12:06:31.053+0000] {processor.py:753} INFO - DAG(s) dict_keys(['tutorial_dag']) retrieved from /home/airflow/.local/lib/python3.7/site-packages/airflow/example_dags/tutorial_dag.py
[2023-04-08T12:06:31.091+0000] {logging_mixin.py:137} INFO - [2023-04-08T12:06:31.091+0000] {dag.py:2705} INFO - Sync 1 DAGs
[2023-04-08T12:06:31.130+0000] {logging_mixin.py:137} INFO - [2023-04-08T12:06:31.130+0000] {dag.py:3456} INFO - Setting next_dagrun for tutorial_dag to None, run_after=None
[2023-04-08T12:06:31.153+0000] {processor.py:175} INFO - Processing /home/airflow/.local/lib/python3.7/site-packages/airflow/example_dags/tutorial_dag.py took 0.124 seconds
[2023-04-08T12:07:01.236+0000] {processor.py:153} INFO - Started process (PID=615) to work on /home/airflow/.local/lib/python3.7/site-packages/airflow/example_dags/tutorial_dag.py
[2023-04-08T12:07:01.237+0000] {processor.py:743} INFO - Processing file /home/airflow/.local/lib/python3.7/site-packages/airflow/example_dags/tutorial_dag.py for tasks to queue
[2023-04-08T12:07:01.238+0000] {logging_mixin.py:137} INFO - [2023-04-08T12:07:01.238+0000] {dagbag.py:532} INFO - Filling up the DagBag from /home/airflow/.local/lib/python3.7/site-packages/airflow/example_dags/tutorial_dag.py
[2023-04-08T12:07:01.256+0000] {processor.py:753} INFO - DAG(s) dict_keys(['tutorial_dag']) retrieved from /home/airflow/.local/lib/python3.7/site-packages/airflow/example_dags/tutorial_dag.py
[2023-04-08T12:07:01.291+0000] {logging_mixin.py:137} INFO - [2023-04-08T12:07:01.291+0000] {dag.py:2705} INFO - Sync 1 DAGs
[2023-04-08T12:07:01.329+0000] {logging_mixin.py:137} INFO - [2023-04-08T12:07:01.329+0000] {dag.py:3456} INFO - Setting next_dagrun for tutorial_dag to None, run_after=None
[2023-04-08T12:07:01.353+0000] {processor.py:175} INFO - Processing /home/airflow/.local/lib/python3.7/site-packages/airflow/example_dags/tutorial_dag.py took 0.121 seconds
[2023-04-08T12:07:32.084+0000] {processor.py:153} INFO - Started process (PID=664) to work on /home/airflow/.local/lib/python3.7/site-packages/airflow/example_dags/tutorial_dag.py
[2023-04-08T12:07:32.085+0000] {processor.py:743} INFO - Processing file /home/airflow/.local/lib/python3.7/site-packages/airflow/example_dags/tutorial_dag.py for tasks to queue
[2023-04-08T12:07:32.086+0000] {logging_mixin.py:137} INFO - [2023-04-08T12:07:32.086+0000] {dagbag.py:532} INFO - Filling up the DagBag from /home/airflow/.local/lib/python3.7/site-packages/airflow/example_dags/tutorial_dag.py
[2023-04-08T12:07:32.104+0000] {processor.py:753} INFO - DAG(s) dict_keys(['tutorial_dag']) retrieved from /home/airflow/.local/lib/python3.7/site-packages/airflow/example_dags/tutorial_dag.py
[2023-04-08T12:07:32.140+0000] {logging_mixin.py:137} INFO - [2023-04-08T12:07:32.140+0000] {dag.py:2705} INFO - Sync 1 DAGs
[2023-04-08T12:07:32.179+0000] {logging_mixin.py:137} INFO - [2023-04-08T12:07:32.178+0000] {dag.py:3456} INFO - Setting next_dagrun for tutorial_dag to None, run_after=None
[2023-04-08T12:07:32.204+0000] {processor.py:175} INFO - Processing /home/airflow/.local/lib/python3.7/site-packages/airflow/example_dags/tutorial_dag.py took 0.124 seconds
[2023-04-08T12:08:02.507+0000] {processor.py:153} INFO - Started process (PID=714) to work on /home/airflow/.local/lib/python3.7/site-packages/airflow/example_dags/tutorial_dag.py
[2023-04-08T12:08:02.508+0000] {processor.py:743} INFO - Processing file /home/airflow/.local/lib/python3.7/site-packages/airflow/example_dags/tutorial_dag.py for tasks to queue
[2023-04-08T12:08:02.509+0000] {logging_mixin.py:137} INFO - [2023-04-08T12:08:02.509+0000] {dagbag.py:532} INFO - Filling up the DagBag from /home/airflow/.local/lib/python3.7/site-packages/airflow/example_dags/tutorial_dag.py
[2023-04-08T12:08:02.565+0000] {processor.py:753} INFO - DAG(s) dict_keys(['tutorial_dag']) retrieved from /home/airflow/.local/lib/python3.7/site-packages/airflow/example_dags/tutorial_dag.py
[2023-04-08T12:08:02.611+0000] {logging_mixin.py:137} INFO - [2023-04-08T12:08:02.610+0000] {dag.py:2705} INFO - Sync 1 DAGs
[2023-04-08T12:08:02.655+0000] {logging_mixin.py:137} INFO - [2023-04-08T12:08:02.655+0000] {dag.py:3456} INFO - Setting next_dagrun for tutorial_dag to None, run_after=None
[2023-04-08T12:08:02.688+0000] {processor.py:175} INFO - Processing /home/airflow/.local/lib/python3.7/site-packages/airflow/example_dags/tutorial_dag.py took 0.197 seconds
[2023-04-08T12:08:32.828+0000] {processor.py:153} INFO - Started process (PID=764) to work on /home/airflow/.local/lib/python3.7/site-packages/airflow/example_dags/tutorial_dag.py
[2023-04-08T12:08:32.837+0000] {processor.py:743} INFO - Processing file /home/airflow/.local/lib/python3.7/site-packages/airflow/example_dags/tutorial_dag.py for tasks to queue
[2023-04-08T12:08:32.838+0000] {logging_mixin.py:137} INFO - [2023-04-08T12:08:32.838+0000] {dagbag.py:532} INFO - Filling up the DagBag from /home/airflow/.local/lib/python3.7/site-packages/airflow/example_dags/tutorial_dag.py
[2023-04-08T12:08:32.870+0000] {processor.py:753} INFO - DAG(s) dict_keys(['tutorial_dag']) retrieved from /home/airflow/.local/lib/python3.7/site-packages/airflow/example_dags/tutorial_dag.py
[2023-04-08T12:08:32.937+0000] {logging_mixin.py:137} INFO - [2023-04-08T12:08:32.937+0000] {dag.py:2705} INFO - Sync 1 DAGs
[2023-04-08T12:08:33.012+0000] {logging_mixin.py:137} INFO - [2023-04-08T12:08:33.011+0000] {dag.py:3456} INFO - Setting next_dagrun for tutorial_dag to None, run_after=None
[2023-04-08T12:08:33.061+0000] {processor.py:175} INFO - Processing /home/airflow/.local/lib/python3.7/site-packages/airflow/example_dags/tutorial_dag.py took 0.237 seconds
[2023-04-08T12:09:03.431+0000] {processor.py:153} INFO - Started process (PID=815) to work on /home/airflow/.local/lib/python3.7/site-packages/airflow/example_dags/tutorial_dag.py
[2023-04-08T12:09:03.432+0000] {processor.py:743} INFO - Processing file /home/airflow/.local/lib/python3.7/site-packages/airflow/example_dags/tutorial_dag.py for tasks to queue
[2023-04-08T12:09:03.432+0000] {logging_mixin.py:137} INFO - [2023-04-08T12:09:03.432+0000] {dagbag.py:532} INFO - Filling up the DagBag from /home/airflow/.local/lib/python3.7/site-packages/airflow/example_dags/tutorial_dag.py
[2023-04-08T12:09:03.444+0000] {processor.py:753} INFO - DAG(s) dict_keys(['tutorial_dag']) retrieved from /home/airflow/.local/lib/python3.7/site-packages/airflow/example_dags/tutorial_dag.py
[2023-04-08T12:09:03.470+0000] {logging_mixin.py:137} INFO - [2023-04-08T12:09:03.470+0000] {dag.py:2705} INFO - Sync 1 DAGs
[2023-04-08T12:09:03.495+0000] {logging_mixin.py:137} INFO - [2023-04-08T12:09:03.494+0000] {dag.py:3456} INFO - Setting next_dagrun for tutorial_dag to None, run_after=None
[2023-04-08T12:09:03.511+0000] {processor.py:175} INFO - Processing /home/airflow/.local/lib/python3.7/site-packages/airflow/example_dags/tutorial_dag.py took 0.083 seconds
[2023-04-08T12:09:33.599+0000] {processor.py:153} INFO - Started process (PID=864) to work on /home/airflow/.local/lib/python3.7/site-packages/airflow/example_dags/tutorial_dag.py
[2023-04-08T12:09:33.600+0000] {processor.py:743} INFO - Processing file /home/airflow/.local/lib/python3.7/site-packages/airflow/example_dags/tutorial_dag.py for tasks to queue
[2023-04-08T12:09:33.601+0000] {logging_mixin.py:137} INFO - [2023-04-08T12:09:33.601+0000] {dagbag.py:532} INFO - Filling up the DagBag from /home/airflow/.local/lib/python3.7/site-packages/airflow/example_dags/tutorial_dag.py
[2023-04-08T12:09:33.618+0000] {processor.py:753} INFO - DAG(s) dict_keys(['tutorial_dag']) retrieved from /home/airflow/.local/lib/python3.7/site-packages/airflow/example_dags/tutorial_dag.py
[2023-04-08T12:09:33.653+0000] {logging_mixin.py:137} INFO - [2023-04-08T12:09:33.653+0000] {dag.py:2705} INFO - Sync 1 DAGs
[2023-04-08T12:09:33.691+0000] {logging_mixin.py:137} INFO - [2023-04-08T12:09:33.691+0000] {dag.py:3456} INFO - Setting next_dagrun for tutorial_dag to None, run_after=None
[2023-04-08T12:09:33.715+0000] {processor.py:175} INFO - Processing /home/airflow/.local/lib/python3.7/site-packages/airflow/example_dags/tutorial_dag.py took 0.120 seconds
[2023-04-08T12:10:04.308+0000] {processor.py:153} INFO - Started process (PID=914) to work on /home/airflow/.local/lib/python3.7/site-packages/airflow/example_dags/tutorial_dag.py
[2023-04-08T12:10:04.309+0000] {processor.py:743} INFO - Processing file /home/airflow/.local/lib/python3.7/site-packages/airflow/example_dags/tutorial_dag.py for tasks to queue
[2023-04-08T12:10:04.310+0000] {logging_mixin.py:137} INFO - [2023-04-08T12:10:04.310+0000] {dagbag.py:532} INFO - Filling up the DagBag from /home/airflow/.local/lib/python3.7/site-packages/airflow/example_dags/tutorial_dag.py
[2023-04-08T12:10:04.333+0000] {processor.py:753} INFO - DAG(s) dict_keys(['tutorial_dag']) retrieved from /home/airflow/.local/lib/python3.7/site-packages/airflow/example_dags/tutorial_dag.py
[2023-04-08T12:10:04.370+0000] {logging_mixin.py:137} INFO - [2023-04-08T12:10:04.370+0000] {dag.py:2705} INFO - Sync 1 DAGs
[2023-04-08T12:10:04.412+0000] {logging_mixin.py:137} INFO - [2023-04-08T12:10:04.412+0000] {dag.py:3456} INFO - Setting next_dagrun for tutorial_dag to None, run_after=None
[2023-04-08T12:10:04.439+0000] {processor.py:175} INFO - Processing /home/airflow/.local/lib/python3.7/site-packages/airflow/example_dags/tutorial_dag.py took 0.135 seconds
[2023-04-08T12:10:34.520+0000] {processor.py:153} INFO - Started process (PID=963) to work on /home/airflow/.local/lib/python3.7/site-packages/airflow/example_dags/tutorial_dag.py
[2023-04-08T12:10:34.521+0000] {processor.py:743} INFO - Processing file /home/airflow/.local/lib/python3.7/site-packages/airflow/example_dags/tutorial_dag.py for tasks to queue
[2023-04-08T12:10:34.522+0000] {logging_mixin.py:137} INFO - [2023-04-08T12:10:34.522+0000] {dagbag.py:532} INFO - Filling up the DagBag from /home/airflow/.local/lib/python3.7/site-packages/airflow/example_dags/tutorial_dag.py
[2023-04-08T12:10:34.539+0000] {processor.py:753} INFO - DAG(s) dict_keys(['tutorial_dag']) retrieved from /home/airflow/.local/lib/python3.7/site-packages/airflow/example_dags/tutorial_dag.py
[2023-04-08T12:10:34.575+0000] {logging_mixin.py:137} INFO - [2023-04-08T12:10:34.575+0000] {dag.py:2705} INFO - Sync 1 DAGs
[2023-04-08T12:10:34.619+0000] {logging_mixin.py:137} INFO - [2023-04-08T12:10:34.619+0000] {dag.py:3456} INFO - Setting next_dagrun for tutorial_dag to None, run_after=None
[2023-04-08T12:10:34.645+0000] {processor.py:175} INFO - Processing /home/airflow/.local/lib/python3.7/site-packages/airflow/example_dags/tutorial_dag.py took 0.130 seconds
