[2023-04-08T12:01:24.095+0000] {processor.py:153} INFO - Started process (PID=63) to work on /home/airflow/.local/lib/python3.7/site-packages/airflow/example_dags/tutorial.py
[2023-04-08T12:01:24.096+0000] {processor.py:743} INFO - Processing file /home/airflow/.local/lib/python3.7/site-packages/airflow/example_dags/tutorial.py for tasks to queue
[2023-04-08T12:01:24.097+0000] {logging_mixin.py:137} INFO - [2023-04-08T12:01:24.097+0000] {dagbag.py:532} INFO - Filling up the DagBag from /home/airflow/.local/lib/python3.7/site-packages/airflow/example_dags/tutorial.py
[2023-04-08T12:01:24.164+0000] {processor.py:753} INFO - DAG(s) dict_keys(['tutorial']) retrieved from /home/airflow/.local/lib/python3.7/site-packages/airflow/example_dags/tutorial.py
[2023-04-08T12:01:24.669+0000] {logging_mixin.py:137} INFO - [2023-04-08T12:01:24.669+0000] {manager.py:504} INFO - Created Permission View: can delete on DAG:tutorial
[2023-04-08T12:01:24.691+0000] {logging_mixin.py:137} INFO - [2023-04-08T12:01:24.691+0000] {manager.py:504} INFO - Created Permission View: can edit on DAG:tutorial
[2023-04-08T12:01:24.720+0000] {logging_mixin.py:137} INFO - [2023-04-08T12:01:24.720+0000] {manager.py:504} INFO - Created Permission View: can read on DAG:tutorial
[2023-04-08T12:01:24.720+0000] {logging_mixin.py:137} INFO - [2023-04-08T12:01:24.720+0000] {dag.py:2705} INFO - Sync 1 DAGs
[2023-04-08T12:01:24.780+0000] {logging_mixin.py:137} INFO - [2023-04-08T12:01:24.779+0000] {dag.py:2726} INFO - Creating ORM DAG for tutorial
[2023-04-08T12:01:24.806+0000] {logging_mixin.py:137} INFO - [2023-04-08T12:01:24.806+0000] {dag.py:3456} INFO - Setting next_dagrun for tutorial to 2023-04-07T12:01:24.805920+00:00, run_after=2023-04-08T12:01:24.805920+00:00
[2023-04-08T12:01:24.854+0000] {processor.py:175} INFO - Processing /home/airflow/.local/lib/python3.7/site-packages/airflow/example_dags/tutorial.py took 0.771 seconds
[2023-04-08T12:01:55.056+0000] {processor.py:153} INFO - Started process (PID=113) to work on /home/airflow/.local/lib/python3.7/site-packages/airflow/example_dags/tutorial.py
[2023-04-08T12:01:55.056+0000] {processor.py:743} INFO - Processing file /home/airflow/.local/lib/python3.7/site-packages/airflow/example_dags/tutorial.py for tasks to queue
[2023-04-08T12:01:55.057+0000] {logging_mixin.py:137} INFO - [2023-04-08T12:01:55.057+0000] {dagbag.py:532} INFO - Filling up the DagBag from /home/airflow/.local/lib/python3.7/site-packages/airflow/example_dags/tutorial.py
[2023-04-08T12:01:55.070+0000] {processor.py:753} INFO - DAG(s) dict_keys(['tutorial']) retrieved from /home/airflow/.local/lib/python3.7/site-packages/airflow/example_dags/tutorial.py
[2023-04-08T12:01:55.093+0000] {logging_mixin.py:137} INFO - [2023-04-08T12:01:55.093+0000] {dag.py:2705} INFO - Sync 1 DAGs
[2023-04-08T12:01:55.118+0000] {logging_mixin.py:137} INFO - [2023-04-08T12:01:55.118+0000] {dag.py:3456} INFO - Setting next_dagrun for tutorial to 2023-04-07T12:01:55.118487+00:00, run_after=2023-04-08T12:01:55.118487+00:00
[2023-04-08T12:01:55.135+0000] {processor.py:175} INFO - Processing /home/airflow/.local/lib/python3.7/site-packages/airflow/example_dags/tutorial.py took 0.082 seconds
[2023-04-08T12:02:25.988+0000] {processor.py:153} INFO - Started process (PID=162) to work on /home/airflow/.local/lib/python3.7/site-packages/airflow/example_dags/tutorial.py
[2023-04-08T12:02:25.989+0000] {processor.py:743} INFO - Processing file /home/airflow/.local/lib/python3.7/site-packages/airflow/example_dags/tutorial.py for tasks to queue
[2023-04-08T12:02:25.989+0000] {logging_mixin.py:137} INFO - [2023-04-08T12:02:25.989+0000] {dagbag.py:532} INFO - Filling up the DagBag from /home/airflow/.local/lib/python3.7/site-packages/airflow/example_dags/tutorial.py
[2023-04-08T12:02:26.002+0000] {processor.py:753} INFO - DAG(s) dict_keys(['tutorial']) retrieved from /home/airflow/.local/lib/python3.7/site-packages/airflow/example_dags/tutorial.py
[2023-04-08T12:02:26.026+0000] {logging_mixin.py:137} INFO - [2023-04-08T12:02:26.026+0000] {dag.py:2705} INFO - Sync 1 DAGs
[2023-04-08T12:02:26.051+0000] {logging_mixin.py:137} INFO - [2023-04-08T12:02:26.051+0000] {dag.py:3456} INFO - Setting next_dagrun for tutorial to 2023-04-07T12:02:26.050792+00:00, run_after=2023-04-08T12:02:26.050792+00:00
[2023-04-08T12:02:26.067+0000] {processor.py:175} INFO - Processing /home/airflow/.local/lib/python3.7/site-packages/airflow/example_dags/tutorial.py took 0.083 seconds
[2023-04-08T12:02:56.970+0000] {processor.py:153} INFO - Started process (PID=212) to work on /home/airflow/.local/lib/python3.7/site-packages/airflow/example_dags/tutorial.py
[2023-04-08T12:02:56.971+0000] {processor.py:743} INFO - Processing file /home/airflow/.local/lib/python3.7/site-packages/airflow/example_dags/tutorial.py for tasks to queue
[2023-04-08T12:02:56.971+0000] {logging_mixin.py:137} INFO - [2023-04-08T12:02:56.971+0000] {dagbag.py:532} INFO - Filling up the DagBag from /home/airflow/.local/lib/python3.7/site-packages/airflow/example_dags/tutorial.py
[2023-04-08T12:02:57.007+0000] {processor.py:753} INFO - DAG(s) dict_keys(['tutorial']) retrieved from /home/airflow/.local/lib/python3.7/site-packages/airflow/example_dags/tutorial.py
[2023-04-08T12:02:57.056+0000] {logging_mixin.py:137} INFO - [2023-04-08T12:02:57.055+0000] {dag.py:2705} INFO - Sync 1 DAGs
[2023-04-08T12:02:57.118+0000] {logging_mixin.py:137} INFO - [2023-04-08T12:02:57.118+0000] {dag.py:3456} INFO - Setting next_dagrun for tutorial to 2023-04-07T12:02:57.117965+00:00, run_after=2023-04-08T12:02:57.117965+00:00
[2023-04-08T12:02:57.157+0000] {processor.py:175} INFO - Processing /home/airflow/.local/lib/python3.7/site-packages/airflow/example_dags/tutorial.py took 0.191 seconds
[2023-04-08T12:03:28.174+0000] {processor.py:153} INFO - Started process (PID=262) to work on /home/airflow/.local/lib/python3.7/site-packages/airflow/example_dags/tutorial.py
[2023-04-08T12:03:28.180+0000] {processor.py:743} INFO - Processing file /home/airflow/.local/lib/python3.7/site-packages/airflow/example_dags/tutorial.py for tasks to queue
[2023-04-08T12:03:28.181+0000] {logging_mixin.py:137} INFO - [2023-04-08T12:03:28.181+0000] {dagbag.py:532} INFO - Filling up the DagBag from /home/airflow/.local/lib/python3.7/site-packages/airflow/example_dags/tutorial.py
[2023-04-08T12:03:28.236+0000] {processor.py:753} INFO - DAG(s) dict_keys(['tutorial']) retrieved from /home/airflow/.local/lib/python3.7/site-packages/airflow/example_dags/tutorial.py
[2023-04-08T12:03:28.341+0000] {logging_mixin.py:137} INFO - [2023-04-08T12:03:28.340+0000] {dag.py:2705} INFO - Sync 1 DAGs
[2023-04-08T12:03:28.455+0000] {logging_mixin.py:137} INFO - [2023-04-08T12:03:28.455+0000] {dag.py:3456} INFO - Setting next_dagrun for tutorial to 2023-04-07T12:03:28.454811+00:00, run_after=2023-04-08T12:03:28.454811+00:00
[2023-04-08T12:03:28.533+0000] {processor.py:175} INFO - Processing /home/airflow/.local/lib/python3.7/site-packages/airflow/example_dags/tutorial.py took 0.375 seconds
[2023-04-08T12:03:59.362+0000] {processor.py:153} INFO - Started process (PID=312) to work on /home/airflow/.local/lib/python3.7/site-packages/airflow/example_dags/tutorial.py
[2023-04-08T12:03:59.363+0000] {processor.py:743} INFO - Processing file /home/airflow/.local/lib/python3.7/site-packages/airflow/example_dags/tutorial.py for tasks to queue
[2023-04-08T12:03:59.364+0000] {logging_mixin.py:137} INFO - [2023-04-08T12:03:59.364+0000] {dagbag.py:532} INFO - Filling up the DagBag from /home/airflow/.local/lib/python3.7/site-packages/airflow/example_dags/tutorial.py
[2023-04-08T12:03:59.384+0000] {processor.py:753} INFO - DAG(s) dict_keys(['tutorial']) retrieved from /home/airflow/.local/lib/python3.7/site-packages/airflow/example_dags/tutorial.py
[2023-04-08T12:03:59.421+0000] {logging_mixin.py:137} INFO - [2023-04-08T12:03:59.421+0000] {dag.py:2705} INFO - Sync 1 DAGs
[2023-04-08T12:03:59.462+0000] {logging_mixin.py:137} INFO - [2023-04-08T12:03:59.462+0000] {dag.py:3456} INFO - Setting next_dagrun for tutorial to 2023-04-07T12:03:59.462004+00:00, run_after=2023-04-08T12:03:59.462004+00:00
[2023-04-08T12:03:59.486+0000] {processor.py:175} INFO - Processing /home/airflow/.local/lib/python3.7/site-packages/airflow/example_dags/tutorial.py took 0.129 seconds
[2023-04-08T12:04:29.719+0000] {processor.py:153} INFO - Started process (PID=363) to work on /home/airflow/.local/lib/python3.7/site-packages/airflow/example_dags/tutorial.py
[2023-04-08T12:04:29.730+0000] {processor.py:743} INFO - Processing file /home/airflow/.local/lib/python3.7/site-packages/airflow/example_dags/tutorial.py for tasks to queue
[2023-04-08T12:04:29.731+0000] {logging_mixin.py:137} INFO - [2023-04-08T12:04:29.731+0000] {dagbag.py:532} INFO - Filling up the DagBag from /home/airflow/.local/lib/python3.7/site-packages/airflow/example_dags/tutorial.py
[2023-04-08T12:04:29.769+0000] {processor.py:753} INFO - DAG(s) dict_keys(['tutorial']) retrieved from /home/airflow/.local/lib/python3.7/site-packages/airflow/example_dags/tutorial.py
[2023-04-08T12:04:29.809+0000] {logging_mixin.py:137} INFO - [2023-04-08T12:04:29.808+0000] {dag.py:2705} INFO - Sync 1 DAGs
[2023-04-08T12:04:29.850+0000] {logging_mixin.py:137} INFO - [2023-04-08T12:04:29.850+0000] {dag.py:3456} INFO - Setting next_dagrun for tutorial to 2023-04-07T12:04:29.849936+00:00, run_after=2023-04-08T12:04:29.849936+00:00
[2023-04-08T12:04:29.878+0000] {processor.py:175} INFO - Processing /home/airflow/.local/lib/python3.7/site-packages/airflow/example_dags/tutorial.py took 0.164 seconds
[2023-04-08T12:05:00.109+0000] {processor.py:153} INFO - Started process (PID=413) to work on /home/airflow/.local/lib/python3.7/site-packages/airflow/example_dags/tutorial.py
[2023-04-08T12:05:00.110+0000] {processor.py:743} INFO - Processing file /home/airflow/.local/lib/python3.7/site-packages/airflow/example_dags/tutorial.py for tasks to queue
[2023-04-08T12:05:00.111+0000] {logging_mixin.py:137} INFO - [2023-04-08T12:05:00.111+0000] {dagbag.py:532} INFO - Filling up the DagBag from /home/airflow/.local/lib/python3.7/site-packages/airflow/example_dags/tutorial.py
[2023-04-08T12:05:00.131+0000] {processor.py:753} INFO - DAG(s) dict_keys(['tutorial']) retrieved from /home/airflow/.local/lib/python3.7/site-packages/airflow/example_dags/tutorial.py
[2023-04-08T12:05:00.168+0000] {logging_mixin.py:137} INFO - [2023-04-08T12:05:00.168+0000] {dag.py:2705} INFO - Sync 1 DAGs
[2023-04-08T12:05:00.208+0000] {logging_mixin.py:137} INFO - [2023-04-08T12:05:00.208+0000] {dag.py:3456} INFO - Setting next_dagrun for tutorial to 2023-04-07T12:05:00.207718+00:00, run_after=2023-04-08T12:05:00.207718+00:00
[2023-04-08T12:05:00.232+0000] {processor.py:175} INFO - Processing /home/airflow/.local/lib/python3.7/site-packages/airflow/example_dags/tutorial.py took 0.127 seconds
[2023-04-08T12:05:30.421+0000] {processor.py:153} INFO - Started process (PID=464) to work on /home/airflow/.local/lib/python3.7/site-packages/airflow/example_dags/tutorial.py
[2023-04-08T12:05:30.422+0000] {processor.py:743} INFO - Processing file /home/airflow/.local/lib/python3.7/site-packages/airflow/example_dags/tutorial.py for tasks to queue
[2023-04-08T12:05:30.423+0000] {logging_mixin.py:137} INFO - [2023-04-08T12:05:30.423+0000] {dagbag.py:532} INFO - Filling up the DagBag from /home/airflow/.local/lib/python3.7/site-packages/airflow/example_dags/tutorial.py
[2023-04-08T12:05:30.442+0000] {processor.py:753} INFO - DAG(s) dict_keys(['tutorial']) retrieved from /home/airflow/.local/lib/python3.7/site-packages/airflow/example_dags/tutorial.py
[2023-04-08T12:05:30.479+0000] {logging_mixin.py:137} INFO - [2023-04-08T12:05:30.479+0000] {dag.py:2705} INFO - Sync 1 DAGs
[2023-04-08T12:05:30.521+0000] {logging_mixin.py:137} INFO - [2023-04-08T12:05:30.521+0000] {dag.py:3456} INFO - Setting next_dagrun for tutorial to 2023-04-07T12:05:30.521306+00:00, run_after=2023-04-08T12:05:30.521306+00:00
[2023-04-08T12:05:30.547+0000] {processor.py:175} INFO - Processing /home/airflow/.local/lib/python3.7/site-packages/airflow/example_dags/tutorial.py took 0.131 seconds
[2023-04-08T12:06:00.624+0000] {processor.py:153} INFO - Started process (PID=514) to work on /home/airflow/.local/lib/python3.7/site-packages/airflow/example_dags/tutorial.py
[2023-04-08T12:06:00.625+0000] {processor.py:743} INFO - Processing file /home/airflow/.local/lib/python3.7/site-packages/airflow/example_dags/tutorial.py for tasks to queue
[2023-04-08T12:06:00.626+0000] {logging_mixin.py:137} INFO - [2023-04-08T12:06:00.625+0000] {dagbag.py:532} INFO - Filling up the DagBag from /home/airflow/.local/lib/python3.7/site-packages/airflow/example_dags/tutorial.py
[2023-04-08T12:06:00.645+0000] {processor.py:753} INFO - DAG(s) dict_keys(['tutorial']) retrieved from /home/airflow/.local/lib/python3.7/site-packages/airflow/example_dags/tutorial.py
[2023-04-08T12:06:00.682+0000] {logging_mixin.py:137} INFO - [2023-04-08T12:06:00.682+0000] {dag.py:2705} INFO - Sync 1 DAGs
[2023-04-08T12:06:00.723+0000] {logging_mixin.py:137} INFO - [2023-04-08T12:06:00.723+0000] {dag.py:3456} INFO - Setting next_dagrun for tutorial to 2023-04-07T12:06:00.722685+00:00, run_after=2023-04-08T12:06:00.722685+00:00
[2023-04-08T12:06:00.747+0000] {processor.py:175} INFO - Processing /home/airflow/.local/lib/python3.7/site-packages/airflow/example_dags/tutorial.py took 0.127 seconds
[2023-04-08T12:06:30.935+0000] {processor.py:153} INFO - Started process (PID=564) to work on /home/airflow/.local/lib/python3.7/site-packages/airflow/example_dags/tutorial.py
[2023-04-08T12:06:30.936+0000] {processor.py:743} INFO - Processing file /home/airflow/.local/lib/python3.7/site-packages/airflow/example_dags/tutorial.py for tasks to queue
[2023-04-08T12:06:30.936+0000] {logging_mixin.py:137} INFO - [2023-04-08T12:06:30.936+0000] {dagbag.py:532} INFO - Filling up the DagBag from /home/airflow/.local/lib/python3.7/site-packages/airflow/example_dags/tutorial.py
[2023-04-08T12:06:30.950+0000] {processor.py:753} INFO - DAG(s) dict_keys(['tutorial']) retrieved from /home/airflow/.local/lib/python3.7/site-packages/airflow/example_dags/tutorial.py
[2023-04-08T12:06:30.973+0000] {logging_mixin.py:137} INFO - [2023-04-08T12:06:30.973+0000] {dag.py:2705} INFO - Sync 1 DAGs
[2023-04-08T12:06:30.998+0000] {logging_mixin.py:137} INFO - [2023-04-08T12:06:30.998+0000] {dag.py:3456} INFO - Setting next_dagrun for tutorial to 2023-04-07T12:06:30.997904+00:00, run_after=2023-04-08T12:06:30.997904+00:00
[2023-04-08T12:06:31.014+0000] {processor.py:175} INFO - Processing /home/airflow/.local/lib/python3.7/site-packages/airflow/example_dags/tutorial.py took 0.083 seconds
[2023-04-08T12:07:01.203+0000] {processor.py:153} INFO - Started process (PID=614) to work on /home/airflow/.local/lib/python3.7/site-packages/airflow/example_dags/tutorial.py
[2023-04-08T12:07:01.204+0000] {processor.py:743} INFO - Processing file /home/airflow/.local/lib/python3.7/site-packages/airflow/example_dags/tutorial.py for tasks to queue
[2023-04-08T12:07:01.205+0000] {logging_mixin.py:137} INFO - [2023-04-08T12:07:01.205+0000] {dagbag.py:532} INFO - Filling up the DagBag from /home/airflow/.local/lib/python3.7/site-packages/airflow/example_dags/tutorial.py
[2023-04-08T12:07:01.224+0000] {processor.py:753} INFO - DAG(s) dict_keys(['tutorial']) retrieved from /home/airflow/.local/lib/python3.7/site-packages/airflow/example_dags/tutorial.py
[2023-04-08T12:07:01.259+0000] {logging_mixin.py:137} INFO - [2023-04-08T12:07:01.258+0000] {dag.py:2705} INFO - Sync 1 DAGs
[2023-04-08T12:07:01.300+0000] {logging_mixin.py:137} INFO - [2023-04-08T12:07:01.300+0000] {dag.py:3456} INFO - Setting next_dagrun for tutorial to 2023-04-07T12:07:01.299907+00:00, run_after=2023-04-08T12:07:01.299907+00:00
[2023-04-08T12:07:01.324+0000] {processor.py:175} INFO - Processing /home/airflow/.local/lib/python3.7/site-packages/airflow/example_dags/tutorial.py took 0.125 seconds
[2023-04-08T12:07:31.985+0000] {processor.py:153} INFO - Started process (PID=663) to work on /home/airflow/.local/lib/python3.7/site-packages/airflow/example_dags/tutorial.py
[2023-04-08T12:07:31.986+0000] {processor.py:743} INFO - Processing file /home/airflow/.local/lib/python3.7/site-packages/airflow/example_dags/tutorial.py for tasks to queue
[2023-04-08T12:07:31.986+0000] {logging_mixin.py:137} INFO - [2023-04-08T12:07:31.986+0000] {dagbag.py:532} INFO - Filling up the DagBag from /home/airflow/.local/lib/python3.7/site-packages/airflow/example_dags/tutorial.py
[2023-04-08T12:07:31.999+0000] {processor.py:753} INFO - DAG(s) dict_keys(['tutorial']) retrieved from /home/airflow/.local/lib/python3.7/site-packages/airflow/example_dags/tutorial.py
[2023-04-08T12:07:32.023+0000] {logging_mixin.py:137} INFO - [2023-04-08T12:07:32.023+0000] {dag.py:2705} INFO - Sync 1 DAGs
[2023-04-08T12:07:32.048+0000] {logging_mixin.py:137} INFO - [2023-04-08T12:07:32.048+0000] {dag.py:3456} INFO - Setting next_dagrun for tutorial to 2023-04-07T12:07:32.048538+00:00, run_after=2023-04-08T12:07:32.048538+00:00
[2023-04-08T12:07:32.065+0000] {processor.py:175} INFO - Processing /home/airflow/.local/lib/python3.7/site-packages/airflow/example_dags/tutorial.py took 0.083 seconds
[2023-04-08T12:08:02.442+0000] {processor.py:153} INFO - Started process (PID=713) to work on /home/airflow/.local/lib/python3.7/site-packages/airflow/example_dags/tutorial.py
[2023-04-08T12:08:02.443+0000] {processor.py:743} INFO - Processing file /home/airflow/.local/lib/python3.7/site-packages/airflow/example_dags/tutorial.py for tasks to queue
[2023-04-08T12:08:02.444+0000] {logging_mixin.py:137} INFO - [2023-04-08T12:08:02.444+0000] {dagbag.py:532} INFO - Filling up the DagBag from /home/airflow/.local/lib/python3.7/site-packages/airflow/example_dags/tutorial.py
[2023-04-08T12:08:02.466+0000] {processor.py:753} INFO - DAG(s) dict_keys(['tutorial']) retrieved from /home/airflow/.local/lib/python3.7/site-packages/airflow/example_dags/tutorial.py
[2023-04-08T12:08:02.515+0000] {logging_mixin.py:137} INFO - [2023-04-08T12:08:02.515+0000] {dag.py:2705} INFO - Sync 1 DAGs
[2023-04-08T12:08:02.558+0000] {logging_mixin.py:137} INFO - [2023-04-08T12:08:02.558+0000] {dag.py:3456} INFO - Setting next_dagrun for tutorial to 2023-04-07T12:08:02.557777+00:00, run_after=2023-04-08T12:08:02.557777+00:00
[2023-04-08T12:08:02.634+0000] {processor.py:175} INFO - Processing /home/airflow/.local/lib/python3.7/site-packages/airflow/example_dags/tutorial.py took 0.196 seconds
[2023-04-08T12:08:32.820+0000] {processor.py:153} INFO - Started process (PID=763) to work on /home/airflow/.local/lib/python3.7/site-packages/airflow/example_dags/tutorial.py
[2023-04-08T12:08:32.829+0000] {processor.py:743} INFO - Processing file /home/airflow/.local/lib/python3.7/site-packages/airflow/example_dags/tutorial.py for tasks to queue
[2023-04-08T12:08:32.830+0000] {logging_mixin.py:137} INFO - [2023-04-08T12:08:32.830+0000] {dagbag.py:532} INFO - Filling up the DagBag from /home/airflow/.local/lib/python3.7/site-packages/airflow/example_dags/tutorial.py
[2023-04-08T12:08:32.864+0000] {processor.py:753} INFO - DAG(s) dict_keys(['tutorial']) retrieved from /home/airflow/.local/lib/python3.7/site-packages/airflow/example_dags/tutorial.py
[2023-04-08T12:08:32.932+0000] {logging_mixin.py:137} INFO - [2023-04-08T12:08:32.932+0000] {dag.py:2705} INFO - Sync 1 DAGs
[2023-04-08T12:08:33.007+0000] {logging_mixin.py:137} INFO - [2023-04-08T12:08:33.007+0000] {dag.py:3456} INFO - Setting next_dagrun for tutorial to 2023-04-07T12:08:33.006922+00:00, run_after=2023-04-08T12:08:33.006922+00:00
[2023-04-08T12:08:33.049+0000] {processor.py:175} INFO - Processing /home/airflow/.local/lib/python3.7/site-packages/airflow/example_dags/tutorial.py took 0.233 seconds
[2023-04-08T12:09:03.319+0000] {processor.py:153} INFO - Started process (PID=814) to work on /home/airflow/.local/lib/python3.7/site-packages/airflow/example_dags/tutorial.py
[2023-04-08T12:09:03.320+0000] {processor.py:743} INFO - Processing file /home/airflow/.local/lib/python3.7/site-packages/airflow/example_dags/tutorial.py for tasks to queue
[2023-04-08T12:09:03.320+0000] {logging_mixin.py:137} INFO - [2023-04-08T12:09:03.320+0000] {dagbag.py:532} INFO - Filling up the DagBag from /home/airflow/.local/lib/python3.7/site-packages/airflow/example_dags/tutorial.py
[2023-04-08T12:09:03.334+0000] {processor.py:753} INFO - DAG(s) dict_keys(['tutorial']) retrieved from /home/airflow/.local/lib/python3.7/site-packages/airflow/example_dags/tutorial.py
[2023-04-08T12:09:03.358+0000] {logging_mixin.py:137} INFO - [2023-04-08T12:09:03.358+0000] {dag.py:2705} INFO - Sync 1 DAGs
[2023-04-08T12:09:03.395+0000] {logging_mixin.py:137} INFO - [2023-04-08T12:09:03.395+0000] {dag.py:3456} INFO - Setting next_dagrun for tutorial to 2023-04-07T12:09:03.395263+00:00, run_after=2023-04-08T12:09:03.395263+00:00
[2023-04-08T12:09:03.413+0000] {processor.py:175} INFO - Processing /home/airflow/.local/lib/python3.7/site-packages/airflow/example_dags/tutorial.py took 0.097 seconds
[2023-04-08T12:09:33.564+0000] {processor.py:153} INFO - Started process (PID=863) to work on /home/airflow/.local/lib/python3.7/site-packages/airflow/example_dags/tutorial.py
[2023-04-08T12:09:33.565+0000] {processor.py:743} INFO - Processing file /home/airflow/.local/lib/python3.7/site-packages/airflow/example_dags/tutorial.py for tasks to queue
[2023-04-08T12:09:33.566+0000] {logging_mixin.py:137} INFO - [2023-04-08T12:09:33.566+0000] {dagbag.py:532} INFO - Filling up the DagBag from /home/airflow/.local/lib/python3.7/site-packages/airflow/example_dags/tutorial.py
[2023-04-08T12:09:33.584+0000] {processor.py:753} INFO - DAG(s) dict_keys(['tutorial']) retrieved from /home/airflow/.local/lib/python3.7/site-packages/airflow/example_dags/tutorial.py
[2023-04-08T12:09:33.619+0000] {logging_mixin.py:137} INFO - [2023-04-08T12:09:33.618+0000] {dag.py:2705} INFO - Sync 1 DAGs
[2023-04-08T12:09:33.660+0000] {logging_mixin.py:137} INFO - [2023-04-08T12:09:33.659+0000] {dag.py:3456} INFO - Setting next_dagrun for tutorial to 2023-04-07T12:09:33.659593+00:00, run_after=2023-04-08T12:09:33.659593+00:00
[2023-04-08T12:09:33.683+0000] {processor.py:175} INFO - Processing /home/airflow/.local/lib/python3.7/site-packages/airflow/example_dags/tutorial.py took 0.124 seconds
[2023-04-08T12:10:04.204+0000] {processor.py:153} INFO - Started process (PID=913) to work on /home/airflow/.local/lib/python3.7/site-packages/airflow/example_dags/tutorial.py
[2023-04-08T12:10:04.204+0000] {processor.py:743} INFO - Processing file /home/airflow/.local/lib/python3.7/site-packages/airflow/example_dags/tutorial.py for tasks to queue
[2023-04-08T12:10:04.205+0000] {logging_mixin.py:137} INFO - [2023-04-08T12:10:04.205+0000] {dagbag.py:532} INFO - Filling up the DagBag from /home/airflow/.local/lib/python3.7/site-packages/airflow/example_dags/tutorial.py
[2023-04-08T12:10:04.218+0000] {processor.py:753} INFO - DAG(s) dict_keys(['tutorial']) retrieved from /home/airflow/.local/lib/python3.7/site-packages/airflow/example_dags/tutorial.py
[2023-04-08T12:10:04.244+0000] {logging_mixin.py:137} INFO - [2023-04-08T12:10:04.243+0000] {dag.py:2705} INFO - Sync 1 DAGs
[2023-04-08T12:10:04.269+0000] {logging_mixin.py:137} INFO - [2023-04-08T12:10:04.269+0000] {dag.py:3456} INFO - Setting next_dagrun for tutorial to 2023-04-07T12:10:04.269005+00:00, run_after=2023-04-08T12:10:04.269005+00:00
[2023-04-08T12:10:04.287+0000] {processor.py:175} INFO - Processing /home/airflow/.local/lib/python3.7/site-packages/airflow/example_dags/tutorial.py took 0.086 seconds
[2023-04-08T12:10:34.422+0000] {processor.py:153} INFO - Started process (PID=962) to work on /home/airflow/.local/lib/python3.7/site-packages/airflow/example_dags/tutorial.py
[2023-04-08T12:10:34.423+0000] {processor.py:743} INFO - Processing file /home/airflow/.local/lib/python3.7/site-packages/airflow/example_dags/tutorial.py for tasks to queue
[2023-04-08T12:10:34.424+0000] {logging_mixin.py:137} INFO - [2023-04-08T12:10:34.423+0000] {dagbag.py:532} INFO - Filling up the DagBag from /home/airflow/.local/lib/python3.7/site-packages/airflow/example_dags/tutorial.py
[2023-04-08T12:10:34.437+0000] {processor.py:753} INFO - DAG(s) dict_keys(['tutorial']) retrieved from /home/airflow/.local/lib/python3.7/site-packages/airflow/example_dags/tutorial.py
[2023-04-08T12:10:34.459+0000] {logging_mixin.py:137} INFO - [2023-04-08T12:10:34.459+0000] {dag.py:2705} INFO - Sync 1 DAGs
[2023-04-08T12:10:34.483+0000] {logging_mixin.py:137} INFO - [2023-04-08T12:10:34.483+0000] {dag.py:3456} INFO - Setting next_dagrun for tutorial to 2023-04-07T12:10:34.483385+00:00, run_after=2023-04-08T12:10:34.483385+00:00
[2023-04-08T12:10:34.500+0000] {processor.py:175} INFO - Processing /home/airflow/.local/lib/python3.7/site-packages/airflow/example_dags/tutorial.py took 0.082 seconds
