[2023-04-29T03:41:32.851+0000] {taskinstance.py:1090} INFO - Dependencies all met for dep_context=non-requeueable deps ti=<TaskInstance: spark-example.sql_job scheduled__2023-04-28T00:00:00+00:00 [queued]>
[2023-04-29T03:41:32.861+0000] {taskinstance.py:1090} INFO - Dependencies all met for dep_context=requeueable deps ti=<TaskInstance: spark-example.sql_job scheduled__2023-04-28T00:00:00+00:00 [queued]>
[2023-04-29T03:41:32.861+0000] {taskinstance.py:1288} INFO - 
--------------------------------------------------------------------------------
[2023-04-29T03:41:32.861+0000] {taskinstance.py:1289} INFO - Starting attempt 1 of 1
[2023-04-29T03:41:32.862+0000] {taskinstance.py:1290} INFO - 
--------------------------------------------------------------------------------
[2023-04-29T03:41:32.880+0000] {taskinstance.py:1309} INFO - Executing <Task(SparkSqlOperator): sql_job> on 2023-04-28 00:00:00+00:00
[2023-04-29T03:41:32.886+0000] {standard_task_runner.py:55} INFO - Started process 75 to run task
[2023-04-29T03:41:32.895+0000] {standard_task_runner.py:82} INFO - Running: ['***', 'tasks', 'run', 'spark-example', 'sql_job', 'scheduled__2023-04-28T00:00:00+00:00', '--job-id', '31', '--raw', '--subdir', 'DAGS_FOLDER/spark-example.py', '--cfg-path', '/tmp/tmpl_4ehhge']
[2023-04-29T03:41:32.898+0000] {standard_task_runner.py:83} INFO - Job 31: Subtask sql_job
[2023-04-29T03:41:32.963+0000] {task_command.py:389} INFO - Running <TaskInstance: spark-example.sql_job scheduled__2023-04-28T00:00:00+00:00 [running]> on host e7d036b7a150
[2023-04-29T03:41:33.147+0000] {taskinstance.py:1518} INFO - Exporting the following env vars:
AIRFLOW_CTX_DAG_OWNER=***
AIRFLOW_CTX_DAG_ID=spark-example
AIRFLOW_CTX_TASK_ID=sql_job
AIRFLOW_CTX_EXECUTION_DATE=2023-04-28T00:00:00+00:00
AIRFLOW_CTX_TRY_NUMBER=1
AIRFLOW_CTX_DAG_RUN_ID=scheduled__2023-04-28T00:00:00+00:00
[2023-04-29T03:41:33.305+0000] {spark_sql.py:177} INFO - /home/***/.local/lib/python3.7/site-packages/pyspark/bin/load-spark-env.sh: line 68: ps: command not found

[2023-04-29T03:41:35.464+0000] {spark_sql.py:177} INFO - Using properties file: null

[2023-04-29T03:41:35.633+0000] {spark_sql.py:177} INFO - Parsed arguments:

[2023-04-29T03:41:35.633+0000] {spark_sql.py:177} INFO -   master                  local

[2023-04-29T03:41:35.634+0000] {spark_sql.py:177} INFO -   remote                  null

[2023-04-29T03:41:35.634+0000] {spark_sql.py:177} INFO -   deployMode              null

[2023-04-29T03:41:35.634+0000] {spark_sql.py:177} INFO -   executorMemory          null

[2023-04-29T03:41:35.634+0000] {spark_sql.py:177} INFO -   executorCores           null

[2023-04-29T03:41:35.634+0000] {spark_sql.py:177} INFO -   totalExecutorCores      null

[2023-04-29T03:41:35.634+0000] {spark_sql.py:177} INFO -   propertiesFile          null

[2023-04-29T03:41:35.634+0000] {spark_sql.py:177} INFO -   driverMemory            null

[2023-04-29T03:41:35.635+0000] {spark_sql.py:177} INFO -   driverCores             null

[2023-04-29T03:41:35.635+0000] {spark_sql.py:177} INFO -   driverExtraClassPath    null

[2023-04-29T03:41:35.635+0000] {spark_sql.py:177} INFO -   driverExtraLibraryPath  null

[2023-04-29T03:41:35.635+0000] {spark_sql.py:177} INFO -   driverExtraJavaOptions  null

[2023-04-29T03:41:35.635+0000] {spark_sql.py:177} INFO -   supervise               false

[2023-04-29T03:41:35.635+0000] {spark_sql.py:177} INFO -   queue                   default

[2023-04-29T03:41:35.635+0000] {spark_sql.py:177} INFO -   numExecutors            null

[2023-04-29T03:41:35.635+0000] {spark_sql.py:177} INFO -   files                   null

[2023-04-29T03:41:35.636+0000] {spark_sql.py:177} INFO -   pyFiles                 null

[2023-04-29T03:41:35.636+0000] {spark_sql.py:177} INFO -   archives                null

[2023-04-29T03:41:35.636+0000] {spark_sql.py:177} INFO -   mainClass               org.apache.spark.sql.hive.thriftserver.SparkSQLCLIDriver

[2023-04-29T03:41:35.636+0000] {spark_sql.py:177} INFO -   primaryResource         spark-internal

[2023-04-29T03:41:35.636+0000] {spark_sql.py:177} INFO -   name                    default-name

[2023-04-29T03:41:35.636+0000] {spark_sql.py:177} INFO -   childArgs               [-e select 1+1]

[2023-04-29T03:41:35.636+0000] {spark_sql.py:177} INFO -   jars                    null

[2023-04-29T03:41:35.636+0000] {spark_sql.py:177} INFO -   packages                null

[2023-04-29T03:41:35.637+0000] {spark_sql.py:177} INFO -   packagesExclusions      null

[2023-04-29T03:41:35.637+0000] {spark_sql.py:177} INFO -   repositories            null

[2023-04-29T03:41:35.637+0000] {spark_sql.py:177} INFO -   verbose                 true

[2023-04-29T03:41:35.637+0000] {spark_sql.py:177} INFO - 

[2023-04-29T03:41:35.637+0000] {spark_sql.py:177} INFO - Spark properties used, including those specified through

[2023-04-29T03:41:35.637+0000] {spark_sql.py:177} INFO -  --conf and those from the properties file null:

[2023-04-29T03:41:35.637+0000] {spark_sql.py:177} INFO -   

[2023-04-29T03:41:35.637+0000] {spark_sql.py:177} INFO - 

[2023-04-29T03:41:35.638+0000] {spark_sql.py:177} INFO -     

[2023-04-29T03:41:36.064+0000] {spark_sql.py:177} INFO - Main class:

[2023-04-29T03:41:36.065+0000] {spark_sql.py:177} INFO - org.apache.spark.sql.hive.thriftserver.SparkSQLCLIDriver

[2023-04-29T03:41:36.065+0000] {spark_sql.py:177} INFO - Arguments:

[2023-04-29T03:41:36.066+0000] {spark_sql.py:177} INFO - -e

[2023-04-29T03:41:36.066+0000] {spark_sql.py:177} INFO - select 1+1

[2023-04-29T03:41:36.066+0000] {spark_sql.py:177} INFO - --verbose

[2023-04-29T03:41:36.071+0000] {spark_sql.py:177} INFO - Spark config:

[2023-04-29T03:41:36.072+0000] {spark_sql.py:177} INFO - (spark.app.name,default-name)

[2023-04-29T03:41:36.072+0000] {spark_sql.py:177} INFO - (spark.app.submitTime,1682739696034)

[2023-04-29T03:41:36.072+0000] {spark_sql.py:177} INFO - (spark.jars,)

[2023-04-29T03:41:36.072+0000] {spark_sql.py:177} INFO - (spark.master,local)

[2023-04-29T03:41:36.072+0000] {spark_sql.py:177} INFO - (spark.submit.deployMode,client)

[2023-04-29T03:41:36.072+0000] {spark_sql.py:177} INFO - (spark.submit.pyFiles,)

[2023-04-29T03:41:36.073+0000] {spark_sql.py:177} INFO - Classpath elements:

[2023-04-29T03:41:36.073+0000] {spark_sql.py:177} INFO - 

[2023-04-29T03:41:36.074+0000] {spark_sql.py:177} INFO - 

[2023-04-29T03:41:36.074+0000] {spark_sql.py:177} INFO - 

[2023-04-29T03:41:36.112+0000] {spark_sql.py:177} INFO - Setting default log level to "WARN".

[2023-04-29T03:41:36.113+0000] {spark_sql.py:177} INFO - To adjust logging level use sc.setLogLevel(newLevel). For SparkR, use setLogLevel(newLevel).

[2023-04-29T03:41:36.238+0000] {spark_sql.py:177} INFO - 23/04/29 03:41:36 WARN NativeCodeLoader: Unable to load native-hadoop library for your platform... using builtin-java classes where applicable

[2023-04-29T03:41:40.122+0000] {spark_sql.py:177} INFO - 23/04/29 03:41:40 WARN HiveConf: HiveConf of name hive.stats.jdbc.timeout does not exist

[2023-04-29T03:41:40.123+0000] {spark_sql.py:177} INFO - 23/04/29 03:41:40 WARN HiveConf: HiveConf of name hive.stats.retries.wait does not exist

[2023-04-29T03:41:45.963+0000] {spark_sql.py:177} INFO - 23/04/29 03:41:45 WARN ObjectStore: Version information not found in metastore. hive.metastore.schema.verification is not enabled so recording the schema version 2.3.0

[2023-04-29T03:41:45.964+0000] {spark_sql.py:177} INFO - 23/04/29 03:41:45 WARN ObjectStore: setMetaStoreSchemaVersion called but recording version is disabled: version = 2.3.0, comment = Set by MetaStore UNKNOWN@172.18.0.4

[2023-04-29T03:41:46.037+0000] {spark_sql.py:177} INFO - 23/04/29 03:41:46 WARN ObjectStore: Failed to get database default, returning NoSuchObjectException

[2023-04-29T03:41:46.548+0000] {spark_sql.py:177} INFO - Spark master: local, Application Id: local-1682739698211

[2023-04-29T03:41:46.582+0000] {spark_sql.py:177} INFO - select 1+1

[2023-04-29T03:41:54.057+0000] {spark_sql.py:177} INFO - 2

[2023-04-29T03:41:54.058+0000] {spark_sql.py:177} INFO - Time taken: 7.454 seconds, Fetched 1 row(s)

[2023-04-29T03:41:55.034+0000] {taskinstance.py:1332} INFO - Marking task as SUCCESS. dag_id=spark-example, task_id=sql_job, execution_date=20230428T000000, start_date=20230429T034132, end_date=20230429T034155
[2023-04-29T03:41:55.128+0000] {local_task_job.py:212} INFO - Task exited with return code 0
[2023-04-29T03:41:55.244+0000] {taskinstance.py:2596} INFO - 0 downstream tasks scheduled from follow-on schedule check
